#
# There is insufficient memory for the Java Runtime Environment to continue.
# Native memory allocation (malloc) failed to allocate 66192 bytes for Chunk::new
# Possible reasons:
#   The system is out of physical RAM or swap space
#   The process is running with CompressedOops enabled, and the Java Heap may be blocking the growth of the native heap
# Possible solutions:
#   Reduce memory load on the system
#   Increase physical memory or swap space
#   Check if swap backing store is full
#   Decrease Java heap size (-Xmx/-Xms)
#   Decrease number of Java threads
#   Decrease Java thread stack sizes (-Xss)
#   Set larger code cache with -XX:ReservedCodeCacheSize=
#   JVM is running with Unscaled Compressed Oops mode in which the Java heap is
#     placed in the first 4GB address space. The Java Heap base address is the
#     maximum limit for the native heap growth. Please use -XX:HeapBaseMinAddress
#     to set the Java Heap base and to place the Java Heap above 4GB virtual address.
# This output file may be truncated or incomplete.
#
#  Out of Memory Error (arena.cpp:184), pid=32000, tid=11800
#
# JRE version: Java(TM) SE Runtime Environment (19.0+36) (build 19+36-2238)
# Java VM: Java HotSpot(TM) 64-Bit Server VM (19+36-2238, mixed mode, sharing, tiered, compressed oops, compressed class ptrs, g1 gc, windows-amd64)
# No core dump will be written. Minidumps are not enabled by default on client versions of Windows
#

---------------  S U M M A R Y ------------

Command Line: -Dclassworlds.conf=C:\Users\User\Desktop\NETBEAN\NetBeans-15\netbeans\java\maven\bin\m2.conf -Dmaven.home=C:\Users\User\Desktop\NETBEAN\NetBeans-15\netbeans\java\maven -Dlibrary.jansi.path=C:\Users\User\Desktop\NETBEAN\NetBeans-15\netbeans\java\maven\lib\jansi-native -Dmaven.multiModuleProjectDirectory=C:\Users\User\Desktop\NETBEAN\WallStreetWarriors org.codehaus.plexus.classworlds.launcher.Launcher -Dmaven.ext.class.path=C:\Users\User\Desktop\NETBEAN\NetBeans-15\netbeans\java\maven-nblib\netbeans-eventspy.jar install

Host: Intel(R) Core(TM) i5-10300H CPU @ 2.50GHz, 8 cores, 7G,  Windows 11 , 64 bit Build 22000 (10.0.22000.1880)
Time: Mon Jun 12 20:45:31 2023 Malay Peninsula Standard Time elapsed time: 227.478340 seconds (0d 0h 3m 47s)

---------------  T H R E A D  ---------------

Current thread (0x000002917f0ff880):  JavaThread "C2 CompilerThread0" daemon [_thread_in_native, id=11800, stack(0x000000f5d0800000,0x000000f5d0900000)]


Current CompileTask:
C2: 227478 3908       4       com.google.inject.internal.InjectorImpl::enterContext (65 bytes)

Stack: [0x000000f5d0800000,0x000000f5d0900000]
Native frames: (J=compiled Java code, j=interpreted, Vv=VM code, C=native code)
V  [jvm.dll+0x6ee8fa]
V  [jvm.dll+0x857a1e]
V  [jvm.dll+0x85940e]
V  [jvm.dll+0x859ac3]
V  [jvm.dll+0x28291f]
V  [jvm.dll+0xc9b5f]
V  [jvm.dll+0xc9ee5]
V  [jvm.dll+0x3bcbac]
V  [jvm.dll+0x1eddb4]
V  [jvm.dll+0x24c41b]
V  [jvm.dll+0x24b671]
V  [jvm.dll+0x1d6d61]
V  [jvm.dll+0x25b0fa]
V  [jvm.dll+0x259588]
V  [jvm.dll+0x807928]
V  [jvm.dll+0x8015fa]
V  [jvm.dll+0x6ed5eb]
C  [ucrtbase.dll+0x26c0c]
C  [KERNEL32.DLL+0x155a0]
C  [ntdll.dll+0x485b]


---------------  P R O C E S S  ---------------

Threads class SMR info:
_java_thread_list=0x00000291190b16c0, length=12, elements={
0x00000291738cdcd0, 0x000002917f0f72d0, 0x000002917f0f7fa0, 0x000002917f0fb080,
0x000002917f0fb9b0, 0x000002917f0fe2f0, 0x000002917f0fec20, 0x000002917f0ff880,
0x000002917f155a70, 0x000002917f158a20, 0x00000291190d1ba0, 0x00000291190da710
}

Java Threads: ( => current thread )
  0x00000291738cdcd0 JavaThread "main" [_thread_in_Java, id=32068, stack(0x000000f5cfb00000,0x000000f5cfc00000)]
  0x000002917f0f72d0 JavaThread "Reference Handler" daemon [_thread_blocked, id=31404, stack(0x000000f5d0200000,0x000000f5d0300000)]
  0x000002917f0f7fa0 JavaThread "Finalizer" daemon [_thread_blocked, id=31424, stack(0x000000f5d0300000,0x000000f5d0400000)]
  0x000002917f0fb080 JavaThread "Signal Dispatcher" daemon [_thread_blocked, id=30816, stack(0x000000f5d0400000,0x000000f5d0500000)]
  0x000002917f0fb9b0 JavaThread "Attach Listener" daemon [_thread_blocked, id=24052, stack(0x000000f5d0500000,0x000000f5d0600000)]
  0x000002917f0fe2f0 JavaThread "Service Thread" daemon [_thread_blocked, id=12112, stack(0x000000f5d0600000,0x000000f5d0700000)]
  0x000002917f0fec20 JavaThread "Monitor Deflation Thread" daemon [_thread_blocked, id=27004, stack(0x000000f5d0700000,0x000000f5d0800000)]
=>0x000002917f0ff880 JavaThread "C2 CompilerThread0" daemon [_thread_in_native, id=11800, stack(0x000000f5d0800000,0x000000f5d0900000)]
  0x000002917f155a70 JavaThread "C1 CompilerThread0" daemon [_thread_blocked, id=28252, stack(0x000000f5d0900000,0x000000f5d0a00000)]
  0x000002917f158a20 JavaThread "Sweeper thread" daemon [_thread_blocked, id=2052, stack(0x000000f5d0a00000,0x000000f5d0b00000)]
  0x00000291190d1ba0 JavaThread "Notification Thread" daemon [_thread_blocked, id=25084, stack(0x000000f5d0b00000,0x000000f5d0c00000)]
  0x00000291190da710 JavaThread "Common-Cleaner" daemon [_thread_blocked, id=20120, stack(0x000000f5d0d00000,0x000000f5d0e00000)]

Other Threads:
  0x000002917f0d8ab0 VMThread "VM Thread" [stack: 0x000000f5d0100000,0x000000f5d0200000] [id=32160]
  0x00000291190d6100 WatcherThread "VM Periodic Task Thread" [stack: 0x000000f5d0c00000,0x000000f5d0d00000] [id=31568]
  0x000002917392dc70 WorkerThread "GC Thread#0" [stack: 0x000000f5cfc00000,0x000000f5cfd00000] [id=32072]
  0x0000029119b0bc20 WorkerThread "GC Thread#1" [stack: 0x000000f5d0e00000,0x000000f5d0f00000] [id=33544]
  0x0000029119b0c760 WorkerThread "GC Thread#2" [stack: 0x000000f5d0f00000,0x000000f5d1000000] [id=33588]
  0x0000029119b0c490 WorkerThread "GC Thread#3" [stack: 0x000000f5d1000000,0x000000f5d1100000] [id=32080]
  0x0000029119b0c1c0 WorkerThread "GC Thread#4" [stack: 0x000000f5d1100000,0x000000f5d1200000] [id=21200]
  0x0000029119b0ca30 WorkerThread "GC Thread#5" [stack: 0x000000f5d1200000,0x000000f5d1300000] [id=25868]
  0x0000029119b0cd00 WorkerThread "GC Thread#6" [stack: 0x000000f5d1300000,0x000000f5d1400000] [id=32132]
  0x0000029119b0d840 WorkerThread "GC Thread#7" [stack: 0x000000f5d1400000,0x000000f5d1500000] [id=30796]
  0x000002917393e6d0 ConcurrentGCThread "G1 Main Marker" [stack: 0x000000f5cfd00000,0x000000f5cfe00000] [id=32076]
  0x000002917393f100 WorkerThread "G1 Conc#0" [stack: 0x000000f5cfe00000,0x000000f5cff00000] [id=32084]
  0x000002917399d520 ConcurrentGCThread "G1 Refine#0" [stack: 0x000000f5cff00000,0x000000f5d0000000] [id=32152]
  0x000002917399e060 ConcurrentGCThread "G1 Service" [stack: 0x000000f5d0000000,0x000000f5d0100000] [id=32156]

Threads with active compile tasks:
C2 CompilerThread0   229266 3908       4       com.google.inject.internal.InjectorImpl::enterContext (65 bytes)

VM state: not at safepoint (normal execution)

VM Mutex/Monitor currently owned by a thread: None

Heap address: 0x0000000082800000, size: 2008 MB, Compressed Oops mode: 32-bit

CDS archive(s) mapped at: [0x0000000800000000-0x0000000800c40000-0x0000000800c40000), size 12845056, SharedBaseAddress: 0x0000000800000000, ArchiveRelocationMode: 0.
Compressed class space mapped at: 0x0000000801000000-0x0000000841000000, reserved size: 1073741824
Narrow klass base: 0x0000000800000000, Narrow klass shift: 0, Narrow klass range: 0x100000000

GC Precious Log:
 CardTable entry size: 512
 Card Set container configuration: InlinePtr #cards 5 size 8 Array Of Cards #cards 12 size 40 Howl #buckets 4 coarsen threshold 1843 Howl Bitmap #cards 512 size 80 coarsen threshold 460 Card regions per heap region 1 cards per card region 2048
 CPUs: 8 total, 8 available
 Memory: 8029M
 Large Page Support: Disabled
 NUMA Support: Disabled
 Compressed Oops: Enabled (32-bit)
 Heap Region Size: 1M
 Heap Min Capacity: 8M
 Heap Initial Capacity: 126M
 Heap Max Capacity: 2008M
 Pre-touch: Disabled
 Parallel Workers: 8
 Concurrent Workers: 2
 Concurrent Refinement Workers: 8
 Periodic GC: Disabled

Heap:
 garbage-first heap   total 129024K, used 26839K [0x0000000082800000, 0x0000000100000000)
  region size 1024K, 16 young (16384K), 1 survivors (1024K)
 Metaspace       used 14111K, committed 14400K, reserved 1114112K
  class space    used 1511K, committed 1664K, reserved 1048576K

Heap Regions: E=young(eden), S=young(survivor), O=old, HS=humongous(starts), HC=humongous(continues), CS=collection set, F=free, OA=open archive, CA=closed archive, TAMS=top-at-mark-start (previous, next)
|   0|0x0000000082800000, 0x0000000082900000, 0x0000000082900000|100%| O|  |TAMS 0x0000000082800000, 0x0000000082800000| Untracked 
|   1|0x0000000082900000, 0x0000000082a00000, 0x0000000082a00000|100%| O|  |TAMS 0x0000000082900000, 0x0000000082900000| Untracked 
|   2|0x0000000082a00000, 0x0000000082b00000, 0x0000000082b00000|100%| O|  |TAMS 0x0000000082a00000, 0x0000000082a00000| Untracked 
|   3|0x0000000082b00000, 0x0000000082c00000, 0x0000000082c00000|100%| O|  |TAMS 0x0000000082b00000, 0x0000000082b00000| Untracked 
|   4|0x0000000082c00000, 0x0000000082d00000, 0x0000000082d00000|100%| O|  |TAMS 0x0000000082c00000, 0x0000000082c00000| Untracked 
|   5|0x0000000082d00000, 0x0000000082e00000, 0x0000000082e00000|100%| O|  |TAMS 0x0000000082d00000, 0x0000000082d00000| Untracked 
|   6|0x0000000082e00000, 0x0000000082f00000, 0x0000000082f00000|100%| O|  |TAMS 0x0000000082e00000, 0x0000000082e00000| Untracked 
|   7|0x0000000082f00000, 0x0000000083000000, 0x0000000083000000|100%| O|  |TAMS 0x0000000082f00000, 0x0000000082f00000| Untracked 
|   8|0x0000000083000000, 0x0000000083100000, 0x0000000083100000|100%| O|  |TAMS 0x0000000083000000, 0x0000000083000000| Untracked 
|   9|0x0000000083100000, 0x0000000083200000, 0x0000000083200000|100%| O|  |TAMS 0x0000000083100000, 0x0000000083100000| Untracked 
|  10|0x0000000083200000, 0x0000000083300000, 0x0000000083300000|100%| O|  |TAMS 0x0000000083200000, 0x0000000083200000| Untracked 
|  11|0x0000000083300000, 0x0000000083400000, 0x0000000083400000|100%| O|  |TAMS 0x0000000083300000, 0x0000000083300000| Untracked 
|  12|0x0000000083400000, 0x00000000834b1c00, 0x0000000083500000| 69%| O|  |TAMS 0x0000000083400000, 0x0000000083400000| Untracked 
|  13|0x0000000083500000, 0x0000000083500000, 0x0000000083600000|  0%| F|  |TAMS 0x0000000083500000, 0x0000000083500000| Untracked 
|  14|0x0000000083600000, 0x0000000083600000, 0x0000000083700000|  0%| F|  |TAMS 0x0000000083600000, 0x0000000083600000| Untracked 
|  15|0x0000000083700000, 0x0000000083700000, 0x0000000083800000|  0%| F|  |TAMS 0x0000000083700000, 0x0000000083700000| Untracked 
|  16|0x0000000083800000, 0x0000000083800000, 0x0000000083900000|  0%| F|  |TAMS 0x0000000083800000, 0x0000000083800000| Untracked 
|  17|0x0000000083900000, 0x0000000083900000, 0x0000000083a00000|  0%| F|  |TAMS 0x0000000083900000, 0x0000000083900000| Untracked 
|  18|0x0000000083a00000, 0x0000000083a00000, 0x0000000083b00000|  0%| F|  |TAMS 0x0000000083a00000, 0x0000000083a00000| Untracked 
|  19|0x0000000083b00000, 0x0000000083b00000, 0x0000000083c00000|  0%| F|  |TAMS 0x0000000083b00000, 0x0000000083b00000| Untracked 
|  20|0x0000000083c00000, 0x0000000083c00000, 0x0000000083d00000|  0%| F|  |TAMS 0x0000000083c00000, 0x0000000083c00000| Untracked 
|  21|0x0000000083d00000, 0x0000000083d00000, 0x0000000083e00000|  0%| F|  |TAMS 0x0000000083d00000, 0x0000000083d00000| Untracked 
|  22|0x0000000083e00000, 0x0000000083e00000, 0x0000000083f00000|  0%| F|  |TAMS 0x0000000083e00000, 0x0000000083e00000| Untracked 
|  23|0x0000000083f00000, 0x0000000083f00000, 0x0000000084000000|  0%| F|  |TAMS 0x0000000083f00000, 0x0000000083f00000| Untracked 
|  24|0x0000000084000000, 0x0000000084000000, 0x0000000084100000|  0%| F|  |TAMS 0x0000000084000000, 0x0000000084000000| Untracked 
|  25|0x0000000084100000, 0x0000000084100000, 0x0000000084200000|  0%| F|  |TAMS 0x0000000084100000, 0x0000000084100000| Untracked 
|  26|0x0000000084200000, 0x0000000084200000, 0x0000000084300000|  0%| F|  |TAMS 0x0000000084200000, 0x0000000084200000| Untracked 
|  27|0x0000000084300000, 0x0000000084300000, 0x0000000084400000|  0%| F|  |TAMS 0x0000000084300000, 0x0000000084300000| Untracked 
|  28|0x0000000084400000, 0x0000000084400000, 0x0000000084500000|  0%| F|  |TAMS 0x0000000084400000, 0x0000000084400000| Untracked 
|  29|0x0000000084500000, 0x0000000084500000, 0x0000000084600000|  0%| F|  |TAMS 0x0000000084500000, 0x0000000084500000| Untracked 
|  30|0x0000000084600000, 0x0000000084600000, 0x0000000084700000|  0%| F|  |TAMS 0x0000000084600000, 0x0000000084600000| Untracked 
|  31|0x0000000084700000, 0x0000000084700000, 0x0000000084800000|  0%| F|  |TAMS 0x0000000084700000, 0x0000000084700000| Untracked 
|  32|0x0000000084800000, 0x0000000084800000, 0x0000000084900000|  0%| F|  |TAMS 0x0000000084800000, 0x0000000084800000| Untracked 
|  33|0x0000000084900000, 0x0000000084900000, 0x0000000084a00000|  0%| F|  |TAMS 0x0000000084900000, 0x0000000084900000| Untracked 
|  34|0x0000000084a00000, 0x0000000084a00000, 0x0000000084b00000|  0%| F|  |TAMS 0x0000000084a00000, 0x0000000084a00000| Untracked 
|  35|0x0000000084b00000, 0x0000000084b00000, 0x0000000084c00000|  0%| F|  |TAMS 0x0000000084b00000, 0x0000000084b00000| Untracked 
|  36|0x0000000084c00000, 0x0000000084c00000, 0x0000000084d00000|  0%| F|  |TAMS 0x0000000084c00000, 0x0000000084c00000| Untracked 
|  37|0x0000000084d00000, 0x0000000084d00000, 0x0000000084e00000|  0%| F|  |TAMS 0x0000000084d00000, 0x0000000084d00000| Untracked 
|  38|0x0000000084e00000, 0x0000000084e00000, 0x0000000084f00000|  0%| F|  |TAMS 0x0000000084e00000, 0x0000000084e00000| Untracked 
|  39|0x0000000084f00000, 0x0000000084f00000, 0x0000000085000000|  0%| F|  |TAMS 0x0000000084f00000, 0x0000000084f00000| Untracked 
|  40|0x0000000085000000, 0x0000000085000000, 0x0000000085100000|  0%| F|  |TAMS 0x0000000085000000, 0x0000000085000000| Untracked 
|  41|0x0000000085100000, 0x0000000085100000, 0x0000000085200000|  0%| F|  |TAMS 0x0000000085100000, 0x0000000085100000| Untracked 
|  42|0x0000000085200000, 0x0000000085200000, 0x0000000085300000|  0%| F|  |TAMS 0x0000000085200000, 0x0000000085200000| Untracked 
|  43|0x0000000085300000, 0x0000000085300000, 0x0000000085400000|  0%| F|  |TAMS 0x0000000085300000, 0x0000000085300000| Untracked 
|  44|0x0000000085400000, 0x0000000085400000, 0x0000000085500000|  0%| F|  |TAMS 0x0000000085400000, 0x0000000085400000| Untracked 
|  45|0x0000000085500000, 0x0000000085500000, 0x0000000085600000|  0%| F|  |TAMS 0x0000000085500000, 0x0000000085500000| Untracked 
|  46|0x0000000085600000, 0x0000000085600000, 0x0000000085700000|  0%| F|  |TAMS 0x0000000085600000, 0x0000000085600000| Untracked 
|  47|0x0000000085700000, 0x0000000085700000, 0x0000000085800000|  0%| F|  |TAMS 0x0000000085700000, 0x0000000085700000| Untracked 
|  48|0x0000000085800000, 0x0000000085800000, 0x0000000085900000|  0%| F|  |TAMS 0x0000000085800000, 0x0000000085800000| Untracked 
|  49|0x0000000085900000, 0x0000000085900000, 0x0000000085a00000|  0%| F|  |TAMS 0x0000000085900000, 0x0000000085900000| Untracked 
|  50|0x0000000085a00000, 0x0000000085a00000, 0x0000000085b00000|  0%| F|  |TAMS 0x0000000085a00000, 0x0000000085a00000| Untracked 
|  51|0x0000000085b00000, 0x0000000085b00000, 0x0000000085c00000|  0%| F|  |TAMS 0x0000000085b00000, 0x0000000085b00000| Untracked 
|  52|0x0000000085c00000, 0x0000000085c00000, 0x0000000085d00000|  0%| F|  |TAMS 0x0000000085c00000, 0x0000000085c00000| Untracked 
|  53|0x0000000085d00000, 0x0000000085d00000, 0x0000000085e00000|  0%| F|  |TAMS 0x0000000085d00000, 0x0000000085d00000| Untracked 
|  54|0x0000000085e00000, 0x0000000085e00000, 0x0000000085f00000|  0%| F|  |TAMS 0x0000000085e00000, 0x0000000085e00000| Untracked 
|  55|0x0000000085f00000, 0x0000000085f00000, 0x0000000086000000|  0%| F|  |TAMS 0x0000000085f00000, 0x0000000085f00000| Untracked 
|  56|0x0000000086000000, 0x0000000086000000, 0x0000000086100000|  0%| F|  |TAMS 0x0000000086000000, 0x0000000086000000| Untracked 
|  57|0x0000000086100000, 0x0000000086100000, 0x0000000086200000|  0%| F|  |TAMS 0x0000000086100000, 0x0000000086100000| Untracked 
|  58|0x0000000086200000, 0x0000000086200000, 0x0000000086300000|  0%| F|  |TAMS 0x0000000086200000, 0x0000000086200000| Untracked 
|  59|0x0000000086300000, 0x0000000086300000, 0x0000000086400000|  0%| F|  |TAMS 0x0000000086300000, 0x0000000086300000| Untracked 
|  60|0x0000000086400000, 0x0000000086400000, 0x0000000086500000|  0%| F|  |TAMS 0x0000000086400000, 0x0000000086400000| Untracked 
|  61|0x0000000086500000, 0x0000000086500000, 0x0000000086600000|  0%| F|  |TAMS 0x0000000086500000, 0x0000000086500000| Untracked 
|  62|0x0000000086600000, 0x0000000086600000, 0x0000000086700000|  0%| F|  |TAMS 0x0000000086600000, 0x0000000086600000| Untracked 
|  63|0x0000000086700000, 0x0000000086700000, 0x0000000086800000|  0%| F|  |TAMS 0x0000000086700000, 0x0000000086700000| Untracked 
|  64|0x0000000086800000, 0x0000000086800000, 0x0000000086900000|  0%| F|  |TAMS 0x0000000086800000, 0x0000000086800000| Untracked 
|  65|0x0000000086900000, 0x0000000086900000, 0x0000000086a00000|  0%| F|  |TAMS 0x0000000086900000, 0x0000000086900000| Untracked 
|  66|0x0000000086a00000, 0x0000000086a00000, 0x0000000086b00000|  0%| F|  |TAMS 0x0000000086a00000, 0x0000000086a00000| Untracked 
|  67|0x0000000086b00000, 0x0000000086b00000, 0x0000000086c00000|  0%| F|  |TAMS 0x0000000086b00000, 0x0000000086b00000| Untracked 
|  68|0x0000000086c00000, 0x0000000086c00000, 0x0000000086d00000|  0%| F|  |TAMS 0x0000000086c00000, 0x0000000086c00000| Untracked 
|  69|0x0000000086d00000, 0x0000000086d00000, 0x0000000086e00000|  0%| F|  |TAMS 0x0000000086d00000, 0x0000000086d00000| Untracked 
|  70|0x0000000086e00000, 0x0000000086e00000, 0x0000000086f00000|  0%| F|  |TAMS 0x0000000086e00000, 0x0000000086e00000| Untracked 
|  71|0x0000000086f00000, 0x0000000086f00000, 0x0000000087000000|  0%| F|  |TAMS 0x0000000086f00000, 0x0000000086f00000| Untracked 
|  72|0x0000000087000000, 0x0000000087000000, 0x0000000087100000|  0%| F|  |TAMS 0x0000000087000000, 0x0000000087000000| Untracked 
|  73|0x0000000087100000, 0x0000000087100000, 0x0000000087200000|  0%| F|  |TAMS 0x0000000087100000, 0x0000000087100000| Untracked 
|  74|0x0000000087200000, 0x0000000087200000, 0x0000000087300000|  0%| F|  |TAMS 0x0000000087200000, 0x0000000087200000| Untracked 
|  75|0x0000000087300000, 0x0000000087300000, 0x0000000087400000|  0%| F|  |TAMS 0x0000000087300000, 0x0000000087300000| Untracked 
|  76|0x0000000087400000, 0x0000000087400000, 0x0000000087500000|  0%| F|  |TAMS 0x0000000087400000, 0x0000000087400000| Untracked 
|  77|0x0000000087500000, 0x0000000087500000, 0x0000000087600000|  0%| F|  |TAMS 0x0000000087500000, 0x0000000087500000| Untracked 
|  78|0x0000000087600000, 0x0000000087600000, 0x0000000087700000|  0%| F|  |TAMS 0x0000000087600000, 0x0000000087600000| Untracked 
|  79|0x0000000087700000, 0x0000000087700000, 0x0000000087800000|  0%| F|  |TAMS 0x0000000087700000, 0x0000000087700000| Untracked 
|  80|0x0000000087800000, 0x0000000087800000, 0x0000000087900000|  0%| F|  |TAMS 0x0000000087800000, 0x0000000087800000| Untracked 
|  81|0x0000000087900000, 0x0000000087900000, 0x0000000087a00000|  0%| F|  |TAMS 0x0000000087900000, 0x0000000087900000| Untracked 
|  82|0x0000000087a00000, 0x0000000087a00000, 0x0000000087b00000|  0%| F|  |TAMS 0x0000000087a00000, 0x0000000087a00000| Untracked 
|  83|0x0000000087b00000, 0x0000000087b00000, 0x0000000087c00000|  0%| F|  |TAMS 0x0000000087b00000, 0x0000000087b00000| Untracked 
|  84|0x0000000087c00000, 0x0000000087c00000, 0x0000000087d00000|  0%| F|  |TAMS 0x0000000087c00000, 0x0000000087c00000| Untracked 
|  85|0x0000000087d00000, 0x0000000087d00000, 0x0000000087e00000|  0%| F|  |TAMS 0x0000000087d00000, 0x0000000087d00000| Untracked 
|  86|0x0000000087e00000, 0x0000000087e00000, 0x0000000087f00000|  0%| F|  |TAMS 0x0000000087e00000, 0x0000000087e00000| Untracked 
|  87|0x0000000087f00000, 0x0000000087f00000, 0x0000000088000000|  0%| F|  |TAMS 0x0000000087f00000, 0x0000000087f00000| Untracked 
|  88|0x0000000088000000, 0x0000000088000000, 0x0000000088100000|  0%| F|  |TAMS 0x0000000088000000, 0x0000000088000000| Untracked 
|  89|0x0000000088100000, 0x0000000088100000, 0x0000000088200000|  0%| F|  |TAMS 0x0000000088100000, 0x0000000088100000| Untracked 
|  90|0x0000000088200000, 0x0000000088200000, 0x0000000088300000|  0%| F|  |TAMS 0x0000000088200000, 0x0000000088200000| Untracked 
|  91|0x0000000088300000, 0x0000000088300000, 0x0000000088400000|  0%| F|  |TAMS 0x0000000088300000, 0x0000000088300000| Untracked 
|  92|0x0000000088400000, 0x0000000088400000, 0x0000000088500000|  0%| F|  |TAMS 0x0000000088400000, 0x0000000088400000| Untracked 
|  93|0x0000000088500000, 0x0000000088500000, 0x0000000088600000|  0%| F|  |TAMS 0x0000000088500000, 0x0000000088500000| Untracked 
|  94|0x0000000088600000, 0x0000000088600000, 0x0000000088700000|  0%| F|  |TAMS 0x0000000088600000, 0x0000000088600000| Untracked 
|  95|0x0000000088700000, 0x0000000088700000, 0x0000000088800000|  0%| F|  |TAMS 0x0000000088700000, 0x0000000088700000| Untracked 
|  96|0x0000000088800000, 0x0000000088800000, 0x0000000088900000|  0%| F|  |TAMS 0x0000000088800000, 0x0000000088800000| Untracked 
|  97|0x0000000088900000, 0x0000000088900000, 0x0000000088a00000|  0%| F|  |TAMS 0x0000000088900000, 0x0000000088900000| Untracked 
|  98|0x0000000088a00000, 0x0000000088a00000, 0x0000000088b00000|  0%| F|  |TAMS 0x0000000088a00000, 0x0000000088a00000| Untracked 
|  99|0x0000000088b00000, 0x0000000088b00000, 0x0000000088c00000|  0%| F|  |TAMS 0x0000000088b00000, 0x0000000088b00000| Untracked 
| 100|0x0000000088c00000, 0x0000000088c00000, 0x0000000088d00000|  0%| F|  |TAMS 0x0000000088c00000, 0x0000000088c00000| Untracked 
| 101|0x0000000088d00000, 0x0000000088d00000, 0x0000000088e00000|  0%| F|  |TAMS 0x0000000088d00000, 0x0000000088d00000| Untracked 
| 102|0x0000000088e00000, 0x0000000088e00000, 0x0000000088f00000|  0%| F|  |TAMS 0x0000000088e00000, 0x0000000088e00000| Untracked 
| 103|0x0000000088f00000, 0x0000000088f00000, 0x0000000089000000|  0%| F|  |TAMS 0x0000000088f00000, 0x0000000088f00000| Untracked 
| 104|0x0000000089000000, 0x0000000089000000, 0x0000000089100000|  0%| F|  |TAMS 0x0000000089000000, 0x0000000089000000| Untracked 
| 105|0x0000000089100000, 0x0000000089100000, 0x0000000089200000|  0%| F|  |TAMS 0x0000000089100000, 0x0000000089100000| Untracked 
| 106|0x0000000089200000, 0x0000000089200000, 0x0000000089300000|  0%| F|  |TAMS 0x0000000089200000, 0x0000000089200000| Untracked 
| 107|0x0000000089300000, 0x0000000089300000, 0x0000000089400000|  0%| F|  |TAMS 0x0000000089300000, 0x0000000089300000| Untracked 
| 108|0x0000000089400000, 0x0000000089400000, 0x0000000089500000|  0%| F|  |TAMS 0x0000000089400000, 0x0000000089400000| Untracked 
| 109|0x0000000089500000, 0x0000000089500000, 0x0000000089600000|  0%| F|  |TAMS 0x0000000089500000, 0x0000000089500000| Untracked 
| 110|0x0000000089600000, 0x0000000089619a80, 0x0000000089700000| 10%| E|  |TAMS 0x0000000089600000, 0x0000000089600000| Complete 
| 111|0x0000000089700000, 0x0000000089800000, 0x0000000089800000|100%| E|CS|TAMS 0x0000000089700000, 0x0000000089700000| Complete 
| 112|0x0000000089800000, 0x0000000089900000, 0x0000000089900000|100%| E|CS|TAMS 0x0000000089800000, 0x0000000089800000| Complete 
| 113|0x0000000089900000, 0x0000000089a00000, 0x0000000089a00000|100%| E|CS|TAMS 0x0000000089900000, 0x0000000089900000| Complete 
| 114|0x0000000089a00000, 0x0000000089b00000, 0x0000000089b00000|100%| E|CS|TAMS 0x0000000089a00000, 0x0000000089a00000| Complete 
| 115|0x0000000089b00000, 0x0000000089c00000, 0x0000000089c00000|100%| E|  |TAMS 0x0000000089b00000, 0x0000000089b00000| Complete 
| 116|0x0000000089c00000, 0x0000000089d00000, 0x0000000089d00000|100%| E|CS|TAMS 0x0000000089c00000, 0x0000000089c00000| Complete 
| 117|0x0000000089d00000, 0x0000000089e00000, 0x0000000089e00000|100%| E|CS|TAMS 0x0000000089d00000, 0x0000000089d00000| Complete 
| 118|0x0000000089e00000, 0x0000000089f00000, 0x0000000089f00000|100%| E|CS|TAMS 0x0000000089e00000, 0x0000000089e00000| Complete 
| 119|0x0000000089f00000, 0x0000000089f84200, 0x000000008a000000| 51%| S|CS|TAMS 0x0000000089f00000, 0x0000000089f00000| Complete 
| 120|0x000000008a000000, 0x000000008a100000, 0x000000008a100000|100%| E|CS|TAMS 0x000000008a000000, 0x000000008a000000| Complete 
| 121|0x000000008a100000, 0x000000008a200000, 0x000000008a200000|100%| E|CS|TAMS 0x000000008a100000, 0x000000008a100000| Complete 
| 122|0x000000008a200000, 0x000000008a300000, 0x000000008a300000|100%| E|CS|TAMS 0x000000008a200000, 0x000000008a200000| Complete 
| 123|0x000000008a300000, 0x000000008a400000, 0x000000008a400000|100%| E|CS|TAMS 0x000000008a300000, 0x000000008a300000| Complete 
| 124|0x000000008a400000, 0x000000008a500000, 0x000000008a500000|100%| E|CS|TAMS 0x000000008a400000, 0x000000008a400000| Complete 
| 125|0x000000008a500000, 0x000000008a600000, 0x000000008a600000|100%| E|CS|TAMS 0x000000008a500000, 0x000000008a500000| Complete 

Card table byte_map: [0x000002917de70000,0x000002917e260000] _byte_map_base: 0x000002917da5c000

Marking Bits (Prev, Next): (CMBitMap*) 0x000002917392e2a0, (CMBitMap*) 0x000002917392e2e0
 Prev Bits: [0x000002910f000000, 0x0000029110f60000)
 Next Bits: [0x0000029110f60000, 0x0000029112ec0000)

Polling page: 0x00000291739a0000

Metaspace:

Usage:
  Non-class:     12.30 MB used.
      Class:      1.48 MB used.
       Both:     13.78 MB used.

Virtual space:
  Non-class space:       64.00 MB reserved,      12.44 MB ( 19%) committed,  1 nodes.
      Class space:        1.00 GB reserved,       1.62 MB ( <1%) committed,  1 nodes.
             Both:        1.06 GB reserved,      14.06 MB (  1%) committed. 

Chunk freelists:
   Non-Class:  2.72 MB
       Class:  2.43 MB
        Both:  5.15 MB

MaxMetaspaceSize: unlimited
CompressedClassSpaceSize: 1.00 GB
Initial GC threshold: 21.00 MB
Current GC threshold: 21.00 MB
CDS: on
MetaspaceReclaimPolicy: balanced
 - commit_granule_bytes: 65536.
 - commit_granule_words: 8192.
 - virtual_space_node_default_size: 8388608.
 - enlarge_chunks_in_place: 1.
 - new_chunks_are_fully_committed: 0.
 - uncommit_free_chunks: 1.
 - use_allocation_guard: 0.


Internal statistics:

num_allocs_failed_limit: 0.
num_arena_births: 242.
num_arena_deaths: 0.
num_vsnodes_births: 2.
num_vsnodes_deaths: 0.
num_space_committed: 225.
num_space_uncommitted: 0.
num_chunks_returned_to_freelist: 0.
num_chunks_taken_from_freelist: 713.
num_chunk_merges: 0.
num_chunk_splits: 518.
num_chunks_enlarged: 395.
num_inconsistent_stats: 0.

CodeHeap 'non-profiled nmethods': size=120000Kb used=2124Kb max_used=2124Kb free=117875Kb
 bounds [0x0000029107ad0000, 0x0000029107d40000, 0x000002910f000000]
CodeHeap 'profiled nmethods': size=120000Kb used=7907Kb max_used=7907Kb free=112093Kb
 bounds [0x0000029100000000, 0x00000291007c0000, 0x0000029107530000]
CodeHeap 'non-nmethods': size=5760Kb used=1269Kb max_used=1338Kb free=4490Kb
 bounds [0x0000029107530000, 0x00000291077a0000, 0x0000029107ad0000]
 total_blobs=4352 nmethods=3873 adapters=389
 compilation: enabled
              stopped_count=0, restarted_count=0
 full_count=0

Compilation events (20 events):
Event: 214.119 Thread 0x000002917f155a70 nmethod 3889 0x00000291007b2110 code [0x00000291007b2300, 0x00000291007b2868]
Event: 214.119 Thread 0x000002917f0ff880 3891       4       java.util.TimSort::binarySort (223 bytes)
Event: 214.120 Thread 0x000002917f155a70 3892   !   3       jdk.proxy2.$Proxy5::annotationType (29 bytes)
Event: 214.121 Thread 0x000002917f155a70 nmethod 3892 0x00000291007b2a90 code [0x00000291007b2c60, 0x00000291007b3058]
Event: 214.135 Thread 0x000002917f0ff880 nmethod 3891 0x0000029107ce0e10 code [0x0000029107ce0fc0, 0x0000029107ce1a98]
Event: 214.340 Thread 0x000002917f0ff880 3893       4       com.google.inject.TypeLiteral::equals (30 bytes)
Event: 214.344 Thread 0x000002917f0ff880 nmethod 3893 0x0000029107ce1e90 code [0x0000029107ce2080, 0x0000029107ce2320]
Event: 219.587 Thread 0x000002917f155a70 3895       3       com.google.common.collect.AbstractMultimap::isEmpty (13 bytes)
Event: 220.661 Thread 0x000002917f155a70 nmethod 3895 0x00000291007b3210 code [0x00000291007b33c0, 0x00000291007b35e8]
Event: 220.709 Thread 0x000002917f155a70 3896       3       com.google.common.collect.ImmutableMultimap::isEmpty (5 bytes)
Event: 220.787 Thread 0x000002917f155a70 nmethod 3896 0x00000291007b3690 code [0x00000291007b3840, 0x00000291007b3a98]
Event: 221.120 Thread 0x000002917f155a70 3904       3       com.google.common.collect.CompactLinkedHashMap::setPredecessor (29 bytes)
Event: 221.224 Thread 0x000002917f155a70 nmethod 3904 0x00000291007b3b90 code [0x00000291007b3d20, 0x00000291007b3e78]
Event: 221.869 Thread 0x000002917f155a70 3905       3       com.google.inject.internal.ProvisionListenerStackCallback::hasListeners (14 bytes)
Event: 221.872 Thread 0x000002917f155a70 nmethod 3905 0x00000291007b3f90 code [0x00000291007b4120, 0x00000291007b4298]
Event: 222.068 Thread 0x000002917f155a70 3906       1       com.google.inject.internal.InternalContext::getDependency (5 bytes)
Event: 222.068 Thread 0x000002917f155a70 nmethod 3906 0x0000029107ce2610 code [0x0000029107ce27a0, 0x0000029107ce2858]
Event: 222.218 Thread 0x000002917f0ff880 3907       4       com.google.inject.internal.MoreTypes::equals (286 bytes)
Event: 223.032 Thread 0x000002917f0ff880 nmethod 3907 0x0000029107ce2910 code [0x0000029107ce2ae0, 0x0000029107ce2d20]
Event: 223.032 Thread 0x000002917f0ff880 3908       4       com.google.inject.internal.InjectorImpl::enterContext (65 bytes)

GC Heap History (10 events):
Event: 3.134 GC heap before
{Heap before GC invocations=0 (full 0):
 garbage-first heap   total 129024K, used 23552K [0x0000000082800000, 0x0000000100000000)
  region size 1024K, 23 young (23552K), 0 survivors (0K)
 Metaspace       used 5029K, committed 5184K, reserved 1114112K
  class space    used 564K, committed 640K, reserved 1048576K
}
Event: 3.437 GC heap after
{Heap after GC invocations=1 (full 0):
 garbage-first heap   total 129024K, used 3577K [0x0000000082800000, 0x0000000100000000)
  region size 1024K, 3 young (3072K), 3 survivors (3072K)
 Metaspace       used 5029K, committed 5184K, reserved 1114112K
  class space    used 564K, committed 640K, reserved 1048576K
}
Event: 8.267 GC heap before
{Heap before GC invocations=1 (full 0):
 garbage-first heap   total 129024K, used 35321K [0x0000000082800000, 0x0000000100000000)
  region size 1024K, 34 young (34816K), 3 survivors (3072K)
 Metaspace       used 10403K, committed 10688K, reserved 1114112K
  class space    used 1229K, committed 1344K, reserved 1048576K
}
Event: 8.278 GC heap after
{Heap after GC invocations=2 (full 0):
 garbage-first heap   total 129024K, used 5860K [0x0000000082800000, 0x0000000100000000)
  region size 1024K, 3 young (3072K), 3 survivors (3072K)
 Metaspace       used 10403K, committed 10688K, reserved 1114112K
  class space    used 1229K, committed 1344K, reserved 1048576K
}
Event: 188.074 GC heap before
{Heap before GC invocations=2 (full 0):
 garbage-first heap   total 129024K, used 79588K [0x0000000082800000, 0x0000000100000000)
  region size 1024K, 75 young (76800K), 3 survivors (3072K)
 Metaspace       used 13458K, committed 13760K, reserved 1114112K
  class space    used 1466K, committed 1600K, reserved 1048576K
}
Event: 189.523 GC heap after
{Heap after GC invocations=3 (full 0):
 garbage-first heap   total 129024K, used 13307K [0x0000000082800000, 0x0000000100000000)
  region size 1024K, 10 young (10240K), 10 survivors (10240K)
 Metaspace       used 13458K, committed 13760K, reserved 1114112K
  class space    used 1466K, committed 1600K, reserved 1048576K
}
Event: 190.472 GC heap before
{Heap before GC invocations=3 (full 0):
 garbage-first heap   total 129024K, used 14331K [0x0000000082800000, 0x0000000100000000)
  region size 1024K, 11 young (11264K), 10 survivors (10240K)
 Metaspace       used 13462K, committed 13760K, reserved 1114112K
  class space    used 1466K, committed 1600K, reserved 1048576K
}
Event: 190.595 GC heap after
{Heap after GC invocations=4 (full 0):
 garbage-first heap   total 129024K, used 14534K [0x0000000082800000, 0x0000000100000000)
  region size 1024K, 2 young (2048K), 2 survivors (2048K)
 Metaspace       used 13462K, committed 13760K, reserved 1114112K
  class space    used 1466K, committed 1600K, reserved 1048576K
}
Event: 195.295 GC heap before
{Heap before GC invocations=4 (full 0):
 garbage-first heap   total 129024K, used 18630K [0x0000000082800000, 0x0000000100000000)
  region size 1024K, 6 young (6144K), 2 survivors (2048K)
 Metaspace       used 13521K, committed 13760K, reserved 1114112K
  class space    used 1467K, committed 1600K, reserved 1048576K
}
Event: 195.301 GC heap after
{Heap after GC invocations=5 (full 0):
 garbage-first heap   total 129024K, used 13527K [0x0000000082800000, 0x0000000100000000)
  region size 1024K, 1 young (1024K), 1 survivors (1024K)
 Metaspace       used 13521K, committed 13760K, reserved 1114112K
  class space    used 1467K, committed 1600K, reserved 1048576K
}

Dll operation events (8 events):
Event: 0.034 Loaded shared library C:\Program Files\Java\jdk-19\bin\java.dll
Event: 0.045 Loaded shared library C:\Program Files\Java\jdk-19\bin\jsvml.dll
Event: 0.956 Loaded shared library C:\Program Files\Java\jdk-19\bin\net.dll
Event: 0.959 Loaded shared library C:\Program Files\Java\jdk-19\bin\nio.dll
Event: 0.971 Loaded shared library C:\Program Files\Java\jdk-19\bin\zip.dll
Event: 1.648 Loaded shared library C:\Program Files\Java\jdk-19\bin\jimage.dll
Event: 1.736 Loaded shared library C:\Users\User\Desktop\NETBEAN\NetBeans-15\netbeans\java\maven\lib\jansi-native\Windows\x86_64\jansi.dll
Event: 1.762 Loaded shared library C:\Program Files\Java\jdk-19\bin\verify.dll

Deoptimization events (20 events):
Event: 212.521 Thread 0x00000291738cdcd0 Uncommon trap: trap_request=0xffffffd6 fr.pc=0x0000029107cdf754 relative=0x0000000000000794
Event: 212.521 Thread 0x00000291738cdcd0 Uncommon trap: reason=array_check action=maybe_recompile pc=0x0000029107cdf754 method=java.util.TimSort.binarySort([Ljava/lang/Object;IIILjava/util/Comparator;)V @ 215 c2
Event: 212.521 Thread 0x00000291738cdcd0 DEOPT PACKING pc=0x0000029107cdf754 sp=0x000000f5cfbfdb40
Event: 212.521 Thread 0x00000291738cdcd0 DEOPT UNPACKING pc=0x0000029107596da3 sp=0x000000f5cfbfdad8 mode 2
Event: 212.524 Thread 0x00000291738cdcd0 Uncommon trap: trap_request=0xffffffde fr.pc=0x0000029107b94a10 relative=0x0000000000000070
Event: 212.524 Thread 0x00000291738cdcd0 Uncommon trap: reason=class_check action=maybe_recompile pc=0x0000029107b94a10 method=com.google.inject.internal.LinkedBindingImpl.acceptTargetVisitor(Lcom/google/inject/spi/BindingTargetVisitor;)Ljava/lang/Object; @ 2 c2
Event: 212.524 Thread 0x00000291738cdcd0 DEOPT PACKING pc=0x0000029107b94a10 sp=0x000000f5cfbfe050
Event: 212.524 Thread 0x00000291738cdcd0 DEOPT UNPACKING pc=0x0000029107596da3 sp=0x000000f5cfbfdfe8 mode 2
Event: 212.525 Thread 0x00000291738cdcd0 Uncommon trap: trap_request=0xffffffde fr.pc=0x0000029107b94a10 relative=0x0000000000000070
Event: 212.525 Thread 0x00000291738cdcd0 Uncommon trap: reason=class_check action=maybe_recompile pc=0x0000029107b94a10 method=com.google.inject.internal.LinkedBindingImpl.acceptTargetVisitor(Lcom/google/inject/spi/BindingTargetVisitor;)Ljava/lang/Object; @ 2 c2
Event: 212.525 Thread 0x00000291738cdcd0 DEOPT PACKING pc=0x0000029107b94a10 sp=0x000000f5cfbfe050
Event: 212.525 Thread 0x00000291738cdcd0 DEOPT UNPACKING pc=0x0000029107596da3 sp=0x000000f5cfbfdfe8 mode 2
Event: 214.125 Thread 0x00000291738cdcd0 Uncommon trap: trap_request=0xfffffff4 fr.pc=0x0000029107c8d9d4 relative=0x0000000000000bd4
Event: 214.125 Thread 0x00000291738cdcd0 Uncommon trap: reason=null_check action=make_not_entrant pc=0x0000029107c8d9d4 method=com.google.inject.internal.InjectorImpl.enterContext()Lcom/google/inject/internal/InternalContext; @ 7 c2
Event: 214.125 Thread 0x00000291738cdcd0 DEOPT PACKING pc=0x0000029107c8d9d4 sp=0x000000f5cfbfe100
Event: 214.125 Thread 0x00000291738cdcd0 DEOPT UNPACKING pc=0x0000029107596da3 sp=0x000000f5cfbfe0f0 mode 2
Event: 220.620 Thread 0x00000291738cdcd0 Uncommon trap: trap_request=0xfffffff4 fr.pc=0x0000029107c2e14c relative=0x000000000000058c
Event: 220.620 Thread 0x00000291738cdcd0 Uncommon trap: reason=null_check action=make_not_entrant pc=0x0000029107c2e14c method=com.google.inject.internal.InternalContext.doPushState(Ljava/lang/Object;Ljava/lang/Object;)V @ 48 c2
Event: 220.657 Thread 0x00000291738cdcd0 DEOPT PACKING pc=0x0000029107c2e14c sp=0x000000f5cfbfe0d0
Event: 220.742 Thread 0x00000291738cdcd0 DEOPT UNPACKING pc=0x0000029107596da3 sp=0x000000f5cfbfe078 mode 2

Classes loaded (20 events):
Event: 165.418 Loading class java/util/concurrent/locks/ReentrantReadWriteLock$Sync done
Event: 165.418 Loading class java/util/concurrent/locks/ReentrantReadWriteLock$NonfairSync done
Event: 165.446 Loading class java/util/concurrent/locks/ReentrantReadWriteLock$Sync$ThreadLocalHoldCounter
Event: 165.464 Loading class java/util/concurrent/locks/ReentrantReadWriteLock$Sync$ThreadLocalHoldCounter done
Event: 165.464 Loading class java/util/concurrent/locks/ReentrantReadWriteLock$ReadLock
Event: 165.483 Loading class java/util/concurrent/locks/ReentrantReadWriteLock$ReadLock done
Event: 165.484 Loading class java/util/concurrent/locks/ReentrantReadWriteLock$WriteLock
Event: 165.485 Loading class java/util/concurrent/locks/ReentrantReadWriteLock$WriteLock done
Event: 191.912 Loading class sun/nio/cs/ISO_8859_1$Decoder
Event: 191.927 Loading class sun/nio/cs/ISO_8859_1$Decoder done
Event: 212.406 Loading class org/w3c/dom/Node
Event: 212.411 Loading class org/w3c/dom/Node done
Event: 212.411 Loading class javax/xml/parsers/ParserConfigurationException
Event: 212.412 Loading class javax/xml/parsers/ParserConfigurationException done
Event: 212.412 Loading class org/xml/sax/SAXException
Event: 212.412 Loading class org/xml/sax/SAXException done
Event: 212.415 Loading class org/w3c/dom/Document
Event: 212.415 Loading class org/w3c/dom/Document done
Event: 212.415 Loading class org/w3c/dom/Element
Event: 212.416 Loading class org/w3c/dom/Element done

Classes unloaded (0 events):
No events

Classes redefined (0 events):
No events

Internal exceptions (20 events):
Event: 165.813 Thread 0x00000291738cdcd0 Exception <a 'java/io/IOException'{0x0000000088f4ce40}> (0x0000000088f4ce40) 
thrown [s\open\src\hotspot\share\prims\jni.cpp, line 517]
Event: 165.813 Thread 0x00000291738cdcd0 Exception <a 'java/io/IOException'{0x0000000088f4d408}> (0x0000000088f4d408) 
thrown [s\open\src\hotspot\share\prims\jni.cpp, line 517]
Event: 165.813 Thread 0x00000291738cdcd0 Exception <a 'java/io/IOException'{0x0000000088f4d720}> (0x0000000088f4d720) 
thrown [s\open\src\hotspot\share\prims\jni.cpp, line 517]
Event: 197.238 Thread 0x00000291738cdcd0 Implicit null exception at 0x0000029107b6466f to 0x0000029107b64838
Event: 197.239 Thread 0x00000291738cdcd0 Implicit null exception at 0x0000029107b3f9ef to 0x0000029107b3fbd0
Event: 197.239 Thread 0x00000291738cdcd0 Implicit null exception at 0x0000029107b6cfaf to 0x0000029107b6d029
Event: 202.388 Thread 0x00000291738cdcd0 Exception <a 'java/io/IOException'{0x000000008a022930}> (0x000000008a022930) 
thrown [s\open\src\hotspot\share\prims\jni.cpp, line 517]
Event: 202.389 Thread 0x00000291738cdcd0 Exception <a 'java/io/IOException'{0x000000008a022f30}> (0x000000008a022f30) 
thrown [s\open\src\hotspot\share\prims\jni.cpp, line 517]
Event: 202.389 Thread 0x00000291738cdcd0 Exception <a 'java/io/IOException'{0x000000008a0234f8}> (0x000000008a0234f8) 
thrown [s\open\src\hotspot\share\prims\jni.cpp, line 517]
Event: 202.389 Thread 0x00000291738cdcd0 Exception <a 'java/io/IOException'{0x000000008a023ac0}> (0x000000008a023ac0) 
thrown [s\open\src\hotspot\share\prims\jni.cpp, line 517]
Event: 202.389 Thread 0x00000291738cdcd0 Exception <a 'java/io/IOException'{0x000000008a024380}> (0x000000008a024380) 
thrown [s\open\src\hotspot\share\prims\jni.cpp, line 517]
Event: 202.389 Thread 0x00000291738cdcd0 Exception <a 'java/io/IOException'{0x000000008a024980}> (0x000000008a024980) 
thrown [s\open\src\hotspot\share\prims\jni.cpp, line 517]
Event: 202.389 Thread 0x00000291738cdcd0 Exception <a 'java/io/IOException'{0x000000008a024f48}> (0x000000008a024f48) 
thrown [s\open\src\hotspot\share\prims\jni.cpp, line 517]
Event: 202.389 Thread 0x00000291738cdcd0 Exception <a 'java/io/IOException'{0x000000008a025510}> (0x000000008a025510) 
thrown [s\open\src\hotspot\share\prims\jni.cpp, line 517]
Event: 202.391 Thread 0x00000291738cdcd0 Exception <a 'java/io/IOException'{0x000000008a027360}> (0x000000008a027360) 
thrown [s\open\src\hotspot\share\prims\jni.cpp, line 517]
Event: 202.391 Thread 0x00000291738cdcd0 Exception <a 'java/io/IOException'{0x000000008a027960}> (0x000000008a027960) 
thrown [s\open\src\hotspot\share\prims\jni.cpp, line 517]
Event: 202.391 Thread 0x00000291738cdcd0 Exception <a 'java/io/IOException'{0x000000008a027f28}> (0x000000008a027f28) 
thrown [s\open\src\hotspot\share\prims\jni.cpp, line 517]
Event: 202.391 Thread 0x00000291738cdcd0 Exception <a 'java/io/IOException'{0x000000008a0284f0}> (0x000000008a0284f0) 
thrown [s\open\src\hotspot\share\prims\jni.cpp, line 517]
Event: 214.125 Thread 0x00000291738cdcd0 Implicit null exception at 0x0000029107c8cec0 to 0x0000029107c8d9c4
Event: 220.620 Thread 0x00000291738cdcd0 Implicit null exception at 0x0000029107c2dc60 to 0x0000029107c2e130

VM Operations (20 events):
Event: 205.558 Executing VM operation: Cleanup
Event: 205.852 Executing VM operation: Cleanup done
Event: 206.862 Executing VM operation: Cleanup
Event: 207.049 Executing VM operation: Cleanup done
Event: 208.061 Executing VM operation: Cleanup
Event: 208.232 Executing VM operation: Cleanup done
Event: 209.278 Executing VM operation: Cleanup
Event: 209.338 Executing VM operation: Cleanup done
Event: 210.349 Executing VM operation: Cleanup
Event: 210.381 Executing VM operation: Cleanup done
Event: 211.426 Executing VM operation: Cleanup
Event: 211.596 Executing VM operation: Cleanup done
Event: 212.619 Executing VM operation: Cleanup
Event: 212.672 Executing VM operation: Cleanup done
Event: 213.715 Executing VM operation: Cleanup
Event: 213.799 Executing VM operation: Cleanup done
Event: 214.815 Executing VM operation: Cleanup
Event: 215.258 Executing VM operation: Cleanup done
Event: 221.381 Executing VM operation: Cleanup
Event: 221.815 Executing VM operation: Cleanup done

Events (12 events):
Event: 0.046 Thread 0x00000291738cdcd0 Thread added: 0x00000291738cdcd0
Event: 0.916 Thread 0x000002917f0f72d0 Thread added: 0x000002917f0f72d0
Event: 0.916 Thread 0x000002917f0f7fa0 Thread added: 0x000002917f0f7fa0
Event: 0.917 Thread 0x000002917f0fb080 Thread added: 0x000002917f0fb080
Event: 0.917 Thread 0x000002917f0fb9b0 Thread added: 0x000002917f0fb9b0
Event: 0.917 Thread 0x000002917f0fe2f0 Thread added: 0x000002917f0fe2f0
Event: 0.917 Thread 0x000002917f0fec20 Thread added: 0x000002917f0fec20
Event: 0.917 Thread 0x000002917f0ff880 Thread added: 0x000002917f0ff880
Event: 0.920 Thread 0x000002917f155a70 Thread added: 0x000002917f155a70
Event: 0.921 Thread 0x000002917f158a20 Thread added: 0x000002917f158a20
Event: 0.948 Thread 0x00000291190d1ba0 Thread added: 0x00000291190d1ba0
Event: 0.952 Thread 0x00000291190da710 Thread added: 0x00000291190da710


Dynamic libraries:
0x00007ff75d2a0000 - 0x00007ff75d2b0000 	C:\Program Files\Java\jdk-19\bin\java.exe
0x00007ffd17dc0000 - 0x00007ffd17fc9000 	C:\WINDOWS\SYSTEM32\ntdll.dll
0x00007ffd16ad0000 - 0x00007ffd16b8e000 	C:\WINDOWS\System32\KERNEL32.DLL
0x00007ffd15870000 - 0x00007ffd15bf4000 	C:\WINDOWS\System32\KERNELBASE.dll
0x00007ffd15270000 - 0x00007ffd15381000 	C:\WINDOWS\System32\ucrtbase.dll
0x00007ffcfb4c0000 - 0x00007ffcfb4d8000 	C:\Program Files\Java\jdk-19\bin\jli.dll
0x00007ffd177a0000 - 0x00007ffd1784f000 	C:\WINDOWS\System32\ADVAPI32.dll
0x00007ffd176d0000 - 0x00007ffd17773000 	C:\WINDOWS\System32\msvcrt.dll
0x00007ffd17630000 - 0x00007ffd176ce000 	C:\WINDOWS\System32\sechost.dll
0x00007ffd16910000 - 0x00007ffd16a31000 	C:\WINDOWS\System32\RPCRT4.dll
0x00007ffd15cd0000 - 0x00007ffd15e7d000 	C:\WINDOWS\System32\USER32.dll
0x00007ffd15c00000 - 0x00007ffd15c26000 	C:\WINDOWS\System32\win32u.dll
0x00007ffd16c70000 - 0x00007ffd16c9a000 	C:\WINDOWS\System32\GDI32.dll
0x00007ffd15540000 - 0x00007ffd1565f000 	C:\WINDOWS\System32\gdi32full.dll
0x00007ffd15660000 - 0x00007ffd156fd000 	C:\WINDOWS\System32\msvcp_win.dll
0x00007ffd12330000 - 0x00007ffd1234b000 	C:\Program Files\Java\jdk-19\bin\VCRUNTIME140.dll
0x00007ffcff340000 - 0x00007ffcff5e5000 	C:\WINDOWS\WinSxS\amd64_microsoft.windows.common-controls_6595b64144ccf1df_6.0.22000.120_none_9d947278b86cc467\COMCTL32.dll
0x00007ffd0f3f0000 - 0x00007ffd0f3fa000 	C:\WINDOWS\SYSTEM32\VERSION.dll
0x00007ffd15c90000 - 0x00007ffd15cc1000 	C:\WINDOWS\System32\IMM32.DLL
0x00007ffd12380000 - 0x00007ffd1238c000 	C:\Program Files\Java\jdk-19\bin\vcruntime140_1.dll
0x00007ffcea700000 - 0x00007ffcea78e000 	C:\Program Files\Java\jdk-19\bin\msvcp140.dll
0x00007ffcaf740000 - 0x00007ffcb0400000 	C:\Program Files\Java\jdk-19\bin\server\jvm.dll
0x00007ffce9940000 - 0x00007ffce9949000 	C:\WINDOWS\SYSTEM32\WSOCK32.dll
0x00007ffd15e80000 - 0x00007ffd15eef000 	C:\WINDOWS\System32\WS2_32.dll
0x00007ffd0f410000 - 0x00007ffd0f443000 	C:\WINDOWS\SYSTEM32\WINMM.dll
0x00007ffd143e0000 - 0x00007ffd143f8000 	C:\WINDOWS\SYSTEM32\kernel.appcore.dll
0x00007ffd11b30000 - 0x00007ffd11b3a000 	C:\Program Files\Java\jdk-19\bin\jimage.dll
0x00007ffd12ed0000 - 0x00007ffd130f1000 	C:\WINDOWS\SYSTEM32\DBGHELP.DLL
0x00007ffcfca70000 - 0x00007ffcfcaa1000 	C:\WINDOWS\SYSTEM32\dbgcore.DLL
0x00007ffd15450000 - 0x00007ffd154cf000 	C:\WINDOWS\System32\bcryptPrimitives.dll
0x00007ffd11ab0000 - 0x00007ffd11ad6000 	C:\Program Files\Java\jdk-19\bin\java.dll
0x00007ffce79d0000 - 0x00007ffce7aa7000 	C:\Program Files\Java\jdk-19\bin\jsvml.dll
0x00007ffd16ca0000 - 0x00007ffd17465000 	C:\WINDOWS\System32\SHELL32.dll
0x00007ffd13360000 - 0x00007ffd13bc4000 	C:\WINDOWS\SYSTEM32\windows.storage.dll
0x00007ffd16520000 - 0x00007ffd16896000 	C:\WINDOWS\System32\combase.dll
0x00007ffd131f0000 - 0x00007ffd13357000 	C:\WINDOWS\SYSTEM32\wintypes.dll
0x00007ffd174d0000 - 0x00007ffd175ba000 	C:\WINDOWS\System32\SHCORE.dll
0x00007ffd15c30000 - 0x00007ffd15c8d000 	C:\WINDOWS\System32\shlwapi.dll
0x00007ffd151a0000 - 0x00007ffd151c1000 	C:\WINDOWS\SYSTEM32\profapi.dll
0x00007ffd04080000 - 0x00007ffd04093000 	C:\Program Files\Java\jdk-19\bin\net.dll
0x00007ffd0edc0000 - 0x00007ffd0eed3000 	C:\WINDOWS\SYSTEM32\WINHTTP.dll
0x00007ffd14880000 - 0x00007ffd148e7000 	C:\WINDOWS\system32\mswsock.dll
0x00007ffcfd5f0000 - 0x00007ffcfd606000 	C:\Program Files\Java\jdk-19\bin\nio.dll
0x00007ffcfd5d0000 - 0x00007ffcfd5e8000 	C:\Program Files\Java\jdk-19\bin\zip.dll
0x0000000069ac0000 - 0x0000000069ae4000 	C:\Users\User\Desktop\NETBEAN\NetBeans-15\netbeans\java\maven\lib\jansi-native\Windows\x86_64\jansi.dll
0x00007ffd10620000 - 0x00007ffd10630000 	C:\Program Files\Java\jdk-19\bin\verify.dll

dbghelp: loaded successfully - version: 4.0.5 - missing functions: none
symbol engine: initialized successfully - sym options: 0x614 - pdb path: .;C:\Program Files\Java\jdk-19\bin;C:\WINDOWS\SYSTEM32;C:\WINDOWS\WinSxS\amd64_microsoft.windows.common-controls_6595b64144ccf1df_6.0.22000.120_none_9d947278b86cc467;C:\Program Files\Java\jdk-19\bin\server;C:\Users\User\Desktop\NETBEAN\NetBeans-15\netbeans\java\maven\lib\jansi-native\Windows\x86_64

VM Arguments:
jvm_args: -Dclassworlds.conf=C:\Users\User\Desktop\NETBEAN\NetBeans-15\netbeans\java\maven\bin\m2.conf -Dmaven.home=C:\Users\User\Desktop\NETBEAN\NetBeans-15\netbeans\java\maven -Dlibrary.jansi.path=C:\Users\User\Desktop\NETBEAN\NetBeans-15\netbeans\java\maven\lib\jansi-native -Dmaven.multiModuleProjectDirectory=C:\Users\User\Desktop\NETBEAN\WallStreetWarriors 
java_command: org.codehaus.plexus.classworlds.launcher.Launcher -Dmaven.ext.class.path=C:\Users\User\Desktop\NETBEAN\NetBeans-15\netbeans\java\maven-nblib\netbeans-eventspy.jar install
java_class_path (initial): C:\Users\User\Desktop\NETBEAN\NetBeans-15\netbeans\java\maven\boot\plexus-classworlds-2.6.0.jar
Launcher Type: SUN_STANDARD

[Global flags]
     intx CICompilerCount                          = 4                                         {product} {ergonomic}
     uint ConcGCThreads                            = 2                                         {product} {ergonomic}
     uint G1ConcRefinementThreads                  = 8                                         {product} {ergonomic}
   size_t G1HeapRegionSize                         = 1048576                                   {product} {ergonomic}
    uintx GCDrainStackTargetSize                   = 64                                        {product} {ergonomic}
   size_t InitialHeapSize                          = 132120576                                 {product} {ergonomic}
   size_t MarkStackSize                            = 4194304                                   {product} {ergonomic}
   size_t MaxHeapSize                              = 2105540608                                {product} {ergonomic}
   size_t MaxNewSize                               = 1262485504                                {product} {ergonomic}
   size_t MinHeapDeltaBytes                        = 1048576                                   {product} {ergonomic}
   size_t MinHeapSize                              = 8388608                                   {product} {ergonomic}
    uintx NonNMethodCodeHeapSize                   = 5839372                                {pd product} {ergonomic}
    uintx NonProfiledCodeHeapSize                  = 122909434                              {pd product} {ergonomic}
    uintx ProfiledCodeHeapSize                     = 122909434                              {pd product} {ergonomic}
    uintx ReservedCodeCacheSize                    = 251658240                              {pd product} {ergonomic}
     bool SegmentedCodeCache                       = true                                      {product} {ergonomic}
   size_t SoftMaxHeapSize                          = 2105540608                             {manageable} {ergonomic}
     bool UseCompressedClassPointers               = true                           {product lp64_product} {ergonomic}
     bool UseCompressedOops                        = true                           {product lp64_product} {ergonomic}
     bool UseG1GC                                  = true                                      {product} {ergonomic}
     bool UseLargePagesIndividualAllocation        = false                                  {pd product} {ergonomic}

Logging:
Log output configuration:
 #0: stdout all=warning uptime,level,tags foldmultilines=false
 #1: stderr all=off uptime,level,tags foldmultilines=false

Environment Variables:
JAVA_HOME=C:\Program Files\Java\jdk-19
PATH=C:\Program Files\Common Files\Oracle\Java\javapath;C:\Windows\system32;C:\Windows;C:\Windows\System32\Wbem;C:\Windows\System32\WindowsPowerShell\v1.0\;C:\Windows\System32\OpenSSH\;C:\Program Files (x86)\NVIDIA Corporation\PhysX\Common;C:\Program Files\NVIDIA Corporation\NVIDIA NvDLISR;C:\WINDOWS\system32;C:\WINDOWS;C:\WINDOWS\System32\Wbem;C:\WINDOWS\System32\WindowsPowerShell\v1.0\;C:\WINDOWS\System32\OpenSSH\;C:\Program Files\Java\jdk-19\bin;C:\Program Files\Microsoft SQL Server\130\Tools\Binn\;C:\Program Files\nodejs\;C:\Program Files\Git\cmd;C:\Users\User\AppData\Local\Programs\Python\Python311\Scripts\;C:\Users\User\AppData\Local\Programs\Python\Python311\;C:\Users\User\AppData\Local\Microsoft\WindowsApps;C:\Users\User\Desktop\Useful tools\Microsoft VS Code\bin;C:\Users\User\AppData\Local\GitHubDesktop\bin;C:\Users\User\AppData\Roaming\npm;C:\Program Files\Graphviz\bin
USERNAME=User
OS=Windows_NT
PROCESSOR_IDENTIFIER=Intel64 Family 6 Model 165 Stepping 2, GenuineIntel
TMP=C:\Users\User\AppData\Local\Temp
TEMP=C:\Users\User\AppData\Local\Temp



---------------  S Y S T E M  ---------------

OS:
 Windows 11 , 64 bit Build 22000 (10.0.22000.1880)
OS uptime: 3 days 20:46 hours

CPU: total 8 (initial active 8) (4 cores per cpu, 2 threads per core) family 6 model 165 stepping 2 microcode 0xe0, cx8, cmov, fxsr, ht, mmx, 3dnowpref, sse, sse2, sse3, ssse3, sse4.1, sse4.2, popcnt, lzcnt, tsc, tscinvbit, avx, avx2, aes, erms, clmul, bmi1, bmi2, adx, fma, vzeroupper, clflush, clflushopt, rdtscp

Memory: 4k page, system-wide physical 8029M (69M free)
TotalPageFile size 32605M (AvailPageFile size 0M)
current process WorkingSet (physical memory assigned to process): 22M, peak: 103M
current process commit charge ("private bytes"): 237M, peak: 255M

vm_info: Java HotSpot(TM) 64-Bit Server VM (19+36-2238) for windows-amd64 JRE (19+36-2238), built on 2022-08-12T20:29:01Z by "mach5one" with MS VC++ 17.1 (VS2022)

END.
