#
# There is insufficient memory for the Java Runtime Environment to continue.
# Native memory allocation (malloc) failed to allocate 366496 bytes for Chunk::new
# Possible reasons:
#   The system is out of physical RAM or swap space
#   The process is running with CompressedOops enabled, and the Java Heap may be blocking the growth of the native heap
# Possible solutions:
#   Reduce memory load on the system
#   Increase physical memory or swap space
#   Check if swap backing store is full
#   Decrease Java heap size (-Xmx/-Xms)
#   Decrease number of Java threads
#   Decrease Java thread stack sizes (-Xss)
#   Set larger code cache with -XX:ReservedCodeCacheSize=
#   JVM is running with Unscaled Compressed Oops mode in which the Java heap is
#     placed in the first 4GB address space. The Java Heap base address is the
#     maximum limit for the native heap growth. Please use -XX:HeapBaseMinAddress
#     to set the Java Heap base and to place the Java Heap above 4GB virtual address.
# This output file may be truncated or incomplete.
#
#  Out of Memory Error (arena.cpp:184), pid=2120, tid=1620
#
# JRE version: Java(TM) SE Runtime Environment (19.0+36) (build 19+36-2238)
# Java VM: Java HotSpot(TM) 64-Bit Server VM (19+36-2238, mixed mode, sharing, tiered, compressed oops, compressed class ptrs, g1 gc, windows-amd64)
# No core dump will be written. Minidumps are not enabled by default on client versions of Windows
#

---------------  S U M M A R Y ------------

Command Line: -Dclassworlds.conf=C:\Users\User\Desktop\NETBEAN\NetBeans-15\netbeans\java\maven\bin\m2.conf -Dmaven.home=C:\Users\User\Desktop\NETBEAN\NetBeans-15\netbeans\java\maven -Dlibrary.jansi.path=C:\Users\User\Desktop\NETBEAN\NetBeans-15\netbeans\java\maven\lib\jansi-native -Dmaven.multiModuleProjectDirectory=C:\Users\User\Desktop\NETBEAN\WallStreetWarriors org.codehaus.plexus.classworlds.launcher.Launcher -Dmaven.ext.class.path=C:\Users\User\Desktop\NETBEAN\NetBeans-15\netbeans\java\maven-nblib\netbeans-eventspy.jar install

Host: Intel(R) Core(TM) i5-10300H CPU @ 2.50GHz, 8 cores, 7G,  Windows 11 , 64 bit Build 22000 (10.0.22000.1880)
Time: Mon Jun 12 20:47:54 2023 Malay Peninsula Standard Time elapsed time: 342.831840 seconds (0d 0h 5m 42s)

---------------  T H R E A D  ---------------

Current thread (0x00000130fc3140c0):  JavaThread "C2 CompilerThread0" daemon [_thread_in_native, id=1620, stack(0x0000002547300000,0x0000002547400000)]


Current CompileTask:
C2: 342831 5369       4       jdk.internal.jimage.ImageLocation::getFullName (109 bytes)

Stack: [0x0000002547300000,0x0000002547400000]
Native frames: (J=compiled Java code, j=interpreted, Vv=VM code, C=native code)
V  [jvm.dll+0x6ee8fa]
V  [jvm.dll+0x857a1e]
V  [jvm.dll+0x85940e]
V  [jvm.dll+0x859ac3]
V  [jvm.dll+0x28291f]
V  [jvm.dll+0xc9b5f]
V  [jvm.dll+0xc9ee5]
V  [jvm.dll+0x2f7c6f]
V  [jvm.dll+0x5f0c5b]
V  [jvm.dll+0x254d73]
V  [jvm.dll+0x24d901]
V  [jvm.dll+0x24b563]
V  [jvm.dll+0x1d6d61]
V  [jvm.dll+0x25b0fa]
V  [jvm.dll+0x259588]
V  [jvm.dll+0x807928]
V  [jvm.dll+0x8015fa]
V  [jvm.dll+0x6ed5eb]
C  [ucrtbase.dll+0x26c0c]
C  [KERNEL32.DLL+0x155a0]
C  [ntdll.dll+0x485b]


---------------  P R O C E S S  ---------------

Threads class SMR info:
_java_thread_list=0x00000130fc4b8ad0, length=12, elements={
0x00000130ecb7e190, 0x00000130fc30c0f0, 0x00000130fc30cc20, 0x00000130fc3118d0,
0x00000130fc312200, 0x00000130fc312b30, 0x00000130fc313460, 0x00000130fc3140c0,
0x00000130fc32ca10, 0x00000130fc32cf90, 0x00000130fc54e0e0, 0x00000130fc554ea0
}

Java Threads: ( => current thread )
  0x00000130ecb7e190 JavaThread "main" [_thread_blocked, id=29692, stack(0x0000002546600000,0x0000002546700000)]
  0x00000130fc30c0f0 JavaThread "Reference Handler" daemon [_thread_blocked, id=28784, stack(0x0000002546d00000,0x0000002546e00000)]
  0x00000130fc30cc20 JavaThread "Finalizer" daemon [_thread_blocked, id=1248, stack(0x0000002546e00000,0x0000002546f00000)]
  0x00000130fc3118d0 JavaThread "Signal Dispatcher" daemon [_thread_blocked, id=33692, stack(0x0000002546f00000,0x0000002547000000)]
  0x00000130fc312200 JavaThread "Attach Listener" daemon [_thread_blocked, id=13168, stack(0x0000002547000000,0x0000002547100000)]
  0x00000130fc312b30 JavaThread "Service Thread" daemon [_thread_blocked, id=26520, stack(0x0000002547100000,0x0000002547200000)]
  0x00000130fc313460 JavaThread "Monitor Deflation Thread" daemon [_thread_blocked, id=27160, stack(0x0000002547200000,0x0000002547300000)]
=>0x00000130fc3140c0 JavaThread "C2 CompilerThread0" daemon [_thread_in_native, id=1620, stack(0x0000002547300000,0x0000002547400000)]
  0x00000130fc32ca10 JavaThread "C1 CompilerThread0" daemon [_thread_in_native, id=1604, stack(0x0000002547400000,0x0000002547500000)]
  0x00000130fc32cf90 JavaThread "Sweeper thread" daemon [_thread_blocked, id=4940, stack(0x0000002547500000,0x0000002547600000)]
  0x00000130fc54e0e0 JavaThread "Notification Thread" daemon [_thread_blocked, id=9272, stack(0x0000002547600000,0x0000002547700000)]
  0x00000130fc554ea0 JavaThread "Common-Cleaner" daemon [_thread_blocked, id=20936, stack(0x0000002547800000,0x0000002547900000)]

Other Threads:
  0x00000130fc2f1010 VMThread "VM Thread" [stack: 0x0000002546c00000,0x0000002546d00000] [id=15860]
  0x00000130fc554a40 WatcherThread "VM Periodic Task Thread" [stack: 0x0000002547700000,0x0000002547800000] [id=12012]
  0x00000130ecbde130 WorkerThread "GC Thread#0" [stack: 0x0000002546700000,0x0000002546800000] [id=16172]
  0x00000130fc61a270 WorkerThread "GC Thread#1" [stack: 0x0000002547900000,0x0000002547a00000] [id=28084]
  0x00000130fcf1a7c0 WorkerThread "GC Thread#2" [stack: 0x0000002547a00000,0x0000002547b00000] [id=29376]
  0x00000130fcf1aa90 WorkerThread "GC Thread#3" [stack: 0x0000002547b00000,0x0000002547c00000] [id=22704]
  0x00000130fcf1ad60 WorkerThread "GC Thread#4" [stack: 0x0000002547c00000,0x0000002547d00000] [id=32544]
  0x00000130fcf1b300 WorkerThread "GC Thread#5" [stack: 0x0000002547d00000,0x0000002547e00000] [id=25060]
  0x00000130fcf1a4f0 WorkerThread "GC Thread#6" [stack: 0x0000002547e00000,0x0000002547f00000] [id=33384]
  0x00000130fcf1b030 WorkerThread "GC Thread#7" [stack: 0x0000002547f00000,0x0000002548000000] [id=19224]
  0x00000130ecbeeb90 ConcurrentGCThread "G1 Main Marker" [stack: 0x0000002546800000,0x0000002546900000] [id=17880]
  0x00000130ecbef5c0 WorkerThread "G1 Conc#0" [stack: 0x0000002546900000,0x0000002546a00000] [id=10328]
  0x00000130fcba1450 WorkerThread "G1 Conc#1" [stack: 0x0000002548000000,0x0000002548100000] [id=13712]
  0x00000130ecc4e6d0 ConcurrentGCThread "G1 Refine#0" [stack: 0x0000002546a00000,0x0000002546b00000] [id=28820]
  0x00000130fc16a200 ConcurrentGCThread "G1 Service" [stack: 0x0000002546b00000,0x0000002546c00000] [id=1876]

Threads with active compile tasks:
C2 CompilerThread0   343398 5369       4       jdk.internal.jimage.ImageLocation::getFullName (109 bytes)
C1 CompilerThread0   343398 5394   !   3       com.sun.tools.javac.jvm.ClassReader::readMethod (485 bytes)

VM state: at safepoint (normal execution)

VM Mutex/Monitor currently owned by a thread:  ([mutex/lock_event])
[0x00000130ecb798d0] Threads_lock - owner thread: 0x00000130fc2f1010
[0x00000130ecb78d00] Heap_lock - owner thread: 0x00000130ecb7e190

Heap address: 0x0000000082800000, size: 2008 MB, Compressed Oops mode: 32-bit

CDS archive(s) mapped at: [0x0000000800000000-0x0000000800c40000-0x0000000800c40000), size 12845056, SharedBaseAddress: 0x0000000800000000, ArchiveRelocationMode: 0.
Compressed class space mapped at: 0x0000000801000000-0x0000000841000000, reserved size: 1073741824
Narrow klass base: 0x0000000800000000, Narrow klass shift: 0, Narrow klass range: 0x100000000

GC Precious Log:
 CardTable entry size: 512
 Card Set container configuration: InlinePtr #cards 5 size 8 Array Of Cards #cards 12 size 40 Howl #buckets 4 coarsen threshold 1843 Howl Bitmap #cards 512 size 80 coarsen threshold 460 Card regions per heap region 1 cards per card region 2048
 CPUs: 8 total, 8 available
 Memory: 8029M
 Large Page Support: Disabled
 NUMA Support: Disabled
 Compressed Oops: Enabled (32-bit)
 Heap Region Size: 1M
 Heap Min Capacity: 8M
 Heap Initial Capacity: 126M
 Heap Max Capacity: 2008M
 Pre-touch: Disabled
 Parallel Workers: 8
 Concurrent Workers: 2
 Concurrent Refinement Workers: 8
 Periodic GC: Disabled

Heap:
 garbage-first heap   total 68608K, used 55103K [0x0000000082800000, 0x0000000100000000)
  region size 1024K, 3 young (3072K), 3 survivors (3072K)
 Metaspace       used 23847K, committed 24192K, reserved 1114112K
  class space    used 2580K, committed 2752K, reserved 1048576K

Heap Regions: E=young(eden), S=young(survivor), O=old, HS=humongous(starts), HC=humongous(continues), CS=collection set, F=free, OA=open archive, CA=closed archive, TAMS=top-at-mark-start (previous, next)
|   0|0x0000000082800000, 0x0000000082900000, 0x0000000082900000|100%| O|  |TAMS 0x0000000082900000, 0x0000000082800000| Untracked 
|   1|0x0000000082900000, 0x0000000082a00000, 0x0000000082a00000|100%| O|  |TAMS 0x0000000082a00000, 0x0000000082900000| Untracked 
|   2|0x0000000082a00000, 0x0000000082b00000, 0x0000000082b00000|100%| O|  |TAMS 0x0000000082b00000, 0x0000000082a00000| Untracked 
|   3|0x0000000082b00000, 0x0000000082c00000, 0x0000000082c00000|100%| O|  |TAMS 0x0000000082b5a600, 0x0000000082b00000| Untracked 
|   4|0x0000000082c00000, 0x0000000082d00000, 0x0000000082d00000|100%|HS|  |TAMS 0x0000000082c00000, 0x0000000082c00000| Complete 
|   5|0x0000000082d00000, 0x0000000082e00000, 0x0000000082e00000|100%|HS|  |TAMS 0x0000000082d00000, 0x0000000082d00000| Complete 
|   6|0x0000000082e00000, 0x0000000082f00000, 0x0000000082f00000|100%| O|  |TAMS 0x0000000082e00000, 0x0000000082e00000| Untracked 
|   7|0x0000000082f00000, 0x0000000083000000, 0x0000000083000000|100%| O|  |TAMS 0x0000000082f00000, 0x0000000082f00000| Untracked 
|   8|0x0000000083000000, 0x0000000083100000, 0x0000000083100000|100%| O|  |TAMS 0x0000000083000000, 0x0000000083000000| Untracked 
|   9|0x0000000083100000, 0x0000000083200000, 0x0000000083200000|100%| O|  |TAMS 0x0000000083100000, 0x0000000083100000| Untracked 
|  10|0x0000000083200000, 0x0000000083300000, 0x0000000083300000|100%| O|  |TAMS 0x0000000083200000, 0x0000000083200000| Untracked 
|  11|0x0000000083300000, 0x0000000083300000, 0x0000000083400000|  0%| F|  |TAMS 0x0000000083300000, 0x0000000083300000| Untracked 
|  12|0x0000000083400000, 0x0000000083400000, 0x0000000083500000|  0%| F|  |TAMS 0x0000000083400000, 0x0000000083400000| Untracked 
|  13|0x0000000083500000, 0x0000000083500000, 0x0000000083600000|  0%| F|  |TAMS 0x0000000083500000, 0x0000000083500000| Untracked 
|  14|0x0000000083600000, 0x0000000083600000, 0x0000000083700000|  0%| F|  |TAMS 0x0000000083600000, 0x0000000083600000| Untracked 
|  15|0x0000000083700000, 0x0000000083800000, 0x0000000083800000|100%| O|  |TAMS 0x0000000083700000, 0x0000000083700000| Untracked 
|  16|0x0000000083800000, 0x0000000083900000, 0x0000000083900000|100%| O|  |TAMS 0x0000000083800000, 0x0000000083800000| Untracked 
|  17|0x0000000083900000, 0x0000000083a00000, 0x0000000083a00000|100%| O|  |TAMS 0x0000000083900000, 0x0000000083900000| Untracked 
|  18|0x0000000083a00000, 0x0000000083b00000, 0x0000000083b00000|100%| O|  |TAMS 0x0000000083a00000, 0x0000000083a00000| Untracked 
|  19|0x0000000083b00000, 0x0000000083c00000, 0x0000000083c00000|100%| O|  |TAMS 0x0000000083b00000, 0x0000000083b00000| Untracked 
|  20|0x0000000083c00000, 0x0000000083c00000, 0x0000000083d00000|  0%| F|  |TAMS 0x0000000083c00000, 0x0000000083c00000| Untracked 
|  21|0x0000000083d00000, 0x0000000083d00000, 0x0000000083e00000|  0%| F|  |TAMS 0x0000000083d00000, 0x0000000083d00000| Untracked 
|  22|0x0000000083e00000, 0x0000000083e00000, 0x0000000083f00000|  0%| F|  |TAMS 0x0000000083e00000, 0x0000000083e00000| Untracked 
|  23|0x0000000083f00000, 0x0000000083f00000, 0x0000000084000000|  0%| F|  |TAMS 0x0000000083f00000, 0x0000000083f00000| Untracked 
|  24|0x0000000084000000, 0x0000000084000000, 0x0000000084100000|  0%| F|  |TAMS 0x0000000084000000, 0x0000000084000000| Untracked 
|  25|0x0000000084100000, 0x0000000084100000, 0x0000000084200000|  0%| F|  |TAMS 0x0000000084100000, 0x0000000084100000| Untracked 
|  26|0x0000000084200000, 0x0000000084200000, 0x0000000084300000|  0%| F|  |TAMS 0x0000000084200000, 0x0000000084200000| Untracked 
|  27|0x0000000084300000, 0x0000000084300000, 0x0000000084400000|  0%| F|  |TAMS 0x0000000084300000, 0x0000000084300000| Untracked 
|  28|0x0000000084400000, 0x0000000084400000, 0x0000000084500000|  0%| F|  |TAMS 0x0000000084400000, 0x0000000084400000| Untracked 
|  29|0x0000000084500000, 0x0000000084600000, 0x0000000084600000|100%| S|  |TAMS 0x0000000084500000, 0x0000000084500000| Complete 
|  30|0x0000000084600000, 0x0000000084700000, 0x0000000084700000|100%| S|  |TAMS 0x0000000084600000, 0x0000000084600000| Complete 
|  31|0x0000000084700000, 0x0000000084800000, 0x0000000084800000|100%| S|  |TAMS 0x0000000084700000, 0x0000000084700000| Complete 
|  32|0x0000000084800000, 0x0000000084800000, 0x0000000084900000|  0%| F|CS|TAMS 0x0000000084800000, 0x0000000084800000| Untracked 
|  33|0x0000000084900000, 0x0000000084900000, 0x0000000084a00000|  0%| F|CS|TAMS 0x0000000084900000, 0x0000000084900000| Untracked 
|  34|0x0000000084a00000, 0x0000000084a00000, 0x0000000084b00000|  0%| F|CS|TAMS 0x0000000084a00000, 0x0000000084a00000| Untracked 
|  35|0x0000000084b00000, 0x0000000084b00000, 0x0000000084c00000|  0%| F|CS|TAMS 0x0000000084b00000, 0x0000000084b00000| Untracked 
|  36|0x0000000084c00000, 0x0000000084c00000, 0x0000000084d00000|  0%| F|CS|TAMS 0x0000000084c00000, 0x0000000084c00000| Untracked 
|  37|0x0000000084d00000, 0x0000000084e00000, 0x0000000084e00000|100%| O|  |TAMS 0x0000000084d00000, 0x0000000084d00000| Untracked 
|  38|0x0000000084e00000, 0x0000000084f00000, 0x0000000084f00000|100%| O|  |TAMS 0x0000000084e00000, 0x0000000084e00000| Untracked 
|  39|0x0000000084f00000, 0x0000000085000000, 0x0000000085000000|100%| O|  |TAMS 0x0000000084f00000, 0x0000000084f00000| Untracked 
|  40|0x0000000085000000, 0x0000000085100000, 0x0000000085100000|100%| O|  |TAMS 0x0000000085000000, 0x0000000085000000| Untracked 
|  41|0x0000000085100000, 0x0000000085100000, 0x0000000085200000|  0%| F|CS|TAMS 0x0000000085100000, 0x0000000085100000| Untracked 
|  42|0x0000000085200000, 0x0000000085200000, 0x0000000085300000|  0%| F|CS|TAMS 0x0000000085200000, 0x0000000085200000| Untracked 
|  43|0x0000000085300000, 0x0000000085300000, 0x0000000085400000|  0%| F|CS|TAMS 0x0000000085300000, 0x0000000085300000| Untracked 
|  44|0x0000000085400000, 0x0000000085400000, 0x0000000085500000|  0%| F|CS|TAMS 0x0000000085400000, 0x0000000085400000| Untracked 
|  45|0x0000000085500000, 0x0000000085500000, 0x0000000085600000|  0%| F|CS|TAMS 0x0000000085500000, 0x0000000085500000| Untracked 
|  46|0x0000000085600000, 0x0000000085600000, 0x0000000085700000|  0%| F|CS|TAMS 0x0000000085600000, 0x0000000085600000| Untracked 
|  47|0x0000000085700000, 0x0000000085700000, 0x0000000085800000|  0%| F|CS|TAMS 0x0000000085700000, 0x0000000085700000| Untracked 
|  48|0x0000000085800000, 0x0000000085800000, 0x0000000085900000|  0%| F|CS|TAMS 0x0000000085800000, 0x0000000085800000| Untracked 
|  49|0x0000000085900000, 0x0000000085900000, 0x0000000085a00000|  0%| F|CS|TAMS 0x0000000085900000, 0x0000000085900000| Untracked 
|  51|0x0000000085b00000, 0x0000000085c00000, 0x0000000085c00000|100%| O|  |TAMS 0x0000000085b00000, 0x0000000085b00000| Untracked 
|  52|0x0000000085c00000, 0x0000000085d00000, 0x0000000085d00000|100%| O|  |TAMS 0x0000000085c00000, 0x0000000085c00000| Untracked 
|  53|0x0000000085d00000, 0x0000000085e00000, 0x0000000085e00000|100%| O|  |TAMS 0x0000000085d00000, 0x0000000085d00000| Untracked 
|  54|0x0000000085e00000, 0x0000000085f00000, 0x0000000085f00000|100%| O|  |TAMS 0x0000000085e00000, 0x0000000085e00000| Untracked 
|  55|0x0000000085f00000, 0x0000000085f00000, 0x0000000086000000|  0%| F|CS|TAMS 0x0000000085f00000, 0x0000000085f00000| Untracked 
|  79|0x0000000087700000, 0x0000000087700000, 0x0000000087800000|  0%| F|CS|TAMS 0x0000000087700000, 0x0000000087700000| Untracked 
|  80|0x0000000087800000, 0x0000000087800000, 0x0000000087900000|  0%| F|CS|TAMS 0x0000000087800000, 0x0000000087800000| Untracked 
|  81|0x0000000087900000, 0x0000000087900000, 0x0000000087a00000|  0%| F|CS|TAMS 0x0000000087900000, 0x0000000087900000| Untracked 
|  82|0x0000000087a00000, 0x0000000087a00000, 0x0000000087b00000|  0%| F|CS|TAMS 0x0000000087a00000, 0x0000000087a00000| Untracked 
| 125|0x000000008a500000, 0x000000008a500000, 0x000000008a600000|  0%| F|CS|TAMS 0x000000008a500000, 0x000000008a500000| Untracked 
|2001|0x00000000ff900000, 0x00000000ffa00000, 0x00000000ffa00000|100%| O|  |TAMS 0x00000000ff900000, 0x00000000ff900000| Untracked 
|2002|0x00000000ffa00000, 0x00000000ffb00000, 0x00000000ffb00000|100%| O|  |TAMS 0x00000000ffa00000, 0x00000000ffa00000| Untracked 
|2003|0x00000000ffb00000, 0x00000000ffc00000, 0x00000000ffc00000|100%| O|  |TAMS 0x00000000ffb00000, 0x00000000ffb00000| Untracked 
|2004|0x00000000ffc00000, 0x00000000ffd00000, 0x00000000ffd00000|100%| O|  |TAMS 0x00000000ffc00000, 0x00000000ffc00000| Untracked 
|2005|0x00000000ffd00000, 0x00000000ffe00000, 0x00000000ffe00000|100%| O|  |TAMS 0x00000000ffd00000, 0x00000000ffd00000| Untracked 
|2006|0x00000000ffe00000, 0x00000000fff00000, 0x00000000fff00000|100%| O|  |TAMS 0x00000000ffe00000, 0x00000000ffe00000| Untracked 
|2007|0x00000000fff00000, 0x0000000100000000, 0x0000000100000000|100%| O|  |TAMS 0x00000000fff00000, 0x00000000fff00000| Untracked 

Card table byte_map: [0x00000130f5200000,0x00000130f55f0000] _byte_map_base: 0x00000130f4dec000

Marking Bits (Prev, Next): (CMBitMap*) 0x00000130ecbde7a0, (CMBitMap*) 0x00000130ecbde760
 Prev Bits: [0x00000130f7940000, 0x00000130f98a0000)
 Next Bits: [0x00000130f59e0000, 0x00000130f7940000)

Polling page: 0x00000130eab30000

Metaspace:

Usage:
  Non-class:     20.77 MB used.
      Class:      2.52 MB used.
       Both:     23.29 MB used.

Virtual space:
  Non-class space:       64.00 MB reserved,      20.94 MB ( 33%) committed,  1 nodes.
      Class space:        1.00 GB reserved,       2.69 MB ( <1%) committed,  1 nodes.
             Both:        1.06 GB reserved,      23.62 MB (  2%) committed. 

Chunk freelists:
   Non-Class:  2.44 MB
       Class:  1.23 MB
        Both:  3.66 MB

MaxMetaspaceSize: unlimited
CompressedClassSpaceSize: 1.00 GB
Initial GC threshold: 21.00 MB
Current GC threshold: 35.12 MB
CDS: on
MetaspaceReclaimPolicy: balanced
 - commit_granule_bytes: 65536.
 - commit_granule_words: 8192.
 - virtual_space_node_default_size: 8388608.
 - enlarge_chunks_in_place: 1.
 - new_chunks_are_fully_committed: 0.
 - uncommit_free_chunks: 1.
 - use_allocation_guard: 0.


Internal statistics:

num_allocs_failed_limit: 3.
num_arena_births: 312.
num_arena_deaths: 0.
num_vsnodes_births: 2.
num_vsnodes_deaths: 0.
num_space_committed: 378.
num_space_uncommitted: 0.
num_chunks_returned_to_freelist: 3.
num_chunks_taken_from_freelist: 1145.
num_chunk_merges: 0.
num_chunk_splits: 814.
num_chunks_enlarged: 630.
num_inconsistent_stats: 0.

CodeHeap 'non-profiled nmethods': size=120000Kb used=2972Kb max_used=2972Kb free=117028Kb
 bounds [0x0000013087ad0000, 0x0000013087dc0000, 0x000001308f000000]
CodeHeap 'profiled nmethods': size=120000Kb used=11126Kb max_used=11126Kb free=108873Kb
 bounds [0x0000013080000000, 0x0000013080ae0000, 0x0000013087530000]
CodeHeap 'non-nmethods': size=5760Kb used=1298Kb max_used=1357Kb free=4461Kb
 bounds [0x0000013087530000, 0x00000130877a0000, 0x0000013087ad0000]
 total_blobs=5855 nmethods=5337 adapters=428
 compilation: enabled
              stopped_count=0, restarted_count=0
 full_count=0

Compilation events (20 events):
Event: 342.346 Thread 0x00000130fc32ca10 nmethod 5377 0x0000013080ad4210 code [0x0000013080ad4420, 0x0000013080ad4a18]
Event: 342.346 Thread 0x00000130fc32ca10 5383       3       com.sun.tools.javac.jvm.ClassReader::enterMember (41 bytes)
Event: 342.346 Thread 0x00000130fc32ca10 nmethod 5383 0x0000013080ad4d90 code [0x0000013080ad4f60, 0x0000013080ad52b8]
Event: 342.424 Thread 0x00000130fc32ca10 5385       3       com.sun.tools.javac.code.Symbol$MethodSymbol::<init> (85 bytes)
Event: 342.425 Thread 0x00000130fc32ca10 nmethod 5385 0x0000013080ad5410 code [0x0000013080ad5720, 0x0000013080ad6898]
Event: 342.425 Thread 0x00000130fc32ca10 5388       1       com.sun.tools.javac.comp.Resolve$ResolveError::exists (2 bytes)
Event: 342.425 Thread 0x00000130fc32ca10 nmethod 5388 0x0000013087db6a10 code [0x0000013087db6ba0, 0x0000013087db6c78]
Event: 342.425 Thread 0x00000130fc32ca10 5389       3       java.util.stream.ReferencePipeline$3::<init> (15 bytes)
Event: 342.425 Thread 0x00000130fc32ca10 nmethod 5389 0x0000013080ad6e90 code [0x0000013080ad7040, 0x0000013080ad72c8]
Event: 342.425 Thread 0x00000130fc32ca10 5390       3       java.util.stream.ReferencePipeline$3::opWrapSink (10 bytes)
Event: 342.425 Thread 0x00000130fc32ca10 nmethod 5390 0x0000013080ad7410 code [0x0000013080ad7600, 0x0000013080ad7bc8]
Event: 342.425 Thread 0x00000130fc32ca10 5397       3       com.sun.tools.javac.jvm.ClassReader::setParameters (334 bytes)
Event: 342.427 Thread 0x00000130fc32ca10 nmethod 5397 0x0000013080ad7d90 code [0x0000013080ad8280, 0x0000013080adb308]
Event: 342.427 Thread 0x00000130fc32ca10 5391       3       com.sun.tools.javac.util.Assert::checkNull (9 bytes)
Event: 342.427 Thread 0x00000130fc32ca10 nmethod 5391 0x0000013080adc310 code [0x0000013080adc4c0, 0x0000013080adc708]
Event: 342.427 Thread 0x00000130fc32ca10 5392       3       com.sun.tools.javac.code.Types::isSignaturePolymorphic (111 bytes)
Event: 342.427 Thread 0x00000130fc32ca10 nmethod 5392 0x0000013080adc810 code [0x0000013080adca20, 0x0000013080add398]
Event: 342.427 Thread 0x00000130fc32ca10 5393       3       com.sun.tools.javac.code.Symbol::isInterface (19 bytes)
Event: 342.427 Thread 0x00000130fc32ca10 nmethod 5393 0x0000013080add710 code [0x0000013080add8c0, 0x0000013080addae8]
Event: 342.427 Thread 0x00000130fc32ca10 5394   !   3       com.sun.tools.javac.jvm.ClassReader::readMethod (485 bytes)

GC Heap History (12 events):
Event: 2.343 GC heap before
{Heap before GC invocations=0 (full 0):
 garbage-first heap   total 129024K, used 23552K [0x0000000082800000, 0x0000000100000000)
  region size 1024K, 23 young (23552K), 0 survivors (0K)
 Metaspace       used 4978K, committed 5120K, reserved 1114112K
  class space    used 558K, committed 640K, reserved 1048576K
}
Event: 2.353 GC heap after
{Heap after GC invocations=1 (full 0):
 garbage-first heap   total 129024K, used 3584K [0x0000000082800000, 0x0000000100000000)
  region size 1024K, 3 young (3072K), 3 survivors (3072K)
 Metaspace       used 4978K, committed 5120K, reserved 1114112K
  class space    used 558K, committed 640K, reserved 1048576K
}
Event: 4.156 GC heap before
{Heap before GC invocations=1 (full 0):
 garbage-first heap   total 129024K, used 35328K [0x0000000082800000, 0x0000000100000000)
  region size 1024K, 34 young (34816K), 3 survivors (3072K)
 Metaspace       used 10356K, committed 10560K, reserved 1114112K
  class space    used 1223K, committed 1344K, reserved 1048576K
}
Event: 4.181 GC heap after
{Heap after GC invocations=2 (full 0):
 garbage-first heap   total 129024K, used 5812K [0x0000000082800000, 0x0000000100000000)
  region size 1024K, 3 young (3072K), 3 survivors (3072K)
 Metaspace       used 10356K, committed 10560K, reserved 1114112K
  class space    used 1223K, committed 1344K, reserved 1048576K
}
Event: 168.395 GC heap before
{Heap before GC invocations=2 (full 0):
 garbage-first heap   total 129024K, used 79540K [0x0000000082800000, 0x0000000100000000)
  region size 1024K, 75 young (76800K), 3 survivors (3072K)
 Metaspace       used 13491K, committed 13760K, reserved 1114112K
  class space    used 1466K, committed 1600K, reserved 1048576K
}
Event: 168.459 GC heap after
{Heap after GC invocations=3 (full 0):
 garbage-first heap   total 129024K, used 13256K [0x0000000082800000, 0x0000000100000000)
  region size 1024K, 10 young (10240K), 10 survivors (10240K)
 Metaspace       used 13491K, committed 13760K, reserved 1114112K
  class space    used 1466K, committed 1600K, reserved 1048576K
}
Event: 326.102 GC heap before
{Heap before GC invocations=3 (full 0):
 garbage-first heap   total 129024K, used 89032K [0x0000000082800000, 0x0000000100000000)
  region size 1024K, 53 young (54272K), 10 survivors (10240K)
 Metaspace       used 21204K, committed 21504K, reserved 1114112K
  class space    used 2325K, committed 2496K, reserved 1048576K
}
Event: 326.417 GC heap after
{Heap after GC invocations=4 (full 0):
 garbage-first heap   total 129024K, used 16441K [0x0000000082800000, 0x0000000100000000)
  region size 1024K, 4 young (4096K), 4 survivors (4096K)
 Metaspace       used 21204K, committed 21504K, reserved 1114112K
  class space    used 2325K, committed 2496K, reserved 1048576K
}
Event: 334.092 GC heap before
{Heap before GC invocations=5 (full 0):
 garbage-first heap   total 61440K, used 51257K [0x0000000082800000, 0x0000000100000000)
  region size 1024K, 36 young (36864K), 4 survivors (4096K)
 Metaspace       used 23304K, committed 23616K, reserved 1114112K
  class space    used 2520K, committed 2688K, reserved 1048576K
}
Event: 334.393 GC heap after
{Heap after GC invocations=6 (full 0):
 garbage-first heap   total 68608K, used 30266K [0x0000000082800000, 0x0000000100000000)
  region size 1024K, 5 young (5120K), 5 survivors (5120K)
 Metaspace       used 23304K, committed 23616K, reserved 1114112K
  class space    used 2520K, committed 2688K, reserved 1048576K
}
Event: 334.618 GC heap before
{Heap before GC invocations=6 (full 0):
 garbage-first heap   total 68608K, used 31290K [0x0000000082800000, 0x0000000100000000)
  region size 1024K, 6 young (6144K), 5 survivors (5120K)
 Metaspace       used 23307K, committed 23616K, reserved 1114112K
  class space    used 2520K, committed 2688K, reserved 1048576K
}
Event: 334.916 GC heap after
{Heap after GC invocations=7 (full 0):
 garbage-first heap   total 68608K, used 31551K [0x0000000082800000, 0x0000000100000000)
  region size 1024K, 1 young (1024K), 1 survivors (1024K)
 Metaspace       used 23307K, committed 23616K, reserved 1114112K
  class space    used 2520K, committed 2688K, reserved 1048576K
}

Dll operation events (8 events):
Event: 0.025 Loaded shared library C:\Program Files\Java\jdk-19\bin\java.dll
Event: 0.153 Loaded shared library C:\Program Files\Java\jdk-19\bin\jsvml.dll
Event: 0.518 Loaded shared library C:\Program Files\Java\jdk-19\bin\net.dll
Event: 0.524 Loaded shared library C:\Program Files\Java\jdk-19\bin\nio.dll
Event: 0.533 Loaded shared library C:\Program Files\Java\jdk-19\bin\zip.dll
Event: 1.145 Loaded shared library C:\Program Files\Java\jdk-19\bin\jimage.dll
Event: 1.266 Loaded shared library C:\Users\User\Desktop\NETBEAN\NetBeans-15\netbeans\java\maven\lib\jansi-native\Windows\x86_64\jansi.dll
Event: 1.286 Loaded shared library C:\Program Files\Java\jdk-19\bin\verify.dll

Deoptimization events (20 events):
Event: 336.599 Thread 0x00000130ecb7e190 DEOPT PACKING pc=0x0000013087d75004 sp=0x00000025466fd140
Event: 336.599 Thread 0x00000130ecb7e190 DEOPT UNPACKING pc=0x0000013087596da3 sp=0x00000025466fd0d8 mode 2
Event: 337.564 Thread 0x00000130ecb7e190 Uncommon trap: trap_request=0xffffff45 fr.pc=0x0000013087d77358 relative=0x0000000000000518
Event: 337.564 Thread 0x00000130ecb7e190 Uncommon trap: reason=unstable_if action=reinterpret pc=0x0000013087d77358 method=java.nio.file.FileTreeWalker.visit(Ljava/nio/file/Path;ZZ)Ljava/nio/file/FileTreeWalker$Event; @ 84 c2
Event: 337.564 Thread 0x00000130ecb7e190 DEOPT PACKING pc=0x0000013087d77358 sp=0x00000025466fd5f0
Event: 337.564 Thread 0x00000130ecb7e190 DEOPT UNPACKING pc=0x0000013087596da3 sp=0x00000025466fd5b0 mode 2
Event: 337.564 Thread 0x00000130ecb7e190 Uncommon trap: trap_request=0xffffff45 fr.pc=0x0000013087d82ec4 relative=0x0000000000000a04
Event: 337.564 Thread 0x00000130ecb7e190 Uncommon trap: reason=unstable_if action=reinterpret pc=0x0000013087d82ec4 method=java.nio.file.FileTreeWalker.visit(Ljava/nio/file/Path;ZZ)Ljava/nio/file/FileTreeWalker$Event; @ 53 c2
Event: 337.564 Thread 0x00000130ecb7e190 DEOPT PACKING pc=0x0000013087d82ec4 sp=0x00000025466fd670
Event: 337.564 Thread 0x00000130ecb7e190 DEOPT UNPACKING pc=0x0000013087596da3 sp=0x00000025466fd590 mode 2
Event: 337.895 Thread 0x00000130ecb7e190 DEOPT PACKING pc=0x0000013080a39536 sp=0x00000025466fd280
Event: 337.895 Thread 0x00000130ecb7e190 DEOPT UNPACKING pc=0x0000013087597543 sp=0x00000025466fc800 mode 0
Event: 341.308 Thread 0x00000130ecb7e190 Uncommon trap: trap_request=0xffffff45 fr.pc=0x0000013087d5d280 relative=0x0000000000000060
Event: 341.308 Thread 0x00000130ecb7e190 Uncommon trap: reason=unstable_if action=reinterpret pc=0x0000013087d5d280 method=com.sun.tools.javac.jvm.PoolReader.sizeof(I)I @ 1 c2
Event: 341.308 Thread 0x00000130ecb7e190 DEOPT PACKING pc=0x0000013087d5d280 sp=0x00000025466fcec0
Event: 341.308 Thread 0x00000130ecb7e190 DEOPT UNPACKING pc=0x0000013087596da3 sp=0x00000025466fce50 mode 2
Event: 342.343 Thread 0x00000130ecb7e190 Uncommon trap: trap_request=0xffffff45 fr.pc=0x0000013087db09e8 relative=0x0000000000000048
Event: 342.343 Thread 0x00000130ecb7e190 Uncommon trap: reason=unstable_if action=reinterpret pc=0x0000013087db09e8 method=com.sun.tools.javac.util.ArrayUtils.ensureCapacity([BI)[B @ 3 c2
Event: 342.343 Thread 0x00000130ecb7e190 DEOPT PACKING pc=0x0000013087db09e8 sp=0x00000025466fc250
Event: 342.343 Thread 0x00000130ecb7e190 DEOPT UNPACKING pc=0x0000013087596da3 sp=0x00000025466fc1c8 mode 2

Classes loaded (20 events):
Event: 329.069 Loading class sun/nio/fs/BasicFileAttributesHolder
Event: 329.069 Loading class sun/nio/fs/BasicFileAttributesHolder done
Event: 335.478 Loading class java/util/ComparableTimSort
Event: 335.479 Loading class java/util/ComparableTimSort done
Event: 335.785 Loading class sun/nio/fs/WindowsDirectoryStream$WindowsDirectoryIterator
Event: 335.795 Loading class sun/nio/fs/WindowsDirectoryStream$WindowsDirectoryIterator done
Event: 335.795 Loading class java/nio/file/Files$2
Event: 335.810 Loading class java/nio/file/Files$2 done
Event: 335.815 Loading class java/util/ImmutableCollections$Access
Event: 335.815 Loading class java/util/ImmutableCollections$Access done
Event: 335.815 Loading class java/util/ImmutableCollections$Access$1
Event: 335.816 Loading class jdk/internal/access/JavaUtilCollectionAccess
Event: 335.816 Loading class jdk/internal/access/JavaUtilCollectionAccess done
Event: 335.816 Loading class java/util/ImmutableCollections$Access$1 done
Event: 335.816 Loading class java/util/stream/Nodes$SpinedNodeBuilder
Event: 335.817 Loading class java/util/stream/Nodes$SpinedNodeBuilder done
Event: 335.851 Loading class sun/nio/fs/WindowsPath$WindowsPathWithAttributes
Event: 335.852 Loading class sun/nio/fs/WindowsPath$WindowsPathWithAttributes done
Event: 337.563 Loading class java/nio/file/FileTreeWalker$1
Event: 337.564 Loading class java/nio/file/FileTreeWalker$1 done

Classes unloaded (0 events):
No events

Classes redefined (0 events):
No events

Internal exceptions (20 events):
Event: 341.902 Thread 0x00000130ecb7e190 Exception <a 'sun/nio/fs/WindowsException'{0x00000000856c2830}> (0x00000000856c2830) 
thrown [s\open\src\hotspot\share\prims\jni.cpp, line 517]
Event: 341.902 Thread 0x00000130ecb7e190 Exception <a 'sun/nio/fs/WindowsException'{0x00000000856c4240}> (0x00000000856c4240) 
thrown [s\open\src\hotspot\share\prims\jni.cpp, line 517]
Event: 341.902 Thread 0x00000130ecb7e190 Exception <a 'sun/nio/fs/WindowsException'{0x00000000856c45a0}> (0x00000000856c45a0) 
thrown [s\open\src\hotspot\share\prims\jni.cpp, line 517]
Event: 341.909 Thread 0x00000130ecb7e190 Exception <a 'sun/nio/fs/WindowsException'{0x00000000856c6b98}> (0x00000000856c6b98) 
thrown [s\open\src\hotspot\share\prims\jni.cpp, line 517]
Event: 341.909 Thread 0x00000130ecb7e190 Exception <a 'sun/nio/fs/WindowsException'{0x00000000856c6ec0}> (0x00000000856c6ec0) 
thrown [s\open\src\hotspot\share\prims\jni.cpp, line 517]
Event: 341.914 Thread 0x00000130ecb7e190 Exception <a 'sun/nio/fs/WindowsException'{0x00000000856e9ee8}> (0x00000000856e9ee8) 
thrown [s\open\src\hotspot\share\prims\jni.cpp, line 517]
Event: 341.914 Thread 0x00000130ecb7e190 Exception <a 'sun/nio/fs/WindowsException'{0x00000000856ea1b8}> (0x00000000856ea1b8) 
thrown [s\open\src\hotspot\share\prims\jni.cpp, line 517]
Event: 341.932 Thread 0x00000130ecb7e190 Exception <a 'sun/nio/fs/WindowsException'{0x0000000085536bb0}> (0x0000000085536bb0) 
thrown [s\open\src\hotspot\share\prims\jni.cpp, line 517]
Event: 341.932 Thread 0x00000130ecb7e190 Exception <a 'sun/nio/fs/WindowsException'{0x0000000085536ed0}> (0x0000000085536ed0) 
thrown [s\open\src\hotspot\share\prims\jni.cpp, line 517]
Event: 341.932 Thread 0x00000130ecb7e190 Exception <a 'sun/nio/fs/WindowsException'{0x0000000085538938}> (0x0000000085538938) 
thrown [s\open\src\hotspot\share\prims\jni.cpp, line 517]
Event: 341.932 Thread 0x00000130ecb7e190 Exception <a 'sun/nio/fs/WindowsException'{0x0000000085538ce8}> (0x0000000085538ce8) 
thrown [s\open\src\hotspot\share\prims\jni.cpp, line 517]
Event: 341.933 Thread 0x00000130ecb7e190 Exception <a 'sun/nio/fs/WindowsException'{0x000000008553b0d8}> (0x000000008553b0d8) 
thrown [s\open\src\hotspot\share\prims\jni.cpp, line 517]
Event: 341.933 Thread 0x00000130ecb7e190 Exception <a 'sun/nio/fs/WindowsException'{0x000000008553b3a8}> (0x000000008553b3a8) 
thrown [s\open\src\hotspot\share\prims\jni.cpp, line 517]
Event: 341.984 Thread 0x00000130ecb7e190 Exception <a 'sun/nio/fs/WindowsException'{0x0000000085559030}> (0x0000000085559030) 
thrown [s\open\src\hotspot\share\prims\jni.cpp, line 517]
Event: 341.985 Thread 0x00000130ecb7e190 Exception <a 'sun/nio/fs/WindowsException'{0x00000000855592c0}> (0x00000000855592c0) 
thrown [s\open\src\hotspot\share\prims\jni.cpp, line 517]
Event: 342.048 Thread 0x00000130ecb7e190 Exception <a 'sun/nio/fs/WindowsException'{0x00000000855977c0}> (0x00000000855977c0) 
thrown [s\open\src\hotspot\share\prims\jni.cpp, line 517]
Event: 342.048 Thread 0x00000130ecb7e190 Exception <a 'sun/nio/fs/WindowsException'{0x0000000085597a90}> (0x0000000085597a90) 
thrown [s\open\src\hotspot\share\prims\jni.cpp, line 517]
Event: 342.048 Thread 0x00000130ecb7e190 Exception <a 'sun/nio/fs/WindowsException'{0x0000000085599468}> (0x0000000085599468) 
thrown [s\open\src\hotspot\share\prims\jni.cpp, line 517]
Event: 342.048 Thread 0x00000130ecb7e190 Exception <a 'sun/nio/fs/WindowsException'{0x00000000855997c8}> (0x00000000855997c8) 
thrown [s\open\src\hotspot\share\prims\jni.cpp, line 517]
Event: 342.235 Thread 0x00000130ecb7e190 Exception <a 'java/lang/NoSuchMethodError'{0x00000000855adfc8}: 'java.lang.Object java.lang.invoke.DirectMethodHandle$Holder.invokeInterface(java.lang.Object, java.lang.Object)'> (0x00000000855adfc8) 
thrown [s\open\src\hotspot\share\interpreter\linkResolver.cpp, line 774]

VM Operations (20 events):
Event: 333.620 Executing VM operation: Cleanup
Event: 333.855 Executing VM operation: Cleanup done
Event: 334.092 Executing VM operation: G1CollectForAllocation
Event: 334.393 Executing VM operation: G1CollectForAllocation done
Event: 334.618 Executing VM operation: G1CollectForAllocation
Event: 335.408 Executing VM operation: G1CollectForAllocation done
Event: 336.596 Executing VM operation: HandshakeAllThreads
Event: 336.596 Executing VM operation: HandshakeAllThreads done
Event: 336.596 Executing VM operation: Cleanup
Event: 336.596 Executing VM operation: Cleanup done
Event: 337.644 Executing VM operation: Cleanup
Event: 337.825 Executing VM operation: Cleanup done
Event: 338.852 Executing VM operation: Cleanup
Event: 338.860 Executing VM operation: Cleanup done
Event: 339.944 Executing VM operation: Cleanup
Event: 339.955 Executing VM operation: Cleanup done
Event: 341.156 Executing VM operation: Cleanup
Event: 341.361 Executing VM operation: Cleanup done
Event: 342.361 Executing VM operation: Cleanup
Event: 342.424 Executing VM operation: Cleanup done

Events (12 events):
Event: 0.153 Thread 0x00000130ecb7e190 Thread added: 0x00000130ecb7e190
Event: 0.432 Thread 0x00000130fc30c0f0 Thread added: 0x00000130fc30c0f0
Event: 0.432 Thread 0x00000130fc30cc20 Thread added: 0x00000130fc30cc20
Event: 0.432 Thread 0x00000130fc3118d0 Thread added: 0x00000130fc3118d0
Event: 0.433 Thread 0x00000130fc312200 Thread added: 0x00000130fc312200
Event: 0.433 Thread 0x00000130fc312b30 Thread added: 0x00000130fc312b30
Event: 0.433 Thread 0x00000130fc313460 Thread added: 0x00000130fc313460
Event: 0.433 Thread 0x00000130fc3140c0 Thread added: 0x00000130fc3140c0
Event: 0.441 Thread 0x00000130fc32ca10 Thread added: 0x00000130fc32ca10
Event: 0.442 Thread 0x00000130fc32cf90 Thread added: 0x00000130fc32cf90
Event: 0.490 Thread 0x00000130fc54e0e0 Thread added: 0x00000130fc54e0e0
Event: 0.504 Thread 0x00000130fc554ea0 Thread added: 0x00000130fc554ea0


Dynamic libraries:
0x00007ff75d2a0000 - 0x00007ff75d2b0000 	C:\Program Files\Java\jdk-19\bin\java.exe
0x00007ffd17dc0000 - 0x00007ffd17fc9000 	C:\WINDOWS\SYSTEM32\ntdll.dll
0x00007ffd16ad0000 - 0x00007ffd16b8e000 	C:\WINDOWS\System32\KERNEL32.DLL
0x00007ffd15870000 - 0x00007ffd15bf4000 	C:\WINDOWS\System32\KERNELBASE.dll
0x00007ffcfb4c0000 - 0x00007ffcfb4d8000 	C:\Program Files\Java\jdk-19\bin\jli.dll
0x00007ffd15270000 - 0x00007ffd15381000 	C:\WINDOWS\System32\ucrtbase.dll
0x00007ffd12330000 - 0x00007ffd1234b000 	C:\Program Files\Java\jdk-19\bin\VCRUNTIME140.dll
0x00007ffd177a0000 - 0x00007ffd1784f000 	C:\WINDOWS\System32\ADVAPI32.dll
0x00007ffd176d0000 - 0x00007ffd17773000 	C:\WINDOWS\System32\msvcrt.dll
0x00007ffd17630000 - 0x00007ffd176ce000 	C:\WINDOWS\System32\sechost.dll
0x00007ffd16910000 - 0x00007ffd16a31000 	C:\WINDOWS\System32\RPCRT4.dll
0x00007ffd15cd0000 - 0x00007ffd15e7d000 	C:\WINDOWS\System32\USER32.dll
0x00007ffd15c00000 - 0x00007ffd15c26000 	C:\WINDOWS\System32\win32u.dll
0x00007ffd16c70000 - 0x00007ffd16c9a000 	C:\WINDOWS\System32\GDI32.dll
0x00007ffd15540000 - 0x00007ffd1565f000 	C:\WINDOWS\System32\gdi32full.dll
0x00007ffd15660000 - 0x00007ffd156fd000 	C:\WINDOWS\System32\msvcp_win.dll
0x00007ffcff340000 - 0x00007ffcff5e5000 	C:\WINDOWS\WinSxS\amd64_microsoft.windows.common-controls_6595b64144ccf1df_6.0.22000.120_none_9d947278b86cc467\COMCTL32.dll
0x00007ffd0f3f0000 - 0x00007ffd0f3fa000 	C:\WINDOWS\SYSTEM32\VERSION.dll
0x00007ffd15c90000 - 0x00007ffd15cc1000 	C:\WINDOWS\System32\IMM32.DLL
0x00007ffd12380000 - 0x00007ffd1238c000 	C:\Program Files\Java\jdk-19\bin\vcruntime140_1.dll
0x00007ffcea700000 - 0x00007ffcea78e000 	C:\Program Files\Java\jdk-19\bin\msvcp140.dll
0x00007ffcaf740000 - 0x00007ffcb0400000 	C:\Program Files\Java\jdk-19\bin\server\jvm.dll
0x00007ffce9940000 - 0x00007ffce9949000 	C:\WINDOWS\SYSTEM32\WSOCK32.dll
0x00007ffd15e80000 - 0x00007ffd15eef000 	C:\WINDOWS\System32\WS2_32.dll
0x00007ffd0f410000 - 0x00007ffd0f443000 	C:\WINDOWS\SYSTEM32\WINMM.dll
0x00007ffd143e0000 - 0x00007ffd143f8000 	C:\WINDOWS\SYSTEM32\kernel.appcore.dll
0x00007ffd11b30000 - 0x00007ffd11b3a000 	C:\Program Files\Java\jdk-19\bin\jimage.dll
0x00007ffd12ed0000 - 0x00007ffd130f1000 	C:\WINDOWS\SYSTEM32\DBGHELP.DLL
0x00007ffcfca70000 - 0x00007ffcfcaa1000 	C:\WINDOWS\SYSTEM32\dbgcore.DLL
0x00007ffd15450000 - 0x00007ffd154cf000 	C:\WINDOWS\System32\bcryptPrimitives.dll
0x00007ffd11ab0000 - 0x00007ffd11ad6000 	C:\Program Files\Java\jdk-19\bin\java.dll
0x00007ffce79d0000 - 0x00007ffce7aa7000 	C:\Program Files\Java\jdk-19\bin\jsvml.dll
0x00007ffd16ca0000 - 0x00007ffd17465000 	C:\WINDOWS\System32\SHELL32.dll
0x00007ffd13360000 - 0x00007ffd13bc4000 	C:\WINDOWS\SYSTEM32\windows.storage.dll
0x00007ffd16520000 - 0x00007ffd16896000 	C:\WINDOWS\System32\combase.dll
0x00007ffd131f0000 - 0x00007ffd13357000 	C:\WINDOWS\SYSTEM32\wintypes.dll
0x00007ffd174d0000 - 0x00007ffd175ba000 	C:\WINDOWS\System32\SHCORE.dll
0x00007ffd15c30000 - 0x00007ffd15c8d000 	C:\WINDOWS\System32\shlwapi.dll
0x00007ffd151a0000 - 0x00007ffd151c1000 	C:\WINDOWS\SYSTEM32\profapi.dll
0x00007ffd04080000 - 0x00007ffd04093000 	C:\Program Files\Java\jdk-19\bin\net.dll
0x00007ffd0edc0000 - 0x00007ffd0eed3000 	C:\WINDOWS\SYSTEM32\WINHTTP.dll
0x00007ffd14880000 - 0x00007ffd148e7000 	C:\WINDOWS\system32\mswsock.dll
0x00007ffcfd5f0000 - 0x00007ffcfd606000 	C:\Program Files\Java\jdk-19\bin\nio.dll
0x00007ffcfd5d0000 - 0x00007ffcfd5e8000 	C:\Program Files\Java\jdk-19\bin\zip.dll
0x0000000069ac0000 - 0x0000000069ae4000 	C:\Users\User\Desktop\NETBEAN\NetBeans-15\netbeans\java\maven\lib\jansi-native\Windows\x86_64\jansi.dll
0x00007ffd10620000 - 0x00007ffd10630000 	C:\Program Files\Java\jdk-19\bin\verify.dll

dbghelp: loaded successfully - version: 4.0.5 - missing functions: none
symbol engine: initialized successfully - sym options: 0x614 - pdb path: .;C:\Program Files\Java\jdk-19\bin;C:\WINDOWS\SYSTEM32;C:\WINDOWS\WinSxS\amd64_microsoft.windows.common-controls_6595b64144ccf1df_6.0.22000.120_none_9d947278b86cc467;C:\Program Files\Java\jdk-19\bin\server;C:\Users\User\Desktop\NETBEAN\NetBeans-15\netbeans\java\maven\lib\jansi-native\Windows\x86_64

VM Arguments:
jvm_args: -Dclassworlds.conf=C:\Users\User\Desktop\NETBEAN\NetBeans-15\netbeans\java\maven\bin\m2.conf -Dmaven.home=C:\Users\User\Desktop\NETBEAN\NetBeans-15\netbeans\java\maven -Dlibrary.jansi.path=C:\Users\User\Desktop\NETBEAN\NetBeans-15\netbeans\java\maven\lib\jansi-native -Dmaven.multiModuleProjectDirectory=C:\Users\User\Desktop\NETBEAN\WallStreetWarriors 
java_command: org.codehaus.plexus.classworlds.launcher.Launcher -Dmaven.ext.class.path=C:\Users\User\Desktop\NETBEAN\NetBeans-15\netbeans\java\maven-nblib\netbeans-eventspy.jar install
java_class_path (initial): C:\Users\User\Desktop\NETBEAN\NetBeans-15\netbeans\java\maven\boot\plexus-classworlds-2.6.0.jar
Launcher Type: SUN_STANDARD

[Global flags]
     intx CICompilerCount                          = 4                                         {product} {ergonomic}
     uint ConcGCThreads                            = 2                                         {product} {ergonomic}
     uint G1ConcRefinementThreads                  = 8                                         {product} {ergonomic}
   size_t G1HeapRegionSize                         = 1048576                                   {product} {ergonomic}
    uintx GCDrainStackTargetSize                   = 64                                        {product} {ergonomic}
   size_t InitialHeapSize                          = 132120576                                 {product} {ergonomic}
   size_t MarkStackSize                            = 4194304                                   {product} {ergonomic}
   size_t MaxHeapSize                              = 2105540608                                {product} {ergonomic}
   size_t MaxNewSize                               = 1262485504                                {product} {ergonomic}
   size_t MinHeapDeltaBytes                        = 1048576                                   {product} {ergonomic}
   size_t MinHeapSize                              = 8388608                                   {product} {ergonomic}
    uintx NonNMethodCodeHeapSize                   = 5839372                                {pd product} {ergonomic}
    uintx NonProfiledCodeHeapSize                  = 122909434                              {pd product} {ergonomic}
    uintx ProfiledCodeHeapSize                     = 122909434                              {pd product} {ergonomic}
    uintx ReservedCodeCacheSize                    = 251658240                              {pd product} {ergonomic}
     bool SegmentedCodeCache                       = true                                      {product} {ergonomic}
   size_t SoftMaxHeapSize                          = 2105540608                             {manageable} {ergonomic}
     bool UseCompressedClassPointers               = true                           {product lp64_product} {ergonomic}
     bool UseCompressedOops                        = true                           {product lp64_product} {ergonomic}
     bool UseG1GC                                  = true                                      {product} {ergonomic}
     bool UseLargePagesIndividualAllocation        = false                                  {pd product} {ergonomic}

Logging:
Log output configuration:
 #0: stdout all=warning uptime,level,tags foldmultilines=false
 #1: stderr all=off uptime,level,tags foldmultilines=false

Environment Variables:
JAVA_HOME=C:\Program Files\Java\jdk-19
PATH=C:\Program Files\Common Files\Oracle\Java\javapath;C:\Windows\system32;C:\Windows;C:\Windows\System32\Wbem;C:\Windows\System32\WindowsPowerShell\v1.0\;C:\Windows\System32\OpenSSH\;C:\Program Files (x86)\NVIDIA Corporation\PhysX\Common;C:\Program Files\NVIDIA Corporation\NVIDIA NvDLISR;C:\WINDOWS\system32;C:\WINDOWS;C:\WINDOWS\System32\Wbem;C:\WINDOWS\System32\WindowsPowerShell\v1.0\;C:\WINDOWS\System32\OpenSSH\;C:\Program Files\Java\jdk-19\bin;C:\Program Files\Microsoft SQL Server\130\Tools\Binn\;C:\Program Files\nodejs\;C:\Program Files\Git\cmd;C:\Users\User\AppData\Local\Programs\Python\Python311\Scripts\;C:\Users\User\AppData\Local\Programs\Python\Python311\;C:\Users\User\AppData\Local\Microsoft\WindowsApps;C:\Users\User\Desktop\Useful tools\Microsoft VS Code\bin;C:\Users\User\AppData\Local\GitHubDesktop\bin;C:\Users\User\AppData\Roaming\npm;C:\Program Files\Graphviz\bin
USERNAME=User
OS=Windows_NT
PROCESSOR_IDENTIFIER=Intel64 Family 6 Model 165 Stepping 2, GenuineIntel
TMP=C:\Users\User\AppData\Local\Temp
TEMP=C:\Users\User\AppData\Local\Temp



---------------  S Y S T E M  ---------------

OS:
 Windows 11 , 64 bit Build 22000 (10.0.22000.1880)
OS uptime: 3 days 20:49 hours

CPU: total 8 (initial active 8) (4 cores per cpu, 2 threads per core) family 6 model 165 stepping 2 microcode 0xe0, cx8, cmov, fxsr, ht, mmx, 3dnowpref, sse, sse2, sse3, ssse3, sse4.1, sse4.2, popcnt, lzcnt, tsc, tscinvbit, avx, avx2, aes, erms, clmul, bmi1, bmi2, adx, fma, vzeroupper, clflush, clflushopt, rdtscp

Memory: 4k page, system-wide physical 8029M (40M free)
TotalPageFile size 32605M (AvailPageFile size 0M)
current process WorkingSet (physical memory assigned to process): 65M, peak: 101M
current process commit charge ("private bytes"): 204M, peak: 273M

vm_info: Java HotSpot(TM) 64-Bit Server VM (19+36-2238) for windows-amd64 JRE (19+36-2238), built on 2022-08-12T20:29:01Z by "mach5one" with MS VC++ 17.1 (VS2022)

END.
