#
# There is insufficient memory for the Java Runtime Environment to continue.
# Native memory allocation (malloc) failed to allocate 32784 bytes for Chunk::new
# Possible reasons:
#   The system is out of physical RAM or swap space
#   The process is running with CompressedOops enabled, and the Java Heap may be blocking the growth of the native heap
# Possible solutions:
#   Reduce memory load on the system
#   Increase physical memory or swap space
#   Check if swap backing store is full
#   Decrease Java heap size (-Xmx/-Xms)
#   Decrease number of Java threads
#   Decrease Java thread stack sizes (-Xss)
#   Set larger code cache with -XX:ReservedCodeCacheSize=
#   JVM is running with Unscaled Compressed Oops mode in which the Java heap is
#     placed in the first 4GB address space. The Java Heap base address is the
#     maximum limit for the native heap growth. Please use -XX:HeapBaseMinAddress
#     to set the Java Heap base and to place the Java Heap above 4GB virtual address.
# This output file may be truncated or incomplete.
#
#  Out of Memory Error (arena.cpp:184), pid=17012, tid=25548
#
# JRE version: Java(TM) SE Runtime Environment (19.0+36) (build 19+36-2238)
# Java VM: Java HotSpot(TM) 64-Bit Server VM (19+36-2238, mixed mode, sharing, tiered, compressed oops, compressed class ptrs, g1 gc, windows-amd64)
# No core dump will be written. Minidumps are not enabled by default on client versions of Windows
#

---------------  S U M M A R Y ------------

Command Line: -Dclassworlds.conf=C:\Users\User\Desktop\NETBEAN\NetBeans-15\netbeans\java\maven\bin\m2.conf -Dmaven.home=C:\Users\User\Desktop\NETBEAN\NetBeans-15\netbeans\java\maven -Dlibrary.jansi.path=C:\Users\User\Desktop\NETBEAN\NetBeans-15\netbeans\java\maven\lib\jansi-native -Dmaven.multiModuleProjectDirectory=C:\Users\User\Desktop\NETBEAN\WallStreetWarriors org.codehaus.plexus.classworlds.launcher.Launcher -Dmaven.ext.class.path=C:\Users\User\Desktop\NETBEAN\NetBeans-15\netbeans\java\maven-nblib\netbeans-eventspy.jar install

Host: Intel(R) Core(TM) i5-10300H CPU @ 2.50GHz, 8 cores, 7G,  Windows 11 , 64 bit Build 22000 (10.0.22000.1880)
Time: Mon Jun 12 20:47:52 2023 Malay Peninsula Standard Time elapsed time: 386.279105 seconds (0d 0h 6m 26s)

---------------  T H R E A D  ---------------

Current thread (0x000001afe03e2890):  JavaThread "C2 CompilerThread0" daemon [_thread_in_native, id=25548, stack(0x00000018e7100000,0x00000018e7200000)]


Current CompileTask:
C2: 386279 3412       4       org.apache.maven.model.interpolation.StringVisitorModelInterpolator$ModelVisitor::visit (117 bytes)

Stack: [0x00000018e7100000,0x00000018e7200000]
Native frames: (J=compiled Java code, j=interpreted, Vv=VM code, C=native code)
V  [jvm.dll+0x6ee8fa]
V  [jvm.dll+0x857a1e]
V  [jvm.dll+0x85940e]
V  [jvm.dll+0x859ac3]
V  [jvm.dll+0x28291f]
V  [jvm.dll+0xc9b5f]
V  [jvm.dll+0xc9ee5]
V  [jvm.dll+0xd724d]
V  [jvm.dll+0x5e0f0e]
V  [jvm.dll+0x5df1e0]
V  [jvm.dll+0x5dfb70]
V  [jvm.dll+0x5deff0]
V  [jvm.dll+0x5df004]
V  [jvm.dll+0x5df004]
V  [jvm.dll+0x5defb6]
V  [jvm.dll+0x5df004]
V  [jvm.dll+0x5df004]
V  [jvm.dll+0x5df004]
V  [jvm.dll+0x5f13a9]
V  [jvm.dll+0x254d73]
V  [jvm.dll+0x24ddfe]
V  [jvm.dll+0x24b563]
V  [jvm.dll+0x1d6d61]
V  [jvm.dll+0x25b0fa]
V  [jvm.dll+0x259588]
V  [jvm.dll+0x807928]
V  [jvm.dll+0x8015fa]
V  [jvm.dll+0x6ed5eb]
C  [ucrtbase.dll+0x26c0c]
C  [KERNEL32.DLL+0x155a0]
C  [ntdll.dll+0x485b]


---------------  P R O C E S S  ---------------

Threads class SMR info:
_java_thread_list=0x000001afe48c0540, length=12, elements={
0x000001afc1c8e0c0, 0x000001afe03da8c0, 0x000001afe03db3f0, 0x000001afe03e00a0,
0x000001afe03e09d0, 0x000001afe03e1300, 0x000001afe03e1c30, 0x000001afe03e2890,
0x000001afe043bbd0, 0x000001afe043e160, 0x000001afe48df960, 0x000001afe48e8b40
}

Java Threads: ( => current thread )
  0x000001afc1c8e0c0 JavaThread "main" [_thread_in_native, id=3464, stack(0x00000018e6300000,0x00000018e6400000)]
  0x000001afe03da8c0 JavaThread "Reference Handler" daemon [_thread_blocked, id=13432, stack(0x00000018e6b00000,0x00000018e6c00000)]
  0x000001afe03db3f0 JavaThread "Finalizer" daemon [_thread_blocked, id=19264, stack(0x00000018e6c00000,0x00000018e6d00000)]
  0x000001afe03e00a0 JavaThread "Signal Dispatcher" daemon [_thread_blocked, id=9036, stack(0x00000018e6d00000,0x00000018e6e00000)]
  0x000001afe03e09d0 JavaThread "Attach Listener" daemon [_thread_blocked, id=11908, stack(0x00000018e6e00000,0x00000018e6f00000)]
  0x000001afe03e1300 JavaThread "Service Thread" daemon [_thread_blocked, id=28496, stack(0x00000018e6f00000,0x00000018e7000000)]
  0x000001afe03e1c30 JavaThread "Monitor Deflation Thread" daemon [_thread_blocked, id=28364, stack(0x00000018e7000000,0x00000018e7100000)]
=>0x000001afe03e2890 JavaThread "C2 CompilerThread0" daemon [_thread_in_native, id=25548, stack(0x00000018e7100000,0x00000018e7200000)]
  0x000001afe043bbd0 JavaThread "C1 CompilerThread0" daemon [_thread_blocked, id=28256, stack(0x00000018e7200000,0x00000018e7300000)]
  0x000001afe043e160 JavaThread "Sweeper thread" daemon [_thread_in_vm, id=26860, stack(0x00000018e7300000,0x00000018e7400000)]
  0x000001afe48df960 JavaThread "Notification Thread" daemon [_thread_blocked, id=27168, stack(0x00000018e7400000,0x00000018e7500000)]
  0x000001afe48e8b40 JavaThread "Common-Cleaner" daemon [_thread_blocked, id=24856, stack(0x00000018e7600000,0x00000018e7700000)]

Other Threads:
  0x000001afe03bd6b0 VMThread "VM Thread" [stack: 0x00000018e6a00000,0x00000018e6b00000] [id=27796]
  0x000001afe48e82d0 WatcherThread "VM Periodic Task Thread" [stack: 0x00000018e7500000,0x00000018e7600000] [id=1784]
  0x000001afc1cee060 WorkerThread "GC Thread#0" [stack: 0x00000018e6500000,0x00000018e6600000] [id=20452]
  0x000001afe53feb80 WorkerThread "GC Thread#1" [stack: 0x00000018e7700000,0x00000018e7800000] [id=27936]
  0x000001afe50fc020 WorkerThread "GC Thread#2" [stack: 0x00000018e7800000,0x00000018e7900000] [id=24032]
  0x000001afe4d0b1c0 WorkerThread "GC Thread#3" [stack: 0x00000018e7900000,0x00000018e7a00000] [id=23264]
  0x000001afe4d0b760 WorkerThread "GC Thread#4" [stack: 0x00000018e7a00000,0x00000018e7b00000] [id=30752]
  0x000001afe4d0ba30 WorkerThread "GC Thread#5" [stack: 0x00000018e7b00000,0x00000018e7c00000] [id=24716]
  0x000001afe4d0a3b0 WorkerThread "GC Thread#6" [stack: 0x00000018e7c00000,0x00000018e7d00000] [id=6020]
  0x000001afe4d0ac20 WorkerThread "GC Thread#7" [stack: 0x00000018e7d00000,0x00000018e7e00000] [id=4704]
  0x000001afc1cfeac0 ConcurrentGCThread "G1 Main Marker" [stack: 0x00000018e6600000,0x00000018e6700000] [id=25588]
  0x000001afc1cfff90 WorkerThread "G1 Conc#0" [stack: 0x00000018e6700000,0x00000018e6800000] [id=25952]
  0x000001afe02760e0 ConcurrentGCThread "G1 Refine#0" [stack: 0x00000018e6800000,0x00000018e6900000] [id=18948]
  0x000001afe0276ac0 ConcurrentGCThread "G1 Service" [stack: 0x00000018e6900000,0x00000018e6a00000] [id=27252]

Threads with active compile tasks:
C2 CompilerThread0   386312 3412       4       org.apache.maven.model.interpolation.StringVisitorModelInterpolator$ModelVisitor::visit (117 bytes)

VM state: not at safepoint (normal execution)

VM Mutex/Monitor currently owned by a thread: None

Heap address: 0x0000000082800000, size: 2008 MB, Compressed Oops mode: 32-bit

CDS archive(s) mapped at: [0x0000000800000000-0x0000000800c40000-0x0000000800c40000), size 12845056, SharedBaseAddress: 0x0000000800000000, ArchiveRelocationMode: 0.
Compressed class space mapped at: 0x0000000801000000-0x0000000841000000, reserved size: 1073741824
Narrow klass base: 0x0000000800000000, Narrow klass shift: 0, Narrow klass range: 0x100000000

GC Precious Log:
 CardTable entry size: 512
 Card Set container configuration: InlinePtr #cards 5 size 8 Array Of Cards #cards 12 size 40 Howl #buckets 4 coarsen threshold 1843 Howl Bitmap #cards 512 size 80 coarsen threshold 460 Card regions per heap region 1 cards per card region 2048
 CPUs: 8 total, 8 available
 Memory: 8029M
 Large Page Support: Disabled
 NUMA Support: Disabled
 Compressed Oops: Enabled (32-bit)
 Heap Region Size: 1M
 Heap Min Capacity: 8M
 Heap Initial Capacity: 126M
 Heap Max Capacity: 2008M
 Pre-touch: Disabled
 Parallel Workers: 8
 Concurrent Workers: 2
 Concurrent Refinement Workers: 8
 Periodic GC: Disabled

Heap:
 garbage-first heap   total 129024K, used 60120K [0x0000000082800000, 0x0000000100000000)
  region size 1024K, 57 young (58368K), 3 survivors (3072K)
 Metaspace       used 13368K, committed 13632K, reserved 1114112K
  class space    used 1465K, committed 1600K, reserved 1048576K

Heap Regions: E=young(eden), S=young(survivor), O=old, HS=humongous(starts), HC=humongous(continues), CS=collection set, F=free, OA=open archive, CA=closed archive, TAMS=top-at-mark-start (previous, next)
|   0|0x0000000082800000, 0x0000000082900000, 0x0000000082900000|100%| O|  |TAMS 0x0000000082800000, 0x0000000082800000| Untracked 
|   1|0x0000000082900000, 0x0000000082a00000, 0x0000000082a00000|100%| O|  |TAMS 0x0000000082900000, 0x0000000082900000| Untracked 
|   2|0x0000000082a00000, 0x0000000082b00000, 0x0000000082b00000|100%| O|  |TAMS 0x0000000082a00000, 0x0000000082a00000| Untracked 
|   3|0x0000000082b00000, 0x0000000082b5fc00, 0x0000000082c00000| 37%| O|  |TAMS 0x0000000082b00000, 0x0000000082b00000| Untracked 
|   4|0x0000000082c00000, 0x0000000082c00000, 0x0000000082d00000|  0%| F|  |TAMS 0x0000000082c00000, 0x0000000082c00000| Untracked 
|   5|0x0000000082d00000, 0x0000000082d00000, 0x0000000082e00000|  0%| F|  |TAMS 0x0000000082d00000, 0x0000000082d00000| Untracked 
|   6|0x0000000082e00000, 0x0000000082e00000, 0x0000000082f00000|  0%| F|  |TAMS 0x0000000082e00000, 0x0000000082e00000| Untracked 
|   7|0x0000000082f00000, 0x0000000082f00000, 0x0000000083000000|  0%| F|  |TAMS 0x0000000082f00000, 0x0000000082f00000| Untracked 
|   8|0x0000000083000000, 0x0000000083000000, 0x0000000083100000|  0%| F|  |TAMS 0x0000000083000000, 0x0000000083000000| Untracked 
|   9|0x0000000083100000, 0x0000000083100000, 0x0000000083200000|  0%| F|  |TAMS 0x0000000083100000, 0x0000000083100000| Untracked 
|  10|0x0000000083200000, 0x0000000083200000, 0x0000000083300000|  0%| F|  |TAMS 0x0000000083200000, 0x0000000083200000| Untracked 
|  11|0x0000000083300000, 0x0000000083300000, 0x0000000083400000|  0%| F|  |TAMS 0x0000000083300000, 0x0000000083300000| Untracked 
|  12|0x0000000083400000, 0x0000000083400000, 0x0000000083500000|  0%| F|  |TAMS 0x0000000083400000, 0x0000000083400000| Untracked 
|  13|0x0000000083500000, 0x0000000083500000, 0x0000000083600000|  0%| F|  |TAMS 0x0000000083500000, 0x0000000083500000| Untracked 
|  14|0x0000000083600000, 0x0000000083600000, 0x0000000083700000|  0%| F|  |TAMS 0x0000000083600000, 0x0000000083600000| Untracked 
|  15|0x0000000083700000, 0x0000000083700000, 0x0000000083800000|  0%| F|  |TAMS 0x0000000083700000, 0x0000000083700000| Untracked 
|  16|0x0000000083800000, 0x0000000083800000, 0x0000000083900000|  0%| F|  |TAMS 0x0000000083800000, 0x0000000083800000| Untracked 
|  17|0x0000000083900000, 0x0000000083900000, 0x0000000083a00000|  0%| F|  |TAMS 0x0000000083900000, 0x0000000083900000| Untracked 
|  18|0x0000000083a00000, 0x0000000083a00000, 0x0000000083b00000|  0%| F|  |TAMS 0x0000000083a00000, 0x0000000083a00000| Untracked 
|  19|0x0000000083b00000, 0x0000000083b00000, 0x0000000083c00000|  0%| F|  |TAMS 0x0000000083b00000, 0x0000000083b00000| Untracked 
|  20|0x0000000083c00000, 0x0000000083c00000, 0x0000000083d00000|  0%| F|  |TAMS 0x0000000083c00000, 0x0000000083c00000| Untracked 
|  21|0x0000000083d00000, 0x0000000083d00000, 0x0000000083e00000|  0%| F|  |TAMS 0x0000000083d00000, 0x0000000083d00000| Untracked 
|  22|0x0000000083e00000, 0x0000000083e00000, 0x0000000083f00000|  0%| F|  |TAMS 0x0000000083e00000, 0x0000000083e00000| Untracked 
|  23|0x0000000083f00000, 0x0000000083f00000, 0x0000000084000000|  0%| F|  |TAMS 0x0000000083f00000, 0x0000000083f00000| Untracked 
|  24|0x0000000084000000, 0x0000000084000000, 0x0000000084100000|  0%| F|  |TAMS 0x0000000084000000, 0x0000000084000000| Untracked 
|  25|0x0000000084100000, 0x0000000084100000, 0x0000000084200000|  0%| F|  |TAMS 0x0000000084100000, 0x0000000084100000| Untracked 
|  26|0x0000000084200000, 0x0000000084200000, 0x0000000084300000|  0%| F|  |TAMS 0x0000000084200000, 0x0000000084200000| Untracked 
|  27|0x0000000084300000, 0x0000000084300000, 0x0000000084400000|  0%| F|  |TAMS 0x0000000084300000, 0x0000000084300000| Untracked 
|  28|0x0000000084400000, 0x0000000084400000, 0x0000000084500000|  0%| F|  |TAMS 0x0000000084400000, 0x0000000084400000| Untracked 
|  29|0x0000000084500000, 0x0000000084500000, 0x0000000084600000|  0%| F|  |TAMS 0x0000000084500000, 0x0000000084500000| Untracked 
|  30|0x0000000084600000, 0x0000000084600000, 0x0000000084700000|  0%| F|  |TAMS 0x0000000084600000, 0x0000000084600000| Untracked 
|  31|0x0000000084700000, 0x0000000084700000, 0x0000000084800000|  0%| F|  |TAMS 0x0000000084700000, 0x0000000084700000| Untracked 
|  32|0x0000000084800000, 0x0000000084800000, 0x0000000084900000|  0%| F|  |TAMS 0x0000000084800000, 0x0000000084800000| Untracked 
|  33|0x0000000084900000, 0x0000000084900000, 0x0000000084a00000|  0%| F|  |TAMS 0x0000000084900000, 0x0000000084900000| Untracked 
|  34|0x0000000084a00000, 0x0000000084a00000, 0x0000000084b00000|  0%| F|  |TAMS 0x0000000084a00000, 0x0000000084a00000| Untracked 
|  35|0x0000000084b00000, 0x0000000084b00000, 0x0000000084c00000|  0%| F|  |TAMS 0x0000000084b00000, 0x0000000084b00000| Untracked 
|  36|0x0000000084c00000, 0x0000000084c00000, 0x0000000084d00000|  0%| F|  |TAMS 0x0000000084c00000, 0x0000000084c00000| Untracked 
|  37|0x0000000084d00000, 0x0000000084d00000, 0x0000000084e00000|  0%| F|  |TAMS 0x0000000084d00000, 0x0000000084d00000| Untracked 
|  38|0x0000000084e00000, 0x0000000084e00000, 0x0000000084f00000|  0%| F|  |TAMS 0x0000000084e00000, 0x0000000084e00000| Untracked 
|  39|0x0000000084f00000, 0x0000000084f00000, 0x0000000085000000|  0%| F|  |TAMS 0x0000000084f00000, 0x0000000084f00000| Untracked 
|  40|0x0000000085000000, 0x0000000085000000, 0x0000000085100000|  0%| F|  |TAMS 0x0000000085000000, 0x0000000085000000| Untracked 
|  41|0x0000000085100000, 0x0000000085100000, 0x0000000085200000|  0%| F|  |TAMS 0x0000000085100000, 0x0000000085100000| Untracked 
|  42|0x0000000085200000, 0x0000000085200000, 0x0000000085300000|  0%| F|  |TAMS 0x0000000085200000, 0x0000000085200000| Untracked 
|  43|0x0000000085300000, 0x0000000085300000, 0x0000000085400000|  0%| F|  |TAMS 0x0000000085300000, 0x0000000085300000| Untracked 
|  44|0x0000000085400000, 0x0000000085400000, 0x0000000085500000|  0%| F|  |TAMS 0x0000000085400000, 0x0000000085400000| Untracked 
|  45|0x0000000085500000, 0x0000000085500000, 0x0000000085600000|  0%| F|  |TAMS 0x0000000085500000, 0x0000000085500000| Untracked 
|  46|0x0000000085600000, 0x0000000085600000, 0x0000000085700000|  0%| F|  |TAMS 0x0000000085600000, 0x0000000085600000| Untracked 
|  47|0x0000000085700000, 0x0000000085700000, 0x0000000085800000|  0%| F|  |TAMS 0x0000000085700000, 0x0000000085700000| Untracked 
|  48|0x0000000085800000, 0x0000000085800000, 0x0000000085900000|  0%| F|  |TAMS 0x0000000085800000, 0x0000000085800000| Untracked 
|  49|0x0000000085900000, 0x0000000085900000, 0x0000000085a00000|  0%| F|  |TAMS 0x0000000085900000, 0x0000000085900000| Untracked 
|  50|0x0000000085a00000, 0x0000000085a00000, 0x0000000085b00000|  0%| F|  |TAMS 0x0000000085a00000, 0x0000000085a00000| Untracked 
|  51|0x0000000085b00000, 0x0000000085b00000, 0x0000000085c00000|  0%| F|  |TAMS 0x0000000085b00000, 0x0000000085b00000| Untracked 
|  52|0x0000000085c00000, 0x0000000085c00000, 0x0000000085d00000|  0%| F|  |TAMS 0x0000000085c00000, 0x0000000085c00000| Untracked 
|  53|0x0000000085d00000, 0x0000000085d00000, 0x0000000085e00000|  0%| F|  |TAMS 0x0000000085d00000, 0x0000000085d00000| Untracked 
|  54|0x0000000085e00000, 0x0000000085e00000, 0x0000000085f00000|  0%| F|  |TAMS 0x0000000085e00000, 0x0000000085e00000| Untracked 
|  55|0x0000000085f00000, 0x0000000085f00000, 0x0000000086000000|  0%| F|  |TAMS 0x0000000085f00000, 0x0000000085f00000| Untracked 
|  56|0x0000000086000000, 0x0000000086000000, 0x0000000086100000|  0%| F|  |TAMS 0x0000000086000000, 0x0000000086000000| Untracked 
|  57|0x0000000086100000, 0x0000000086100000, 0x0000000086200000|  0%| F|  |TAMS 0x0000000086100000, 0x0000000086100000| Untracked 
|  58|0x0000000086200000, 0x0000000086200000, 0x0000000086300000|  0%| F|  |TAMS 0x0000000086200000, 0x0000000086200000| Untracked 
|  59|0x0000000086300000, 0x0000000086300000, 0x0000000086400000|  0%| F|  |TAMS 0x0000000086300000, 0x0000000086300000| Untracked 
|  60|0x0000000086400000, 0x0000000086400000, 0x0000000086500000|  0%| F|  |TAMS 0x0000000086400000, 0x0000000086400000| Untracked 
|  61|0x0000000086500000, 0x0000000086500000, 0x0000000086600000|  0%| F|  |TAMS 0x0000000086500000, 0x0000000086500000| Untracked 
|  62|0x0000000086600000, 0x0000000086600000, 0x0000000086700000|  0%| F|  |TAMS 0x0000000086600000, 0x0000000086600000| Untracked 
|  63|0x0000000086700000, 0x0000000086700000, 0x0000000086800000|  0%| F|  |TAMS 0x0000000086700000, 0x0000000086700000| Untracked 
|  64|0x0000000086800000, 0x0000000086800000, 0x0000000086900000|  0%| F|  |TAMS 0x0000000086800000, 0x0000000086800000| Untracked 
|  65|0x0000000086900000, 0x0000000086900000, 0x0000000086a00000|  0%| F|  |TAMS 0x0000000086900000, 0x0000000086900000| Untracked 
|  66|0x0000000086a00000, 0x0000000086a00000, 0x0000000086b00000|  0%| F|  |TAMS 0x0000000086a00000, 0x0000000086a00000| Untracked 
|  67|0x0000000086b00000, 0x0000000086b00000, 0x0000000086c00000|  0%| F|  |TAMS 0x0000000086b00000, 0x0000000086b00000| Untracked 
|  68|0x0000000086c00000, 0x0000000086c00000, 0x0000000086d00000|  0%| F|  |TAMS 0x0000000086c00000, 0x0000000086c00000| Untracked 
|  69|0x0000000086d00000, 0x0000000086d80800, 0x0000000086e00000| 50%| E|  |TAMS 0x0000000086d00000, 0x0000000086d00000| Complete 
|  70|0x0000000086e00000, 0x0000000086f00000, 0x0000000086f00000|100%| E|CS|TAMS 0x0000000086e00000, 0x0000000086e00000| Complete 
|  71|0x0000000086f00000, 0x0000000087000000, 0x0000000087000000|100%| E|CS|TAMS 0x0000000086f00000, 0x0000000086f00000| Complete 
|  72|0x0000000087000000, 0x0000000087100000, 0x0000000087100000|100%| E|CS|TAMS 0x0000000087000000, 0x0000000087000000| Complete 
|  73|0x0000000087100000, 0x0000000087200000, 0x0000000087200000|100%| E|CS|TAMS 0x0000000087100000, 0x0000000087100000| Complete 
|  74|0x0000000087200000, 0x0000000087300000, 0x0000000087300000|100%| E|CS|TAMS 0x0000000087200000, 0x0000000087200000| Complete 
|  75|0x0000000087300000, 0x0000000087400000, 0x0000000087400000|100%| E|CS|TAMS 0x0000000087300000, 0x0000000087300000| Complete 
|  76|0x0000000087400000, 0x0000000087500000, 0x0000000087500000|100%| E|CS|TAMS 0x0000000087400000, 0x0000000087400000| Complete 
|  77|0x0000000087500000, 0x0000000087600000, 0x0000000087600000|100%| E|CS|TAMS 0x0000000087500000, 0x0000000087500000| Complete 
|  78|0x0000000087600000, 0x0000000087700000, 0x0000000087700000|100%| E|CS|TAMS 0x0000000087600000, 0x0000000087600000| Complete 
|  79|0x0000000087700000, 0x0000000087800000, 0x0000000087800000|100%| E|CS|TAMS 0x0000000087700000, 0x0000000087700000| Complete 
|  80|0x0000000087800000, 0x0000000087900000, 0x0000000087900000|100%| E|CS|TAMS 0x0000000087800000, 0x0000000087800000| Complete 
|  81|0x0000000087900000, 0x0000000087a00000, 0x0000000087a00000|100%| E|CS|TAMS 0x0000000087900000, 0x0000000087900000| Complete 
|  82|0x0000000087a00000, 0x0000000087b00000, 0x0000000087b00000|100%| E|CS|TAMS 0x0000000087a00000, 0x0000000087a00000| Complete 
|  83|0x0000000087b00000, 0x0000000087c00000, 0x0000000087c00000|100%| E|CS|TAMS 0x0000000087b00000, 0x0000000087b00000| Complete 
|  84|0x0000000087c00000, 0x0000000087d00000, 0x0000000087d00000|100%| E|CS|TAMS 0x0000000087c00000, 0x0000000087c00000| Complete 
|  85|0x0000000087d00000, 0x0000000087e00000, 0x0000000087e00000|100%| E|CS|TAMS 0x0000000087d00000, 0x0000000087d00000| Complete 
|  86|0x0000000087e00000, 0x0000000087f00000, 0x0000000087f00000|100%| E|CS|TAMS 0x0000000087e00000, 0x0000000087e00000| Complete 
|  87|0x0000000087f00000, 0x0000000088000000, 0x0000000088000000|100%| E|CS|TAMS 0x0000000087f00000, 0x0000000087f00000| Complete 
|  88|0x0000000088000000, 0x0000000088100000, 0x0000000088100000|100%| E|CS|TAMS 0x0000000088000000, 0x0000000088000000| Complete 
|  89|0x0000000088100000, 0x00000000881565a0, 0x0000000088200000| 33%| S|CS|TAMS 0x0000000088100000, 0x0000000088100000| Complete 
|  90|0x0000000088200000, 0x0000000088300000, 0x0000000088300000|100%| S|CS|TAMS 0x0000000088200000, 0x0000000088200000| Complete 
|  91|0x0000000088300000, 0x0000000088400000, 0x0000000088400000|100%| S|CS|TAMS 0x0000000088300000, 0x0000000088300000| Complete 
|  92|0x0000000088400000, 0x0000000088500000, 0x0000000088500000|100%| E|CS|TAMS 0x0000000088400000, 0x0000000088400000| Complete 
|  93|0x0000000088500000, 0x0000000088600000, 0x0000000088600000|100%| E|CS|TAMS 0x0000000088500000, 0x0000000088500000| Complete 
|  94|0x0000000088600000, 0x0000000088700000, 0x0000000088700000|100%| E|CS|TAMS 0x0000000088600000, 0x0000000088600000| Complete 
|  95|0x0000000088700000, 0x0000000088800000, 0x0000000088800000|100%| E|CS|TAMS 0x0000000088700000, 0x0000000088700000| Complete 
|  96|0x0000000088800000, 0x0000000088900000, 0x0000000088900000|100%| E|CS|TAMS 0x0000000088800000, 0x0000000088800000| Complete 
|  97|0x0000000088900000, 0x0000000088a00000, 0x0000000088a00000|100%| E|CS|TAMS 0x0000000088900000, 0x0000000088900000| Complete 
|  98|0x0000000088a00000, 0x0000000088b00000, 0x0000000088b00000|100%| E|CS|TAMS 0x0000000088a00000, 0x0000000088a00000| Complete 
|  99|0x0000000088b00000, 0x0000000088c00000, 0x0000000088c00000|100%| E|CS|TAMS 0x0000000088b00000, 0x0000000088b00000| Complete 
| 100|0x0000000088c00000, 0x0000000088d00000, 0x0000000088d00000|100%| E|CS|TAMS 0x0000000088c00000, 0x0000000088c00000| Complete 
| 101|0x0000000088d00000, 0x0000000088e00000, 0x0000000088e00000|100%| E|CS|TAMS 0x0000000088d00000, 0x0000000088d00000| Complete 
| 102|0x0000000088e00000, 0x0000000088f00000, 0x0000000088f00000|100%| E|CS|TAMS 0x0000000088e00000, 0x0000000088e00000| Complete 
| 103|0x0000000088f00000, 0x0000000089000000, 0x0000000089000000|100%| E|CS|TAMS 0x0000000088f00000, 0x0000000088f00000| Complete 
| 104|0x0000000089000000, 0x0000000089100000, 0x0000000089100000|100%| E|CS|TAMS 0x0000000089000000, 0x0000000089000000| Complete 
| 105|0x0000000089100000, 0x0000000089200000, 0x0000000089200000|100%| E|CS|TAMS 0x0000000089100000, 0x0000000089100000| Complete 
| 106|0x0000000089200000, 0x0000000089300000, 0x0000000089300000|100%| E|CS|TAMS 0x0000000089200000, 0x0000000089200000| Complete 
| 107|0x0000000089300000, 0x0000000089400000, 0x0000000089400000|100%| E|CS|TAMS 0x0000000089300000, 0x0000000089300000| Complete 
| 108|0x0000000089400000, 0x0000000089500000, 0x0000000089500000|100%| E|CS|TAMS 0x0000000089400000, 0x0000000089400000| Complete 
| 109|0x0000000089500000, 0x0000000089600000, 0x0000000089600000|100%| E|CS|TAMS 0x0000000089500000, 0x0000000089500000| Complete 
| 110|0x0000000089600000, 0x0000000089700000, 0x0000000089700000|100%| E|CS|TAMS 0x0000000089600000, 0x0000000089600000| Complete 
| 111|0x0000000089700000, 0x0000000089800000, 0x0000000089800000|100%| E|CS|TAMS 0x0000000089700000, 0x0000000089700000| Complete 
| 112|0x0000000089800000, 0x0000000089900000, 0x0000000089900000|100%| E|CS|TAMS 0x0000000089800000, 0x0000000089800000| Complete 
| 113|0x0000000089900000, 0x0000000089a00000, 0x0000000089a00000|100%| E|CS|TAMS 0x0000000089900000, 0x0000000089900000| Complete 
| 114|0x0000000089a00000, 0x0000000089b00000, 0x0000000089b00000|100%| E|CS|TAMS 0x0000000089a00000, 0x0000000089a00000| Complete 
| 115|0x0000000089b00000, 0x0000000089c00000, 0x0000000089c00000|100%| E|CS|TAMS 0x0000000089b00000, 0x0000000089b00000| Complete 
| 116|0x0000000089c00000, 0x0000000089d00000, 0x0000000089d00000|100%| E|CS|TAMS 0x0000000089c00000, 0x0000000089c00000| Complete 
| 117|0x0000000089d00000, 0x0000000089e00000, 0x0000000089e00000|100%| E|CS|TAMS 0x0000000089d00000, 0x0000000089d00000| Complete 
| 118|0x0000000089e00000, 0x0000000089f00000, 0x0000000089f00000|100%| E|CS|TAMS 0x0000000089e00000, 0x0000000089e00000| Complete 
| 119|0x0000000089f00000, 0x000000008a000000, 0x000000008a000000|100%| E|CS|TAMS 0x0000000089f00000, 0x0000000089f00000| Complete 
| 120|0x000000008a000000, 0x000000008a100000, 0x000000008a100000|100%| E|CS|TAMS 0x000000008a000000, 0x000000008a000000| Complete 
| 121|0x000000008a100000, 0x000000008a200000, 0x000000008a200000|100%| E|CS|TAMS 0x000000008a100000, 0x000000008a100000| Complete 
| 122|0x000000008a200000, 0x000000008a300000, 0x000000008a300000|100%| E|CS|TAMS 0x000000008a200000, 0x000000008a200000| Complete 
| 123|0x000000008a300000, 0x000000008a400000, 0x000000008a400000|100%| E|CS|TAMS 0x000000008a300000, 0x000000008a300000| Complete 
| 124|0x000000008a400000, 0x000000008a500000, 0x000000008a500000|100%| E|CS|TAMS 0x000000008a400000, 0x000000008a400000| Complete 
| 125|0x000000008a500000, 0x000000008a600000, 0x000000008a600000|100%| E|CS|TAMS 0x000000008a500000, 0x000000008a500000| Complete 

Card table byte_map: [0x000001afd9310000,0x000001afd9700000] _byte_map_base: 0x000001afd8efc000

Marking Bits (Prev, Next): (CMBitMap*) 0x000001afc1cee690, (CMBitMap*) 0x000001afc1cee6d0
 Prev Bits: [0x000001afd9af0000, 0x000001afdba50000)
 Next Bits: [0x000001afdba50000, 0x000001afdd9b0000)

Polling page: 0x000001afbfca0000

Metaspace:

Usage:
  Non-class:     11.62 MB used.
      Class:      1.43 MB used.
       Both:     13.05 MB used.

Virtual space:
  Non-class space:       64.00 MB reserved,      11.75 MB ( 18%) committed,  1 nodes.
      Class space:        1.00 GB reserved,       1.56 MB ( <1%) committed,  1 nodes.
             Both:        1.06 GB reserved,      13.31 MB (  1%) committed. 

Chunk freelists:
   Non-Class:  3.33 MB
       Class:  2.47 MB
        Both:  5.80 MB

MaxMetaspaceSize: unlimited
CompressedClassSpaceSize: 1.00 GB
Initial GC threshold: 21.00 MB
Current GC threshold: 21.00 MB
CDS: on
MetaspaceReclaimPolicy: balanced
 - commit_granule_bytes: 65536.
 - commit_granule_words: 8192.
 - virtual_space_node_default_size: 8388608.
 - enlarge_chunks_in_place: 1.
 - new_chunks_are_fully_committed: 0.
 - uncommit_free_chunks: 1.
 - use_allocation_guard: 0.


Internal statistics:

num_allocs_failed_limit: 0.
num_arena_births: 238.
num_arena_deaths: 0.
num_vsnodes_births: 2.
num_vsnodes_deaths: 0.
num_space_committed: 213.
num_space_uncommitted: 0.
num_chunks_returned_to_freelist: 0.
num_chunks_taken_from_freelist: 683.
num_chunk_merges: 0.
num_chunk_splits: 493.
num_chunks_enlarged: 369.
num_inconsistent_stats: 0.

CodeHeap 'non-profiled nmethods': size=120000Kb used=1558Kb max_used=1558Kb free=118441Kb
 bounds [0x000001afd16c0000, 0x000001afd1930000, 0x000001afd8bf0000]
CodeHeap 'profiled nmethods': size=120000Kb used=6711Kb max_used=6711Kb free=113288Kb
 bounds [0x000001afc9bf0000, 0x000001afca280000, 0x000001afd1120000]
CodeHeap 'non-nmethods': size=5760Kb used=1267Kb max_used=1334Kb free=4493Kb
 bounds [0x000001afd1120000, 0x000001afd1390000, 0x000001afd16c0000]
 total_blobs=3857 nmethods=3381 adapters=386
 compilation: enabled
              stopped_count=0, restarted_count=0
 full_count=0

Compilation events (20 events):
Event: 386.239 Thread 0x000001afe043bbd0 3420   !   3       org.apache.maven.model.PatternSet::clone (137 bytes)
Event: 386.247 Thread 0x000001afe043bbd0 nmethod 3420 0x000001afca276090 code [0x000001afca2763c0, 0x000001afca277828]
Event: 386.247 Thread 0x000001afe043bbd0 3421       3       org.apache.maven.model.merge.ModelMerger$MergingList::size (27 bytes)
Event: 386.247 Thread 0x000001afe043bbd0 nmethod 3421 0x000001afca278010 code [0x000001afca2781e0, 0x000001afca2784d8]
Event: 386.247 Thread 0x000001afe043bbd0 3422       1       org.apache.maven.model.BuildBase::setDirectory (6 bytes)
Event: 386.248 Thread 0x000001afe043bbd0 nmethod 3422 0x000001afd1844e90 code [0x000001afd1845020, 0x000001afd1845138]
Event: 386.248 Thread 0x000001afe043bbd0 3418       3       java.util.concurrent.ConcurrentHashMap::keySet (26 bytes)
Event: 386.248 Thread 0x000001afe043bbd0 nmethod 3418 0x000001afca278610 code [0x000001afca2787e0, 0x000001afca278b78]
Event: 386.248 Thread 0x000001afe043bbd0 3419       3       java.util.concurrent.ConcurrentHashMap$KeySetView::iterator (34 bytes)
Event: 386.248 Thread 0x000001afe043bbd0 nmethod 3419 0x000001afca278c90 code [0x000001afca278e40, 0x000001afca279068]
Event: 386.250 Thread 0x000001afe043bbd0 3423       3       org.apache.maven.model.normalization.DefaultModelNormalizer::mergeDuplicates (264 bytes)
Event: 386.259 Thread 0x000001afe043bbd0 nmethod 3423 0x000001afca279190 code [0x000001afca2796a0, 0x000001afca27c3a8]
Event: 386.259 Thread 0x000001afe043bbd0 3425       1       org.apache.maven.model.Build::setSourceDirectory (6 bytes)
Event: 386.259 Thread 0x000001afe043bbd0 nmethod 3425 0x000001afd1845190 code [0x000001afd1845320, 0x000001afd1845438]
Event: 386.259 Thread 0x000001afe043bbd0 3424       3       org.apache.maven.model.profile.DefaultProfileActivationContext::setProjectProperties (28 bytes)
Event: 386.260 Thread 0x000001afe043bbd0 nmethod 3424 0x000001afca27d190 code [0x000001afca27d3a0, 0x000001afca27da68]
Event: 386.260 Thread 0x000001afe043bbd0 3426       1       org.apache.maven.model.IssueManagement::getUrl (5 bytes)
Event: 386.262 Thread 0x000001afe043bbd0 nmethod 3426 0x000001afd1845490 code [0x000001afd1845620, 0x000001afd18456d8]
Event: 386.262 Thread 0x000001afe043bbd0 3427       1       org.apache.maven.model.IssueManagement::getSystem (5 bytes)
Event: 386.262 Thread 0x000001afe043bbd0 nmethod 3427 0x000001afd1845790 code [0x000001afd1845920, 0x000001afd18459d8]

GC Heap History (4 events):
Event: 11.754 GC heap before
{Heap before GC invocations=0 (full 0):
 garbage-first heap   total 129024K, used 23552K [0x0000000082800000, 0x0000000100000000)
  region size 1024K, 23 young (23552K), 0 survivors (0K)
 Metaspace       used 4973K, committed 5120K, reserved 1114112K
  class space    used 558K, committed 640K, reserved 1048576K
}
Event: 12.561 GC heap after
{Heap after GC invocations=1 (full 0):
 garbage-first heap   total 129024K, used 3571K [0x0000000082800000, 0x0000000100000000)
  region size 1024K, 3 young (3072K), 3 survivors (3072K)
 Metaspace       used 4973K, committed 5120K, reserved 1114112K
  class space    used 558K, committed 640K, reserved 1048576K
}
Event: 21.053 GC heap before
{Heap before GC invocations=1 (full 0):
 garbage-first heap   total 129024K, used 35315K [0x0000000082800000, 0x0000000100000000)
  region size 1024K, 34 young (34816K), 3 survivors (3072K)
 Metaspace       used 10401K, committed 10624K, reserved 1114112K
  class space    used 1223K, committed 1344K, reserved 1048576K
}
Event: 21.062 GC heap after
{Heap after GC invocations=2 (full 0):
 garbage-first heap   total 129024K, used 5848K [0x0000000082800000, 0x0000000100000000)
  region size 1024K, 3 young (3072K), 3 survivors (3072K)
 Metaspace       used 10401K, committed 10624K, reserved 1114112K
  class space    used 1223K, committed 1344K, reserved 1048576K
}

Dll operation events (8 events):
Event: 0.142 Loaded shared library C:\Program Files\Java\jdk-19\bin\java.dll
Event: 0.255 Loaded shared library C:\Program Files\Java\jdk-19\bin\jsvml.dll
Event: 0.588 Loaded shared library C:\Program Files\Java\jdk-19\bin\net.dll
Event: 0.591 Loaded shared library C:\Program Files\Java\jdk-19\bin\nio.dll
Event: 0.594 Loaded shared library C:\Program Files\Java\jdk-19\bin\zip.dll
Event: 1.400 Loaded shared library C:\Program Files\Java\jdk-19\bin\jimage.dll
Event: 1.573 Loaded shared library C:\Users\User\Desktop\NETBEAN\NetBeans-15\netbeans\java\maven\lib\jansi-native\Windows\x86_64\jansi.dll
Event: 1.666 Loaded shared library C:\Program Files\Java\jdk-19\bin\verify.dll

Deoptimization events (20 events):
Event: 383.907 Thread 0x000001afc1c8e0c0 Uncommon trap: trap_request=0xffffffbe fr.pc=0x000001afd1841f68 relative=0x00000000000010e8
Event: 383.907 Thread 0x000001afc1c8e0c0 Uncommon trap: reason=profile_predicate action=maybe_recompile pc=0x000001afd1841f68 method=java.util.concurrent.ConcurrentHashMap.putAll(Ljava/util/Map;)V @ 28 c2
Event: 383.907 Thread 0x000001afc1c8e0c0 DEOPT PACKING pc=0x000001afd1841f68 sp=0x00000018e63fccf0
Event: 383.907 Thread 0x000001afc1c8e0c0 DEOPT UNPACKING pc=0x000001afd1186da3 sp=0x00000018e63fccc0 mode 2
Event: 383.907 Thread 0x000001afc1c8e0c0 Uncommon trap: trap_request=0xffffffbe fr.pc=0x000001afd1841f68 relative=0x00000000000010e8
Event: 383.907 Thread 0x000001afc1c8e0c0 Uncommon trap: reason=profile_predicate action=maybe_recompile pc=0x000001afd1841f68 method=java.util.concurrent.ConcurrentHashMap.putAll(Ljava/util/Map;)V @ 28 c2
Event: 383.907 Thread 0x000001afc1c8e0c0 DEOPT PACKING pc=0x000001afd1841f68 sp=0x00000018e63fcf80
Event: 383.907 Thread 0x000001afc1c8e0c0 DEOPT UNPACKING pc=0x000001afd1186da3 sp=0x00000018e63fcf50 mode 2
Event: 386.212 Thread 0x000001afc1c8e0c0 Uncommon trap: trap_request=0xffffffbe fr.pc=0x000001afd1841f68 relative=0x00000000000010e8
Event: 386.212 Thread 0x000001afc1c8e0c0 Uncommon trap: reason=profile_predicate action=maybe_recompile pc=0x000001afd1841f68 method=java.util.concurrent.ConcurrentHashMap.putAll(Ljava/util/Map;)V @ 28 c2
Event: 386.212 Thread 0x000001afc1c8e0c0 DEOPT PACKING pc=0x000001afd1841f68 sp=0x00000018e63fce00
Event: 386.212 Thread 0x000001afc1c8e0c0 DEOPT UNPACKING pc=0x000001afd1186da3 sp=0x00000018e63fcde0 mode 2
Event: 386.222 Thread 0x000001afc1c8e0c0 Uncommon trap: trap_request=0xffffff45 fr.pc=0x000001afd17998d8 relative=0x0000000000002458
Event: 386.222 Thread 0x000001afc1c8e0c0 Uncommon trap: reason=unstable_if action=reinterpret pc=0x000001afd17998d8 method=org.codehaus.plexus.util.xml.pull.MXParser.isS(C)Z @ 21 c2
Event: 386.223 Thread 0x000001afc1c8e0c0 DEOPT PACKING pc=0x000001afd17998d8 sp=0x00000018e63fd130
Event: 386.223 Thread 0x000001afc1c8e0c0 DEOPT UNPACKING pc=0x000001afd1186da3 sp=0x00000018e63fd068 mode 2
Event: 386.241 Thread 0x000001afc1c8e0c0 Uncommon trap: trap_request=0xffffff45 fr.pc=0x000001afd183508c relative=0x0000000000005aec
Event: 386.241 Thread 0x000001afc1c8e0c0 Uncommon trap: reason=unstable_if action=reinterpret pc=0x000001afd183508c method=org.codehaus.plexus.interpolation.StringSearchInterpolator.interpolate(Ljava/lang/String;Lorg/codehaus/plexus/interpolation/RecursionInterceptor;Ljava/util/Set;)Ljava/lang/S
Event: 386.241 Thread 0x000001afc1c8e0c0 DEOPT PACKING pc=0x000001afd183508c sp=0x00000018e63fce00
Event: 386.241 Thread 0x000001afc1c8e0c0 DEOPT UNPACKING pc=0x000001afd1186da3 sp=0x00000018e63fce00 mode 2

Classes loaded (20 events):
Event: 22.705 Loading class java/lang/Byte$ByteCache
Event: 22.740 Loading class java/lang/Byte$ByteCache done
Event: 22.750 Loading class sun/invoke/util/ValueConversions$1
Event: 22.774 Loading class sun/invoke/util/ValueConversions$1 done
Event: 22.775 Loading class java/lang/invoke/BoundMethodHandle$Species_LI
Event: 22.775 Loading class java/lang/invoke/BoundMethodHandle$Species_LI done
Event: 25.711 Loading class java/util/LinkedList$ListItr
Event: 25.711 Loading class java/util/LinkedList$ListItr done
Event: 181.856 Loading class java/io/InterruptedIOException
Event: 181.883 Loading class java/io/InterruptedIOException done
Event: 183.766 Loading class java/util/concurrent/locks/ReentrantReadWriteLock$NonfairSync
Event: 183.766 Loading class java/util/concurrent/locks/ReentrantReadWriteLock$Sync
Event: 183.767 Loading class java/util/concurrent/locks/ReentrantReadWriteLock$Sync done
Event: 183.900 Loading class java/util/concurrent/locks/ReentrantReadWriteLock$NonfairSync done
Event: 184.033 Loading class java/util/concurrent/locks/ReentrantReadWriteLock$Sync$ThreadLocalHoldCounter
Event: 184.034 Loading class java/util/concurrent/locks/ReentrantReadWriteLock$Sync$ThreadLocalHoldCounter done
Event: 184.034 Loading class java/util/concurrent/locks/ReentrantReadWriteLock$ReadLock
Event: 184.034 Loading class java/util/concurrent/locks/ReentrantReadWriteLock$ReadLock done
Event: 184.034 Loading class java/util/concurrent/locks/ReentrantReadWriteLock$WriteLock
Event: 184.034 Loading class java/util/concurrent/locks/ReentrantReadWriteLock$WriteLock done

Classes unloaded (0 events):
No events

Classes redefined (0 events):
No events

Internal exceptions (20 events):
Event: 190.242 Thread 0x000001afc1c8e0c0 Exception <a 'java/io/IOException'{0x0000000088fa9650}> (0x0000000088fa9650) 
thrown [s\open\src\hotspot\share\prims\jni.cpp, line 517]
Event: 190.243 Thread 0x000001afc1c8e0c0 Exception <a 'java/io/IOException'{0x0000000088fa9c90}> (0x0000000088fa9c90) 
thrown [s\open\src\hotspot\share\prims\jni.cpp, line 517]
Event: 190.243 Thread 0x000001afc1c8e0c0 Exception <a 'java/io/IOException'{0x0000000088faa258}> (0x0000000088faa258) 
thrown [s\open\src\hotspot\share\prims\jni.cpp, line 517]
Event: 190.243 Thread 0x000001afc1c8e0c0 Exception <a 'java/io/IOException'{0x0000000088faa820}> (0x0000000088faa820) 
thrown [s\open\src\hotspot\share\prims\jni.cpp, line 517]
Event: 190.244 Thread 0x000001afc1c8e0c0 Exception <a 'java/io/IOException'{0x0000000088faae30}> (0x0000000088faae30) 
thrown [s\open\src\hotspot\share\prims\jni.cpp, line 517]
Event: 190.244 Thread 0x000001afc1c8e0c0 Exception <a 'java/io/IOException'{0x0000000088fab430}> (0x0000000088fab430) 
thrown [s\open\src\hotspot\share\prims\jni.cpp, line 517]
Event: 190.244 Thread 0x000001afc1c8e0c0 Exception <a 'java/io/IOException'{0x0000000088fab9f8}> (0x0000000088fab9f8) 
thrown [s\open\src\hotspot\share\prims\jni.cpp, line 517]
Event: 190.244 Thread 0x000001afc1c8e0c0 Exception <a 'java/io/IOException'{0x0000000088fabd10}> (0x0000000088fabd10) 
thrown [s\open\src\hotspot\share\prims\jni.cpp, line 517]
Event: 190.244 Thread 0x000001afc1c8e0c0 Exception <a 'java/io/IOException'{0x0000000088facca0}> (0x0000000088facca0) 
thrown [s\open\src\hotspot\share\prims\jni.cpp, line 517]
Event: 190.244 Thread 0x000001afc1c8e0c0 Exception <a 'java/io/IOException'{0x0000000088fad2a0}> (0x0000000088fad2a0) 
thrown [s\open\src\hotspot\share\prims\jni.cpp, line 517]
Event: 190.244 Thread 0x000001afc1c8e0c0 Exception <a 'java/io/IOException'{0x0000000088fad868}> (0x0000000088fad868) 
thrown [s\open\src\hotspot\share\prims\jni.cpp, line 517]
Event: 190.244 Thread 0x000001afc1c8e0c0 Exception <a 'java/io/IOException'{0x0000000088fadb80}> (0x0000000088fadb80) 
thrown [s\open\src\hotspot\share\prims\jni.cpp, line 517]
Event: 190.246 Thread 0x000001afc1c8e0c0 Exception <a 'java/io/IOException'{0x0000000088fae5a8}> (0x0000000088fae5a8) 
thrown [s\open\src\hotspot\share\prims\jni.cpp, line 517]
Event: 190.246 Thread 0x000001afc1c8e0c0 Exception <a 'java/io/IOException'{0x0000000088faeba8}> (0x0000000088faeba8) 
thrown [s\open\src\hotspot\share\prims\jni.cpp, line 517]
Event: 190.246 Thread 0x000001afc1c8e0c0 Exception <a 'java/io/IOException'{0x0000000088faf170}> (0x0000000088faf170) 
thrown [s\open\src\hotspot\share\prims\jni.cpp, line 517]
Event: 190.246 Thread 0x000001afc1c8e0c0 Exception <a 'java/io/IOException'{0x0000000088faf488}> (0x0000000088faf488) 
thrown [s\open\src\hotspot\share\prims\jni.cpp, line 517]
Event: 190.246 Thread 0x000001afc1c8e0c0 Exception <a 'java/io/IOException'{0x0000000088fb0108}> (0x0000000088fb0108) 
thrown [s\open\src\hotspot\share\prims\jni.cpp, line 517]
Event: 190.246 Thread 0x000001afc1c8e0c0 Exception <a 'java/io/IOException'{0x0000000088fb0708}> (0x0000000088fb0708) 
thrown [s\open\src\hotspot\share\prims\jni.cpp, line 517]
Event: 190.246 Thread 0x000001afc1c8e0c0 Exception <a 'java/io/IOException'{0x0000000088fb0cd0}> (0x0000000088fb0cd0) 
thrown [s\open\src\hotspot\share\prims\jni.cpp, line 517]
Event: 190.246 Thread 0x000001afc1c8e0c0 Exception <a 'java/io/IOException'{0x0000000088fb0fe8}> (0x0000000088fb0fe8) 
thrown [s\open\src\hotspot\share\prims\jni.cpp, line 517]

VM Operations (20 events):
Event: 354.529 Executing VM operation: Cleanup done
Event: 357.626 Executing VM operation: Cleanup
Event: 357.670 Executing VM operation: Cleanup done
Event: 360.778 Executing VM operation: Cleanup
Event: 360.778 Executing VM operation: Cleanup done
Event: 361.891 Executing VM operation: Cleanup
Event: 363.670 Executing VM operation: Cleanup done
Event: 364.868 Executing VM operation: Cleanup
Event: 365.424 Executing VM operation: Cleanup done
Event: 370.995 Executing VM operation: Cleanup
Event: 373.434 Executing VM operation: Cleanup done
Event: 375.543 Executing VM operation: Cleanup
Event: 377.243 Executing VM operation: Cleanup done
Event: 379.599 Executing VM operation: Cleanup
Event: 380.228 Executing VM operation: Cleanup done
Event: 381.387 Executing VM operation: Cleanup
Event: 383.588 Executing VM operation: Cleanup done
Event: 386.223 Executing VM operation: HandshakeAllThreads
Event: 386.225 Executing VM operation: HandshakeAllThreads done
Event: 386.225 Executing VM operation: Cleanup

Events (12 events):
Event: 0.256 Thread 0x000001afc1c8e0c0 Thread added: 0x000001afc1c8e0c0
Event: 0.353 Thread 0x000001afe03da8c0 Thread added: 0x000001afe03da8c0
Event: 0.353 Thread 0x000001afe03db3f0 Thread added: 0x000001afe03db3f0
Event: 0.353 Thread 0x000001afe03e00a0 Thread added: 0x000001afe03e00a0
Event: 0.354 Thread 0x000001afe03e09d0 Thread added: 0x000001afe03e09d0
Event: 0.354 Thread 0x000001afe03e1300 Thread added: 0x000001afe03e1300
Event: 0.354 Thread 0x000001afe03e1c30 Thread added: 0x000001afe03e1c30
Event: 0.354 Thread 0x000001afe03e2890 Thread added: 0x000001afe03e2890
Event: 0.362 Thread 0x000001afe043bbd0 Thread added: 0x000001afe043bbd0
Event: 0.364 Thread 0x000001afe043e160 Thread added: 0x000001afe043e160
Event: 0.577 Thread 0x000001afe48df960 Thread added: 0x000001afe48df960
Event: 0.581 Thread 0x000001afe48e8b40 Thread added: 0x000001afe48e8b40


Dynamic libraries:
0x00007ff75d2a0000 - 0x00007ff75d2b0000 	C:\Program Files\Java\jdk-19\bin\java.exe
0x00007ffd17dc0000 - 0x00007ffd17fc9000 	C:\WINDOWS\SYSTEM32\ntdll.dll
0x00007ffd16ad0000 - 0x00007ffd16b8e000 	C:\WINDOWS\System32\KERNEL32.DLL
0x00007ffd15870000 - 0x00007ffd15bf4000 	C:\WINDOWS\System32\KERNELBASE.dll
0x00007ffd15270000 - 0x00007ffd15381000 	C:\WINDOWS\System32\ucrtbase.dll
0x00007ffcfb4c0000 - 0x00007ffcfb4d8000 	C:\Program Files\Java\jdk-19\bin\jli.dll
0x00007ffd177a0000 - 0x00007ffd1784f000 	C:\WINDOWS\System32\ADVAPI32.dll
0x00007ffd176d0000 - 0x00007ffd17773000 	C:\WINDOWS\System32\msvcrt.dll
0x00007ffd17630000 - 0x00007ffd176ce000 	C:\WINDOWS\System32\sechost.dll
0x00007ffd16910000 - 0x00007ffd16a31000 	C:\WINDOWS\System32\RPCRT4.dll
0x00007ffd15cd0000 - 0x00007ffd15e7d000 	C:\WINDOWS\System32\USER32.dll
0x00007ffd15c00000 - 0x00007ffd15c26000 	C:\WINDOWS\System32\win32u.dll
0x00007ffd16c70000 - 0x00007ffd16c9a000 	C:\WINDOWS\System32\GDI32.dll
0x00007ffd15540000 - 0x00007ffd1565f000 	C:\WINDOWS\System32\gdi32full.dll
0x00007ffd15660000 - 0x00007ffd156fd000 	C:\WINDOWS\System32\msvcp_win.dll
0x00007ffd12330000 - 0x00007ffd1234b000 	C:\Program Files\Java\jdk-19\bin\VCRUNTIME140.dll
0x00007ffcff340000 - 0x00007ffcff5e5000 	C:\WINDOWS\WinSxS\amd64_microsoft.windows.common-controls_6595b64144ccf1df_6.0.22000.120_none_9d947278b86cc467\COMCTL32.dll
0x00007ffd0f3f0000 - 0x00007ffd0f3fa000 	C:\WINDOWS\SYSTEM32\VERSION.dll
0x00007ffd15c90000 - 0x00007ffd15cc1000 	C:\WINDOWS\System32\IMM32.DLL
0x00007ffd12380000 - 0x00007ffd1238c000 	C:\Program Files\Java\jdk-19\bin\vcruntime140_1.dll
0x00007ffcea700000 - 0x00007ffcea78e000 	C:\Program Files\Java\jdk-19\bin\msvcp140.dll
0x00007ffcaf740000 - 0x00007ffcb0400000 	C:\Program Files\Java\jdk-19\bin\server\jvm.dll
0x00007ffce9940000 - 0x00007ffce9949000 	C:\WINDOWS\SYSTEM32\WSOCK32.dll
0x00007ffd15e80000 - 0x00007ffd15eef000 	C:\WINDOWS\System32\WS2_32.dll
0x00007ffd0f410000 - 0x00007ffd0f443000 	C:\WINDOWS\SYSTEM32\WINMM.dll
0x00007ffd143e0000 - 0x00007ffd143f8000 	C:\WINDOWS\SYSTEM32\kernel.appcore.dll
0x00007ffd11b30000 - 0x00007ffd11b3a000 	C:\Program Files\Java\jdk-19\bin\jimage.dll
0x00007ffd12ed0000 - 0x00007ffd130f1000 	C:\WINDOWS\SYSTEM32\DBGHELP.DLL
0x00007ffcfca70000 - 0x00007ffcfcaa1000 	C:\WINDOWS\SYSTEM32\dbgcore.DLL
0x00007ffd15450000 - 0x00007ffd154cf000 	C:\WINDOWS\System32\bcryptPrimitives.dll
0x00007ffd11ab0000 - 0x00007ffd11ad6000 	C:\Program Files\Java\jdk-19\bin\java.dll
0x00007ffce79d0000 - 0x00007ffce7aa7000 	C:\Program Files\Java\jdk-19\bin\jsvml.dll
0x00007ffd16ca0000 - 0x00007ffd17465000 	C:\WINDOWS\System32\SHELL32.dll
0x00007ffd13360000 - 0x00007ffd13bc4000 	C:\WINDOWS\SYSTEM32\windows.storage.dll
0x00007ffd16520000 - 0x00007ffd16896000 	C:\WINDOWS\System32\combase.dll
0x00007ffd131f0000 - 0x00007ffd13357000 	C:\WINDOWS\SYSTEM32\wintypes.dll
0x00007ffd174d0000 - 0x00007ffd175ba000 	C:\WINDOWS\System32\SHCORE.dll
0x00007ffd15c30000 - 0x00007ffd15c8d000 	C:\WINDOWS\System32\shlwapi.dll
0x00007ffd151a0000 - 0x00007ffd151c1000 	C:\WINDOWS\SYSTEM32\profapi.dll
0x00007ffd04080000 - 0x00007ffd04093000 	C:\Program Files\Java\jdk-19\bin\net.dll
0x00007ffd0edc0000 - 0x00007ffd0eed3000 	C:\WINDOWS\SYSTEM32\WINHTTP.dll
0x00007ffd14880000 - 0x00007ffd148e7000 	C:\WINDOWS\system32\mswsock.dll
0x00007ffcfd5f0000 - 0x00007ffcfd606000 	C:\Program Files\Java\jdk-19\bin\nio.dll
0x00007ffcfd5d0000 - 0x00007ffcfd5e8000 	C:\Program Files\Java\jdk-19\bin\zip.dll
0x0000000069ac0000 - 0x0000000069ae4000 	C:\Users\User\Desktop\NETBEAN\NetBeans-15\netbeans\java\maven\lib\jansi-native\Windows\x86_64\jansi.dll
0x00007ffd10620000 - 0x00007ffd10630000 	C:\Program Files\Java\jdk-19\bin\verify.dll

dbghelp: loaded successfully - version: 4.0.5 - missing functions: none
symbol engine: initialized successfully - sym options: 0x614 - pdb path: .;C:\Program Files\Java\jdk-19\bin;C:\WINDOWS\SYSTEM32;C:\WINDOWS\WinSxS\amd64_microsoft.windows.common-controls_6595b64144ccf1df_6.0.22000.120_none_9d947278b86cc467;C:\Program Files\Java\jdk-19\bin\server;C:\Users\User\Desktop\NETBEAN\NetBeans-15\netbeans\java\maven\lib\jansi-native\Windows\x86_64

VM Arguments:
jvm_args: -Dclassworlds.conf=C:\Users\User\Desktop\NETBEAN\NetBeans-15\netbeans\java\maven\bin\m2.conf -Dmaven.home=C:\Users\User\Desktop\NETBEAN\NetBeans-15\netbeans\java\maven -Dlibrary.jansi.path=C:\Users\User\Desktop\NETBEAN\NetBeans-15\netbeans\java\maven\lib\jansi-native -Dmaven.multiModuleProjectDirectory=C:\Users\User\Desktop\NETBEAN\WallStreetWarriors 
java_command: org.codehaus.plexus.classworlds.launcher.Launcher -Dmaven.ext.class.path=C:\Users\User\Desktop\NETBEAN\NetBeans-15\netbeans\java\maven-nblib\netbeans-eventspy.jar install
java_class_path (initial): C:\Users\User\Desktop\NETBEAN\NetBeans-15\netbeans\java\maven\boot\plexus-classworlds-2.6.0.jar
Launcher Type: SUN_STANDARD

[Global flags]
     intx CICompilerCount                          = 4                                         {product} {ergonomic}
     uint ConcGCThreads                            = 2                                         {product} {ergonomic}
     uint G1ConcRefinementThreads                  = 8                                         {product} {ergonomic}
   size_t G1HeapRegionSize                         = 1048576                                   {product} {ergonomic}
    uintx GCDrainStackTargetSize                   = 64                                        {product} {ergonomic}
   size_t InitialHeapSize                          = 132120576                                 {product} {ergonomic}
   size_t MarkStackSize                            = 4194304                                   {product} {ergonomic}
   size_t MaxHeapSize                              = 2105540608                                {product} {ergonomic}
   size_t MaxNewSize                               = 1262485504                                {product} {ergonomic}
   size_t MinHeapDeltaBytes                        = 1048576                                   {product} {ergonomic}
   size_t MinHeapSize                              = 8388608                                   {product} {ergonomic}
    uintx NonNMethodCodeHeapSize                   = 5839372                                {pd product} {ergonomic}
    uintx NonProfiledCodeHeapSize                  = 122909434                              {pd product} {ergonomic}
    uintx ProfiledCodeHeapSize                     = 122909434                              {pd product} {ergonomic}
    uintx ReservedCodeCacheSize                    = 251658240                              {pd product} {ergonomic}
     bool SegmentedCodeCache                       = true                                      {product} {ergonomic}
   size_t SoftMaxHeapSize                          = 2105540608                             {manageable} {ergonomic}
     bool UseCompressedClassPointers               = true                           {product lp64_product} {ergonomic}
     bool UseCompressedOops                        = true                           {product lp64_product} {ergonomic}
     bool UseG1GC                                  = true                                      {product} {ergonomic}
     bool UseLargePagesIndividualAllocation        = false                                  {pd product} {ergonomic}

Logging:
Log output configuration:
 #0: stdout all=warning uptime,level,tags foldmultilines=false
 #1: stderr all=off uptime,level,tags foldmultilines=false

Environment Variables:
JAVA_HOME=C:\Program Files\Java\jdk-19
PATH=C:\Program Files\Common Files\Oracle\Java\javapath;C:\Windows\system32;C:\Windows;C:\Windows\System32\Wbem;C:\Windows\System32\WindowsPowerShell\v1.0\;C:\Windows\System32\OpenSSH\;C:\Program Files (x86)\NVIDIA Corporation\PhysX\Common;C:\Program Files\NVIDIA Corporation\NVIDIA NvDLISR;C:\WINDOWS\system32;C:\WINDOWS;C:\WINDOWS\System32\Wbem;C:\WINDOWS\System32\WindowsPowerShell\v1.0\;C:\WINDOWS\System32\OpenSSH\;C:\Program Files\Java\jdk-19\bin;C:\Program Files\Microsoft SQL Server\130\Tools\Binn\;C:\Program Files\nodejs\;C:\Program Files\Git\cmd;C:\Users\User\AppData\Local\Programs\Python\Python311\Scripts\;C:\Users\User\AppData\Local\Programs\Python\Python311\;C:\Users\User\AppData\Local\Microsoft\WindowsApps;C:\Users\User\Desktop\Useful tools\Microsoft VS Code\bin;C:\Users\User\AppData\Local\GitHubDesktop\bin;C:\Users\User\AppData\Roaming\npm;C:\Program Files\Graphviz\bin
USERNAME=User
OS=Windows_NT
PROCESSOR_IDENTIFIER=Intel64 Family 6 Model 165 Stepping 2, GenuineIntel
TMP=C:\Users\User\AppData\Local\Temp
TEMP=C:\Users\User\AppData\Local\Temp



---------------  S Y S T E M  ---------------

OS:
 Windows 11 , 64 bit Build 22000 (10.0.22000.1880)
OS uptime: 3 days 20:49 hours

CPU: total 8 (initial active 8) (4 cores per cpu, 2 threads per core) family 6 model 165 stepping 2 microcode 0xe0, cx8, cmov, fxsr, ht, mmx, 3dnowpref, sse, sse2, sse3, ssse3, sse4.1, sse4.2, popcnt, lzcnt, tsc, tscinvbit, avx, avx2, aes, erms, clmul, bmi1, bmi2, adx, fma, vzeroupper, clflush, clflushopt, rdtscp

Memory: 4k page, system-wide physical 8029M (54M free)
TotalPageFile size 32605M (AvailPageFile size 0M)
current process WorkingSet (physical memory assigned to process): 33M, peak: 93M
current process commit charge ("private bytes"): 238M, peak: 256M

vm_info: Java HotSpot(TM) 64-Bit Server VM (19+36-2238) for windows-amd64 JRE (19+36-2238), built on 2022-08-12T20:29:01Z by "mach5one" with MS VC++ 17.1 (VS2022)

END.
