#
# There is insufficient memory for the Java Runtime Environment to continue.
# Native memory allocation (malloc) failed to allocate 80056 bytes for Chunk::new
# Possible reasons:
#   The system is out of physical RAM or swap space
#   The process is running with CompressedOops enabled, and the Java Heap may be blocking the growth of the native heap
# Possible solutions:
#   Reduce memory load on the system
#   Increase physical memory or swap space
#   Check if swap backing store is full
#   Decrease Java heap size (-Xmx/-Xms)
#   Decrease number of Java threads
#   Decrease Java thread stack sizes (-Xss)
#   Set larger code cache with -XX:ReservedCodeCacheSize=
#   JVM is running with Unscaled Compressed Oops mode in which the Java heap is
#     placed in the first 4GB address space. The Java Heap base address is the
#     maximum limit for the native heap growth. Please use -XX:HeapBaseMinAddress
#     to set the Java Heap base and to place the Java Heap above 4GB virtual address.
# This output file may be truncated or incomplete.
#
#  Out of Memory Error (arena.cpp:184), pid=27524, tid=23968
#
# JRE version: Java(TM) SE Runtime Environment (19.0+36) (build 19+36-2238)
# Java VM: Java HotSpot(TM) 64-Bit Server VM (19+36-2238, mixed mode, sharing, tiered, compressed oops, compressed class ptrs, g1 gc, windows-amd64)
# No core dump will be written. Minidumps are not enabled by default on client versions of Windows
#

---------------  S U M M A R Y ------------

Command Line: -Dclassworlds.conf=C:\Users\User\Desktop\NETBEAN\NetBeans-15\netbeans\java\maven\bin\m2.conf -Dmaven.home=C:\Users\User\Desktop\NETBEAN\NetBeans-15\netbeans\java\maven -Dlibrary.jansi.path=C:\Users\User\Desktop\NETBEAN\NetBeans-15\netbeans\java\maven\lib\jansi-native -Dmaven.multiModuleProjectDirectory=C:\Users\User\Desktop\NETBEAN\WallStreetWarriors org.codehaus.plexus.classworlds.launcher.Launcher -Dmaven.ext.class.path=C:\Users\User\Desktop\NETBEAN\NetBeans-15\netbeans\java\maven-nblib\netbeans-eventspy.jar install

Host: Intel(R) Core(TM) i5-10300H CPU @ 2.50GHz, 8 cores, 7G,  Windows 11 , 64 bit Build 22000 (10.0.22000.1880)
Time: Mon Jun 12 20:47:54 2023 Malay Peninsula Standard Time elapsed time: 393.898588 seconds (0d 0h 6m 33s)

---------------  T H R E A D  ---------------

Current thread (0x000001ffe41f0db0):  JavaThread "C2 CompilerThread0" daemon [_thread_in_native, id=23968, stack(0x000000f633800000,0x000000f633900000)]


Current CompileTask:
C2: 393898 5358   !   4       com.sun.tools.javac.jvm.ClassReader::classSigToType (497 bytes)

Stack: [0x000000f633800000,0x000000f633900000]
Native frames: (J=compiled Java code, j=interpreted, Vv=VM code, C=native code)
V  [jvm.dll+0x6ee8fa]
V  [jvm.dll+0x857a1e]
V  [jvm.dll+0x85940e]
V  [jvm.dll+0x859ac3]
V  [jvm.dll+0x28291f]
V  [jvm.dll+0xc9b5f]
V  [jvm.dll+0xc9ee5]
V  [jvm.dll+0x2f819c]
V  [jvm.dll+0x5f0c5b]
V  [jvm.dll+0x254d73]
V  [jvm.dll+0x24dbf0]
V  [jvm.dll+0x24b563]
V  [jvm.dll+0x1d6d61]
V  [jvm.dll+0x25b0fa]
V  [jvm.dll+0x259588]
V  [jvm.dll+0x807928]
V  [jvm.dll+0x8015fa]
V  [jvm.dll+0x6ed5eb]
C  [ucrtbase.dll+0x26c0c]
C  [KERNEL32.DLL+0x155a0]
C  [ntdll.dll+0x485b]


---------------  P R O C E S S  ---------------

Threads class SMR info:
_java_thread_list=0x000001ffe8f00180, length=12, elements={
0x000001ffc3afe4c0, 0x000001ffe41eaf40, 0x000001ffe41eb870, 0x000001ffe41ec5b0,
0x000001ffe41eeef0, 0x000001ffe41ef820, 0x000001ffe41f0150, 0x000001ffe41f0db0,
0x000001ffe8412fb0, 0x000001ffe424d9c0, 0x000001ffe846dc30, 0x000001ffe8475390
}

Java Threads: ( => current thread )
  0x000001ffc3afe4c0 JavaThread "main" [_thread_blocked, id=29012, stack(0x000000f632b00000,0x000000f632c00000)]
  0x000001ffe41eaf40 JavaThread "Reference Handler" daemon [_thread_blocked, id=32880, stack(0x000000f633200000,0x000000f633300000)]
  0x000001ffe41eb870 JavaThread "Finalizer" daemon [_thread_blocked, id=28192, stack(0x000000f633300000,0x000000f633400000)]
  0x000001ffe41ec5b0 JavaThread "Signal Dispatcher" daemon [_thread_blocked, id=14396, stack(0x000000f633400000,0x000000f633500000)]
  0x000001ffe41eeef0 JavaThread "Attach Listener" daemon [_thread_blocked, id=12744, stack(0x000000f633500000,0x000000f633600000)]
  0x000001ffe41ef820 JavaThread "Service Thread" daemon [_thread_blocked, id=28208, stack(0x000000f633600000,0x000000f633700000)]
  0x000001ffe41f0150 JavaThread "Monitor Deflation Thread" daemon [_thread_blocked, id=18476, stack(0x000000f633700000,0x000000f633800000)]
=>0x000001ffe41f0db0 JavaThread "C2 CompilerThread0" daemon [_thread_in_native, id=23968, stack(0x000000f633800000,0x000000f633900000)]
  0x000001ffe8412fb0 JavaThread "C1 CompilerThread0" daemon [_thread_in_vm, id=9500, stack(0x000000f633900000,0x000000f633a00000)]
  0x000001ffe424d9c0 JavaThread "Sweeper thread" daemon [_thread_blocked, id=28632, stack(0x000000f633a00000,0x000000f633b00000)]
  0x000001ffe846dc30 JavaThread "Notification Thread" daemon [_thread_blocked, id=24300, stack(0x000000f633b00000,0x000000f633c00000)]
  0x000001ffe8475390 JavaThread "Common-Cleaner" daemon [_thread_blocked, id=22812, stack(0x000000f633d00000,0x000000f633e00000)]

Other Threads:
  0x000001ffe41ca1d0 VMThread "VM Thread" [stack: 0x000000f633100000,0x000000f633200000] [id=28324] _threads_hazard_ptr=0x000001ffe8f00180
  0x000001ffe8472190 WatcherThread "VM Periodic Task Thread" [stack: 0x000000f633c00000,0x000000f633d00000] [id=17304]
  0x000001ffc3b5e460 WorkerThread "GC Thread#0" [stack: 0x000000f632c00000,0x000000f632d00000] [id=3600]
  0x000001ffe8c0ae90 WorkerThread "GC Thread#1" [stack: 0x000000f633e00000,0x000000f633f00000] [id=21992]
  0x000001ffe8c0b160 WorkerThread "GC Thread#2" [stack: 0x000000f633f00000,0x000000f634000000] [id=14432]
  0x000001ffe8c0bca0 WorkerThread "GC Thread#3" [stack: 0x000000f634000000,0x000000f634100000] [id=9756]
  0x000001ffe8c0a620 WorkerThread "GC Thread#4" [stack: 0x000000f634100000,0x000000f634200000] [id=22496]
  0x000001ffe8c0b430 WorkerThread "GC Thread#5" [stack: 0x000000f634200000,0x000000f634300000] [id=17724]
  0x000001ffe8c0a8f0 WorkerThread "GC Thread#6" [stack: 0x000000f634300000,0x000000f634400000] [id=28904]
  0x000001ffe8c0b700 WorkerThread "GC Thread#7" [stack: 0x000000f634400000,0x000000f634500000] [id=30672]
  0x000001ffc3b6eec0 ConcurrentGCThread "G1 Main Marker" [stack: 0x000000f632d00000,0x000000f632e00000] [id=23844]
  0x000001ffc3b6f8f0 WorkerThread "G1 Conc#0" [stack: 0x000000f632e00000,0x000000f632f00000] [id=3252]
  0x000001ffe88435d0 WorkerThread "G1 Conc#1" [stack: 0x000000f632a00000,0x000000f632b00000] [id=24520]
  0x000001ffe40860e0 ConcurrentGCThread "G1 Refine#0" [stack: 0x000000f632f00000,0x000000f633000000] [id=26436]
  0x000001ffe4086c20 ConcurrentGCThread "G1 Service" [stack: 0x000000f633000000,0x000000f633100000] [id=15828]

Threads with active compile tasks:
C2 CompilerThread0   394249 5358   !   4       com.sun.tools.javac.jvm.ClassReader::classSigToType (497 bytes)
C1 CompilerThread0   394249 5460       3       com.sun.tools.javac.jvm.ClassReader::readClass (670 bytes)

VM state: synchronizing (normal execution)

VM Mutex/Monitor currently owned by a thread:  ([mutex/lock_event])
[0x000001ffc3afa1a0] Threads_lock - owner thread: 0x000001ffe41ca1d0

Heap address: 0x0000000082800000, size: 2008 MB, Compressed Oops mode: 32-bit

CDS archive(s) mapped at: [0x0000000800000000-0x0000000800c40000-0x0000000800c40000), size 12845056, SharedBaseAddress: 0x0000000800000000, ArchiveRelocationMode: 0.
Compressed class space mapped at: 0x0000000801000000-0x0000000841000000, reserved size: 1073741824
Narrow klass base: 0x0000000800000000, Narrow klass shift: 0, Narrow klass range: 0x100000000

GC Precious Log:
 CardTable entry size: 512
 Card Set container configuration: InlinePtr #cards 5 size 8 Array Of Cards #cards 12 size 40 Howl #buckets 4 coarsen threshold 1843 Howl Bitmap #cards 512 size 80 coarsen threshold 460 Card regions per heap region 1 cards per card region 2048
 CPUs: 8 total, 8 available
 Memory: 8029M
 Large Page Support: Disabled
 NUMA Support: Disabled
 Compressed Oops: Enabled (32-bit)
 Heap Region Size: 1M
 Heap Min Capacity: 8M
 Heap Initial Capacity: 126M
 Heap Max Capacity: 2008M
 Pre-touch: Disabled
 Parallel Workers: 8
 Concurrent Workers: 2
 Concurrent Refinement Workers: 8
 Periodic GC: Disabled

Heap:
 garbage-first heap   total 188416K, used 45337K [0x0000000082800000, 0x0000000100000000)
  region size 1024K, 14 young (14336K), 1 survivors (1024K)
 Metaspace       used 23856K, committed 24192K, reserved 1114112K
  class space    used 2583K, committed 2752K, reserved 1048576K

Heap Regions: E=young(eden), S=young(survivor), O=old, HS=humongous(starts), HC=humongous(continues), CS=collection set, F=free, OA=open archive, CA=closed archive, TAMS=top-at-mark-start (previous, next)
|   0|0x0000000082800000, 0x0000000082900000, 0x0000000082900000|100%| O|  |TAMS 0x0000000082900000, 0x0000000082800000| Untracked 
|   1|0x0000000082900000, 0x0000000082a00000, 0x0000000082a00000|100%| O|  |TAMS 0x0000000082a00000, 0x0000000082900000| Untracked 
|   2|0x0000000082a00000, 0x0000000082b00000, 0x0000000082b00000|100%| O|  |TAMS 0x0000000082b00000, 0x0000000082a00000| Untracked 
|   3|0x0000000082b00000, 0x0000000082c00000, 0x0000000082c00000|100%| O|  |TAMS 0x0000000082c00000, 0x0000000082b00000| Untracked 
|   4|0x0000000082c00000, 0x0000000082d00000, 0x0000000082d00000|100%| O|  |TAMS 0x0000000082d00000, 0x0000000082c00000| Untracked 
|   5|0x0000000082d00000, 0x0000000082e00000, 0x0000000082e00000|100%| O|  |TAMS 0x0000000082e00000, 0x0000000082d00000| Untracked 
|   6|0x0000000082e00000, 0x0000000082f00000, 0x0000000082f00000|100%| O|  |TAMS 0x0000000082f00000, 0x0000000082e00000| Untracked 
|   7|0x0000000082f00000, 0x0000000083000000, 0x0000000083000000|100%| O|  |TAMS 0x0000000083000000, 0x0000000082f00000| Untracked 
|   8|0x0000000083000000, 0x0000000083100000, 0x0000000083100000|100%| O|  |TAMS 0x0000000083100000, 0x0000000083000000| Untracked 
|   9|0x0000000083100000, 0x0000000083200000, 0x0000000083200000|100%| O|  |TAMS 0x0000000083200000, 0x0000000083100000| Untracked 
|  10|0x0000000083200000, 0x0000000083300000, 0x0000000083300000|100%| O|  |TAMS 0x0000000083300000, 0x0000000083200000| Untracked 
|  11|0x0000000083300000, 0x0000000083400000, 0x0000000083400000|100%| O|  |TAMS 0x0000000083400000, 0x0000000083300000| Untracked 
|  12|0x0000000083400000, 0x0000000083500000, 0x0000000083500000|100%| O|  |TAMS 0x0000000083500000, 0x0000000083400000| Untracked 
|  13|0x0000000083500000, 0x0000000083600000, 0x0000000083600000|100%| O|  |TAMS 0x0000000083500000, 0x0000000083500000| Untracked 
|  14|0x0000000083600000, 0x0000000083700000, 0x0000000083700000|100%|HS|  |TAMS 0x0000000083600000, 0x0000000083600000| Complete 
|  15|0x0000000083700000, 0x0000000083800000, 0x0000000083800000|100%| O|  |TAMS 0x0000000083700000, 0x0000000083700000| Untracked 
|  16|0x0000000083800000, 0x0000000083900000, 0x0000000083900000|100%| O|  |TAMS 0x0000000083800000, 0x0000000083800000| Untracked 
|  17|0x0000000083900000, 0x0000000083a00000, 0x0000000083a00000|100%| O|  |TAMS 0x0000000083900000, 0x0000000083900000| Untracked 
|  18|0x0000000083a00000, 0x0000000083b00000, 0x0000000083b00000|100%| O|  |TAMS 0x0000000083a00000, 0x0000000083a00000| Untracked 
|  19|0x0000000083b00000, 0x0000000083c00000, 0x0000000083c00000|100%| O|  |TAMS 0x0000000083b00000, 0x0000000083b00000| Untracked 
|  20|0x0000000083c00000, 0x0000000083d00000, 0x0000000083d00000|100%|HS|  |TAMS 0x0000000083c00000, 0x0000000083c00000| Complete 
|  21|0x0000000083d00000, 0x0000000083e00000, 0x0000000083e00000|100%| O|  |TAMS 0x0000000083d00000, 0x0000000083d00000| Untracked 
|  22|0x0000000083e00000, 0x0000000083f00000, 0x0000000083f00000|100%| O|  |TAMS 0x0000000083e00000, 0x0000000083e00000| Untracked 
|  23|0x0000000083f00000, 0x0000000084000000, 0x0000000084000000|100%| O|  |TAMS 0x0000000083f00000, 0x0000000083f00000| Untracked 
|  24|0x0000000084000000, 0x0000000084100000, 0x0000000084100000|100%| O|  |TAMS 0x0000000084000000, 0x0000000084000000| Untracked 
|  25|0x0000000084100000, 0x0000000084200000, 0x0000000084200000|100%| O|  |TAMS 0x0000000084100000, 0x0000000084100000| Untracked 
|  26|0x0000000084200000, 0x0000000084300000, 0x0000000084300000|100%| O|  |TAMS 0x0000000084200000, 0x0000000084200000| Untracked 
|  27|0x0000000084300000, 0x0000000084400000, 0x0000000084400000|100%| O|  |TAMS 0x0000000084300000, 0x0000000084300000| Untracked 
|  28|0x0000000084400000, 0x0000000084500000, 0x0000000084500000|100%| O|  |TAMS 0x0000000084400000, 0x0000000084400000| Untracked 
|  29|0x0000000084500000, 0x0000000084600000, 0x0000000084600000|100%| O|  |TAMS 0x0000000084500000, 0x0000000084500000| Untracked 
|  30|0x0000000084600000, 0x0000000084646600, 0x0000000084700000| 27%| O|  |TAMS 0x0000000084600000, 0x0000000084600000| Untracked 
|  31|0x0000000084700000, 0x0000000084700000, 0x0000000084800000|  0%| F|  |TAMS 0x0000000084700000, 0x0000000084700000| Untracked 
|  32|0x0000000084800000, 0x0000000084800000, 0x0000000084900000|  0%| F|  |TAMS 0x0000000084800000, 0x0000000084800000| Untracked 
|  33|0x0000000084900000, 0x0000000084900000, 0x0000000084a00000|  0%| F|  |TAMS 0x0000000084900000, 0x0000000084900000| Untracked 
|  34|0x0000000084a00000, 0x0000000084a00000, 0x0000000084b00000|  0%| F|  |TAMS 0x0000000084a00000, 0x0000000084a00000| Untracked 
|  35|0x0000000084b00000, 0x0000000084b00000, 0x0000000084c00000|  0%| F|  |TAMS 0x0000000084b00000, 0x0000000084b00000| Untracked 
|  36|0x0000000084c00000, 0x0000000084c00000, 0x0000000084d00000|  0%| F|  |TAMS 0x0000000084c00000, 0x0000000084c00000| Untracked 
|  37|0x0000000084d00000, 0x0000000084d00000, 0x0000000084e00000|  0%| F|  |TAMS 0x0000000084d00000, 0x0000000084d00000| Untracked 
|  38|0x0000000084e00000, 0x0000000084e00000, 0x0000000084f00000|  0%| F|  |TAMS 0x0000000084e00000, 0x0000000084e00000| Untracked 
|  39|0x0000000084f00000, 0x0000000084f00000, 0x0000000085000000|  0%| F|  |TAMS 0x0000000084f00000, 0x0000000084f00000| Untracked 
|  40|0x0000000085000000, 0x0000000085000000, 0x0000000085100000|  0%| F|  |TAMS 0x0000000085000000, 0x0000000085000000| Untracked 
|  41|0x0000000085100000, 0x0000000085100000, 0x0000000085200000|  0%| F|  |TAMS 0x0000000085100000, 0x0000000085100000| Untracked 
|  42|0x0000000085200000, 0x0000000085200000, 0x0000000085300000|  0%| F|  |TAMS 0x0000000085200000, 0x0000000085200000| Untracked 
|  43|0x0000000085300000, 0x0000000085300000, 0x0000000085400000|  0%| F|  |TAMS 0x0000000085300000, 0x0000000085300000| Untracked 
|  44|0x0000000085400000, 0x0000000085400000, 0x0000000085500000|  0%| F|  |TAMS 0x0000000085400000, 0x0000000085400000| Untracked 
|  45|0x0000000085500000, 0x0000000085600000, 0x0000000085600000|100%| O|  |TAMS 0x0000000085594c00, 0x0000000085500000| Untracked 
|  46|0x0000000085600000, 0x0000000085600000, 0x0000000085700000|  0%| F|  |TAMS 0x0000000085600000, 0x0000000085600000| Untracked 
|  47|0x0000000085700000, 0x0000000085700000, 0x0000000085800000|  0%| F|  |TAMS 0x0000000085700000, 0x0000000085700000| Untracked 
|  48|0x0000000085800000, 0x0000000085800000, 0x0000000085900000|  0%| F|  |TAMS 0x0000000085800000, 0x0000000085800000| Untracked 
|  49|0x0000000085900000, 0x0000000085900000, 0x0000000085a00000|  0%| F|  |TAMS 0x0000000085900000, 0x0000000085900000| Untracked 
|  50|0x0000000085a00000, 0x0000000085a00000, 0x0000000085b00000|  0%| F|  |TAMS 0x0000000085a00000, 0x0000000085a00000| Untracked 
|  51|0x0000000085b00000, 0x0000000085b00000, 0x0000000085c00000|  0%| F|  |TAMS 0x0000000085b00000, 0x0000000085b00000| Untracked 
|  52|0x0000000085c00000, 0x0000000085c00000, 0x0000000085d00000|  0%| F|  |TAMS 0x0000000085c00000, 0x0000000085c00000| Untracked 
|  53|0x0000000085d00000, 0x0000000085d00000, 0x0000000085e00000|  0%| F|  |TAMS 0x0000000085d00000, 0x0000000085d00000| Untracked 
|  54|0x0000000085e00000, 0x0000000085e00000, 0x0000000085f00000|  0%| F|  |TAMS 0x0000000085e00000, 0x0000000085e00000| Untracked 
|  55|0x0000000085f00000, 0x0000000085f00000, 0x0000000086000000|  0%| F|  |TAMS 0x0000000085f00000, 0x0000000085f00000| Untracked 
|  56|0x0000000086000000, 0x0000000086000000, 0x0000000086100000|  0%| F|  |TAMS 0x0000000086000000, 0x0000000086000000| Untracked 
|  57|0x0000000086100000, 0x0000000086100000, 0x0000000086200000|  0%| F|  |TAMS 0x0000000086100000, 0x0000000086100000| Untracked 
|  58|0x0000000086200000, 0x0000000086200000, 0x0000000086300000|  0%| F|  |TAMS 0x0000000086200000, 0x0000000086200000| Untracked 
|  59|0x0000000086300000, 0x0000000086300000, 0x0000000086400000|  0%| F|  |TAMS 0x0000000086300000, 0x0000000086300000| Untracked 
|  60|0x0000000086400000, 0x0000000086400000, 0x0000000086500000|  0%| F|  |TAMS 0x0000000086400000, 0x0000000086400000| Untracked 
|  61|0x0000000086500000, 0x0000000086500000, 0x0000000086600000|  0%| F|  |TAMS 0x0000000086500000, 0x0000000086500000| Untracked 
|  62|0x0000000086600000, 0x0000000086600000, 0x0000000086700000|  0%| F|  |TAMS 0x0000000086600000, 0x0000000086600000| Untracked 
|  63|0x0000000086700000, 0x0000000086700000, 0x0000000086800000|  0%| F|  |TAMS 0x0000000086700000, 0x0000000086700000| Untracked 
|  64|0x0000000086800000, 0x0000000086800000, 0x0000000086900000|  0%| F|  |TAMS 0x0000000086800000, 0x0000000086800000| Untracked 
|  65|0x0000000086900000, 0x0000000086900000, 0x0000000086a00000|  0%| F|  |TAMS 0x0000000086900000, 0x0000000086900000| Untracked 
|  66|0x0000000086a00000, 0x0000000086a00000, 0x0000000086b00000|  0%| F|  |TAMS 0x0000000086a00000, 0x0000000086a00000| Untracked 
|  67|0x0000000086b00000, 0x0000000086b00000, 0x0000000086c00000|  0%| F|  |TAMS 0x0000000086b00000, 0x0000000086b00000| Untracked 
|  68|0x0000000086c00000, 0x0000000086c00000, 0x0000000086d00000|  0%| F|  |TAMS 0x0000000086c00000, 0x0000000086c00000| Untracked 
|  69|0x0000000086d00000, 0x0000000086d00000, 0x0000000086e00000|  0%| F|  |TAMS 0x0000000086d00000, 0x0000000086d00000| Untracked 
|  70|0x0000000086e00000, 0x0000000086e00000, 0x0000000086f00000|  0%| F|  |TAMS 0x0000000086e00000, 0x0000000086e00000| Untracked 
|  71|0x0000000086f00000, 0x0000000086f00000, 0x0000000087000000|  0%| F|  |TAMS 0x0000000086f00000, 0x0000000086f00000| Untracked 
|  72|0x0000000087000000, 0x0000000087000000, 0x0000000087100000|  0%| F|  |TAMS 0x0000000087000000, 0x0000000087000000| Untracked 
|  73|0x0000000087100000, 0x0000000087100000, 0x0000000087200000|  0%| F|  |TAMS 0x0000000087100000, 0x0000000087100000| Untracked 
|  74|0x0000000087200000, 0x0000000087200000, 0x0000000087300000|  0%| F|  |TAMS 0x0000000087200000, 0x0000000087200000| Untracked 
|  75|0x0000000087300000, 0x0000000087300000, 0x0000000087400000|  0%| F|  |TAMS 0x0000000087300000, 0x0000000087300000| Untracked 
|  76|0x0000000087400000, 0x0000000087400000, 0x0000000087500000|  0%| F|  |TAMS 0x0000000087400000, 0x0000000087400000| Untracked 
|  77|0x0000000087500000, 0x0000000087500000, 0x0000000087600000|  0%| F|  |TAMS 0x0000000087500000, 0x0000000087500000| Untracked 
|  78|0x0000000087600000, 0x0000000087600000, 0x0000000087700000|  0%| F|  |TAMS 0x0000000087600000, 0x0000000087600000| Untracked 
|  79|0x0000000087700000, 0x0000000087700000, 0x0000000087800000|  0%| F|  |TAMS 0x0000000087700000, 0x0000000087700000| Untracked 
|  80|0x0000000087800000, 0x0000000087800000, 0x0000000087900000|  0%| F|  |TAMS 0x0000000087800000, 0x0000000087800000| Untracked 
|  81|0x0000000087900000, 0x0000000087900000, 0x0000000087a00000|  0%| F|  |TAMS 0x0000000087900000, 0x0000000087900000| Untracked 
|  82|0x0000000087a00000, 0x0000000087a00000, 0x0000000087b00000|  0%| F|  |TAMS 0x0000000087a00000, 0x0000000087a00000| Untracked 
|  83|0x0000000087b00000, 0x0000000087b00000, 0x0000000087c00000|  0%| F|  |TAMS 0x0000000087b00000, 0x0000000087b00000| Untracked 
|  84|0x0000000087c00000, 0x0000000087c00000, 0x0000000087d00000|  0%| F|  |TAMS 0x0000000087c00000, 0x0000000087c00000| Untracked 
|  85|0x0000000087d00000, 0x0000000087d00000, 0x0000000087e00000|  0%| F|  |TAMS 0x0000000087d00000, 0x0000000087d00000| Untracked 
|  86|0x0000000087e00000, 0x0000000087e00000, 0x0000000087f00000|  0%| F|  |TAMS 0x0000000087e00000, 0x0000000087e00000| Untracked 
|  87|0x0000000087f00000, 0x0000000087f00000, 0x0000000088000000|  0%| F|  |TAMS 0x0000000087f00000, 0x0000000087f00000| Untracked 
|  88|0x0000000088000000, 0x0000000088000000, 0x0000000088100000|  0%| F|  |TAMS 0x0000000088000000, 0x0000000088000000| Untracked 
|  89|0x0000000088100000, 0x0000000088100000, 0x0000000088200000|  0%| F|  |TAMS 0x0000000088100000, 0x0000000088100000| Untracked 
|  90|0x0000000088200000, 0x0000000088200000, 0x0000000088300000|  0%| F|  |TAMS 0x0000000088200000, 0x0000000088200000| Untracked 
|  91|0x0000000088300000, 0x0000000088300000, 0x0000000088400000|  0%| F|  |TAMS 0x0000000088300000, 0x0000000088300000| Untracked 
|  92|0x0000000088400000, 0x0000000088400000, 0x0000000088500000|  0%| F|  |TAMS 0x0000000088400000, 0x0000000088400000| Untracked 
|  93|0x0000000088500000, 0x0000000088500000, 0x0000000088600000|  0%| F|  |TAMS 0x0000000088500000, 0x0000000088500000| Untracked 
|  94|0x0000000088600000, 0x0000000088600000, 0x0000000088700000|  0%| F|  |TAMS 0x0000000088600000, 0x0000000088600000| Untracked 
|  95|0x0000000088700000, 0x0000000088700000, 0x0000000088800000|  0%| F|  |TAMS 0x0000000088700000, 0x0000000088700000| Untracked 
|  96|0x0000000088800000, 0x0000000088800000, 0x0000000088900000|  0%| F|  |TAMS 0x0000000088800000, 0x0000000088800000| Untracked 
|  97|0x0000000088900000, 0x0000000088900000, 0x0000000088a00000|  0%| F|  |TAMS 0x0000000088900000, 0x0000000088900000| Untracked 
|  98|0x0000000088a00000, 0x0000000088a00000, 0x0000000088b00000|  0%| F|  |TAMS 0x0000000088a00000, 0x0000000088a00000| Untracked 
|  99|0x0000000088b00000, 0x0000000088b00000, 0x0000000088c00000|  0%| F|  |TAMS 0x0000000088b00000, 0x0000000088b00000| Untracked 
| 100|0x0000000088c00000, 0x0000000088c00000, 0x0000000088d00000|  0%| F|  |TAMS 0x0000000088c00000, 0x0000000088c00000| Untracked 
| 101|0x0000000088d00000, 0x0000000088d00000, 0x0000000088e00000|  0%| F|  |TAMS 0x0000000088d00000, 0x0000000088d00000| Untracked 
| 102|0x0000000088e00000, 0x0000000088e00000, 0x0000000088f00000|  0%| F|  |TAMS 0x0000000088e00000, 0x0000000088e00000| Untracked 
| 103|0x0000000088f00000, 0x0000000088f00000, 0x0000000089000000|  0%| F|  |TAMS 0x0000000088f00000, 0x0000000088f00000| Untracked 
| 104|0x0000000089000000, 0x0000000089000000, 0x0000000089100000|  0%| F|  |TAMS 0x0000000089000000, 0x0000000089000000| Untracked 
| 105|0x0000000089100000, 0x0000000089100000, 0x0000000089200000|  0%| F|  |TAMS 0x0000000089100000, 0x0000000089100000| Untracked 
| 106|0x0000000089200000, 0x0000000089200000, 0x0000000089300000|  0%| F|  |TAMS 0x0000000089200000, 0x0000000089200000| Untracked 
| 107|0x0000000089300000, 0x0000000089300000, 0x0000000089400000|  0%| F|  |TAMS 0x0000000089300000, 0x0000000089300000| Untracked 
| 108|0x0000000089400000, 0x0000000089400000, 0x0000000089500000|  0%| F|  |TAMS 0x0000000089400000, 0x0000000089400000| Untracked 
| 109|0x0000000089500000, 0x0000000089500000, 0x0000000089600000|  0%| F|  |TAMS 0x0000000089500000, 0x0000000089500000| Untracked 
| 110|0x0000000089600000, 0x0000000089600000, 0x0000000089700000|  0%| F|  |TAMS 0x0000000089600000, 0x0000000089600000| Untracked 
| 111|0x0000000089700000, 0x0000000089700000, 0x0000000089800000|  0%| F|  |TAMS 0x0000000089700000, 0x0000000089700000| Untracked 
| 112|0x0000000089800000, 0x0000000089800000, 0x0000000089900000|  0%| F|  |TAMS 0x0000000089800000, 0x0000000089800000| Untracked 
| 113|0x0000000089900000, 0x0000000089900000, 0x0000000089a00000|  0%| F|  |TAMS 0x0000000089900000, 0x0000000089900000| Untracked 
| 114|0x0000000089a00000, 0x0000000089a00000, 0x0000000089b00000|  0%| F|  |TAMS 0x0000000089a00000, 0x0000000089a00000| Untracked 
| 115|0x0000000089b00000, 0x0000000089b00000, 0x0000000089c00000|  0%| F|  |TAMS 0x0000000089b00000, 0x0000000089b00000| Untracked 
| 116|0x0000000089c00000, 0x0000000089c00000, 0x0000000089d00000|  0%| F|  |TAMS 0x0000000089c00000, 0x0000000089c00000| Untracked 
| 117|0x0000000089d00000, 0x0000000089d00000, 0x0000000089e00000|  0%| F|  |TAMS 0x0000000089d00000, 0x0000000089d00000| Untracked 
| 118|0x0000000089e00000, 0x0000000089e00000, 0x0000000089f00000|  0%| F|  |TAMS 0x0000000089e00000, 0x0000000089e00000| Untracked 
| 119|0x0000000089f00000, 0x0000000089f00000, 0x000000008a000000|  0%| F|  |TAMS 0x0000000089f00000, 0x0000000089f00000| Untracked 
| 120|0x000000008a000000, 0x000000008a000000, 0x000000008a100000|  0%| F|  |TAMS 0x000000008a000000, 0x000000008a000000| Untracked 
| 121|0x000000008a100000, 0x000000008a100000, 0x000000008a200000|  0%| F|  |TAMS 0x000000008a100000, 0x000000008a100000| Untracked 
| 122|0x000000008a200000, 0x000000008a200000, 0x000000008a300000|  0%| F|  |TAMS 0x000000008a200000, 0x000000008a200000| Untracked 
| 123|0x000000008a300000, 0x000000008a300000, 0x000000008a400000|  0%| F|  |TAMS 0x000000008a300000, 0x000000008a300000| Untracked 
| 124|0x000000008a400000, 0x000000008a400000, 0x000000008a500000|  0%| F|  |TAMS 0x000000008a400000, 0x000000008a400000| Untracked 
| 125|0x000000008a500000, 0x000000008a500000, 0x000000008a600000|  0%| F|  |TAMS 0x000000008a500000, 0x000000008a500000| Untracked 
| 126|0x000000008a600000, 0x000000008a600000, 0x000000008a700000|  0%| F|  |TAMS 0x000000008a600000, 0x000000008a600000| Untracked 
| 127|0x000000008a700000, 0x000000008a700000, 0x000000008a800000|  0%| F|  |TAMS 0x000000008a700000, 0x000000008a700000| Untracked 
| 128|0x000000008a800000, 0x000000008a800000, 0x000000008a900000|  0%| F|  |TAMS 0x000000008a800000, 0x000000008a800000| Untracked 
| 129|0x000000008a900000, 0x000000008a900000, 0x000000008aa00000|  0%| F|  |TAMS 0x000000008a900000, 0x000000008a900000| Untracked 
| 130|0x000000008aa00000, 0x000000008aa00000, 0x000000008ab00000|  0%| F|  |TAMS 0x000000008aa00000, 0x000000008aa00000| Untracked 
| 131|0x000000008ab00000, 0x000000008ab00000, 0x000000008ac00000|  0%| F|  |TAMS 0x000000008ab00000, 0x000000008ab00000| Untracked 
| 132|0x000000008ac00000, 0x000000008ac00000, 0x000000008ad00000|  0%| F|  |TAMS 0x000000008ac00000, 0x000000008ac00000| Untracked 
| 133|0x000000008ad00000, 0x000000008ad00000, 0x000000008ae00000|  0%| F|  |TAMS 0x000000008ad00000, 0x000000008ad00000| Untracked 
| 134|0x000000008ae00000, 0x000000008ae00000, 0x000000008af00000|  0%| F|  |TAMS 0x000000008ae00000, 0x000000008ae00000| Untracked 
| 135|0x000000008af00000, 0x000000008af00000, 0x000000008b000000|  0%| F|  |TAMS 0x000000008af00000, 0x000000008af00000| Untracked 
| 136|0x000000008b000000, 0x000000008b000000, 0x000000008b100000|  0%| F|  |TAMS 0x000000008b000000, 0x000000008b000000| Untracked 
| 137|0x000000008b100000, 0x000000008b100000, 0x000000008b200000|  0%| F|  |TAMS 0x000000008b100000, 0x000000008b100000| Untracked 
| 138|0x000000008b200000, 0x000000008b200000, 0x000000008b300000|  0%| F|  |TAMS 0x000000008b200000, 0x000000008b200000| Untracked 
| 139|0x000000008b300000, 0x000000008b300000, 0x000000008b400000|  0%| F|  |TAMS 0x000000008b300000, 0x000000008b300000| Untracked 
| 140|0x000000008b400000, 0x000000008b400000, 0x000000008b500000|  0%| F|  |TAMS 0x000000008b400000, 0x000000008b400000| Untracked 
| 141|0x000000008b500000, 0x000000008b500000, 0x000000008b600000|  0%| F|  |TAMS 0x000000008b500000, 0x000000008b500000| Untracked 
| 142|0x000000008b600000, 0x000000008b600000, 0x000000008b700000|  0%| F|  |TAMS 0x000000008b600000, 0x000000008b600000| Untracked 
| 143|0x000000008b700000, 0x000000008b700000, 0x000000008b800000|  0%| F|  |TAMS 0x000000008b700000, 0x000000008b700000| Untracked 
| 144|0x000000008b800000, 0x000000008b800000, 0x000000008b900000|  0%| F|  |TAMS 0x000000008b800000, 0x000000008b800000| Untracked 
| 145|0x000000008b900000, 0x000000008b900000, 0x000000008ba00000|  0%| F|  |TAMS 0x000000008b900000, 0x000000008b900000| Untracked 
| 146|0x000000008ba00000, 0x000000008ba00000, 0x000000008bb00000|  0%| F|  |TAMS 0x000000008ba00000, 0x000000008ba00000| Untracked 
| 147|0x000000008bb00000, 0x000000008bb00000, 0x000000008bc00000|  0%| F|  |TAMS 0x000000008bb00000, 0x000000008bb00000| Untracked 
| 148|0x000000008bc00000, 0x000000008bc00000, 0x000000008bd00000|  0%| F|  |TAMS 0x000000008bc00000, 0x000000008bc00000| Untracked 
| 149|0x000000008bd00000, 0x000000008bd00000, 0x000000008be00000|  0%| F|  |TAMS 0x000000008bd00000, 0x000000008bd00000| Untracked 
| 150|0x000000008be00000, 0x000000008be00000, 0x000000008bf00000|  0%| F|  |TAMS 0x000000008be00000, 0x000000008be00000| Untracked 
| 151|0x000000008bf00000, 0x000000008bf00000, 0x000000008c000000|  0%| F|  |TAMS 0x000000008bf00000, 0x000000008bf00000| Untracked 
| 152|0x000000008c000000, 0x000000008c000000, 0x000000008c100000|  0%| F|  |TAMS 0x000000008c000000, 0x000000008c000000| Untracked 
| 153|0x000000008c100000, 0x000000008c100000, 0x000000008c200000|  0%| F|  |TAMS 0x000000008c100000, 0x000000008c100000| Untracked 
| 154|0x000000008c200000, 0x000000008c200000, 0x000000008c300000|  0%| F|  |TAMS 0x000000008c200000, 0x000000008c200000| Untracked 
| 155|0x000000008c300000, 0x000000008c300000, 0x000000008c400000|  0%| F|  |TAMS 0x000000008c300000, 0x000000008c300000| Untracked 
| 156|0x000000008c400000, 0x000000008c400000, 0x000000008c500000|  0%| F|  |TAMS 0x000000008c400000, 0x000000008c400000| Untracked 
| 157|0x000000008c500000, 0x000000008c500000, 0x000000008c600000|  0%| F|  |TAMS 0x000000008c500000, 0x000000008c500000| Untracked 
| 158|0x000000008c600000, 0x000000008c600000, 0x000000008c700000|  0%| F|  |TAMS 0x000000008c600000, 0x000000008c600000| Untracked 
| 159|0x000000008c700000, 0x000000008c700000, 0x000000008c800000|  0%| F|  |TAMS 0x000000008c700000, 0x000000008c700000| Untracked 
| 160|0x000000008c800000, 0x000000008c800000, 0x000000008c900000|  0%| F|  |TAMS 0x000000008c800000, 0x000000008c800000| Untracked 
| 161|0x000000008c900000, 0x000000008c900000, 0x000000008ca00000|  0%| F|  |TAMS 0x000000008c900000, 0x000000008c900000| Untracked 
| 162|0x000000008ca00000, 0x000000008ca00000, 0x000000008cb00000|  0%| F|  |TAMS 0x000000008ca00000, 0x000000008ca00000| Untracked 
| 163|0x000000008cb00000, 0x000000008cb00000, 0x000000008cc00000|  0%| F|  |TAMS 0x000000008cb00000, 0x000000008cb00000| Untracked 
| 164|0x000000008cc00000, 0x000000008cc00000, 0x000000008cd00000|  0%| F|  |TAMS 0x000000008cc00000, 0x000000008cc00000| Untracked 
| 165|0x000000008cd00000, 0x000000008cd00000, 0x000000008ce00000|  0%| F|  |TAMS 0x000000008cd00000, 0x000000008cd00000| Untracked 
| 166|0x000000008ce00000, 0x000000008ce00000, 0x000000008cf00000|  0%| F|  |TAMS 0x000000008ce00000, 0x000000008ce00000| Untracked 
| 167|0x000000008cf00000, 0x000000008cf00000, 0x000000008d000000|  0%| F|  |TAMS 0x000000008cf00000, 0x000000008cf00000| Untracked 
| 168|0x000000008d000000, 0x000000008d000000, 0x000000008d100000|  0%| F|  |TAMS 0x000000008d000000, 0x000000008d000000| Untracked 
| 169|0x000000008d100000, 0x000000008d100000, 0x000000008d200000|  0%| F|  |TAMS 0x000000008d100000, 0x000000008d100000| Untracked 
| 170|0x000000008d200000, 0x000000008d25b2b8, 0x000000008d300000| 35%| E|  |TAMS 0x000000008d200000, 0x000000008d200000| Complete 
| 171|0x000000008d300000, 0x000000008d400000, 0x000000008d400000|100%| E|CS|TAMS 0x000000008d300000, 0x000000008d300000| Complete 
| 172|0x000000008d400000, 0x000000008d500000, 0x000000008d500000|100%| E|CS|TAMS 0x000000008d400000, 0x000000008d400000| Complete 
| 241|0x0000000091900000, 0x0000000091a00000, 0x0000000091a00000|100%| E|CS|TAMS 0x0000000091900000, 0x0000000091900000| Complete 
| 242|0x0000000091a00000, 0x0000000091b00000, 0x0000000091b00000|100%| E|CS|TAMS 0x0000000091a00000, 0x0000000091a00000| Complete 
| 243|0x0000000091b00000, 0x0000000091c00000, 0x0000000091c00000|100%| S|CS|TAMS 0x0000000091b00000, 0x0000000091b00000| Complete 
| 244|0x0000000091c00000, 0x0000000091d00000, 0x0000000091d00000|100%| E|CS|TAMS 0x0000000091c00000, 0x0000000091c00000| Complete 
| 245|0x0000000091d00000, 0x0000000091e00000, 0x0000000091e00000|100%| E|CS|TAMS 0x0000000091d00000, 0x0000000091d00000| Complete 
| 246|0x0000000091e00000, 0x0000000091f00000, 0x0000000091f00000|100%| E|CS|TAMS 0x0000000091e00000, 0x0000000091e00000| Complete 
| 247|0x0000000091f00000, 0x0000000092000000, 0x0000000092000000|100%| E|CS|TAMS 0x0000000091f00000, 0x0000000091f00000| Complete 
| 248|0x0000000092000000, 0x0000000092100000, 0x0000000092100000|100%| E|CS|TAMS 0x0000000092000000, 0x0000000092000000| Complete 
| 249|0x0000000092100000, 0x0000000092200000, 0x0000000092200000|100%| E|CS|TAMS 0x0000000092100000, 0x0000000092100000| Complete 
| 250|0x0000000092200000, 0x0000000092300000, 0x0000000092300000|100%| E|CS|TAMS 0x0000000092200000, 0x0000000092200000| Complete 
| 251|0x0000000092300000, 0x0000000092400000, 0x0000000092400000|100%| E|CS|TAMS 0x0000000092300000, 0x0000000092300000| Complete 

Card table byte_map: [0x000001ffdd0a0000,0x000001ffdd490000] _byte_map_base: 0x000001ffdcc8c000

Marking Bits (Prev, Next): (CMBitMap*) 0x000001ffc3b5ead0, (CMBitMap*) 0x000001ffc3b5ea90
 Prev Bits: [0x000001ffdf7e0000, 0x000001ffe1740000)
 Next Bits: [0x000001ffdd880000, 0x000001ffdf7e0000)

Polling page: 0x000001ffc3bd0000

Metaspace:

Usage:
  Non-class:     20.77 MB used.
      Class:      2.52 MB used.
       Both:     23.30 MB used.

Virtual space:
  Non-class space:       64.00 MB reserved,      20.94 MB ( 33%) committed,  1 nodes.
      Class space:        1.00 GB reserved,       2.69 MB ( <1%) committed,  1 nodes.
             Both:        1.06 GB reserved,      23.62 MB (  2%) committed. 

Chunk freelists:
   Non-Class:  2.45 MB
       Class:  1.20 MB
        Both:  3.66 MB

MaxMetaspaceSize: unlimited
CompressedClassSpaceSize: 1.00 GB
Initial GC threshold: 21.00 MB
Current GC threshold: 37.94 MB
CDS: on
MetaspaceReclaimPolicy: balanced
 - commit_granule_bytes: 65536.
 - commit_granule_words: 8192.
 - virtual_space_node_default_size: 8388608.
 - enlarge_chunks_in_place: 1.
 - new_chunks_are_fully_committed: 0.
 - uncommit_free_chunks: 1.
 - use_allocation_guard: 0.


Internal statistics:

num_allocs_failed_limit: 20.
num_arena_births: 312.
num_arena_deaths: 0.
num_vsnodes_births: 2.
num_vsnodes_deaths: 0.
num_space_committed: 378.
num_space_uncommitted: 0.
num_chunks_returned_to_freelist: 20.
num_chunks_taken_from_freelist: 1155.
num_chunk_merges: 20.
num_chunk_splits: 837.
num_chunks_enlarged: 625.
num_inconsistent_stats: 0.

CodeHeap 'non-profiled nmethods': size=120000Kb used=2836Kb max_used=2836Kb free=117163Kb
 bounds [0x000001ffd4d10000, 0x000001ffd4fe0000, 0x000001ffdc240000]
CodeHeap 'profiled nmethods': size=120000Kb used=11193Kb max_used=11193Kb free=108806Kb
 bounds [0x000001ffcd240000, 0x000001ffcdd30000, 0x000001ffd4770000]
CodeHeap 'non-nmethods': size=5760Kb used=1299Kb max_used=1347Kb free=4460Kb
 bounds [0x000001ffd4770000, 0x000001ffd49e0000, 0x000001ffd4d10000]
 total_blobs=5892 nmethods=5374 adapters=428
 compilation: enabled
              stopped_count=0, restarted_count=0
 full_count=0

Compilation events (20 events):
Event: 393.546 Thread 0x000001ffe8412fb0 5443       3       com.sun.tools.javac.file.PathFileObject$DirectoryFileObject::<init> (24 bytes)
Event: 393.547 Thread 0x000001ffe8412fb0 nmethod 5443 0x000001ffcdd1ff10 code [0x000001ffcdd200e0, 0x000001ffcdd20558]
Event: 393.547 Thread 0x000001ffe8412fb0 5432       3       jdk.internal.jrtfs.JrtFileSystem$$Lambda$132/0x00000008011cc148::test (12 bytes)
Event: 393.602 Thread 0x000001ffe8412fb0 nmethod 5432 0x000001ffcdd20690 code [0x000001ffcdd20840, 0x000001ffcdd20ba8]
Event: 393.602 Thread 0x000001ffe8412fb0 5430       3       jdk.internal.jrtfs.JrtFileSystem$$Lambda$131/0x00000008011cbf18::apply (16 bytes)
Event: 393.602 Thread 0x000001ffe8412fb0 nmethod 5430 0x000001ffcdd20d10 code [0x000001ffcdd20ec0, 0x000001ffcdd21108]
Event: 393.602 Thread 0x000001ffe8412fb0 5431       3       jdk.internal.jrtfs.JrtFileSystem::lambda$iteratorOf$2 (20 bytes)
Event: 393.602 Thread 0x000001ffe8412fb0 nmethod 5431 0x000001ffcdd21210 code [0x000001ffcdd21400, 0x000001ffcdd21808]
Event: 393.602 Thread 0x000001ffe8412fb0 5433   !   3       jdk.internal.jrtfs.JrtFileSystem::lambda$iteratorOf$3 (11 bytes)
Event: 393.602 Thread 0x000001ffe8412fb0 nmethod 5433 0x000001ffcdd21990 code [0x000001ffcdd21b40, 0x000001ffcdd21d48]
Event: 393.602 Thread 0x000001ffe8412fb0 5434       3       java.util.stream.StreamSpliterators$WrappingSpliterator$$Lambda$134/0x00000008011cd3a0::accept (9 bytes)
Event: 393.603 Thread 0x000001ffe8412fb0 nmethod 5434 0x000001ffcdd21e90 code [0x000001ffcdd22040, 0x000001ffcdd22208]
Event: 393.603 Thread 0x000001ffe8412fb0 5435       3       java.util.stream.SpinedBuffer::get (123 bytes)
Event: 393.604 Thread 0x000001ffe8412fb0 nmethod 5435 0x000001ffcdd22310 code [0x000001ffcdd22560, 0x000001ffcdd22d78]
Event: 393.604 Thread 0x000001ffe8412fb0 5436       3       jdk.internal.jrtfs.JrtDirectoryStream$1::next (5 bytes)
Event: 393.604 Thread 0x000001ffe8412fb0 nmethod 5436 0x000001ffcdd23110 code [0x000001ffcdd232c0, 0x000001ffcdd23408]
Event: 393.604 Thread 0x000001ffe8412fb0 5437   !   3       jdk.internal.jrtfs.JrtDirectoryStream$1::next (48 bytes)
Event: 393.604 Thread 0x000001ffe8412fb0 nmethod 5437 0x000001ffcdd23490 code [0x000001ffcdd23680, 0x000001ffcdd23b78]
Event: 393.604 Thread 0x000001ffe8412fb0 5444       3       com.sun.tools.javac.code.Scope$ErrorScope::<init> (6 bytes)
Event: 393.604 Thread 0x000001ffe8412fb0 nmethod 5444 0x000001ffcdd23e10 code [0x000001ffcdd23fc0, 0x000001ffcdd24208]

GC Heap History (20 events):
Event: 367.271 GC heap before
{Heap before GC invocations=7 (full 0):
 garbage-first heap   total 258048K, used 26071K [0x0000000082800000, 0x0000000100000000)
  region size 1024K, 12 young (12288K), 1 survivors (1024K)
 Metaspace       used 17106K, committed 17408K, reserved 1114112K
  class space    used 1827K, committed 1984K, reserved 1048576K
}
Event: 367.291 GC heap after
{Heap after GC invocations=8 (full 0):
 garbage-first heap   total 258048K, used 15469K [0x0000000082800000, 0x0000000100000000)
  region size 1024K, 2 young (2048K), 2 survivors (2048K)
 Metaspace       used 17106K, committed 17408K, reserved 1114112K
  class space    used 1827K, committed 1984K, reserved 1048576K
}
Event: 369.037 GC heap before
{Heap before GC invocations=8 (full 0):
 garbage-first heap   total 258048K, used 18541K [0x0000000082800000, 0x0000000100000000)
  region size 1024K, 7 young (7168K), 2 survivors (2048K)
 Metaspace       used 21145K, committed 21504K, reserved 1114112K
  class space    used 2319K, committed 2496K, reserved 1048576K
}
Event: 369.487 GC heap after
{Heap after GC invocations=9 (full 0):
 garbage-first heap   total 258048K, used 16604K [0x0000000082800000, 0x0000000100000000)
  region size 1024K, 2 young (2048K), 2 survivors (2048K)
 Metaspace       used 21145K, committed 21504K, reserved 1114112K
  class space    used 2319K, committed 2496K, reserved 1048576K
}
Event: 375.564 GC heap before
{Heap before GC invocations=10 (full 0):
 garbage-first heap   total 92160K, used 25820K [0x0000000082800000, 0x0000000100000000)
  region size 1024K, 11 young (11264K), 2 survivors (2048K)
 Metaspace       used 23158K, committed 23552K, reserved 1114112K
  class space    used 2521K, committed 2688K, reserved 1048576K
}
Event: 375.575 GC heap after
{Heap after GC invocations=11 (full 0):
 garbage-first heap   total 92160K, used 22330K [0x0000000082800000, 0x0000000100000000)
  region size 1024K, 2 young (2048K), 2 survivors (2048K)
 Metaspace       used 23158K, committed 23552K, reserved 1114112K
  class space    used 2521K, committed 2688K, reserved 1048576K
}
Event: 376.196 GC heap before
{Heap before GC invocations=11 (full 0):
 garbage-first heap   total 92160K, used 25402K [0x0000000082800000, 0x0000000100000000)
  region size 1024K, 4 young (4096K), 2 survivors (2048K)
 Metaspace       used 23212K, committed 23616K, reserved 1114112K
  class space    used 2524K, committed 2752K, reserved 1048576K
}
Event: 376.472 GC heap after
{Heap after GC invocations=12 (full 0):
 garbage-first heap   total 92160K, used 24839K [0x0000000082800000, 0x0000000100000000)
  region size 1024K, 1 young (1024K), 1 survivors (1024K)
 Metaspace       used 23212K, committed 23616K, reserved 1114112K
  class space    used 2524K, committed 2752K, reserved 1048576K
}
Event: 376.903 GC heap before
{Heap before GC invocations=12 (full 0):
 garbage-first heap   total 92160K, used 27911K [0x0000000082800000, 0x0000000100000000)
  region size 1024K, 4 young (4096K), 1 survivors (1024K)
 Metaspace       used 23225K, committed 23616K, reserved 1114112K
  class space    used 2524K, committed 2752K, reserved 1048576K
}
Event: 376.906 GC heap after
{Heap after GC invocations=13 (full 0):
 garbage-first heap   total 92160K, used 25130K [0x0000000082800000, 0x0000000100000000)
  region size 1024K, 1 young (1024K), 1 survivors (1024K)
 Metaspace       used 23225K, committed 23616K, reserved 1114112K
  class space    used 2524K, committed 2752K, reserved 1048576K
}
Event: 381.665 GC heap before
{Heap before GC invocations=13 (full 0):
 garbage-first heap   total 92160K, used 28202K [0x0000000082800000, 0x0000000100000000)
  region size 1024K, 4 young (4096K), 1 survivors (1024K)
 Metaspace       used 23236K, committed 23616K, reserved 1114112K
  class space    used 2524K, committed 2752K, reserved 1048576K
}
Event: 381.666 GC heap after
{Heap after GC invocations=14 (full 0):
 garbage-first heap   total 92160K, used 25795K [0x0000000082800000, 0x0000000100000000)
  region size 1024K, 1 young (1024K), 1 survivors (1024K)
 Metaspace       used 23236K, committed 23616K, reserved 1114112K
  class space    used 2524K, committed 2752K, reserved 1048576K
}
Event: 384.618 GC heap before
{Heap before GC invocations=14 (full 0):
 garbage-first heap   total 92160K, used 32963K [0x0000000082800000, 0x0000000100000000)
  region size 1024K, 9 young (9216K), 1 survivors (1024K)
 Metaspace       used 23240K, committed 23616K, reserved 1114112K
  class space    used 2524K, committed 2752K, reserved 1048576K
}
Event: 385.048 GC heap after
{Heap after GC invocations=15 (full 0):
 garbage-first heap   total 92160K, used 28481K [0x0000000082800000, 0x0000000100000000)
  region size 1024K, 2 young (2048K), 2 survivors (2048K)
 Metaspace       used 23240K, committed 23616K, reserved 1114112K
  class space    used 2524K, committed 2752K, reserved 1048576K
}
Event: 386.821 GC heap before
{Heap before GC invocations=15 (full 0):
 garbage-first heap   total 92160K, used 30529K [0x0000000082800000, 0x0000000100000000)
  region size 1024K, 4 young (4096K), 2 survivors (2048K)
 Metaspace       used 23262K, committed 23680K, reserved 1114112K
  class space    used 2524K, committed 2752K, reserved 1048576K
}
Event: 386.830 GC heap after
{Heap after GC invocations=16 (full 0):
 garbage-first heap   total 188416K, used 29433K [0x0000000082800000, 0x0000000100000000)
  region size 1024K, 1 young (1024K), 1 survivors (1024K)
 Metaspace       used 23262K, committed 23680K, reserved 1114112K
  class space    used 2524K, committed 2752K, reserved 1048576K
}
Event: 389.677 GC heap before
{Heap before GC invocations=16 (full 0):
 garbage-first heap   total 188416K, used 36601K [0x0000000082800000, 0x0000000100000000)
  region size 1024K, 9 young (9216K), 1 survivors (1024K)
 Metaspace       used 23342K, committed 23744K, reserved 1114112K
  class space    used 2536K, committed 2752K, reserved 1048576K
}
Event: 389.769 GC heap after
{Heap after GC invocations=17 (full 0):
 garbage-first heap   total 188416K, used 32034K [0x0000000082800000, 0x0000000100000000)
  region size 1024K, 2 young (2048K), 2 survivors (2048K)
 Metaspace       used 23342K, committed 23744K, reserved 1114112K
  class space    used 2536K, committed 2752K, reserved 1048576K
}
Event: 391.977 GC heap before
{Heap before GC invocations=17 (full 0):
 garbage-first heap   total 188416K, used 40226K [0x0000000082800000, 0x0000000100000000)
  region size 1024K, 10 young (10240K), 2 survivors (2048K)
 Metaspace       used 23658K, committed 24064K, reserved 1114112K
  class space    used 2569K, committed 2752K, reserved 1048576K
}
Event: 391.980 GC heap after
{Heap after GC invocations=18 (full 0):
 garbage-first heap   total 188416K, used 33049K [0x0000000082800000, 0x0000000100000000)
  region size 1024K, 1 young (1024K), 1 survivors (1024K)
 Metaspace       used 23658K, committed 24064K, reserved 1114112K
  class space    used 2569K, committed 2752K, reserved 1048576K
}

Dll operation events (8 events):
Event: 0.013 Loaded shared library C:\Program Files\Java\jdk-19\bin\java.dll
Event: 0.104 Loaded shared library C:\Program Files\Java\jdk-19\bin\jsvml.dll
Event: 0.325 Loaded shared library C:\Program Files\Java\jdk-19\bin\net.dll
Event: 0.327 Loaded shared library C:\Program Files\Java\jdk-19\bin\nio.dll
Event: 0.355 Loaded shared library C:\Program Files\Java\jdk-19\bin\zip.dll
Event: 0.669 Loaded shared library C:\Program Files\Java\jdk-19\bin\jimage.dll
Event: 0.695 Loaded shared library C:\Users\User\Desktop\NETBEAN\NetBeans-15\netbeans\java\maven\lib\jansi-native\Windows\x86_64\jansi.dll
Event: 0.719 Loaded shared library C:\Program Files\Java\jdk-19\bin\verify.dll

Deoptimization events (20 events):
Event: 388.945 Thread 0x000001ffc3afe4c0 Uncommon trap: trap_request=0xffffff45 fr.pc=0x000001ffd4f386ac relative=0x000000000000050c
Event: 388.945 Thread 0x000001ffc3afe4c0 Uncommon trap: reason=unstable_if action=reinterpret pc=0x000001ffd4f386ac method=sun.nio.fs.WindowsPathParser.nextNonSlash(Ljava/lang/String;II)I @ 2 c2
Event: 388.945 Thread 0x000001ffc3afe4c0 DEOPT PACKING pc=0x000001ffd4f386ac sp=0x000000f632bfd220
Event: 388.945 Thread 0x000001ffc3afe4c0 DEOPT UNPACKING pc=0x000001ffd47d6da3 sp=0x000000f632bfd1a0 mode 2
Event: 390.262 Thread 0x000001ffc3afe4c0 Uncommon trap: trap_request=0xffffff45 fr.pc=0x000001ffd4fa1dd8 relative=0x0000000000000518
Event: 390.262 Thread 0x000001ffc3afe4c0 Uncommon trap: reason=unstable_if action=reinterpret pc=0x000001ffd4fa1dd8 method=java.nio.file.FileTreeWalker.visit(Ljava/nio/file/Path;ZZ)Ljava/nio/file/FileTreeWalker$Event; @ 84 c2
Event: 390.262 Thread 0x000001ffc3afe4c0 DEOPT PACKING pc=0x000001ffd4fa1dd8 sp=0x000000f632bfd500
Event: 390.262 Thread 0x000001ffc3afe4c0 DEOPT UNPACKING pc=0x000001ffd47d6da3 sp=0x000000f632bfd4c0 mode 2
Event: 390.263 Thread 0x000001ffc3afe4c0 Uncommon trap: trap_request=0xffffff45 fr.pc=0x000001ffd4f83e44 relative=0x0000000000000a04
Event: 390.263 Thread 0x000001ffc3afe4c0 Uncommon trap: reason=unstable_if action=reinterpret pc=0x000001ffd4f83e44 method=java.nio.file.FileTreeWalker.visit(Ljava/nio/file/Path;ZZ)Ljava/nio/file/FileTreeWalker$Event; @ 53 c2
Event: 390.263 Thread 0x000001ffc3afe4c0 DEOPT PACKING pc=0x000001ffd4f83e44 sp=0x000000f632bfd580
Event: 390.263 Thread 0x000001ffc3afe4c0 DEOPT UNPACKING pc=0x000001ffd47d6da3 sp=0x000000f632bfd4a0 mode 2
Event: 391.853 Thread 0x000001ffc3afe4c0 Uncommon trap: trap_request=0xffffff45 fr.pc=0x000001ffd4f69280 relative=0x0000000000000060
Event: 391.853 Thread 0x000001ffc3afe4c0 Uncommon trap: reason=unstable_if action=reinterpret pc=0x000001ffd4f69280 method=com.sun.tools.javac.jvm.PoolReader.sizeof(I)I @ 1 c2
Event: 391.853 Thread 0x000001ffc3afe4c0 DEOPT PACKING pc=0x000001ffd4f69280 sp=0x000000f632bfcdd0
Event: 391.853 Thread 0x000001ffc3afe4c0 DEOPT UNPACKING pc=0x000001ffd47d6da3 sp=0x000000f632bfcd60 mode 2
Event: 393.521 Thread 0x000001ffc3afe4c0 Uncommon trap: trap_request=0xffffff45 fr.pc=0x000001ffd4f64b84 relative=0x00000000000002e4
Event: 393.521 Thread 0x000001ffc3afe4c0 Uncommon trap: reason=unstable_if action=reinterpret pc=0x000001ffd4f64b84 method=com.sun.tools.javac.util.Convert.utf2chars([BI[CII)I @ 37 c2
Event: 393.521 Thread 0x000001ffc3afe4c0 DEOPT PACKING pc=0x000001ffd4f64b84 sp=0x000000f632bfc990
Event: 393.521 Thread 0x000001ffc3afe4c0 DEOPT UNPACKING pc=0x000001ffd47d6da3 sp=0x000000f632bfc8f0 mode 2

Classes loaded (20 events):
Event: 375.294 Loading class sun/nio/fs/BasicFileAttributesHolder
Event: 375.294 Loading class sun/nio/fs/BasicFileAttributesHolder done
Event: 388.221 Loading class java/util/ComparableTimSort
Event: 388.230 Loading class java/util/ComparableTimSort done
Event: 388.246 Loading class sun/nio/fs/WindowsDirectoryStream$WindowsDirectoryIterator
Event: 388.251 Loading class sun/nio/fs/WindowsDirectoryStream$WindowsDirectoryIterator done
Event: 388.251 Loading class java/nio/file/Files$2
Event: 388.251 Loading class java/nio/file/Files$2 done
Event: 388.252 Loading class java/util/ImmutableCollections$Access
Event: 388.253 Loading class java/util/ImmutableCollections$Access done
Event: 388.253 Loading class java/util/ImmutableCollections$Access$1
Event: 388.253 Loading class jdk/internal/access/JavaUtilCollectionAccess
Event: 388.253 Loading class jdk/internal/access/JavaUtilCollectionAccess done
Event: 388.253 Loading class java/util/ImmutableCollections$Access$1 done
Event: 388.254 Loading class java/util/stream/Nodes$SpinedNodeBuilder
Event: 388.256 Loading class java/util/stream/Nodes$SpinedNodeBuilder done
Event: 388.261 Loading class sun/nio/fs/WindowsPath$WindowsPathWithAttributes
Event: 388.262 Loading class sun/nio/fs/WindowsPath$WindowsPathWithAttributes done
Event: 390.262 Loading class java/nio/file/FileTreeWalker$1
Event: 390.262 Loading class java/nio/file/FileTreeWalker$1 done

Classes unloaded (0 events):
No events

Classes redefined (0 events):
No events

Internal exceptions (20 events):
Event: 393.522 Thread 0x000001ffc3afe4c0 Exception <a 'sun/nio/fs/WindowsException'{0x0000000091aa6c00}> (0x0000000091aa6c00) 
thrown [s\open\src\hotspot\share\prims\jni.cpp, line 517]
Event: 393.523 Thread 0x000001ffc3afe4c0 Exception <a 'sun/nio/fs/WindowsException'{0x0000000091aa6f60}> (0x0000000091aa6f60) 
thrown [s\open\src\hotspot\share\prims\jni.cpp, line 517]
Event: 393.523 Thread 0x000001ffc3afe4c0 Exception <a 'sun/nio/fs/WindowsException'{0x0000000091aa84a0}> (0x0000000091aa84a0) 
thrown [s\open\src\hotspot\share\prims\jni.cpp, line 517]
Event: 393.523 Thread 0x000001ffc3afe4c0 Exception <a 'sun/nio/fs/WindowsException'{0x0000000091aa8890}> (0x0000000091aa8890) 
thrown [s\open\src\hotspot\share\prims\jni.cpp, line 517]
Event: 393.523 Thread 0x000001ffc3afe4c0 Exception <a 'sun/nio/fs/WindowsException'{0x0000000091aaa820}> (0x0000000091aaa820) 
thrown [s\open\src\hotspot\share\prims\jni.cpp, line 517]
Event: 393.523 Thread 0x000001ffc3afe4c0 Exception <a 'sun/nio/fs/WindowsException'{0x0000000091aaaba8}> (0x0000000091aaaba8) 
thrown [s\open\src\hotspot\share\prims\jni.cpp, line 517]
Event: 393.523 Thread 0x000001ffc3afe4c0 Exception <a 'sun/nio/fs/WindowsException'{0x0000000091aafa10}> (0x0000000091aafa10) 
thrown [s\open\src\hotspot\share\prims\jni.cpp, line 517]
Event: 393.523 Thread 0x000001ffc3afe4c0 Exception <a 'sun/nio/fs/WindowsException'{0x0000000091aafd40}> (0x0000000091aafd40) 
thrown [s\open\src\hotspot\share\prims\jni.cpp, line 517]
Event: 393.524 Thread 0x000001ffc3afe4c0 Exception <a 'sun/nio/fs/WindowsException'{0x0000000091ab9368}> (0x0000000091ab9368) 
thrown [s\open\src\hotspot\share\prims\jni.cpp, line 517]
Event: 393.524 Thread 0x000001ffc3afe4c0 Exception <a 'sun/nio/fs/WindowsException'{0x0000000091ab96e8}> (0x0000000091ab96e8) 
thrown [s\open\src\hotspot\share\prims\jni.cpp, line 517]
Event: 393.524 Thread 0x000001ffc3afe4c0 Exception <a 'sun/nio/fs/WindowsException'{0x0000000091aba9a0}> (0x0000000091aba9a0) 
thrown [s\open\src\hotspot\share\prims\jni.cpp, line 517]
Event: 393.524 Thread 0x000001ffc3afe4c0 Exception <a 'sun/nio/fs/WindowsException'{0x0000000091abadb0}> (0x0000000091abadb0) 
thrown [s\open\src\hotspot\share\prims\jni.cpp, line 517]
Event: 393.524 Thread 0x000001ffc3afe4c0 Exception <a 'sun/nio/fs/WindowsException'{0x0000000091abcb28}> (0x0000000091abcb28) 
thrown [s\open\src\hotspot\share\prims\jni.cpp, line 517]
Event: 393.524 Thread 0x000001ffc3afe4c0 Exception <a 'sun/nio/fs/WindowsException'{0x0000000091abcee0}> (0x0000000091abcee0) 
thrown [s\open\src\hotspot\share\prims\jni.cpp, line 517]
Event: 393.524 Thread 0x000001ffc3afe4c0 Exception <a 'sun/nio/fs/WindowsException'{0x0000000091abf130}> (0x0000000091abf130) 
thrown [s\open\src\hotspot\share\prims\jni.cpp, line 517]
Event: 393.524 Thread 0x000001ffc3afe4c0 Exception <a 'sun/nio/fs/WindowsException'{0x0000000091abf490}> (0x0000000091abf490) 
thrown [s\open\src\hotspot\share\prims\jni.cpp, line 517]
Event: 393.525 Thread 0x000001ffc3afe4c0 Exception <a 'sun/nio/fs/WindowsException'{0x0000000091ac2e10}> (0x0000000091ac2e10) 
thrown [s\open\src\hotspot\share\prims\jni.cpp, line 517]
Event: 393.525 Thread 0x000001ffc3afe4c0 Exception <a 'sun/nio/fs/WindowsException'{0x0000000091ac31c0}> (0x0000000091ac31c0) 
thrown [s\open\src\hotspot\share\prims\jni.cpp, line 517]
Event: 393.525 Thread 0x000001ffc3afe4c0 Exception <a 'sun/nio/fs/WindowsException'{0x0000000091ac41f8}> (0x0000000091ac41f8) 
thrown [s\open\src\hotspot\share\prims\jni.cpp, line 517]
Event: 393.525 Thread 0x000001ffc3afe4c0 Exception <a 'sun/nio/fs/WindowsException'{0x0000000091ac4638}> (0x0000000091ac4638) 
thrown [s\open\src\hotspot\share\prims\jni.cpp, line 517]

VM Operations (20 events):
Event: 384.435 Executing VM operation: G1CollectForAllocation
Event: 385.213 Executing VM operation: G1CollectForAllocation done
Event: 386.409 Executing VM operation: Cleanup
Event: 386.664 Executing VM operation: Cleanup done
Event: 386.664 Executing VM operation: G1CollectForAllocation
Event: 386.830 Executing VM operation: G1CollectForAllocation done
Event: 387.942 Executing VM operation: Cleanup
Event: 388.080 Executing VM operation: Cleanup done
Event: 388.523 Executing VM operation: HandshakeAllThreads
Event: 388.523 Executing VM operation: HandshakeAllThreads done
Event: 389.574 Executing VM operation: Cleanup
Event: 389.677 Executing VM operation: Cleanup done
Event: 389.677 Executing VM operation: G1CollectForAllocation
Event: 389.769 Executing VM operation: G1CollectForAllocation done
Event: 390.790 Executing VM operation: Cleanup
Event: 390.790 Executing VM operation: Cleanup done
Event: 391.977 Executing VM operation: G1CollectForAllocation
Event: 391.980 Executing VM operation: G1CollectForAllocation done
Event: 392.989 Executing VM operation: Cleanup
Event: 392.989 Executing VM operation: Cleanup done

Events (18 events):
Event: 0.104 Thread 0x000001ffc3afe4c0 Thread added: 0x000001ffc3afe4c0
Event: 0.186 Thread 0x000001ffe41eaf40 Thread added: 0x000001ffe41eaf40
Event: 0.186 Thread 0x000001ffe41eb870 Thread added: 0x000001ffe41eb870
Event: 0.186 Thread 0x000001ffe41ec5b0 Thread added: 0x000001ffe41ec5b0
Event: 0.186 Thread 0x000001ffe41eeef0 Thread added: 0x000001ffe41eeef0
Event: 0.186 Thread 0x000001ffe41ef820 Thread added: 0x000001ffe41ef820
Event: 0.186 Thread 0x000001ffe41f0150 Thread added: 0x000001ffe41f0150
Event: 0.187 Thread 0x000001ffe41f0db0 Thread added: 0x000001ffe41f0db0
Event: 0.257 Thread 0x000001ffe8412fb0 Thread added: 0x000001ffe8412fb0
Event: 0.257 Thread 0x000001ffe424d9c0 Thread added: 0x000001ffe424d9c0
Event: 0.315 Thread 0x000001ffe846dc30 Thread added: 0x000001ffe846dc30
Event: 0.319 Thread 0x000001ffe8475390 Thread added: 0x000001ffe8475390
Event: 2.445 Thread 0x000001ffe9101be0 Thread added: 0x000001ffe9101be0
Event: 2.774 Thread 0x000001ffe9101be0 Thread exited: 0x000001ffe9101be0
Event: 2.826 Thread 0x000001ffe8f47e80 Thread added: 0x000001ffe8f47e80
Event: 3.374 Thread 0x000001ffe8f47e80 Thread exited: 0x000001ffe8f47e80
Event: 262.176 Thread 0x000001ffe8a265b0 Thread added: 0x000001ffe8a265b0
Event: 264.070 Thread 0x000001ffe8a265b0 Thread exited: 0x000001ffe8a265b0


Dynamic libraries:
0x00007ff75d2a0000 - 0x00007ff75d2b0000 	C:\Program Files\Java\jdk-19\bin\java.exe
0x00007ffd17dc0000 - 0x00007ffd17fc9000 	C:\WINDOWS\SYSTEM32\ntdll.dll
0x00007ffd16ad0000 - 0x00007ffd16b8e000 	C:\WINDOWS\System32\KERNEL32.DLL
0x00007ffd15870000 - 0x00007ffd15bf4000 	C:\WINDOWS\System32\KERNELBASE.dll
0x00007ffd15270000 - 0x00007ffd15381000 	C:\WINDOWS\System32\ucrtbase.dll
0x00007ffd12330000 - 0x00007ffd1234b000 	C:\Program Files\Java\jdk-19\bin\VCRUNTIME140.dll
0x00007ffcfb4c0000 - 0x00007ffcfb4d8000 	C:\Program Files\Java\jdk-19\bin\jli.dll
0x00007ffd177a0000 - 0x00007ffd1784f000 	C:\WINDOWS\System32\ADVAPI32.dll
0x00007ffd176d0000 - 0x00007ffd17773000 	C:\WINDOWS\System32\msvcrt.dll
0x00007ffd17630000 - 0x00007ffd176ce000 	C:\WINDOWS\System32\sechost.dll
0x00007ffd16910000 - 0x00007ffd16a31000 	C:\WINDOWS\System32\RPCRT4.dll
0x00007ffd15cd0000 - 0x00007ffd15e7d000 	C:\WINDOWS\System32\USER32.dll
0x00007ffd15c00000 - 0x00007ffd15c26000 	C:\WINDOWS\System32\win32u.dll
0x00007ffd16c70000 - 0x00007ffd16c9a000 	C:\WINDOWS\System32\GDI32.dll
0x00007ffd15540000 - 0x00007ffd1565f000 	C:\WINDOWS\System32\gdi32full.dll
0x00007ffd15660000 - 0x00007ffd156fd000 	C:\WINDOWS\System32\msvcp_win.dll
0x00007ffcff340000 - 0x00007ffcff5e5000 	C:\WINDOWS\WinSxS\amd64_microsoft.windows.common-controls_6595b64144ccf1df_6.0.22000.120_none_9d947278b86cc467\COMCTL32.dll
0x00007ffd0f3f0000 - 0x00007ffd0f3fa000 	C:\WINDOWS\SYSTEM32\VERSION.dll
0x00007ffd15c90000 - 0x00007ffd15cc1000 	C:\WINDOWS\System32\IMM32.DLL
0x00007ffd12380000 - 0x00007ffd1238c000 	C:\Program Files\Java\jdk-19\bin\vcruntime140_1.dll
0x00007ffcea700000 - 0x00007ffcea78e000 	C:\Program Files\Java\jdk-19\bin\msvcp140.dll
0x00007ffcaf740000 - 0x00007ffcb0400000 	C:\Program Files\Java\jdk-19\bin\server\jvm.dll
0x00007ffce9940000 - 0x00007ffce9949000 	C:\WINDOWS\SYSTEM32\WSOCK32.dll
0x00007ffd15e80000 - 0x00007ffd15eef000 	C:\WINDOWS\System32\WS2_32.dll
0x00007ffd0f410000 - 0x00007ffd0f443000 	C:\WINDOWS\SYSTEM32\WINMM.dll
0x00007ffd143e0000 - 0x00007ffd143f8000 	C:\WINDOWS\SYSTEM32\kernel.appcore.dll
0x00007ffd11b30000 - 0x00007ffd11b3a000 	C:\Program Files\Java\jdk-19\bin\jimage.dll
0x00007ffd12ed0000 - 0x00007ffd130f1000 	C:\WINDOWS\SYSTEM32\DBGHELP.DLL
0x00007ffcfca70000 - 0x00007ffcfcaa1000 	C:\WINDOWS\SYSTEM32\dbgcore.DLL
0x00007ffd15450000 - 0x00007ffd154cf000 	C:\WINDOWS\System32\bcryptPrimitives.dll
0x00007ffd11ab0000 - 0x00007ffd11ad6000 	C:\Program Files\Java\jdk-19\bin\java.dll
0x00007ffce79d0000 - 0x00007ffce7aa7000 	C:\Program Files\Java\jdk-19\bin\jsvml.dll
0x00007ffd16ca0000 - 0x00007ffd17465000 	C:\WINDOWS\System32\SHELL32.dll
0x00007ffd13360000 - 0x00007ffd13bc4000 	C:\WINDOWS\SYSTEM32\windows.storage.dll
0x00007ffd16520000 - 0x00007ffd16896000 	C:\WINDOWS\System32\combase.dll
0x00007ffd131f0000 - 0x00007ffd13357000 	C:\WINDOWS\SYSTEM32\wintypes.dll
0x00007ffd174d0000 - 0x00007ffd175ba000 	C:\WINDOWS\System32\SHCORE.dll
0x00007ffd15c30000 - 0x00007ffd15c8d000 	C:\WINDOWS\System32\shlwapi.dll
0x00007ffd151a0000 - 0x00007ffd151c1000 	C:\WINDOWS\SYSTEM32\profapi.dll
0x00007ffd04080000 - 0x00007ffd04093000 	C:\Program Files\Java\jdk-19\bin\net.dll
0x00007ffd0edc0000 - 0x00007ffd0eed3000 	C:\WINDOWS\SYSTEM32\WINHTTP.dll
0x00007ffd14880000 - 0x00007ffd148e7000 	C:\WINDOWS\system32\mswsock.dll
0x00007ffcfd5f0000 - 0x00007ffcfd606000 	C:\Program Files\Java\jdk-19\bin\nio.dll
0x00007ffcfd5d0000 - 0x00007ffcfd5e8000 	C:\Program Files\Java\jdk-19\bin\zip.dll
0x0000000069ac0000 - 0x0000000069ae4000 	C:\Users\User\Desktop\NETBEAN\NetBeans-15\netbeans\java\maven\lib\jansi-native\Windows\x86_64\jansi.dll
0x00007ffd10620000 - 0x00007ffd10630000 	C:\Program Files\Java\jdk-19\bin\verify.dll

dbghelp: loaded successfully - version: 4.0.5 - missing functions: none
symbol engine: initialized successfully - sym options: 0x614 - pdb path: .;C:\Program Files\Java\jdk-19\bin;C:\WINDOWS\SYSTEM32;C:\WINDOWS\WinSxS\amd64_microsoft.windows.common-controls_6595b64144ccf1df_6.0.22000.120_none_9d947278b86cc467;C:\Program Files\Java\jdk-19\bin\server;C:\Users\User\Desktop\NETBEAN\NetBeans-15\netbeans\java\maven\lib\jansi-native\Windows\x86_64

VM Arguments:
jvm_args: -Dclassworlds.conf=C:\Users\User\Desktop\NETBEAN\NetBeans-15\netbeans\java\maven\bin\m2.conf -Dmaven.home=C:\Users\User\Desktop\NETBEAN\NetBeans-15\netbeans\java\maven -Dlibrary.jansi.path=C:\Users\User\Desktop\NETBEAN\NetBeans-15\netbeans\java\maven\lib\jansi-native -Dmaven.multiModuleProjectDirectory=C:\Users\User\Desktop\NETBEAN\WallStreetWarriors 
java_command: org.codehaus.plexus.classworlds.launcher.Launcher -Dmaven.ext.class.path=C:\Users\User\Desktop\NETBEAN\NetBeans-15\netbeans\java\maven-nblib\netbeans-eventspy.jar install
java_class_path (initial): C:\Users\User\Desktop\NETBEAN\NetBeans-15\netbeans\java\maven\boot\plexus-classworlds-2.6.0.jar
Launcher Type: SUN_STANDARD

[Global flags]
     intx CICompilerCount                          = 4                                         {product} {ergonomic}
     uint ConcGCThreads                            = 2                                         {product} {ergonomic}
     uint G1ConcRefinementThreads                  = 8                                         {product} {ergonomic}
   size_t G1HeapRegionSize                         = 1048576                                   {product} {ergonomic}
    uintx GCDrainStackTargetSize                   = 64                                        {product} {ergonomic}
   size_t InitialHeapSize                          = 132120576                                 {product} {ergonomic}
   size_t MarkStackSize                            = 4194304                                   {product} {ergonomic}
   size_t MaxHeapSize                              = 2105540608                                {product} {ergonomic}
   size_t MaxNewSize                               = 1262485504                                {product} {ergonomic}
   size_t MinHeapDeltaBytes                        = 1048576                                   {product} {ergonomic}
   size_t MinHeapSize                              = 8388608                                   {product} {ergonomic}
    uintx NonNMethodCodeHeapSize                   = 5839372                                {pd product} {ergonomic}
    uintx NonProfiledCodeHeapSize                  = 122909434                              {pd product} {ergonomic}
    uintx ProfiledCodeHeapSize                     = 122909434                              {pd product} {ergonomic}
    uintx ReservedCodeCacheSize                    = 251658240                              {pd product} {ergonomic}
     bool SegmentedCodeCache                       = true                                      {product} {ergonomic}
   size_t SoftMaxHeapSize                          = 2105540608                             {manageable} {ergonomic}
     bool UseCompressedClassPointers               = true                           {product lp64_product} {ergonomic}
     bool UseCompressedOops                        = true                           {product lp64_product} {ergonomic}
     bool UseG1GC                                  = true                                      {product} {ergonomic}
     bool UseLargePagesIndividualAllocation        = false                                  {pd product} {ergonomic}

Logging:
Log output configuration:
 #0: stdout all=warning uptime,level,tags foldmultilines=false
 #1: stderr all=off uptime,level,tags foldmultilines=false

Environment Variables:
JAVA_HOME=C:\Program Files\Java\jdk-19
PATH=C:\Program Files\Common Files\Oracle\Java\javapath;C:\Windows\system32;C:\Windows;C:\Windows\System32\Wbem;C:\Windows\System32\WindowsPowerShell\v1.0\;C:\Windows\System32\OpenSSH\;C:\Program Files (x86)\NVIDIA Corporation\PhysX\Common;C:\Program Files\NVIDIA Corporation\NVIDIA NvDLISR;C:\WINDOWS\system32;C:\WINDOWS;C:\WINDOWS\System32\Wbem;C:\WINDOWS\System32\WindowsPowerShell\v1.0\;C:\WINDOWS\System32\OpenSSH\;C:\Program Files\Java\jdk-19\bin;C:\Program Files\Microsoft SQL Server\130\Tools\Binn\;C:\Program Files\nodejs\;C:\Program Files\Git\cmd;C:\Users\User\AppData\Local\Programs\Python\Python311\Scripts\;C:\Users\User\AppData\Local\Programs\Python\Python311\;C:\Users\User\AppData\Local\Microsoft\WindowsApps;C:\Users\User\Desktop\Useful tools\Microsoft VS Code\bin;C:\Users\User\AppData\Local\GitHubDesktop\bin;C:\Users\User\AppData\Roaming\npm;C:\Program Files\Graphviz\bin
USERNAME=User
OS=Windows_NT
PROCESSOR_IDENTIFIER=Intel64 Family 6 Model 165 Stepping 2, GenuineIntel
TMP=C:\Users\User\AppData\Local\Temp
TEMP=C:\Users\User\AppData\Local\Temp



---------------  S Y S T E M  ---------------

OS:
 Windows 11 , 64 bit Build 22000 (10.0.22000.1880)
OS uptime: 3 days 20:49 hours

CPU: total 8 (initial active 8) (4 cores per cpu, 2 threads per core) family 6 model 165 stepping 2 microcode 0xe0, cx8, cmov, fxsr, ht, mmx, 3dnowpref, sse, sse2, sse3, ssse3, sse4.1, sse4.2, popcnt, lzcnt, tsc, tscinvbit, avx, avx2, aes, erms, clmul, bmi1, bmi2, adx, fma, vzeroupper, clflush, clflushopt, rdtscp

Memory: 4k page, system-wide physical 8029M (37M free)
TotalPageFile size 32605M (AvailPageFile size 0M)
current process WorkingSet (physical memory assigned to process): 60M, peak: 107M
current process commit charge ("private bytes"): 331M, peak: 395M

vm_info: Java HotSpot(TM) 64-Bit Server VM (19+36-2238) for windows-amd64 JRE (19+36-2238), built on 2022-08-12T20:29:01Z by "mach5one" with MS VC++ 17.1 (VS2022)

END.
