#
# There is insufficient memory for the Java Runtime Environment to continue.
# Native memory allocation (malloc) failed to allocate 32744 bytes for Chunk::new
# Possible reasons:
#   The system is out of physical RAM or swap space
#   The process is running with CompressedOops enabled, and the Java Heap may be blocking the growth of the native heap
# Possible solutions:
#   Reduce memory load on the system
#   Increase physical memory or swap space
#   Check if swap backing store is full
#   Decrease Java heap size (-Xmx/-Xms)
#   Decrease number of Java threads
#   Decrease Java thread stack sizes (-Xss)
#   Set larger code cache with -XX:ReservedCodeCacheSize=
#   JVM is running with Unscaled Compressed Oops mode in which the Java heap is
#     placed in the first 4GB address space. The Java Heap base address is the
#     maximum limit for the native heap growth. Please use -XX:HeapBaseMinAddress
#     to set the Java Heap base and to place the Java Heap above 4GB virtual address.
# This output file may be truncated or incomplete.
#
#  Out of Memory Error (arena.cpp:184), pid=17812, tid=31080
#
# JRE version: Java(TM) SE Runtime Environment (19.0+36) (build 19+36-2238)
# Java VM: Java HotSpot(TM) 64-Bit Server VM (19+36-2238, mixed mode, sharing, tiered, compressed oops, compressed class ptrs, g1 gc, windows-amd64)
# No core dump will be written. Minidumps are not enabled by default on client versions of Windows
#

---------------  S U M M A R Y ------------

Command Line: -Dclassworlds.conf=C:\Users\User\Desktop\NETBEAN\NetBeans-15\netbeans\java\maven\bin\m2.conf -Dmaven.home=C:\Users\User\Desktop\NETBEAN\NetBeans-15\netbeans\java\maven -Dlibrary.jansi.path=C:\Users\User\Desktop\NETBEAN\NetBeans-15\netbeans\java\maven\lib\jansi-native -Dmaven.multiModuleProjectDirectory=C:\Users\User\Desktop\NETBEAN\WallStreetWarriors org.codehaus.plexus.classworlds.launcher.Launcher -Dmaven.ext.class.path=C:\Users\User\Desktop\NETBEAN\NetBeans-15\netbeans\java\maven-nblib\netbeans-eventspy.jar install

Host: Intel(R) Core(TM) i5-10300H CPU @ 2.50GHz, 8 cores, 7G,  Windows 11 , 64 bit Build 22000 (10.0.22000.1880)
Time: Mon Jun 12 20:45:34 2023 Malay Peninsula Standard Time elapsed time: 240.398333 seconds (0d 0h 4m 0s)

---------------  T H R E A D  ---------------

Current thread (0x0000018dd9c30570):  JavaThread "C2 CompilerThread0" daemon [_thread_in_native, id=31080, stack(0x0000004f97300000,0x0000004f97400000)]


Current CompileTask:
C2: 240398 3036       4       org.codehaus.plexus.configuration.DefaultPlexusConfiguration::getChild (7 bytes)

Stack: [0x0000004f97300000,0x0000004f97400000]
Native frames: (J=compiled Java code, j=interpreted, Vv=VM code, C=native code)
V  [jvm.dll+0x6ee8fa]
V  [jvm.dll+0x857a1e]
V  [jvm.dll+0x85940e]
V  [jvm.dll+0x859ac3]
V  [jvm.dll+0x28291f]
V  [jvm.dll+0xc9b5f]
V  [jvm.dll+0xc9ee5]
V  [jvm.dll+0x2108a1]
V  [jvm.dll+0x211991]
V  [jvm.dll+0x210cde]
V  [jvm.dll+0x200b20]
V  [jvm.dll+0x152c51]
V  [jvm.dll+0x2f50a2]
V  [jvm.dll+0x2f52ab]
V  [jvm.dll+0x2f6e21]
V  [jvm.dll+0x709232]
V  [jvm.dll+0x701356]
V  [jvm.dll+0x7009a1]
V  [jvm.dll+0x6fe883]
V  [jvm.dll+0x1d9eec]
V  [jvm.dll+0x1daa7b]
V  [jvm.dll+0x2f6e9d]
V  [jvm.dll+0x709232]
V  [jvm.dll+0x701356]
V  [jvm.dll+0x7009a1]
V  [jvm.dll+0x6fe883]
V  [jvm.dll+0x1d9eec]
V  [jvm.dll+0x1daa7b]
V  [jvm.dll+0x2f6e9d]
V  [jvm.dll+0x709232]
V  [jvm.dll+0x701356]
V  [jvm.dll+0x7009a1]
V  [jvm.dll+0x6fe883]
V  [jvm.dll+0x1d9eec]
V  [jvm.dll+0x24b223]
V  [jvm.dll+0x1d6d61]
V  [jvm.dll+0x25b0fa]
V  [jvm.dll+0x259588]
V  [jvm.dll+0x807928]
V  [jvm.dll+0x8015fa]
V  [jvm.dll+0x6ed5eb]
C  [ucrtbase.dll+0x26c0c]
C  [KERNEL32.DLL+0x155a0]
C  [ntdll.dll+0x485b]


---------------  P R O C E S S  ---------------

Threads class SMR info:
_java_thread_list=0x0000018dde0c2370, length=12, elements={
0x0000018dbb4ce070, 0x0000018dd9c27120, 0x0000018dd9c27c50, 0x0000018dd9c29d60,
0x0000018dd9c2e6b0, 0x0000018dd9c2efe0, 0x0000018dd9c2f910, 0x0000018dd9c30570,
0x0000018dde00afc0, 0x0000018dde00c550, 0x0000018dde0e48c0, 0x0000018dde0e7270
}

Java Threads: ( => current thread )
  0x0000018dbb4ce070 JavaThread "main" [_thread_in_native, id=26636, stack(0x0000004f96500000,0x0000004f96600000)]
  0x0000018dd9c27120 JavaThread "Reference Handler" daemon [_thread_blocked, id=20036, stack(0x0000004f96d00000,0x0000004f96e00000)]
  0x0000018dd9c27c50 JavaThread "Finalizer" daemon [_thread_blocked, id=30092, stack(0x0000004f96e00000,0x0000004f96f00000)]
  0x0000018dd9c29d60 JavaThread "Signal Dispatcher" daemon [_thread_blocked, id=26300, stack(0x0000004f96f00000,0x0000004f97000000)]
  0x0000018dd9c2e6b0 JavaThread "Attach Listener" daemon [_thread_blocked, id=31016, stack(0x0000004f97000000,0x0000004f97100000)]
  0x0000018dd9c2efe0 JavaThread "Service Thread" daemon [_thread_blocked, id=30924, stack(0x0000004f97100000,0x0000004f97200000)]
  0x0000018dd9c2f910 JavaThread "Monitor Deflation Thread" daemon [_thread_blocked, id=30972, stack(0x0000004f97200000,0x0000004f97300000)]
=>0x0000018dd9c30570 JavaThread "C2 CompilerThread0" daemon [_thread_in_native, id=31080, stack(0x0000004f97300000,0x0000004f97400000)]
  0x0000018dde00afc0 JavaThread "C1 CompilerThread0" daemon [_thread_blocked, id=29172, stack(0x0000004f97400000,0x0000004f97500000)]
  0x0000018dde00c550 JavaThread "Sweeper thread" daemon [_thread_blocked, id=24264, stack(0x0000004f97500000,0x0000004f97600000)]
  0x0000018dde0e48c0 JavaThread "Notification Thread" daemon [_thread_blocked, id=23268, stack(0x0000004f97600000,0x0000004f97700000)]
  0x0000018dde0e7270 JavaThread "Common-Cleaner" daemon [_thread_blocked, id=31980, stack(0x0000004f97800000,0x0000004f97900000)]

Other Threads:
  0x0000018dd9c08ca0 VMThread "VM Thread" [stack: 0x0000004f96c00000,0x0000004f96d00000] [id=2416]
  0x0000018dde0e6e10 WatcherThread "VM Periodic Task Thread" [stack: 0x0000004f97700000,0x0000004f97800000] [id=21280]
  0x0000018dbb52e010 WorkerThread "GC Thread#0" [stack: 0x0000004f96700000,0x0000004f96800000] [id=11676]
  0x0000018ddeb69080 WorkerThread "GC Thread#1" [stack: 0x0000004f97900000,0x0000004f97a00000] [id=32856]
  0x0000018ddeb69350 WorkerThread "GC Thread#2" [stack: 0x0000004f97a00000,0x0000004f97b00000] [id=32860]
  0x0000018ddeb698f0 WorkerThread "GC Thread#3" [stack: 0x0000004f97b00000,0x0000004f97c00000] [id=30996]
  0x0000018ddeb69620 WorkerThread "GC Thread#4" [stack: 0x0000004f97c00000,0x0000004f97d00000] [id=24724]
  0x0000018ddeb69bc0 WorkerThread "GC Thread#5" [stack: 0x0000004f97d00000,0x0000004f97e00000] [id=31152]
  0x0000018ddeb69e90 WorkerThread "GC Thread#6" [stack: 0x0000004f97e00000,0x0000004f97f00000] [id=29492]
  0x0000018ddeb6a160 WorkerThread "GC Thread#7" [stack: 0x0000004f97f00000,0x0000004f98000000] [id=31700]
  0x0000018dbb53ed70 ConcurrentGCThread "G1 Main Marker" [stack: 0x0000004f96800000,0x0000004f96900000] [id=20376]
  0x0000018dbb53f7a0 WorkerThread "G1 Conc#0" [stack: 0x0000004f96900000,0x0000004f96a00000] [id=27116]
  0x0000018dbb59dbb0 ConcurrentGCThread "G1 Refine#0" [stack: 0x0000004f96a00000,0x0000004f96b00000] [id=13524]
  0x0000018dbb59e6f0 ConcurrentGCThread "G1 Service" [stack: 0x0000004f96b00000,0x0000004f96c00000] [id=30588]

Threads with active compile tasks:
C2 CompilerThread0   243640 3036       4       org.codehaus.plexus.configuration.DefaultPlexusConfiguration::getChild (7 bytes)

VM state: not at safepoint (normal execution)

VM Mutex/Monitor currently owned by a thread: None

Heap address: 0x0000000082800000, size: 2008 MB, Compressed Oops mode: 32-bit

CDS archive(s) mapped at: [0x0000000800000000-0x0000000800c40000-0x0000000800c40000), size 12845056, SharedBaseAddress: 0x0000000800000000, ArchiveRelocationMode: 0.
Compressed class space mapped at: 0x0000000801000000-0x0000000841000000, reserved size: 1073741824
Narrow klass base: 0x0000000800000000, Narrow klass shift: 0, Narrow klass range: 0x100000000

GC Precious Log:
 CardTable entry size: 512
 Card Set container configuration: InlinePtr #cards 5 size 8 Array Of Cards #cards 12 size 40 Howl #buckets 4 coarsen threshold 1843 Howl Bitmap #cards 512 size 80 coarsen threshold 460 Card regions per heap region 1 cards per card region 2048
 CPUs: 8 total, 8 available
 Memory: 8029M
 Large Page Support: Disabled
 NUMA Support: Disabled
 Compressed Oops: Enabled (32-bit)
 Heap Region Size: 1M
 Heap Min Capacity: 8M
 Heap Initial Capacity: 126M
 Heap Max Capacity: 2008M
 Pre-touch: Disabled
 Parallel Workers: 8
 Concurrent Workers: 2
 Concurrent Refinement Workers: 8
 Periodic GC: Disabled

Heap:
 garbage-first heap   total 129024K, used 40920K [0x0000000082800000, 0x0000000100000000)
  region size 1024K, 38 young (38912K), 3 survivors (3072K)
 Metaspace       used 13195K, committed 13504K, reserved 1114112K
  class space    used 1465K, committed 1600K, reserved 1048576K

Heap Regions: E=young(eden), S=young(survivor), O=old, HS=humongous(starts), HC=humongous(continues), CS=collection set, F=free, OA=open archive, CA=closed archive, TAMS=top-at-mark-start (previous, next)
|   0|0x0000000082800000, 0x0000000082900000, 0x0000000082900000|100%| O|  |TAMS 0x0000000082800000, 0x0000000082800000| Untracked 
|   1|0x0000000082900000, 0x0000000082a00000, 0x0000000082a00000|100%| O|  |TAMS 0x0000000082900000, 0x0000000082900000| Untracked 
|   2|0x0000000082a00000, 0x0000000082b00000, 0x0000000082b00000|100%| O|  |TAMS 0x0000000082a00000, 0x0000000082a00000| Untracked 
|   3|0x0000000082b00000, 0x0000000082b71200, 0x0000000082c00000| 44%| O|  |TAMS 0x0000000082b00000, 0x0000000082b00000| Untracked 
|   4|0x0000000082c00000, 0x0000000082c00000, 0x0000000082d00000|  0%| F|  |TAMS 0x0000000082c00000, 0x0000000082c00000| Untracked 
|   5|0x0000000082d00000, 0x0000000082d00000, 0x0000000082e00000|  0%| F|  |TAMS 0x0000000082d00000, 0x0000000082d00000| Untracked 
|   6|0x0000000082e00000, 0x0000000082e00000, 0x0000000082f00000|  0%| F|  |TAMS 0x0000000082e00000, 0x0000000082e00000| Untracked 
|   7|0x0000000082f00000, 0x0000000082f00000, 0x0000000083000000|  0%| F|  |TAMS 0x0000000082f00000, 0x0000000082f00000| Untracked 
|   8|0x0000000083000000, 0x0000000083000000, 0x0000000083100000|  0%| F|  |TAMS 0x0000000083000000, 0x0000000083000000| Untracked 
|   9|0x0000000083100000, 0x0000000083100000, 0x0000000083200000|  0%| F|  |TAMS 0x0000000083100000, 0x0000000083100000| Untracked 
|  10|0x0000000083200000, 0x0000000083200000, 0x0000000083300000|  0%| F|  |TAMS 0x0000000083200000, 0x0000000083200000| Untracked 
|  11|0x0000000083300000, 0x0000000083300000, 0x0000000083400000|  0%| F|  |TAMS 0x0000000083300000, 0x0000000083300000| Untracked 
|  12|0x0000000083400000, 0x0000000083400000, 0x0000000083500000|  0%| F|  |TAMS 0x0000000083400000, 0x0000000083400000| Untracked 
|  13|0x0000000083500000, 0x0000000083500000, 0x0000000083600000|  0%| F|  |TAMS 0x0000000083500000, 0x0000000083500000| Untracked 
|  14|0x0000000083600000, 0x0000000083600000, 0x0000000083700000|  0%| F|  |TAMS 0x0000000083600000, 0x0000000083600000| Untracked 
|  15|0x0000000083700000, 0x0000000083700000, 0x0000000083800000|  0%| F|  |TAMS 0x0000000083700000, 0x0000000083700000| Untracked 
|  16|0x0000000083800000, 0x0000000083800000, 0x0000000083900000|  0%| F|  |TAMS 0x0000000083800000, 0x0000000083800000| Untracked 
|  17|0x0000000083900000, 0x0000000083900000, 0x0000000083a00000|  0%| F|  |TAMS 0x0000000083900000, 0x0000000083900000| Untracked 
|  18|0x0000000083a00000, 0x0000000083a00000, 0x0000000083b00000|  0%| F|  |TAMS 0x0000000083a00000, 0x0000000083a00000| Untracked 
|  19|0x0000000083b00000, 0x0000000083b00000, 0x0000000083c00000|  0%| F|  |TAMS 0x0000000083b00000, 0x0000000083b00000| Untracked 
|  20|0x0000000083c00000, 0x0000000083c00000, 0x0000000083d00000|  0%| F|  |TAMS 0x0000000083c00000, 0x0000000083c00000| Untracked 
|  21|0x0000000083d00000, 0x0000000083d00000, 0x0000000083e00000|  0%| F|  |TAMS 0x0000000083d00000, 0x0000000083d00000| Untracked 
|  22|0x0000000083e00000, 0x0000000083e00000, 0x0000000083f00000|  0%| F|  |TAMS 0x0000000083e00000, 0x0000000083e00000| Untracked 
|  23|0x0000000083f00000, 0x0000000083f00000, 0x0000000084000000|  0%| F|  |TAMS 0x0000000083f00000, 0x0000000083f00000| Untracked 
|  24|0x0000000084000000, 0x0000000084000000, 0x0000000084100000|  0%| F|  |TAMS 0x0000000084000000, 0x0000000084000000| Untracked 
|  25|0x0000000084100000, 0x0000000084100000, 0x0000000084200000|  0%| F|  |TAMS 0x0000000084100000, 0x0000000084100000| Untracked 
|  26|0x0000000084200000, 0x0000000084200000, 0x0000000084300000|  0%| F|  |TAMS 0x0000000084200000, 0x0000000084200000| Untracked 
|  27|0x0000000084300000, 0x0000000084300000, 0x0000000084400000|  0%| F|  |TAMS 0x0000000084300000, 0x0000000084300000| Untracked 
|  28|0x0000000084400000, 0x0000000084400000, 0x0000000084500000|  0%| F|  |TAMS 0x0000000084400000, 0x0000000084400000| Untracked 
|  29|0x0000000084500000, 0x0000000084500000, 0x0000000084600000|  0%| F|  |TAMS 0x0000000084500000, 0x0000000084500000| Untracked 
|  30|0x0000000084600000, 0x0000000084600000, 0x0000000084700000|  0%| F|  |TAMS 0x0000000084600000, 0x0000000084600000| Untracked 
|  31|0x0000000084700000, 0x0000000084700000, 0x0000000084800000|  0%| F|  |TAMS 0x0000000084700000, 0x0000000084700000| Untracked 
|  32|0x0000000084800000, 0x0000000084800000, 0x0000000084900000|  0%| F|  |TAMS 0x0000000084800000, 0x0000000084800000| Untracked 
|  33|0x0000000084900000, 0x0000000084900000, 0x0000000084a00000|  0%| F|  |TAMS 0x0000000084900000, 0x0000000084900000| Untracked 
|  34|0x0000000084a00000, 0x0000000084a00000, 0x0000000084b00000|  0%| F|  |TAMS 0x0000000084a00000, 0x0000000084a00000| Untracked 
|  35|0x0000000084b00000, 0x0000000084b00000, 0x0000000084c00000|  0%| F|  |TAMS 0x0000000084b00000, 0x0000000084b00000| Untracked 
|  36|0x0000000084c00000, 0x0000000084c00000, 0x0000000084d00000|  0%| F|  |TAMS 0x0000000084c00000, 0x0000000084c00000| Untracked 
|  37|0x0000000084d00000, 0x0000000084d00000, 0x0000000084e00000|  0%| F|  |TAMS 0x0000000084d00000, 0x0000000084d00000| Untracked 
|  38|0x0000000084e00000, 0x0000000084e00000, 0x0000000084f00000|  0%| F|  |TAMS 0x0000000084e00000, 0x0000000084e00000| Untracked 
|  39|0x0000000084f00000, 0x0000000084f00000, 0x0000000085000000|  0%| F|  |TAMS 0x0000000084f00000, 0x0000000084f00000| Untracked 
|  40|0x0000000085000000, 0x0000000085000000, 0x0000000085100000|  0%| F|  |TAMS 0x0000000085000000, 0x0000000085000000| Untracked 
|  41|0x0000000085100000, 0x0000000085100000, 0x0000000085200000|  0%| F|  |TAMS 0x0000000085100000, 0x0000000085100000| Untracked 
|  42|0x0000000085200000, 0x0000000085200000, 0x0000000085300000|  0%| F|  |TAMS 0x0000000085200000, 0x0000000085200000| Untracked 
|  43|0x0000000085300000, 0x0000000085300000, 0x0000000085400000|  0%| F|  |TAMS 0x0000000085300000, 0x0000000085300000| Untracked 
|  44|0x0000000085400000, 0x0000000085400000, 0x0000000085500000|  0%| F|  |TAMS 0x0000000085400000, 0x0000000085400000| Untracked 
|  45|0x0000000085500000, 0x0000000085500000, 0x0000000085600000|  0%| F|  |TAMS 0x0000000085500000, 0x0000000085500000| Untracked 
|  46|0x0000000085600000, 0x0000000085600000, 0x0000000085700000|  0%| F|  |TAMS 0x0000000085600000, 0x0000000085600000| Untracked 
|  47|0x0000000085700000, 0x0000000085700000, 0x0000000085800000|  0%| F|  |TAMS 0x0000000085700000, 0x0000000085700000| Untracked 
|  48|0x0000000085800000, 0x0000000085800000, 0x0000000085900000|  0%| F|  |TAMS 0x0000000085800000, 0x0000000085800000| Untracked 
|  49|0x0000000085900000, 0x0000000085900000, 0x0000000085a00000|  0%| F|  |TAMS 0x0000000085900000, 0x0000000085900000| Untracked 
|  50|0x0000000085a00000, 0x0000000085a00000, 0x0000000085b00000|  0%| F|  |TAMS 0x0000000085a00000, 0x0000000085a00000| Untracked 
|  51|0x0000000085b00000, 0x0000000085b00000, 0x0000000085c00000|  0%| F|  |TAMS 0x0000000085b00000, 0x0000000085b00000| Untracked 
|  52|0x0000000085c00000, 0x0000000085c00000, 0x0000000085d00000|  0%| F|  |TAMS 0x0000000085c00000, 0x0000000085c00000| Untracked 
|  53|0x0000000085d00000, 0x0000000085d00000, 0x0000000085e00000|  0%| F|  |TAMS 0x0000000085d00000, 0x0000000085d00000| Untracked 
|  54|0x0000000085e00000, 0x0000000085e00000, 0x0000000085f00000|  0%| F|  |TAMS 0x0000000085e00000, 0x0000000085e00000| Untracked 
|  55|0x0000000085f00000, 0x0000000085f00000, 0x0000000086000000|  0%| F|  |TAMS 0x0000000085f00000, 0x0000000085f00000| Untracked 
|  56|0x0000000086000000, 0x0000000086000000, 0x0000000086100000|  0%| F|  |TAMS 0x0000000086000000, 0x0000000086000000| Untracked 
|  57|0x0000000086100000, 0x0000000086100000, 0x0000000086200000|  0%| F|  |TAMS 0x0000000086100000, 0x0000000086100000| Untracked 
|  58|0x0000000086200000, 0x0000000086200000, 0x0000000086300000|  0%| F|  |TAMS 0x0000000086200000, 0x0000000086200000| Untracked 
|  59|0x0000000086300000, 0x0000000086300000, 0x0000000086400000|  0%| F|  |TAMS 0x0000000086300000, 0x0000000086300000| Untracked 
|  60|0x0000000086400000, 0x0000000086400000, 0x0000000086500000|  0%| F|  |TAMS 0x0000000086400000, 0x0000000086400000| Untracked 
|  61|0x0000000086500000, 0x0000000086500000, 0x0000000086600000|  0%| F|  |TAMS 0x0000000086500000, 0x0000000086500000| Untracked 
|  62|0x0000000086600000, 0x0000000086600000, 0x0000000086700000|  0%| F|  |TAMS 0x0000000086600000, 0x0000000086600000| Untracked 
|  63|0x0000000086700000, 0x0000000086700000, 0x0000000086800000|  0%| F|  |TAMS 0x0000000086700000, 0x0000000086700000| Untracked 
|  64|0x0000000086800000, 0x0000000086800000, 0x0000000086900000|  0%| F|  |TAMS 0x0000000086800000, 0x0000000086800000| Untracked 
|  65|0x0000000086900000, 0x0000000086900000, 0x0000000086a00000|  0%| F|  |TAMS 0x0000000086900000, 0x0000000086900000| Untracked 
|  66|0x0000000086a00000, 0x0000000086a00000, 0x0000000086b00000|  0%| F|  |TAMS 0x0000000086a00000, 0x0000000086a00000| Untracked 
|  67|0x0000000086b00000, 0x0000000086b00000, 0x0000000086c00000|  0%| F|  |TAMS 0x0000000086b00000, 0x0000000086b00000| Untracked 
|  68|0x0000000086c00000, 0x0000000086c00000, 0x0000000086d00000|  0%| F|  |TAMS 0x0000000086c00000, 0x0000000086c00000| Untracked 
|  69|0x0000000086d00000, 0x0000000086d00000, 0x0000000086e00000|  0%| F|  |TAMS 0x0000000086d00000, 0x0000000086d00000| Untracked 
|  70|0x0000000086e00000, 0x0000000086e00000, 0x0000000086f00000|  0%| F|  |TAMS 0x0000000086e00000, 0x0000000086e00000| Untracked 
|  71|0x0000000086f00000, 0x0000000086f00000, 0x0000000087000000|  0%| F|  |TAMS 0x0000000086f00000, 0x0000000086f00000| Untracked 
|  72|0x0000000087000000, 0x0000000087000000, 0x0000000087100000|  0%| F|  |TAMS 0x0000000087000000, 0x0000000087000000| Untracked 
|  73|0x0000000087100000, 0x0000000087100000, 0x0000000087200000|  0%| F|  |TAMS 0x0000000087100000, 0x0000000087100000| Untracked 
|  74|0x0000000087200000, 0x0000000087200000, 0x0000000087300000|  0%| F|  |TAMS 0x0000000087200000, 0x0000000087200000| Untracked 
|  75|0x0000000087300000, 0x0000000087300000, 0x0000000087400000|  0%| F|  |TAMS 0x0000000087300000, 0x0000000087300000| Untracked 
|  76|0x0000000087400000, 0x0000000087400000, 0x0000000087500000|  0%| F|  |TAMS 0x0000000087400000, 0x0000000087400000| Untracked 
|  77|0x0000000087500000, 0x0000000087500000, 0x0000000087600000|  0%| F|  |TAMS 0x0000000087500000, 0x0000000087500000| Untracked 
|  78|0x0000000087600000, 0x0000000087600000, 0x0000000087700000|  0%| F|  |TAMS 0x0000000087600000, 0x0000000087600000| Untracked 
|  79|0x0000000087700000, 0x0000000087700000, 0x0000000087800000|  0%| F|  |TAMS 0x0000000087700000, 0x0000000087700000| Untracked 
|  80|0x0000000087800000, 0x0000000087800000, 0x0000000087900000|  0%| F|  |TAMS 0x0000000087800000, 0x0000000087800000| Untracked 
|  81|0x0000000087900000, 0x0000000087900000, 0x0000000087a00000|  0%| F|  |TAMS 0x0000000087900000, 0x0000000087900000| Untracked 
|  82|0x0000000087a00000, 0x0000000087a00000, 0x0000000087b00000|  0%| F|  |TAMS 0x0000000087a00000, 0x0000000087a00000| Untracked 
|  83|0x0000000087b00000, 0x0000000087b00000, 0x0000000087c00000|  0%| F|  |TAMS 0x0000000087b00000, 0x0000000087b00000| Untracked 
|  84|0x0000000087c00000, 0x0000000087c00000, 0x0000000087d00000|  0%| F|  |TAMS 0x0000000087c00000, 0x0000000087c00000| Untracked 
|  85|0x0000000087d00000, 0x0000000087d00000, 0x0000000087e00000|  0%| F|  |TAMS 0x0000000087d00000, 0x0000000087d00000| Untracked 
|  86|0x0000000087e00000, 0x0000000087e00000, 0x0000000087f00000|  0%| F|  |TAMS 0x0000000087e00000, 0x0000000087e00000| Untracked 
|  87|0x0000000087f00000, 0x0000000087f00000, 0x0000000088000000|  0%| F|  |TAMS 0x0000000087f00000, 0x0000000087f00000| Untracked 
|  88|0x0000000088000000, 0x0000000088100000, 0x0000000088100000|100%| E|  |TAMS 0x0000000088000000, 0x0000000088000000| Complete 
|  89|0x0000000088100000, 0x0000000088185068, 0x0000000088200000| 51%| S|CS|TAMS 0x0000000088100000, 0x0000000088100000| Complete 
|  90|0x0000000088200000, 0x0000000088300000, 0x0000000088300000|100%| S|CS|TAMS 0x0000000088200000, 0x0000000088200000| Complete 
|  91|0x0000000088300000, 0x0000000088400000, 0x0000000088400000|100%| S|CS|TAMS 0x0000000088300000, 0x0000000088300000| Complete 
|  92|0x0000000088400000, 0x0000000088500000, 0x0000000088500000|100%| E|CS|TAMS 0x0000000088400000, 0x0000000088400000| Complete 
|  93|0x0000000088500000, 0x0000000088600000, 0x0000000088600000|100%| E|CS|TAMS 0x0000000088500000, 0x0000000088500000| Complete 
|  94|0x0000000088600000, 0x0000000088700000, 0x0000000088700000|100%| E|CS|TAMS 0x0000000088600000, 0x0000000088600000| Complete 
|  95|0x0000000088700000, 0x0000000088800000, 0x0000000088800000|100%| E|CS|TAMS 0x0000000088700000, 0x0000000088700000| Complete 
|  96|0x0000000088800000, 0x0000000088900000, 0x0000000088900000|100%| E|CS|TAMS 0x0000000088800000, 0x0000000088800000| Complete 
|  97|0x0000000088900000, 0x0000000088a00000, 0x0000000088a00000|100%| E|CS|TAMS 0x0000000088900000, 0x0000000088900000| Complete 
|  98|0x0000000088a00000, 0x0000000088b00000, 0x0000000088b00000|100%| E|CS|TAMS 0x0000000088a00000, 0x0000000088a00000| Complete 
|  99|0x0000000088b00000, 0x0000000088c00000, 0x0000000088c00000|100%| E|CS|TAMS 0x0000000088b00000, 0x0000000088b00000| Complete 
| 100|0x0000000088c00000, 0x0000000088d00000, 0x0000000088d00000|100%| E|CS|TAMS 0x0000000088c00000, 0x0000000088c00000| Complete 
| 101|0x0000000088d00000, 0x0000000088e00000, 0x0000000088e00000|100%| E|CS|TAMS 0x0000000088d00000, 0x0000000088d00000| Complete 
| 102|0x0000000088e00000, 0x0000000088f00000, 0x0000000088f00000|100%| E|CS|TAMS 0x0000000088e00000, 0x0000000088e00000| Complete 
| 103|0x0000000088f00000, 0x0000000089000000, 0x0000000089000000|100%| E|CS|TAMS 0x0000000088f00000, 0x0000000088f00000| Complete 
| 104|0x0000000089000000, 0x0000000089100000, 0x0000000089100000|100%| E|CS|TAMS 0x0000000089000000, 0x0000000089000000| Complete 
| 105|0x0000000089100000, 0x0000000089200000, 0x0000000089200000|100%| E|CS|TAMS 0x0000000089100000, 0x0000000089100000| Complete 
| 106|0x0000000089200000, 0x0000000089300000, 0x0000000089300000|100%| E|CS|TAMS 0x0000000089200000, 0x0000000089200000| Complete 
| 107|0x0000000089300000, 0x0000000089400000, 0x0000000089400000|100%| E|CS|TAMS 0x0000000089300000, 0x0000000089300000| Complete 
| 108|0x0000000089400000, 0x0000000089500000, 0x0000000089500000|100%| E|CS|TAMS 0x0000000089400000, 0x0000000089400000| Complete 
| 109|0x0000000089500000, 0x0000000089600000, 0x0000000089600000|100%| E|CS|TAMS 0x0000000089500000, 0x0000000089500000| Complete 
| 110|0x0000000089600000, 0x0000000089700000, 0x0000000089700000|100%| E|CS|TAMS 0x0000000089600000, 0x0000000089600000| Complete 
| 111|0x0000000089700000, 0x0000000089800000, 0x0000000089800000|100%| E|CS|TAMS 0x0000000089700000, 0x0000000089700000| Complete 
| 112|0x0000000089800000, 0x0000000089900000, 0x0000000089900000|100%| E|CS|TAMS 0x0000000089800000, 0x0000000089800000| Complete 
| 113|0x0000000089900000, 0x0000000089a00000, 0x0000000089a00000|100%| E|CS|TAMS 0x0000000089900000, 0x0000000089900000| Complete 
| 114|0x0000000089a00000, 0x0000000089b00000, 0x0000000089b00000|100%| E|CS|TAMS 0x0000000089a00000, 0x0000000089a00000| Complete 
| 115|0x0000000089b00000, 0x0000000089c00000, 0x0000000089c00000|100%| E|CS|TAMS 0x0000000089b00000, 0x0000000089b00000| Complete 
| 116|0x0000000089c00000, 0x0000000089d00000, 0x0000000089d00000|100%| E|CS|TAMS 0x0000000089c00000, 0x0000000089c00000| Complete 
| 117|0x0000000089d00000, 0x0000000089e00000, 0x0000000089e00000|100%| E|CS|TAMS 0x0000000089d00000, 0x0000000089d00000| Complete 
| 118|0x0000000089e00000, 0x0000000089f00000, 0x0000000089f00000|100%| E|CS|TAMS 0x0000000089e00000, 0x0000000089e00000| Complete 
| 119|0x0000000089f00000, 0x000000008a000000, 0x000000008a000000|100%| E|CS|TAMS 0x0000000089f00000, 0x0000000089f00000| Complete 
| 120|0x000000008a000000, 0x000000008a100000, 0x000000008a100000|100%| E|CS|TAMS 0x000000008a000000, 0x000000008a000000| Complete 
| 121|0x000000008a100000, 0x000000008a200000, 0x000000008a200000|100%| E|CS|TAMS 0x000000008a100000, 0x000000008a100000| Complete 
| 122|0x000000008a200000, 0x000000008a300000, 0x000000008a300000|100%| E|CS|TAMS 0x000000008a200000, 0x000000008a200000| Complete 
| 123|0x000000008a300000, 0x000000008a400000, 0x000000008a400000|100%| E|CS|TAMS 0x000000008a300000, 0x000000008a300000| Complete 
| 124|0x000000008a400000, 0x000000008a500000, 0x000000008a500000|100%| E|CS|TAMS 0x000000008a400000, 0x000000008a400000| Complete 
| 125|0x000000008a500000, 0x000000008a600000, 0x000000008a600000|100%| E|CS|TAMS 0x000000008a500000, 0x000000008a500000| Complete 

Card table byte_map: [0x0000018dd2b60000,0x0000018dd2f50000] _byte_map_base: 0x0000018dd274c000

Marking Bits (Prev, Next): (CMBitMap*) 0x0000018dbb52e640, (CMBitMap*) 0x0000018dbb52e680
 Prev Bits: [0x0000018dd3340000, 0x0000018dd52a0000)
 Next Bits: [0x0000018dd52a0000, 0x0000018dd7200000)

Polling page: 0x0000018dbaca0000

Metaspace:

Usage:
  Non-class:     11.46 MB used.
      Class:      1.43 MB used.
       Both:     12.89 MB used.

Virtual space:
  Non-class space:       64.00 MB reserved,      11.62 MB ( 18%) committed,  1 nodes.
      Class space:        1.00 GB reserved,       1.56 MB ( <1%) committed,  1 nodes.
             Both:        1.06 GB reserved,      13.19 MB (  1%) committed. 

Chunk freelists:
   Non-Class:  3.42 MB
       Class:  2.47 MB
        Both:  5.90 MB

MaxMetaspaceSize: unlimited
CompressedClassSpaceSize: 1.00 GB
Initial GC threshold: 21.00 MB
Current GC threshold: 21.00 MB
CDS: on
MetaspaceReclaimPolicy: balanced
 - commit_granule_bytes: 65536.
 - commit_granule_words: 8192.
 - virtual_space_node_default_size: 8388608.
 - enlarge_chunks_in_place: 1.
 - new_chunks_are_fully_committed: 0.
 - uncommit_free_chunks: 1.
 - use_allocation_guard: 0.


Internal statistics:

num_allocs_failed_limit: 0.
num_arena_births: 236.
num_arena_deaths: 0.
num_vsnodes_births: 2.
num_vsnodes_deaths: 0.
num_space_committed: 211.
num_space_uncommitted: 0.
num_chunks_returned_to_freelist: 0.
num_chunks_taken_from_freelist: 671.
num_chunk_merges: 0.
num_chunk_splits: 483.
num_chunks_enlarged: 369.
num_inconsistent_stats: 0.

CodeHeap 'non-profiled nmethods': size=120000Kb used=1307Kb max_used=1307Kb free=118692Kb
 bounds [0x0000018dcaf00000, 0x0000018dcb170000, 0x0000018dd2430000]
CodeHeap 'profiled nmethods': size=120000Kb used=6080Kb max_used=6080Kb free=113919Kb
 bounds [0x0000018dc3430000, 0x0000018dc3a30000, 0x0000018dca960000]
CodeHeap 'non-nmethods': size=5760Kb used=1266Kb max_used=1302Kb free=4493Kb
 bounds [0x0000018dca960000, 0x0000018dcabd0000, 0x0000018dcaf00000]
 total_blobs=3538 nmethods=3062 adapters=386
 compilation: enabled
              stopped_count=0, restarted_count=0
 full_count=0

Compilation events (20 events):
Event: 221.252 Thread 0x0000018dd9c30570 nmethod 3004 0x0000018dcb040f10 code [0x0000018dcb041080, 0x0000018dcb041118]
Event: 221.252 Thread 0x0000018dd9c30570 3022       4       org.apache.maven.model.ConfigurationContainer::setLocation (156 bytes)
Event: 221.320 Thread 0x0000018dd9c30570 nmethod 3022 0x0000018dcb041210 code [0x0000018dcb041460, 0x0000018dcb042d00]
Event: 221.697 Thread 0x0000018dd9c30570 3027       4       java.lang.AbstractStringBuilder::append (67 bytes)
Event: 221.698 Thread 0x0000018dde00afc0 3028       3       java.util.regex.Pattern$Curly::match (91 bytes)
Event: 221.699 Thread 0x0000018dde00afc0 nmethod 3028 0x0000018dc3a06a90 code [0x0000018dc3a06ca0, 0x0000018dc3a07158]
Event: 221.702 Thread 0x0000018dd9c30570 nmethod 3027 0x0000018dcb043690 code [0x0000018dcb043840, 0x0000018dcb043f08]
Event: 223.227 Thread 0x0000018dde00afc0 3029       3       org.eclipse.aether.artifact.DefaultArtifactType::emptify (11 bytes)
Event: 223.228 Thread 0x0000018dde00afc0 nmethod 3029 0x0000018dc3a07310 code [0x0000018dc3a074a0, 0x0000018dc3a075d8]
Event: 223.228 Thread 0x0000018dde00afc0 3030       3       java.lang.Boolean::toString (5 bytes)
Event: 223.229 Thread 0x0000018dde00afc0 nmethod 3030 0x0000018dc3a07690 code [0x0000018dc3a07840, 0x0000018dc3a07a18]
Event: 232.067 Thread 0x0000018dde00afc0 3031       3       java.util.WeakHashMap::isEmpty (13 bytes)
Event: 232.641 Thread 0x0000018dde00afc0 nmethod 3031 0x0000018dc3a07b10 code [0x0000018dc3a07cc0, 0x0000018dc3a07f88]
Event: 236.885 Thread 0x0000018dde00afc0 3033   !   3       java.io.StringReader::read (105 bytes)
Event: 237.178 Thread 0x0000018dde00afc0 nmethod 3033 0x0000018dc3a08090 code [0x0000018dc3a082c0, 0x0000018dc3a08a68]
Event: 237.245 Thread 0x0000018dde00afc0 3034       3       java.io.StringReader::ensureOpen (18 bytes)
Event: 237.250 Thread 0x0000018dde00afc0 nmethod 3034 0x0000018dc3a08e90 code [0x0000018dc3a09040, 0x0000018dc3a09248]
Event: 237.427 Thread 0x0000018dd9c30570 3035       4       org.codehaus.plexus.util.xml.pull.MXParser::isEmptyElementTag (25 bytes)
Event: 237.436 Thread 0x0000018dd9c30570 nmethod 3035 0x0000018dcb044310 code [0x0000018dcb0444a0, 0x0000018dcb044538]
Event: 238.136 Thread 0x0000018dd9c30570 3036       4       org.codehaus.plexus.configuration.DefaultPlexusConfiguration::getChild (7 bytes)

GC Heap History (4 events):
Event: 10.957 GC heap before
{Heap before GC invocations=0 (full 0):
 garbage-first heap   total 129024K, used 23552K [0x0000000082800000, 0x0000000100000000)
  region size 1024K, 23 young (23552K), 0 survivors (0K)
 Metaspace       used 5004K, committed 5184K, reserved 1114112K
  class space    used 560K, committed 640K, reserved 1048576K
}
Event: 11.290 GC heap after
{Heap after GC invocations=1 (full 0):
 garbage-first heap   total 129024K, used 3563K [0x0000000082800000, 0x0000000100000000)
  region size 1024K, 3 young (3072K), 3 survivors (3072K)
 Metaspace       used 5004K, committed 5184K, reserved 1114112K
  class space    used 560K, committed 640K, reserved 1048576K
}
Event: 20.366 GC heap before
{Heap before GC invocations=1 (full 0):
 garbage-first heap   total 129024K, used 35307K [0x0000000082800000, 0x0000000100000000)
  region size 1024K, 34 young (34816K), 3 survivors (3072K)
 Metaspace       used 10385K, committed 10624K, reserved 1114112K
  class space    used 1224K, committed 1344K, reserved 1048576K
}
Event: 20.386 GC heap after
{Heap after GC invocations=2 (full 0):
 garbage-first heap   total 129024K, used 6104K [0x0000000082800000, 0x0000000100000000)
  region size 1024K, 3 young (3072K), 3 survivors (3072K)
 Metaspace       used 10385K, committed 10624K, reserved 1114112K
  class space    used 1224K, committed 1344K, reserved 1048576K
}

Dll operation events (8 events):
Event: 0.184 Loaded shared library C:\Program Files\Java\jdk-19\bin\java.dll
Event: 0.693 Loaded shared library C:\Program Files\Java\jdk-19\bin\jsvml.dll
Event: 4.706 Loaded shared library C:\Program Files\Java\jdk-19\bin\net.dll
Event: 4.717 Loaded shared library C:\Program Files\Java\jdk-19\bin\nio.dll
Event: 4.722 Loaded shared library C:\Program Files\Java\jdk-19\bin\zip.dll
Event: 6.743 Loaded shared library C:\Program Files\Java\jdk-19\bin\jimage.dll
Event: 6.765 Loaded shared library C:\Users\User\Desktop\NETBEAN\NetBeans-15\netbeans\java\maven\lib\jansi-native\Windows\x86_64\jansi.dll
Event: 6.845 Loaded shared library C:\Program Files\Java\jdk-19\bin\verify.dll

Deoptimization events (20 events):
Event: 25.806 Thread 0x0000018dbb4ce070 Uncommon trap: trap_request=0xffffff45 fr.pc=0x0000018dcaf558a4 relative=0x0000000000000284
Event: 25.806 Thread 0x0000018dbb4ce070 Uncommon trap: reason=unstable_if action=reinterpret pc=0x0000018dcaf558a4 method=java.lang.String.decodeASCII([BI[CII)I @ 13 c2
Event: 25.806 Thread 0x0000018dbb4ce070 DEOPT PACKING pc=0x0000018dcaf558a4 sp=0x0000004f965fdc90
Event: 25.806 Thread 0x0000018dbb4ce070 DEOPT UNPACKING pc=0x0000018dca9c6da3 sp=0x0000004f965fdc18 mode 2
Event: 25.811 Thread 0x0000018dbb4ce070 Uncommon trap: trap_request=0xffffff45 fr.pc=0x0000018dcaff7758 relative=0x0000000000000d98
Event: 25.811 Thread 0x0000018dbb4ce070 Uncommon trap: reason=unstable_if action=reinterpret pc=0x0000018dcaff7758 method=org.codehaus.plexus.util.xml.pull.MXParser.nextImpl()I @ 972 c2
Event: 25.811 Thread 0x0000018dbb4ce070 DEOPT PACKING pc=0x0000018dcaff7758 sp=0x0000004f965fe100
Event: 25.811 Thread 0x0000018dbb4ce070 DEOPT UNPACKING pc=0x0000018dca9c6da3 sp=0x0000004f965fe080 mode 2
Event: 26.377 Thread 0x0000018dbb4ce070 Uncommon trap: trap_request=0xffffff45 fr.pc=0x0000018dcaff903c relative=0x000000000000009c
Event: 26.377 Thread 0x0000018dbb4ce070 Uncommon trap: reason=unstable_if action=reinterpret pc=0x0000018dcaff903c method=org.apache.maven.model.validation.DefaultModelValidator.isValidIdCharacter(C)Z @ 51 c2
Event: 26.377 Thread 0x0000018dbb4ce070 DEOPT PACKING pc=0x0000018dcaff903c sp=0x0000004f965fe2b0
Event: 26.377 Thread 0x0000018dbb4ce070 DEOPT UNPACKING pc=0x0000018dca9c6da3 sp=0x0000004f965fe248 mode 2
Event: 213.270 Thread 0x0000018dbb4ce070 DEOPT PACKING pc=0x0000018dc3912be6 sp=0x0000004f965fda70
Event: 213.271 Thread 0x0000018dbb4ce070 DEOPT UNPACKING pc=0x0000018dca9c7543 sp=0x0000004f965fcf90 mode 0
Event: 215.114 Thread 0x0000018dbb4ce070 Uncommon trap: trap_request=0xffffffcc fr.pc=0x0000018dcb02b3a4 relative=0x0000000000000204
Event: 215.114 Thread 0x0000018dbb4ce070 Uncommon trap: reason=intrinsic_or_type_checked_inlining action=make_not_entrant pc=0x0000018dcb02b3a4 method=java.util.Arrays.copyOf([Ljava/lang/Object;ILjava/lang/Class;)[Ljava/lang/Object; @ 35 c2
Event: 215.114 Thread 0x0000018dbb4ce070 DEOPT PACKING pc=0x0000018dcb02b3a4 sp=0x0000004f965fe1a0
Event: 215.114 Thread 0x0000018dbb4ce070 DEOPT UNPACKING pc=0x0000018dca9c6da3 sp=0x0000004f965fe130 mode 2
Event: 216.461 Thread 0x0000018dbb4ce070 DEOPT PACKING pc=0x0000018dc3907c84 sp=0x0000004f965fd820
Event: 216.461 Thread 0x0000018dbb4ce070 DEOPT UNPACKING pc=0x0000018dca9c7543 sp=0x0000004f965fcd78 mode 0

Classes loaded (20 events):
Event: 24.966 Loading class java/lang/Byte$ByteCache
Event: 24.966 Loading class java/lang/Byte$ByteCache done
Event: 24.980 Loading class sun/invoke/util/ValueConversions$1
Event: 24.980 Loading class sun/invoke/util/ValueConversions$1 done
Event: 24.981 Loading class java/lang/invoke/BoundMethodHandle$Species_LI
Event: 24.981 Loading class java/lang/invoke/BoundMethodHandle$Species_LI done
Event: 26.551 Loading class java/util/LinkedList$ListItr
Event: 26.551 Loading class java/util/LinkedList$ListItr done
Event: 174.482 Loading class java/io/InterruptedIOException
Event: 174.574 Loading class java/io/InterruptedIOException done
Event: 177.225 Loading class java/util/concurrent/locks/ReentrantReadWriteLock$NonfairSync
Event: 177.226 Loading class java/util/concurrent/locks/ReentrantReadWriteLock$Sync
Event: 177.232 Loading class java/util/concurrent/locks/ReentrantReadWriteLock$Sync done
Event: 177.232 Loading class java/util/concurrent/locks/ReentrantReadWriteLock$NonfairSync done
Event: 180.093 Loading class java/util/concurrent/locks/ReentrantReadWriteLock$Sync$ThreadLocalHoldCounter
Event: 180.094 Loading class java/util/concurrent/locks/ReentrantReadWriteLock$Sync$ThreadLocalHoldCounter done
Event: 180.094 Loading class java/util/concurrent/locks/ReentrantReadWriteLock$ReadLock
Event: 180.096 Loading class java/util/concurrent/locks/ReentrantReadWriteLock$ReadLock done
Event: 180.096 Loading class java/util/concurrent/locks/ReentrantReadWriteLock$WriteLock
Event: 180.097 Loading class java/util/concurrent/locks/ReentrantReadWriteLock$WriteLock done

Classes unloaded (0 events):
No events

Classes redefined (0 events):
No events

Internal exceptions (20 events):
Event: 191.839 Thread 0x0000018dbb4ce070 Exception <a 'java/io/IOException'{0x0000000088fb60c0}> (0x0000000088fb60c0) 
thrown [s\open\src\hotspot\share\prims\jni.cpp, line 517]
Event: 191.839 Thread 0x0000018dbb4ce070 Exception <a 'java/io/IOException'{0x0000000088fb66c0}> (0x0000000088fb66c0) 
thrown [s\open\src\hotspot\share\prims\jni.cpp, line 517]
Event: 191.839 Thread 0x0000018dbb4ce070 Exception <a 'java/io/IOException'{0x0000000088fb6c88}> (0x0000000088fb6c88) 
thrown [s\open\src\hotspot\share\prims\jni.cpp, line 517]
Event: 191.839 Thread 0x0000018dbb4ce070 Exception <a 'java/io/IOException'{0x0000000088fb7250}> (0x0000000088fb7250) 
thrown [s\open\src\hotspot\share\prims\jni.cpp, line 517]
Event: 191.840 Thread 0x0000018dbb4ce070 Exception <a 'java/io/IOException'{0x0000000088fb7860}> (0x0000000088fb7860) 
thrown [s\open\src\hotspot\share\prims\jni.cpp, line 517]
Event: 191.840 Thread 0x0000018dbb4ce070 Exception <a 'java/io/IOException'{0x0000000088fb7e60}> (0x0000000088fb7e60) 
thrown [s\open\src\hotspot\share\prims\jni.cpp, line 517]
Event: 191.840 Thread 0x0000018dbb4ce070 Exception <a 'java/io/IOException'{0x0000000088fb8428}> (0x0000000088fb8428) 
thrown [s\open\src\hotspot\share\prims\jni.cpp, line 517]
Event: 191.840 Thread 0x0000018dbb4ce070 Exception <a 'java/io/IOException'{0x0000000088fb8740}> (0x0000000088fb8740) 
thrown [s\open\src\hotspot\share\prims\jni.cpp, line 517]
Event: 191.842 Thread 0x0000018dbb4ce070 Exception <a 'java/io/IOException'{0x0000000088fb96d0}> (0x0000000088fb96d0) 
thrown [s\open\src\hotspot\share\prims\jni.cpp, line 517]
Event: 191.842 Thread 0x0000018dbb4ce070 Exception <a 'java/io/IOException'{0x0000000088fb9cd0}> (0x0000000088fb9cd0) 
thrown [s\open\src\hotspot\share\prims\jni.cpp, line 517]
Event: 191.842 Thread 0x0000018dbb4ce070 Exception <a 'java/io/IOException'{0x0000000088fba298}> (0x0000000088fba298) 
thrown [s\open\src\hotspot\share\prims\jni.cpp, line 517]
Event: 191.842 Thread 0x0000018dbb4ce070 Exception <a 'java/io/IOException'{0x0000000088fba5b0}> (0x0000000088fba5b0) 
thrown [s\open\src\hotspot\share\prims\jni.cpp, line 517]
Event: 191.847 Thread 0x0000018dbb4ce070 Exception <a 'java/io/IOException'{0x0000000088fbafd8}> (0x0000000088fbafd8) 
thrown [s\open\src\hotspot\share\prims\jni.cpp, line 517]
Event: 191.848 Thread 0x0000018dbb4ce070 Exception <a 'java/io/IOException'{0x0000000088fbb5d8}> (0x0000000088fbb5d8) 
thrown [s\open\src\hotspot\share\prims\jni.cpp, line 517]
Event: 191.848 Thread 0x0000018dbb4ce070 Exception <a 'java/io/IOException'{0x0000000088fbbba0}> (0x0000000088fbbba0) 
thrown [s\open\src\hotspot\share\prims\jni.cpp, line 517]
Event: 191.848 Thread 0x0000018dbb4ce070 Exception <a 'java/io/IOException'{0x0000000088fbbeb8}> (0x0000000088fbbeb8) 
thrown [s\open\src\hotspot\share\prims\jni.cpp, line 517]
Event: 191.849 Thread 0x0000018dbb4ce070 Exception <a 'java/io/IOException'{0x0000000088fbcb38}> (0x0000000088fbcb38) 
thrown [s\open\src\hotspot\share\prims\jni.cpp, line 517]
Event: 191.849 Thread 0x0000018dbb4ce070 Exception <a 'java/io/IOException'{0x0000000088fbd138}> (0x0000000088fbd138) 
thrown [s\open\src\hotspot\share\prims\jni.cpp, line 517]
Event: 191.849 Thread 0x0000018dbb4ce070 Exception <a 'java/io/IOException'{0x0000000088fbd700}> (0x0000000088fbd700) 
thrown [s\open\src\hotspot\share\prims\jni.cpp, line 517]
Event: 191.849 Thread 0x0000018dbb4ce070 Exception <a 'java/io/IOException'{0x0000000088fbda18}> (0x0000000088fbda18) 
thrown [s\open\src\hotspot\share\prims\jni.cpp, line 517]

VM Operations (20 events):
Event: 207.460 Executing VM operation: Cleanup
Event: 207.919 Executing VM operation: Cleanup done
Event: 208.921 Executing VM operation: Cleanup
Event: 209.113 Executing VM operation: Cleanup done
Event: 210.151 Executing VM operation: Cleanup
Event: 210.948 Executing VM operation: Cleanup done
Event: 212.046 Executing VM operation: Cleanup
Event: 213.345 Executing VM operation: Cleanup done
Event: 214.407 Executing VM operation: Cleanup
Event: 214.590 Executing VM operation: Cleanup done
Event: 215.594 Executing VM operation: Cleanup
Event: 215.594 Executing VM operation: Cleanup done
Event: 218.793 Executing VM operation: Cleanup
Event: 218.878 Executing VM operation: Cleanup done
Event: 221.960 Executing VM operation: Cleanup
Event: 221.976 Executing VM operation: Cleanup done
Event: 222.987 Executing VM operation: Cleanup
Event: 223.144 Executing VM operation: Cleanup done
Event: 228.224 Executing VM operation: Cleanup
Event: 228.863 Executing VM operation: Cleanup done

Events (12 events):
Event: 0.693 Thread 0x0000018dbb4ce070 Thread added: 0x0000018dbb4ce070
Event: 1.737 Thread 0x0000018dd9c27120 Thread added: 0x0000018dd9c27120
Event: 1.737 Thread 0x0000018dd9c27c50 Thread added: 0x0000018dd9c27c50
Event: 1.738 Thread 0x0000018dd9c29d60 Thread added: 0x0000018dd9c29d60
Event: 1.738 Thread 0x0000018dd9c2e6b0 Thread added: 0x0000018dd9c2e6b0
Event: 1.738 Thread 0x0000018dd9c2efe0 Thread added: 0x0000018dd9c2efe0
Event: 1.738 Thread 0x0000018dd9c2f910 Thread added: 0x0000018dd9c2f910
Event: 1.738 Thread 0x0000018dd9c30570 Thread added: 0x0000018dd9c30570
Event: 3.383 Thread 0x0000018dde00afc0 Thread added: 0x0000018dde00afc0
Event: 3.383 Thread 0x0000018dde00c550 Thread added: 0x0000018dde00c550
Event: 4.102 Thread 0x0000018dde0e48c0 Thread added: 0x0000018dde0e48c0
Event: 4.108 Thread 0x0000018dde0e7270 Thread added: 0x0000018dde0e7270


Dynamic libraries:
0x00007ff75d2a0000 - 0x00007ff75d2b0000 	C:\Program Files\Java\jdk-19\bin\java.exe
0x00007ffd17dc0000 - 0x00007ffd17fc9000 	C:\WINDOWS\SYSTEM32\ntdll.dll
0x00007ffd16ad0000 - 0x00007ffd16b8e000 	C:\WINDOWS\System32\KERNEL32.DLL
0x00007ffd15870000 - 0x00007ffd15bf4000 	C:\WINDOWS\System32\KERNELBASE.dll
0x00007ffd15270000 - 0x00007ffd15381000 	C:\WINDOWS\System32\ucrtbase.dll
0x00007ffcfb4c0000 - 0x00007ffcfb4d8000 	C:\Program Files\Java\jdk-19\bin\jli.dll
0x00007ffd177a0000 - 0x00007ffd1784f000 	C:\WINDOWS\System32\ADVAPI32.dll
0x00007ffd176d0000 - 0x00007ffd17773000 	C:\WINDOWS\System32\msvcrt.dll
0x00007ffd17630000 - 0x00007ffd176ce000 	C:\WINDOWS\System32\sechost.dll
0x00007ffd16910000 - 0x00007ffd16a31000 	C:\WINDOWS\System32\RPCRT4.dll
0x00007ffd15cd0000 - 0x00007ffd15e7d000 	C:\WINDOWS\System32\USER32.dll
0x00007ffd15c00000 - 0x00007ffd15c26000 	C:\WINDOWS\System32\win32u.dll
0x00007ffd16c70000 - 0x00007ffd16c9a000 	C:\WINDOWS\System32\GDI32.dll
0x00007ffd15540000 - 0x00007ffd1565f000 	C:\WINDOWS\System32\gdi32full.dll
0x00007ffd15660000 - 0x00007ffd156fd000 	C:\WINDOWS\System32\msvcp_win.dll
0x00007ffd12330000 - 0x00007ffd1234b000 	C:\Program Files\Java\jdk-19\bin\VCRUNTIME140.dll
0x00007ffcff340000 - 0x00007ffcff5e5000 	C:\WINDOWS\WinSxS\amd64_microsoft.windows.common-controls_6595b64144ccf1df_6.0.22000.120_none_9d947278b86cc467\COMCTL32.dll
0x00007ffd0f3f0000 - 0x00007ffd0f3fa000 	C:\WINDOWS\SYSTEM32\VERSION.dll
0x00007ffd15c90000 - 0x00007ffd15cc1000 	C:\WINDOWS\System32\IMM32.DLL
0x00007ffd12380000 - 0x00007ffd1238c000 	C:\Program Files\Java\jdk-19\bin\vcruntime140_1.dll
0x00007ffcea700000 - 0x00007ffcea78e000 	C:\Program Files\Java\jdk-19\bin\msvcp140.dll
0x00007ffcaf740000 - 0x00007ffcb0400000 	C:\Program Files\Java\jdk-19\bin\server\jvm.dll
0x00007ffce9940000 - 0x00007ffce9949000 	C:\WINDOWS\SYSTEM32\WSOCK32.dll
0x00007ffd15e80000 - 0x00007ffd15eef000 	C:\WINDOWS\System32\WS2_32.dll
0x00007ffd0f410000 - 0x00007ffd0f443000 	C:\WINDOWS\SYSTEM32\WINMM.dll
0x00007ffd143e0000 - 0x00007ffd143f8000 	C:\WINDOWS\SYSTEM32\kernel.appcore.dll
0x00007ffd11b30000 - 0x00007ffd11b3a000 	C:\Program Files\Java\jdk-19\bin\jimage.dll
0x00007ffd12ed0000 - 0x00007ffd130f1000 	C:\WINDOWS\SYSTEM32\DBGHELP.DLL
0x00007ffcfca70000 - 0x00007ffcfcaa1000 	C:\WINDOWS\SYSTEM32\dbgcore.DLL
0x00007ffd15450000 - 0x00007ffd154cf000 	C:\WINDOWS\System32\bcryptPrimitives.dll
0x00007ffd11ab0000 - 0x00007ffd11ad6000 	C:\Program Files\Java\jdk-19\bin\java.dll
0x00007ffce79d0000 - 0x00007ffce7aa7000 	C:\Program Files\Java\jdk-19\bin\jsvml.dll
0x00007ffd16ca0000 - 0x00007ffd17465000 	C:\WINDOWS\System32\SHELL32.dll
0x00007ffd13360000 - 0x00007ffd13bc4000 	C:\WINDOWS\SYSTEM32\windows.storage.dll
0x00007ffd16520000 - 0x00007ffd16896000 	C:\WINDOWS\System32\combase.dll
0x00007ffd131f0000 - 0x00007ffd13357000 	C:\WINDOWS\SYSTEM32\wintypes.dll
0x00007ffd174d0000 - 0x00007ffd175ba000 	C:\WINDOWS\System32\SHCORE.dll
0x00007ffd15c30000 - 0x00007ffd15c8d000 	C:\WINDOWS\System32\shlwapi.dll
0x00007ffd151a0000 - 0x00007ffd151c1000 	C:\WINDOWS\SYSTEM32\profapi.dll
0x00007ffd04080000 - 0x00007ffd04093000 	C:\Program Files\Java\jdk-19\bin\net.dll
0x00007ffd0edc0000 - 0x00007ffd0eed3000 	C:\WINDOWS\SYSTEM32\WINHTTP.dll
0x00007ffd14880000 - 0x00007ffd148e7000 	C:\WINDOWS\system32\mswsock.dll
0x00007ffcfd5f0000 - 0x00007ffcfd606000 	C:\Program Files\Java\jdk-19\bin\nio.dll
0x00007ffcfd5d0000 - 0x00007ffcfd5e8000 	C:\Program Files\Java\jdk-19\bin\zip.dll
0x0000000069ac0000 - 0x0000000069ae4000 	C:\Users\User\Desktop\NETBEAN\NetBeans-15\netbeans\java\maven\lib\jansi-native\Windows\x86_64\jansi.dll
0x00007ffd10620000 - 0x00007ffd10630000 	C:\Program Files\Java\jdk-19\bin\verify.dll

dbghelp: loaded successfully - version: 4.0.5 - missing functions: none
symbol engine: initialized successfully - sym options: 0x614 - pdb path: .;C:\Program Files\Java\jdk-19\bin;C:\WINDOWS\SYSTEM32;C:\WINDOWS\WinSxS\amd64_microsoft.windows.common-controls_6595b64144ccf1df_6.0.22000.120_none_9d947278b86cc467;C:\Program Files\Java\jdk-19\bin\server;C:\Users\User\Desktop\NETBEAN\NetBeans-15\netbeans\java\maven\lib\jansi-native\Windows\x86_64

VM Arguments:
jvm_args: -Dclassworlds.conf=C:\Users\User\Desktop\NETBEAN\NetBeans-15\netbeans\java\maven\bin\m2.conf -Dmaven.home=C:\Users\User\Desktop\NETBEAN\NetBeans-15\netbeans\java\maven -Dlibrary.jansi.path=C:\Users\User\Desktop\NETBEAN\NetBeans-15\netbeans\java\maven\lib\jansi-native -Dmaven.multiModuleProjectDirectory=C:\Users\User\Desktop\NETBEAN\WallStreetWarriors 
java_command: org.codehaus.plexus.classworlds.launcher.Launcher -Dmaven.ext.class.path=C:\Users\User\Desktop\NETBEAN\NetBeans-15\netbeans\java\maven-nblib\netbeans-eventspy.jar install
java_class_path (initial): C:\Users\User\Desktop\NETBEAN\NetBeans-15\netbeans\java\maven\boot\plexus-classworlds-2.6.0.jar
Launcher Type: SUN_STANDARD

[Global flags]
     intx CICompilerCount                          = 4                                         {product} {ergonomic}
     uint ConcGCThreads                            = 2                                         {product} {ergonomic}
     uint G1ConcRefinementThreads                  = 8                                         {product} {ergonomic}
   size_t G1HeapRegionSize                         = 1048576                                   {product} {ergonomic}
    uintx GCDrainStackTargetSize                   = 64                                        {product} {ergonomic}
   size_t InitialHeapSize                          = 132120576                                 {product} {ergonomic}
   size_t MarkStackSize                            = 4194304                                   {product} {ergonomic}
   size_t MaxHeapSize                              = 2105540608                                {product} {ergonomic}
   size_t MaxNewSize                               = 1262485504                                {product} {ergonomic}
   size_t MinHeapDeltaBytes                        = 1048576                                   {product} {ergonomic}
   size_t MinHeapSize                              = 8388608                                   {product} {ergonomic}
    uintx NonNMethodCodeHeapSize                   = 5839372                                {pd product} {ergonomic}
    uintx NonProfiledCodeHeapSize                  = 122909434                              {pd product} {ergonomic}
    uintx ProfiledCodeHeapSize                     = 122909434                              {pd product} {ergonomic}
    uintx ReservedCodeCacheSize                    = 251658240                              {pd product} {ergonomic}
     bool SegmentedCodeCache                       = true                                      {product} {ergonomic}
   size_t SoftMaxHeapSize                          = 2105540608                             {manageable} {ergonomic}
     bool UseCompressedClassPointers               = true                           {product lp64_product} {ergonomic}
     bool UseCompressedOops                        = true                           {product lp64_product} {ergonomic}
     bool UseG1GC                                  = true                                      {product} {ergonomic}
     bool UseLargePagesIndividualAllocation        = false                                  {pd product} {ergonomic}

Logging:
Log output configuration:
 #0: stdout all=warning uptime,level,tags foldmultilines=false
 #1: stderr all=off uptime,level,tags foldmultilines=false

Environment Variables:
JAVA_HOME=C:\Program Files\Java\jdk-19
PATH=C:\Program Files\Common Files\Oracle\Java\javapath;C:\Windows\system32;C:\Windows;C:\Windows\System32\Wbem;C:\Windows\System32\WindowsPowerShell\v1.0\;C:\Windows\System32\OpenSSH\;C:\Program Files (x86)\NVIDIA Corporation\PhysX\Common;C:\Program Files\NVIDIA Corporation\NVIDIA NvDLISR;C:\WINDOWS\system32;C:\WINDOWS;C:\WINDOWS\System32\Wbem;C:\WINDOWS\System32\WindowsPowerShell\v1.0\;C:\WINDOWS\System32\OpenSSH\;C:\Program Files\Java\jdk-19\bin;C:\Program Files\Microsoft SQL Server\130\Tools\Binn\;C:\Program Files\nodejs\;C:\Program Files\Git\cmd;C:\Users\User\AppData\Local\Programs\Python\Python311\Scripts\;C:\Users\User\AppData\Local\Programs\Python\Python311\;C:\Users\User\AppData\Local\Microsoft\WindowsApps;C:\Users\User\Desktop\Useful tools\Microsoft VS Code\bin;C:\Users\User\AppData\Local\GitHubDesktop\bin;C:\Users\User\AppData\Roaming\npm;C:\Program Files\Graphviz\bin
USERNAME=User
OS=Windows_NT
PROCESSOR_IDENTIFIER=Intel64 Family 6 Model 165 Stepping 2, GenuineIntel
TMP=C:\Users\User\AppData\Local\Temp
TEMP=C:\Users\User\AppData\Local\Temp



---------------  S Y S T E M  ---------------

OS:
 Windows 11 , 64 bit Build 22000 (10.0.22000.1880)
OS uptime: 3 days 20:46 hours

CPU: total 8 (initial active 8) (4 cores per cpu, 2 threads per core) family 6 model 165 stepping 2 microcode 0xe0, cx8, cmov, fxsr, ht, mmx, 3dnowpref, sse, sse2, sse3, ssse3, sse4.1, sse4.2, popcnt, lzcnt, tsc, tscinvbit, avx, avx2, aes, erms, clmul, bmi1, bmi2, adx, fma, vzeroupper, clflush, clflushopt, rdtscp

Memory: 4k page, system-wide physical 8029M (50M free)
TotalPageFile size 32605M (AvailPageFile size 388M)
current process WorkingSet (physical memory assigned to process): 28M, peak: 91M
current process commit charge ("private bytes"): 234M, peak: 240M

vm_info: Java HotSpot(TM) 64-Bit Server VM (19+36-2238) for windows-amd64 JRE (19+36-2238), built on 2022-08-12T20:29:01Z by "mach5one" with MS VC++ 17.1 (VS2022)

END.
