#
# There is insufficient memory for the Java Runtime Environment to continue.
# Native memory allocation (malloc) failed to allocate 32784 bytes for Chunk::new
# Possible reasons:
#   The system is out of physical RAM or swap space
#   The process is running with CompressedOops enabled, and the Java Heap may be blocking the growth of the native heap
# Possible solutions:
#   Reduce memory load on the system
#   Increase physical memory or swap space
#   Check if swap backing store is full
#   Decrease Java heap size (-Xmx/-Xms)
#   Decrease number of Java threads
#   Decrease Java thread stack sizes (-Xss)
#   Set larger code cache with -XX:ReservedCodeCacheSize=
#   JVM is running with Unscaled Compressed Oops mode in which the Java heap is
#     placed in the first 4GB address space. The Java Heap base address is the
#     maximum limit for the native heap growth. Please use -XX:HeapBaseMinAddress
#     to set the Java Heap base and to place the Java Heap above 4GB virtual address.
# This output file may be truncated or incomplete.
#
#  Out of Memory Error (arena.cpp:184), pid=22044, tid=29508
#
# JRE version: Java(TM) SE Runtime Environment (19.0+36) (build 19+36-2238)
# Java VM: Java HotSpot(TM) 64-Bit Server VM (19+36-2238, mixed mode, sharing, tiered, compressed oops, compressed class ptrs, g1 gc, windows-amd64)
# No core dump will be written. Minidumps are not enabled by default on client versions of Windows
#

---------------  S U M M A R Y ------------

Command Line: -Dclassworlds.conf=C:\Users\User\Desktop\NETBEAN\NetBeans-15\netbeans\java\maven\bin\m2.conf -Dmaven.home=C:\Users\User\Desktop\NETBEAN\NetBeans-15\netbeans\java\maven -Dlibrary.jansi.path=C:\Users\User\Desktop\NETBEAN\NetBeans-15\netbeans\java\maven\lib\jansi-native -Dmaven.multiModuleProjectDirectory=C:\Users\User\Desktop\NETBEAN\WallStreetWarriors org.codehaus.plexus.classworlds.launcher.Launcher -Dmaven.ext.class.path=C:\Users\User\Desktop\NETBEAN\NetBeans-15\netbeans\java\maven-nblib\netbeans-eventspy.jar install

Host: Intel(R) Core(TM) i5-10300H CPU @ 2.50GHz, 8 cores, 7G,  Windows 11 , 64 bit Build 22000 (10.0.22000.1880)
Time: Mon Jun 12 20:47:53 2023 Malay Peninsula Standard Time elapsed time: 401.334083 seconds (0d 0h 6m 41s)

---------------  T H R E A D  ---------------

Current thread (0x000001bf7fcf2170):  JavaThread "C2 CompilerThread0" daemon [_thread_in_native, id=29508, stack(0x0000003150100000,0x0000003150200000)]


Current CompileTask:
C2: 401334 6350   !   4       lombok.core.configuration.FileSystemSourceCache::parseIfNeccesary (124 bytes)

Stack: [0x0000003150100000,0x0000003150200000]
Native frames: (J=compiled Java code, j=interpreted, Vv=VM code, C=native code)
V  [jvm.dll+0x6ee8fa]
V  [jvm.dll+0x857a1e]
V  [jvm.dll+0x85940e]
V  [jvm.dll+0x859ac3]
V  [jvm.dll+0x28291f]
V  [jvm.dll+0xc9b5f]
V  [jvm.dll+0xc9ee5]
V  [jvm.dll+0xd58cd]
V  [jvm.dll+0x5f0e91]
V  [jvm.dll+0x2551fc]
V  [jvm.dll+0x24e097]
V  [jvm.dll+0x24b563]
V  [jvm.dll+0x1d6d61]
V  [jvm.dll+0x25b0fa]
V  [jvm.dll+0x259588]
V  [jvm.dll+0x807928]
V  [jvm.dll+0x8015fa]
V  [jvm.dll+0x6ed5eb]
C  [ucrtbase.dll+0x26c0c]
C  [KERNEL32.DLL+0x155a0]
C  [ntdll.dll+0x485b]


---------------  P R O C E S S  ---------------

Threads class SMR info:
_java_thread_list=0x000001bf06b17170, length=12, elements={
0x000001bf61612970, 0x000001bf7fcea500, 0x000001bf7fceb030, 0x000001bf7fced970,
0x000001bf7fcee2a0, 0x000001bf7fcf0be0, 0x000001bf7fcf1510, 0x000001bf7fcf2170,
0x000001bf7fcf32f0, 0x000001bf7fcf7c70, 0x000001bf060723d0, 0x000001bf0607b390
}

Java Threads: ( => current thread )
  0x000001bf61612970 JavaThread "main" [_thread_in_Java, id=25888, stack(0x000000314f400000,0x000000314f500000)]
  0x000001bf7fcea500 JavaThread "Reference Handler" daemon [_thread_blocked, id=5560, stack(0x000000314fb00000,0x000000314fc00000)]
  0x000001bf7fceb030 JavaThread "Finalizer" daemon [_thread_blocked, id=4608, stack(0x000000314fc00000,0x000000314fd00000)]
  0x000001bf7fced970 JavaThread "Signal Dispatcher" daemon [_thread_blocked, id=7724, stack(0x000000314fd00000,0x000000314fe00000)]
  0x000001bf7fcee2a0 JavaThread "Attach Listener" daemon [_thread_blocked, id=1880, stack(0x000000314fe00000,0x000000314ff00000)]
  0x000001bf7fcf0be0 JavaThread "Service Thread" daemon [_thread_blocked, id=28884, stack(0x000000314ff00000,0x0000003150000000)]
  0x000001bf7fcf1510 JavaThread "Monitor Deflation Thread" daemon [_thread_blocked, id=11492, stack(0x0000003150000000,0x0000003150100000)]
=>0x000001bf7fcf2170 JavaThread "C2 CompilerThread0" daemon [_thread_in_native, id=29508, stack(0x0000003150100000,0x0000003150200000)]
  0x000001bf7fcf32f0 JavaThread "C1 CompilerThread0" daemon [_thread_in_native, id=28700, stack(0x0000003150200000,0x0000003150300000)]
  0x000001bf7fcf7c70 JavaThread "Sweeper thread" daemon [_thread_blocked, id=16716, stack(0x0000003150300000,0x0000003150400000)]
  0x000001bf060723d0 JavaThread "Notification Thread" daemon [_thread_blocked, id=24776, stack(0x0000003150400000,0x0000003150500000)]
  0x000001bf0607b390 JavaThread "Common-Cleaner" daemon [_thread_blocked, id=28808, stack(0x0000003150600000,0x0000003150700000)]

Other Threads:
  0x000001bf7fcd6f10 VMThread "VM Thread" [stack: 0x000000314fa00000,0x000000314fb00000] [id=10844]
  0x000001bf0607a940 WatcherThread "VM Periodic Task Thread" [stack: 0x0000003150500000,0x0000003150600000] [id=25512]
  0x000001bf61678550 WorkerThread "GC Thread#0" [stack: 0x000000314f500000,0x000000314f600000] [id=4016]
  0x000001bf064d6420 WorkerThread "GC Thread#1" [stack: 0x0000003150900000,0x0000003150a00000] [id=24712]
  0x000001bf064d7500 WorkerThread "GC Thread#2" [stack: 0x0000003150a00000,0x0000003150b00000] [id=16848]
  0x000001bf064d6c90 WorkerThread "GC Thread#3" [stack: 0x0000003150b00000,0x0000003150c00000] [id=27484]
  0x000001bf064d7230 WorkerThread "GC Thread#4" [stack: 0x0000003150c00000,0x0000003150d00000] [id=1316]
  0x000001bf064d77d0 WorkerThread "GC Thread#5" [stack: 0x0000003150d00000,0x0000003150e00000] [id=29108]
  0x000001bf064d7d70 WorkerThread "GC Thread#6" [stack: 0x0000003150e00000,0x0000003150f00000] [id=25860]
  0x000001bf064d8040 WorkerThread "GC Thread#7" [stack: 0x0000003150f00000,0x0000003151000000] [id=304]
  0x000001bf61688fb0 ConcurrentGCThread "G1 Main Marker" [stack: 0x000000314f600000,0x000000314f700000] [id=8472]
  0x000001bf616899e0 WorkerThread "G1 Conc#0" [stack: 0x000000314f700000,0x000000314f800000] [id=17680]
  0x000001bf0721a200 WorkerThread "G1 Conc#1" [stack: 0x0000003150700000,0x0000003150800000] [id=31260]
  0x000001bf7fb874f0 ConcurrentGCThread "G1 Refine#0" [stack: 0x000000314f800000,0x000000314f900000] [id=15628]
  0x000001bf7fb88140 ConcurrentGCThread "G1 Service" [stack: 0x000000314f900000,0x000000314fa00000] [id=28124]

Threads with active compile tasks:
C2 CompilerThread0   401354 6350   !   4       lombok.core.configuration.FileSystemSourceCache::parseIfNeccesary (124 bytes)
C1 CompilerThread0   401354 6352   !   3       lombok.javac.JavacTreeMaker::invokeAny (83 bytes)

VM state: not at safepoint (normal execution)

VM Mutex/Monitor currently owned by a thread: None

Heap address: 0x0000000082800000, size: 2008 MB, Compressed Oops mode: 32-bit

CDS archive(s) mapped at: [0x0000000800000000-0x0000000800c40000-0x0000000800c40000), size 12845056, SharedBaseAddress: 0x0000000800000000, ArchiveRelocationMode: 0.
Compressed class space mapped at: 0x0000000801000000-0x0000000841000000, reserved size: 1073741824
Narrow klass base: 0x0000000800000000, Narrow klass shift: 0, Narrow klass range: 0x100000000

GC Precious Log:
 CardTable entry size: 512
 Card Set container configuration: InlinePtr #cards 5 size 8 Array Of Cards #cards 12 size 40 Howl #buckets 4 coarsen threshold 1843 Howl Bitmap #cards 512 size 80 coarsen threshold 460 Card regions per heap region 1 cards per card region 2048
 CPUs: 8 total, 8 available
 Memory: 8029M
 Large Page Support: Disabled
 NUMA Support: Disabled
 Compressed Oops: Enabled (32-bit)
 Heap Region Size: 1M
 Heap Min Capacity: 8M
 Heap Initial Capacity: 126M
 Heap Max Capacity: 2008M
 Pre-touch: Disabled
 Parallel Workers: 8
 Concurrent Workers: 2
 Concurrent Refinement Workers: 8
 Periodic GC: Disabled

Heap:
 garbage-first heap   total 253952K, used 51450K [0x0000000082800000, 0x0000000100000000)
  region size 1024K, 15 young (15360K), 2 survivors (2048K)
 Metaspace       used 26652K, committed 27072K, reserved 1114112K
  class space    used 2867K, committed 3072K, reserved 1048576K

Heap Regions: E=young(eden), S=young(survivor), O=old, HS=humongous(starts), HC=humongous(continues), CS=collection set, F=free, OA=open archive, CA=closed archive, TAMS=top-at-mark-start (previous, next)
|   0|0x0000000082800000, 0x0000000082900000, 0x0000000082900000|100%| O|  |TAMS 0x0000000082900000, 0x0000000082800000| Untracked 
|   1|0x0000000082900000, 0x0000000082a00000, 0x0000000082a00000|100%| O|  |TAMS 0x0000000082a00000, 0x0000000082900000| Untracked 
|   2|0x0000000082a00000, 0x0000000082b00000, 0x0000000082b00000|100%| O|  |TAMS 0x0000000082b00000, 0x0000000082a00000| Untracked 
|   3|0x0000000082b00000, 0x0000000082c00000, 0x0000000082c00000|100%| O|  |TAMS 0x0000000082c00000, 0x0000000082b00000| Untracked 
|   4|0x0000000082c00000, 0x0000000082d00000, 0x0000000082d00000|100%| O|  |TAMS 0x0000000082d00000, 0x0000000082c00000| Untracked 
|   5|0x0000000082d00000, 0x0000000082e00000, 0x0000000082e00000|100%| O|  |TAMS 0x0000000082e00000, 0x0000000082d00000| Untracked 
|   6|0x0000000082e00000, 0x0000000082f00000, 0x0000000082f00000|100%| O|  |TAMS 0x0000000082f00000, 0x0000000082e00000| Untracked 
|   7|0x0000000082f00000, 0x0000000083000000, 0x0000000083000000|100%| O|  |TAMS 0x0000000083000000, 0x0000000082f00000| Untracked 
|   8|0x0000000083000000, 0x0000000083100000, 0x0000000083100000|100%| O|  |TAMS 0x0000000083100000, 0x0000000083000000| Untracked 
|   9|0x0000000083100000, 0x0000000083200000, 0x0000000083200000|100%| O|  |TAMS 0x0000000083200000, 0x0000000083100000| Untracked 
|  10|0x0000000083200000, 0x0000000083300000, 0x0000000083300000|100%| O|  |TAMS 0x0000000083300000, 0x0000000083200000| Untracked 
|  11|0x0000000083300000, 0x0000000083400000, 0x0000000083400000|100%| O|  |TAMS 0x0000000083400000, 0x0000000083300000| Untracked 
|  12|0x0000000083400000, 0x0000000083500000, 0x0000000083500000|100%| O|  |TAMS 0x0000000083500000, 0x0000000083400000| Untracked 
|  13|0x0000000083500000, 0x0000000083600000, 0x0000000083600000|100%| O|  |TAMS 0x0000000083600000, 0x0000000083500000| Untracked 
|  14|0x0000000083600000, 0x0000000083700000, 0x0000000083700000|100%| O|  |TAMS 0x000000008366f400, 0x0000000083600000| Untracked 
|  15|0x0000000083700000, 0x0000000083800000, 0x0000000083800000|100%|HS|  |TAMS 0x0000000083700000, 0x0000000083700000| Complete 
|  16|0x0000000083800000, 0x0000000083900000, 0x0000000083900000|100%| O|  |TAMS 0x0000000083800000, 0x0000000083800000| Untracked 
|  17|0x0000000083900000, 0x0000000083a00000, 0x0000000083a00000|100%| O|  |TAMS 0x0000000083900000, 0x0000000083900000| Untracked 
|  18|0x0000000083a00000, 0x0000000083b00000, 0x0000000083b00000|100%| O|  |TAMS 0x0000000083a00000, 0x0000000083a00000| Untracked 
|  19|0x0000000083b00000, 0x0000000083c00000, 0x0000000083c00000|100%| O|  |TAMS 0x0000000083b00000, 0x0000000083b00000| Untracked 
|  20|0x0000000083c00000, 0x0000000083d00000, 0x0000000083d00000|100%|HS|  |TAMS 0x0000000083c00000, 0x0000000083c00000| Complete 
|  21|0x0000000083d00000, 0x0000000083e00000, 0x0000000083e00000|100%| O|  |TAMS 0x0000000083d00000, 0x0000000083d00000| Untracked 
|  22|0x0000000083e00000, 0x0000000083f00000, 0x0000000083f00000|100%| O|  |TAMS 0x0000000083e00000, 0x0000000083e00000| Untracked 
|  23|0x0000000083f00000, 0x0000000084000000, 0x0000000084000000|100%| O|  |TAMS 0x0000000083f00000, 0x0000000083f00000| Untracked 
|  24|0x0000000084000000, 0x0000000084100000, 0x0000000084100000|100%| O|  |TAMS 0x0000000084000000, 0x0000000084000000| Untracked 
|  25|0x0000000084100000, 0x0000000084200000, 0x0000000084200000|100%| O|  |TAMS 0x0000000084100000, 0x0000000084100000| Untracked 
|  26|0x0000000084200000, 0x0000000084300000, 0x0000000084300000|100%|HS|  |TAMS 0x0000000084200000, 0x0000000084200000| Complete 
|  27|0x0000000084300000, 0x0000000084400000, 0x0000000084400000|100%| O|  |TAMS 0x0000000084300000, 0x0000000084300000| Untracked 
|  28|0x0000000084400000, 0x0000000084500000, 0x0000000084500000|100%| O|  |TAMS 0x0000000084400000, 0x0000000084400000| Untracked 
|  29|0x0000000084500000, 0x0000000084600000, 0x0000000084600000|100%| O|  |TAMS 0x0000000084500000, 0x0000000084500000| Untracked 
|  30|0x0000000084600000, 0x0000000084700000, 0x0000000084700000|100%| O|  |TAMS 0x0000000084600000, 0x0000000084600000| Untracked 
|  31|0x0000000084700000, 0x0000000084800000, 0x0000000084800000|100%| O|  |TAMS 0x0000000084700000, 0x0000000084700000| Untracked 
|  32|0x0000000084800000, 0x0000000084900000, 0x0000000084900000|100%| O|  |TAMS 0x0000000084800000, 0x0000000084800000| Untracked 
|  33|0x0000000084900000, 0x0000000084a00000, 0x0000000084a00000|100%| O|  |TAMS 0x0000000084900000, 0x0000000084900000| Untracked 
|  34|0x0000000084a00000, 0x0000000084b00000, 0x0000000084b00000|100%| O|  |TAMS 0x0000000084a00000, 0x0000000084a00000| Untracked 
|  35|0x0000000084b00000, 0x0000000084c00000, 0x0000000084c00000|100%| O|  |TAMS 0x0000000084b00000, 0x0000000084b00000| Untracked 
|  36|0x0000000084c00000, 0x0000000084cc1200, 0x0000000084d00000| 75%| O|  |TAMS 0x0000000084c00000, 0x0000000084c00000| Untracked 
|  37|0x0000000084d00000, 0x0000000084d00000, 0x0000000084e00000|  0%| F|  |TAMS 0x0000000084d00000, 0x0000000084d00000| Untracked 
|  38|0x0000000084e00000, 0x0000000084e00000, 0x0000000084f00000|  0%| F|  |TAMS 0x0000000084e00000, 0x0000000084e00000| Untracked 
|  39|0x0000000084f00000, 0x0000000084f00000, 0x0000000085000000|  0%| F|  |TAMS 0x0000000084f00000, 0x0000000084f00000| Untracked 
|  40|0x0000000085000000, 0x0000000085000000, 0x0000000085100000|  0%| F|  |TAMS 0x0000000085000000, 0x0000000085000000| Untracked 
|  41|0x0000000085100000, 0x0000000085100000, 0x0000000085200000|  0%| F|  |TAMS 0x0000000085100000, 0x0000000085100000| Untracked 
|  42|0x0000000085200000, 0x0000000085200000, 0x0000000085300000|  0%| F|  |TAMS 0x0000000085200000, 0x0000000085200000| Untracked 
|  43|0x0000000085300000, 0x0000000085300000, 0x0000000085400000|  0%| F|  |TAMS 0x0000000085300000, 0x0000000085300000| Untracked 
|  44|0x0000000085400000, 0x0000000085400000, 0x0000000085500000|  0%| F|  |TAMS 0x0000000085400000, 0x0000000085400000| Untracked 
|  45|0x0000000085500000, 0x0000000085500000, 0x0000000085600000|  0%| F|  |TAMS 0x0000000085500000, 0x0000000085500000| Untracked 
|  46|0x0000000085600000, 0x0000000085600000, 0x0000000085700000|  0%| F|  |TAMS 0x0000000085600000, 0x0000000085600000| Untracked 
|  47|0x0000000085700000, 0x0000000085700000, 0x0000000085800000|  0%| F|  |TAMS 0x0000000085700000, 0x0000000085700000| Untracked 
|  48|0x0000000085800000, 0x0000000085800000, 0x0000000085900000|  0%| F|  |TAMS 0x0000000085800000, 0x0000000085800000| Untracked 
|  49|0x0000000085900000, 0x0000000085900000, 0x0000000085a00000|  0%| F|  |TAMS 0x0000000085900000, 0x0000000085900000| Untracked 
|  50|0x0000000085a00000, 0x0000000085a00000, 0x0000000085b00000|  0%| F|  |TAMS 0x0000000085a00000, 0x0000000085a00000| Untracked 
|  51|0x0000000085b00000, 0x0000000085b00000, 0x0000000085c00000|  0%| F|  |TAMS 0x0000000085b00000, 0x0000000085b00000| Untracked 
|  52|0x0000000085c00000, 0x0000000085c00000, 0x0000000085d00000|  0%| F|  |TAMS 0x0000000085c00000, 0x0000000085c00000| Untracked 
|  53|0x0000000085d00000, 0x0000000085d00000, 0x0000000085e00000|  0%| F|  |TAMS 0x0000000085d00000, 0x0000000085d00000| Untracked 
|  54|0x0000000085e00000, 0x0000000085e00000, 0x0000000085f00000|  0%| F|  |TAMS 0x0000000085e00000, 0x0000000085e00000| Untracked 
|  55|0x0000000085f00000, 0x0000000085f00000, 0x0000000086000000|  0%| F|  |TAMS 0x0000000085f00000, 0x0000000085f00000| Untracked 
|  56|0x0000000086000000, 0x0000000086000000, 0x0000000086100000|  0%| F|  |TAMS 0x0000000086000000, 0x0000000086000000| Untracked 
|  57|0x0000000086100000, 0x0000000086100000, 0x0000000086200000|  0%| F|  |TAMS 0x0000000086100000, 0x0000000086100000| Untracked 
|  58|0x0000000086200000, 0x0000000086200000, 0x0000000086300000|  0%| F|  |TAMS 0x0000000086200000, 0x0000000086200000| Untracked 
|  59|0x0000000086300000, 0x0000000086300000, 0x0000000086400000|  0%| F|  |TAMS 0x0000000086300000, 0x0000000086300000| Untracked 
|  60|0x0000000086400000, 0x0000000086400000, 0x0000000086500000|  0%| F|  |TAMS 0x0000000086400000, 0x0000000086400000| Untracked 
|  61|0x0000000086500000, 0x0000000086500000, 0x0000000086600000|  0%| F|  |TAMS 0x0000000086500000, 0x0000000086500000| Untracked 
|  62|0x0000000086600000, 0x0000000086600000, 0x0000000086700000|  0%| F|  |TAMS 0x0000000086600000, 0x0000000086600000| Untracked 
|  63|0x0000000086700000, 0x0000000086700000, 0x0000000086800000|  0%| F|  |TAMS 0x0000000086700000, 0x0000000086700000| Untracked 
|  64|0x0000000086800000, 0x0000000086800000, 0x0000000086900000|  0%| F|  |TAMS 0x0000000086800000, 0x0000000086800000| Untracked 
|  65|0x0000000086900000, 0x0000000086900000, 0x0000000086a00000|  0%| F|  |TAMS 0x0000000086900000, 0x0000000086900000| Untracked 
|  66|0x0000000086a00000, 0x0000000086a00000, 0x0000000086b00000|  0%| F|  |TAMS 0x0000000086a00000, 0x0000000086a00000| Untracked 
|  67|0x0000000086b00000, 0x0000000086b00000, 0x0000000086c00000|  0%| F|  |TAMS 0x0000000086b00000, 0x0000000086b00000| Untracked 
|  68|0x0000000086c00000, 0x0000000086c00000, 0x0000000086d00000|  0%| F|  |TAMS 0x0000000086c00000, 0x0000000086c00000| Untracked 
|  69|0x0000000086d00000, 0x0000000086d00000, 0x0000000086e00000|  0%| F|  |TAMS 0x0000000086d00000, 0x0000000086d00000| Untracked 
|  70|0x0000000086e00000, 0x0000000086e00000, 0x0000000086f00000|  0%| F|  |TAMS 0x0000000086e00000, 0x0000000086e00000| Untracked 
|  71|0x0000000086f00000, 0x0000000086f00000, 0x0000000087000000|  0%| F|  |TAMS 0x0000000086f00000, 0x0000000086f00000| Untracked 
|  72|0x0000000087000000, 0x0000000087000000, 0x0000000087100000|  0%| F|  |TAMS 0x0000000087000000, 0x0000000087000000| Untracked 
|  73|0x0000000087100000, 0x0000000087100000, 0x0000000087200000|  0%| F|  |TAMS 0x0000000087100000, 0x0000000087100000| Untracked 
|  74|0x0000000087200000, 0x0000000087200000, 0x0000000087300000|  0%| F|  |TAMS 0x0000000087200000, 0x0000000087200000| Untracked 
|  75|0x0000000087300000, 0x0000000087300000, 0x0000000087400000|  0%| F|  |TAMS 0x0000000087300000, 0x0000000087300000| Untracked 
|  76|0x0000000087400000, 0x0000000087400000, 0x0000000087500000|  0%| F|  |TAMS 0x0000000087400000, 0x0000000087400000| Untracked 
|  77|0x0000000087500000, 0x0000000087500000, 0x0000000087600000|  0%| F|  |TAMS 0x0000000087500000, 0x0000000087500000| Untracked 
|  78|0x0000000087600000, 0x0000000087600000, 0x0000000087700000|  0%| F|  |TAMS 0x0000000087600000, 0x0000000087600000| Untracked 
|  79|0x0000000087700000, 0x0000000087700000, 0x0000000087800000|  0%| F|  |TAMS 0x0000000087700000, 0x0000000087700000| Untracked 
|  80|0x0000000087800000, 0x0000000087800000, 0x0000000087900000|  0%| F|  |TAMS 0x0000000087800000, 0x0000000087800000| Untracked 
|  81|0x0000000087900000, 0x0000000087900000, 0x0000000087a00000|  0%| F|  |TAMS 0x0000000087900000, 0x0000000087900000| Untracked 
|  82|0x0000000087a00000, 0x0000000087a00000, 0x0000000087b00000|  0%| F|  |TAMS 0x0000000087a00000, 0x0000000087a00000| Untracked 
|  83|0x0000000087b00000, 0x0000000087b00000, 0x0000000087c00000|  0%| F|  |TAMS 0x0000000087b00000, 0x0000000087b00000| Untracked 
|  84|0x0000000087c00000, 0x0000000087c00000, 0x0000000087d00000|  0%| F|  |TAMS 0x0000000087c00000, 0x0000000087c00000| Untracked 
|  85|0x0000000087d00000, 0x0000000087d00000, 0x0000000087e00000|  0%| F|  |TAMS 0x0000000087d00000, 0x0000000087d00000| Untracked 
|  86|0x0000000087e00000, 0x0000000087e00000, 0x0000000087f00000|  0%| F|  |TAMS 0x0000000087e00000, 0x0000000087e00000| Untracked 
|  87|0x0000000087f00000, 0x0000000087f00000, 0x0000000088000000|  0%| F|  |TAMS 0x0000000087f00000, 0x0000000087f00000| Untracked 
|  88|0x0000000088000000, 0x0000000088000000, 0x0000000088100000|  0%| F|  |TAMS 0x0000000088000000, 0x0000000088000000| Untracked 
|  89|0x0000000088100000, 0x0000000088100000, 0x0000000088200000|  0%| F|  |TAMS 0x0000000088100000, 0x0000000088100000| Untracked 
|  90|0x0000000088200000, 0x0000000088200000, 0x0000000088300000|  0%| F|  |TAMS 0x0000000088200000, 0x0000000088200000| Untracked 
|  91|0x0000000088300000, 0x0000000088300000, 0x0000000088400000|  0%| F|  |TAMS 0x0000000088300000, 0x0000000088300000| Untracked 
|  92|0x0000000088400000, 0x0000000088400000, 0x0000000088500000|  0%| F|  |TAMS 0x0000000088400000, 0x0000000088400000| Untracked 
|  93|0x0000000088500000, 0x0000000088500000, 0x0000000088600000|  0%| F|  |TAMS 0x0000000088500000, 0x0000000088500000| Untracked 
|  94|0x0000000088600000, 0x0000000088600000, 0x0000000088700000|  0%| F|  |TAMS 0x0000000088600000, 0x0000000088600000| Untracked 
|  95|0x0000000088700000, 0x0000000088700000, 0x0000000088800000|  0%| F|  |TAMS 0x0000000088700000, 0x0000000088700000| Untracked 
|  96|0x0000000088800000, 0x0000000088800000, 0x0000000088900000|  0%| F|  |TAMS 0x0000000088800000, 0x0000000088800000| Untracked 
|  97|0x0000000088900000, 0x0000000088900000, 0x0000000088a00000|  0%| F|  |TAMS 0x0000000088900000, 0x0000000088900000| Untracked 
|  98|0x0000000088a00000, 0x0000000088a00000, 0x0000000088b00000|  0%| F|  |TAMS 0x0000000088a00000, 0x0000000088a00000| Untracked 
|  99|0x0000000088b00000, 0x0000000088b00000, 0x0000000088c00000|  0%| F|  |TAMS 0x0000000088b00000, 0x0000000088b00000| Untracked 
| 100|0x0000000088c00000, 0x0000000088c00000, 0x0000000088d00000|  0%| F|  |TAMS 0x0000000088c00000, 0x0000000088c00000| Untracked 
| 101|0x0000000088d00000, 0x0000000088d00000, 0x0000000088e00000|  0%| F|  |TAMS 0x0000000088d00000, 0x0000000088d00000| Untracked 
| 102|0x0000000088e00000, 0x0000000088e00000, 0x0000000088f00000|  0%| F|  |TAMS 0x0000000088e00000, 0x0000000088e00000| Untracked 
| 103|0x0000000088f00000, 0x0000000088f00000, 0x0000000089000000|  0%| F|  |TAMS 0x0000000088f00000, 0x0000000088f00000| Untracked 
| 104|0x0000000089000000, 0x0000000089000000, 0x0000000089100000|  0%| F|  |TAMS 0x0000000089000000, 0x0000000089000000| Untracked 
| 105|0x0000000089100000, 0x0000000089100000, 0x0000000089200000|  0%| F|  |TAMS 0x0000000089100000, 0x0000000089100000| Untracked 
| 106|0x0000000089200000, 0x0000000089200000, 0x0000000089300000|  0%| F|  |TAMS 0x0000000089200000, 0x0000000089200000| Untracked 
| 107|0x0000000089300000, 0x0000000089300000, 0x0000000089400000|  0%| F|  |TAMS 0x0000000089300000, 0x0000000089300000| Untracked 
| 108|0x0000000089400000, 0x0000000089400000, 0x0000000089500000|  0%| F|  |TAMS 0x0000000089400000, 0x0000000089400000| Untracked 
| 109|0x0000000089500000, 0x0000000089500000, 0x0000000089600000|  0%| F|  |TAMS 0x0000000089500000, 0x0000000089500000| Untracked 
| 110|0x0000000089600000, 0x0000000089600000, 0x0000000089700000|  0%| F|  |TAMS 0x0000000089600000, 0x0000000089600000| Untracked 
| 111|0x0000000089700000, 0x0000000089700000, 0x0000000089800000|  0%| F|  |TAMS 0x0000000089700000, 0x0000000089700000| Untracked 
| 112|0x0000000089800000, 0x0000000089800000, 0x0000000089900000|  0%| F|  |TAMS 0x0000000089800000, 0x0000000089800000| Untracked 
| 113|0x0000000089900000, 0x0000000089900000, 0x0000000089a00000|  0%| F|  |TAMS 0x0000000089900000, 0x0000000089900000| Untracked 
| 114|0x0000000089a00000, 0x0000000089a00000, 0x0000000089b00000|  0%| F|  |TAMS 0x0000000089a00000, 0x0000000089a00000| Untracked 
| 115|0x0000000089b00000, 0x0000000089b00000, 0x0000000089c00000|  0%| F|  |TAMS 0x0000000089b00000, 0x0000000089b00000| Untracked 
| 116|0x0000000089c00000, 0x0000000089c00000, 0x0000000089d00000|  0%| F|  |TAMS 0x0000000089c00000, 0x0000000089c00000| Untracked 
| 117|0x0000000089d00000, 0x0000000089d00000, 0x0000000089e00000|  0%| F|  |TAMS 0x0000000089d00000, 0x0000000089d00000| Untracked 
| 118|0x0000000089e00000, 0x0000000089e00000, 0x0000000089f00000|  0%| F|  |TAMS 0x0000000089e00000, 0x0000000089e00000| Untracked 
| 119|0x0000000089f00000, 0x0000000089f00000, 0x000000008a000000|  0%| F|  |TAMS 0x0000000089f00000, 0x0000000089f00000| Untracked 
| 120|0x000000008a000000, 0x000000008a000000, 0x000000008a100000|  0%| F|  |TAMS 0x000000008a000000, 0x000000008a000000| Untracked 
| 121|0x000000008a100000, 0x000000008a100000, 0x000000008a200000|  0%| F|  |TAMS 0x000000008a100000, 0x000000008a100000| Untracked 
| 122|0x000000008a200000, 0x000000008a200000, 0x000000008a300000|  0%| F|  |TAMS 0x000000008a200000, 0x000000008a200000| Untracked 
| 123|0x000000008a300000, 0x000000008a300000, 0x000000008a400000|  0%| F|  |TAMS 0x000000008a300000, 0x000000008a300000| Untracked 
| 124|0x000000008a400000, 0x000000008a400000, 0x000000008a500000|  0%| F|  |TAMS 0x000000008a400000, 0x000000008a400000| Untracked 
| 125|0x000000008a500000, 0x000000008a500000, 0x000000008a600000|  0%| F|  |TAMS 0x000000008a500000, 0x000000008a500000| Untracked 
| 126|0x000000008a600000, 0x000000008a600000, 0x000000008a700000|  0%| F|  |TAMS 0x000000008a600000, 0x000000008a600000| Untracked 
| 127|0x000000008a700000, 0x000000008a700000, 0x000000008a800000|  0%| F|  |TAMS 0x000000008a700000, 0x000000008a700000| Untracked 
| 128|0x000000008a800000, 0x000000008a800000, 0x000000008a900000|  0%| F|  |TAMS 0x000000008a800000, 0x000000008a800000| Untracked 
| 129|0x000000008a900000, 0x000000008a900000, 0x000000008aa00000|  0%| F|  |TAMS 0x000000008a900000, 0x000000008a900000| Untracked 
| 130|0x000000008aa00000, 0x000000008aa00000, 0x000000008ab00000|  0%| F|  |TAMS 0x000000008aa00000, 0x000000008aa00000| Untracked 
| 131|0x000000008ab00000, 0x000000008ab00000, 0x000000008ac00000|  0%| F|  |TAMS 0x000000008ab00000, 0x000000008ab00000| Untracked 
| 132|0x000000008ac00000, 0x000000008ac00000, 0x000000008ad00000|  0%| F|  |TAMS 0x000000008ac00000, 0x000000008ac00000| Untracked 
| 133|0x000000008ad00000, 0x000000008ad00000, 0x000000008ae00000|  0%| F|  |TAMS 0x000000008ad00000, 0x000000008ad00000| Untracked 
| 134|0x000000008ae00000, 0x000000008ae00000, 0x000000008af00000|  0%| F|  |TAMS 0x000000008ae00000, 0x000000008ae00000| Untracked 
| 135|0x000000008af00000, 0x000000008af00000, 0x000000008b000000|  0%| F|  |TAMS 0x000000008af00000, 0x000000008af00000| Untracked 
| 136|0x000000008b000000, 0x000000008b000000, 0x000000008b100000|  0%| F|  |TAMS 0x000000008b000000, 0x000000008b000000| Untracked 
| 137|0x000000008b100000, 0x000000008b100000, 0x000000008b200000|  0%| F|  |TAMS 0x000000008b100000, 0x000000008b100000| Untracked 
| 138|0x000000008b200000, 0x000000008b200000, 0x000000008b300000|  0%| F|  |TAMS 0x000000008b200000, 0x000000008b200000| Untracked 
| 139|0x000000008b300000, 0x000000008b300000, 0x000000008b400000|  0%| F|  |TAMS 0x000000008b300000, 0x000000008b300000| Untracked 
| 140|0x000000008b400000, 0x000000008b400000, 0x000000008b500000|  0%| F|  |TAMS 0x000000008b400000, 0x000000008b400000| Untracked 
| 141|0x000000008b500000, 0x000000008b500000, 0x000000008b600000|  0%| F|  |TAMS 0x000000008b500000, 0x000000008b500000| Untracked 
| 142|0x000000008b600000, 0x000000008b600000, 0x000000008b700000|  0%| F|  |TAMS 0x000000008b600000, 0x000000008b600000| Untracked 
| 143|0x000000008b700000, 0x000000008b700000, 0x000000008b800000|  0%| F|  |TAMS 0x000000008b700000, 0x000000008b700000| Untracked 
| 144|0x000000008b800000, 0x000000008b800000, 0x000000008b900000|  0%| F|  |TAMS 0x000000008b800000, 0x000000008b800000| Untracked 
| 145|0x000000008b900000, 0x000000008b900000, 0x000000008ba00000|  0%| F|  |TAMS 0x000000008b900000, 0x000000008b900000| Untracked 
| 146|0x000000008ba00000, 0x000000008ba00000, 0x000000008bb00000|  0%| F|  |TAMS 0x000000008ba00000, 0x000000008ba00000| Untracked 
| 147|0x000000008bb00000, 0x000000008bb00000, 0x000000008bc00000|  0%| F|  |TAMS 0x000000008bb00000, 0x000000008bb00000| Untracked 
| 148|0x000000008bc00000, 0x000000008bc00000, 0x000000008bd00000|  0%| F|  |TAMS 0x000000008bc00000, 0x000000008bc00000| Untracked 
| 149|0x000000008bd00000, 0x000000008bd00000, 0x000000008be00000|  0%| F|  |TAMS 0x000000008bd00000, 0x000000008bd00000| Untracked 
| 150|0x000000008be00000, 0x000000008be00000, 0x000000008bf00000|  0%| F|  |TAMS 0x000000008be00000, 0x000000008be00000| Untracked 
| 151|0x000000008bf00000, 0x000000008bf00000, 0x000000008c000000|  0%| F|  |TAMS 0x000000008bf00000, 0x000000008bf00000| Untracked 
| 152|0x000000008c000000, 0x000000008c000000, 0x000000008c100000|  0%| F|  |TAMS 0x000000008c000000, 0x000000008c000000| Untracked 
| 153|0x000000008c100000, 0x000000008c100000, 0x000000008c200000|  0%| F|  |TAMS 0x000000008c100000, 0x000000008c100000| Untracked 
| 154|0x000000008c200000, 0x000000008c200000, 0x000000008c300000|  0%| F|  |TAMS 0x000000008c200000, 0x000000008c200000| Untracked 
| 155|0x000000008c300000, 0x000000008c300000, 0x000000008c400000|  0%| F|  |TAMS 0x000000008c300000, 0x000000008c300000| Untracked 
| 156|0x000000008c400000, 0x000000008c400000, 0x000000008c500000|  0%| F|  |TAMS 0x000000008c400000, 0x000000008c400000| Untracked 
| 157|0x000000008c500000, 0x000000008c500000, 0x000000008c600000|  0%| F|  |TAMS 0x000000008c500000, 0x000000008c500000| Untracked 
| 158|0x000000008c600000, 0x000000008c600000, 0x000000008c700000|  0%| F|  |TAMS 0x000000008c600000, 0x000000008c600000| Untracked 
| 159|0x000000008c700000, 0x000000008c700000, 0x000000008c800000|  0%| F|  |TAMS 0x000000008c700000, 0x000000008c700000| Untracked 
| 160|0x000000008c800000, 0x000000008c800000, 0x000000008c900000|  0%| F|  |TAMS 0x000000008c800000, 0x000000008c800000| Untracked 
| 161|0x000000008c900000, 0x000000008c900000, 0x000000008ca00000|  0%| F|  |TAMS 0x000000008c900000, 0x000000008c900000| Untracked 
| 162|0x000000008ca00000, 0x000000008ca00000, 0x000000008cb00000|  0%| F|  |TAMS 0x000000008ca00000, 0x000000008ca00000| Untracked 
| 163|0x000000008cb00000, 0x000000008cb00000, 0x000000008cc00000|  0%| F|  |TAMS 0x000000008cb00000, 0x000000008cb00000| Untracked 
| 164|0x000000008cc00000, 0x000000008cc00000, 0x000000008cd00000|  0%| F|  |TAMS 0x000000008cc00000, 0x000000008cc00000| Untracked 
| 165|0x000000008cd00000, 0x000000008cd00000, 0x000000008ce00000|  0%| F|  |TAMS 0x000000008cd00000, 0x000000008cd00000| Untracked 
| 166|0x000000008ce00000, 0x000000008ce00000, 0x000000008cf00000|  0%| F|  |TAMS 0x000000008ce00000, 0x000000008ce00000| Untracked 
| 167|0x000000008cf00000, 0x000000008cf00000, 0x000000008d000000|  0%| F|  |TAMS 0x000000008cf00000, 0x000000008cf00000| Untracked 
| 168|0x000000008d000000, 0x000000008d000000, 0x000000008d100000|  0%| F|  |TAMS 0x000000008d000000, 0x000000008d000000| Untracked 
| 169|0x000000008d100000, 0x000000008d100000, 0x000000008d200000|  0%| F|  |TAMS 0x000000008d100000, 0x000000008d100000| Untracked 
| 170|0x000000008d200000, 0x000000008d200000, 0x000000008d300000|  0%| F|  |TAMS 0x000000008d200000, 0x000000008d200000| Untracked 
| 171|0x000000008d300000, 0x000000008d300000, 0x000000008d400000|  0%| F|  |TAMS 0x000000008d300000, 0x000000008d300000| Untracked 
| 172|0x000000008d400000, 0x000000008d400000, 0x000000008d500000|  0%| F|  |TAMS 0x000000008d400000, 0x000000008d400000| Untracked 
| 173|0x000000008d500000, 0x000000008d500000, 0x000000008d600000|  0%| F|  |TAMS 0x000000008d500000, 0x000000008d500000| Untracked 
| 174|0x000000008d600000, 0x000000008d600000, 0x000000008d700000|  0%| F|  |TAMS 0x000000008d600000, 0x000000008d600000| Untracked 
| 175|0x000000008d700000, 0x000000008d700000, 0x000000008d800000|  0%| F|  |TAMS 0x000000008d700000, 0x000000008d700000| Untracked 
| 176|0x000000008d800000, 0x000000008d800000, 0x000000008d900000|  0%| F|  |TAMS 0x000000008d800000, 0x000000008d800000| Untracked 
| 177|0x000000008d900000, 0x000000008d900000, 0x000000008da00000|  0%| F|  |TAMS 0x000000008d900000, 0x000000008d900000| Untracked 
| 178|0x000000008da00000, 0x000000008da00000, 0x000000008db00000|  0%| F|  |TAMS 0x000000008da00000, 0x000000008da00000| Untracked 
| 179|0x000000008db00000, 0x000000008db00000, 0x000000008dc00000|  0%| F|  |TAMS 0x000000008db00000, 0x000000008db00000| Untracked 
| 180|0x000000008dc00000, 0x000000008dc00000, 0x000000008dd00000|  0%| F|  |TAMS 0x000000008dc00000, 0x000000008dc00000| Untracked 
| 181|0x000000008dd00000, 0x000000008dd00000, 0x000000008de00000|  0%| F|  |TAMS 0x000000008dd00000, 0x000000008dd00000| Untracked 
| 182|0x000000008de00000, 0x000000008de00000, 0x000000008df00000|  0%| F|  |TAMS 0x000000008de00000, 0x000000008de00000| Untracked 
| 183|0x000000008df00000, 0x000000008df00000, 0x000000008e000000|  0%| F|  |TAMS 0x000000008df00000, 0x000000008df00000| Untracked 
| 184|0x000000008e000000, 0x000000008e000000, 0x000000008e100000|  0%| F|  |TAMS 0x000000008e000000, 0x000000008e000000| Untracked 
| 185|0x000000008e100000, 0x000000008e100000, 0x000000008e200000|  0%| F|  |TAMS 0x000000008e100000, 0x000000008e100000| Untracked 
| 186|0x000000008e200000, 0x000000008e200000, 0x000000008e300000|  0%| F|  |TAMS 0x000000008e200000, 0x000000008e200000| Untracked 
| 187|0x000000008e300000, 0x000000008e300000, 0x000000008e400000|  0%| F|  |TAMS 0x000000008e300000, 0x000000008e300000| Untracked 
| 188|0x000000008e400000, 0x000000008e400000, 0x000000008e500000|  0%| F|  |TAMS 0x000000008e400000, 0x000000008e400000| Untracked 
| 189|0x000000008e500000, 0x000000008e500000, 0x000000008e600000|  0%| F|  |TAMS 0x000000008e500000, 0x000000008e500000| Untracked 
| 190|0x000000008e600000, 0x000000008e600000, 0x000000008e700000|  0%| F|  |TAMS 0x000000008e600000, 0x000000008e600000| Untracked 
| 191|0x000000008e700000, 0x000000008e700000, 0x000000008e800000|  0%| F|  |TAMS 0x000000008e700000, 0x000000008e700000| Untracked 
| 192|0x000000008e800000, 0x000000008e800000, 0x000000008e900000|  0%| F|  |TAMS 0x000000008e800000, 0x000000008e800000| Untracked 
| 193|0x000000008e900000, 0x000000008e900000, 0x000000008ea00000|  0%| F|  |TAMS 0x000000008e900000, 0x000000008e900000| Untracked 
| 194|0x000000008ea00000, 0x000000008ea00000, 0x000000008eb00000|  0%| F|  |TAMS 0x000000008ea00000, 0x000000008ea00000| Untracked 
| 195|0x000000008eb00000, 0x000000008eb00000, 0x000000008ec00000|  0%| F|  |TAMS 0x000000008eb00000, 0x000000008eb00000| Untracked 
| 196|0x000000008ec00000, 0x000000008ec00000, 0x000000008ed00000|  0%| F|  |TAMS 0x000000008ec00000, 0x000000008ec00000| Untracked 
| 197|0x000000008ed00000, 0x000000008ed00000, 0x000000008ee00000|  0%| F|  |TAMS 0x000000008ed00000, 0x000000008ed00000| Untracked 
| 198|0x000000008ee00000, 0x000000008ee00000, 0x000000008ef00000|  0%| F|  |TAMS 0x000000008ee00000, 0x000000008ee00000| Untracked 
| 199|0x000000008ef00000, 0x000000008ef00000, 0x000000008f000000|  0%| F|  |TAMS 0x000000008ef00000, 0x000000008ef00000| Untracked 
| 200|0x000000008f000000, 0x000000008f000000, 0x000000008f100000|  0%| F|  |TAMS 0x000000008f000000, 0x000000008f000000| Untracked 
| 201|0x000000008f100000, 0x000000008f100000, 0x000000008f200000|  0%| F|  |TAMS 0x000000008f100000, 0x000000008f100000| Untracked 
| 202|0x000000008f200000, 0x000000008f200000, 0x000000008f300000|  0%| F|  |TAMS 0x000000008f200000, 0x000000008f200000| Untracked 
| 203|0x000000008f300000, 0x000000008f300000, 0x000000008f400000|  0%| F|  |TAMS 0x000000008f300000, 0x000000008f300000| Untracked 
| 204|0x000000008f400000, 0x000000008f400000, 0x000000008f500000|  0%| F|  |TAMS 0x000000008f400000, 0x000000008f400000| Untracked 
| 205|0x000000008f500000, 0x000000008f500000, 0x000000008f600000|  0%| F|  |TAMS 0x000000008f500000, 0x000000008f500000| Untracked 
| 206|0x000000008f600000, 0x000000008f600000, 0x000000008f700000|  0%| F|  |TAMS 0x000000008f600000, 0x000000008f600000| Untracked 
| 207|0x000000008f700000, 0x000000008f700000, 0x000000008f800000|  0%| F|  |TAMS 0x000000008f700000, 0x000000008f700000| Untracked 
| 208|0x000000008f800000, 0x000000008f800000, 0x000000008f900000|  0%| F|  |TAMS 0x000000008f800000, 0x000000008f800000| Untracked 
| 209|0x000000008f900000, 0x000000008f97d980, 0x000000008fa00000| 49%| S|CS|TAMS 0x000000008f900000, 0x000000008f900000| Complete 
| 210|0x000000008fa00000, 0x000000008fb00000, 0x000000008fb00000|100%| S|CS|TAMS 0x000000008fa00000, 0x000000008fa00000| Complete 
| 211|0x000000008fb00000, 0x000000008fb00000, 0x000000008fc00000|  0%| F|  |TAMS 0x000000008fb00000, 0x000000008fb00000| Untracked 
| 212|0x000000008fc00000, 0x000000008fc00000, 0x000000008fd00000|  0%| F|  |TAMS 0x000000008fc00000, 0x000000008fc00000| Untracked 
| 213|0x000000008fd00000, 0x000000008fd00000, 0x000000008fe00000|  0%| F|  |TAMS 0x000000008fd00000, 0x000000008fd00000| Untracked 
| 214|0x000000008fe00000, 0x000000008fe00000, 0x000000008ff00000|  0%| F|  |TAMS 0x000000008fe00000, 0x000000008fe00000| Untracked 
| 215|0x000000008ff00000, 0x000000008ff00000, 0x0000000090000000|  0%| F|  |TAMS 0x000000008ff00000, 0x000000008ff00000| Untracked 
| 216|0x0000000090000000, 0x0000000090000000, 0x0000000090100000|  0%| F|  |TAMS 0x0000000090000000, 0x0000000090000000| Untracked 
| 217|0x0000000090100000, 0x0000000090100000, 0x0000000090200000|  0%| F|  |TAMS 0x0000000090100000, 0x0000000090100000| Untracked 
| 218|0x0000000090200000, 0x0000000090200000, 0x0000000090300000|  0%| F|  |TAMS 0x0000000090200000, 0x0000000090200000| Untracked 
| 219|0x0000000090300000, 0x0000000090300000, 0x0000000090400000|  0%| F|  |TAMS 0x0000000090300000, 0x0000000090300000| Untracked 
| 220|0x0000000090400000, 0x0000000090400000, 0x0000000090500000|  0%| F|  |TAMS 0x0000000090400000, 0x0000000090400000| Untracked 
| 221|0x0000000090500000, 0x0000000090500000, 0x0000000090600000|  0%| F|  |TAMS 0x0000000090500000, 0x0000000090500000| Untracked 
| 222|0x0000000090600000, 0x0000000090600000, 0x0000000090700000|  0%| F|  |TAMS 0x0000000090600000, 0x0000000090600000| Untracked 
| 223|0x0000000090700000, 0x0000000090700000, 0x0000000090800000|  0%| F|  |TAMS 0x0000000090700000, 0x0000000090700000| Untracked 
| 224|0x0000000090800000, 0x0000000090800000, 0x0000000090900000|  0%| F|  |TAMS 0x0000000090800000, 0x0000000090800000| Untracked 
| 225|0x0000000090900000, 0x0000000090900000, 0x0000000090a00000|  0%| F|  |TAMS 0x0000000090900000, 0x0000000090900000| Untracked 
| 226|0x0000000090a00000, 0x0000000090a00000, 0x0000000090b00000|  0%| F|  |TAMS 0x0000000090a00000, 0x0000000090a00000| Untracked 
| 227|0x0000000090b00000, 0x0000000090b00000, 0x0000000090c00000|  0%| F|  |TAMS 0x0000000090b00000, 0x0000000090b00000| Untracked 
| 228|0x0000000090c00000, 0x0000000090c00000, 0x0000000090d00000|  0%| F|  |TAMS 0x0000000090c00000, 0x0000000090c00000| Untracked 
| 229|0x0000000090d00000, 0x0000000090d00000, 0x0000000090e00000|  0%| F|  |TAMS 0x0000000090d00000, 0x0000000090d00000| Untracked 
| 230|0x0000000090e00000, 0x0000000090e00000, 0x0000000090f00000|  0%| F|  |TAMS 0x0000000090e00000, 0x0000000090e00000| Untracked 
| 231|0x0000000090f00000, 0x0000000090f00000, 0x0000000091000000|  0%| F|  |TAMS 0x0000000090f00000, 0x0000000090f00000| Untracked 
| 232|0x0000000091000000, 0x0000000091000000, 0x0000000091100000|  0%| F|  |TAMS 0x0000000091000000, 0x0000000091000000| Untracked 
| 233|0x0000000091100000, 0x0000000091100000, 0x0000000091200000|  0%| F|  |TAMS 0x0000000091100000, 0x0000000091100000| Untracked 
| 234|0x0000000091200000, 0x0000000091200000, 0x0000000091300000|  0%| F|  |TAMS 0x0000000091200000, 0x0000000091200000| Untracked 
| 235|0x0000000091300000, 0x0000000091380800, 0x0000000091400000| 50%| E|  |TAMS 0x0000000091300000, 0x0000000091300000| Complete 
| 236|0x0000000091400000, 0x0000000091500000, 0x0000000091500000|100%| E|CS|TAMS 0x0000000091400000, 0x0000000091400000| Complete 
| 237|0x0000000091500000, 0x0000000091600000, 0x0000000091600000|100%| E|CS|TAMS 0x0000000091500000, 0x0000000091500000| Complete 
| 238|0x0000000091600000, 0x0000000091700000, 0x0000000091700000|100%| E|CS|TAMS 0x0000000091600000, 0x0000000091600000| Complete 
| 239|0x0000000091700000, 0x0000000091800000, 0x0000000091800000|100%| E|CS|TAMS 0x0000000091700000, 0x0000000091700000| Complete 
| 240|0x0000000091800000, 0x0000000091900000, 0x0000000091900000|100%| E|CS|TAMS 0x0000000091800000, 0x0000000091800000| Complete 
| 241|0x0000000091900000, 0x0000000091a00000, 0x0000000091a00000|100%| E|CS|TAMS 0x0000000091900000, 0x0000000091900000| Complete 
| 242|0x0000000091a00000, 0x0000000091b00000, 0x0000000091b00000|100%| E|CS|TAMS 0x0000000091a00000, 0x0000000091a00000| Complete 
| 243|0x0000000091b00000, 0x0000000091c00000, 0x0000000091c00000|100%| E|CS|TAMS 0x0000000091b00000, 0x0000000091b00000| Complete 
| 244|0x0000000091c00000, 0x0000000091d00000, 0x0000000091d00000|100%| E|CS|TAMS 0x0000000091c00000, 0x0000000091c00000| Complete 
| 245|0x0000000091d00000, 0x0000000091e00000, 0x0000000091e00000|100%| E|CS|TAMS 0x0000000091d00000, 0x0000000091d00000| Complete 
| 246|0x0000000091e00000, 0x0000000091f00000, 0x0000000091f00000|100%| E|CS|TAMS 0x0000000091e00000, 0x0000000091e00000| Complete 
| 247|0x0000000091f00000, 0x0000000092000000, 0x0000000092000000|100%| E|CS|TAMS 0x0000000091f00000, 0x0000000091f00000| Complete 

Card table byte_map: [0x000001bf7aba0000,0x000001bf7af90000] _byte_map_base: 0x000001bf7a78c000

Marking Bits (Prev, Next): (CMBitMap*) 0x000001bf61678bc0, (CMBitMap*) 0x000001bf61678b80
 Prev Bits: [0x000001bf7d2e0000, 0x000001bf7f240000)
 Next Bits: [0x000001bf7b380000, 0x000001bf7d2e0000)

Polling page: 0x000001bf616e0000

Metaspace:

Usage:
  Non-class:     23.23 MB used.
      Class:      2.80 MB used.
       Both:     26.03 MB used.

Virtual space:
  Non-class space:       64.00 MB reserved,      23.44 MB ( 37%) committed,  1 nodes.
      Class space:        1.00 GB reserved,       3.00 MB ( <1%) committed,  1 nodes.
             Both:        1.06 GB reserved,      26.44 MB (  2%) committed. 

Chunk freelists:
   Non-Class:  289.00 KB
       Class:  934.00 KB
        Both:  1.19 MB

MaxMetaspaceSize: unlimited
CompressedClassSpaceSize: 1.00 GB
Initial GC threshold: 21.00 MB
Current GC threshold: 38.75 MB
CDS: on
MetaspaceReclaimPolicy: balanced
 - commit_granule_bytes: 65536.
 - commit_granule_words: 8192.
 - virtual_space_node_default_size: 8388608.
 - enlarge_chunks_in_place: 1.
 - new_chunks_are_fully_committed: 0.
 - uncommit_free_chunks: 1.
 - use_allocation_guard: 0.


Internal statistics:

num_allocs_failed_limit: 26.
num_arena_births: 472.
num_arena_deaths: 0.
num_vsnodes_births: 2.
num_vsnodes_deaths: 0.
num_space_committed: 423.
num_space_uncommitted: 0.
num_chunks_returned_to_freelist: 26.
num_chunks_taken_from_freelist: 1411.
num_chunk_merges: 23.
num_chunk_splits: 1035.
num_chunks_enlarged: 778.
num_inconsistent_stats: 0.

CodeHeap 'non-profiled nmethods': size=120000Kb used=3274Kb max_used=3274Kb free=116725Kb
 bounds [0x000001bf72820000, 0x000001bf72b60000, 0x000001bf79d50000]
CodeHeap 'profiled nmethods': size=120000Kb used=11210Kb max_used=11210Kb free=108789Kb
 bounds [0x000001bf6ad50000, 0x000001bf6b850000, 0x000001bf72280000]
CodeHeap 'non-nmethods': size=5760Kb used=1309Kb max_used=1395Kb free=4450Kb
 bounds [0x000001bf72280000, 0x000001bf724f0000, 0x000001bf72820000]
 total_blobs=6035 nmethods=5503 adapters=442
 compilation: enabled
              stopped_count=0, restarted_count=0
 full_count=0

Compilation events (20 events):
Event: 401.300 Thread 0x000001bf7fcf2170 6342       4       com.sun.tools.javac.util.List::prepend (10 bytes)
Event: 401.301 Thread 0x000001bf7fcf2170 nmethod 6342 0x000001bf72b52310 code [0x000001bf72b524a0, 0x000001bf72b52598]
Event: 401.304 Thread 0x000001bf7fcf32f0 6343       3       java.lang.WeakPairMap::expungeStaleAssociations (31 bytes)
Event: 401.305 Thread 0x000001bf7fcf32f0 nmethod 6343 0x000001bf6b843690 code [0x000001bf6b843880, 0x000001bf6b843d88]
Event: 401.305 Thread 0x000001bf7fcf32f0 6344       3       java.lang.WeakPairMap$Pair::hashCode (10 bytes)
Event: 401.305 Thread 0x000001bf7fcf32f0 nmethod 6344 0x000001bf6b843f10 code [0x000001bf6b8440c0, 0x000001bf6b844218]
Event: 401.310 Thread 0x000001bf7fcf2170 6345       4       java.lang.ref.Reference::refersTo (6 bytes)
Event: 401.311 Thread 0x000001bf7fcf2170 nmethod 6345 0x000001bf72b52690 code [0x000001bf72b52820, 0x000001bf72b528b8]
Event: 401.311 Thread 0x000001bf7fcf32f0 6346       3       lombok.core.FieldAugment$MapWeakFieldAugment::read (56 bytes)
Event: 401.312 Thread 0x000001bf7fcf32f0 nmethod 6346 0x000001bf6b844310 code [0x000001bf6b844500, 0x000001bf6b844ab8]
Event: 401.312 Thread 0x000001bf7fcf32f0 6347       3       com.sun.tools.javac.util.Options::keySet (8 bytes)
Event: 401.313 Thread 0x000001bf7fcf32f0 nmethod 6347 0x000001bf6b844c10 code [0x000001bf6b844de0, 0x000001bf6b845238]
Event: 401.313 Thread 0x000001bf7fcf32f0 6348       3       lombok.javac.handlers.JavacHandlerUtil$MarkingScanner::scan (20 bytes)
Event: 401.313 Thread 0x000001bf7fcf32f0 nmethod 6348 0x000001bf6b845410 code [0x000001bf6b8455e0, 0x000001bf6b8458f8]
Event: 401.315 Thread 0x000001bf7fcf32f0 6349       3       com.sun.tools.javac.code.Type$ClassType::isRaw (43 bytes)
Event: 401.316 Thread 0x000001bf7fcf32f0 nmethod 6349 0x000001bf6b845a10 code [0x000001bf6b845c00, 0x000001bf6b846188]
Event: 401.322 Thread 0x000001bf7fcf2170 6350   !   4       lombok.core.configuration.FileSystemSourceCache::parseIfNeccesary (124 bytes)
Event: 401.324 Thread 0x000001bf7fcf32f0 6351       3       lombok.javac.JavacTreeMaker::invoke (10 bytes)
Event: 401.324 Thread 0x000001bf7fcf32f0 nmethod 6351 0x000001bf6b846310 code [0x000001bf6b8464c0, 0x000001bf6b846608]
Event: 401.324 Thread 0x000001bf7fcf32f0 6352   !   3       lombok.javac.JavacTreeMaker::invokeAny (83 bytes)

GC Heap History (20 events):
Event: 353.463 GC heap before
{Heap before GC invocations=5 (full 0):
 garbage-first heap   total 129024K, used 65019K [0x0000000082800000, 0x0000000100000000)
  region size 1024K, 20 young (20480K), 1 survivors (1024K)
 Metaspace       used 15074K, committed 15488K, reserved 1114112K
  class space    used 1594K, committed 1792K, reserved 1048576K
}
Event: 354.594 GC heap after
{Heap after GC invocations=6 (full 0):
 garbage-first heap   total 129024K, used 14804K [0x0000000082800000, 0x0000000100000000)
  region size 1024K, 2 young (2048K), 2 survivors (2048K)
 Metaspace       used 15074K, committed 15488K, reserved 1114112K
  class space    used 1594K, committed 1792K, reserved 1048576K
}
Event: 357.835 GC heap before
{Heap before GC invocations=6 (full 0):
 garbage-first heap   total 129024K, used 18900K [0x0000000082800000, 0x0000000100000000)
  region size 1024K, 6 young (6144K), 2 survivors (2048K)
 Metaspace       used 16114K, committed 16448K, reserved 1114112K
  class space    used 1704K, committed 1856K, reserved 1048576K
}
Event: 358.121 GC heap after
{Heap after GC invocations=7 (full 0):
 garbage-first heap   total 233472K, used 15285K [0x0000000082800000, 0x0000000100000000)
  region size 1024K, 1 young (1024K), 1 survivors (1024K)
 Metaspace       used 16114K, committed 16448K, reserved 1114112K
  class space    used 1704K, committed 1856K, reserved 1048576K
}
Event: 362.538 GC heap before
{Heap before GC invocations=7 (full 0):
 garbage-first heap   total 233472K, used 23477K [0x0000000082800000, 0x0000000100000000)
  region size 1024K, 10 young (10240K), 1 survivors (1024K)
 Metaspace       used 21192K, committed 21504K, reserved 1114112K
  class space    used 2320K, committed 2496K, reserved 1048576K
}
Event: 362.864 GC heap after
{Heap after GC invocations=8 (full 0):
 garbage-first heap   total 233472K, used 16463K [0x0000000082800000, 0x0000000100000000)
  region size 1024K, 2 young (2048K), 2 survivors (2048K)
 Metaspace       used 21192K, committed 21504K, reserved 1114112K
  class space    used 2320K, committed 2496K, reserved 1048576K
}
Event: 364.714 GC heap before
{Heap before GC invocations=8 (full 0):
 garbage-first heap   total 233472K, used 25679K [0x0000000082800000, 0x0000000100000000)
  region size 1024K, 11 young (11264K), 2 survivors (2048K)
 Metaspace       used 23283K, committed 23680K, reserved 1114112K
  class space    used 2517K, committed 2688K, reserved 1048576K
}
Event: 364.720 GC heap after
{Heap after GC invocations=9 (full 0):
 garbage-first heap   total 233472K, used 22317K [0x0000000082800000, 0x0000000100000000)
  region size 1024K, 2 young (2048K), 2 survivors (2048K)
 Metaspace       used 23283K, committed 23680K, reserved 1114112K
  class space    used 2517K, committed 2688K, reserved 1048576K
}
Event: 365.842 GC heap before
{Heap before GC invocations=9 (full 0):
 garbage-first heap   total 233472K, used 31533K [0x0000000082800000, 0x0000000100000000)
  region size 1024K, 11 young (11264K), 2 survivors (2048K)
 Metaspace       used 23341K, committed 23744K, reserved 1114112K
  class space    used 2520K, committed 2688K, reserved 1048576K
}
Event: 366.220 GC heap after
{Heap after GC invocations=10 (full 0):
 garbage-first heap   total 233472K, used 26102K [0x0000000082800000, 0x0000000100000000)
  region size 1024K, 2 young (2048K), 2 survivors (2048K)
 Metaspace       used 23341K, committed 23744K, reserved 1114112K
  class space    used 2520K, committed 2688K, reserved 1048576K
}
Event: 367.481 GC heap before
{Heap before GC invocations=10 (full 0):
 garbage-first heap   total 233472K, used 35318K [0x0000000082800000, 0x0000000100000000)
  region size 1024K, 11 young (11264K), 2 survivors (2048K)
 Metaspace       used 23375K, committed 23744K, reserved 1114112K
  class space    used 2520K, committed 2688K, reserved 1048576K
}
Event: 367.609 GC heap after
{Heap after GC invocations=11 (full 0):
 garbage-first heap   total 233472K, used 29160K [0x0000000082800000, 0x0000000100000000)
  region size 1024K, 2 young (2048K), 2 survivors (2048K)
 Metaspace       used 23375K, committed 23744K, reserved 1114112K
  class space    used 2520K, committed 2688K, reserved 1048576K
}
Event: 374.838 GC heap before
{Heap before GC invocations=12 (full 0):
 garbage-first heap   total 126976K, used 37352K [0x0000000082800000, 0x0000000100000000)
  region size 1024K, 10 young (10240K), 2 survivors (2048K)
 Metaspace       used 23499K, committed 23872K, reserved 1114112K
  class space    used 2541K, committed 2688K, reserved 1048576K
}
Event: 374.967 GC heap after
{Heap after GC invocations=13 (full 0):
 garbage-first heap   total 126976K, used 31927K [0x0000000082800000, 0x0000000100000000)
  region size 1024K, 2 young (2048K), 2 survivors (2048K)
 Metaspace       used 23499K, committed 23872K, reserved 1114112K
  class space    used 2541K, committed 2688K, reserved 1048576K
}
Event: 375.921 GC heap before
{Heap before GC invocations=13 (full 0):
 garbage-first heap   total 126976K, used 36023K [0x0000000082800000, 0x0000000100000000)
  region size 1024K, 6 young (6144K), 2 survivors (2048K)
 Metaspace       used 23676K, committed 24064K, reserved 1114112K
  class space    used 2557K, committed 2752K, reserved 1048576K
}
Event: 375.930 GC heap after
{Heap after GC invocations=14 (full 0):
 garbage-first heap   total 253952K, used 32310K [0x0000000082800000, 0x0000000100000000)
  region size 1024K, 1 young (1024K), 1 survivors (1024K)
 Metaspace       used 23676K, committed 24064K, reserved 1114112K
  class space    used 2557K, committed 2752K, reserved 1048576K
}
Event: 378.132 GC heap before
{Heap before GC invocations=14 (full 0):
 garbage-first heap   total 253952K, used 59958K [0x0000000082800000, 0x0000000100000000)
  region size 1024K, 27 young (27648K), 1 survivors (1024K)
 Metaspace       used 24155K, committed 24512K, reserved 1114112K
  class space    used 2585K, committed 2752K, reserved 1048576K
}
Event: 378.454 GC heap after
{Heap after GC invocations=15 (full 0):
 garbage-first heap   total 253952K, used 37628K [0x0000000082800000, 0x0000000100000000)
  region size 1024K, 4 young (4096K), 4 survivors (4096K)
 Metaspace       used 24155K, committed 24512K, reserved 1114112K
  class space    used 2585K, committed 2752K, reserved 1048576K
}
Event: 397.338 GC heap before
{Heap before GC invocations=15 (full 0):
 garbage-first heap   total 253952K, used 70396K [0x0000000082800000, 0x0000000100000000)
  region size 1024K, 37 young (37888K), 4 survivors (4096K)
 Metaspace       used 26207K, committed 26624K, reserved 1114112K
  class space    used 2797K, committed 2944K, reserved 1048576K
}
Event: 397.541 GC heap after
{Heap after GC invocations=16 (full 0):
 garbage-first heap   total 253952K, used 39162K [0x0000000082800000, 0x0000000100000000)
  region size 1024K, 2 young (2048K), 2 survivors (2048K)
 Metaspace       used 26207K, committed 26624K, reserved 1114112K
  class space    used 2797K, committed 2944K, reserved 1048576K
}

Dll operation events (8 events):
Event: 0.010 Loaded shared library C:\Program Files\Java\jdk-19\bin\java.dll
Event: 0.030 Loaded shared library C:\Program Files\Java\jdk-19\bin\jsvml.dll
Event: 0.216 Loaded shared library C:\Program Files\Java\jdk-19\bin\net.dll
Event: 0.221 Loaded shared library C:\Program Files\Java\jdk-19\bin\nio.dll
Event: 0.235 Loaded shared library C:\Program Files\Java\jdk-19\bin\zip.dll
Event: 0.423 Loaded shared library C:\Program Files\Java\jdk-19\bin\jimage.dll
Event: 0.436 Loaded shared library C:\Users\User\Desktop\NETBEAN\NetBeans-15\netbeans\java\maven\lib\jansi-native\Windows\x86_64\jansi.dll
Event: 0.495 Loaded shared library C:\Program Files\Java\jdk-19\bin\verify.dll

Deoptimization events (20 events):
Event: 399.055 Thread 0x000001bf61612970 Uncommon trap: trap_request=0xffffffde fr.pc=0x000001bf72a7d2e0 relative=0x0000000000000040
Event: 399.055 Thread 0x000001bf61612970 Uncommon trap: reason=class_check action=maybe_recompile pc=0x000001bf72a7d2e0 method=java.lang.invoke.DirectMethodHandle.internalMemberName(Ljava/lang/Object;)Ljava/lang/Object; @ 1 c2
Event: 399.055 Thread 0x000001bf61612970 DEOPT PACKING pc=0x000001bf72a7d2e0 sp=0x000000314f4fcc60
Event: 399.055 Thread 0x000001bf61612970 DEOPT UNPACKING pc=0x000001bf722e6da3 sp=0x000000314f4fcbf0 mode 2
Event: 400.279 Thread 0x000001bf61612970 Uncommon trap: trap_request=0xffffffde fr.pc=0x000001bf72a7d2e0 relative=0x0000000000000040
Event: 400.279 Thread 0x000001bf61612970 Uncommon trap: reason=class_check action=maybe_recompile pc=0x000001bf72a7d2e0 method=java.lang.invoke.DirectMethodHandle.internalMemberName(Ljava/lang/Object;)Ljava/lang/Object; @ 1 c2
Event: 400.279 Thread 0x000001bf61612970 DEOPT PACKING pc=0x000001bf72a7d2e0 sp=0x000000314f4fcc20
Event: 400.279 Thread 0x000001bf61612970 DEOPT UNPACKING pc=0x000001bf722e6da3 sp=0x000000314f4fcbb0 mode 2
Event: 400.279 Thread 0x000001bf61612970 Uncommon trap: trap_request=0xffffffde fr.pc=0x000001bf72a7d2e0 relative=0x0000000000000040
Event: 400.279 Thread 0x000001bf61612970 Uncommon trap: reason=class_check action=maybe_recompile pc=0x000001bf72a7d2e0 method=java.lang.invoke.DirectMethodHandle.internalMemberName(Ljava/lang/Object;)Ljava/lang/Object; @ 1 c2
Event: 400.279 Thread 0x000001bf61612970 DEOPT PACKING pc=0x000001bf72a7d2e0 sp=0x000000314f4fcce0
Event: 400.279 Thread 0x000001bf61612970 DEOPT UNPACKING pc=0x000001bf722e6da3 sp=0x000000314f4fcc70 mode 2
Event: 400.460 Thread 0x000001bf61612970 Uncommon trap: trap_request=0xffffffbe fr.pc=0x000001bf72b2bfa8 relative=0x0000000000000388
Event: 400.460 Thread 0x000001bf61612970 Uncommon trap: reason=profile_predicate action=maybe_recompile pc=0x000001bf72b2bfa8 method=java.lang.Class.searchMethods([Ljava/lang/reflect/Method;Ljava/lang/String;[Ljava/lang/Class;)Ljava/lang/reflect/Method; @ 22 c2
Event: 400.460 Thread 0x000001bf61612970 DEOPT PACKING pc=0x000001bf72b2bfa8 sp=0x000000314f4fc440
Event: 400.460 Thread 0x000001bf61612970 DEOPT UNPACKING pc=0x000001bf722e6da3 sp=0x000000314f4fc3c0 mode 2
Event: 400.460 Thread 0x000001bf61612970 Uncommon trap: trap_request=0xffffffbe fr.pc=0x000001bf72b2bfa8 relative=0x0000000000000388
Event: 400.460 Thread 0x000001bf61612970 Uncommon trap: reason=profile_predicate action=maybe_recompile pc=0x000001bf72b2bfa8 method=java.lang.Class.searchMethods([Ljava/lang/reflect/Method;Ljava/lang/String;[Ljava/lang/Class;)Ljava/lang/reflect/Method; @ 22 c2
Event: 400.460 Thread 0x000001bf61612970 DEOPT PACKING pc=0x000001bf72b2bfa8 sp=0x000000314f4fc440
Event: 400.470 Thread 0x000001bf61612970 DEOPT UNPACKING pc=0x000001bf722e6da3 sp=0x000000314f4fc3c0 mode 2

Classes loaded (20 events):
Event: 392.732 Loading class java/util/Vector$1
Event: 392.732 Loading class java/util/Vector$1 done
Event: 392.752 Loading class java/io/PushbackInputStream
Event: 392.752 Loading class java/io/PushbackInputStream done
Event: 395.162 Loading class java/util/Collections$UnmodifiableSortedSet
Event: 395.163 Loading class java/util/Collections$UnmodifiableSortedSet done
Event: 395.884 Loading class java/util/IdentityHashMap$EntrySet
Event: 395.886 Loading class java/util/IdentityHashMap$EntrySet done
Event: 395.913 Loading class java/util/IdentityHashMap$EntryIterator
Event: 395.930 Loading class java/util/IdentityHashMap$EntryIterator done
Event: 395.930 Loading class java/util/IdentityHashMap$EntryIterator$Entry
Event: 395.931 Loading class java/util/IdentityHashMap$EntryIterator$Entry done
Event: 398.536 Loading class java/util/regex/Pattern$SliceI
Event: 398.598 Loading class java/util/regex/Pattern$SliceI done
Event: 399.440 Loading class java/util/regex/Pattern$Loop
Event: 399.440 Loading class java/util/regex/Pattern$Loop done
Event: 399.440 Loading class java/util/regex/Pattern$Prolog
Event: 399.441 Loading class java/util/regex/Pattern$Prolog done
Event: 400.347 Loading class java/util/regex/Pattern$LazyLoop
Event: 400.362 Loading class java/util/regex/Pattern$LazyLoop done

Classes unloaded (0 events):
No events

Classes redefined (0 events):
No events

Internal exceptions (20 events):
Event: 379.112 Thread 0x000001bf61612970 Exception <a 'sun/nio/fs/WindowsException'{0x0000000091f8b998}> (0x0000000091f8b998) 
thrown [s\open\src\hotspot\share\prims\jni.cpp, line 517]
Event: 379.112 Thread 0x000001bf61612970 Exception <a 'sun/nio/fs/WindowsException'{0x0000000091f8bd38}> (0x0000000091f8bd38) 
thrown [s\open\src\hotspot\share\prims\jni.cpp, line 517]
Event: 379.112 Thread 0x000001bf61612970 Exception <a 'sun/nio/fs/WindowsException'{0x0000000091f8efe0}> (0x0000000091f8efe0) 
thrown [s\open\src\hotspot\share\prims\jni.cpp, line 517]
Event: 379.112 Thread 0x000001bf61612970 Exception <a 'sun/nio/fs/WindowsException'{0x0000000091f8f330}> (0x0000000091f8f330) 
thrown [s\open\src\hotspot\share\prims\jni.cpp, line 517]
Event: 379.113 Thread 0x000001bf61612970 Exception <a 'sun/nio/fs/WindowsException'{0x0000000091f95f98}> (0x0000000091f95f98) 
thrown [s\open\src\hotspot\share\prims\jni.cpp, line 517]
Event: 379.113 Thread 0x000001bf61612970 Exception <a 'sun/nio/fs/WindowsException'{0x0000000091f96328}> (0x0000000091f96328) 
thrown [s\open\src\hotspot\share\prims\jni.cpp, line 517]
Event: 379.115 Thread 0x000001bf61612970 Exception <a 'sun/nio/fs/WindowsException'{0x0000000091f97338}> (0x0000000091f97338) 
thrown [s\open\src\hotspot\share\prims\jni.cpp, line 517]
Event: 379.116 Thread 0x000001bf61612970 Exception <a 'sun/nio/fs/WindowsException'{0x0000000091f97758}> (0x0000000091f97758) 
thrown [s\open\src\hotspot\share\prims\jni.cpp, line 517]
Event: 382.142 Thread 0x000001bf61612970 Implicit null exception at 0x000001bf7293d42f to 0x000001bf7293d854
Event: 382.317 Thread 0x000001bf61612970 Implicit null exception at 0x000001bf7292f86f to 0x000001bf7292fa60
Event: 399.051 Thread 0x000001bf61612970 Exception <a 'java/lang/NoSuchMethodError'{0x0000000091c70220}: 'void java.lang.invoke.DirectMethodHandle$Holder.invokeInterface(java.lang.Object, java.lang.Object, java.lang.Object, int)'> (0x0000000091c70220) 
thrown [s\open\src\hotspot\share\interpreter\linkResolver.cpp, line 774]
Event: 399.054 Thread 0x000001bf61612970 Exception <a 'java/lang/NoSuchMethodError'{0x0000000091c77d48}: 'void java.lang.invoke.DelegatingMethodHandle$Holder.reinvoke_L(java.lang.Object, java.lang.Object, java.lang.Object, int)'> (0x0000000091c77d48) 
thrown [s\open\src\hotspot\share\interpreter\linkResolver.cpp, line 774]
Event: 399.349 Thread 0x000001bf61612970 Exception <a 'java/lang/NoSuchMethodError'{0x0000000091caa5f0}: 'java.lang.Object java.lang.invoke.DirectMethodHandle$Holder.invokeVirtual(java.lang.Object, java.lang.Object, java.lang.Object, java.lang.Object)'> (0x0000000091caa5f0) 
thrown [s\open\src\hotspot\share\interpreter\linkResolver.cpp, line 774]
Event: 399.434 Thread 0x000001bf61612970 Exception <a 'java/lang/NoSuchMethodError'{0x0000000091cc2f10}: 'long java.lang.invoke.DirectMethodHandle$Holder.invokeStatic(java.lang.Object, java.lang.Object, int)'> (0x0000000091cc2f10) 
thrown [s\open\src\hotspot\share\interpreter\linkResolver.cpp, line 774]
Event: 399.436 Thread 0x000001bf61612970 Exception <a 'java/lang/NoSuchMethodError'{0x0000000091ccafd0}: 'java.lang.Object java.lang.invoke.DirectMethodHandle$Holder.invokeSpecial(java.lang.Object, java.lang.Object, java.lang.Object, long, java.lang.Object)'> (0x0000000091ccafd0) 
thrown [s\open\src\hotspot\share\interpreter\linkResolver.cpp, line 774]
Event: 399.436 Thread 0x000001bf61612970 Exception <a 'java/lang/NoSuchMethodError'{0x0000000091ccef20}: 'java.lang.Object java.lang.invoke.DelegatingMethodHandle$Holder.reinvoke_L(java.lang.Object, java.lang.Object, long, java.lang.Object)'> (0x0000000091ccef20) 
thrown [s\open\src\hotspot\share\interpreter\linkResolver.cpp, line 774]
Event: 400.179 Thread 0x000001bf61612970 Exception <a 'java/lang/NoSuchMethodError'{0x0000000091b11ef8}: 'java.lang.Object java.lang.invoke.DirectMethodHandle$Holder.invokeVirtual(java.lang.Object, java.lang.Object, java.lang.Object, java.lang.Object, java.lang.Object, java.lang.Object, java.lang.Object, java.lang.Object, java.lang.Object, java.lang.Object)'> (0x0000000091b11ef8) 
thrown [s\open\src\hotspot\share\interpreter\linkResolver.cpp, line 774]
Event: 400.474 Thread 0x000001bf61612970 Exception <a 'java/lang/NoSuchMethodError'{0x0000000091a43320}: 'void java.lang.invoke.DirectMethodHandle$Holder.invokeVirtual(java.lang.Object, java.lang.Object)'> (0x0000000091a43320) 
thrown [s\open\src\hotspot\share\interpreter\linkResolver.cpp, line 774]
Event: 400.575 Thread 0x000001bf61612970 Exception <a 'java/lang/NoSuchMethodError'{0x0000000091a4dbb8}: 'void java.lang.invoke.DirectMethodHandle$Holder.invokeVirtual(java.lang.Object, java.lang.Object, java.lang.Object, java.lang.Object)'> (0x0000000091a4dbb8) 
thrown [s\open\src\hotspot\share\interpreter\linkResolver.cpp, line 774]
Event: 400.931 Thread 0x000001bf61612970 Exception <a 'java/lang/NoSuchMethodError'{0x00000000918b66d8}: 'java.lang.Object java.lang.invoke.DirectMethodHandle$Holder.invokeVirtual(java.lang.Object, java.lang.Object, java.lang.Object, java.lang.Object, java.lang.Object, java.lang.Object)'> (0x00000000918b66d8) 
thrown [s\open\src\hotspot\share\interpreter\linkResolver.cpp, line 774]

VM Operations (20 events):
Event: 381.894 Executing VM operation: Cleanup
Event: 381.894 Executing VM operation: Cleanup done
Event: 382.970 Executing VM operation: Cleanup
Event: 383.488 Executing VM operation: Cleanup done
Event: 385.849 Executing VM operation: Cleanup
Event: 385.849 Executing VM operation: Cleanup done
Event: 392.944 Executing VM operation: Cleanup
Event: 393.236 Executing VM operation: Cleanup done
Event: 394.431 Executing VM operation: Cleanup
Event: 395.111 Executing VM operation: Cleanup done
Event: 396.271 Executing VM operation: Cleanup
Event: 396.374 Executing VM operation: Cleanup done
Event: 397.338 Executing VM operation: G1CollectForAllocation
Event: 397.541 Executing VM operation: G1CollectForAllocation done
Event: 398.563 Executing VM operation: Cleanup
Event: 398.637 Executing VM operation: Cleanup done
Event: 399.645 Executing VM operation: Cleanup
Event: 399.645 Executing VM operation: Cleanup done
Event: 400.808 Executing VM operation: Cleanup
Event: 400.961 Executing VM operation: Cleanup done

Events (20 events):
Event: 372.886 Thread 0x000001bf7fcf7c70 flushing nmethod 0x000001bf6b709390
Event: 372.886 Thread 0x000001bf7fcf7c70 flushing nmethod 0x000001bf6b70b390
Event: 372.886 Thread 0x000001bf7fcf7c70 flushing nmethod 0x000001bf6b70ce90
Event: 372.886 Thread 0x000001bf7fcf7c70 flushing nmethod 0x000001bf6b70d390
Event: 372.886 Thread 0x000001bf7fcf7c70 flushing nmethod 0x000001bf6b713090
Event: 372.886 Thread 0x000001bf7fcf7c70 flushing nmethod 0x000001bf6b713a10
Event: 372.886 Thread 0x000001bf7fcf7c70 flushing nmethod 0x000001bf6b715510
Event: 372.886 Thread 0x000001bf7fcf7c70 flushing nmethod 0x000001bf6b718890
Event: 372.886 Thread 0x000001bf7fcf7c70 flushing nmethod 0x000001bf6b719790
Event: 372.886 Thread 0x000001bf7fcf7c70 flushing nmethod 0x000001bf6b719c90
Event: 372.886 Thread 0x000001bf7fcf7c70 flushing nmethod 0x000001bf6b71b810
Event: 372.886 Thread 0x000001bf7fcf7c70 flushing nmethod 0x000001bf6b71d890
Event: 372.886 Thread 0x000001bf7fcf7c70 flushing nmethod 0x000001bf6b722110
Event: 372.886 Thread 0x000001bf7fcf7c70 flushing nmethod 0x000001bf6b723a10
Event: 372.886 Thread 0x000001bf7fcf7c70 flushing nmethod 0x000001bf6b724610
Event: 372.886 Thread 0x000001bf7fcf7c70 flushing nmethod 0x000001bf6b726390
Event: 372.886 Thread 0x000001bf7fcf7c70 flushing nmethod 0x000001bf6b72b790
Event: 372.886 Thread 0x000001bf7fcf7c70 flushing nmethod 0x000001bf6b72c090
Event: 372.886 Thread 0x000001bf7fcf7c70 flushing nmethod 0x000001bf6b72e890
Event: 372.886 Thread 0x000001bf7fcf7c70 flushing nmethod 0x000001bf6b748e10


Dynamic libraries:
0x00007ff75d2a0000 - 0x00007ff75d2b0000 	C:\Program Files\Java\jdk-19\bin\java.exe
0x00007ffd17dc0000 - 0x00007ffd17fc9000 	C:\WINDOWS\SYSTEM32\ntdll.dll
0x00007ffd16ad0000 - 0x00007ffd16b8e000 	C:\WINDOWS\System32\KERNEL32.DLL
0x00007ffd15870000 - 0x00007ffd15bf4000 	C:\WINDOWS\System32\KERNELBASE.dll
0x00007ffd15270000 - 0x00007ffd15381000 	C:\WINDOWS\System32\ucrtbase.dll
0x00007ffd12330000 - 0x00007ffd1234b000 	C:\Program Files\Java\jdk-19\bin\VCRUNTIME140.dll
0x00007ffcfb4c0000 - 0x00007ffcfb4d8000 	C:\Program Files\Java\jdk-19\bin\jli.dll
0x00007ffd177a0000 - 0x00007ffd1784f000 	C:\WINDOWS\System32\ADVAPI32.dll
0x00007ffd176d0000 - 0x00007ffd17773000 	C:\WINDOWS\System32\msvcrt.dll
0x00007ffd17630000 - 0x00007ffd176ce000 	C:\WINDOWS\System32\sechost.dll
0x00007ffd16910000 - 0x00007ffd16a31000 	C:\WINDOWS\System32\RPCRT4.dll
0x00007ffd15cd0000 - 0x00007ffd15e7d000 	C:\WINDOWS\System32\USER32.dll
0x00007ffd15c00000 - 0x00007ffd15c26000 	C:\WINDOWS\System32\win32u.dll
0x00007ffd16c70000 - 0x00007ffd16c9a000 	C:\WINDOWS\System32\GDI32.dll
0x00007ffd15540000 - 0x00007ffd1565f000 	C:\WINDOWS\System32\gdi32full.dll
0x00007ffd15660000 - 0x00007ffd156fd000 	C:\WINDOWS\System32\msvcp_win.dll
0x00007ffcff340000 - 0x00007ffcff5e5000 	C:\WINDOWS\WinSxS\amd64_microsoft.windows.common-controls_6595b64144ccf1df_6.0.22000.120_none_9d947278b86cc467\COMCTL32.dll
0x00007ffd0f3f0000 - 0x00007ffd0f3fa000 	C:\WINDOWS\SYSTEM32\VERSION.dll
0x00007ffd15c90000 - 0x00007ffd15cc1000 	C:\WINDOWS\System32\IMM32.DLL
0x00007ffd12380000 - 0x00007ffd1238c000 	C:\Program Files\Java\jdk-19\bin\vcruntime140_1.dll
0x00007ffcea700000 - 0x00007ffcea78e000 	C:\Program Files\Java\jdk-19\bin\msvcp140.dll
0x00007ffcaf740000 - 0x00007ffcb0400000 	C:\Program Files\Java\jdk-19\bin\server\jvm.dll
0x00007ffce9940000 - 0x00007ffce9949000 	C:\WINDOWS\SYSTEM32\WSOCK32.dll
0x00007ffd15e80000 - 0x00007ffd15eef000 	C:\WINDOWS\System32\WS2_32.dll
0x00007ffd0f410000 - 0x00007ffd0f443000 	C:\WINDOWS\SYSTEM32\WINMM.dll
0x00007ffd143e0000 - 0x00007ffd143f8000 	C:\WINDOWS\SYSTEM32\kernel.appcore.dll
0x00007ffd11b30000 - 0x00007ffd11b3a000 	C:\Program Files\Java\jdk-19\bin\jimage.dll
0x00007ffd12ed0000 - 0x00007ffd130f1000 	C:\WINDOWS\SYSTEM32\DBGHELP.DLL
0x00007ffcfca70000 - 0x00007ffcfcaa1000 	C:\WINDOWS\SYSTEM32\dbgcore.DLL
0x00007ffd15450000 - 0x00007ffd154cf000 	C:\WINDOWS\System32\bcryptPrimitives.dll
0x00007ffd11ab0000 - 0x00007ffd11ad6000 	C:\Program Files\Java\jdk-19\bin\java.dll
0x00007ffce79d0000 - 0x00007ffce7aa7000 	C:\Program Files\Java\jdk-19\bin\jsvml.dll
0x00007ffd16ca0000 - 0x00007ffd17465000 	C:\WINDOWS\System32\SHELL32.dll
0x00007ffd13360000 - 0x00007ffd13bc4000 	C:\WINDOWS\SYSTEM32\windows.storage.dll
0x00007ffd16520000 - 0x00007ffd16896000 	C:\WINDOWS\System32\combase.dll
0x00007ffd131f0000 - 0x00007ffd13357000 	C:\WINDOWS\SYSTEM32\wintypes.dll
0x00007ffd174d0000 - 0x00007ffd175ba000 	C:\WINDOWS\System32\SHCORE.dll
0x00007ffd15c30000 - 0x00007ffd15c8d000 	C:\WINDOWS\System32\shlwapi.dll
0x00007ffd151a0000 - 0x00007ffd151c1000 	C:\WINDOWS\SYSTEM32\profapi.dll
0x00007ffd04080000 - 0x00007ffd04093000 	C:\Program Files\Java\jdk-19\bin\net.dll
0x00007ffd0edc0000 - 0x00007ffd0eed3000 	C:\WINDOWS\SYSTEM32\WINHTTP.dll
0x00007ffd14880000 - 0x00007ffd148e7000 	C:\WINDOWS\system32\mswsock.dll
0x00007ffcfd5f0000 - 0x00007ffcfd606000 	C:\Program Files\Java\jdk-19\bin\nio.dll
0x00007ffcfd5d0000 - 0x00007ffcfd5e8000 	C:\Program Files\Java\jdk-19\bin\zip.dll
0x0000000069ac0000 - 0x0000000069ae4000 	C:\Users\User\Desktop\NETBEAN\NetBeans-15\netbeans\java\maven\lib\jansi-native\Windows\x86_64\jansi.dll
0x00007ffd10620000 - 0x00007ffd10630000 	C:\Program Files\Java\jdk-19\bin\verify.dll

dbghelp: loaded successfully - version: 4.0.5 - missing functions: none
symbol engine: initialized successfully - sym options: 0x614 - pdb path: .;C:\Program Files\Java\jdk-19\bin;C:\WINDOWS\SYSTEM32;C:\WINDOWS\WinSxS\amd64_microsoft.windows.common-controls_6595b64144ccf1df_6.0.22000.120_none_9d947278b86cc467;C:\Program Files\Java\jdk-19\bin\server;C:\Users\User\Desktop\NETBEAN\NetBeans-15\netbeans\java\maven\lib\jansi-native\Windows\x86_64

VM Arguments:
jvm_args: -Dclassworlds.conf=C:\Users\User\Desktop\NETBEAN\NetBeans-15\netbeans\java\maven\bin\m2.conf -Dmaven.home=C:\Users\User\Desktop\NETBEAN\NetBeans-15\netbeans\java\maven -Dlibrary.jansi.path=C:\Users\User\Desktop\NETBEAN\NetBeans-15\netbeans\java\maven\lib\jansi-native -Dmaven.multiModuleProjectDirectory=C:\Users\User\Desktop\NETBEAN\WallStreetWarriors 
java_command: org.codehaus.plexus.classworlds.launcher.Launcher -Dmaven.ext.class.path=C:\Users\User\Desktop\NETBEAN\NetBeans-15\netbeans\java\maven-nblib\netbeans-eventspy.jar install
java_class_path (initial): C:\Users\User\Desktop\NETBEAN\NetBeans-15\netbeans\java\maven\boot\plexus-classworlds-2.6.0.jar
Launcher Type: SUN_STANDARD

[Global flags]
     intx CICompilerCount                          = 4                                         {product} {ergonomic}
     uint ConcGCThreads                            = 2                                         {product} {ergonomic}
     uint G1ConcRefinementThreads                  = 8                                         {product} {ergonomic}
   size_t G1HeapRegionSize                         = 1048576                                   {product} {ergonomic}
    uintx GCDrainStackTargetSize                   = 64                                        {product} {ergonomic}
   size_t InitialHeapSize                          = 132120576                                 {product} {ergonomic}
   size_t MarkStackSize                            = 4194304                                   {product} {ergonomic}
   size_t MaxHeapSize                              = 2105540608                                {product} {ergonomic}
   size_t MaxNewSize                               = 1262485504                                {product} {ergonomic}
   size_t MinHeapDeltaBytes                        = 1048576                                   {product} {ergonomic}
   size_t MinHeapSize                              = 8388608                                   {product} {ergonomic}
    uintx NonNMethodCodeHeapSize                   = 5839372                                {pd product} {ergonomic}
    uintx NonProfiledCodeHeapSize                  = 122909434                              {pd product} {ergonomic}
    uintx ProfiledCodeHeapSize                     = 122909434                              {pd product} {ergonomic}
    uintx ReservedCodeCacheSize                    = 251658240                              {pd product} {ergonomic}
     bool SegmentedCodeCache                       = true                                      {product} {ergonomic}
   size_t SoftMaxHeapSize                          = 2105540608                             {manageable} {ergonomic}
     bool UseCompressedClassPointers               = true                           {product lp64_product} {ergonomic}
     bool UseCompressedOops                        = true                           {product lp64_product} {ergonomic}
     bool UseG1GC                                  = true                                      {product} {ergonomic}
     bool UseLargePagesIndividualAllocation        = false                                  {pd product} {ergonomic}

Logging:
Log output configuration:
 #0: stdout all=warning uptime,level,tags foldmultilines=false
 #1: stderr all=off uptime,level,tags foldmultilines=false

Environment Variables:
JAVA_HOME=C:\Program Files\Java\jdk-19
PATH=C:\Program Files\Common Files\Oracle\Java\javapath;C:\Windows\system32;C:\Windows;C:\Windows\System32\Wbem;C:\Windows\System32\WindowsPowerShell\v1.0\;C:\Windows\System32\OpenSSH\;C:\Program Files (x86)\NVIDIA Corporation\PhysX\Common;C:\Program Files\NVIDIA Corporation\NVIDIA NvDLISR;C:\WINDOWS\system32;C:\WINDOWS;C:\WINDOWS\System32\Wbem;C:\WINDOWS\System32\WindowsPowerShell\v1.0\;C:\WINDOWS\System32\OpenSSH\;C:\Program Files\Java\jdk-19\bin;C:\Program Files\Microsoft SQL Server\130\Tools\Binn\;C:\Program Files\nodejs\;C:\Program Files\Git\cmd;C:\Users\User\AppData\Local\Programs\Python\Python311\Scripts\;C:\Users\User\AppData\Local\Programs\Python\Python311\;C:\Users\User\AppData\Local\Microsoft\WindowsApps;C:\Users\User\Desktop\Useful tools\Microsoft VS Code\bin;C:\Users\User\AppData\Local\GitHubDesktop\bin;C:\Users\User\AppData\Roaming\npm;C:\Program Files\Graphviz\bin
USERNAME=User
OS=Windows_NT
PROCESSOR_IDENTIFIER=Intel64 Family 6 Model 165 Stepping 2, GenuineIntel
TMP=C:\Users\User\AppData\Local\Temp
TEMP=C:\Users\User\AppData\Local\Temp



---------------  S Y S T E M  ---------------

OS:
 Windows 11 , 64 bit Build 22000 (10.0.22000.1880)
OS uptime: 3 days 20:49 hours

CPU: total 8 (initial active 8) (4 cores per cpu, 2 threads per core) family 6 model 165 stepping 2 microcode 0xe0, cx8, cmov, fxsr, ht, mmx, 3dnowpref, sse, sse2, sse3, ssse3, sse4.1, sse4.2, popcnt, lzcnt, tsc, tscinvbit, avx, avx2, aes, erms, clmul, bmi1, bmi2, adx, fma, vzeroupper, clflush, clflushopt, rdtscp

Memory: 4k page, system-wide physical 8029M (10M free)
TotalPageFile size 32605M (AvailPageFile size 2M)
current process WorkingSet (physical memory assigned to process): 93M, peak: 116M
current process commit charge ("private bytes"): 400M, peak: 419M

vm_info: Java HotSpot(TM) 64-Bit Server VM (19+36-2238) for windows-amd64 JRE (19+36-2238), built on 2022-08-12T20:29:01Z by "mach5one" with MS VC++ 17.1 (VS2022)

END.
