#
# There is insufficient memory for the Java Runtime Environment to continue.
# Native memory allocation (malloc) failed to allocate 1132496 bytes for Chunk::new
# Possible reasons:
#   The system is out of physical RAM or swap space
#   The process is running with CompressedOops enabled, and the Java Heap may be blocking the growth of the native heap
# Possible solutions:
#   Reduce memory load on the system
#   Increase physical memory or swap space
#   Check if swap backing store is full
#   Decrease Java heap size (-Xmx/-Xms)
#   Decrease number of Java threads
#   Decrease Java thread stack sizes (-Xss)
#   Set larger code cache with -XX:ReservedCodeCacheSize=
#   JVM is running with Unscaled Compressed Oops mode in which the Java heap is
#     placed in the first 4GB address space. The Java Heap base address is the
#     maximum limit for the native heap growth. Please use -XX:HeapBaseMinAddress
#     to set the Java Heap base and to place the Java Heap above 4GB virtual address.
# This output file may be truncated or incomplete.
#
#  Out of Memory Error (arena.cpp:184), pid=29000, tid=14544
#
# JRE version: Java(TM) SE Runtime Environment (19.0+36) (build 19+36-2238)
# Java VM: Java HotSpot(TM) 64-Bit Server VM (19+36-2238, mixed mode, sharing, tiered, compressed oops, compressed class ptrs, g1 gc, windows-amd64)
# No core dump will be written. Minidumps are not enabled by default on client versions of Windows
#

---------------  S U M M A R Y ------------

Command Line: -Dclassworlds.conf=C:\Users\User\Desktop\NETBEAN\NetBeans-15\netbeans\java\maven\bin\m2.conf -Dmaven.home=C:\Users\User\Desktop\NETBEAN\NetBeans-15\netbeans\java\maven -Dlibrary.jansi.path=C:\Users\User\Desktop\NETBEAN\NetBeans-15\netbeans\java\maven\lib\jansi-native -Dmaven.multiModuleProjectDirectory=C:\Users\User\Desktop\NETBEAN\WallStreetWarriors org.codehaus.plexus.classworlds.launcher.Launcher -Dmaven.ext.class.path=C:\Users\User\Desktop\NETBEAN\NetBeans-15\netbeans\java\maven-nblib\netbeans-eventspy.jar install

Host: Intel(R) Core(TM) i5-10300H CPU @ 2.50GHz, 8 cores, 7G,  Windows 11 , 64 bit Build 22000 (10.0.22000.1880)
Time: Mon Jun 12 20:47:53 2023 Malay Peninsula Standard Time elapsed time: 331.427500 seconds (0d 0h 5m 31s)

---------------  T H R E A D  ---------------

Current thread (0x000002cd355855a0):  JavaThread "C2 CompilerThread0" daemon [_thread_in_native, id=14544, stack(0x000000e0e9e00000,0x000000e0e9f00000)]


Current CompileTask:
C2: 331427 7906   !   4       java.nio.file.FileTreeWalker::visit (204 bytes)

Stack: [0x000000e0e9e00000,0x000000e0e9f00000]
Native frames: (J=compiled Java code, j=interpreted, Vv=VM code, C=native code)
V  [jvm.dll+0x6ee8fa]
V  [jvm.dll+0x857a1e]
V  [jvm.dll+0x85940e]
V  [jvm.dll+0x859ac3]
V  [jvm.dll+0x28291f]
V  [jvm.dll+0xc9b5f]
V  [jvm.dll+0xc9ee5]
V  [jvm.dll+0x3bcb72]
V  [jvm.dll+0x386201]
V  [jvm.dll+0x38567a]
V  [jvm.dll+0x24c2c9]
V  [jvm.dll+0x24b671]
V  [jvm.dll+0x1d6d61]
V  [jvm.dll+0x25b0fa]
V  [jvm.dll+0x259588]
V  [jvm.dll+0x807928]
V  [jvm.dll+0x8015fa]
V  [jvm.dll+0x6ed5eb]
C  [ucrtbase.dll+0x26c0c]
C  [KERNEL32.DLL+0x155a0]
C  [ntdll.dll+0x485b]


---------------  P R O C E S S  ---------------

Threads class SMR info:
_java_thread_list=0x000002cd398c9d40, length=12, elements={
0x000002cd16e3e460, 0x000002cd3557d6d0, 0x000002cd3557e100, 0x000002cd35580a40,
0x000002cd35583380, 0x000002cd35584010, 0x000002cd35584940, 0x000002cd355855a0,
0x000002cd35585f10, 0x000002cd35588890, 0x000002cd398e6600, 0x000002cd398f0fd0
}

Java Threads: ( => current thread )
  0x000002cd16e3e460 JavaThread "main" [_thread_in_native, id=4176, stack(0x000000e0e9100000,0x000000e0e9200000)]
  0x000002cd3557d6d0 JavaThread "Reference Handler" daemon [_thread_blocked, id=33768, stack(0x000000e0e9800000,0x000000e0e9900000)]
  0x000002cd3557e100 JavaThread "Finalizer" daemon [_thread_blocked, id=5252, stack(0x000000e0e9900000,0x000000e0e9a00000)]
  0x000002cd35580a40 JavaThread "Signal Dispatcher" daemon [_thread_blocked, id=19484, stack(0x000000e0e9a00000,0x000000e0e9b00000)]
  0x000002cd35583380 JavaThread "Attach Listener" daemon [_thread_blocked, id=9436, stack(0x000000e0e9b00000,0x000000e0e9c00000)]
  0x000002cd35584010 JavaThread "Service Thread" daemon [_thread_blocked, id=25780, stack(0x000000e0e9c00000,0x000000e0e9d00000)]
  0x000002cd35584940 JavaThread "Monitor Deflation Thread" daemon [_thread_blocked, id=10520, stack(0x000000e0e9d00000,0x000000e0e9e00000)]
=>0x000002cd355855a0 JavaThread "C2 CompilerThread0" daemon [_thread_in_native, id=14544, stack(0x000000e0e9e00000,0x000000e0e9f00000)]
  0x000002cd35585f10 JavaThread "C1 CompilerThread0" daemon [_thread_blocked, id=25736, stack(0x000000e0e9f00000,0x000000e0ea000000)]
  0x000002cd35588890 JavaThread "Sweeper thread" daemon [_thread_blocked, id=2088, stack(0x000000e0ea000000,0x000000e0ea100000)]
  0x000002cd398e6600 JavaThread "Notification Thread" daemon [_thread_blocked, id=3868, stack(0x000000e0ea100000,0x000000e0ea200000)]
  0x000002cd398f0fd0 JavaThread "Common-Cleaner" daemon [_thread_blocked, id=12736, stack(0x000000e0ea300000,0x000000e0ea400000)]

Other Threads:
  0x000002cd3555e3a0 VMThread "VM Thread" [stack: 0x000000e0e9700000,0x000000e0e9800000] [id=14956]
  0x000002cd398ecb60 WatcherThread "VM Periodic Task Thread" [stack: 0x000000e0ea200000,0x000000e0ea300000] [id=32992]
  0x000002cd16e9e400 WorkerThread "GC Thread#0" [stack: 0x000000e0e9200000,0x000000e0e9300000] [id=25892]
  0x000002cd3a3be9c0 WorkerThread "GC Thread#1" [stack: 0x000000e0ea400000,0x000000e0ea500000] [id=29036]
  0x000002cd3a3bd340 WorkerThread "GC Thread#2" [stack: 0x000000e0ea500000,0x000000e0ea600000] [id=21692]
  0x000002cd3a3be150 WorkerThread "GC Thread#3" [stack: 0x000000e0ea600000,0x000000e0ea700000] [id=5480]
  0x000002cd3a3be420 WorkerThread "GC Thread#4" [stack: 0x000000e0ea700000,0x000000e0ea800000] [id=26292]
  0x000002cd3a3be6f0 WorkerThread "GC Thread#5" [stack: 0x000000e0ea800000,0x000000e0ea900000] [id=26848]
  0x000002cd3a3bec90 WorkerThread "GC Thread#6" [stack: 0x000000e0ea900000,0x000000e0eaa00000] [id=11784]
  0x000002cd3a3bd070 WorkerThread "GC Thread#7" [stack: 0x000000e0eaa00000,0x000000e0eab00000] [id=21716]
  0x000002cd16eaee60 ConcurrentGCThread "G1 Main Marker" [stack: 0x000000e0e9300000,0x000000e0e9400000] [id=324]
  0x000002cd16eaf890 WorkerThread "G1 Conc#0" [stack: 0x000000e0e9400000,0x000000e0e9500000] [id=26444]
  0x000002cd39be7a60 WorkerThread "G1 Conc#1" [stack: 0x000000e0e8e00000,0x000000e0e8f00000] [id=12488]
  0x000002cd16f0e680 ConcurrentGCThread "G1 Refine#0" [stack: 0x000000e0e9500000,0x000000e0e9600000] [id=29868]
  0x000002cd3541b370 ConcurrentGCThread "G1 Service" [stack: 0x000000e0e9600000,0x000000e0e9700000] [id=32904]

Threads with active compile tasks:
C2 CompilerThread0   331448 7906   !   4       java.nio.file.FileTreeWalker::visit (204 bytes)

VM state: not at safepoint (normal execution)

VM Mutex/Monitor currently owned by a thread: None

Heap address: 0x0000000082800000, size: 2008 MB, Compressed Oops mode: 32-bit

CDS archive(s) mapped at: [0x0000000800000000-0x0000000800c40000-0x0000000800c40000), size 12845056, SharedBaseAddress: 0x0000000800000000, ArchiveRelocationMode: 0.
Compressed class space mapped at: 0x0000000801000000-0x0000000841000000, reserved size: 1073741824
Narrow klass base: 0x0000000800000000, Narrow klass shift: 0, Narrow klass range: 0x100000000

GC Precious Log:
 CardTable entry size: 512
 Card Set container configuration: InlinePtr #cards 5 size 8 Array Of Cards #cards 12 size 40 Howl #buckets 4 coarsen threshold 1843 Howl Bitmap #cards 512 size 80 coarsen threshold 460 Card regions per heap region 1 cards per card region 2048
 CPUs: 8 total, 8 available
 Memory: 8029M
 Large Page Support: Disabled
 NUMA Support: Disabled
 Compressed Oops: Enabled (32-bit)
 Heap Region Size: 1M
 Heap Min Capacity: 8M
 Heap Initial Capacity: 126M
 Heap Max Capacity: 2008M
 Pre-touch: Disabled
 Parallel Workers: 8
 Concurrent Workers: 2
 Concurrent Refinement Workers: 8
 Periodic GC: Disabled

Heap:
 garbage-first heap   total 236544K, used 83411K [0x0000000082800000, 0x0000000100000000)
  region size 1024K, 43 young (44032K), 3 survivors (3072K)
 Metaspace       used 29018K, committed 29504K, reserved 1114112K
  class space    used 3126K, committed 3392K, reserved 1048576K

Heap Regions: E=young(eden), S=young(survivor), O=old, HS=humongous(starts), HC=humongous(continues), CS=collection set, F=free, OA=open archive, CA=closed archive, TAMS=top-at-mark-start (previous, next)
|   0|0x0000000082800000, 0x0000000082900000, 0x0000000082900000|100%| O|  |TAMS 0x0000000082900000, 0x0000000082800000| Untracked 
|   1|0x0000000082900000, 0x0000000082a00000, 0x0000000082a00000|100%| O|  |TAMS 0x0000000082a00000, 0x0000000082900000| Untracked 
|   2|0x0000000082a00000, 0x0000000082b00000, 0x0000000082b00000|100%| O|  |TAMS 0x0000000082b00000, 0x0000000082a00000| Untracked 
|   3|0x0000000082b00000, 0x0000000082c00000, 0x0000000082c00000|100%| O|  |TAMS 0x0000000082c00000, 0x0000000082b00000| Untracked 
|   4|0x0000000082c00000, 0x0000000082d00000, 0x0000000082d00000|100%| O|  |TAMS 0x0000000082d00000, 0x0000000082c00000| Untracked 
|   5|0x0000000082d00000, 0x0000000082e00000, 0x0000000082e00000|100%| O|  |TAMS 0x0000000082e00000, 0x0000000082d00000| Untracked 
|   6|0x0000000082e00000, 0x0000000082f00000, 0x0000000082f00000|100%| O|  |TAMS 0x0000000082f00000, 0x0000000082e00000| Untracked 
|   7|0x0000000082f00000, 0x0000000083000000, 0x0000000083000000|100%| O|  |TAMS 0x0000000083000000, 0x0000000082f00000| Untracked 
|   8|0x0000000083000000, 0x0000000083100000, 0x0000000083100000|100%| O|  |TAMS 0x0000000083100000, 0x0000000083000000| Untracked 
|   9|0x0000000083100000, 0x0000000083200000, 0x0000000083200000|100%| O|  |TAMS 0x0000000083200000, 0x0000000083100000| Untracked 
|  10|0x0000000083200000, 0x0000000083300000, 0x0000000083300000|100%| O|  |TAMS 0x0000000083300000, 0x0000000083200000| Untracked 
|  11|0x0000000083300000, 0x0000000083400000, 0x0000000083400000|100%| O|  |TAMS 0x0000000083400000, 0x0000000083300000| Untracked 
|  12|0x0000000083400000, 0x0000000083500000, 0x0000000083500000|100%| O|  |TAMS 0x0000000083500000, 0x0000000083400000| Untracked 
|  13|0x0000000083500000, 0x0000000083600000, 0x0000000083600000|100%| O|  |TAMS 0x0000000083600000, 0x0000000083500000| Untracked 
|  14|0x0000000083600000, 0x0000000083700000, 0x0000000083700000|100%|HS|  |TAMS 0x0000000083600000, 0x0000000083600000| Complete 
|  15|0x0000000083700000, 0x0000000083800000, 0x0000000083800000|100%| O|  |TAMS 0x0000000083700000, 0x0000000083700000| Untracked 
|  16|0x0000000083800000, 0x0000000083900000, 0x0000000083900000|100%|HS|  |TAMS 0x0000000083800000, 0x0000000083800000| Complete 
|  17|0x0000000083900000, 0x0000000083a00000, 0x0000000083a00000|100%| O|  |TAMS 0x0000000083900000, 0x0000000083900000| Untracked 
|  18|0x0000000083a00000, 0x0000000083b00000, 0x0000000083b00000|100%| O|  |TAMS 0x0000000083a00000, 0x0000000083a00000| Untracked 
|  19|0x0000000083b00000, 0x0000000083c00000, 0x0000000083c00000|100%| O|  |TAMS 0x0000000083b00000, 0x0000000083b00000| Untracked 
|  20|0x0000000083c00000, 0x0000000083d00000, 0x0000000083d00000|100%|HS|  |TAMS 0x0000000083c00000, 0x0000000083c00000| Complete 
|  21|0x0000000083d00000, 0x0000000083e00000, 0x0000000083e00000|100%| O|  |TAMS 0x0000000083d00000, 0x0000000083d00000| Untracked 
|  22|0x0000000083e00000, 0x0000000083f00000, 0x0000000083f00000|100%| O|  |TAMS 0x0000000083e00000, 0x0000000083e00000| Untracked 
|  23|0x0000000083f00000, 0x0000000084000000, 0x0000000084000000|100%| O|  |TAMS 0x0000000083f00000, 0x0000000083f00000| Untracked 
|  24|0x0000000084000000, 0x0000000084100000, 0x0000000084100000|100%| O|  |TAMS 0x0000000084000000, 0x0000000084000000| Untracked 
|  25|0x0000000084100000, 0x0000000084200000, 0x0000000084200000|100%| O|  |TAMS 0x0000000084100000, 0x0000000084100000| Untracked 
|  26|0x0000000084200000, 0x0000000084300000, 0x0000000084300000|100%| O|  |TAMS 0x0000000084200000, 0x0000000084200000| Untracked 
|  27|0x0000000084300000, 0x0000000084400000, 0x0000000084400000|100%| O|  |TAMS 0x0000000084300000, 0x0000000084300000| Untracked 
|  28|0x0000000084400000, 0x0000000084500000, 0x0000000084500000|100%| O|  |TAMS 0x0000000084400000, 0x0000000084400000| Untracked 
|  29|0x0000000084500000, 0x0000000084600000, 0x0000000084600000|100%| O|  |TAMS 0x0000000084500000, 0x0000000084500000| Untracked 
|  30|0x0000000084600000, 0x0000000084700000, 0x0000000084700000|100%| O|  |TAMS 0x0000000084600000, 0x0000000084600000| Untracked 
|  31|0x0000000084700000, 0x0000000084800000, 0x0000000084800000|100%| O|  |TAMS 0x0000000084700000, 0x0000000084700000| Untracked 
|  32|0x0000000084800000, 0x0000000084900000, 0x0000000084900000|100%| O|  |TAMS 0x0000000084800000, 0x0000000084800000| Untracked 
|  33|0x0000000084900000, 0x0000000084a00000, 0x0000000084a00000|100%| O|  |TAMS 0x0000000084900000, 0x0000000084900000| Untracked 
|  34|0x0000000084a00000, 0x0000000084b00000, 0x0000000084b00000|100%| O|  |TAMS 0x0000000084a00000, 0x0000000084a00000| Untracked 
|  35|0x0000000084b00000, 0x0000000084c00000, 0x0000000084c00000|100%| O|  |TAMS 0x0000000084b00000, 0x0000000084b00000| Untracked 
|  36|0x0000000084c00000, 0x0000000084cd0e00, 0x0000000084d00000| 81%| O|  |TAMS 0x0000000084c00000, 0x0000000084c00000| Untracked 
|  37|0x0000000084d00000, 0x0000000084e00000, 0x0000000084e00000|100%|HS|  |TAMS 0x0000000084d00000, 0x0000000084d00000| Complete 
|  38|0x0000000084e00000, 0x0000000084f00000, 0x0000000084f00000|100%|HC|  |TAMS 0x0000000084e00000, 0x0000000084e00000| Complete 
|  39|0x0000000084f00000, 0x0000000085000000, 0x0000000085000000|100%|HS|  |TAMS 0x0000000084f00000, 0x0000000084f00000| Complete 
|  40|0x0000000085000000, 0x0000000085100000, 0x0000000085100000|100%|HS|  |TAMS 0x0000000085000000, 0x0000000085000000| Complete 
|  41|0x0000000085100000, 0x0000000085100000, 0x0000000085200000|  0%| F|  |TAMS 0x0000000085100000, 0x0000000085100000| Untracked 
|  42|0x0000000085200000, 0x0000000085200000, 0x0000000085300000|  0%| F|  |TAMS 0x0000000085200000, 0x0000000085200000| Untracked 
|  43|0x0000000085300000, 0x0000000085300000, 0x0000000085400000|  0%| F|  |TAMS 0x0000000085300000, 0x0000000085300000| Untracked 
|  44|0x0000000085400000, 0x0000000085400000, 0x0000000085500000|  0%| F|  |TAMS 0x0000000085400000, 0x0000000085400000| Untracked 
|  45|0x0000000085500000, 0x0000000085500000, 0x0000000085600000|  0%| F|  |TAMS 0x0000000085500000, 0x0000000085500000| Untracked 
|  46|0x0000000085600000, 0x0000000085600000, 0x0000000085700000|  0%| F|  |TAMS 0x0000000085600000, 0x0000000085600000| Untracked 
|  47|0x0000000085700000, 0x0000000085700000, 0x0000000085800000|  0%| F|  |TAMS 0x0000000085700000, 0x0000000085700000| Untracked 
|  48|0x0000000085800000, 0x0000000085800000, 0x0000000085900000|  0%| F|  |TAMS 0x0000000085800000, 0x0000000085800000| Untracked 
|  49|0x0000000085900000, 0x0000000085900000, 0x0000000085a00000|  0%| F|  |TAMS 0x0000000085900000, 0x0000000085900000| Untracked 
|  50|0x0000000085a00000, 0x0000000085a00000, 0x0000000085b00000|  0%| F|  |TAMS 0x0000000085a00000, 0x0000000085a00000| Untracked 
|  51|0x0000000085b00000, 0x0000000085b00000, 0x0000000085c00000|  0%| F|  |TAMS 0x0000000085b00000, 0x0000000085b00000| Untracked 
|  52|0x0000000085c00000, 0x0000000085c00000, 0x0000000085d00000|  0%| F|  |TAMS 0x0000000085c00000, 0x0000000085c00000| Untracked 
|  53|0x0000000085d00000, 0x0000000085d00000, 0x0000000085e00000|  0%| F|  |TAMS 0x0000000085d00000, 0x0000000085d00000| Untracked 
|  54|0x0000000085e00000, 0x0000000085e00000, 0x0000000085f00000|  0%| F|  |TAMS 0x0000000085e00000, 0x0000000085e00000| Untracked 
|  55|0x0000000085f00000, 0x0000000085f00000, 0x0000000086000000|  0%| F|  |TAMS 0x0000000085f00000, 0x0000000085f00000| Untracked 
|  56|0x0000000086000000, 0x0000000086000000, 0x0000000086100000|  0%| F|  |TAMS 0x0000000086000000, 0x0000000086000000| Untracked 
|  57|0x0000000086100000, 0x0000000086100000, 0x0000000086200000|  0%| F|  |TAMS 0x0000000086100000, 0x0000000086100000| Untracked 
|  58|0x0000000086200000, 0x0000000086200000, 0x0000000086300000|  0%| F|  |TAMS 0x0000000086200000, 0x0000000086200000| Untracked 
|  59|0x0000000086300000, 0x0000000086300000, 0x0000000086400000|  0%| F|  |TAMS 0x0000000086300000, 0x0000000086300000| Untracked 
|  60|0x0000000086400000, 0x0000000086400000, 0x0000000086500000|  0%| F|  |TAMS 0x0000000086400000, 0x0000000086400000| Untracked 
|  61|0x0000000086500000, 0x0000000086500000, 0x0000000086600000|  0%| F|  |TAMS 0x0000000086500000, 0x0000000086500000| Untracked 
|  62|0x0000000086600000, 0x0000000086600000, 0x0000000086700000|  0%| F|  |TAMS 0x0000000086600000, 0x0000000086600000| Untracked 
|  63|0x0000000086700000, 0x0000000086700000, 0x0000000086800000|  0%| F|  |TAMS 0x0000000086700000, 0x0000000086700000| Untracked 
|  64|0x0000000086800000, 0x0000000086800000, 0x0000000086900000|  0%| F|  |TAMS 0x0000000086800000, 0x0000000086800000| Untracked 
|  65|0x0000000086900000, 0x0000000086900000, 0x0000000086a00000|  0%| F|  |TAMS 0x0000000086900000, 0x0000000086900000| Untracked 
|  66|0x0000000086a00000, 0x0000000086a00000, 0x0000000086b00000|  0%| F|  |TAMS 0x0000000086a00000, 0x0000000086a00000| Untracked 
|  67|0x0000000086b00000, 0x0000000086b00000, 0x0000000086c00000|  0%| F|  |TAMS 0x0000000086b00000, 0x0000000086b00000| Untracked 
|  68|0x0000000086c00000, 0x0000000086c00000, 0x0000000086d00000|  0%| F|  |TAMS 0x0000000086c00000, 0x0000000086c00000| Untracked 
|  69|0x0000000086d00000, 0x0000000086d00000, 0x0000000086e00000|  0%| F|  |TAMS 0x0000000086d00000, 0x0000000086d00000| Untracked 
|  70|0x0000000086e00000, 0x0000000086e00000, 0x0000000086f00000|  0%| F|  |TAMS 0x0000000086e00000, 0x0000000086e00000| Untracked 
|  71|0x0000000086f00000, 0x0000000086f00000, 0x0000000087000000|  0%| F|  |TAMS 0x0000000086f00000, 0x0000000086f00000| Untracked 
|  72|0x0000000087000000, 0x0000000087000000, 0x0000000087100000|  0%| F|  |TAMS 0x0000000087000000, 0x0000000087000000| Untracked 
|  73|0x0000000087100000, 0x0000000087100000, 0x0000000087200000|  0%| F|  |TAMS 0x0000000087100000, 0x0000000087100000| Untracked 
|  74|0x0000000087200000, 0x0000000087200000, 0x0000000087300000|  0%| F|  |TAMS 0x0000000087200000, 0x0000000087200000| Untracked 
|  75|0x0000000087300000, 0x0000000087300000, 0x0000000087400000|  0%| F|  |TAMS 0x0000000087300000, 0x0000000087300000| Untracked 
|  76|0x0000000087400000, 0x0000000087400000, 0x0000000087500000|  0%| F|  |TAMS 0x0000000087400000, 0x0000000087400000| Untracked 
|  77|0x0000000087500000, 0x0000000087500000, 0x0000000087600000|  0%| F|  |TAMS 0x0000000087500000, 0x0000000087500000| Untracked 
|  78|0x0000000087600000, 0x0000000087600000, 0x0000000087700000|  0%| F|  |TAMS 0x0000000087600000, 0x0000000087600000| Untracked 
|  79|0x0000000087700000, 0x0000000087700000, 0x0000000087800000|  0%| F|  |TAMS 0x0000000087700000, 0x0000000087700000| Untracked 
|  80|0x0000000087800000, 0x0000000087800000, 0x0000000087900000|  0%| F|  |TAMS 0x0000000087800000, 0x0000000087800000| Untracked 
|  81|0x0000000087900000, 0x0000000087900000, 0x0000000087a00000|  0%| F|  |TAMS 0x0000000087900000, 0x0000000087900000| Untracked 
|  82|0x0000000087a00000, 0x0000000087a00000, 0x0000000087b00000|  0%| F|  |TAMS 0x0000000087a00000, 0x0000000087a00000| Untracked 
|  83|0x0000000087b00000, 0x0000000087b00000, 0x0000000087c00000|  0%| F|  |TAMS 0x0000000087b00000, 0x0000000087b00000| Untracked 
|  84|0x0000000087c00000, 0x0000000087c00000, 0x0000000087d00000|  0%| F|  |TAMS 0x0000000087c00000, 0x0000000087c00000| Untracked 
|  85|0x0000000087d00000, 0x0000000087d00000, 0x0000000087e00000|  0%| F|  |TAMS 0x0000000087d00000, 0x0000000087d00000| Untracked 
|  86|0x0000000087e00000, 0x0000000087e00000, 0x0000000087f00000|  0%| F|  |TAMS 0x0000000087e00000, 0x0000000087e00000| Untracked 
|  87|0x0000000087f00000, 0x0000000087f00000, 0x0000000088000000|  0%| F|  |TAMS 0x0000000087f00000, 0x0000000087f00000| Untracked 
|  88|0x0000000088000000, 0x0000000088000000, 0x0000000088100000|  0%| F|  |TAMS 0x0000000088000000, 0x0000000088000000| Untracked 
|  89|0x0000000088100000, 0x0000000088100000, 0x0000000088200000|  0%| F|  |TAMS 0x0000000088100000, 0x0000000088100000| Untracked 
|  90|0x0000000088200000, 0x0000000088200000, 0x0000000088300000|  0%| F|  |TAMS 0x0000000088200000, 0x0000000088200000| Untracked 
|  91|0x0000000088300000, 0x0000000088300000, 0x0000000088400000|  0%| F|  |TAMS 0x0000000088300000, 0x0000000088300000| Untracked 
|  92|0x0000000088400000, 0x0000000088400000, 0x0000000088500000|  0%| F|  |TAMS 0x0000000088400000, 0x0000000088400000| Untracked 
|  93|0x0000000088500000, 0x0000000088500000, 0x0000000088600000|  0%| F|  |TAMS 0x0000000088500000, 0x0000000088500000| Untracked 
|  94|0x0000000088600000, 0x0000000088600000, 0x0000000088700000|  0%| F|  |TAMS 0x0000000088600000, 0x0000000088600000| Untracked 
|  95|0x0000000088700000, 0x0000000088700000, 0x0000000088800000|  0%| F|  |TAMS 0x0000000088700000, 0x0000000088700000| Untracked 
|  96|0x0000000088800000, 0x0000000088800000, 0x0000000088900000|  0%| F|  |TAMS 0x0000000088800000, 0x0000000088800000| Untracked 
|  97|0x0000000088900000, 0x0000000088900000, 0x0000000088a00000|  0%| F|  |TAMS 0x0000000088900000, 0x0000000088900000| Untracked 
|  98|0x0000000088a00000, 0x0000000088a00000, 0x0000000088b00000|  0%| F|  |TAMS 0x0000000088a00000, 0x0000000088a00000| Untracked 
|  99|0x0000000088b00000, 0x0000000088b00000, 0x0000000088c00000|  0%| F|  |TAMS 0x0000000088b00000, 0x0000000088b00000| Untracked 
| 100|0x0000000088c00000, 0x0000000088c00000, 0x0000000088d00000|  0%| F|  |TAMS 0x0000000088c00000, 0x0000000088c00000| Untracked 
| 101|0x0000000088d00000, 0x0000000088d00000, 0x0000000088e00000|  0%| F|  |TAMS 0x0000000088d00000, 0x0000000088d00000| Untracked 
| 102|0x0000000088e00000, 0x0000000088e00000, 0x0000000088f00000|  0%| F|  |TAMS 0x0000000088e00000, 0x0000000088e00000| Untracked 
| 103|0x0000000088f00000, 0x0000000088f00000, 0x0000000089000000|  0%| F|  |TAMS 0x0000000088f00000, 0x0000000088f00000| Untracked 
| 104|0x0000000089000000, 0x0000000089000000, 0x0000000089100000|  0%| F|  |TAMS 0x0000000089000000, 0x0000000089000000| Untracked 
| 105|0x0000000089100000, 0x0000000089100000, 0x0000000089200000|  0%| F|  |TAMS 0x0000000089100000, 0x0000000089100000| Untracked 
| 106|0x0000000089200000, 0x0000000089200000, 0x0000000089300000|  0%| F|  |TAMS 0x0000000089200000, 0x0000000089200000| Untracked 
| 107|0x0000000089300000, 0x0000000089300000, 0x0000000089400000|  0%| F|  |TAMS 0x0000000089300000, 0x0000000089300000| Untracked 
| 108|0x0000000089400000, 0x0000000089400000, 0x0000000089500000|  0%| F|  |TAMS 0x0000000089400000, 0x0000000089400000| Untracked 
| 109|0x0000000089500000, 0x0000000089500000, 0x0000000089600000|  0%| F|  |TAMS 0x0000000089500000, 0x0000000089500000| Untracked 
| 110|0x0000000089600000, 0x0000000089600000, 0x0000000089700000|  0%| F|  |TAMS 0x0000000089600000, 0x0000000089600000| Untracked 
| 111|0x0000000089700000, 0x0000000089700000, 0x0000000089800000|  0%| F|  |TAMS 0x0000000089700000, 0x0000000089700000| Untracked 
| 112|0x0000000089800000, 0x0000000089800000, 0x0000000089900000|  0%| F|  |TAMS 0x0000000089800000, 0x0000000089800000| Untracked 
| 113|0x0000000089900000, 0x0000000089900000, 0x0000000089a00000|  0%| F|  |TAMS 0x0000000089900000, 0x0000000089900000| Untracked 
| 114|0x0000000089a00000, 0x0000000089a00000, 0x0000000089b00000|  0%| F|  |TAMS 0x0000000089a00000, 0x0000000089a00000| Untracked 
| 115|0x0000000089b00000, 0x0000000089b00000, 0x0000000089c00000|  0%| F|  |TAMS 0x0000000089b00000, 0x0000000089b00000| Untracked 
| 116|0x0000000089c00000, 0x0000000089c00000, 0x0000000089d00000|  0%| F|  |TAMS 0x0000000089c00000, 0x0000000089c00000| Untracked 
| 117|0x0000000089d00000, 0x0000000089d00000, 0x0000000089e00000|  0%| F|  |TAMS 0x0000000089d00000, 0x0000000089d00000| Untracked 
| 118|0x0000000089e00000, 0x0000000089e00000, 0x0000000089f00000|  0%| F|  |TAMS 0x0000000089e00000, 0x0000000089e00000| Untracked 
| 119|0x0000000089f00000, 0x0000000089f00000, 0x000000008a000000|  0%| F|  |TAMS 0x0000000089f00000, 0x0000000089f00000| Untracked 
| 120|0x000000008a000000, 0x000000008a000000, 0x000000008a100000|  0%| F|  |TAMS 0x000000008a000000, 0x000000008a000000| Untracked 
| 121|0x000000008a100000, 0x000000008a100000, 0x000000008a200000|  0%| F|  |TAMS 0x000000008a100000, 0x000000008a100000| Untracked 
| 122|0x000000008a200000, 0x000000008a200000, 0x000000008a300000|  0%| F|  |TAMS 0x000000008a200000, 0x000000008a200000| Untracked 
| 123|0x000000008a300000, 0x000000008a300000, 0x000000008a400000|  0%| F|  |TAMS 0x000000008a300000, 0x000000008a300000| Untracked 
| 124|0x000000008a400000, 0x000000008a400000, 0x000000008a500000|  0%| F|  |TAMS 0x000000008a400000, 0x000000008a400000| Untracked 
| 125|0x000000008a500000, 0x000000008a500000, 0x000000008a600000|  0%| F|  |TAMS 0x000000008a500000, 0x000000008a500000| Untracked 
| 126|0x000000008a600000, 0x000000008a600000, 0x000000008a700000|  0%| F|  |TAMS 0x000000008a600000, 0x000000008a600000| Untracked 
| 127|0x000000008a700000, 0x000000008a700000, 0x000000008a800000|  0%| F|  |TAMS 0x000000008a700000, 0x000000008a700000| Untracked 
| 128|0x000000008a800000, 0x000000008a800000, 0x000000008a900000|  0%| F|  |TAMS 0x000000008a800000, 0x000000008a800000| Untracked 
| 129|0x000000008a900000, 0x000000008a900000, 0x000000008aa00000|  0%| F|  |TAMS 0x000000008a900000, 0x000000008a900000| Untracked 
| 130|0x000000008aa00000, 0x000000008aa00000, 0x000000008ab00000|  0%| F|  |TAMS 0x000000008aa00000, 0x000000008aa00000| Untracked 
| 131|0x000000008ab00000, 0x000000008ab00000, 0x000000008ac00000|  0%| F|  |TAMS 0x000000008ab00000, 0x000000008ab00000| Untracked 
| 132|0x000000008ac00000, 0x000000008ac00000, 0x000000008ad00000|  0%| F|  |TAMS 0x000000008ac00000, 0x000000008ac00000| Untracked 
| 133|0x000000008ad00000, 0x000000008ad00000, 0x000000008ae00000|  0%| F|  |TAMS 0x000000008ad00000, 0x000000008ad00000| Untracked 
| 134|0x000000008ae00000, 0x000000008ae00000, 0x000000008af00000|  0%| F|  |TAMS 0x000000008ae00000, 0x000000008ae00000| Untracked 
| 135|0x000000008af00000, 0x000000008af00000, 0x000000008b000000|  0%| F|  |TAMS 0x000000008af00000, 0x000000008af00000| Untracked 
| 136|0x000000008b000000, 0x000000008b000000, 0x000000008b100000|  0%| F|  |TAMS 0x000000008b000000, 0x000000008b000000| Untracked 
| 137|0x000000008b100000, 0x000000008b100000, 0x000000008b200000|  0%| F|  |TAMS 0x000000008b100000, 0x000000008b100000| Untracked 
| 138|0x000000008b200000, 0x000000008b200000, 0x000000008b300000|  0%| F|  |TAMS 0x000000008b200000, 0x000000008b200000| Untracked 
| 139|0x000000008b300000, 0x000000008b300000, 0x000000008b400000|  0%| F|  |TAMS 0x000000008b300000, 0x000000008b300000| Untracked 
| 140|0x000000008b400000, 0x000000008b400000, 0x000000008b500000|  0%| F|  |TAMS 0x000000008b400000, 0x000000008b400000| Untracked 
| 141|0x000000008b500000, 0x000000008b500000, 0x000000008b600000|  0%| F|  |TAMS 0x000000008b500000, 0x000000008b500000| Untracked 
| 142|0x000000008b600000, 0x000000008b600000, 0x000000008b700000|  0%| F|  |TAMS 0x000000008b600000, 0x000000008b600000| Untracked 
| 143|0x000000008b700000, 0x000000008b700000, 0x000000008b800000|  0%| F|  |TAMS 0x000000008b700000, 0x000000008b700000| Untracked 
| 144|0x000000008b800000, 0x000000008b800000, 0x000000008b900000|  0%| F|  |TAMS 0x000000008b800000, 0x000000008b800000| Untracked 
| 145|0x000000008b900000, 0x000000008b900000, 0x000000008ba00000|  0%| F|  |TAMS 0x000000008b900000, 0x000000008b900000| Untracked 
| 146|0x000000008ba00000, 0x000000008ba00000, 0x000000008bb00000|  0%| F|  |TAMS 0x000000008ba00000, 0x000000008ba00000| Untracked 
| 147|0x000000008bb00000, 0x000000008bb00000, 0x000000008bc00000|  0%| F|  |TAMS 0x000000008bb00000, 0x000000008bb00000| Untracked 
| 148|0x000000008bc00000, 0x000000008bca3f40, 0x000000008bd00000| 64%| S|CS|TAMS 0x000000008bc00000, 0x000000008bc00000| Complete 
| 149|0x000000008bd00000, 0x000000008be00000, 0x000000008be00000|100%| S|CS|TAMS 0x000000008bd00000, 0x000000008bd00000| Complete 
| 150|0x000000008be00000, 0x000000008bf00000, 0x000000008bf00000|100%| S|CS|TAMS 0x000000008be00000, 0x000000008be00000| Complete 
| 151|0x000000008bf00000, 0x000000008bf00000, 0x000000008c000000|  0%| F|  |TAMS 0x000000008bf00000, 0x000000008bf00000| Untracked 
| 152|0x000000008c000000, 0x000000008c000000, 0x000000008c100000|  0%| F|  |TAMS 0x000000008c000000, 0x000000008c000000| Untracked 
| 153|0x000000008c100000, 0x000000008c100000, 0x000000008c200000|  0%| F|  |TAMS 0x000000008c100000, 0x000000008c100000| Untracked 
| 154|0x000000008c200000, 0x000000008c200000, 0x000000008c300000|  0%| F|  |TAMS 0x000000008c200000, 0x000000008c200000| Untracked 
| 155|0x000000008c300000, 0x000000008c300000, 0x000000008c400000|  0%| F|  |TAMS 0x000000008c300000, 0x000000008c300000| Untracked 
| 156|0x000000008c400000, 0x000000008c400000, 0x000000008c500000|  0%| F|  |TAMS 0x000000008c400000, 0x000000008c400000| Untracked 
| 157|0x000000008c500000, 0x000000008c500000, 0x000000008c600000|  0%| F|  |TAMS 0x000000008c500000, 0x000000008c500000| Untracked 
| 158|0x000000008c600000, 0x000000008c600000, 0x000000008c700000|  0%| F|  |TAMS 0x000000008c600000, 0x000000008c600000| Untracked 
| 159|0x000000008c700000, 0x000000008c700000, 0x000000008c800000|  0%| F|  |TAMS 0x000000008c700000, 0x000000008c700000| Untracked 
| 160|0x000000008c800000, 0x000000008c800000, 0x000000008c900000|  0%| F|  |TAMS 0x000000008c800000, 0x000000008c800000| Untracked 
| 161|0x000000008c900000, 0x000000008c900000, 0x000000008ca00000|  0%| F|  |TAMS 0x000000008c900000, 0x000000008c900000| Untracked 
| 162|0x000000008ca00000, 0x000000008ca00000, 0x000000008cb00000|  0%| F|  |TAMS 0x000000008ca00000, 0x000000008ca00000| Untracked 
| 163|0x000000008cb00000, 0x000000008cb00000, 0x000000008cc00000|  0%| F|  |TAMS 0x000000008cb00000, 0x000000008cb00000| Untracked 
| 164|0x000000008cc00000, 0x000000008cc00000, 0x000000008cd00000|  0%| F|  |TAMS 0x000000008cc00000, 0x000000008cc00000| Untracked 
| 165|0x000000008cd00000, 0x000000008cd00000, 0x000000008ce00000|  0%| F|  |TAMS 0x000000008cd00000, 0x000000008cd00000| Untracked 
| 166|0x000000008ce00000, 0x000000008ce00000, 0x000000008cf00000|  0%| F|  |TAMS 0x000000008ce00000, 0x000000008ce00000| Untracked 
| 167|0x000000008cf00000, 0x000000008cf00000, 0x000000008d000000|  0%| F|  |TAMS 0x000000008cf00000, 0x000000008cf00000| Untracked 
| 168|0x000000008d000000, 0x000000008d000000, 0x000000008d100000|  0%| F|  |TAMS 0x000000008d000000, 0x000000008d000000| Untracked 
| 169|0x000000008d100000, 0x000000008d100000, 0x000000008d200000|  0%| F|  |TAMS 0x000000008d100000, 0x000000008d100000| Untracked 
| 170|0x000000008d200000, 0x000000008d200000, 0x000000008d300000|  0%| F|  |TAMS 0x000000008d200000, 0x000000008d200000| Untracked 
| 171|0x000000008d300000, 0x000000008d300000, 0x000000008d400000|  0%| F|  |TAMS 0x000000008d300000, 0x000000008d300000| Untracked 
| 172|0x000000008d400000, 0x000000008d400000, 0x000000008d500000|  0%| F|  |TAMS 0x000000008d400000, 0x000000008d400000| Untracked 
| 173|0x000000008d500000, 0x000000008d500000, 0x000000008d600000|  0%| F|  |TAMS 0x000000008d500000, 0x000000008d500000| Untracked 
| 174|0x000000008d600000, 0x000000008d600000, 0x000000008d700000|  0%| F|  |TAMS 0x000000008d600000, 0x000000008d600000| Untracked 
| 175|0x000000008d700000, 0x000000008d700000, 0x000000008d800000|  0%| F|  |TAMS 0x000000008d700000, 0x000000008d700000| Untracked 
| 176|0x000000008d800000, 0x000000008d800000, 0x000000008d900000|  0%| F|  |TAMS 0x000000008d800000, 0x000000008d800000| Untracked 
| 177|0x000000008d900000, 0x000000008d900000, 0x000000008da00000|  0%| F|  |TAMS 0x000000008d900000, 0x000000008d900000| Untracked 
| 178|0x000000008da00000, 0x000000008da00000, 0x000000008db00000|  0%| F|  |TAMS 0x000000008da00000, 0x000000008da00000| Untracked 
| 179|0x000000008db00000, 0x000000008db00000, 0x000000008dc00000|  0%| F|  |TAMS 0x000000008db00000, 0x000000008db00000| Untracked 
| 180|0x000000008dc00000, 0x000000008dc00000, 0x000000008dd00000|  0%| F|  |TAMS 0x000000008dc00000, 0x000000008dc00000| Untracked 
| 181|0x000000008dd00000, 0x000000008dd00000, 0x000000008de00000|  0%| F|  |TAMS 0x000000008dd00000, 0x000000008dd00000| Untracked 
| 182|0x000000008de00000, 0x000000008de00000, 0x000000008df00000|  0%| F|  |TAMS 0x000000008de00000, 0x000000008de00000| Untracked 
| 183|0x000000008df00000, 0x000000008df00000, 0x000000008e000000|  0%| F|  |TAMS 0x000000008df00000, 0x000000008df00000| Untracked 
| 184|0x000000008e000000, 0x000000008e000000, 0x000000008e100000|  0%| F|  |TAMS 0x000000008e000000, 0x000000008e000000| Untracked 
| 185|0x000000008e100000, 0x000000008e100000, 0x000000008e200000|  0%| F|  |TAMS 0x000000008e100000, 0x000000008e100000| Untracked 
| 186|0x000000008e200000, 0x000000008e200000, 0x000000008e300000|  0%| F|  |TAMS 0x000000008e200000, 0x000000008e200000| Untracked 
| 187|0x000000008e300000, 0x000000008e300000, 0x000000008e400000|  0%| F|  |TAMS 0x000000008e300000, 0x000000008e300000| Untracked 
| 188|0x000000008e400000, 0x000000008e400000, 0x000000008e500000|  0%| F|  |TAMS 0x000000008e400000, 0x000000008e400000| Untracked 
| 189|0x000000008e500000, 0x000000008e500000, 0x000000008e600000|  0%| F|  |TAMS 0x000000008e500000, 0x000000008e500000| Untracked 
| 190|0x000000008e600000, 0x000000008e600000, 0x000000008e700000|  0%| F|  |TAMS 0x000000008e600000, 0x000000008e600000| Untracked 
| 191|0x000000008e700000, 0x000000008e800000, 0x000000008e800000|100%| E|  |TAMS 0x000000008e700000, 0x000000008e700000| Complete 
| 192|0x000000008e800000, 0x000000008e900000, 0x000000008e900000|100%| E|CS|TAMS 0x000000008e800000, 0x000000008e800000| Complete 
| 193|0x000000008e900000, 0x000000008ea00000, 0x000000008ea00000|100%| E|CS|TAMS 0x000000008e900000, 0x000000008e900000| Complete 
| 194|0x000000008ea00000, 0x000000008eb00000, 0x000000008eb00000|100%| E|CS|TAMS 0x000000008ea00000, 0x000000008ea00000| Complete 
| 195|0x000000008eb00000, 0x000000008ec00000, 0x000000008ec00000|100%| E|CS|TAMS 0x000000008eb00000, 0x000000008eb00000| Complete 
| 196|0x000000008ec00000, 0x000000008ed00000, 0x000000008ed00000|100%| E|CS|TAMS 0x000000008ec00000, 0x000000008ec00000| Complete 
| 197|0x000000008ed00000, 0x000000008ee00000, 0x000000008ee00000|100%| E|CS|TAMS 0x000000008ed00000, 0x000000008ed00000| Complete 
| 198|0x000000008ee00000, 0x000000008ef00000, 0x000000008ef00000|100%| E|CS|TAMS 0x000000008ee00000, 0x000000008ee00000| Complete 
| 199|0x000000008ef00000, 0x000000008f000000, 0x000000008f000000|100%| E|CS|TAMS 0x000000008ef00000, 0x000000008ef00000| Complete 
| 200|0x000000008f000000, 0x000000008f100000, 0x000000008f100000|100%| E|CS|TAMS 0x000000008f000000, 0x000000008f000000| Complete 
| 201|0x000000008f100000, 0x000000008f200000, 0x000000008f200000|100%| E|CS|TAMS 0x000000008f100000, 0x000000008f100000| Complete 
| 202|0x000000008f200000, 0x000000008f300000, 0x000000008f300000|100%| E|CS|TAMS 0x000000008f200000, 0x000000008f200000| Complete 
| 203|0x000000008f300000, 0x000000008f400000, 0x000000008f400000|100%| E|CS|TAMS 0x000000008f300000, 0x000000008f300000| Complete 
| 204|0x000000008f400000, 0x000000008f500000, 0x000000008f500000|100%| E|CS|TAMS 0x000000008f400000, 0x000000008f400000| Complete 
| 205|0x000000008f500000, 0x000000008f600000, 0x000000008f600000|100%| E|CS|TAMS 0x000000008f500000, 0x000000008f500000| Complete 
| 206|0x000000008f600000, 0x000000008f700000, 0x000000008f700000|100%| E|CS|TAMS 0x000000008f600000, 0x000000008f600000| Complete 
| 207|0x000000008f700000, 0x000000008f800000, 0x000000008f800000|100%| E|CS|TAMS 0x000000008f700000, 0x000000008f700000| Complete 
| 208|0x000000008f800000, 0x000000008f900000, 0x000000008f900000|100%| E|CS|TAMS 0x000000008f800000, 0x000000008f800000| Complete 
| 209|0x000000008f900000, 0x000000008fa00000, 0x000000008fa00000|100%| E|CS|TAMS 0x000000008f900000, 0x000000008f900000| Complete 
| 210|0x000000008fa00000, 0x000000008fb00000, 0x000000008fb00000|100%| E|CS|TAMS 0x000000008fa00000, 0x000000008fa00000| Complete 
| 211|0x000000008fb00000, 0x000000008fc00000, 0x000000008fc00000|100%| E|CS|TAMS 0x000000008fb00000, 0x000000008fb00000| Complete 
| 212|0x000000008fc00000, 0x000000008fd00000, 0x000000008fd00000|100%| E|  |TAMS 0x000000008fc00000, 0x000000008fc00000| Complete 
| 213|0x000000008fd00000, 0x000000008fe00000, 0x000000008fe00000|100%| E|CS|TAMS 0x000000008fd00000, 0x000000008fd00000| Complete 
| 214|0x000000008fe00000, 0x000000008ff00000, 0x000000008ff00000|100%| E|CS|TAMS 0x000000008fe00000, 0x000000008fe00000| Complete 
| 215|0x000000008ff00000, 0x0000000090000000, 0x0000000090000000|100%| E|CS|TAMS 0x000000008ff00000, 0x000000008ff00000| Complete 
| 216|0x0000000090000000, 0x0000000090100000, 0x0000000090100000|100%| E|CS|TAMS 0x0000000090000000, 0x0000000090000000| Complete 
| 217|0x0000000090100000, 0x0000000090200000, 0x0000000090200000|100%| E|CS|TAMS 0x0000000090100000, 0x0000000090100000| Complete 
| 218|0x0000000090200000, 0x0000000090300000, 0x0000000090300000|100%| E|CS|TAMS 0x0000000090200000, 0x0000000090200000| Complete 
| 219|0x0000000090300000, 0x0000000090400000, 0x0000000090400000|100%| E|CS|TAMS 0x0000000090300000, 0x0000000090300000| Complete 
| 220|0x0000000090400000, 0x0000000090500000, 0x0000000090500000|100%| E|CS|TAMS 0x0000000090400000, 0x0000000090400000| Complete 
| 221|0x0000000090500000, 0x0000000090600000, 0x0000000090600000|100%| E|CS|TAMS 0x0000000090500000, 0x0000000090500000| Complete 
| 222|0x0000000090600000, 0x0000000090700000, 0x0000000090700000|100%| E|CS|TAMS 0x0000000090600000, 0x0000000090600000| Complete 
| 223|0x0000000090700000, 0x0000000090800000, 0x0000000090800000|100%| E|CS|TAMS 0x0000000090700000, 0x0000000090700000| Complete 
| 224|0x0000000090800000, 0x0000000090900000, 0x0000000090900000|100%| E|CS|TAMS 0x0000000090800000, 0x0000000090800000| Complete 
| 225|0x0000000090900000, 0x0000000090a00000, 0x0000000090a00000|100%| E|CS|TAMS 0x0000000090900000, 0x0000000090900000| Complete 
| 226|0x0000000090a00000, 0x0000000090b00000, 0x0000000090b00000|100%| E|CS|TAMS 0x0000000090a00000, 0x0000000090a00000| Complete 
| 227|0x0000000090b00000, 0x0000000090c00000, 0x0000000090c00000|100%| E|CS|TAMS 0x0000000090b00000, 0x0000000090b00000| Complete 
| 228|0x0000000090c00000, 0x0000000090d00000, 0x0000000090d00000|100%| E|CS|TAMS 0x0000000090c00000, 0x0000000090c00000| Complete 
| 229|0x0000000090d00000, 0x0000000090e00000, 0x0000000090e00000|100%| E|CS|TAMS 0x0000000090d00000, 0x0000000090d00000| Complete 
| 230|0x0000000090e00000, 0x0000000090f00000, 0x0000000090f00000|100%| E|CS|TAMS 0x0000000090e00000, 0x0000000090e00000| Complete 

Card table byte_map: [0x000002cd2e4c0000,0x000002cd2e8b0000] _byte_map_base: 0x000002cd2e0ac000

Marking Bits (Prev, Next): (CMBitMap*) 0x000002cd16e9ea70, (CMBitMap*) 0x000002cd16e9ea30
 Prev Bits: [0x000002cd30c00000, 0x000002cd32b60000)
 Next Bits: [0x000002cd2eca0000, 0x000002cd30c00000)

Polling page: 0x000002cd16610000

Metaspace:

Usage:
  Non-class:     25.29 MB used.
      Class:      3.05 MB used.
       Both:     28.34 MB used.

Virtual space:
  Non-class space:       64.00 MB reserved,      25.50 MB ( 40%) committed,  1 nodes.
      Class space:        1.00 GB reserved,       3.31 MB ( <1%) committed,  1 nodes.
             Both:        1.06 GB reserved,      28.81 MB (  3%) committed. 

Chunk freelists:
   Non-Class:  2.38 MB
       Class:  653.00 KB
        Both:  3.01 MB

MaxMetaspaceSize: unlimited
CompressedClassSpaceSize: 1.00 GB
Initial GC threshold: 21.00 MB
Current GC threshold: 39.19 MB
CDS: on
MetaspaceReclaimPolicy: balanced
 - commit_granule_bytes: 65536.
 - commit_granule_words: 8192.
 - virtual_space_node_default_size: 8388608.
 - enlarge_chunks_in_place: 1.
 - new_chunks_are_fully_committed: 0.
 - uncommit_free_chunks: 1.
 - use_allocation_guard: 0.


Internal statistics:

num_allocs_failed_limit: 26.
num_arena_births: 590.
num_arena_deaths: 0.
num_vsnodes_births: 2.
num_vsnodes_deaths: 0.
num_space_committed: 461.
num_space_uncommitted: 0.
num_chunks_returned_to_freelist: 26.
num_chunks_taken_from_freelist: 1665.
num_chunk_merges: 20.
num_chunk_splits: 1186.
num_chunks_enlarged: 861.
num_inconsistent_stats: 0.

CodeHeap 'non-profiled nmethods': size=120000Kb used=3543Kb max_used=3543Kb free=116456Kb
 bounds [0x000002cd26870000, 0x000002cd26bf0000, 0x000002cd2dda0000]
CodeHeap 'profiled nmethods': size=120000Kb used=14122Kb max_used=14122Kb free=105877Kb
 bounds [0x000002cd1eda0000, 0x000002cd1fb70000, 0x000002cd262d0000]
CodeHeap 'non-nmethods': size=5760Kb used=1313Kb max_used=1396Kb free=4446Kb
 bounds [0x000002cd262d0000, 0x000002cd26540000, 0x000002cd26870000]
 total_blobs=7450 nmethods=6914 adapters=446
 compilation: enabled
              stopped_count=0, restarted_count=0
 full_count=0

Compilation events (20 events):
Event: 330.681 Thread 0x000002cd35585f10 7919       3       java.nio.channels.FileChannel::<init> (5 bytes)
Event: 330.681 Thread 0x000002cd35585f10 nmethod 7919 0x000002cd1fb67890 code [0x000002cd1fb67a40, 0x000002cd1fb67d18]
Event: 330.681 Thread 0x000002cd35585f10 7920       3       java.nio.channels.spi.AbstractInterruptibleChannel::<init> (16 bytes)
Event: 330.681 Thread 0x000002cd35585f10 nmethod 7920 0x000002cd1fb67e10 code [0x000002cd1fb67fc0, 0x000002cd1fb68238]
Event: 330.681 Thread 0x000002cd35585f10 7921       3       sun.nio.ch.NativeThreadSet::<init> (17 bytes)
Event: 330.682 Thread 0x000002cd35585f10 nmethod 7921 0x000002cd1fb68310 code [0x000002cd1fb684c0, 0x000002cd1fb68738]
Event: 330.682 Thread 0x000002cd35585f10 7922       3       sun.nio.ch.FileDispatcherImpl::<init> (5 bytes)
Event: 330.682 Thread 0x000002cd35585f10 nmethod 7922 0x000002cd1fb68810 code [0x000002cd1fb689c0, 0x000002cd1fb68bd8]
Event: 330.682 Thread 0x000002cd35585f10 7923       3       sun.nio.ch.FileDispatcher::<init> (5 bytes)
Event: 330.682 Thread 0x000002cd35585f10 nmethod 7923 0x000002cd1fb68d10 code [0x000002cd1fb68ec0, 0x000002cd1fb69078]
Event: 330.682 Thread 0x000002cd35585f10 7924       3       sun.nio.ch.NativeDispatcher::<init> (5 bytes)
Event: 330.682 Thread 0x000002cd35585f10 nmethod 7924 0x000002cd1fb69190 code [0x000002cd1fb69340, 0x000002cd1fb69498]
Event: 330.686 Thread 0x000002cd35585f10 7925   !   3       sun.nio.fs.WindowsFileSystemProvider::checkReadAccess (70 bytes)
Event: 330.687 Thread 0x000002cd35585f10 nmethod 7925 0x000002cd1fb69590 code [0x000002cd1fb69800, 0x000002cd1fb6a088]
Event: 330.691 Thread 0x000002cd35585f10 7926       3       java.nio.file.FileTreeWalker$Event::<init> (9 bytes)
Event: 330.692 Thread 0x000002cd35585f10 nmethod 7926 0x000002cd1fb6a490 code [0x000002cd1fb6a640, 0x000002cd1fb6a958]
Event: 330.796 Thread 0x000002cd355855a0 nmethod 7905 0x000002cd26bdda10 code [0x000002cd26bdde80, 0x000002cd26be2e38]
Event: 330.796 Thread 0x000002cd355855a0 7904 %     4       java.util.LinkedHashMap::valuesToArray @ 10 (38 bytes)
Event: 330.806 Thread 0x000002cd355855a0 nmethod 7904% 0x000002cd26be5790 code [0x000002cd26be5920, 0x000002cd26be5d18]
Event: 330.806 Thread 0x000002cd355855a0 7906   !   4       java.nio.file.FileTreeWalker::visit (204 bytes)

GC Heap History (20 events):
Event: 288.272 GC heap before
{Heap before GC invocations=5 (full 0):
 garbage-first heap   total 129024K, used 17031K [0x0000000082800000, 0x0000000100000000)
  region size 1024K, 6 young (6144K), 3 survivors (3072K)
 Metaspace       used 20831K, committed 21120K, reserved 1114112K
  class space    used 2276K, committed 2432K, reserved 1048576K
}
Event: 288.278 GC heap after
{Heap after GC invocations=6 (full 0):
 garbage-first heap   total 129024K, used 15917K [0x0000000082800000, 0x0000000100000000)
  region size 1024K, 1 young (1024K), 1 survivors (1024K)
 Metaspace       used 20831K, committed 21120K, reserved 1114112K
  class space    used 2276K, committed 2432K, reserved 1048576K
}
Event: 288.782 GC heap before
{Heap before GC invocations=6 (full 0):
 garbage-first heap   total 129024K, used 15917K [0x0000000082800000, 0x0000000100000000)
  region size 1024K, 2 young (2048K), 1 survivors (1024K)
 Metaspace       used 21185K, committed 21504K, reserved 1114112K
  class space    used 2328K, committed 2496K, reserved 1048576K
}
Event: 288.833 GC heap after
{Heap after GC invocations=7 (full 0):
 garbage-first heap   total 129024K, used 16294K [0x0000000082800000, 0x0000000100000000)
  region size 1024K, 1 young (1024K), 1 survivors (1024K)
 Metaspace       used 21185K, committed 21504K, reserved 1114112K
  class space    used 2328K, committed 2496K, reserved 1048576K
}
Event: 290.575 GC heap before
{Heap before GC invocations=7 (full 0):
 garbage-first heap   total 129024K, used 22438K [0x0000000082800000, 0x0000000100000000)
  region size 1024K, 6 young (6144K), 1 survivors (1024K)
 Metaspace       used 22467K, committed 22848K, reserved 1114112K
  class space    used 2433K, committed 2624K, reserved 1048576K
}
Event: 290.670 GC heap after
{Heap after GC invocations=8 (full 0):
 garbage-first heap   total 129024K, used 20601K [0x0000000082800000, 0x0000000100000000)
  region size 1024K, 1 young (1024K), 1 survivors (1024K)
 Metaspace       used 22467K, committed 22848K, reserved 1114112K
  class space    used 2433K, committed 2624K, reserved 1048576K
}
Event: 292.105 GC heap before
{Heap before GC invocations=8 (full 0):
 garbage-first heap   total 129024K, used 26745K [0x0000000082800000, 0x0000000100000000)
  region size 1024K, 6 young (6144K), 1 survivors (1024K)
 Metaspace       used 23223K, committed 23552K, reserved 1114112K
  class space    used 2525K, committed 2688K, reserved 1048576K
}
Event: 292.111 GC heap after
{Heap after GC invocations=9 (full 0):
 garbage-first heap   total 129024K, used 23518K [0x0000000082800000, 0x0000000100000000)
  region size 1024K, 1 young (1024K), 1 survivors (1024K)
 Metaspace       used 23223K, committed 23552K, reserved 1114112K
  class space    used 2525K, committed 2688K, reserved 1048576K
}
Event: 293.268 GC heap before
{Heap before GC invocations=9 (full 0):
 garbage-first heap   total 129024K, used 35806K [0x0000000082800000, 0x0000000100000000)
  region size 1024K, 14 young (14336K), 1 survivors (1024K)
 Metaspace       used 23270K, committed 23616K, reserved 1114112K
  class space    used 2525K, committed 2688K, reserved 1048576K
}
Event: 293.280 GC heap after
{Heap after GC invocations=10 (full 0):
 garbage-first heap   total 129024K, used 27180K [0x0000000082800000, 0x0000000100000000)
  region size 1024K, 2 young (2048K), 2 survivors (2048K)
 Metaspace       used 23270K, committed 23616K, reserved 1114112K
  class space    used 2525K, committed 2688K, reserved 1048576K
}
Event: 296.021 GC heap before
{Heap before GC invocations=11 (full 0):
 garbage-first heap   total 129024K, used 46636K [0x0000000082800000, 0x0000000100000000)
  region size 1024K, 22 young (22528K), 2 survivors (2048K)
 Metaspace       used 23694K, committed 24064K, reserved 1114112K
  class space    used 2570K, committed 2752K, reserved 1048576K
}
Event: 296.040 GC heap after
{Heap after GC invocations=12 (full 0):
 garbage-first heap   total 129024K, used 32198K [0x0000000082800000, 0x0000000100000000)
  region size 1024K, 3 young (3072K), 3 survivors (3072K)
 Metaspace       used 23694K, committed 24064K, reserved 1114112K
  class space    used 2570K, committed 2752K, reserved 1048576K
}
Event: 296.181 GC heap before
{Heap before GC invocations=12 (full 0):
 garbage-first heap   total 129024K, used 35270K [0x0000000082800000, 0x0000000100000000)
  region size 1024K, 6 young (6144K), 3 survivors (3072K)
 Metaspace       used 23759K, committed 24128K, reserved 1114112K
  class space    used 2581K, committed 2752K, reserved 1048576K
}
Event: 296.192 GC heap after
{Heap after GC invocations=13 (full 0):
 garbage-first heap   total 236544K, used 32897K [0x0000000082800000, 0x0000000100000000)
  region size 1024K, 1 young (1024K), 1 survivors (1024K)
 Metaspace       used 23759K, committed 24128K, reserved 1114112K
  class space    used 2581K, committed 2752K, reserved 1048576K
}
Event: 297.338 GC heap before
{Heap before GC invocations=13 (full 0):
 garbage-first heap   total 236544K, used 56449K [0x0000000082800000, 0x0000000100000000)
  region size 1024K, 24 young (24576K), 1 survivors (1024K)
 Metaspace       used 24410K, committed 24768K, reserved 1114112K
  class space    used 2627K, committed 2816K, reserved 1048576K
}
Event: 297.446 GC heap after
{Heap after GC invocations=14 (full 0):
 garbage-first heap   total 236544K, used 37544K [0x0000000082800000, 0x0000000100000000)
  region size 1024K, 3 young (3072K), 3 survivors (3072K)
 Metaspace       used 24410K, committed 24768K, reserved 1114112K
  class space    used 2627K, committed 2816K, reserved 1048576K
}
Event: 305.645 GC heap before
{Heap before GC invocations=14 (full 0):
 garbage-first heap   total 236544K, used 72360K [0x0000000082800000, 0x0000000100000000)
  region size 1024K, 38 young (38912K), 3 survivors (3072K)
 Metaspace       used 26311K, committed 26816K, reserved 1114112K
  class space    used 2844K, committed 3072K, reserved 1048576K
}
Event: 305.654 GC heap after
{Heap after GC invocations=15 (full 0):
 garbage-first heap   total 236544K, used 38723K [0x0000000082800000, 0x0000000100000000)
  region size 1024K, 1 young (1024K), 1 survivors (1024K)
 Metaspace       used 26311K, committed 26816K, reserved 1114112K
  class space    used 2844K, committed 3072K, reserved 1048576K
}
Event: 313.513 GC heap before
{Heap before GC invocations=15 (full 0):
 garbage-first heap   total 236544K, used 121667K [0x0000000082800000, 0x0000000100000000)
  region size 1024K, 80 young (81920K), 1 survivors (1024K)
 Metaspace       used 28359K, committed 28800K, reserved 1114112K
  class space    used 3062K, committed 3264K, reserved 1048576K
}
Event: 313.521 GC heap after
{Heap after GC invocations=16 (full 0):
 garbage-first heap   total 236544K, used 41427K [0x0000000082800000, 0x0000000100000000)
  region size 1024K, 3 young (3072K), 3 survivors (3072K)
 Metaspace       used 28359K, committed 28800K, reserved 1114112K
  class space    used 3062K, committed 3264K, reserved 1048576K
}

Dll operation events (8 events):
Event: 0.018 Loaded shared library C:\Program Files\Java\jdk-19\bin\java.dll
Event: 0.101 Loaded shared library C:\Program Files\Java\jdk-19\bin\jsvml.dll
Event: 0.152 Loaded shared library C:\Program Files\Java\jdk-19\bin\net.dll
Event: 0.154 Loaded shared library C:\Program Files\Java\jdk-19\bin\nio.dll
Event: 0.157 Loaded shared library C:\Program Files\Java\jdk-19\bin\zip.dll
Event: 0.339 Loaded shared library C:\Program Files\Java\jdk-19\bin\jimage.dll
Event: 0.383 Loaded shared library C:\Users\User\Desktop\NETBEAN\NetBeans-15\netbeans\java\maven\lib\jansi-native\Windows\x86_64\jansi.dll
Event: 0.394 Loaded shared library C:\Program Files\Java\jdk-19\bin\verify.dll

Deoptimization events (20 events):
Event: 326.197 Thread 0x000002cd16e3e460 DEOPT PACKING pc=0x000002cd26b48098 sp=0x000000e0e91fd700
Event: 326.197 Thread 0x000002cd16e3e460 DEOPT UNPACKING pc=0x000002cd26336da3 sp=0x000000e0e91fd6c0 mode 2
Event: 326.215 Thread 0x000002cd16e3e460 Uncommon trap: trap_request=0xffffffde fr.pc=0x000002cd268a7960 relative=0x00000000000006a0
Event: 326.215 Thread 0x000002cd16e3e460 Uncommon trap: reason=class_check action=maybe_recompile pc=0x000002cd268a7960 method=jdk.internal.loader.URLClassPath.getLoader(I)Ljdk/internal/loader/URLClassPath$Loader; @ 88 c2
Event: 326.215 Thread 0x000002cd16e3e460 DEOPT PACKING pc=0x000002cd268a7960 sp=0x000000e0e91fd920
Event: 326.215 Thread 0x000002cd16e3e460 DEOPT UNPACKING pc=0x000002cd26336da3 sp=0x000000e0e91fd8f0 mode 2
Event: 326.216 Thread 0x000002cd16e3e460 Uncommon trap: trap_request=0xffffffde fr.pc=0x000002cd268a7960 relative=0x00000000000006a0
Event: 326.216 Thread 0x000002cd16e3e460 Uncommon trap: reason=class_check action=maybe_recompile pc=0x000002cd268a7960 method=jdk.internal.loader.URLClassPath.getLoader(I)Ljdk/internal/loader/URLClassPath$Loader; @ 88 c2
Event: 326.216 Thread 0x000002cd16e3e460 DEOPT PACKING pc=0x000002cd268a7960 sp=0x000000e0e91fd920
Event: 326.216 Thread 0x000002cd16e3e460 DEOPT UNPACKING pc=0x000002cd26336da3 sp=0x000000e0e91fd8f0 mode 2
Event: 326.221 Thread 0x000002cd16e3e460 DEOPT PACKING pc=0x000002cd1f5ec87a sp=0x000000e0e91fcf40
Event: 326.221 Thread 0x000002cd16e3e460 DEOPT UNPACKING pc=0x000002cd26337543 sp=0x000000e0e91fc4c0 mode 0
Event: 326.226 Thread 0x000002cd16e3e460 DEOPT PACKING pc=0x000002cd1f51aab4 sp=0x000000e0e91fd6d0
Event: 326.226 Thread 0x000002cd16e3e460 DEOPT UNPACKING pc=0x000002cd26337543 sp=0x000000e0e91fcb40 mode 0
Event: 326.232 Thread 0x000002cd16e3e460 DEOPT PACKING pc=0x000002cd1f5ec87a sp=0x000000e0e91fcee0
Event: 326.232 Thread 0x000002cd16e3e460 DEOPT UNPACKING pc=0x000002cd26337543 sp=0x000000e0e91fc450 mode 0
Event: 328.300 Thread 0x000002cd16e3e460 DEOPT PACKING pc=0x000002cd1f51aab4 sp=0x000000e0e91fd6d0
Event: 328.300 Thread 0x000002cd16e3e460 DEOPT UNPACKING pc=0x000002cd26337543 sp=0x000000e0e91fcb40 mode 0
Event: 328.312 Thread 0x000002cd16e3e460 DEOPT PACKING pc=0x000002cd1f51aab4 sp=0x000000e0e91fd660
Event: 328.312 Thread 0x000002cd16e3e460 DEOPT UNPACKING pc=0x000002cd26337543 sp=0x000000e0e91fcad0 mode 0

Classes loaded (20 events):
Event: 314.798 Loading class java/util/stream/ReduceOps$2ReducingSink
Event: 314.798 Loading class java/util/stream/ReduceOps$2ReducingSink done
Event: 316.198 Loading class java/util/stream/ReferencePipeline$4
Event: 316.198 Loading class java/util/stream/ReferencePipeline$4 done
Event: 316.238 Loading class java/util/stream/Nodes$IntFixedNodeBuilder
Event: 316.239 Loading class java/util/stream/Node$Builder$OfInt
Event: 316.291 Loading class java/util/stream/Node$Builder$OfInt done
Event: 316.291 Loading class java/util/stream/Nodes$IntArrayNode
Event: 316.291 Loading class java/util/stream/Nodes$IntArrayNode done
Event: 316.314 Loading class java/util/stream/Nodes$IntFixedNodeBuilder done
Event: 316.314 Loading class java/util/stream/ReferencePipeline$4$1
Event: 316.315 Loading class java/util/stream/ReferencePipeline$4$1 done
Event: 316.410 Loading class java/util/EnumMap$Values
Event: 316.410 Loading class java/util/EnumMap$Values done
Event: 316.410 Loading class java/util/EnumMap$ValueIterator
Event: 316.410 Loading class java/util/EnumMap$ValueIterator done
Event: 316.501 Loading class java/util/WeakHashMap$KeyIterator
Event: 316.502 Loading class java/util/WeakHashMap$KeyIterator done
Event: 316.517 Loading class java/text/MessageFormat$Field
Event: 316.517 Loading class java/text/MessageFormat$Field done

Classes unloaded (0 events):
No events

Classes redefined (0 events):
No events

Internal exceptions (20 events):
Event: 324.391 Thread 0x000002cd16e3e460 Exception <a 'java/io/IOException'{0x00000000906bab90}> (0x00000000906bab90) 
thrown [s\open\src\hotspot\share\prims\jni.cpp, line 517]
Event: 324.634 Thread 0x000002cd16e3e460 Exception <a 'java/io/IOException'{0x0000000090540720}> (0x0000000090540720) 
thrown [s\open\src\hotspot\share\prims\jni.cpp, line 517]
Event: 324.634 Thread 0x000002cd16e3e460 Exception <a 'java/io/IOException'{0x0000000090540d20}> (0x0000000090540d20) 
thrown [s\open\src\hotspot\share\prims\jni.cpp, line 517]
Event: 324.635 Thread 0x000002cd16e3e460 Exception <a 'java/io/IOException'{0x00000000905412e8}> (0x00000000905412e8) 
thrown [s\open\src\hotspot\share\prims\jni.cpp, line 517]
Event: 324.635 Thread 0x000002cd16e3e460 Exception <a 'java/io/IOException'{0x00000000905418b0}> (0x00000000905418b0) 
thrown [s\open\src\hotspot\share\prims\jni.cpp, line 517]
Event: 325.203 Thread 0x000002cd16e3e460 Exception <a 'java/io/IOException'{0x000000009054ba78}> (0x000000009054ba78) 
thrown [s\open\src\hotspot\share\prims\jni.cpp, line 517]
Event: 325.204 Thread 0x000002cd16e3e460 Exception <a 'java/io/IOException'{0x000000009054c078}> (0x000000009054c078) 
thrown [s\open\src\hotspot\share\prims\jni.cpp, line 517]
Event: 325.204 Thread 0x000002cd16e3e460 Exception <a 'java/io/IOException'{0x000000009054c640}> (0x000000009054c640) 
thrown [s\open\src\hotspot\share\prims\jni.cpp, line 517]
Event: 325.204 Thread 0x000002cd16e3e460 Exception <a 'java/io/IOException'{0x000000009054cc08}> (0x000000009054cc08) 
thrown [s\open\src\hotspot\share\prims\jni.cpp, line 517]
Event: 326.026 Thread 0x000002cd16e3e460 Exception <a 'sun/nio/fs/WindowsException'{0x000000008feb6010}> (0x000000008feb6010) 
thrown [s\open\src\hotspot\share\prims\jni.cpp, line 517]
Event: 326.026 Thread 0x000002cd16e3e460 Exception <a 'sun/nio/fs/WindowsException'{0x000000008feb6300}> (0x000000008feb6300) 
thrown [s\open\src\hotspot\share\prims\jni.cpp, line 517]
Event: 326.194 Thread 0x000002cd16e3e460 Implicit null exception at 0x000002cd26b946f1 to 0x000002cd26b94bbc
Event: 326.200 Thread 0x000002cd16e3e460 Exception <a 'sun/nio/fs/WindowsException'{0x000000008fef8aa8}> (0x000000008fef8aa8) 
thrown [s\open\src\hotspot\share\prims\jni.cpp, line 517]
Event: 326.200 Thread 0x000002cd16e3e460 Exception <a 'sun/nio/fs/WindowsException'{0x000000008fef8cd8}> (0x000000008fef8cd8) 
thrown [s\open\src\hotspot\share\prims\jni.cpp, line 517]
Event: 328.621 Thread 0x000002cd16e3e460 Exception <a 'sun/nio/fs/WindowsException'{0x000000008f86f218}> (0x000000008f86f218) 
thrown [s\open\src\hotspot\share\prims\jni.cpp, line 517]
Event: 328.621 Thread 0x000002cd16e3e460 Exception <a 'sun/nio/fs/WindowsException'{0x000000008f86f528}> (0x000000008f86f528) 
thrown [s\open\src\hotspot\share\prims\jni.cpp, line 517]
Event: 328.621 Thread 0x000002cd16e3e460 Exception <a 'sun/nio/fs/WindowsException'{0x000000008f870640}> (0x000000008f870640) 
thrown [s\open\src\hotspot\share\prims\jni.cpp, line 517]
Event: 328.621 Thread 0x000002cd16e3e460 Exception <a 'sun/nio/fs/WindowsException'{0x000000008f870a18}> (0x000000008f870a18) 
thrown [s\open\src\hotspot\share\prims\jni.cpp, line 517]
Event: 328.621 Thread 0x000002cd16e3e460 Exception <a 'sun/nio/fs/WindowsException'{0x000000008f871bd0}> (0x000000008f871bd0) 
thrown [s\open\src\hotspot\share\prims\jni.cpp, line 517]
Event: 328.621 Thread 0x000002cd16e3e460 Exception <a 'sun/nio/fs/WindowsException'{0x000000008f871f00}> (0x000000008f871f00) 
thrown [s\open\src\hotspot\share\prims\jni.cpp, line 517]

VM Operations (20 events):
Event: 315.862 Executing VM operation: ICBufferFull
Event: 315.889 Executing VM operation: ICBufferFull done
Event: 316.117 Executing VM operation: ICBufferFull
Event: 316.118 Executing VM operation: ICBufferFull done
Event: 316.195 Executing VM operation: ICBufferFull
Event: 316.195 Executing VM operation: ICBufferFull done
Event: 317.242 Executing VM operation: Cleanup
Event: 317.267 Executing VM operation: Cleanup done
Event: 323.585 Executing VM operation: Cleanup
Event: 324.223 Executing VM operation: Cleanup done
Event: 325.412 Executing VM operation: Cleanup
Event: 325.453 Executing VM operation: Cleanup done
Event: 326.556 Executing VM operation: Cleanup
Event: 326.557 Executing VM operation: Cleanup done
Event: 328.696 Executing VM operation: Cleanup
Event: 328.697 Executing VM operation: Cleanup done
Event: 329.908 Executing VM operation: Cleanup
Event: 330.048 Executing VM operation: Cleanup done
Event: 331.051 Executing VM operation: Cleanup
Event: 331.051 Executing VM operation: Cleanup done

Events (20 events):
Event: 296.323 Thread 0x000002cd35588890 flushing nmethod 0x000002cd1f7c5a90
Event: 296.323 Thread 0x000002cd35588890 flushing nmethod 0x000002cd1f7c6d10
Event: 296.323 Thread 0x000002cd35588890 flushing nmethod 0x000002cd1f7c7c10
Event: 296.323 Thread 0x000002cd35588890 flushing nmethod 0x000002cd1f7c7f90
Event: 296.323 Thread 0x000002cd35588890 flushing nmethod 0x000002cd1f7c9110
Event: 296.323 Thread 0x000002cd35588890 flushing nmethod 0x000002cd1f7cda90
Event: 296.323 Thread 0x000002cd35588890 flushing nmethod 0x000002cd1f7ce510
Event: 296.323 Thread 0x000002cd35588890 flushing nmethod 0x000002cd1f7cff10
Event: 296.323 Thread 0x000002cd35588890 flushing nmethod 0x000002cd1f7d0490
Event: 296.323 Thread 0x000002cd35588890 flushing nmethod 0x000002cd1f7d0a90
Event: 296.323 Thread 0x000002cd35588890 flushing nmethod 0x000002cd1f7d1190
Event: 296.323 Thread 0x000002cd35588890 flushing nmethod 0x000002cd1f7d1890
Event: 296.323 Thread 0x000002cd35588890 flushing nmethod 0x000002cd1f7d1e90
Event: 316.066 Thread 0x000002cd35588890 flushing nmethod 0x000002cd1f1fc110
Event: 316.095 Thread 0x000002cd35588890 flushing nmethod 0x000002cd1f69a510
Event: 316.096 Thread 0x000002cd35588890 flushing nmethod 0x000002cd1f6d7590
Event: 316.117 Thread 0x000002cd35588890 flushing nmethod 0x000002cd1f7d2790
Event: 316.117 Thread 0x000002cd35588890 flushing nmethod 0x000002cd1f7d4d10
Event: 316.117 Thread 0x000002cd35588890 flushing nmethod 0x000002cd1f7d6790
Event: 316.117 Thread 0x000002cd35588890 flushing nmethod 0x000002cd1f7e2c10


Dynamic libraries:
0x00007ff75d2a0000 - 0x00007ff75d2b0000 	C:\Program Files\Java\jdk-19\bin\java.exe
0x00007ffd17dc0000 - 0x00007ffd17fc9000 	C:\WINDOWS\SYSTEM32\ntdll.dll
0x00007ffd16ad0000 - 0x00007ffd16b8e000 	C:\WINDOWS\System32\KERNEL32.DLL
0x00007ffd15870000 - 0x00007ffd15bf4000 	C:\WINDOWS\System32\KERNELBASE.dll
0x00007ffd15270000 - 0x00007ffd15381000 	C:\WINDOWS\System32\ucrtbase.dll
0x00007ffcfb4c0000 - 0x00007ffcfb4d8000 	C:\Program Files\Java\jdk-19\bin\jli.dll
0x00007ffd177a0000 - 0x00007ffd1784f000 	C:\WINDOWS\System32\ADVAPI32.dll
0x00007ffd176d0000 - 0x00007ffd17773000 	C:\WINDOWS\System32\msvcrt.dll
0x00007ffd17630000 - 0x00007ffd176ce000 	C:\WINDOWS\System32\sechost.dll
0x00007ffd16910000 - 0x00007ffd16a31000 	C:\WINDOWS\System32\RPCRT4.dll
0x00007ffd12330000 - 0x00007ffd1234b000 	C:\Program Files\Java\jdk-19\bin\VCRUNTIME140.dll
0x00007ffd15cd0000 - 0x00007ffd15e7d000 	C:\WINDOWS\System32\USER32.dll
0x00007ffd15c00000 - 0x00007ffd15c26000 	C:\WINDOWS\System32\win32u.dll
0x00007ffd16c70000 - 0x00007ffd16c9a000 	C:\WINDOWS\System32\GDI32.dll
0x00007ffd15540000 - 0x00007ffd1565f000 	C:\WINDOWS\System32\gdi32full.dll
0x00007ffd15660000 - 0x00007ffd156fd000 	C:\WINDOWS\System32\msvcp_win.dll
0x00007ffcff340000 - 0x00007ffcff5e5000 	C:\WINDOWS\WinSxS\amd64_microsoft.windows.common-controls_6595b64144ccf1df_6.0.22000.120_none_9d947278b86cc467\COMCTL32.dll
0x00007ffd0f3f0000 - 0x00007ffd0f3fa000 	C:\WINDOWS\SYSTEM32\VERSION.dll
0x00007ffd15c90000 - 0x00007ffd15cc1000 	C:\WINDOWS\System32\IMM32.DLL
0x00007ffd12380000 - 0x00007ffd1238c000 	C:\Program Files\Java\jdk-19\bin\vcruntime140_1.dll
0x00007ffcea700000 - 0x00007ffcea78e000 	C:\Program Files\Java\jdk-19\bin\msvcp140.dll
0x00007ffcaf740000 - 0x00007ffcb0400000 	C:\Program Files\Java\jdk-19\bin\server\jvm.dll
0x00007ffce9940000 - 0x00007ffce9949000 	C:\WINDOWS\SYSTEM32\WSOCK32.dll
0x00007ffd15e80000 - 0x00007ffd15eef000 	C:\WINDOWS\System32\WS2_32.dll
0x00007ffd0f410000 - 0x00007ffd0f443000 	C:\WINDOWS\SYSTEM32\WINMM.dll
0x00007ffd143e0000 - 0x00007ffd143f8000 	C:\WINDOWS\SYSTEM32\kernel.appcore.dll
0x00007ffd11b30000 - 0x00007ffd11b3a000 	C:\Program Files\Java\jdk-19\bin\jimage.dll
0x00007ffd12ed0000 - 0x00007ffd130f1000 	C:\WINDOWS\SYSTEM32\DBGHELP.DLL
0x00007ffcfca70000 - 0x00007ffcfcaa1000 	C:\WINDOWS\SYSTEM32\dbgcore.DLL
0x00007ffd15450000 - 0x00007ffd154cf000 	C:\WINDOWS\System32\bcryptPrimitives.dll
0x00007ffd11ab0000 - 0x00007ffd11ad6000 	C:\Program Files\Java\jdk-19\bin\java.dll
0x00007ffce79d0000 - 0x00007ffce7aa7000 	C:\Program Files\Java\jdk-19\bin\jsvml.dll
0x00007ffd16ca0000 - 0x00007ffd17465000 	C:\WINDOWS\System32\SHELL32.dll
0x00007ffd13360000 - 0x00007ffd13bc4000 	C:\WINDOWS\SYSTEM32\windows.storage.dll
0x00007ffd16520000 - 0x00007ffd16896000 	C:\WINDOWS\System32\combase.dll
0x00007ffd131f0000 - 0x00007ffd13357000 	C:\WINDOWS\SYSTEM32\wintypes.dll
0x00007ffd174d0000 - 0x00007ffd175ba000 	C:\WINDOWS\System32\SHCORE.dll
0x00007ffd15c30000 - 0x00007ffd15c8d000 	C:\WINDOWS\System32\shlwapi.dll
0x00007ffd151a0000 - 0x00007ffd151c1000 	C:\WINDOWS\SYSTEM32\profapi.dll
0x00007ffd04080000 - 0x00007ffd04093000 	C:\Program Files\Java\jdk-19\bin\net.dll
0x00007ffd0edc0000 - 0x00007ffd0eed3000 	C:\WINDOWS\SYSTEM32\WINHTTP.dll
0x00007ffd14880000 - 0x00007ffd148e7000 	C:\WINDOWS\system32\mswsock.dll
0x00007ffcfd5f0000 - 0x00007ffcfd606000 	C:\Program Files\Java\jdk-19\bin\nio.dll
0x00007ffcfd5d0000 - 0x00007ffcfd5e8000 	C:\Program Files\Java\jdk-19\bin\zip.dll
0x0000000069ac0000 - 0x0000000069ae4000 	C:\Users\User\Desktop\NETBEAN\NetBeans-15\netbeans\java\maven\lib\jansi-native\Windows\x86_64\jansi.dll
0x00007ffd10620000 - 0x00007ffd10630000 	C:\Program Files\Java\jdk-19\bin\verify.dll

dbghelp: loaded successfully - version: 4.0.5 - missing functions: none
symbol engine: initialized successfully - sym options: 0x614 - pdb path: .;C:\Program Files\Java\jdk-19\bin;C:\WINDOWS\SYSTEM32;C:\WINDOWS\WinSxS\amd64_microsoft.windows.common-controls_6595b64144ccf1df_6.0.22000.120_none_9d947278b86cc467;C:\Program Files\Java\jdk-19\bin\server;C:\Users\User\Desktop\NETBEAN\NetBeans-15\netbeans\java\maven\lib\jansi-native\Windows\x86_64

VM Arguments:
jvm_args: -Dclassworlds.conf=C:\Users\User\Desktop\NETBEAN\NetBeans-15\netbeans\java\maven\bin\m2.conf -Dmaven.home=C:\Users\User\Desktop\NETBEAN\NetBeans-15\netbeans\java\maven -Dlibrary.jansi.path=C:\Users\User\Desktop\NETBEAN\NetBeans-15\netbeans\java\maven\lib\jansi-native -Dmaven.multiModuleProjectDirectory=C:\Users\User\Desktop\NETBEAN\WallStreetWarriors 
java_command: org.codehaus.plexus.classworlds.launcher.Launcher -Dmaven.ext.class.path=C:\Users\User\Desktop\NETBEAN\NetBeans-15\netbeans\java\maven-nblib\netbeans-eventspy.jar install
java_class_path (initial): C:\Users\User\Desktop\NETBEAN\NetBeans-15\netbeans\java\maven\boot\plexus-classworlds-2.6.0.jar
Launcher Type: SUN_STANDARD

[Global flags]
     intx CICompilerCount                          = 4                                         {product} {ergonomic}
     uint ConcGCThreads                            = 2                                         {product} {ergonomic}
     uint G1ConcRefinementThreads                  = 8                                         {product} {ergonomic}
   size_t G1HeapRegionSize                         = 1048576                                   {product} {ergonomic}
    uintx GCDrainStackTargetSize                   = 64                                        {product} {ergonomic}
   size_t InitialHeapSize                          = 132120576                                 {product} {ergonomic}
   size_t MarkStackSize                            = 4194304                                   {product} {ergonomic}
   size_t MaxHeapSize                              = 2105540608                                {product} {ergonomic}
   size_t MaxNewSize                               = 1262485504                                {product} {ergonomic}
   size_t MinHeapDeltaBytes                        = 1048576                                   {product} {ergonomic}
   size_t MinHeapSize                              = 8388608                                   {product} {ergonomic}
    uintx NonNMethodCodeHeapSize                   = 5839372                                {pd product} {ergonomic}
    uintx NonProfiledCodeHeapSize                  = 122909434                              {pd product} {ergonomic}
    uintx ProfiledCodeHeapSize                     = 122909434                              {pd product} {ergonomic}
    uintx ReservedCodeCacheSize                    = 251658240                              {pd product} {ergonomic}
     bool SegmentedCodeCache                       = true                                      {product} {ergonomic}
   size_t SoftMaxHeapSize                          = 2105540608                             {manageable} {ergonomic}
     bool UseCompressedClassPointers               = true                           {product lp64_product} {ergonomic}
     bool UseCompressedOops                        = true                           {product lp64_product} {ergonomic}
     bool UseG1GC                                  = true                                      {product} {ergonomic}
     bool UseLargePagesIndividualAllocation        = false                                  {pd product} {ergonomic}

Logging:
Log output configuration:
 #0: stdout all=warning uptime,level,tags foldmultilines=false
 #1: stderr all=off uptime,level,tags foldmultilines=false

Environment Variables:
JAVA_HOME=C:\Program Files\Java\jdk-19
PATH=C:\Program Files\Common Files\Oracle\Java\javapath;C:\Windows\system32;C:\Windows;C:\Windows\System32\Wbem;C:\Windows\System32\WindowsPowerShell\v1.0\;C:\Windows\System32\OpenSSH\;C:\Program Files (x86)\NVIDIA Corporation\PhysX\Common;C:\Program Files\NVIDIA Corporation\NVIDIA NvDLISR;C:\WINDOWS\system32;C:\WINDOWS;C:\WINDOWS\System32\Wbem;C:\WINDOWS\System32\WindowsPowerShell\v1.0\;C:\WINDOWS\System32\OpenSSH\;C:\Program Files\Java\jdk-19\bin;C:\Program Files\Microsoft SQL Server\130\Tools\Binn\;C:\Program Files\nodejs\;C:\Program Files\Git\cmd;C:\Users\User\AppData\Local\Programs\Python\Python311\Scripts\;C:\Users\User\AppData\Local\Programs\Python\Python311\;C:\Users\User\AppData\Local\Microsoft\WindowsApps;C:\Users\User\Desktop\Useful tools\Microsoft VS Code\bin;C:\Users\User\AppData\Local\GitHubDesktop\bin;C:\Users\User\AppData\Roaming\npm;C:\Program Files\Graphviz\bin
USERNAME=User
OS=Windows_NT
PROCESSOR_IDENTIFIER=Intel64 Family 6 Model 165 Stepping 2, GenuineIntel
TMP=C:\Users\User\AppData\Local\Temp
TEMP=C:\Users\User\AppData\Local\Temp



---------------  S Y S T E M  ---------------

OS:
 Windows 11 , 64 bit Build 22000 (10.0.22000.1880)
OS uptime: 3 days 20:49 hours

CPU: total 8 (initial active 8) (4 cores per cpu, 2 threads per core) family 6 model 165 stepping 2 microcode 0xe0, cx8, cmov, fxsr, ht, mmx, 3dnowpref, sse, sse2, sse3, ssse3, sse4.1, sse4.2, popcnt, lzcnt, tsc, tscinvbit, avx, avx2, aes, erms, clmul, bmi1, bmi2, adx, fma, vzeroupper, clflush, clflushopt, rdtscp

Memory: 4k page, system-wide physical 8029M (5M free)
TotalPageFile size 32605M (AvailPageFile size 6M)
current process WorkingSet (physical memory assigned to process): 83M, peak: 168M
current process commit charge ("private bytes"): 398M, peak: 399M

vm_info: Java HotSpot(TM) 64-Bit Server VM (19+36-2238) for windows-amd64 JRE (19+36-2238), built on 2022-08-12T20:29:01Z by "mach5one" with MS VC++ 17.1 (VS2022)

END.
