#
# There is insufficient memory for the Java Runtime Environment to continue.
# Native memory allocation (malloc) failed to allocate 65552 bytes for Chunk::new
# Possible reasons:
#   The system is out of physical RAM or swap space
#   The process is running with CompressedOops enabled, and the Java Heap may be blocking the growth of the native heap
# Possible solutions:
#   Reduce memory load on the system
#   Increase physical memory or swap space
#   Check if swap backing store is full
#   Decrease Java heap size (-Xmx/-Xms)
#   Decrease number of Java threads
#   Decrease Java thread stack sizes (-Xss)
#   Set larger code cache with -XX:ReservedCodeCacheSize=
#   JVM is running with Unscaled Compressed Oops mode in which the Java heap is
#     placed in the first 4GB address space. The Java Heap base address is the
#     maximum limit for the native heap growth. Please use -XX:HeapBaseMinAddress
#     to set the Java Heap base and to place the Java Heap above 4GB virtual address.
# This output file may be truncated or incomplete.
#
#  Out of Memory Error (arena.cpp:184), pid=33672, tid=11052
#
# JRE version: Java(TM) SE Runtime Environment (19.0+36) (build 19+36-2238)
# Java VM: Java HotSpot(TM) 64-Bit Server VM (19+36-2238, mixed mode, sharing, tiered, compressed oops, compressed class ptrs, g1 gc, windows-amd64)
# No core dump will be written. Minidumps are not enabled by default on client versions of Windows
#

---------------  S U M M A R Y ------------

Command Line: -Dclassworlds.conf=C:\Users\User\Desktop\NETBEAN\NetBeans-15\netbeans\java\maven\bin\m2.conf -Dmaven.home=C:\Users\User\Desktop\NETBEAN\NetBeans-15\netbeans\java\maven -Dlibrary.jansi.path=C:\Users\User\Desktop\NETBEAN\NetBeans-15\netbeans\java\maven\lib\jansi-native -Dmaven.multiModuleProjectDirectory=C:\Users\User\Desktop\NETBEAN\WallStreetWarriors org.codehaus.plexus.classworlds.launcher.Launcher -Dmaven.ext.class.path=C:\Users\User\Desktop\NETBEAN\NetBeans-15\netbeans\java\maven-nblib\netbeans-eventspy.jar install

Host: Intel(R) Core(TM) i5-10300H CPU @ 2.50GHz, 8 cores, 7G,  Windows 11 , 64 bit Build 22000 (10.0.22000.1880)
Time: Mon Jun 12 20:45:21 2023 Malay Peninsula Standard Time elapsed time: 250.343788 seconds (0d 0h 4m 10s)

---------------  T H R E A D  ---------------

Current thread (0x0000023d6abaf290):  JavaThread "C2 CompilerThread0" daemon [_thread_in_native, id=11052, stack(0x000000de41900000,0x000000de41a00000)]


Current CompileTask:
C2: 250380 3941       4       org.codehaus.plexus.util.xml.pull.MXParser::parseAttribute (1641 bytes)

Stack: [0x000000de41900000,0x000000de41a00000]
Native frames: (J=compiled Java code, j=interpreted, Vv=VM code, C=native code)
V  [jvm.dll+0x6ee8fa]
V  [jvm.dll+0x857a1e]
V  [jvm.dll+0x85940e]
V  [jvm.dll+0x859ac3]
V  [jvm.dll+0x28291f]
V  [jvm.dll+0xc9b5f]
V  [jvm.dll+0xc9ee5]
V  [jvm.dll+0xc9c84]
V  [jvm.dll+0x6ccd6c]
V  [jvm.dll+0x2534c9]
V  [jvm.dll+0x713c12]
V  [jvm.dll+0x24b393]
V  [jvm.dll+0x1d6d61]
V  [jvm.dll+0x25b0fa]
V  [jvm.dll+0x259588]
V  [jvm.dll+0x807928]
V  [jvm.dll+0x8015fa]
V  [jvm.dll+0x6ed5eb]
C  [ucrtbase.dll+0x26c0c]
C  [KERNEL32.DLL+0x155a0]
C  [ntdll.dll+0x485b]


---------------  P R O C E S S  ---------------

Threads class SMR info:
_java_thread_list=0x0000023d704e2de0, length=12, elements={
0x0000023d4c44e070, 0x0000023d6aba72e0, 0x0000023d6aba7fb0, 0x0000023d6abaaa90,
0x0000023d6abad3d0, 0x0000023d6abadd00, 0x0000023d6abae630, 0x0000023d6abaf290,
0x0000023d6abb00e0, 0x0000023d6abb1390, 0x0000023d6f0ddef0, 0x0000023d6f0e48b0
}

Java Threads: ( => current thread )
  0x0000023d4c44e070 JavaThread "main" [_thread_in_native, id=30492, stack(0x000000de40c00000,0x000000de40d00000)]
  0x0000023d6aba72e0 JavaThread "Reference Handler" daemon [_thread_blocked, id=24804, stack(0x000000de41300000,0x000000de41400000)]
  0x0000023d6aba7fb0 JavaThread "Finalizer" daemon [_thread_blocked, id=7132, stack(0x000000de41400000,0x000000de41500000)]
  0x0000023d6abaaa90 JavaThread "Signal Dispatcher" daemon [_thread_blocked, id=30364, stack(0x000000de41500000,0x000000de41600000)]
  0x0000023d6abad3d0 JavaThread "Attach Listener" daemon [_thread_blocked, id=24732, stack(0x000000de41600000,0x000000de41700000)]
  0x0000023d6abadd00 JavaThread "Service Thread" daemon [_thread_blocked, id=33648, stack(0x000000de41700000,0x000000de41800000)]
  0x0000023d6abae630 JavaThread "Monitor Deflation Thread" daemon [_thread_blocked, id=15280, stack(0x000000de41800000,0x000000de41900000)]
=>0x0000023d6abaf290 JavaThread "C2 CompilerThread0" daemon [_thread_in_native, id=11052, stack(0x000000de41900000,0x000000de41a00000)]
  0x0000023d6abb00e0 JavaThread "C1 CompilerThread0" daemon [_thread_in_native, id=12600, stack(0x000000de41a00000,0x000000de41b00000)]
  0x0000023d6abb1390 JavaThread "Sweeper thread" daemon [_thread_blocked, id=21116, stack(0x000000de41b00000,0x000000de41c00000)]
  0x0000023d6f0ddef0 JavaThread "Notification Thread" daemon [_thread_blocked, id=28312, stack(0x000000de41c00000,0x000000de41d00000)]
  0x0000023d6f0e48b0 JavaThread "Common-Cleaner" daemon [_thread_blocked, id=30700, stack(0x000000de41e00000,0x000000de41f00000)]

Other Threads:
  0x0000023d6ab89000 VMThread "VM Thread" [stack: 0x000000de41200000,0x000000de41300000] [id=18880]
  0x0000023d6f0e4450 WatcherThread "VM Periodic Task Thread" [stack: 0x000000de41d00000,0x000000de41e00000] [id=28580]
  0x0000023d4c4ae010 WorkerThread "GC Thread#0" [stack: 0x000000de40d00000,0x000000de40e00000] [id=33660]
  0x0000023d6fccc380 WorkerThread "GC Thread#1" [stack: 0x000000de42100000,0x000000de42200000] [id=14768]
  0x0000023d6fccaa30 WorkerThread "GC Thread#2" [stack: 0x000000de42200000,0x000000de42300000] [id=19964]
  0x0000023d6fccad00 WorkerThread "GC Thread#3" [stack: 0x000000de42300000,0x000000de42400000] [id=21020]
  0x0000023d6fccbde0 WorkerThread "GC Thread#4" [stack: 0x000000de42400000,0x000000de42500000] [id=4676]
  0x0000023d6fccbb10 WorkerThread "GC Thread#5" [stack: 0x000000de42500000,0x000000de42600000] [id=23156]
  0x0000023d6fccc0b0 WorkerThread "GC Thread#6" [stack: 0x000000de42600000,0x000000de42700000] [id=14064]
  0x0000023d6fccb570 WorkerThread "GC Thread#7" [stack: 0x000000de42700000,0x000000de42800000] [id=28000]
  0x0000023d4c4bed70 ConcurrentGCThread "G1 Main Marker" [stack: 0x000000de40e00000,0x000000de40f00000] [id=33572]
  0x0000023d4c4bf7a0 WorkerThread "G1 Conc#0" [stack: 0x000000de40f00000,0x000000de41000000] [id=33564]
  0x0000023d4c51dec0 ConcurrentGCThread "G1 Refine#0" [stack: 0x000000de41000000,0x000000de41100000] [id=33516]
  0x0000023d4c51ea00 ConcurrentGCThread "G1 Service" [stack: 0x000000de41100000,0x000000de41200000] [id=10624]

Threads with active compile tasks:
C2 CompilerThread0   251530 3941       4       org.codehaus.plexus.util.xml.pull.MXParser::parseAttribute (1641 bytes)
C1 CompilerThread0   251530 3950       3       java.util.regex.Pattern::range (294 bytes)

VM state: not at safepoint (normal execution)

VM Mutex/Monitor currently owned by a thread: None

Heap address: 0x0000000082800000, size: 2008 MB, Compressed Oops mode: 32-bit

CDS archive(s) mapped at: [0x0000000800000000-0x0000000800c40000-0x0000000800c40000), size 12845056, SharedBaseAddress: 0x0000000800000000, ArchiveRelocationMode: 0.
Compressed class space mapped at: 0x0000000801000000-0x0000000841000000, reserved size: 1073741824
Narrow klass base: 0x0000000800000000, Narrow klass shift: 0, Narrow klass range: 0x100000000

GC Precious Log:
 CardTable entry size: 512
 Card Set container configuration: InlinePtr #cards 5 size 8 Array Of Cards #cards 12 size 40 Howl #buckets 4 coarsen threshold 1843 Howl Bitmap #cards 512 size 80 coarsen threshold 460 Card regions per heap region 1 cards per card region 2048
 CPUs: 8 total, 8 available
 Memory: 8029M
 Large Page Support: Disabled
 NUMA Support: Disabled
 Compressed Oops: Enabled (32-bit)
 Heap Region Size: 1M
 Heap Min Capacity: 8M
 Heap Initial Capacity: 126M
 Heap Max Capacity: 2008M
 Pre-touch: Disabled
 Parallel Workers: 8
 Concurrent Workers: 2
 Concurrent Refinement Workers: 8
 Periodic GC: Disabled

Heap:
 garbage-first heap   total 129024K, used 54842K [0x0000000082800000, 0x0000000100000000)
  region size 1024K, 11 young (11264K), 3 survivors (3072K)
 Metaspace       used 14872K, committed 15232K, reserved 1114112K
  class space    used 1591K, committed 1792K, reserved 1048576K

Heap Regions: E=young(eden), S=young(survivor), O=old, HS=humongous(starts), HC=humongous(continues), CS=collection set, F=free, OA=open archive, CA=closed archive, TAMS=top-at-mark-start (previous, next)
|   0|0x0000000082800000, 0x0000000082900000, 0x0000000082900000|100%| O|  |TAMS 0x0000000082800000, 0x0000000082800000| Untracked 
|   1|0x0000000082900000, 0x0000000082a00000, 0x0000000082a00000|100%| O|  |TAMS 0x0000000082900000, 0x0000000082900000| Untracked 
|   2|0x0000000082a00000, 0x0000000082b00000, 0x0000000082b00000|100%| O|  |TAMS 0x0000000082a00000, 0x0000000082a00000| Untracked 
|   3|0x0000000082b00000, 0x0000000082c00000, 0x0000000082c00000|100%| O|  |TAMS 0x0000000082b00000, 0x0000000082b00000| Untracked 
|   4|0x0000000082c00000, 0x0000000082d00000, 0x0000000082d00000|100%| O|  |TAMS 0x0000000082c00000, 0x0000000082c00000| Untracked 
|   5|0x0000000082d00000, 0x0000000082e00000, 0x0000000082e00000|100%| O|  |TAMS 0x0000000082d00000, 0x0000000082d00000| Untracked 
|   6|0x0000000082e00000, 0x0000000082f00000, 0x0000000082f00000|100%| O|  |TAMS 0x0000000082e00000, 0x0000000082e00000| Untracked 
|   7|0x0000000082f00000, 0x0000000083000000, 0x0000000083000000|100%| O|  |TAMS 0x0000000082f00000, 0x0000000082f00000| Untracked 
|   8|0x0000000083000000, 0x0000000083100000, 0x0000000083100000|100%| O|  |TAMS 0x0000000083000000, 0x0000000083000000| Untracked 
|   9|0x0000000083100000, 0x0000000083200000, 0x0000000083200000|100%| O|  |TAMS 0x0000000083100000, 0x0000000083100000| Untracked 
|  10|0x0000000083200000, 0x0000000083300000, 0x0000000083300000|100%| O|  |TAMS 0x0000000083200000, 0x0000000083200000| Untracked 
|  11|0x0000000083300000, 0x0000000083400000, 0x0000000083400000|100%| O|  |TAMS 0x0000000083300000, 0x0000000083300000| Untracked 
|  12|0x0000000083400000, 0x000000008340ea00, 0x0000000083500000|  5%| O|  |TAMS 0x0000000083400000, 0x0000000083400000| Untracked 
|  13|0x0000000083500000, 0x0000000083600000, 0x0000000083600000|100%|HS|  |TAMS 0x0000000083500000, 0x0000000083500000| Complete 
|  14|0x0000000083600000, 0x0000000083700000, 0x0000000083700000|100%|HC|  |TAMS 0x0000000083600000, 0x0000000083600000| Complete 
|  15|0x0000000083700000, 0x0000000083800000, 0x0000000083800000|100%|HC|  |TAMS 0x0000000083700000, 0x0000000083700000| Complete 
|  16|0x0000000083800000, 0x0000000083900000, 0x0000000083900000|100%|HC|  |TAMS 0x0000000083800000, 0x0000000083800000| Complete 
|  17|0x0000000083900000, 0x0000000083a00000, 0x0000000083a00000|100%|HC|  |TAMS 0x0000000083900000, 0x0000000083900000| Complete 
|  18|0x0000000083a00000, 0x0000000083b00000, 0x0000000083b00000|100%|HC|  |TAMS 0x0000000083a00000, 0x0000000083a00000| Complete 
|  19|0x0000000083b00000, 0x0000000083c00000, 0x0000000083c00000|100%|HC|  |TAMS 0x0000000083b00000, 0x0000000083b00000| Complete 
|  20|0x0000000083c00000, 0x0000000083d00000, 0x0000000083d00000|100%|HC|  |TAMS 0x0000000083c00000, 0x0000000083c00000| Complete 
|  21|0x0000000083d00000, 0x0000000083e00000, 0x0000000083e00000|100%|HS|  |TAMS 0x0000000083d00000, 0x0000000083d00000| Complete 
|  22|0x0000000083e00000, 0x0000000083f00000, 0x0000000083f00000|100%|HC|  |TAMS 0x0000000083e00000, 0x0000000083e00000| Complete 
|  23|0x0000000083f00000, 0x0000000084000000, 0x0000000084000000|100%|HC|  |TAMS 0x0000000083f00000, 0x0000000083f00000| Complete 
|  24|0x0000000084000000, 0x0000000084100000, 0x0000000084100000|100%|HC|  |TAMS 0x0000000084000000, 0x0000000084000000| Complete 
|  25|0x0000000084100000, 0x0000000084200000, 0x0000000084200000|100%|HC|  |TAMS 0x0000000084100000, 0x0000000084100000| Complete 
|  26|0x0000000084200000, 0x0000000084300000, 0x0000000084300000|100%|HC|  |TAMS 0x0000000084200000, 0x0000000084200000| Complete 
|  27|0x0000000084300000, 0x0000000084400000, 0x0000000084400000|100%|HC|  |TAMS 0x0000000084300000, 0x0000000084300000| Complete 
|  28|0x0000000084400000, 0x0000000084500000, 0x0000000084500000|100%|HC|  |TAMS 0x0000000084400000, 0x0000000084400000| Complete 
|  29|0x0000000084500000, 0x0000000084600000, 0x0000000084600000|100%|HC|  |TAMS 0x0000000084500000, 0x0000000084500000| Complete 
|  30|0x0000000084600000, 0x0000000084700000, 0x0000000084700000|100%|HC|  |TAMS 0x0000000084600000, 0x0000000084600000| Complete 
|  31|0x0000000084700000, 0x0000000084800000, 0x0000000084800000|100%|HC|  |TAMS 0x0000000084700000, 0x0000000084700000| Complete 
|  32|0x0000000084800000, 0x0000000084900000, 0x0000000084900000|100%|HC|  |TAMS 0x0000000084800000, 0x0000000084800000| Complete 
|  33|0x0000000084900000, 0x0000000084a00000, 0x0000000084a00000|100%|HS|  |TAMS 0x0000000084900000, 0x0000000084900000| Complete 
|  34|0x0000000084a00000, 0x0000000084b00000, 0x0000000084b00000|100%|HC|  |TAMS 0x0000000084a00000, 0x0000000084a00000| Complete 
|  35|0x0000000084b00000, 0x0000000084c00000, 0x0000000084c00000|100%|HC|  |TAMS 0x0000000084b00000, 0x0000000084b00000| Complete 
|  36|0x0000000084c00000, 0x0000000084d00000, 0x0000000084d00000|100%|HC|  |TAMS 0x0000000084c00000, 0x0000000084c00000| Complete 
|  37|0x0000000084d00000, 0x0000000084e00000, 0x0000000084e00000|100%|HC|  |TAMS 0x0000000084d00000, 0x0000000084d00000| Complete 
|  38|0x0000000084e00000, 0x0000000084f00000, 0x0000000084f00000|100%|HC|  |TAMS 0x0000000084e00000, 0x0000000084e00000| Complete 
|  39|0x0000000084f00000, 0x0000000085000000, 0x0000000085000000|100%|HC|  |TAMS 0x0000000084f00000, 0x0000000084f00000| Complete 
|  40|0x0000000085000000, 0x0000000085100000, 0x0000000085100000|100%|HC|  |TAMS 0x0000000085000000, 0x0000000085000000| Complete 
|  41|0x0000000085100000, 0x0000000085200000, 0x0000000085200000|100%|HC|  |TAMS 0x0000000085100000, 0x0000000085100000| Complete 
|  42|0x0000000085200000, 0x0000000085300000, 0x0000000085300000|100%|HC|  |TAMS 0x0000000085200000, 0x0000000085200000| Complete 
|  43|0x0000000085300000, 0x0000000085400000, 0x0000000085400000|100%|HC|  |TAMS 0x0000000085300000, 0x0000000085300000| Complete 
|  44|0x0000000085400000, 0x0000000085500000, 0x0000000085500000|100%|HC|  |TAMS 0x0000000085400000, 0x0000000085400000| Complete 
|  45|0x0000000085500000, 0x0000000085500000, 0x0000000085600000|  0%| F|  |TAMS 0x0000000085500000, 0x0000000085500000| Untracked 
|  46|0x0000000085600000, 0x0000000085600000, 0x0000000085700000|  0%| F|  |TAMS 0x0000000085600000, 0x0000000085600000| Untracked 
|  47|0x0000000085700000, 0x0000000085700000, 0x0000000085800000|  0%| F|  |TAMS 0x0000000085700000, 0x0000000085700000| Untracked 
|  48|0x0000000085800000, 0x0000000085800000, 0x0000000085900000|  0%| F|  |TAMS 0x0000000085800000, 0x0000000085800000| Untracked 
|  49|0x0000000085900000, 0x0000000085900000, 0x0000000085a00000|  0%| F|  |TAMS 0x0000000085900000, 0x0000000085900000| Untracked 
|  50|0x0000000085a00000, 0x0000000085a00000, 0x0000000085b00000|  0%| F|  |TAMS 0x0000000085a00000, 0x0000000085a00000| Untracked 
|  51|0x0000000085b00000, 0x0000000085b00000, 0x0000000085c00000|  0%| F|  |TAMS 0x0000000085b00000, 0x0000000085b00000| Untracked 
|  52|0x0000000085c00000, 0x0000000085c00000, 0x0000000085d00000|  0%| F|  |TAMS 0x0000000085c00000, 0x0000000085c00000| Untracked 
|  53|0x0000000085d00000, 0x0000000085d00000, 0x0000000085e00000|  0%| F|  |TAMS 0x0000000085d00000, 0x0000000085d00000| Untracked 
|  54|0x0000000085e00000, 0x0000000085e00000, 0x0000000085f00000|  0%| F|  |TAMS 0x0000000085e00000, 0x0000000085e00000| Untracked 
|  55|0x0000000085f00000, 0x0000000085f00000, 0x0000000086000000|  0%| F|  |TAMS 0x0000000085f00000, 0x0000000085f00000| Untracked 
|  56|0x0000000086000000, 0x0000000086000000, 0x0000000086100000|  0%| F|  |TAMS 0x0000000086000000, 0x0000000086000000| Untracked 
|  57|0x0000000086100000, 0x0000000086100000, 0x0000000086200000|  0%| F|  |TAMS 0x0000000086100000, 0x0000000086100000| Untracked 
|  58|0x0000000086200000, 0x0000000086200000, 0x0000000086300000|  0%| F|  |TAMS 0x0000000086200000, 0x0000000086200000| Untracked 
|  59|0x0000000086300000, 0x0000000086300000, 0x0000000086400000|  0%| F|  |TAMS 0x0000000086300000, 0x0000000086300000| Untracked 
|  60|0x0000000086400000, 0x0000000086400000, 0x0000000086500000|  0%| F|  |TAMS 0x0000000086400000, 0x0000000086400000| Untracked 
|  61|0x0000000086500000, 0x0000000086500000, 0x0000000086600000|  0%| F|  |TAMS 0x0000000086500000, 0x0000000086500000| Untracked 
|  62|0x0000000086600000, 0x0000000086600000, 0x0000000086700000|  0%| F|  |TAMS 0x0000000086600000, 0x0000000086600000| Untracked 
|  63|0x0000000086700000, 0x0000000086700000, 0x0000000086800000|  0%| F|  |TAMS 0x0000000086700000, 0x0000000086700000| Untracked 
|  64|0x0000000086800000, 0x0000000086800000, 0x0000000086900000|  0%| F|  |TAMS 0x0000000086800000, 0x0000000086800000| Untracked 
|  65|0x0000000086900000, 0x0000000086900000, 0x0000000086a00000|  0%| F|  |TAMS 0x0000000086900000, 0x0000000086900000| Untracked 
|  66|0x0000000086a00000, 0x0000000086a00000, 0x0000000086b00000|  0%| F|  |TAMS 0x0000000086a00000, 0x0000000086a00000| Untracked 
|  67|0x0000000086b00000, 0x0000000086b00000, 0x0000000086c00000|  0%| F|  |TAMS 0x0000000086b00000, 0x0000000086b00000| Untracked 
|  68|0x0000000086c00000, 0x0000000086c00000, 0x0000000086d00000|  0%| F|  |TAMS 0x0000000086c00000, 0x0000000086c00000| Untracked 
|  69|0x0000000086d00000, 0x0000000086d00000, 0x0000000086e00000|  0%| F|  |TAMS 0x0000000086d00000, 0x0000000086d00000| Untracked 
|  70|0x0000000086e00000, 0x0000000086e00000, 0x0000000086f00000|  0%| F|  |TAMS 0x0000000086e00000, 0x0000000086e00000| Untracked 
|  71|0x0000000086f00000, 0x0000000086f00000, 0x0000000087000000|  0%| F|  |TAMS 0x0000000086f00000, 0x0000000086f00000| Untracked 
|  72|0x0000000087000000, 0x0000000087000000, 0x0000000087100000|  0%| F|  |TAMS 0x0000000087000000, 0x0000000087000000| Untracked 
|  73|0x0000000087100000, 0x0000000087100000, 0x0000000087200000|  0%| F|  |TAMS 0x0000000087100000, 0x0000000087100000| Untracked 
|  74|0x0000000087200000, 0x0000000087200000, 0x0000000087300000|  0%| F|  |TAMS 0x0000000087200000, 0x0000000087200000| Untracked 
|  75|0x0000000087300000, 0x0000000087300000, 0x0000000087400000|  0%| F|  |TAMS 0x0000000087300000, 0x0000000087300000| Untracked 
|  76|0x0000000087400000, 0x0000000087400000, 0x0000000087500000|  0%| F|  |TAMS 0x0000000087400000, 0x0000000087400000| Untracked 
|  77|0x0000000087500000, 0x0000000087500000, 0x0000000087600000|  0%| F|  |TAMS 0x0000000087500000, 0x0000000087500000| Untracked 
|  78|0x0000000087600000, 0x0000000087600000, 0x0000000087700000|  0%| F|  |TAMS 0x0000000087600000, 0x0000000087600000| Untracked 
|  79|0x0000000087700000, 0x0000000087700000, 0x0000000087800000|  0%| F|  |TAMS 0x0000000087700000, 0x0000000087700000| Untracked 
|  80|0x0000000087800000, 0x0000000087800000, 0x0000000087900000|  0%| F|  |TAMS 0x0000000087800000, 0x0000000087800000| Untracked 
|  81|0x0000000087900000, 0x0000000087900000, 0x0000000087a00000|  0%| F|  |TAMS 0x0000000087900000, 0x0000000087900000| Untracked 
|  82|0x0000000087a00000, 0x0000000087a00000, 0x0000000087b00000|  0%| F|  |TAMS 0x0000000087a00000, 0x0000000087a00000| Untracked 
|  83|0x0000000087b00000, 0x0000000087b00000, 0x0000000087c00000|  0%| F|  |TAMS 0x0000000087b00000, 0x0000000087b00000| Untracked 
|  84|0x0000000087c00000, 0x0000000087c00000, 0x0000000087d00000|  0%| F|  |TAMS 0x0000000087c00000, 0x0000000087c00000| Untracked 
|  85|0x0000000087d00000, 0x0000000087d00000, 0x0000000087e00000|  0%| F|  |TAMS 0x0000000087d00000, 0x0000000087d00000| Untracked 
|  86|0x0000000087e00000, 0x0000000087e00000, 0x0000000087f00000|  0%| F|  |TAMS 0x0000000087e00000, 0x0000000087e00000| Untracked 
|  87|0x0000000087f00000, 0x0000000087f00000, 0x0000000088000000|  0%| F|  |TAMS 0x0000000087f00000, 0x0000000087f00000| Untracked 
|  88|0x0000000088000000, 0x0000000088000000, 0x0000000088100000|  0%| F|  |TAMS 0x0000000088000000, 0x0000000088000000| Untracked 
|  89|0x0000000088100000, 0x0000000088100000, 0x0000000088200000|  0%| F|  |TAMS 0x0000000088100000, 0x0000000088100000| Untracked 
|  90|0x0000000088200000, 0x0000000088200000, 0x0000000088300000|  0%| F|  |TAMS 0x0000000088200000, 0x0000000088200000| Untracked 
|  91|0x0000000088300000, 0x0000000088300000, 0x0000000088400000|  0%| F|  |TAMS 0x0000000088300000, 0x0000000088300000| Untracked 
|  92|0x0000000088400000, 0x0000000088400000, 0x0000000088500000|  0%| F|  |TAMS 0x0000000088400000, 0x0000000088400000| Untracked 
|  93|0x0000000088500000, 0x0000000088500000, 0x0000000088600000|  0%| F|  |TAMS 0x0000000088500000, 0x0000000088500000| Untracked 
|  94|0x0000000088600000, 0x0000000088600000, 0x0000000088700000|  0%| F|  |TAMS 0x0000000088600000, 0x0000000088600000| Untracked 
|  95|0x0000000088700000, 0x0000000088700000, 0x0000000088800000|  0%| F|  |TAMS 0x0000000088700000, 0x0000000088700000| Untracked 
|  96|0x0000000088800000, 0x0000000088800000, 0x0000000088900000|  0%| F|  |TAMS 0x0000000088800000, 0x0000000088800000| Untracked 
|  97|0x0000000088900000, 0x0000000088900000, 0x0000000088a00000|  0%| F|  |TAMS 0x0000000088900000, 0x0000000088900000| Untracked 
|  98|0x0000000088a00000, 0x0000000088a00000, 0x0000000088b00000|  0%| F|  |TAMS 0x0000000088a00000, 0x0000000088a00000| Untracked 
|  99|0x0000000088b00000, 0x0000000088b00000, 0x0000000088c00000|  0%| F|  |TAMS 0x0000000088b00000, 0x0000000088b00000| Untracked 
| 100|0x0000000088c00000, 0x0000000088c00000, 0x0000000088d00000|  0%| F|  |TAMS 0x0000000088c00000, 0x0000000088c00000| Untracked 
| 101|0x0000000088d00000, 0x0000000088d00000, 0x0000000088e00000|  0%| F|  |TAMS 0x0000000088d00000, 0x0000000088d00000| Untracked 
| 102|0x0000000088e00000, 0x0000000088e7ffd8, 0x0000000088f00000| 49%| S|CS|TAMS 0x0000000088e00000, 0x0000000088e00000| Complete 
| 103|0x0000000088f00000, 0x0000000089000000, 0x0000000089000000|100%| S|CS|TAMS 0x0000000088f00000, 0x0000000088f00000| Complete 
| 104|0x0000000089000000, 0x0000000089100000, 0x0000000089100000|100%| S|CS|TAMS 0x0000000089000000, 0x0000000089000000| Complete 
| 105|0x0000000089100000, 0x0000000089100000, 0x0000000089200000|  0%| F|  |TAMS 0x0000000089100000, 0x0000000089100000| Untracked 
| 106|0x0000000089200000, 0x0000000089200000, 0x0000000089300000|  0%| F|  |TAMS 0x0000000089200000, 0x0000000089200000| Untracked 
| 107|0x0000000089300000, 0x0000000089300000, 0x0000000089400000|  0%| F|  |TAMS 0x0000000089300000, 0x0000000089300000| Untracked 
| 108|0x0000000089400000, 0x0000000089400000, 0x0000000089500000|  0%| F|  |TAMS 0x0000000089400000, 0x0000000089400000| Untracked 
| 109|0x0000000089500000, 0x0000000089500000, 0x0000000089600000|  0%| F|  |TAMS 0x0000000089500000, 0x0000000089500000| Untracked 
| 110|0x0000000089600000, 0x0000000089600000, 0x0000000089700000|  0%| F|  |TAMS 0x0000000089600000, 0x0000000089600000| Untracked 
| 111|0x0000000089700000, 0x0000000089700000, 0x0000000089800000|  0%| F|  |TAMS 0x0000000089700000, 0x0000000089700000| Untracked 
| 112|0x0000000089800000, 0x0000000089800000, 0x0000000089900000|  0%| F|  |TAMS 0x0000000089800000, 0x0000000089800000| Untracked 
| 113|0x0000000089900000, 0x0000000089900000, 0x0000000089a00000|  0%| F|  |TAMS 0x0000000089900000, 0x0000000089900000| Untracked 
| 114|0x0000000089a00000, 0x0000000089a00000, 0x0000000089b00000|  0%| F|  |TAMS 0x0000000089a00000, 0x0000000089a00000| Untracked 
| 115|0x0000000089b00000, 0x0000000089b00000, 0x0000000089c00000|  0%| F|  |TAMS 0x0000000089b00000, 0x0000000089b00000| Untracked 
| 116|0x0000000089c00000, 0x0000000089c00000, 0x0000000089d00000|  0%| F|  |TAMS 0x0000000089c00000, 0x0000000089c00000| Untracked 
| 117|0x0000000089d00000, 0x0000000089d00000, 0x0000000089e00000|  0%| F|  |TAMS 0x0000000089d00000, 0x0000000089d00000| Untracked 
| 118|0x0000000089e00000, 0x0000000089f00000, 0x0000000089f00000|100%| E|  |TAMS 0x0000000089e00000, 0x0000000089e00000| Complete 
| 119|0x0000000089f00000, 0x000000008a000000, 0x000000008a000000|100%| E|CS|TAMS 0x0000000089f00000, 0x0000000089f00000| Complete 
| 120|0x000000008a000000, 0x000000008a100000, 0x000000008a100000|100%| E|CS|TAMS 0x000000008a000000, 0x000000008a000000| Complete 
| 121|0x000000008a100000, 0x000000008a200000, 0x000000008a200000|100%| E|CS|TAMS 0x000000008a100000, 0x000000008a100000| Complete 
| 122|0x000000008a200000, 0x000000008a300000, 0x000000008a300000|100%| E|CS|TAMS 0x000000008a200000, 0x000000008a200000| Complete 
| 123|0x000000008a300000, 0x000000008a400000, 0x000000008a400000|100%| E|CS|TAMS 0x000000008a300000, 0x000000008a300000| Complete 
| 124|0x000000008a400000, 0x000000008a500000, 0x000000008a500000|100%| E|CS|TAMS 0x000000008a400000, 0x000000008a400000| Complete 
| 125|0x000000008a500000, 0x000000008a600000, 0x000000008a600000|100%| E|CS|TAMS 0x000000008a500000, 0x000000008a500000| Complete 

Card table byte_map: [0x0000023d63ae0000,0x0000023d63ed0000] _byte_map_base: 0x0000023d636cc000

Marking Bits (Prev, Next): (CMBitMap*) 0x0000023d4c4ae640, (CMBitMap*) 0x0000023d4c4ae680
 Prev Bits: [0x0000023d642c0000, 0x0000023d66220000)
 Next Bits: [0x0000023d66220000, 0x0000023d68180000)

Polling page: 0x0000023d4a390000

Metaspace:

Usage:
  Non-class:     12.97 MB used.
      Class:      1.55 MB used.
       Both:     14.52 MB used.

Virtual space:
  Non-class space:       64.00 MB reserved,      13.12 MB ( 21%) committed,  1 nodes.
      Class space:        1.00 GB reserved,       1.75 MB ( <1%) committed,  1 nodes.
             Both:        1.06 GB reserved,      14.88 MB (  1%) committed. 

Chunk freelists:
   Non-Class:  2.33 MB
       Class:  2.11 MB
        Both:  4.44 MB

MaxMetaspaceSize: unlimited
CompressedClassSpaceSize: 1.00 GB
Initial GC threshold: 21.00 MB
Current GC threshold: 21.00 MB
CDS: on
MetaspaceReclaimPolicy: balanced
 - commit_granule_bytes: 65536.
 - commit_granule_words: 8192.
 - virtual_space_node_default_size: 8388608.
 - enlarge_chunks_in_place: 1.
 - new_chunks_are_fully_committed: 0.
 - uncommit_free_chunks: 1.
 - use_allocation_guard: 0.


Internal statistics:

num_allocs_failed_limit: 0.
num_arena_births: 252.
num_arena_deaths: 0.
num_vsnodes_births: 2.
num_vsnodes_deaths: 0.
num_space_committed: 238.
num_space_uncommitted: 0.
num_chunks_returned_to_freelist: 0.
num_chunks_taken_from_freelist: 756.
num_chunk_merges: 0.
num_chunk_splits: 536.
num_chunks_enlarged: 405.
num_inconsistent_stats: 0.

CodeHeap 'non-profiled nmethods': size=120000Kb used=2177Kb max_used=2177Kb free=117822Kb
 bounds [0x0000023d5be80000, 0x0000023d5c0f0000, 0x0000023d633b0000]
CodeHeap 'profiled nmethods': size=120000Kb used=8008Kb max_used=8008Kb free=111991Kb
 bounds [0x0000023d543b0000, 0x0000023d54b90000, 0x0000023d5b8e0000]
CodeHeap 'non-nmethods': size=5760Kb used=1275Kb max_used=1339Kb free=4484Kb
 bounds [0x0000023d5b8e0000, 0x0000023d5bb50000, 0x0000023d5be80000]
 total_blobs=4396 nmethods=3910 adapters=396
 compilation: enabled
              stopped_count=0, restarted_count=0
 full_count=0

Compilation events (20 events):
Event: 248.988 Thread 0x0000023d6abb00e0 nmethod 3931 0x0000023d54b79990 code [0x0000023d54b79b60, 0x0000023d54b79f58]
Event: 248.993 Thread 0x0000023d6abb00e0 3932       3       java.util.Formatter$FixedString::<init> (20 bytes)
Event: 248.994 Thread 0x0000023d6abb00e0 nmethod 3932 0x0000023d54b7a090 code [0x0000023d54b7a240, 0x0000023d54b7a3f8]
Event: 248.994 Thread 0x0000023d6abb00e0 3933       3       java.util.Formatter$FixedString::print (23 bytes)
Event: 248.994 Thread 0x0000023d6abb00e0 nmethod 3933 0x0000023d54b7a490 code [0x0000023d54b7a640, 0x0000023d54b7a828]
Event: 248.994 Thread 0x0000023d6abb00e0 3934       3       java.lang.StringBuilder::append (8 bytes)
Event: 248.994 Thread 0x0000023d6abb00e0 nmethod 3934 0x0000023d54b7a910 code [0x0000023d54b7aac0, 0x0000023d54b7ac68]
Event: 248.997 Thread 0x0000023d6abb00e0 3935       3       org.apache.maven.model.building.ModelData::getId (49 bytes)
Event: 248.999 Thread 0x0000023d6abb00e0 nmethod 3935 0x0000023d54b7ad90 code [0x0000023d54b7b000, 0x0000023d54b7b8c8]
Event: 249.000 Thread 0x0000023d6abb00e0 3936       1       org.apache.maven.model.ReportSet::getId (5 bytes)
Event: 249.000 Thread 0x0000023d6abb00e0 nmethod 3936 0x0000023d5c09f790 code [0x0000023d5c09f920, 0x0000023d5c09f9d8]
Event: 249.853 Thread 0x0000023d6abaf290 3937       4       java.util.Arrays::asList (9 bytes)
Event: 249.855 Thread 0x0000023d6abaf290 nmethod 3937 0x0000023d5c09fa90 code [0x0000023d5c09fc20, 0x0000023d5c09fd78]
Event: 249.869 Thread 0x0000023d6abaf290 3941       4       org.codehaus.plexus.util.xml.pull.MXParser::parseAttribute (1641 bytes)
Event: 249.873 Thread 0x0000023d6abb00e0 3940       3       org.apache.maven.model.management.DefaultPluginManagementInjector$ManagementModelMerger::mergePluginContainerPlugins (168 bytes)
Event: 249.880 Thread 0x0000023d6abb00e0 nmethod 3940 0x0000023d54b7bc10 code [0x0000023d54b7c0c0, 0x0000023d54b7e648]
Event: 249.880 Thread 0x0000023d6abb00e0 3938       3       org.apache.maven.model.inheritance.DefaultInheritanceAssembler$InheritanceModelMerger::extrapolateChildUrl (59 bytes)
Event: 249.887 Thread 0x0000023d6abb00e0 nmethod 3938 0x0000023d54b7f310 code [0x0000023d54b7f520, 0x0000023d54b7fb18]
Event: 249.887 Thread 0x0000023d6abb00e0 3939       3       org.apache.maven.model.inheritance.DefaultInheritanceAssembler$InheritanceModelMerger::appendPath (63 bytes)
Event: 249.888 Thread 0x0000023d6abb00e0 nmethod 3939 0x0000023d54b7fd10 code [0x0000023d54b7ff80, 0x0000023d54b80868]

GC Heap History (8 events):
Event: 1.158 GC heap before
{Heap before GC invocations=0 (full 0):
 garbage-first heap   total 129024K, used 23552K [0x0000000082800000, 0x0000000100000000)
  region size 1024K, 23 young (23552K), 0 survivors (0K)
 Metaspace       used 4984K, committed 5120K, reserved 1114112K
  class space    used 558K, committed 640K, reserved 1048576K
}
Event: 1.178 GC heap after
{Heap after GC invocations=1 (full 0):
 garbage-first heap   total 129024K, used 3571K [0x0000000082800000, 0x0000000100000000)
  region size 1024K, 3 young (3072K), 3 survivors (3072K)
 Metaspace       used 4984K, committed 5120K, reserved 1114112K
  class space    used 558K, committed 640K, reserved 1048576K
}
Event: 2.977 GC heap before
{Heap before GC invocations=1 (full 0):
 garbage-first heap   total 129024K, used 35315K [0x0000000082800000, 0x0000000100000000)
  region size 1024K, 34 young (34816K), 3 survivors (3072K)
 Metaspace       used 10355K, committed 10624K, reserved 1114112K
  class space    used 1223K, committed 1344K, reserved 1048576K
}
Event: 2.985 GC heap after
{Heap after GC invocations=2 (full 0):
 garbage-first heap   total 129024K, used 5990K [0x0000000082800000, 0x0000000100000000)
  region size 1024K, 3 young (3072K), 3 survivors (3072K)
 Metaspace       used 10355K, committed 10624K, reserved 1114112K
  class space    used 1223K, committed 1344K, reserved 1048576K
}
Event: 216.329 GC heap before
{Heap before GC invocations=2 (full 0):
 garbage-first heap   total 129024K, used 79718K [0x0000000082800000, 0x0000000100000000)
  region size 1024K, 75 young (76800K), 3 survivors (3072K)
 Metaspace       used 13384K, committed 13632K, reserved 1114112K
  class space    used 1467K, committed 1600K, reserved 1048576K
}
Event: 216.947 GC heap after
{Heap after GC invocations=3 (full 0):
 garbage-first heap   total 129024K, used 13095K [0x0000000082800000, 0x0000000100000000)
  region size 1024K, 10 young (10240K), 10 survivors (10240K)
 Metaspace       used 13384K, committed 13632K, reserved 1114112K
  class space    used 1467K, committed 1600K, reserved 1048576K
}
Event: 241.632 GC heap before
{Heap before GC invocations=3 (full 0):
 garbage-first heap   total 129024K, used 34599K [0x0000000082800000, 0x0000000100000000)
  region size 1024K, 31 young (31744K), 10 survivors (10240K)
 Metaspace       used 14390K, committed 14656K, reserved 1114112K
  class space    used 1547K, committed 1664K, reserved 1048576K
}
Event: 241.969 GC heap after
{Heap after GC invocations=4 (full 0):
 garbage-first heap   total 129024K, used 14906K [0x0000000082800000, 0x0000000100000000)
  region size 1024K, 3 young (3072K), 3 survivors (3072K)
 Metaspace       used 14390K, committed 14656K, reserved 1114112K
  class space    used 1547K, committed 1664K, reserved 1048576K
}

Dll operation events (8 events):
Event: 0.009 Loaded shared library C:\Program Files\Java\jdk-19\bin\java.dll
Event: 0.067 Loaded shared library C:\Program Files\Java\jdk-19\bin\jsvml.dll
Event: 0.226 Loaded shared library C:\Program Files\Java\jdk-19\bin\net.dll
Event: 0.256 Loaded shared library C:\Program Files\Java\jdk-19\bin\nio.dll
Event: 0.263 Loaded shared library C:\Program Files\Java\jdk-19\bin\zip.dll
Event: 0.426 Loaded shared library C:\Program Files\Java\jdk-19\bin\jimage.dll
Event: 0.454 Loaded shared library C:\Users\User\Desktop\NETBEAN\NetBeans-15\netbeans\java\maven\lib\jansi-native\Windows\x86_64\jansi.dll
Event: 0.466 Loaded shared library C:\Program Files\Java\jdk-19\bin\verify.dll

Deoptimization events (20 events):
Event: 247.703 Thread 0x0000023d4c44e070 Uncommon trap: trap_request=0xffffff45 fr.pc=0x0000023d5bf21940 relative=0x00000000000000a0
Event: 247.704 Thread 0x0000023d4c44e070 Uncommon trap: reason=unstable_if action=reinterpret pc=0x0000023d5bf21940 method=java.lang.ref.ReferenceQueue.poll()Ljava/lang/ref/Reference; @ 4 c2
Event: 247.704 Thread 0x0000023d4c44e070 DEOPT PACKING pc=0x0000023d5bf21940 sp=0x000000de40cfdf40
Event: 247.705 Thread 0x0000023d4c44e070 DEOPT UNPACKING pc=0x0000023d5b946da3 sp=0x000000de40cfde28 mode 2
Event: 248.962 Thread 0x0000023d4c44e070 Uncommon trap: trap_request=0xffffffbe fr.pc=0x0000023d5c09f51c relative=0x00000000000002fc
Event: 248.962 Thread 0x0000023d4c44e070 Uncommon trap: reason=profile_predicate action=maybe_recompile pc=0x0000023d5c09f51c method=java.util.HashMap.keysToArray([Ljava/lang/Object;)[Ljava/lang/Object; @ 36 c2
Event: 248.962 Thread 0x0000023d4c44e070 DEOPT PACKING pc=0x0000023d5c09f51c sp=0x000000de40cfd280
Event: 248.962 Thread 0x0000023d4c44e070 DEOPT UNPACKING pc=0x0000023d5b946da3 sp=0x000000de40cfd220 mode 2
Event: 248.962 Thread 0x0000023d4c44e070 Uncommon trap: trap_request=0xffffffbe fr.pc=0x0000023d5c09f51c relative=0x00000000000002fc
Event: 248.962 Thread 0x0000023d4c44e070 Uncommon trap: reason=profile_predicate action=maybe_recompile pc=0x0000023d5c09f51c method=java.util.HashMap.keysToArray([Ljava/lang/Object;)[Ljava/lang/Object; @ 36 c2
Event: 248.962 Thread 0x0000023d4c44e070 DEOPT PACKING pc=0x0000023d5c09f51c sp=0x000000de40cfd120
Event: 248.962 Thread 0x0000023d4c44e070 DEOPT UNPACKING pc=0x0000023d5b946da3 sp=0x000000de40cfd0c0 mode 2
Event: 248.962 Thread 0x0000023d4c44e070 Uncommon trap: trap_request=0xffffffbe fr.pc=0x0000023d5c09f51c relative=0x00000000000002fc
Event: 248.962 Thread 0x0000023d4c44e070 Uncommon trap: reason=profile_predicate action=maybe_recompile pc=0x0000023d5c09f51c method=java.util.HashMap.keysToArray([Ljava/lang/Object;)[Ljava/lang/Object; @ 36 c2
Event: 248.962 Thread 0x0000023d4c44e070 DEOPT PACKING pc=0x0000023d5c09f51c sp=0x000000de40cfd120
Event: 248.962 Thread 0x0000023d4c44e070 DEOPT UNPACKING pc=0x0000023d5b946da3 sp=0x000000de40cfd0c0 mode 2
Event: 248.962 Thread 0x0000023d4c44e070 Uncommon trap: trap_request=0xffffffbe fr.pc=0x0000023d5c09f51c relative=0x00000000000002fc
Event: 248.962 Thread 0x0000023d4c44e070 Uncommon trap: reason=profile_predicate action=maybe_recompile pc=0x0000023d5c09f51c method=java.util.HashMap.keysToArray([Ljava/lang/Object;)[Ljava/lang/Object; @ 36 c2
Event: 248.962 Thread 0x0000023d4c44e070 DEOPT PACKING pc=0x0000023d5c09f51c sp=0x000000de40cfd120
Event: 248.962 Thread 0x0000023d4c44e070 DEOPT UNPACKING pc=0x0000023d5b946da3 sp=0x000000de40cfd0c0 mode 2

Classes loaded (20 events):
Event: 243.033 Loading class java/nio/channels/SocketChannel done
Event: 243.034 Loading class sun/nio/ch/SocketChannelImpl done
Event: 243.045 Loading class sun/nio/ch/ChannelInputStream
Event: 243.071 Loading class sun/nio/ch/ChannelInputStream done
Event: 243.636 Loading class sun/nio/ch/NativeThread
Event: 243.681 Loading class sun/nio/ch/NativeThread done
Event: 243.681 Loading class sun/nio/ch/Util
Event: 243.693 Loading class sun/nio/ch/Util done
Event: 243.693 Loading class sun/nio/ch/Util$1
Event: 243.726 Loading class sun/nio/ch/Util$1 done
Event: 243.796 Loading class sun/nio/ch/Util$BufferCache
Event: 243.797 Loading class sun/nio/ch/Util$BufferCache done
Event: 243.800 Loading class java/nio/DirectByteBuffer$Deallocator
Event: 243.908 Loading class java/nio/DirectByteBuffer$Deallocator done
Event: 243.999 Loading class sun/nio/ch/IOStatus
Event: 243.999 Loading class sun/nio/ch/IOStatus done
Event: 244.002 Loading class java/nio/BufferMismatch
Event: 244.003 Loading class java/nio/BufferMismatch done
Event: 244.004 Loading class java/nio/file/attribute/PosixFileAttributes
Event: 244.004 Loading class java/nio/file/attribute/PosixFileAttributes done

Classes unloaded (0 events):
No events

Classes redefined (0 events):
No events

Internal exceptions (20 events):
Event: 244.038 Thread 0x0000023d4c44e070 Exception <a 'java/io/IOException'{0x000000008a40dc20}> (0x000000008a40dc20) 
thrown [s\open\src\hotspot\share\prims\jni.cpp, line 517]
Event: 244.039 Thread 0x0000023d4c44e070 Exception <a 'java/io/IOException'{0x000000008a40e220}> (0x000000008a40e220) 
thrown [s\open\src\hotspot\share\prims\jni.cpp, line 517]
Event: 244.039 Thread 0x0000023d4c44e070 Exception <a 'java/io/IOException'{0x000000008a40e7e8}> (0x000000008a40e7e8) 
thrown [s\open\src\hotspot\share\prims\jni.cpp, line 517]
Event: 244.039 Thread 0x0000023d4c44e070 Exception <a 'java/io/IOException'{0x000000008a40edb0}> (0x000000008a40edb0) 
thrown [s\open\src\hotspot\share\prims\jni.cpp, line 517]
Event: 244.740 Thread 0x0000023d4c44e070 Exception <a 'java/io/IOException'{0x000000008a43e378}> (0x000000008a43e378) 
thrown [s\open\src\hotspot\share\prims\jni.cpp, line 517]
Event: 244.740 Thread 0x0000023d4c44e070 Exception <a 'java/io/IOException'{0x000000008a43e978}> (0x000000008a43e978) 
thrown [s\open\src\hotspot\share\prims\jni.cpp, line 517]
Event: 244.740 Thread 0x0000023d4c44e070 Exception <a 'java/io/IOException'{0x000000008a43ef40}> (0x000000008a43ef40) 
thrown [s\open\src\hotspot\share\prims\jni.cpp, line 517]
Event: 244.740 Thread 0x0000023d4c44e070 Exception <a 'java/io/IOException'{0x000000008a43f508}> (0x000000008a43f508) 
thrown [s\open\src\hotspot\share\prims\jni.cpp, line 517]
Event: 245.345 Thread 0x0000023d4c44e070 Exception <a 'java/io/IOException'{0x000000008a448eb0}> (0x000000008a448eb0) 
thrown [s\open\src\hotspot\share\prims\jni.cpp, line 517]
Event: 245.345 Thread 0x0000023d4c44e070 Exception <a 'java/io/IOException'{0x000000008a4494b0}> (0x000000008a4494b0) 
thrown [s\open\src\hotspot\share\prims\jni.cpp, line 517]
Event: 245.345 Thread 0x0000023d4c44e070 Exception <a 'java/io/IOException'{0x000000008a449a78}> (0x000000008a449a78) 
thrown [s\open\src\hotspot\share\prims\jni.cpp, line 517]
Event: 245.345 Thread 0x0000023d4c44e070 Exception <a 'java/io/IOException'{0x000000008a44a040}> (0x000000008a44a040) 
thrown [s\open\src\hotspot\share\prims\jni.cpp, line 517]
Event: 245.345 Thread 0x0000023d4c44e070 Exception <a 'java/io/IOException'{0x000000008a44a900}> (0x000000008a44a900) 
thrown [s\open\src\hotspot\share\prims\jni.cpp, line 517]
Event: 245.346 Thread 0x0000023d4c44e070 Exception <a 'java/io/IOException'{0x000000008a44af00}> (0x000000008a44af00) 
thrown [s\open\src\hotspot\share\prims\jni.cpp, line 517]
Event: 245.346 Thread 0x0000023d4c44e070 Exception <a 'java/io/IOException'{0x000000008a44b4c8}> (0x000000008a44b4c8) 
thrown [s\open\src\hotspot\share\prims\jni.cpp, line 517]
Event: 245.346 Thread 0x0000023d4c44e070 Exception <a 'java/io/IOException'{0x000000008a44ba90}> (0x000000008a44ba90) 
thrown [s\open\src\hotspot\share\prims\jni.cpp, line 517]
Event: 245.348 Thread 0x0000023d4c44e070 Exception <a 'java/io/IOException'{0x000000008a44cdb8}> (0x000000008a44cdb8) 
thrown [s\open\src\hotspot\share\prims\jni.cpp, line 517]
Event: 245.348 Thread 0x0000023d4c44e070 Exception <a 'java/io/IOException'{0x000000008a44d3b8}> (0x000000008a44d3b8) 
thrown [s\open\src\hotspot\share\prims\jni.cpp, line 517]
Event: 245.348 Thread 0x0000023d4c44e070 Exception <a 'java/io/IOException'{0x000000008a44d980}> (0x000000008a44d980) 
thrown [s\open\src\hotspot\share\prims\jni.cpp, line 517]
Event: 245.348 Thread 0x0000023d4c44e070 Exception <a 'java/io/IOException'{0x000000008a44df48}> (0x000000008a44df48) 
thrown [s\open\src\hotspot\share\prims\jni.cpp, line 517]

VM Operations (20 events):
Event: 239.114 Executing VM operation: Cleanup
Event: 239.341 Executing VM operation: Cleanup done
Event: 239.932 Executing VM operation: HandshakeAllThreads
Event: 240.115 Executing VM operation: HandshakeAllThreads done
Event: 241.121 Executing VM operation: Cleanup
Event: 241.193 Executing VM operation: Cleanup done
Event: 241.632 Executing VM operation: G1CollectForAllocation
Event: 241.969 Executing VM operation: G1CollectForAllocation done
Event: 242.982 Executing VM operation: Cleanup
Event: 243.045 Executing VM operation: Cleanup done
Event: 244.095 Executing VM operation: Cleanup
Event: 244.131 Executing VM operation: Cleanup done
Event: 246.174 Executing VM operation: Cleanup
Event: 246.174 Executing VM operation: Cleanup done
Event: 247.183 Executing VM operation: Cleanup
Event: 247.251 Executing VM operation: Cleanup done
Event: 248.262 Executing VM operation: Cleanup
Event: 248.440 Executing VM operation: Cleanup done
Event: 249.463 Executing VM operation: Cleanup
Event: 249.878 Executing VM operation: Cleanup done

Events (18 events):
Event: 0.067 Thread 0x0000023d4c44e070 Thread added: 0x0000023d4c44e070
Event: 0.134 Thread 0x0000023d6aba72e0 Thread added: 0x0000023d6aba72e0
Event: 0.135 Thread 0x0000023d6aba7fb0 Thread added: 0x0000023d6aba7fb0
Event: 0.136 Thread 0x0000023d6abaaa90 Thread added: 0x0000023d6abaaa90
Event: 0.136 Thread 0x0000023d6abad3d0 Thread added: 0x0000023d6abad3d0
Event: 0.136 Thread 0x0000023d6abadd00 Thread added: 0x0000023d6abadd00
Event: 0.137 Thread 0x0000023d6abae630 Thread added: 0x0000023d6abae630
Event: 0.137 Thread 0x0000023d6abaf290 Thread added: 0x0000023d6abaf290
Event: 0.139 Thread 0x0000023d6abb00e0 Thread added: 0x0000023d6abb00e0
Event: 0.140 Thread 0x0000023d6abb1390 Thread added: 0x0000023d6abb1390
Event: 0.180 Thread 0x0000023d6f0ddef0 Thread added: 0x0000023d6f0ddef0
Event: 0.190 Thread 0x0000023d6f0e48b0 Thread added: 0x0000023d6f0e48b0
Event: 1.048 Thread 0x0000023d6f519240 Thread added: 0x0000023d6f519240
Event: 1.061 Thread 0x0000023d6f5197c0 Thread added: 0x0000023d6f5197c0
Event: 1.482 Thread 0x0000023d6f5197c0 Thread exited: 0x0000023d6f5197c0
Event: 1.912 Thread 0x0000023d6f519240 Thread exited: 0x0000023d6f519240
Event: 2.956 Thread 0x0000023d6fade610 Thread added: 0x0000023d6fade610
Event: 8.813 Thread 0x0000023d6fade610 Thread exited: 0x0000023d6fade610


Dynamic libraries:
0x00007ff75d2a0000 - 0x00007ff75d2b0000 	C:\Program Files\Java\jdk-19\bin\java.exe
0x00007ffd17dc0000 - 0x00007ffd17fc9000 	C:\WINDOWS\SYSTEM32\ntdll.dll
0x00007ffd16ad0000 - 0x00007ffd16b8e000 	C:\WINDOWS\System32\KERNEL32.DLL
0x00007ffd15870000 - 0x00007ffd15bf4000 	C:\WINDOWS\System32\KERNELBASE.dll
0x00007ffd15270000 - 0x00007ffd15381000 	C:\WINDOWS\System32\ucrtbase.dll
0x00007ffcfb4c0000 - 0x00007ffcfb4d8000 	C:\Program Files\Java\jdk-19\bin\jli.dll
0x00007ffd177a0000 - 0x00007ffd1784f000 	C:\WINDOWS\System32\ADVAPI32.dll
0x00007ffd176d0000 - 0x00007ffd17773000 	C:\WINDOWS\System32\msvcrt.dll
0x00007ffd17630000 - 0x00007ffd176ce000 	C:\WINDOWS\System32\sechost.dll
0x00007ffd16910000 - 0x00007ffd16a31000 	C:\WINDOWS\System32\RPCRT4.dll
0x00007ffd15cd0000 - 0x00007ffd15e7d000 	C:\WINDOWS\System32\USER32.dll
0x00007ffd15c00000 - 0x00007ffd15c26000 	C:\WINDOWS\System32\win32u.dll
0x00007ffd16c70000 - 0x00007ffd16c9a000 	C:\WINDOWS\System32\GDI32.dll
0x00007ffd15540000 - 0x00007ffd1565f000 	C:\WINDOWS\System32\gdi32full.dll
0x00007ffd15660000 - 0x00007ffd156fd000 	C:\WINDOWS\System32\msvcp_win.dll
0x00007ffd12330000 - 0x00007ffd1234b000 	C:\Program Files\Java\jdk-19\bin\VCRUNTIME140.dll
0x00007ffcff340000 - 0x00007ffcff5e5000 	C:\WINDOWS\WinSxS\amd64_microsoft.windows.common-controls_6595b64144ccf1df_6.0.22000.120_none_9d947278b86cc467\COMCTL32.dll
0x00007ffd0f3f0000 - 0x00007ffd0f3fa000 	C:\WINDOWS\SYSTEM32\VERSION.dll
0x00007ffd15c90000 - 0x00007ffd15cc1000 	C:\WINDOWS\System32\IMM32.DLL
0x00007ffd12380000 - 0x00007ffd1238c000 	C:\Program Files\Java\jdk-19\bin\vcruntime140_1.dll
0x00007ffcea700000 - 0x00007ffcea78e000 	C:\Program Files\Java\jdk-19\bin\msvcp140.dll
0x00007ffcaf740000 - 0x00007ffcb0400000 	C:\Program Files\Java\jdk-19\bin\server\jvm.dll
0x00007ffce9940000 - 0x00007ffce9949000 	C:\WINDOWS\SYSTEM32\WSOCK32.dll
0x00007ffd15e80000 - 0x00007ffd15eef000 	C:\WINDOWS\System32\WS2_32.dll
0x00007ffd0f410000 - 0x00007ffd0f443000 	C:\WINDOWS\SYSTEM32\WINMM.dll
0x00007ffd143e0000 - 0x00007ffd143f8000 	C:\WINDOWS\SYSTEM32\kernel.appcore.dll
0x00007ffd11b30000 - 0x00007ffd11b3a000 	C:\Program Files\Java\jdk-19\bin\jimage.dll
0x00007ffd12ed0000 - 0x00007ffd130f1000 	C:\WINDOWS\SYSTEM32\DBGHELP.DLL
0x00007ffcfca70000 - 0x00007ffcfcaa1000 	C:\WINDOWS\SYSTEM32\dbgcore.DLL
0x00007ffd15450000 - 0x00007ffd154cf000 	C:\WINDOWS\System32\bcryptPrimitives.dll
0x00007ffd11ab0000 - 0x00007ffd11ad6000 	C:\Program Files\Java\jdk-19\bin\java.dll
0x00007ffce79d0000 - 0x00007ffce7aa7000 	C:\Program Files\Java\jdk-19\bin\jsvml.dll
0x00007ffd16ca0000 - 0x00007ffd17465000 	C:\WINDOWS\System32\SHELL32.dll
0x00007ffd13360000 - 0x00007ffd13bc4000 	C:\WINDOWS\SYSTEM32\windows.storage.dll
0x00007ffd16520000 - 0x00007ffd16896000 	C:\WINDOWS\System32\combase.dll
0x00007ffd131f0000 - 0x00007ffd13357000 	C:\WINDOWS\SYSTEM32\wintypes.dll
0x00007ffd174d0000 - 0x00007ffd175ba000 	C:\WINDOWS\System32\SHCORE.dll
0x00007ffd15c30000 - 0x00007ffd15c8d000 	C:\WINDOWS\System32\shlwapi.dll
0x00007ffd151a0000 - 0x00007ffd151c1000 	C:\WINDOWS\SYSTEM32\profapi.dll
0x00007ffd04080000 - 0x00007ffd04093000 	C:\Program Files\Java\jdk-19\bin\net.dll
0x00007ffd0edc0000 - 0x00007ffd0eed3000 	C:\WINDOWS\SYSTEM32\WINHTTP.dll
0x00007ffd14880000 - 0x00007ffd148e7000 	C:\WINDOWS\system32\mswsock.dll
0x00007ffcfd5f0000 - 0x00007ffcfd606000 	C:\Program Files\Java\jdk-19\bin\nio.dll
0x00007ffcfd5d0000 - 0x00007ffcfd5e8000 	C:\Program Files\Java\jdk-19\bin\zip.dll
0x0000000069ac0000 - 0x0000000069ae4000 	C:\Users\User\Desktop\NETBEAN\NetBeans-15\netbeans\java\maven\lib\jansi-native\Windows\x86_64\jansi.dll
0x00007ffd10620000 - 0x00007ffd10630000 	C:\Program Files\Java\jdk-19\bin\verify.dll

dbghelp: loaded successfully - version: 4.0.5 - missing functions: none
symbol engine: initialized successfully - sym options: 0x614 - pdb path: .;C:\Program Files\Java\jdk-19\bin;C:\WINDOWS\SYSTEM32;C:\WINDOWS\WinSxS\amd64_microsoft.windows.common-controls_6595b64144ccf1df_6.0.22000.120_none_9d947278b86cc467;C:\Program Files\Java\jdk-19\bin\server;C:\Users\User\Desktop\NETBEAN\NetBeans-15\netbeans\java\maven\lib\jansi-native\Windows\x86_64

VM Arguments:
jvm_args: -Dclassworlds.conf=C:\Users\User\Desktop\NETBEAN\NetBeans-15\netbeans\java\maven\bin\m2.conf -Dmaven.home=C:\Users\User\Desktop\NETBEAN\NetBeans-15\netbeans\java\maven -Dlibrary.jansi.path=C:\Users\User\Desktop\NETBEAN\NetBeans-15\netbeans\java\maven\lib\jansi-native -Dmaven.multiModuleProjectDirectory=C:\Users\User\Desktop\NETBEAN\WallStreetWarriors 
java_command: org.codehaus.plexus.classworlds.launcher.Launcher -Dmaven.ext.class.path=C:\Users\User\Desktop\NETBEAN\NetBeans-15\netbeans\java\maven-nblib\netbeans-eventspy.jar install
java_class_path (initial): C:\Users\User\Desktop\NETBEAN\NetBeans-15\netbeans\java\maven\boot\plexus-classworlds-2.6.0.jar
Launcher Type: SUN_STANDARD

[Global flags]
     intx CICompilerCount                          = 4                                         {product} {ergonomic}
     uint ConcGCThreads                            = 2                                         {product} {ergonomic}
     uint G1ConcRefinementThreads                  = 8                                         {product} {ergonomic}
   size_t G1HeapRegionSize                         = 1048576                                   {product} {ergonomic}
    uintx GCDrainStackTargetSize                   = 64                                        {product} {ergonomic}
   size_t InitialHeapSize                          = 132120576                                 {product} {ergonomic}
   size_t MarkStackSize                            = 4194304                                   {product} {ergonomic}
   size_t MaxHeapSize                              = 2105540608                                {product} {ergonomic}
   size_t MaxNewSize                               = 1262485504                                {product} {ergonomic}
   size_t MinHeapDeltaBytes                        = 1048576                                   {product} {ergonomic}
   size_t MinHeapSize                              = 8388608                                   {product} {ergonomic}
    uintx NonNMethodCodeHeapSize                   = 5839372                                {pd product} {ergonomic}
    uintx NonProfiledCodeHeapSize                  = 122909434                              {pd product} {ergonomic}
    uintx ProfiledCodeHeapSize                     = 122909434                              {pd product} {ergonomic}
    uintx ReservedCodeCacheSize                    = 251658240                              {pd product} {ergonomic}
     bool SegmentedCodeCache                       = true                                      {product} {ergonomic}
   size_t SoftMaxHeapSize                          = 2105540608                             {manageable} {ergonomic}
     bool UseCompressedClassPointers               = true                           {product lp64_product} {ergonomic}
     bool UseCompressedOops                        = true                           {product lp64_product} {ergonomic}
     bool UseG1GC                                  = true                                      {product} {ergonomic}
     bool UseLargePagesIndividualAllocation        = false                                  {pd product} {ergonomic}

Logging:
Log output configuration:
 #0: stdout all=warning uptime,level,tags foldmultilines=false
 #1: stderr all=off uptime,level,tags foldmultilines=false

Environment Variables:
JAVA_HOME=C:\Program Files\Java\jdk-19
PATH=C:\Program Files\Common Files\Oracle\Java\javapath;C:\Windows\system32;C:\Windows;C:\Windows\System32\Wbem;C:\Windows\System32\WindowsPowerShell\v1.0\;C:\Windows\System32\OpenSSH\;C:\Program Files (x86)\NVIDIA Corporation\PhysX\Common;C:\Program Files\NVIDIA Corporation\NVIDIA NvDLISR;C:\WINDOWS\system32;C:\WINDOWS;C:\WINDOWS\System32\Wbem;C:\WINDOWS\System32\WindowsPowerShell\v1.0\;C:\WINDOWS\System32\OpenSSH\;C:\Program Files\Java\jdk-19\bin;C:\Program Files\Microsoft SQL Server\130\Tools\Binn\;C:\Program Files\nodejs\;C:\Program Files\Git\cmd;C:\Users\User\AppData\Local\Programs\Python\Python311\Scripts\;C:\Users\User\AppData\Local\Programs\Python\Python311\;C:\Users\User\AppData\Local\Microsoft\WindowsApps;C:\Users\User\Desktop\Useful tools\Microsoft VS Code\bin;C:\Users\User\AppData\Local\GitHubDesktop\bin;C:\Users\User\AppData\Roaming\npm;C:\Program Files\Graphviz\bin
USERNAME=User
OS=Windows_NT
PROCESSOR_IDENTIFIER=Intel64 Family 6 Model 165 Stepping 2, GenuineIntel
TMP=C:\Users\User\AppData\Local\Temp
TEMP=C:\Users\User\AppData\Local\Temp



---------------  S Y S T E M  ---------------

OS:
 Windows 11 , 64 bit Build 22000 (10.0.22000.1880)
OS uptime: 3 days 20:46 hours

CPU: total 8 (initial active 8) (4 cores per cpu, 2 threads per core) family 6 model 165 stepping 2 microcode 0xe0, cx8, cmov, fxsr, ht, mmx, 3dnowpref, sse, sse2, sse3, ssse3, sse4.1, sse4.2, popcnt, lzcnt, tsc, tscinvbit, avx, avx2, aes, erms, clmul, bmi1, bmi2, adx, fma, vzeroupper, clflush, clflushopt, rdtscp

Memory: 4k page, system-wide physical 8029M (17M free)
TotalPageFile size 32605M (AvailPageFile size 19M)
current process WorkingSet (physical memory assigned to process): 14M, peak: 120M
current process commit charge ("private bytes"): 240M, peak: 256M

vm_info: Java HotSpot(TM) 64-Bit Server VM (19+36-2238) for windows-amd64 JRE (19+36-2238), built on 2022-08-12T20:29:01Z by "mach5one" with MS VC++ 17.1 (VS2022)

END.
