#
# There is insufficient memory for the Java Runtime Environment to continue.
# Native memory allocation (malloc) failed to allocate 32744 bytes for Chunk::new
# Possible reasons:
#   The system is out of physical RAM or swap space
#   The process is running with CompressedOops enabled, and the Java Heap may be blocking the growth of the native heap
# Possible solutions:
#   Reduce memory load on the system
#   Increase physical memory or swap space
#   Check if swap backing store is full
#   Decrease Java heap size (-Xmx/-Xms)
#   Decrease number of Java threads
#   Decrease Java thread stack sizes (-Xss)
#   Set larger code cache with -XX:ReservedCodeCacheSize=
#   JVM is running with Unscaled Compressed Oops mode in which the Java heap is
#     placed in the first 4GB address space. The Java Heap base address is the
#     maximum limit for the native heap growth. Please use -XX:HeapBaseMinAddress
#     to set the Java Heap base and to place the Java Heap above 4GB virtual address.
# This output file may be truncated or incomplete.
#
#  Out of Memory Error (arena.cpp:184), pid=15996, tid=25248
#
# JRE version: Java(TM) SE Runtime Environment (19.0+36) (build 19+36-2238)
# Java VM: Java HotSpot(TM) 64-Bit Server VM (19+36-2238, mixed mode, sharing, tiered, compressed oops, compressed class ptrs, g1 gc, windows-amd64)
# No core dump will be written. Minidumps are not enabled by default on client versions of Windows
#

---------------  S U M M A R Y ------------

Command Line: -Dclassworlds.conf=C:\Users\User\Desktop\NETBEAN\NetBeans-15\netbeans\java\maven\bin\m2.conf -Dmaven.home=C:\Users\User\Desktop\NETBEAN\NetBeans-15\netbeans\java\maven -Dlibrary.jansi.path=C:\Users\User\Desktop\NETBEAN\NetBeans-15\netbeans\java\maven\lib\jansi-native -Dmaven.multiModuleProjectDirectory=C:\Users\User\Desktop\NETBEAN\WallStreetWarriors org.codehaus.plexus.classworlds.launcher.Launcher -Dmaven.ext.class.path=C:\Users\User\Desktop\NETBEAN\NetBeans-15\netbeans\java\maven-nblib\netbeans-eventspy.jar install

Host: Intel(R) Core(TM) i5-10300H CPU @ 2.50GHz, 8 cores, 7G,  Windows 11 , 64 bit Build 22000 (10.0.22000.1880)
Time: Mon Jun 12 20:45:55 2023 Malay Peninsula Standard Time elapsed time: 217.307475 seconds (0d 0h 3m 37s)

---------------  T H R E A D  ---------------

Current thread (0x0000018be6865f70):  JavaThread "C1 CompilerThread0" daemon [_thread_in_native, id=25248, stack(0x00000052a1100000,0x00000052a1200000)]


Current CompileTask:
C1: 217343 4170       3       jdk.internal.misc.Unsafe::copyMemory (33 bytes)

Stack: [0x00000052a1100000,0x00000052a1200000]
Native frames: (J=compiled Java code, j=interpreted, Vv=VM code, C=native code)
V  [jvm.dll+0x6ee8fa]
V  [jvm.dll+0x857a1e]
V  [jvm.dll+0x85940e]
V  [jvm.dll+0x859ac3]
V  [jvm.dll+0x28291f]
V  [jvm.dll+0xc9b5f]
V  [jvm.dll+0xc9ee5]
V  [jvm.dll+0x1a2b6a]
V  [jvm.dll+0x1a3832]
V  [jvm.dll+0x1a38ed]
V  [jvm.dll+0x1a60e4]
V  [jvm.dll+0x1a7c41]
V  [jvm.dll+0x161743]
V  [jvm.dll+0x161022]
V  [jvm.dll+0x161278]
V  [jvm.dll+0x1606d6]
V  [jvm.dll+0x1623cd]
V  [jvm.dll+0x25b0fa]
V  [jvm.dll+0x259588]
V  [jvm.dll+0x807928]
V  [jvm.dll+0x8015fa]
V  [jvm.dll+0x6ed5eb]
C  [ucrtbase.dll+0x26c0c]
C  [KERNEL32.DLL+0x155a0]
C  [ntdll.dll+0x485b]


---------------  P R O C E S S  ---------------

Threads class SMR info:
_java_thread_list=0x0000018bebb03cc0, length=12, elements={
0x0000018bc80de310, 0x0000018be682a000, 0x0000018be682ab30, 0x0000018be682e910,
0x0000018be6831250, 0x0000018be6832320, 0x0000018be68333f0, 0x0000018be68415e0,
0x0000018be6865f70, 0x0000018be6870cd0, 0x0000018bead02470, 0x0000018bead0d7f0
}

Java Threads: ( => current thread )
  0x0000018bc80de310 JavaThread "main" [_thread_in_native, id=23096, stack(0x00000052a0300000,0x00000052a0400000)]
  0x0000018be682a000 JavaThread "Reference Handler" daemon [_thread_blocked, id=33720, stack(0x00000052a0a00000,0x00000052a0b00000)]
  0x0000018be682ab30 JavaThread "Finalizer" daemon [_thread_blocked, id=30004, stack(0x00000052a0b00000,0x00000052a0c00000)]
  0x0000018be682e910 JavaThread "Signal Dispatcher" daemon [_thread_blocked, id=14300, stack(0x00000052a0c00000,0x00000052a0d00000)]
  0x0000018be6831250 JavaThread "Attach Listener" daemon [_thread_blocked, id=1444, stack(0x00000052a0d00000,0x00000052a0e00000)]
  0x0000018be6832320 JavaThread "Service Thread" daemon [_thread_blocked, id=32328, stack(0x00000052a0e00000,0x00000052a0f00000)]
  0x0000018be68333f0 JavaThread "Monitor Deflation Thread" daemon [_thread_blocked, id=32336, stack(0x00000052a0f00000,0x00000052a1000000)]
  0x0000018be68415e0 JavaThread "C2 CompilerThread0" daemon [_thread_blocked, id=32340, stack(0x00000052a1000000,0x00000052a1100000)]
=>0x0000018be6865f70 JavaThread "C1 CompilerThread0" daemon [_thread_in_native, id=25248, stack(0x00000052a1100000,0x00000052a1200000)]
  0x0000018be6870cd0 JavaThread "Sweeper thread" daemon [_thread_blocked, id=16976, stack(0x00000052a1200000,0x00000052a1300000)]
  0x0000018bead02470 JavaThread "Notification Thread" daemon [_thread_blocked, id=25564, stack(0x00000052a1300000,0x00000052a1400000)]
  0x0000018bead0d7f0 JavaThread "Common-Cleaner" daemon [_thread_blocked, id=32124, stack(0x00000052a1500000,0x00000052a1600000)]

Other Threads:
  0x0000018be680a5f0 VMThread "VM Thread" [stack: 0x00000052a0900000,0x00000052a0a00000] [id=31464]
  0x0000018bead0ad20 WatcherThread "VM Periodic Task Thread" [stack: 0x00000052a1400000,0x00000052a1500000] [id=14364]
  0x0000018bc813e2b0 WorkerThread "GC Thread#0" [stack: 0x00000052a0400000,0x00000052a0500000] [id=26744]
  0x0000018beb0308e0 WorkerThread "GC Thread#1" [stack: 0x00000052a1600000,0x00000052a1700000] [id=17740]
  0x0000018beb030e80 WorkerThread "GC Thread#2" [stack: 0x00000052a1700000,0x00000052a1800000] [id=316]
  0x0000018beb030340 WorkerThread "GC Thread#3" [stack: 0x00000052a1800000,0x00000052a1900000] [id=12620]
  0x0000018beb0319c0 WorkerThread "GC Thread#4" [stack: 0x00000052a1900000,0x00000052a1a00000] [id=30360]
  0x0000018beb030bb0 WorkerThread "GC Thread#5" [stack: 0x00000052a1a00000,0x00000052a1b00000] [id=32224]
  0x0000018beb030070 WorkerThread "GC Thread#6" [stack: 0x00000052a1b00000,0x00000052a1c00000] [id=32804]
  0x0000018beb031150 WorkerThread "GC Thread#7" [stack: 0x00000052a1c00000,0x00000052a1d00000] [id=7108]
  0x0000018bc814ed10 ConcurrentGCThread "G1 Main Marker" [stack: 0x00000052a0500000,0x00000052a0600000] [id=23856]
  0x0000018bc814f740 WorkerThread "G1 Conc#0" [stack: 0x00000052a0600000,0x00000052a0700000] [id=20300]
  0x0000018bc81ae690 ConcurrentGCThread "G1 Refine#0" [stack: 0x00000052a0700000,0x00000052a0800000] [id=20608]
  0x0000018be66c65e0 ConcurrentGCThread "G1 Service" [stack: 0x00000052a0800000,0x00000052a0900000] [id=7560]

Threads with active compile tasks:
C1 CompilerThread0   217569 4170       3       jdk.internal.misc.Unsafe::copyMemory (33 bytes)

VM state: not at safepoint (normal execution)

VM Mutex/Monitor currently owned by a thread: None

Heap address: 0x0000000082800000, size: 2008 MB, Compressed Oops mode: 32-bit

CDS archive(s) mapped at: [0x0000000800000000-0x0000000800c40000-0x0000000800c40000), size 12845056, SharedBaseAddress: 0x0000000800000000, ArchiveRelocationMode: 0.
Compressed class space mapped at: 0x0000000801000000-0x0000000841000000, reserved size: 1073741824
Narrow klass base: 0x0000000800000000, Narrow klass shift: 0, Narrow klass range: 0x100000000

GC Precious Log:
 CardTable entry size: 512
 Card Set container configuration: InlinePtr #cards 5 size 8 Array Of Cards #cards 12 size 40 Howl #buckets 4 coarsen threshold 1843 Howl Bitmap #cards 512 size 80 coarsen threshold 460 Card regions per heap region 1 cards per card region 2048
 CPUs: 8 total, 8 available
 Memory: 8029M
 Large Page Support: Disabled
 NUMA Support: Disabled
 Compressed Oops: Enabled (32-bit)
 Heap Region Size: 1M
 Heap Min Capacity: 8M
 Heap Initial Capacity: 126M
 Heap Max Capacity: 2008M
 Pre-touch: Disabled
 Parallel Workers: 8
 Concurrent Workers: 2
 Concurrent Refinement Workers: 8
 Periodic GC: Disabled

Heap:
 garbage-first heap   total 129024K, used 80993K [0x0000000082800000, 0x0000000100000000)
  region size 1024K, 45 young (46080K), 10 survivors (10240K)
 Metaspace       used 16772K, committed 17088K, reserved 1114112K
  class space    used 1786K, committed 1920K, reserved 1048576K

Heap Regions: E=young(eden), S=young(survivor), O=old, HS=humongous(starts), HC=humongous(continues), CS=collection set, F=free, OA=open archive, CA=closed archive, TAMS=top-at-mark-start (previous, next)
|   0|0x0000000082800000, 0x0000000082900000, 0x0000000082900000|100%| O|  |TAMS 0x0000000082800000, 0x0000000082800000| Untracked 
|   1|0x0000000082900000, 0x0000000082a00000, 0x0000000082a00000|100%| O|  |TAMS 0x0000000082900000, 0x0000000082900000| Untracked 
|   2|0x0000000082a00000, 0x0000000082b00000, 0x0000000082b00000|100%| O|  |TAMS 0x0000000082a00000, 0x0000000082a00000| Untracked 
|   3|0x0000000082b00000, 0x0000000082b80800, 0x0000000082c00000| 50%| O|  |TAMS 0x0000000082b00000, 0x0000000082b00000| Untracked 
|   4|0x0000000082c00000, 0x0000000082d00000, 0x0000000082d00000|100%|HS|  |TAMS 0x0000000082c00000, 0x0000000082c00000| Complete 
|   5|0x0000000082d00000, 0x0000000082e00000, 0x0000000082e00000|100%|HC|  |TAMS 0x0000000082d00000, 0x0000000082d00000| Complete 
|   6|0x0000000082e00000, 0x0000000082f00000, 0x0000000082f00000|100%|HC|  |TAMS 0x0000000082e00000, 0x0000000082e00000| Complete 
|   7|0x0000000082f00000, 0x0000000083000000, 0x0000000083000000|100%|HC|  |TAMS 0x0000000082f00000, 0x0000000082f00000| Complete 
|   8|0x0000000083000000, 0x0000000083100000, 0x0000000083100000|100%|HC|  |TAMS 0x0000000083000000, 0x0000000083000000| Complete 
|   9|0x0000000083100000, 0x0000000083200000, 0x0000000083200000|100%|HC|  |TAMS 0x0000000083100000, 0x0000000083100000| Complete 
|  10|0x0000000083200000, 0x0000000083300000, 0x0000000083300000|100%|HC|  |TAMS 0x0000000083200000, 0x0000000083200000| Complete 
|  11|0x0000000083300000, 0x0000000083400000, 0x0000000083400000|100%|HC|  |TAMS 0x0000000083300000, 0x0000000083300000| Complete 
|  12|0x0000000083400000, 0x0000000083500000, 0x0000000083500000|100%|HS|  |TAMS 0x0000000083400000, 0x0000000083400000| Complete 
|  13|0x0000000083500000, 0x0000000083600000, 0x0000000083600000|100%|HC|  |TAMS 0x0000000083500000, 0x0000000083500000| Complete 
|  14|0x0000000083600000, 0x0000000083700000, 0x0000000083700000|100%|HC|  |TAMS 0x0000000083600000, 0x0000000083600000| Complete 
|  15|0x0000000083700000, 0x0000000083800000, 0x0000000083800000|100%|HC|  |TAMS 0x0000000083700000, 0x0000000083700000| Complete 
|  16|0x0000000083800000, 0x0000000083900000, 0x0000000083900000|100%|HC|  |TAMS 0x0000000083800000, 0x0000000083800000| Complete 
|  17|0x0000000083900000, 0x0000000083a00000, 0x0000000083a00000|100%|HC|  |TAMS 0x0000000083900000, 0x0000000083900000| Complete 
|  18|0x0000000083a00000, 0x0000000083b00000, 0x0000000083b00000|100%|HC|  |TAMS 0x0000000083a00000, 0x0000000083a00000| Complete 
|  19|0x0000000083b00000, 0x0000000083c00000, 0x0000000083c00000|100%|HC|  |TAMS 0x0000000083b00000, 0x0000000083b00000| Complete 
|  20|0x0000000083c00000, 0x0000000083d00000, 0x0000000083d00000|100%|HC|  |TAMS 0x0000000083c00000, 0x0000000083c00000| Complete 
|  21|0x0000000083d00000, 0x0000000083e00000, 0x0000000083e00000|100%|HC|  |TAMS 0x0000000083d00000, 0x0000000083d00000| Complete 
|  22|0x0000000083e00000, 0x0000000083f00000, 0x0000000083f00000|100%|HC|  |TAMS 0x0000000083e00000, 0x0000000083e00000| Complete 
|  23|0x0000000083f00000, 0x0000000084000000, 0x0000000084000000|100%|HC|  |TAMS 0x0000000083f00000, 0x0000000083f00000| Complete 
|  24|0x0000000084000000, 0x0000000084100000, 0x0000000084100000|100%|HS|  |TAMS 0x0000000084000000, 0x0000000084000000| Complete 
|  25|0x0000000084100000, 0x0000000084200000, 0x0000000084200000|100%|HC|  |TAMS 0x0000000084100000, 0x0000000084100000| Complete 
|  26|0x0000000084200000, 0x0000000084300000, 0x0000000084300000|100%|HC|  |TAMS 0x0000000084200000, 0x0000000084200000| Complete 
|  27|0x0000000084300000, 0x0000000084400000, 0x0000000084400000|100%|HC|  |TAMS 0x0000000084300000, 0x0000000084300000| Complete 
|  28|0x0000000084400000, 0x0000000084500000, 0x0000000084500000|100%|HC|  |TAMS 0x0000000084400000, 0x0000000084400000| Complete 
|  29|0x0000000084500000, 0x0000000084600000, 0x0000000084600000|100%|HC|  |TAMS 0x0000000084500000, 0x0000000084500000| Complete 
|  30|0x0000000084600000, 0x0000000084700000, 0x0000000084700000|100%|HC|  |TAMS 0x0000000084600000, 0x0000000084600000| Complete 
|  31|0x0000000084700000, 0x0000000084800000, 0x0000000084800000|100%|HC|  |TAMS 0x0000000084700000, 0x0000000084700000| Complete 
|  32|0x0000000084800000, 0x0000000084900000, 0x0000000084900000|100%|HC|  |TAMS 0x0000000084800000, 0x0000000084800000| Complete 
|  33|0x0000000084900000, 0x0000000084a00000, 0x0000000084a00000|100%|HC|  |TAMS 0x0000000084900000, 0x0000000084900000| Complete 
|  34|0x0000000084a00000, 0x0000000084b00000, 0x0000000084b00000|100%|HC|  |TAMS 0x0000000084a00000, 0x0000000084a00000| Complete 
|  35|0x0000000084b00000, 0x0000000084c00000, 0x0000000084c00000|100%|HC|  |TAMS 0x0000000084b00000, 0x0000000084b00000| Complete 
|  36|0x0000000084c00000, 0x0000000084c00000, 0x0000000084d00000|  0%| F|  |TAMS 0x0000000084c00000, 0x0000000084c00000| Untracked 
|  37|0x0000000084d00000, 0x0000000084d00000, 0x0000000084e00000|  0%| F|  |TAMS 0x0000000084d00000, 0x0000000084d00000| Untracked 
|  38|0x0000000084e00000, 0x0000000084e00000, 0x0000000084f00000|  0%| F|  |TAMS 0x0000000084e00000, 0x0000000084e00000| Untracked 
|  39|0x0000000084f00000, 0x0000000084f00000, 0x0000000085000000|  0%| F|  |TAMS 0x0000000084f00000, 0x0000000084f00000| Untracked 
|  40|0x0000000085000000, 0x0000000085000000, 0x0000000085100000|  0%| F|  |TAMS 0x0000000085000000, 0x0000000085000000| Untracked 
|  41|0x0000000085100000, 0x0000000085197d80, 0x0000000085200000| 59%| S|CS|TAMS 0x0000000085100000, 0x0000000085100000| Complete 
|  42|0x0000000085200000, 0x0000000085300000, 0x0000000085300000|100%| S|CS|TAMS 0x0000000085200000, 0x0000000085200000| Complete 
|  43|0x0000000085300000, 0x0000000085400000, 0x0000000085400000|100%| S|CS|TAMS 0x0000000085300000, 0x0000000085300000| Complete 
|  44|0x0000000085400000, 0x0000000085500000, 0x0000000085500000|100%| S|CS|TAMS 0x0000000085400000, 0x0000000085400000| Complete 
|  45|0x0000000085500000, 0x0000000085600000, 0x0000000085600000|100%| S|CS|TAMS 0x0000000085500000, 0x0000000085500000| Complete 
|  46|0x0000000085600000, 0x0000000085700000, 0x0000000085700000|100%| S|CS|TAMS 0x0000000085600000, 0x0000000085600000| Complete 
|  47|0x0000000085700000, 0x0000000085800000, 0x0000000085800000|100%| S|CS|TAMS 0x0000000085700000, 0x0000000085700000| Complete 
|  48|0x0000000085800000, 0x0000000085900000, 0x0000000085900000|100%| S|CS|TAMS 0x0000000085800000, 0x0000000085800000| Complete 
|  49|0x0000000085900000, 0x0000000085a00000, 0x0000000085a00000|100%| S|CS|TAMS 0x0000000085900000, 0x0000000085900000| Complete 
|  50|0x0000000085a00000, 0x0000000085b00000, 0x0000000085b00000|100%| S|CS|TAMS 0x0000000085a00000, 0x0000000085a00000| Complete 
|  51|0x0000000085b00000, 0x0000000085b00000, 0x0000000085c00000|  0%| F|  |TAMS 0x0000000085b00000, 0x0000000085b00000| Untracked 
|  52|0x0000000085c00000, 0x0000000085c00000, 0x0000000085d00000|  0%| F|  |TAMS 0x0000000085c00000, 0x0000000085c00000| Untracked 
|  53|0x0000000085d00000, 0x0000000085d00000, 0x0000000085e00000|  0%| F|  |TAMS 0x0000000085d00000, 0x0000000085d00000| Untracked 
|  54|0x0000000085e00000, 0x0000000085e00000, 0x0000000085f00000|  0%| F|  |TAMS 0x0000000085e00000, 0x0000000085e00000| Untracked 
|  55|0x0000000085f00000, 0x0000000085f00000, 0x0000000086000000|  0%| F|  |TAMS 0x0000000085f00000, 0x0000000085f00000| Untracked 
|  56|0x0000000086000000, 0x0000000086000000, 0x0000000086100000|  0%| F|  |TAMS 0x0000000086000000, 0x0000000086000000| Untracked 
|  57|0x0000000086100000, 0x0000000086100000, 0x0000000086200000|  0%| F|  |TAMS 0x0000000086100000, 0x0000000086100000| Untracked 
|  58|0x0000000086200000, 0x0000000086200000, 0x0000000086300000|  0%| F|  |TAMS 0x0000000086200000, 0x0000000086200000| Untracked 
|  59|0x0000000086300000, 0x0000000086300000, 0x0000000086400000|  0%| F|  |TAMS 0x0000000086300000, 0x0000000086300000| Untracked 
|  60|0x0000000086400000, 0x0000000086400000, 0x0000000086500000|  0%| F|  |TAMS 0x0000000086400000, 0x0000000086400000| Untracked 
|  61|0x0000000086500000, 0x0000000086500000, 0x0000000086600000|  0%| F|  |TAMS 0x0000000086500000, 0x0000000086500000| Untracked 
|  62|0x0000000086600000, 0x0000000086600000, 0x0000000086700000|  0%| F|  |TAMS 0x0000000086600000, 0x0000000086600000| Untracked 
|  63|0x0000000086700000, 0x0000000086700000, 0x0000000086800000|  0%| F|  |TAMS 0x0000000086700000, 0x0000000086700000| Untracked 
|  64|0x0000000086800000, 0x0000000086800000, 0x0000000086900000|  0%| F|  |TAMS 0x0000000086800000, 0x0000000086800000| Untracked 
|  65|0x0000000086900000, 0x0000000086900000, 0x0000000086a00000|  0%| F|  |TAMS 0x0000000086900000, 0x0000000086900000| Untracked 
|  66|0x0000000086a00000, 0x0000000086a00000, 0x0000000086b00000|  0%| F|  |TAMS 0x0000000086a00000, 0x0000000086a00000| Untracked 
|  67|0x0000000086b00000, 0x0000000086b00000, 0x0000000086c00000|  0%| F|  |TAMS 0x0000000086b00000, 0x0000000086b00000| Untracked 
|  68|0x0000000086c00000, 0x0000000086c00000, 0x0000000086d00000|  0%| F|  |TAMS 0x0000000086c00000, 0x0000000086c00000| Untracked 
|  69|0x0000000086d00000, 0x0000000086d00000, 0x0000000086e00000|  0%| F|  |TAMS 0x0000000086d00000, 0x0000000086d00000| Untracked 
|  70|0x0000000086e00000, 0x0000000086e00000, 0x0000000086f00000|  0%| F|  |TAMS 0x0000000086e00000, 0x0000000086e00000| Untracked 
|  71|0x0000000086f00000, 0x0000000086f00000, 0x0000000087000000|  0%| F|  |TAMS 0x0000000086f00000, 0x0000000086f00000| Untracked 
|  72|0x0000000087000000, 0x0000000087000000, 0x0000000087100000|  0%| F|  |TAMS 0x0000000087000000, 0x0000000087000000| Untracked 
|  73|0x0000000087100000, 0x0000000087100000, 0x0000000087200000|  0%| F|  |TAMS 0x0000000087100000, 0x0000000087100000| Untracked 
|  74|0x0000000087200000, 0x0000000087200000, 0x0000000087300000|  0%| F|  |TAMS 0x0000000087200000, 0x0000000087200000| Untracked 
|  75|0x0000000087300000, 0x0000000087300000, 0x0000000087400000|  0%| F|  |TAMS 0x0000000087300000, 0x0000000087300000| Untracked 
|  76|0x0000000087400000, 0x0000000087400000, 0x0000000087500000|  0%| F|  |TAMS 0x0000000087400000, 0x0000000087400000| Untracked 
|  77|0x0000000087500000, 0x0000000087500000, 0x0000000087600000|  0%| F|  |TAMS 0x0000000087500000, 0x0000000087500000| Untracked 
|  78|0x0000000087600000, 0x0000000087600000, 0x0000000087700000|  0%| F|  |TAMS 0x0000000087600000, 0x0000000087600000| Untracked 
|  79|0x0000000087700000, 0x0000000087700000, 0x0000000087800000|  0%| F|  |TAMS 0x0000000087700000, 0x0000000087700000| Untracked 
|  80|0x0000000087800000, 0x0000000087800000, 0x0000000087900000|  0%| F|  |TAMS 0x0000000087800000, 0x0000000087800000| Untracked 
|  81|0x0000000087900000, 0x0000000087900000, 0x0000000087a00000|  0%| F|  |TAMS 0x0000000087900000, 0x0000000087900000| Untracked 
|  82|0x0000000087a00000, 0x0000000087a00000, 0x0000000087b00000|  0%| F|  |TAMS 0x0000000087a00000, 0x0000000087a00000| Untracked 
|  83|0x0000000087b00000, 0x0000000087b00000, 0x0000000087c00000|  0%| F|  |TAMS 0x0000000087b00000, 0x0000000087b00000| Untracked 
|  84|0x0000000087c00000, 0x0000000087c00000, 0x0000000087d00000|  0%| F|  |TAMS 0x0000000087c00000, 0x0000000087c00000| Untracked 
|  85|0x0000000087d00000, 0x0000000087d00000, 0x0000000087e00000|  0%| F|  |TAMS 0x0000000087d00000, 0x0000000087d00000| Untracked 
|  86|0x0000000087e00000, 0x0000000087e00000, 0x0000000087f00000|  0%| F|  |TAMS 0x0000000087e00000, 0x0000000087e00000| Untracked 
|  87|0x0000000087f00000, 0x0000000087f00000, 0x0000000088000000|  0%| F|  |TAMS 0x0000000087f00000, 0x0000000087f00000| Untracked 
|  88|0x0000000088000000, 0x0000000088000000, 0x0000000088100000|  0%| F|  |TAMS 0x0000000088000000, 0x0000000088000000| Untracked 
|  89|0x0000000088100000, 0x0000000088100000, 0x0000000088200000|  0%| F|  |TAMS 0x0000000088100000, 0x0000000088100000| Untracked 
|  90|0x0000000088200000, 0x0000000088200000, 0x0000000088300000|  0%| F|  |TAMS 0x0000000088200000, 0x0000000088200000| Untracked 
|  91|0x0000000088300000, 0x0000000088400000, 0x0000000088400000|100%| E|  |TAMS 0x0000000088300000, 0x0000000088300000| Complete 
|  92|0x0000000088400000, 0x0000000088500000, 0x0000000088500000|100%| E|CS|TAMS 0x0000000088400000, 0x0000000088400000| Complete 
|  93|0x0000000088500000, 0x0000000088600000, 0x0000000088600000|100%| E|CS|TAMS 0x0000000088500000, 0x0000000088500000| Complete 
|  94|0x0000000088600000, 0x0000000088700000, 0x0000000088700000|100%| E|CS|TAMS 0x0000000088600000, 0x0000000088600000| Complete 
|  95|0x0000000088700000, 0x0000000088800000, 0x0000000088800000|100%| E|CS|TAMS 0x0000000088700000, 0x0000000088700000| Complete 
|  96|0x0000000088800000, 0x0000000088900000, 0x0000000088900000|100%| E|CS|TAMS 0x0000000088800000, 0x0000000088800000| Complete 
|  97|0x0000000088900000, 0x0000000088a00000, 0x0000000088a00000|100%| E|CS|TAMS 0x0000000088900000, 0x0000000088900000| Complete 
|  98|0x0000000088a00000, 0x0000000088b00000, 0x0000000088b00000|100%| E|CS|TAMS 0x0000000088a00000, 0x0000000088a00000| Complete 
|  99|0x0000000088b00000, 0x0000000088c00000, 0x0000000088c00000|100%| E|CS|TAMS 0x0000000088b00000, 0x0000000088b00000| Complete 
| 100|0x0000000088c00000, 0x0000000088d00000, 0x0000000088d00000|100%| E|CS|TAMS 0x0000000088c00000, 0x0000000088c00000| Complete 
| 101|0x0000000088d00000, 0x0000000088e00000, 0x0000000088e00000|100%| E|CS|TAMS 0x0000000088d00000, 0x0000000088d00000| Complete 
| 102|0x0000000088e00000, 0x0000000088f00000, 0x0000000088f00000|100%| E|CS|TAMS 0x0000000088e00000, 0x0000000088e00000| Complete 
| 103|0x0000000088f00000, 0x0000000089000000, 0x0000000089000000|100%| E|CS|TAMS 0x0000000088f00000, 0x0000000088f00000| Complete 
| 104|0x0000000089000000, 0x0000000089100000, 0x0000000089100000|100%| E|CS|TAMS 0x0000000089000000, 0x0000000089000000| Complete 
| 105|0x0000000089100000, 0x0000000089200000, 0x0000000089200000|100%| E|CS|TAMS 0x0000000089100000, 0x0000000089100000| Complete 
| 106|0x0000000089200000, 0x0000000089300000, 0x0000000089300000|100%| E|CS|TAMS 0x0000000089200000, 0x0000000089200000| Complete 
| 107|0x0000000089300000, 0x0000000089400000, 0x0000000089400000|100%| E|CS|TAMS 0x0000000089300000, 0x0000000089300000| Complete 
| 108|0x0000000089400000, 0x0000000089500000, 0x0000000089500000|100%| E|CS|TAMS 0x0000000089400000, 0x0000000089400000| Complete 
| 109|0x0000000089500000, 0x0000000089600000, 0x0000000089600000|100%| E|CS|TAMS 0x0000000089500000, 0x0000000089500000| Complete 
| 110|0x0000000089600000, 0x0000000089700000, 0x0000000089700000|100%| E|CS|TAMS 0x0000000089600000, 0x0000000089600000| Complete 
| 111|0x0000000089700000, 0x0000000089800000, 0x0000000089800000|100%| E|CS|TAMS 0x0000000089700000, 0x0000000089700000| Complete 
| 112|0x0000000089800000, 0x0000000089900000, 0x0000000089900000|100%| E|CS|TAMS 0x0000000089800000, 0x0000000089800000| Complete 
| 113|0x0000000089900000, 0x0000000089a00000, 0x0000000089a00000|100%| E|CS|TAMS 0x0000000089900000, 0x0000000089900000| Complete 
| 114|0x0000000089a00000, 0x0000000089b00000, 0x0000000089b00000|100%| E|CS|TAMS 0x0000000089a00000, 0x0000000089a00000| Complete 
| 115|0x0000000089b00000, 0x0000000089c00000, 0x0000000089c00000|100%| E|CS|TAMS 0x0000000089b00000, 0x0000000089b00000| Complete 
| 116|0x0000000089c00000, 0x0000000089d00000, 0x0000000089d00000|100%| E|CS|TAMS 0x0000000089c00000, 0x0000000089c00000| Complete 
| 117|0x0000000089d00000, 0x0000000089e00000, 0x0000000089e00000|100%| E|CS|TAMS 0x0000000089d00000, 0x0000000089d00000| Complete 
| 118|0x0000000089e00000, 0x0000000089f00000, 0x0000000089f00000|100%| E|CS|TAMS 0x0000000089e00000, 0x0000000089e00000| Complete 
| 119|0x0000000089f00000, 0x000000008a000000, 0x000000008a000000|100%| E|CS|TAMS 0x0000000089f00000, 0x0000000089f00000| Complete 
| 120|0x000000008a000000, 0x000000008a100000, 0x000000008a100000|100%| E|CS|TAMS 0x000000008a000000, 0x000000008a000000| Complete 
| 121|0x000000008a100000, 0x000000008a200000, 0x000000008a200000|100%| E|CS|TAMS 0x000000008a100000, 0x000000008a100000| Complete 
| 122|0x000000008a200000, 0x000000008a300000, 0x000000008a300000|100%| E|CS|TAMS 0x000000008a200000, 0x000000008a200000| Complete 
| 123|0x000000008a300000, 0x000000008a400000, 0x000000008a400000|100%| E|CS|TAMS 0x000000008a300000, 0x000000008a300000| Complete 
| 124|0x000000008a400000, 0x000000008a500000, 0x000000008a500000|100%| E|CS|TAMS 0x000000008a400000, 0x000000008a400000| Complete 
| 125|0x000000008a500000, 0x000000008a600000, 0x000000008a600000|100%| E|CS|TAMS 0x000000008a500000, 0x000000008a500000| Complete 

Card table byte_map: [0x0000018bdf760000,0x0000018bdfb50000] _byte_map_base: 0x0000018bdf34c000

Marking Bits (Prev, Next): (CMBitMap*) 0x0000018bc813e8e0, (CMBitMap*) 0x0000018bc813e920
 Prev Bits: [0x0000018bdff40000, 0x0000018be1ea0000)
 Next Bits: [0x0000018be1ea0000, 0x0000018be3e00000)

Polling page: 0x0000018bc60f0000

Metaspace:

Usage:
  Non-class:     14.63 MB used.
      Class:      1.74 MB used.
       Both:     16.38 MB used.

Virtual space:
  Non-class space:       64.00 MB reserved,      14.81 MB ( 23%) committed,  1 nodes.
      Class space:        1.00 GB reserved,       1.88 MB ( <1%) committed,  1 nodes.
             Both:        1.06 GB reserved,      16.69 MB (  2%) committed. 

Chunk freelists:
   Non-Class:  848.00 KB
       Class:  1.94 MB
        Both:  2.77 MB

MaxMetaspaceSize: unlimited
CompressedClassSpaceSize: 1.00 GB
Initial GC threshold: 21.00 MB
Current GC threshold: 21.00 MB
CDS: on
MetaspaceReclaimPolicy: balanced
 - commit_granule_bytes: 65536.
 - commit_granule_words: 8192.
 - virtual_space_node_default_size: 8388608.
 - enlarge_chunks_in_place: 1.
 - new_chunks_are_fully_committed: 0.
 - uncommit_free_chunks: 1.
 - use_allocation_guard: 0.


Internal statistics:

num_allocs_failed_limit: 0.
num_arena_births: 254.
num_arena_deaths: 0.
num_vsnodes_births: 2.
num_vsnodes_deaths: 0.
num_space_committed: 267.
num_space_uncommitted: 0.
num_chunks_returned_to_freelist: 0.
num_chunks_taken_from_freelist: 828.
num_chunk_merges: 0.
num_chunk_splits: 595.
num_chunks_enlarged: 451.
num_inconsistent_stats: 0.

CodeHeap 'non-profiled nmethods': size=120000Kb used=2126Kb max_used=2126Kb free=117873Kb
 bounds [0x0000018bd7b10000, 0x0000018bd7d80000, 0x0000018bdf040000]
CodeHeap 'profiled nmethods': size=120000Kb used=8776Kb max_used=8776Kb free=111223Kb
 bounds [0x0000018bd0040000, 0x0000018bd08e0000, 0x0000018bd7570000]
CodeHeap 'non-nmethods': size=5760Kb used=1279Kb max_used=1338Kb free=4480Kb
 bounds [0x0000018bd7570000, 0x0000018bd77e0000, 0x0000018bd7b10000]
 total_blobs=4643 nmethods=4152 adapters=401
 compilation: enabled
              stopped_count=0, restarted_count=0
 full_count=0

Compilation events (20 events):
Event: 211.260 Thread 0x0000018be6865f70 nmethod 4162 0x0000018bd7d23510 code [0x0000018bd7d236a0, 0x0000018bd7d23758]
Event: 211.262 Thread 0x0000018be6865f70 4163       3       java.util.ImmutableCollections$Set12::iterator (9 bytes)
Event: 211.263 Thread 0x0000018be6865f70 nmethod 4163 0x0000018bd08cf190 code [0x0000018bd08cf340, 0x0000018bd08cf638]
Event: 211.263 Thread 0x0000018be6865f70 4164       3       java.util.ImmutableCollections$Set12$1::<init> (32 bytes)
Event: 211.263 Thread 0x0000018be6865f70 nmethod 4164 0x0000018bd08cf710 code [0x0000018bd08cf8c0, 0x0000018bd08cfaf8]
Event: 211.265 Thread 0x0000018be6865f70 4165       1       java.nio.DirectByteBufferR::isDirect (2 bytes)
Event: 211.265 Thread 0x0000018be6865f70 nmethod 4165 0x0000018bd7d23810 code [0x0000018bd7d239a0, 0x0000018bd7d23a78]
Event: 211.288 Thread 0x0000018be6865f70 4166       3       java.lang.invoke.MethodHandles$Lookup::checkSymbolicClass (25 bytes)
Event: 211.289 Thread 0x0000018be6865f70 nmethod 4166 0x0000018bd08cfc10 code [0x0000018bd08cfde0, 0x0000018bd08d0048]
Event: 211.291 Thread 0x0000018be6865f70 4167       3       java.lang.invoke.MemberName::getType (19 bytes)
Event: 211.291 Thread 0x0000018be6865f70 nmethod 4167 0x0000018bd08d0190 code [0x0000018bd08d0380, 0x0000018bd08d0738]
Event: 213.700 Thread 0x0000018be6865f70 4168       3       jdk.internal.misc.Unsafe::checkSize (32 bytes)
Event: 213.719 Thread 0x0000018be6865f70 nmethod 4168 0x0000018bd08d0890 code [0x0000018bd08d0a40, 0x0000018bd08d0cc8]
Event: 214.149 Thread 0x0000018be6865f70 4169       3       jdk.internal.misc.Unsafe::checkNativeAddress (28 bytes)
Event: 214.149 Thread 0x0000018be6865f70 nmethod 4169 0x0000018bd08d0e10 code [0x0000018bd08d0fa0, 0x0000018bd08d10b8]
Event: 214.370 Thread 0x0000018be6865f70 4172       3       jdk.internal.misc.Unsafe::checkPrimitivePointer (19 bytes)
Event: 214.370 Thread 0x0000018be6865f70 nmethod 4172 0x0000018bd08d1190 code [0x0000018bd08d13a0, 0x0000018bd08d19c8]
Event: 214.370 Thread 0x0000018be6865f70 4173       3       jdk.internal.misc.Unsafe::checkPointer (19 bytes)
Event: 214.370 Thread 0x0000018be6865f70 nmethod 4173 0x0000018bd08d1c10 code [0x0000018bd08d1de0, 0x0000018bd08d2188]
Event: 214.370 Thread 0x0000018be6865f70 4170       3       jdk.internal.misc.Unsafe::copyMemory (33 bytes)

GC Heap History (6 events):
Event: 1.777 GC heap before
{Heap before GC invocations=0 (full 0):
 garbage-first heap   total 129024K, used 23552K [0x0000000082800000, 0x0000000100000000)
  region size 1024K, 23 young (23552K), 0 survivors (0K)
 Metaspace       used 4955K, committed 5120K, reserved 1114112K
  class space    used 558K, committed 640K, reserved 1048576K
}
Event: 1.784 GC heap after
{Heap after GC invocations=1 (full 0):
 garbage-first heap   total 129024K, used 3584K [0x0000000082800000, 0x0000000100000000)
  region size 1024K, 3 young (3072K), 3 survivors (3072K)
 Metaspace       used 4955K, committed 5120K, reserved 1114112K
  class space    used 558K, committed 640K, reserved 1048576K
}
Event: 2.803 GC heap before
{Heap before GC invocations=1 (full 0):
 garbage-first heap   total 129024K, used 35328K [0x0000000082800000, 0x0000000100000000)
  region size 1024K, 34 young (34816K), 3 survivors (3072K)
 Metaspace       used 10335K, committed 10560K, reserved 1114112K
  class space    used 1222K, committed 1344K, reserved 1048576K
}
Event: 2.812 GC heap after
{Heap after GC invocations=2 (full 0):
 garbage-first heap   total 129024K, used 6131K [0x0000000082800000, 0x0000000100000000)
  region size 1024K, 3 young (3072K), 3 survivors (3072K)
 Metaspace       used 10335K, committed 10560K, reserved 1114112K
  class space    used 1222K, committed 1344K, reserved 1048576K
}
Event: 137.335 GC heap before
{Heap before GC invocations=2 (full 0):
 garbage-first heap   total 129024K, used 79859K [0x0000000082800000, 0x0000000100000000)
  region size 1024K, 75 young (76800K), 3 survivors (3072K)
 Metaspace       used 13534K, committed 13824K, reserved 1114112K
  class space    used 1465K, committed 1600K, reserved 1048576K
}
Event: 137.555 GC heap after
{Heap after GC invocations=3 (full 0):
 garbage-first heap   total 129024K, used 13409K [0x0000000082800000, 0x0000000100000000)
  region size 1024K, 10 young (10240K), 10 survivors (10240K)
 Metaspace       used 13534K, committed 13824K, reserved 1114112K
  class space    used 1465K, committed 1600K, reserved 1048576K
}

Dll operation events (8 events):
Event: 0.008 Loaded shared library C:\Program Files\Java\jdk-19\bin\java.dll
Event: 0.218 Loaded shared library C:\Program Files\Java\jdk-19\bin\jsvml.dll
Event: 0.260 Loaded shared library C:\Program Files\Java\jdk-19\bin\net.dll
Event: 0.262 Loaded shared library C:\Program Files\Java\jdk-19\bin\nio.dll
Event: 0.268 Loaded shared library C:\Program Files\Java\jdk-19\bin\zip.dll
Event: 0.488 Loaded shared library C:\Program Files\Java\jdk-19\bin\jimage.dll
Event: 0.566 Loaded shared library C:\Users\User\Desktop\NETBEAN\NetBeans-15\netbeans\java\maven\lib\jansi-native\Windows\x86_64\jansi.dll
Event: 0.579 Loaded shared library C:\Program Files\Java\jdk-19\bin\verify.dll

Deoptimization events (20 events):
Event: 175.604 Thread 0x0000018bc80de310 Uncommon trap: trap_request=0xffffffc6 fr.pc=0x0000018bd7cb2380 relative=0x00000000000003c0
Event: 175.604 Thread 0x0000018bc80de310 Uncommon trap: reason=bimorphic_or_optimized_type_check action=maybe_recompile pc=0x0000018bd7cb2380 method=java.util.regex.Matcher.match(II)Z @ 121 c2
Event: 175.604 Thread 0x0000018bc80de310 DEOPT PACKING pc=0x0000018bd7cb2380 sp=0x00000052a03fdad0
Event: 175.604 Thread 0x0000018bc80de310 DEOPT UNPACKING pc=0x0000018bd75d6da3 sp=0x00000052a03fda48 mode 2
Event: 176.065 Thread 0x0000018bc80de310 Uncommon trap: trap_request=0xffffffd6 fr.pc=0x0000018bd7d19918 relative=0x00000000000008d8
Event: 176.065 Thread 0x0000018bc80de310 Uncommon trap: reason=array_check action=maybe_recompile pc=0x0000018bd7d19918 method=java.util.TimSort.binarySort([Ljava/lang/Object;IIILjava/util/Comparator;)V @ 193 c2
Event: 176.065 Thread 0x0000018bc80de310 DEOPT PACKING pc=0x0000018bd7d19918 sp=0x00000052a03fda50
Event: 176.065 Thread 0x0000018bc80de310 DEOPT UNPACKING pc=0x0000018bd75d6da3 sp=0x00000052a03fda08 mode 2
Event: 176.066 Thread 0x0000018bc80de310 Uncommon trap: trap_request=0xffffffd6 fr.pc=0x0000018bd7d19918 relative=0x00000000000008d8
Event: 176.066 Thread 0x0000018bc80de310 Uncommon trap: reason=array_check action=maybe_recompile pc=0x0000018bd7d19918 method=java.util.TimSort.binarySort([Ljava/lang/Object;IIILjava/util/Comparator;)V @ 193 c2
Event: 176.066 Thread 0x0000018bc80de310 DEOPT PACKING pc=0x0000018bd7d19918 sp=0x00000052a03fda50
Event: 176.066 Thread 0x0000018bc80de310 DEOPT UNPACKING pc=0x0000018bd75d6da3 sp=0x00000052a03fda08 mode 2
Event: 177.334 Thread 0x0000018bc80de310 Uncommon trap: trap_request=0xffffffc6 fr.pc=0x0000018bd7b70328 relative=0x0000000000000368
Event: 177.334 Thread 0x0000018bc80de310 Uncommon trap: reason=bimorphic_or_optimized_type_check action=maybe_recompile pc=0x0000018bd7b70328 method=java.nio.Buffer.<init>(IIIILjava/lang/foreign/MemorySegment;)V @ 39 c2
Event: 177.334 Thread 0x0000018bc80de310 DEOPT PACKING pc=0x0000018bd7b70328 sp=0x00000052a03f8fe0
Event: 177.334 Thread 0x0000018bc80de310 DEOPT UNPACKING pc=0x0000018bd75d6da3 sp=0x00000052a03f8f88 mode 2
Event: 204.339 Thread 0x0000018bc80de310 Uncommon trap: trap_request=0xffffff76 fr.pc=0x0000018bd7d1f580 relative=0x00000000000002e0
Event: 204.339 Thread 0x0000018bc80de310 Uncommon trap: reason=predicate action=maybe_recompile pc=0x0000018bd7d1f580 method=java.util.HashMap.keysToArray([Ljava/lang/Object;)[Ljava/lang/Object; @ 48 c2
Event: 204.339 Thread 0x0000018bc80de310 DEOPT PACKING pc=0x0000018bd7d1f580 sp=0x00000052a03fe3b0
Event: 204.339 Thread 0x0000018bc80de310 DEOPT UNPACKING pc=0x0000018bd75d6da3 sp=0x00000052a03fe348 mode 2

Classes loaded (20 events):
Event: 211.221 Loading class sun/nio/fs/WindowsPath$1
Event: 211.221 Loading class sun/nio/fs/WindowsPath$1 done
Event: 211.228 Loading class java/nio/file/FileSystemNotFoundException
Event: 211.228 Loading class java/nio/file/FileSystemNotFoundException done
Event: 211.228 Loading class java/util/JumboEnumSet$EnumSetIterator
Event: 211.228 Loading class java/util/JumboEnumSet$EnumSetIterator done
Event: 211.235 Loading class java/util/MissingResourceException
Event: 211.235 Loading class java/util/MissingResourceException done
Event: 211.239 Loading class java/util/ResourceBundle$CacheKey
Event: 211.239 Loading class java/util/ResourceBundle$CacheKey done
Event: 211.239 Loading class java/util/ResourceBundle$KeyElementReference
Event: 211.240 Loading class java/util/ResourceBundle$CacheKeyReference
Event: 211.240 Loading class java/util/ResourceBundle$CacheKeyReference done
Event: 211.240 Loading class java/util/ResourceBundle$KeyElementReference done
Event: 211.242 Loading class java/util/ResourceBundle$3
Event: 211.242 Loading class java/util/ResourceBundle$3 done
Event: 211.255 Loading class java/util/ResourceBundle$BundleReference
Event: 211.256 Loading class java/util/ResourceBundle$BundleReference done
Event: 211.292 Loading class sun/nio/fs/WindowsLinkSupport
Event: 211.292 Loading class sun/nio/fs/WindowsLinkSupport done

Classes unloaded (0 events):
No events

Classes redefined (0 events):
No events

Internal exceptions (20 events):
Event: 159.631 Thread 0x0000018bc80de310 Exception <a 'java/io/IOException'{0x0000000088f822b0}> (0x0000000088f822b0) 
thrown [s\open\src\hotspot\share\prims\jni.cpp, line 517]
Event: 159.631 Thread 0x0000018bc80de310 Exception <a 'java/io/IOException'{0x0000000088f828b0}> (0x0000000088f828b0) 
thrown [s\open\src\hotspot\share\prims\jni.cpp, line 517]
Event: 159.631 Thread 0x0000018bc80de310 Exception <a 'java/io/IOException'{0x0000000088f82e78}> (0x0000000088f82e78) 
thrown [s\open\src\hotspot\share\prims\jni.cpp, line 517]
Event: 159.631 Thread 0x0000018bc80de310 Exception <a 'java/io/IOException'{0x0000000088f83440}> (0x0000000088f83440) 
thrown [s\open\src\hotspot\share\prims\jni.cpp, line 517]
Event: 159.631 Thread 0x0000018bc80de310 Exception <a 'java/io/IOException'{0x0000000088f83d00}> (0x0000000088f83d00) 
thrown [s\open\src\hotspot\share\prims\jni.cpp, line 517]
Event: 159.631 Thread 0x0000018bc80de310 Exception <a 'java/io/IOException'{0x0000000088f84300}> (0x0000000088f84300) 
thrown [s\open\src\hotspot\share\prims\jni.cpp, line 517]
Event: 159.631 Thread 0x0000018bc80de310 Exception <a 'java/io/IOException'{0x0000000088f848c8}> (0x0000000088f848c8) 
thrown [s\open\src\hotspot\share\prims\jni.cpp, line 517]
Event: 159.631 Thread 0x0000018bc80de310 Exception <a 'java/io/IOException'{0x0000000088f84e90}> (0x0000000088f84e90) 
thrown [s\open\src\hotspot\share\prims\jni.cpp, line 517]
Event: 159.631 Thread 0x0000018bc80de310 Exception <a 'java/io/IOException'{0x0000000088f861b8}> (0x0000000088f861b8) 
thrown [s\open\src\hotspot\share\prims\jni.cpp, line 517]
Event: 159.631 Thread 0x0000018bc80de310 Exception <a 'java/io/IOException'{0x0000000088f867b8}> (0x0000000088f867b8) 
thrown [s\open\src\hotspot\share\prims\jni.cpp, line 517]
Event: 159.631 Thread 0x0000018bc80de310 Exception <a 'java/io/IOException'{0x0000000088f86d80}> (0x0000000088f86d80) 
thrown [s\open\src\hotspot\share\prims\jni.cpp, line 517]
Event: 159.632 Thread 0x0000018bc80de310 Exception <a 'java/io/IOException'{0x0000000088f87348}> (0x0000000088f87348) 
thrown [s\open\src\hotspot\share\prims\jni.cpp, line 517]
Event: 204.515 Thread 0x0000018bc80de310 Exception <a 'java/io/IOException'{0x00000000884bf5c0}> (0x00000000884bf5c0) 
thrown [s\open\src\hotspot\share\prims\jni.cpp, line 517]
Event: 204.515 Thread 0x0000018bc80de310 Exception <a 'java/io/IOException'{0x00000000884bfbc0}> (0x00000000884bfbc0) 
thrown [s\open\src\hotspot\share\prims\jni.cpp, line 517]
Event: 204.515 Thread 0x0000018bc80de310 Exception <a 'java/io/IOException'{0x00000000884c0188}> (0x00000000884c0188) 
thrown [s\open\src\hotspot\share\prims\jni.cpp, line 517]
Event: 204.515 Thread 0x0000018bc80de310 Exception <a 'java/io/IOException'{0x00000000884c0750}> (0x00000000884c0750) 
thrown [s\open\src\hotspot\share\prims\jni.cpp, line 517]
Event: 208.454 Thread 0x0000018bc80de310 Exception <a 'java/io/IOException'{0x00000000883067e8}> (0x00000000883067e8) 
thrown [s\open\src\hotspot\share\prims\jni.cpp, line 517]
Event: 208.510 Thread 0x0000018bc80de310 Exception <a 'java/io/IOException'{0x0000000088306de8}> (0x0000000088306de8) 
thrown [s\open\src\hotspot\share\prims\jni.cpp, line 517]
Event: 208.510 Thread 0x0000018bc80de310 Exception <a 'java/io/IOException'{0x00000000883073b0}> (0x00000000883073b0) 
thrown [s\open\src\hotspot\share\prims\jni.cpp, line 517]
Event: 208.510 Thread 0x0000018bc80de310 Exception <a 'java/io/IOException'{0x0000000088307978}> (0x0000000088307978) 
thrown [s\open\src\hotspot\share\prims\jni.cpp, line 517]

VM Operations (20 events):
Event: 177.402 Executing VM operation: Cleanup
Event: 177.507 Executing VM operation: Cleanup done
Event: 180.606 Executing VM operation: Cleanup
Event: 180.649 Executing VM operation: Cleanup done
Event: 183.746 Executing VM operation: Cleanup
Event: 183.826 Executing VM operation: Cleanup done
Event: 184.834 Executing VM operation: Cleanup
Event: 184.924 Executing VM operation: Cleanup done
Event: 185.936 Executing VM operation: Cleanup
Event: 186.260 Executing VM operation: Cleanup done
Event: 188.287 Executing VM operation: Cleanup
Event: 188.349 Executing VM operation: Cleanup done
Event: 197.509 Executing VM operation: Cleanup
Event: 197.705 Executing VM operation: Cleanup done
Event: 199.707 Executing VM operation: Cleanup
Event: 199.797 Executing VM operation: Cleanup done
Event: 204.837 Executing VM operation: Cleanup
Event: 204.837 Executing VM operation: Cleanup done
Event: 211.878 Executing VM operation: Cleanup
Event: 211.879 Executing VM operation: Cleanup done

Events (20 events):
Event: 0.218 Thread 0x0000018bc80de310 Thread added: 0x0000018bc80de310
Event: 0.232 Thread 0x0000018be682a000 Thread added: 0x0000018be682a000
Event: 0.232 Thread 0x0000018be682ab30 Thread added: 0x0000018be682ab30
Event: 0.232 Thread 0x0000018be682e910 Thread added: 0x0000018be682e910
Event: 0.232 Thread 0x0000018be6831250 Thread added: 0x0000018be6831250
Event: 0.232 Thread 0x0000018be6832320 Thread added: 0x0000018be6832320
Event: 0.232 Thread 0x0000018be68333f0 Thread added: 0x0000018be68333f0
Event: 0.232 Thread 0x0000018be68415e0 Thread added: 0x0000018be68415e0
Event: 0.232 Thread 0x0000018be6865f70 Thread added: 0x0000018be6865f70
Event: 0.232 Thread 0x0000018be6870cd0 Thread added: 0x0000018be6870cd0
Event: 0.245 Thread 0x0000018bead02470 Thread added: 0x0000018bead02470
Event: 0.247 Thread 0x0000018bead0d7f0 Thread added: 0x0000018bead0d7f0
Event: 131.707 Thread 0x0000018beb97f9a0 Thread added: 0x0000018beb97f9a0
Event: 131.929 Thread 0x0000018beb02f730 Thread added: 0x0000018beb02f730
Event: 132.300 Thread 0x0000018beb02f730 Thread exited: 0x0000018beb02f730
Event: 132.303 Thread 0x0000018beb97f9a0 Thread exited: 0x0000018beb97f9a0
Event: 132.334 Thread 0x0000018beb97f9a0 Thread added: 0x0000018beb97f9a0
Event: 132.611 Thread 0x0000018beb97f9a0 Thread exited: 0x0000018beb97f9a0
Event: 132.896 Thread 0x0000018beb02f730 Thread added: 0x0000018beb02f730
Event: 133.408 Thread 0x0000018beb02f730 Thread exited: 0x0000018beb02f730


Dynamic libraries:
0x00007ff75d2a0000 - 0x00007ff75d2b0000 	C:\Program Files\Java\jdk-19\bin\java.exe
0x00007ffd17dc0000 - 0x00007ffd17fc9000 	C:\WINDOWS\SYSTEM32\ntdll.dll
0x00007ffd16ad0000 - 0x00007ffd16b8e000 	C:\WINDOWS\System32\KERNEL32.DLL
0x00007ffd15870000 - 0x00007ffd15bf4000 	C:\WINDOWS\System32\KERNELBASE.dll
0x00007ffd15270000 - 0x00007ffd15381000 	C:\WINDOWS\System32\ucrtbase.dll
0x00007ffcfb4c0000 - 0x00007ffcfb4d8000 	C:\Program Files\Java\jdk-19\bin\jli.dll
0x00007ffd177a0000 - 0x00007ffd1784f000 	C:\WINDOWS\System32\ADVAPI32.dll
0x00007ffd176d0000 - 0x00007ffd17773000 	C:\WINDOWS\System32\msvcrt.dll
0x00007ffd17630000 - 0x00007ffd176ce000 	C:\WINDOWS\System32\sechost.dll
0x00007ffd16910000 - 0x00007ffd16a31000 	C:\WINDOWS\System32\RPCRT4.dll
0x00007ffd15cd0000 - 0x00007ffd15e7d000 	C:\WINDOWS\System32\USER32.dll
0x00007ffd15c00000 - 0x00007ffd15c26000 	C:\WINDOWS\System32\win32u.dll
0x00007ffd16c70000 - 0x00007ffd16c9a000 	C:\WINDOWS\System32\GDI32.dll
0x00007ffd15540000 - 0x00007ffd1565f000 	C:\WINDOWS\System32\gdi32full.dll
0x00007ffd15660000 - 0x00007ffd156fd000 	C:\WINDOWS\System32\msvcp_win.dll
0x00007ffd12330000 - 0x00007ffd1234b000 	C:\Program Files\Java\jdk-19\bin\VCRUNTIME140.dll
0x00007ffcff340000 - 0x00007ffcff5e5000 	C:\WINDOWS\WinSxS\amd64_microsoft.windows.common-controls_6595b64144ccf1df_6.0.22000.120_none_9d947278b86cc467\COMCTL32.dll
0x00007ffd0f3f0000 - 0x00007ffd0f3fa000 	C:\WINDOWS\SYSTEM32\VERSION.dll
0x00007ffd15c90000 - 0x00007ffd15cc1000 	C:\WINDOWS\System32\IMM32.DLL
0x00007ffd12380000 - 0x00007ffd1238c000 	C:\Program Files\Java\jdk-19\bin\vcruntime140_1.dll
0x00007ffcea700000 - 0x00007ffcea78e000 	C:\Program Files\Java\jdk-19\bin\msvcp140.dll
0x00007ffcaf740000 - 0x00007ffcb0400000 	C:\Program Files\Java\jdk-19\bin\server\jvm.dll
0x00007ffce9940000 - 0x00007ffce9949000 	C:\WINDOWS\SYSTEM32\WSOCK32.dll
0x00007ffd15e80000 - 0x00007ffd15eef000 	C:\WINDOWS\System32\WS2_32.dll
0x00007ffd0f410000 - 0x00007ffd0f443000 	C:\WINDOWS\SYSTEM32\WINMM.dll
0x00007ffd143e0000 - 0x00007ffd143f8000 	C:\WINDOWS\SYSTEM32\kernel.appcore.dll
0x00007ffd11b30000 - 0x00007ffd11b3a000 	C:\Program Files\Java\jdk-19\bin\jimage.dll
0x00007ffd12ed0000 - 0x00007ffd130f1000 	C:\WINDOWS\SYSTEM32\DBGHELP.DLL
0x00007ffcfca70000 - 0x00007ffcfcaa1000 	C:\WINDOWS\SYSTEM32\dbgcore.DLL
0x00007ffd15450000 - 0x00007ffd154cf000 	C:\WINDOWS\System32\bcryptPrimitives.dll
0x00007ffd11ab0000 - 0x00007ffd11ad6000 	C:\Program Files\Java\jdk-19\bin\java.dll
0x00007ffce79d0000 - 0x00007ffce7aa7000 	C:\Program Files\Java\jdk-19\bin\jsvml.dll
0x00007ffd16ca0000 - 0x00007ffd17465000 	C:\WINDOWS\System32\SHELL32.dll
0x00007ffd13360000 - 0x00007ffd13bc4000 	C:\WINDOWS\SYSTEM32\windows.storage.dll
0x00007ffd16520000 - 0x00007ffd16896000 	C:\WINDOWS\System32\combase.dll
0x00007ffd131f0000 - 0x00007ffd13357000 	C:\WINDOWS\SYSTEM32\wintypes.dll
0x00007ffd174d0000 - 0x00007ffd175ba000 	C:\WINDOWS\System32\SHCORE.dll
0x00007ffd15c30000 - 0x00007ffd15c8d000 	C:\WINDOWS\System32\shlwapi.dll
0x00007ffd151a0000 - 0x00007ffd151c1000 	C:\WINDOWS\SYSTEM32\profapi.dll
0x00007ffd04080000 - 0x00007ffd04093000 	C:\Program Files\Java\jdk-19\bin\net.dll
0x00007ffd0edc0000 - 0x00007ffd0eed3000 	C:\WINDOWS\SYSTEM32\WINHTTP.dll
0x00007ffd14880000 - 0x00007ffd148e7000 	C:\WINDOWS\system32\mswsock.dll
0x00007ffcfd5f0000 - 0x00007ffcfd606000 	C:\Program Files\Java\jdk-19\bin\nio.dll
0x00007ffcfd5d0000 - 0x00007ffcfd5e8000 	C:\Program Files\Java\jdk-19\bin\zip.dll
0x0000000069ac0000 - 0x0000000069ae4000 	C:\Users\User\Desktop\NETBEAN\NetBeans-15\netbeans\java\maven\lib\jansi-native\Windows\x86_64\jansi.dll
0x00007ffd10620000 - 0x00007ffd10630000 	C:\Program Files\Java\jdk-19\bin\verify.dll

dbghelp: loaded successfully - version: 4.0.5 - missing functions: none
symbol engine: initialized successfully - sym options: 0x614 - pdb path: .;C:\Program Files\Java\jdk-19\bin;C:\WINDOWS\SYSTEM32;C:\WINDOWS\WinSxS\amd64_microsoft.windows.common-controls_6595b64144ccf1df_6.0.22000.120_none_9d947278b86cc467;C:\Program Files\Java\jdk-19\bin\server;C:\Users\User\Desktop\NETBEAN\NetBeans-15\netbeans\java\maven\lib\jansi-native\Windows\x86_64

VM Arguments:
jvm_args: -Dclassworlds.conf=C:\Users\User\Desktop\NETBEAN\NetBeans-15\netbeans\java\maven\bin\m2.conf -Dmaven.home=C:\Users\User\Desktop\NETBEAN\NetBeans-15\netbeans\java\maven -Dlibrary.jansi.path=C:\Users\User\Desktop\NETBEAN\NetBeans-15\netbeans\java\maven\lib\jansi-native -Dmaven.multiModuleProjectDirectory=C:\Users\User\Desktop\NETBEAN\WallStreetWarriors 
java_command: org.codehaus.plexus.classworlds.launcher.Launcher -Dmaven.ext.class.path=C:\Users\User\Desktop\NETBEAN\NetBeans-15\netbeans\java\maven-nblib\netbeans-eventspy.jar install
java_class_path (initial): C:\Users\User\Desktop\NETBEAN\NetBeans-15\netbeans\java\maven\boot\plexus-classworlds-2.6.0.jar
Launcher Type: SUN_STANDARD

[Global flags]
     intx CICompilerCount                          = 4                                         {product} {ergonomic}
     uint ConcGCThreads                            = 2                                         {product} {ergonomic}
     uint G1ConcRefinementThreads                  = 8                                         {product} {ergonomic}
   size_t G1HeapRegionSize                         = 1048576                                   {product} {ergonomic}
    uintx GCDrainStackTargetSize                   = 64                                        {product} {ergonomic}
   size_t InitialHeapSize                          = 132120576                                 {product} {ergonomic}
   size_t MarkStackSize                            = 4194304                                   {product} {ergonomic}
   size_t MaxHeapSize                              = 2105540608                                {product} {ergonomic}
   size_t MaxNewSize                               = 1262485504                                {product} {ergonomic}
   size_t MinHeapDeltaBytes                        = 1048576                                   {product} {ergonomic}
   size_t MinHeapSize                              = 8388608                                   {product} {ergonomic}
    uintx NonNMethodCodeHeapSize                   = 5839372                                {pd product} {ergonomic}
    uintx NonProfiledCodeHeapSize                  = 122909434                              {pd product} {ergonomic}
    uintx ProfiledCodeHeapSize                     = 122909434                              {pd product} {ergonomic}
    uintx ReservedCodeCacheSize                    = 251658240                              {pd product} {ergonomic}
     bool SegmentedCodeCache                       = true                                      {product} {ergonomic}
   size_t SoftMaxHeapSize                          = 2105540608                             {manageable} {ergonomic}
     bool UseCompressedClassPointers               = true                           {product lp64_product} {ergonomic}
     bool UseCompressedOops                        = true                           {product lp64_product} {ergonomic}
     bool UseG1GC                                  = true                                      {product} {ergonomic}
     bool UseLargePagesIndividualAllocation        = false                                  {pd product} {ergonomic}

Logging:
Log output configuration:
 #0: stdout all=warning uptime,level,tags foldmultilines=false
 #1: stderr all=off uptime,level,tags foldmultilines=false

Environment Variables:
JAVA_HOME=C:\Program Files\Java\jdk-19
PATH=C:\Program Files\Common Files\Oracle\Java\javapath;C:\Windows\system32;C:\Windows;C:\Windows\System32\Wbem;C:\Windows\System32\WindowsPowerShell\v1.0\;C:\Windows\System32\OpenSSH\;C:\Program Files (x86)\NVIDIA Corporation\PhysX\Common;C:\Program Files\NVIDIA Corporation\NVIDIA NvDLISR;C:\WINDOWS\system32;C:\WINDOWS;C:\WINDOWS\System32\Wbem;C:\WINDOWS\System32\WindowsPowerShell\v1.0\;C:\WINDOWS\System32\OpenSSH\;C:\Program Files\Java\jdk-19\bin;C:\Program Files\Microsoft SQL Server\130\Tools\Binn\;C:\Program Files\nodejs\;C:\Program Files\Git\cmd;C:\Users\User\AppData\Local\Programs\Python\Python311\Scripts\;C:\Users\User\AppData\Local\Programs\Python\Python311\;C:\Users\User\AppData\Local\Microsoft\WindowsApps;C:\Users\User\Desktop\Useful tools\Microsoft VS Code\bin;C:\Users\User\AppData\Local\GitHubDesktop\bin;C:\Users\User\AppData\Roaming\npm;C:\Program Files\Graphviz\bin
USERNAME=User
OS=Windows_NT
PROCESSOR_IDENTIFIER=Intel64 Family 6 Model 165 Stepping 2, GenuineIntel
TMP=C:\Users\User\AppData\Local\Temp
TEMP=C:\Users\User\AppData\Local\Temp



---------------  S Y S T E M  ---------------

OS:
 Windows 11 , 64 bit Build 22000 (10.0.22000.1880)
OS uptime: 3 days 20:47 hours

CPU: total 8 (initial active 8) (4 cores per cpu, 2 threads per core) family 6 model 165 stepping 2 microcode 0xe0, cx8, cmov, fxsr, ht, mmx, 3dnowpref, sse, sse2, sse3, ssse3, sse4.1, sse4.2, popcnt, lzcnt, tsc, tscinvbit, avx, avx2, aes, erms, clmul, bmi1, bmi2, adx, fma, vzeroupper, clflush, clflushopt, rdtscp

Memory: 4k page, system-wide physical 8029M (213M free)
TotalPageFile size 32605M (AvailPageFile size 0M)
current process WorkingSet (physical memory assigned to process): 32M, peak: 123M
current process commit charge ("private bytes"): 241M, peak: 256M

vm_info: Java HotSpot(TM) 64-Bit Server VM (19+36-2238) for windows-amd64 JRE (19+36-2238), built on 2022-08-12T20:29:01Z by "mach5one" with MS VC++ 17.1 (VS2022)

END.
