#
# There is insufficient memory for the Java Runtime Environment to continue.
# Native memory allocation (malloc) failed to allocate 136736 bytes for Chunk::new
# Possible reasons:
#   The system is out of physical RAM or swap space
#   The process is running with CompressedOops enabled, and the Java Heap may be blocking the growth of the native heap
# Possible solutions:
#   Reduce memory load on the system
#   Increase physical memory or swap space
#   Check if swap backing store is full
#   Decrease Java heap size (-Xmx/-Xms)
#   Decrease number of Java threads
#   Decrease Java thread stack sizes (-Xss)
#   Set larger code cache with -XX:ReservedCodeCacheSize=
#   JVM is running with Unscaled Compressed Oops mode in which the Java heap is
#     placed in the first 4GB address space. The Java Heap base address is the
#     maximum limit for the native heap growth. Please use -XX:HeapBaseMinAddress
#     to set the Java Heap base and to place the Java Heap above 4GB virtual address.
# This output file may be truncated or incomplete.
#
#  Out of Memory Error (arena.cpp:184), pid=24376, tid=32844
#
# JRE version: Java(TM) SE Runtime Environment (19.0+36) (build 19+36-2238)
# Java VM: Java HotSpot(TM) 64-Bit Server VM (19+36-2238, mixed mode, sharing, tiered, compressed oops, compressed class ptrs, g1 gc, windows-amd64)
# No core dump will be written. Minidumps are not enabled by default on client versions of Windows
#

---------------  S U M M A R Y ------------

Command Line: -Dclassworlds.conf=C:\Users\User\Desktop\NETBEAN\NetBeans-15\netbeans\java\maven\bin\m2.conf -Dmaven.home=C:\Users\User\Desktop\NETBEAN\NetBeans-15\netbeans\java\maven -Dlibrary.jansi.path=C:\Users\User\Desktop\NETBEAN\NetBeans-15\netbeans\java\maven\lib\jansi-native -Dmaven.multiModuleProjectDirectory=C:\Users\User\Desktop\NETBEAN\WallStreetWarriors org.codehaus.plexus.classworlds.launcher.Launcher -Dmaven.ext.class.path=C:\Users\User\Desktop\NETBEAN\NetBeans-15\netbeans\java\maven-nblib\netbeans-eventspy.jar install

Host: Intel(R) Core(TM) i5-10300H CPU @ 2.50GHz, 8 cores, 7G,  Windows 11 , 64 bit Build 22000 (10.0.22000.1880)
Time: Mon Jun 12 20:45:51 2023 Malay Peninsula Standard Time elapsed time: 316.182828 seconds (0d 0h 5m 16s)

---------------  T H R E A D  ---------------

Current thread (0x000002b3e0f705b0):  JavaThread "C2 CompilerThread0" daemon [_thread_in_native, id=32844, stack(0x000000c060600000,0x000000c060700000)]


Current CompileTask:
C2: 316182 8772       4       jdk.internal.org.objectweb.asm.Type::getArgumentsAndReturnSizes (140 bytes)

Stack: [0x000000c060600000,0x000000c060700000]
Native frames: (J=compiled Java code, j=interpreted, Vv=VM code, C=native code)
V  [jvm.dll+0x6ee8fa]
V  [jvm.dll+0x857a1e]
V  [jvm.dll+0x85940e]
V  [jvm.dll+0x859ac3]
V  [jvm.dll+0x28291f]
V  [jvm.dll+0xc9b5f]
V  [jvm.dll+0xc9ee5]
V  [jvm.dll+0x2f7c6f]
V  [jvm.dll+0x5f0c5b]
V  [jvm.dll+0x2551fc]
V  [jvm.dll+0x24e097]
V  [jvm.dll+0x24b563]
V  [jvm.dll+0x1d6d61]
V  [jvm.dll+0x25b0fa]
V  [jvm.dll+0x259588]
V  [jvm.dll+0x807928]
V  [jvm.dll+0x8015fa]
V  [jvm.dll+0x6ed5eb]
C  [ucrtbase.dll+0x26c0c]
C  [KERNEL32.DLL+0x155a0]
C  [ntdll.dll+0x485b]


---------------  P R O C E S S  ---------------

Threads class SMR info:
_java_thread_list=0x000002b3e693f0a0, length=17, elements={
0x000002b3c282e0c0, 0x000002b3e0f67360, 0x000002b3e0f687d0, 0x000002b3e0f6bdb0,
0x000002b3e0f6e6f0, 0x000002b3e0f6f020, 0x000002b3e0f6f950, 0x000002b3e0f705b0,
0x000002b3e510afc0, 0x000002b3e5114d50, 0x000002b3e51e4600, 0x000002b3e51e77d0,
0x000002b3e54e9ed0, 0x000002b3e54e8ee0, 0x000002b3e54eb410, 0x000002b3e54e9430,
0x000002b3e54ea970
}

Java Threads: ( => current thread )
  0x000002b3c282e0c0 JavaThread "main" [_thread_in_vm, id=30676, stack(0x000000c05f800000,0x000000c05f900000)]
  0x000002b3e0f67360 JavaThread "Reference Handler" daemon [_thread_blocked, id=32820, stack(0x000000c060000000,0x000000c060100000)]
  0x000002b3e0f687d0 JavaThread "Finalizer" daemon [_thread_blocked, id=32824, stack(0x000000c060100000,0x000000c060200000)]
  0x000002b3e0f6bdb0 JavaThread "Signal Dispatcher" daemon [_thread_blocked, id=32828, stack(0x000000c060200000,0x000000c060300000)]
  0x000002b3e0f6e6f0 JavaThread "Attach Listener" daemon [_thread_blocked, id=32832, stack(0x000000c060300000,0x000000c060400000)]
  0x000002b3e0f6f020 JavaThread "Service Thread" daemon [_thread_blocked, id=32836, stack(0x000000c060400000,0x000000c060500000)]
  0x000002b3e0f6f950 JavaThread "Monitor Deflation Thread" daemon [_thread_blocked, id=32840, stack(0x000000c060500000,0x000000c060600000)]
=>0x000002b3e0f705b0 JavaThread "C2 CompilerThread0" daemon [_thread_in_native, id=32844, stack(0x000000c060600000,0x000000c060700000)]
  0x000002b3e510afc0 JavaThread "C1 CompilerThread0" daemon [_thread_blocked, id=32900, stack(0x000000c060700000,0x000000c060800000)]
  0x000002b3e5114d50 JavaThread "Sweeper thread" daemon [_thread_blocked, id=32964, stack(0x000000c060800000,0x000000c060900000)]
  0x000002b3e51e4600 JavaThread "Notification Thread" daemon [_thread_blocked, id=33008, stack(0x000000c060900000,0x000000c060a00000)]
  0x000002b3e51e77d0 JavaThread "Common-Cleaner" daemon [_thread_blocked, id=33016, stack(0x000000c060b00000,0x000000c060c00000)]
  0x000002b3e54e9ed0 JavaThread "resolver-1" daemon [_thread_blocked, id=13256, stack(0x000000c061300000,0x000000c061400000)]
  0x000002b3e54e8ee0 JavaThread "resolver-2" daemon [_thread_blocked, id=12928, stack(0x000000c061400000,0x000000c061500000)]
  0x000002b3e54eb410 JavaThread "resolver-3" daemon [_thread_blocked, id=24372, stack(0x000000c061500000,0x000000c061600000)]
  0x000002b3e54e9430 JavaThread "resolver-4" daemon [_thread_blocked, id=2528, stack(0x000000c061600000,0x000000c061700000)]
  0x000002b3e54ea970 JavaThread "resolver-5" daemon [_thread_blocked, id=6556, stack(0x000000c061700000,0x000000c061800000)]

Other Threads:
  0x000002b3e0f46050 VMThread "VM Thread" [stack: 0x000000c05ff00000,0x000000c060000000] [id=25776]
  0x000002b3e51e6d60 WatcherThread "VM Periodic Task Thread" [stack: 0x000000c060a00000,0x000000c060b00000] [id=33012]
  0x000002b3c288e060 WorkerThread "GC Thread#0" [stack: 0x000000c05fa00000,0x000000c05fb00000] [id=25216]
  0x000002b3e59125c0 WorkerThread "GC Thread#1" [stack: 0x000000c060c00000,0x000000c060d00000] [id=33396]
  0x000002b3e59122f0 WorkerThread "GC Thread#2" [stack: 0x000000c060d00000,0x000000c060e00000] [id=33552]
  0x000002b3e5913100 WorkerThread "GC Thread#3" [stack: 0x000000c060e00000,0x000000c060f00000] [id=5640]
  0x000002b3e5913c40 WorkerThread "GC Thread#4" [stack: 0x000000c060f00000,0x000000c061000000] [id=11012]
  0x000002b3e5912890 WorkerThread "GC Thread#5" [stack: 0x000000c061000000,0x000000c061100000] [id=29800]
  0x000002b3e5912b60 WorkerThread "GC Thread#6" [stack: 0x000000c061100000,0x000000c061200000] [id=9580]
  0x000002b3e5912e30 WorkerThread "GC Thread#7" [stack: 0x000000c061200000,0x000000c061300000] [id=24564]
  0x000002b3c289eac0 ConcurrentGCThread "G1 Main Marker" [stack: 0x000000c05fb00000,0x000000c05fc00000] [id=24156]
  0x000002b3c289f4f0 WorkerThread "G1 Conc#0" [stack: 0x000000c05fc00000,0x000000c05fd00000] [id=22852]
  0x000002b3e593e4f0 WorkerThread "G1 Conc#1" [stack: 0x000000c05f700000,0x000000c05f800000] [id=24120]
  0x000002b3c28fe3b0 ConcurrentGCThread "G1 Refine#0" [stack: 0x000000c05fd00000,0x000000c05fe00000] [id=14892]
  0x000002b3e0e040d0 ConcurrentGCThread "G1 Service" [stack: 0x000000c05fe00000,0x000000c05ff00000] [id=25976]

Threads with active compile tasks:
C2 CompilerThread0   320484 8772       4       jdk.internal.org.objectweb.asm.Type::getArgumentsAndReturnSizes (140 bytes)

VM state: not at safepoint (normal execution)

VM Mutex/Monitor currently owned by a thread:  ([mutex/lock_event])
[0x000002b3c2829770] CodeCache_lock - owner thread: 0x000002b3c282e0c0
[0x000002b3c2829020] Compile_lock - owner thread: 0x000002b3c282e0c0

Heap address: 0x0000000082800000, size: 2008 MB, Compressed Oops mode: 32-bit

CDS archive(s) mapped at: [0x0000000800000000-0x0000000800c40000-0x0000000800c40000), size 12845056, SharedBaseAddress: 0x0000000800000000, ArchiveRelocationMode: 0.
Compressed class space mapped at: 0x0000000801000000-0x0000000841000000, reserved size: 1073741824
Narrow klass base: 0x0000000800000000, Narrow klass shift: 0, Narrow klass range: 0x100000000

GC Precious Log:
 CardTable entry size: 512
 Card Set container configuration: InlinePtr #cards 5 size 8 Array Of Cards #cards 12 size 40 Howl #buckets 4 coarsen threshold 1843 Howl Bitmap #cards 512 size 80 coarsen threshold 460 Card regions per heap region 1 cards per card region 2048
 CPUs: 8 total, 8 available
 Memory: 8029M
 Large Page Support: Disabled
 NUMA Support: Disabled
 Compressed Oops: Enabled (32-bit)
 Heap Region Size: 1M
 Heap Min Capacity: 8M
 Heap Initial Capacity: 126M
 Heap Max Capacity: 2008M
 Pre-touch: Disabled
 Parallel Workers: 8
 Concurrent Workers: 2
 Concurrent Refinement Workers: 8
 Periodic GC: Disabled

Heap:
 garbage-first heap   total 224256K, used 91028K [0x0000000082800000, 0x0000000100000000)
  region size 1024K, 33 young (33792K), 2 survivors (2048K)
 Metaspace       used 33246K, committed 33792K, reserved 1114112K
  class space    used 3498K, committed 3776K, reserved 1048576K

Heap Regions: E=young(eden), S=young(survivor), O=old, HS=humongous(starts), HC=humongous(continues), CS=collection set, F=free, OA=open archive, CA=closed archive, TAMS=top-at-mark-start (previous, next)
|   0|0x0000000082800000, 0x0000000082900000, 0x0000000082900000|100%| O|  |TAMS 0x0000000082900000, 0x0000000082800000| Untracked 
|   1|0x0000000082900000, 0x0000000082a00000, 0x0000000082a00000|100%| O|  |TAMS 0x0000000082a00000, 0x0000000082900000| Untracked 
|   2|0x0000000082a00000, 0x0000000082b00000, 0x0000000082b00000|100%| O|  |TAMS 0x0000000082b00000, 0x0000000082a00000| Untracked 
|   3|0x0000000082b00000, 0x0000000082c00000, 0x0000000082c00000|100%| O|  |TAMS 0x0000000082c00000, 0x0000000082b00000| Untracked 
|   4|0x0000000082c00000, 0x0000000082d00000, 0x0000000082d00000|100%| O|  |TAMS 0x0000000082c00000, 0x0000000082c00000| Untracked 
|   5|0x0000000082d00000, 0x0000000082e00000, 0x0000000082e00000|100%|HS|  |TAMS 0x0000000082e00000, 0x0000000082d00000| Complete 
|   6|0x0000000082e00000, 0x0000000082f00000, 0x0000000082f00000|100%| O|  |TAMS 0x0000000082f00000, 0x0000000082e00000| Untracked 
|   7|0x0000000082f00000, 0x0000000083000000, 0x0000000083000000|100%| O|  |TAMS 0x0000000083000000, 0x0000000082f00000| Untracked 
|   8|0x0000000083000000, 0x0000000083100000, 0x0000000083100000|100%| O|  |TAMS 0x0000000083100000, 0x0000000083000000| Untracked 
|   9|0x0000000083100000, 0x0000000083200000, 0x0000000083200000|100%| O|  |TAMS 0x0000000083200000, 0x0000000083100000| Untracked 
|  10|0x0000000083200000, 0x0000000083300000, 0x0000000083300000|100%| O|  |TAMS 0x0000000083200000, 0x0000000083200000| Untracked 
|  11|0x0000000083300000, 0x0000000083400000, 0x0000000083400000|100%| O|  |TAMS 0x0000000083300000, 0x0000000083300000| Untracked 
|  12|0x0000000083400000, 0x0000000083500000, 0x0000000083500000|100%| O|  |TAMS 0x0000000083400000, 0x0000000083400000| Untracked 
|  13|0x0000000083500000, 0x0000000083600000, 0x0000000083600000|100%| O|  |TAMS 0x0000000083500000, 0x0000000083500000| Untracked 
|  14|0x0000000083600000, 0x0000000083700000, 0x0000000083700000|100%| O|  |TAMS 0x0000000083600000, 0x0000000083600000| Untracked 
|  15|0x0000000083700000, 0x0000000083800000, 0x0000000083800000|100%| O|  |TAMS 0x0000000083800000, 0x0000000083700000| Untracked 
|  16|0x0000000083800000, 0x0000000083900000, 0x0000000083900000|100%| O|  |TAMS 0x0000000083900000, 0x0000000083800000| Untracked 
|  17|0x0000000083900000, 0x0000000083a00000, 0x0000000083a00000|100%| O|  |TAMS 0x0000000083a00000, 0x0000000083900000| Untracked 
|  18|0x0000000083a00000, 0x0000000083b00000, 0x0000000083b00000|100%| O|  |TAMS 0x0000000083b00000, 0x0000000083a00000| Untracked 
|  19|0x0000000083b00000, 0x0000000083c00000, 0x0000000083c00000|100%| O|  |TAMS 0x0000000083c00000, 0x0000000083b00000| Untracked 
|  20|0x0000000083c00000, 0x0000000083d00000, 0x0000000083d00000|100%| O|  |TAMS 0x0000000083c80000, 0x0000000083c00000| Untracked 
|  21|0x0000000083d00000, 0x0000000083e00000, 0x0000000083e00000|100%| O|  |TAMS 0x0000000083d00000, 0x0000000083d00000| Untracked 
|  22|0x0000000083e00000, 0x0000000083f00000, 0x0000000083f00000|100%| O|  |TAMS 0x0000000083e00000, 0x0000000083e00000| Untracked 
|  23|0x0000000083f00000, 0x0000000084000000, 0x0000000084000000|100%| O|  |TAMS 0x0000000083f00000, 0x0000000083f00000| Untracked 
|  24|0x0000000084000000, 0x0000000084100000, 0x0000000084100000|100%|HS|  |TAMS 0x0000000084000000, 0x0000000084000000| Complete 
|  25|0x0000000084100000, 0x0000000084200000, 0x0000000084200000|100%|HC|  |TAMS 0x0000000084100000, 0x0000000084100000| Complete 
|  26|0x0000000084200000, 0x0000000084300000, 0x0000000084300000|100%| O|  |TAMS 0x0000000084200000, 0x0000000084200000| Untracked 
|  27|0x0000000084300000, 0x0000000084300000, 0x0000000084400000|  0%| F|  |TAMS 0x0000000084300000, 0x0000000084300000| Untracked 
|  28|0x0000000084400000, 0x0000000084500000, 0x0000000084500000|100%|HS|  |TAMS 0x0000000084400000, 0x0000000084400000| Complete 
|  29|0x0000000084500000, 0x0000000084600000, 0x0000000084600000|100%| O|  |TAMS 0x0000000084500000, 0x0000000084500000| Untracked 
|  30|0x0000000084600000, 0x0000000084700000, 0x0000000084700000|100%| O|  |TAMS 0x0000000084600000, 0x0000000084600000| Untracked 
|  31|0x0000000084700000, 0x0000000084800000, 0x0000000084800000|100%| O|  |TAMS 0x0000000084700000, 0x0000000084700000| Untracked 
|  32|0x0000000084800000, 0x0000000084900000, 0x0000000084900000|100%| O|  |TAMS 0x0000000084800000, 0x0000000084800000| Untracked 
|  33|0x0000000084900000, 0x0000000084a00000, 0x0000000084a00000|100%| O|  |TAMS 0x0000000084900000, 0x0000000084900000| Untracked 
|  34|0x0000000084a00000, 0x0000000084b00000, 0x0000000084b00000|100%| O|  |TAMS 0x0000000084a00000, 0x0000000084a00000| Untracked 
|  35|0x0000000084b00000, 0x0000000084c00000, 0x0000000084c00000|100%| O|  |TAMS 0x0000000084b00000, 0x0000000084b00000| Untracked 
|  36|0x0000000084c00000, 0x0000000084d00000, 0x0000000084d00000|100%| O|  |TAMS 0x0000000084c00000, 0x0000000084c00000| Untracked 
|  37|0x0000000084d00000, 0x0000000084e00000, 0x0000000084e00000|100%| O|  |TAMS 0x0000000084e00000, 0x0000000084d00000| Untracked 
|  38|0x0000000084e00000, 0x0000000084f00000, 0x0000000084f00000|100%| O|  |TAMS 0x0000000084f00000, 0x0000000084e00000| Untracked 
|  39|0x0000000084f00000, 0x0000000085000000, 0x0000000085000000|100%| O|  |TAMS 0x0000000085000000, 0x0000000084f00000| Untracked 
|  40|0x0000000085000000, 0x0000000085100000, 0x0000000085100000|100%| O|  |TAMS 0x0000000085100000, 0x0000000085000000| Untracked 
|  41|0x0000000085100000, 0x0000000085200000, 0x0000000085200000|100%| O|  |TAMS 0x0000000085100000, 0x0000000085100000| Untracked 
|  42|0x0000000085200000, 0x0000000085300000, 0x0000000085300000|100%| O|  |TAMS 0x0000000085200000, 0x0000000085200000| Untracked 
|  43|0x0000000085300000, 0x0000000085400000, 0x0000000085400000|100%| O|  |TAMS 0x0000000085300000, 0x0000000085300000| Untracked 
|  44|0x0000000085400000, 0x0000000085500000, 0x0000000085500000|100%| O|  |TAMS 0x0000000085400000, 0x0000000085400000| Untracked 
|  45|0x0000000085500000, 0x0000000085600000, 0x0000000085600000|100%| O|  |TAMS 0x0000000085500000, 0x0000000085500000| Untracked 
|  46|0x0000000085600000, 0x0000000085700000, 0x0000000085700000|100%| O|  |TAMS 0x0000000085600000, 0x0000000085600000| Untracked 
|  47|0x0000000085700000, 0x0000000085800000, 0x0000000085800000|100%| O|  |TAMS 0x0000000085700000, 0x0000000085700000| Untracked 
|  48|0x0000000085800000, 0x00000000858e5200, 0x0000000085900000| 89%| O|  |TAMS 0x0000000085800000, 0x0000000085800000| Untracked 
|  49|0x0000000085900000, 0x0000000085900000, 0x0000000085a00000|  0%| F|  |TAMS 0x0000000085900000, 0x0000000085900000| Untracked 
|  50|0x0000000085a00000, 0x0000000085a00000, 0x0000000085b00000|  0%| F|  |TAMS 0x0000000085a00000, 0x0000000085a00000| Untracked 
|  51|0x0000000085b00000, 0x0000000085c00000, 0x0000000085c00000|100%| O|  |TAMS 0x0000000085c00000, 0x0000000085b00000| Untracked 
|  52|0x0000000085c00000, 0x0000000085d00000, 0x0000000085d00000|100%| O|  |TAMS 0x0000000085d00000, 0x0000000085c00000| Untracked 
|  53|0x0000000085d00000, 0x0000000085e00000, 0x0000000085e00000|100%| O|  |TAMS 0x0000000085e00000, 0x0000000085d00000| Untracked 
|  54|0x0000000085e00000, 0x0000000085f00000, 0x0000000085f00000|100%| O|  |TAMS 0x0000000085f00000, 0x0000000085e00000| Untracked 
|  55|0x0000000085f00000, 0x0000000085f00000, 0x0000000086000000|  0%| F|  |TAMS 0x0000000085f00000, 0x0000000085f00000| Untracked 
|  56|0x0000000086000000, 0x0000000086000000, 0x0000000086100000|  0%| F|  |TAMS 0x0000000086000000, 0x0000000086000000| Untracked 
|  57|0x0000000086100000, 0x0000000086100000, 0x0000000086200000|  0%| F|  |TAMS 0x0000000086100000, 0x0000000086100000| Untracked 
|  58|0x0000000086200000, 0x0000000086200000, 0x0000000086300000|  0%| F|  |TAMS 0x0000000086200000, 0x0000000086200000| Untracked 
|  59|0x0000000086300000, 0x0000000086300000, 0x0000000086400000|  0%| F|  |TAMS 0x0000000086300000, 0x0000000086300000| Untracked 
|  60|0x0000000086400000, 0x0000000086400000, 0x0000000086500000|  0%| F|  |TAMS 0x0000000086400000, 0x0000000086400000| Untracked 
|  61|0x0000000086500000, 0x0000000086500000, 0x0000000086600000|  0%| F|  |TAMS 0x0000000086500000, 0x0000000086500000| Untracked 
|  62|0x0000000086600000, 0x0000000086600000, 0x0000000086700000|  0%| F|  |TAMS 0x0000000086600000, 0x0000000086600000| Untracked 
|  63|0x0000000086700000, 0x0000000086700000, 0x0000000086800000|  0%| F|  |TAMS 0x0000000086700000, 0x0000000086700000| Untracked 
|  64|0x0000000086800000, 0x0000000086800000, 0x0000000086900000|  0%| F|  |TAMS 0x0000000086800000, 0x0000000086800000| Untracked 
|  65|0x0000000086900000, 0x0000000086900000, 0x0000000086a00000|  0%| F|  |TAMS 0x0000000086900000, 0x0000000086900000| Untracked 
|  66|0x0000000086a00000, 0x0000000086a00000, 0x0000000086b00000|  0%| F|  |TAMS 0x0000000086a00000, 0x0000000086a00000| Untracked 
|  67|0x0000000086b00000, 0x0000000086b00000, 0x0000000086c00000|  0%| F|  |TAMS 0x0000000086b00000, 0x0000000086b00000| Untracked 
|  68|0x0000000086c00000, 0x0000000086c00000, 0x0000000086d00000|  0%| F|  |TAMS 0x0000000086c00000, 0x0000000086c00000| Untracked 
|  69|0x0000000086d00000, 0x0000000086d00000, 0x0000000086e00000|  0%| F|  |TAMS 0x0000000086d00000, 0x0000000086d00000| Untracked 
|  70|0x0000000086e00000, 0x0000000086e00000, 0x0000000086f00000|  0%| F|  |TAMS 0x0000000086e00000, 0x0000000086e00000| Untracked 
|  71|0x0000000086f00000, 0x0000000086f00000, 0x0000000087000000|  0%| F|  |TAMS 0x0000000086f00000, 0x0000000086f00000| Untracked 
|  72|0x0000000087000000, 0x0000000087000000, 0x0000000087100000|  0%| F|  |TAMS 0x0000000087000000, 0x0000000087000000| Untracked 
|  73|0x0000000087100000, 0x0000000087100000, 0x0000000087200000|  0%| F|  |TAMS 0x0000000087100000, 0x0000000087100000| Untracked 
|  74|0x0000000087200000, 0x0000000087200000, 0x0000000087300000|  0%| F|  |TAMS 0x0000000087200000, 0x0000000087200000| Untracked 
|  75|0x0000000087300000, 0x0000000087300000, 0x0000000087400000|  0%| F|  |TAMS 0x0000000087300000, 0x0000000087300000| Untracked 
|  76|0x0000000087400000, 0x0000000087400000, 0x0000000087500000|  0%| F|  |TAMS 0x0000000087400000, 0x0000000087400000| Untracked 
|  77|0x0000000087500000, 0x0000000087500000, 0x0000000087600000|  0%| F|  |TAMS 0x0000000087500000, 0x0000000087500000| Untracked 
|  78|0x0000000087600000, 0x0000000087600000, 0x0000000087700000|  0%| F|  |TAMS 0x0000000087600000, 0x0000000087600000| Untracked 
|  79|0x0000000087700000, 0x0000000087700000, 0x0000000087800000|  0%| F|  |TAMS 0x0000000087700000, 0x0000000087700000| Untracked 
|  80|0x0000000087800000, 0x0000000087800000, 0x0000000087900000|  0%| F|  |TAMS 0x0000000087800000, 0x0000000087800000| Untracked 
|  81|0x0000000087900000, 0x0000000087900000, 0x0000000087a00000|  0%| F|  |TAMS 0x0000000087900000, 0x0000000087900000| Untracked 
|  82|0x0000000087a00000, 0x0000000087a00000, 0x0000000087b00000|  0%| F|  |TAMS 0x0000000087a00000, 0x0000000087a00000| Untracked 
|  83|0x0000000087b00000, 0x0000000087b00000, 0x0000000087c00000|  0%| F|  |TAMS 0x0000000087b00000, 0x0000000087b00000| Untracked 
|  84|0x0000000087c00000, 0x0000000087c00000, 0x0000000087d00000|  0%| F|  |TAMS 0x0000000087c00000, 0x0000000087c00000| Untracked 
|  85|0x0000000087d00000, 0x0000000087e00000, 0x0000000087e00000|100%| S|CS|TAMS 0x0000000087d00000, 0x0000000087d00000| Complete 
|  86|0x0000000087e00000, 0x0000000087f00000, 0x0000000087f00000|100%| S|CS|TAMS 0x0000000087e00000, 0x0000000087e00000| Complete 
|  87|0x0000000087f00000, 0x0000000087f00000, 0x0000000088000000|  0%| F|  |TAMS 0x0000000087f00000, 0x0000000087f00000| Untracked 
|  88|0x0000000088000000, 0x0000000088000000, 0x0000000088100000|  0%| F|  |TAMS 0x0000000088000000, 0x0000000088000000| Untracked 
|  89|0x0000000088100000, 0x0000000088100000, 0x0000000088200000|  0%| F|  |TAMS 0x0000000088100000, 0x0000000088100000| Untracked 
|  90|0x0000000088200000, 0x0000000088200000, 0x0000000088300000|  0%| F|  |TAMS 0x0000000088200000, 0x0000000088200000| Untracked 
|  91|0x0000000088300000, 0x0000000088300000, 0x0000000088400000|  0%| F|  |TAMS 0x0000000088300000, 0x0000000088300000| Untracked 
|  92|0x0000000088400000, 0x0000000088400000, 0x0000000088500000|  0%| F|  |TAMS 0x0000000088400000, 0x0000000088400000| Untracked 
|  93|0x0000000088500000, 0x0000000088500000, 0x0000000088600000|  0%| F|  |TAMS 0x0000000088500000, 0x0000000088500000| Untracked 
|  94|0x0000000088600000, 0x0000000088600000, 0x0000000088700000|  0%| F|  |TAMS 0x0000000088600000, 0x0000000088600000| Untracked 
|  95|0x0000000088700000, 0x0000000088700000, 0x0000000088800000|  0%| F|  |TAMS 0x0000000088700000, 0x0000000088700000| Untracked 
|  96|0x0000000088800000, 0x0000000088800000, 0x0000000088900000|  0%| F|  |TAMS 0x0000000088800000, 0x0000000088800000| Untracked 
|  97|0x0000000088900000, 0x0000000088900000, 0x0000000088a00000|  0%| F|  |TAMS 0x0000000088900000, 0x0000000088900000| Untracked 
|  98|0x0000000088a00000, 0x0000000088a00000, 0x0000000088b00000|  0%| F|  |TAMS 0x0000000088a00000, 0x0000000088a00000| Untracked 
|  99|0x0000000088b00000, 0x0000000088b00000, 0x0000000088c00000|  0%| F|  |TAMS 0x0000000088b00000, 0x0000000088b00000| Untracked 
| 100|0x0000000088c00000, 0x0000000088c00000, 0x0000000088d00000|  0%| F|  |TAMS 0x0000000088c00000, 0x0000000088c00000| Untracked 
| 101|0x0000000088d00000, 0x0000000088d00000, 0x0000000088e00000|  0%| F|  |TAMS 0x0000000088d00000, 0x0000000088d00000| Untracked 
| 102|0x0000000088e00000, 0x0000000088e00000, 0x0000000088f00000|  0%| F|  |TAMS 0x0000000088e00000, 0x0000000088e00000| Untracked 
| 103|0x0000000088f00000, 0x0000000088f00000, 0x0000000089000000|  0%| F|  |TAMS 0x0000000088f00000, 0x0000000088f00000| Untracked 
| 104|0x0000000089000000, 0x0000000089000000, 0x0000000089100000|  0%| F|  |TAMS 0x0000000089000000, 0x0000000089000000| Untracked 
| 105|0x0000000089100000, 0x0000000089100000, 0x0000000089200000|  0%| F|  |TAMS 0x0000000089100000, 0x0000000089100000| Untracked 
| 106|0x0000000089200000, 0x0000000089200000, 0x0000000089300000|  0%| F|  |TAMS 0x0000000089200000, 0x0000000089200000| Untracked 
| 107|0x0000000089300000, 0x0000000089300000, 0x0000000089400000|  0%| F|  |TAMS 0x0000000089300000, 0x0000000089300000| Untracked 
| 108|0x0000000089400000, 0x0000000089400000, 0x0000000089500000|  0%| F|  |TAMS 0x0000000089400000, 0x0000000089400000| Untracked 
| 109|0x0000000089500000, 0x0000000089500000, 0x0000000089600000|  0%| F|  |TAMS 0x0000000089500000, 0x0000000089500000| Untracked 
| 110|0x0000000089600000, 0x0000000089600000, 0x0000000089700000|  0%| F|  |TAMS 0x0000000089600000, 0x0000000089600000| Untracked 
| 111|0x0000000089700000, 0x0000000089700000, 0x0000000089800000|  0%| F|  |TAMS 0x0000000089700000, 0x0000000089700000| Untracked 
| 112|0x0000000089800000, 0x0000000089800000, 0x0000000089900000|  0%| F|  |TAMS 0x0000000089800000, 0x0000000089800000| Untracked 
| 113|0x0000000089900000, 0x0000000089900000, 0x0000000089a00000|  0%| F|  |TAMS 0x0000000089900000, 0x0000000089900000| Untracked 
| 114|0x0000000089a00000, 0x0000000089a00000, 0x0000000089b00000|  0%| F|  |TAMS 0x0000000089a00000, 0x0000000089a00000| Untracked 
| 115|0x0000000089b00000, 0x0000000089b00000, 0x0000000089c00000|  0%| F|  |TAMS 0x0000000089b00000, 0x0000000089b00000| Untracked 
| 116|0x0000000089c00000, 0x0000000089c00000, 0x0000000089d00000|  0%| F|  |TAMS 0x0000000089c00000, 0x0000000089c00000| Untracked 
| 117|0x0000000089d00000, 0x0000000089d00000, 0x0000000089e00000|  0%| F|  |TAMS 0x0000000089d00000, 0x0000000089d00000| Untracked 
| 118|0x0000000089e00000, 0x0000000089e00000, 0x0000000089f00000|  0%| F|  |TAMS 0x0000000089e00000, 0x0000000089e00000| Untracked 
| 119|0x0000000089f00000, 0x0000000089f00000, 0x000000008a000000|  0%| F|  |TAMS 0x0000000089f00000, 0x0000000089f00000| Untracked 
| 120|0x000000008a000000, 0x000000008a000000, 0x000000008a100000|  0%| F|  |TAMS 0x000000008a000000, 0x000000008a000000| Untracked 
| 121|0x000000008a100000, 0x000000008a100000, 0x000000008a200000|  0%| F|  |TAMS 0x000000008a100000, 0x000000008a100000| Untracked 
| 122|0x000000008a200000, 0x000000008a200000, 0x000000008a300000|  0%| F|  |TAMS 0x000000008a200000, 0x000000008a200000| Untracked 
| 123|0x000000008a300000, 0x000000008a300000, 0x000000008a400000|  0%| F|  |TAMS 0x000000008a300000, 0x000000008a300000| Untracked 
| 124|0x000000008a400000, 0x000000008a400000, 0x000000008a500000|  0%| F|  |TAMS 0x000000008a400000, 0x000000008a400000| Untracked 
| 125|0x000000008a500000, 0x000000008a500000, 0x000000008a600000|  0%| F|  |TAMS 0x000000008a500000, 0x000000008a500000| Untracked 
| 126|0x000000008a600000, 0x000000008a600000, 0x000000008a700000|  0%| F|  |TAMS 0x000000008a600000, 0x000000008a600000| Untracked 
| 127|0x000000008a700000, 0x000000008a700000, 0x000000008a800000|  0%| F|  |TAMS 0x000000008a700000, 0x000000008a700000| Untracked 
| 128|0x000000008a800000, 0x000000008a800000, 0x000000008a900000|  0%| F|  |TAMS 0x000000008a800000, 0x000000008a800000| Untracked 
| 129|0x000000008a900000, 0x000000008a900000, 0x000000008aa00000|  0%| F|  |TAMS 0x000000008a900000, 0x000000008a900000| Untracked 
| 130|0x000000008aa00000, 0x000000008aa00000, 0x000000008ab00000|  0%| F|  |TAMS 0x000000008aa00000, 0x000000008aa00000| Untracked 
| 131|0x000000008ab00000, 0x000000008ab00000, 0x000000008ac00000|  0%| F|  |TAMS 0x000000008ab00000, 0x000000008ab00000| Untracked 
| 132|0x000000008ac00000, 0x000000008ac00000, 0x000000008ad00000|  0%| F|  |TAMS 0x000000008ac00000, 0x000000008ac00000| Untracked 
| 133|0x000000008ad00000, 0x000000008ad00000, 0x000000008ae00000|  0%| F|  |TAMS 0x000000008ad00000, 0x000000008ad00000| Untracked 
| 134|0x000000008ae00000, 0x000000008ae00000, 0x000000008af00000|  0%| F|  |TAMS 0x000000008ae00000, 0x000000008ae00000| Untracked 
| 135|0x000000008af00000, 0x000000008af00000, 0x000000008b000000|  0%| F|  |TAMS 0x000000008af00000, 0x000000008af00000| Untracked 
| 136|0x000000008b000000, 0x000000008b000000, 0x000000008b100000|  0%| F|  |TAMS 0x000000008b000000, 0x000000008b000000| Untracked 
| 137|0x000000008b100000, 0x000000008b100000, 0x000000008b200000|  0%| F|  |TAMS 0x000000008b100000, 0x000000008b100000| Untracked 
| 138|0x000000008b200000, 0x000000008b200000, 0x000000008b300000|  0%| F|  |TAMS 0x000000008b200000, 0x000000008b200000| Untracked 
| 139|0x000000008b300000, 0x000000008b300000, 0x000000008b400000|  0%| F|  |TAMS 0x000000008b300000, 0x000000008b300000| Untracked 
| 140|0x000000008b400000, 0x000000008b400000, 0x000000008b500000|  0%| F|  |TAMS 0x000000008b400000, 0x000000008b400000| Untracked 
| 141|0x000000008b500000, 0x000000008b500000, 0x000000008b600000|  0%| F|  |TAMS 0x000000008b500000, 0x000000008b500000| Untracked 
| 142|0x000000008b600000, 0x000000008b600000, 0x000000008b700000|  0%| F|  |TAMS 0x000000008b600000, 0x000000008b600000| Untracked 
| 143|0x000000008b700000, 0x000000008b700000, 0x000000008b800000|  0%| F|  |TAMS 0x000000008b700000, 0x000000008b700000| Untracked 
| 144|0x000000008b800000, 0x000000008b800000, 0x000000008b900000|  0%| F|  |TAMS 0x000000008b800000, 0x000000008b800000| Untracked 
| 145|0x000000008b900000, 0x000000008b900000, 0x000000008ba00000|  0%| F|  |TAMS 0x000000008b900000, 0x000000008b900000| Untracked 
| 146|0x000000008ba00000, 0x000000008ba00000, 0x000000008bb00000|  0%| F|  |TAMS 0x000000008ba00000, 0x000000008ba00000| Untracked 
| 147|0x000000008bb00000, 0x000000008bb00000, 0x000000008bc00000|  0%| F|  |TAMS 0x000000008bb00000, 0x000000008bb00000| Untracked 
| 148|0x000000008bc00000, 0x000000008bc00000, 0x000000008bd00000|  0%| F|  |TAMS 0x000000008bc00000, 0x000000008bc00000| Untracked 
| 149|0x000000008bd00000, 0x000000008bd00000, 0x000000008be00000|  0%| F|  |TAMS 0x000000008bd00000, 0x000000008bd00000| Untracked 
| 150|0x000000008be00000, 0x000000008be00000, 0x000000008bf00000|  0%| F|  |TAMS 0x000000008be00000, 0x000000008be00000| Untracked 
| 151|0x000000008bf00000, 0x000000008bf00000, 0x000000008c000000|  0%| F|  |TAMS 0x000000008bf00000, 0x000000008bf00000| Untracked 
| 152|0x000000008c000000, 0x000000008c000000, 0x000000008c100000|  0%| F|  |TAMS 0x000000008c000000, 0x000000008c000000| Untracked 
| 153|0x000000008c100000, 0x000000008c100000, 0x000000008c200000|  0%| F|  |TAMS 0x000000008c100000, 0x000000008c100000| Untracked 
| 154|0x000000008c200000, 0x000000008c200000, 0x000000008c300000|  0%| F|  |TAMS 0x000000008c200000, 0x000000008c200000| Untracked 
| 155|0x000000008c300000, 0x000000008c300000, 0x000000008c400000|  0%| F|  |TAMS 0x000000008c300000, 0x000000008c300000| Untracked 
| 156|0x000000008c400000, 0x000000008c400000, 0x000000008c500000|  0%| F|  |TAMS 0x000000008c400000, 0x000000008c400000| Untracked 
| 157|0x000000008c500000, 0x000000008c500000, 0x000000008c600000|  0%| F|  |TAMS 0x000000008c500000, 0x000000008c500000| Untracked 
| 158|0x000000008c600000, 0x000000008c600000, 0x000000008c700000|  0%| F|  |TAMS 0x000000008c600000, 0x000000008c600000| Untracked 
| 159|0x000000008c700000, 0x000000008c700000, 0x000000008c800000|  0%| F|  |TAMS 0x000000008c700000, 0x000000008c700000| Untracked 
| 160|0x000000008c800000, 0x000000008c800000, 0x000000008c900000|  0%| F|  |TAMS 0x000000008c800000, 0x000000008c800000| Untracked 
| 161|0x000000008c900000, 0x000000008c900000, 0x000000008ca00000|  0%| F|  |TAMS 0x000000008c900000, 0x000000008c900000| Untracked 
| 162|0x000000008ca00000, 0x000000008ca00000, 0x000000008cb00000|  0%| F|  |TAMS 0x000000008ca00000, 0x000000008ca00000| Untracked 
| 163|0x000000008cb00000, 0x000000008cb00000, 0x000000008cc00000|  0%| F|  |TAMS 0x000000008cb00000, 0x000000008cb00000| Untracked 
| 164|0x000000008cc00000, 0x000000008cc00000, 0x000000008cd00000|  0%| F|  |TAMS 0x000000008cc00000, 0x000000008cc00000| Untracked 
| 165|0x000000008cd00000, 0x000000008cd00000, 0x000000008ce00000|  0%| F|  |TAMS 0x000000008cd00000, 0x000000008cd00000| Untracked 
| 166|0x000000008ce00000, 0x000000008ce00000, 0x000000008cf00000|  0%| F|  |TAMS 0x000000008ce00000, 0x000000008ce00000| Untracked 
| 167|0x000000008cf00000, 0x000000008cf00000, 0x000000008d000000|  0%| F|  |TAMS 0x000000008cf00000, 0x000000008cf00000| Untracked 
| 168|0x000000008d000000, 0x000000008d000000, 0x000000008d100000|  0%| F|  |TAMS 0x000000008d000000, 0x000000008d000000| Untracked 
| 169|0x000000008d100000, 0x000000008d100000, 0x000000008d200000|  0%| F|  |TAMS 0x000000008d100000, 0x000000008d100000| Untracked 
| 170|0x000000008d200000, 0x000000008d200000, 0x000000008d300000|  0%| F|  |TAMS 0x000000008d200000, 0x000000008d200000| Untracked 
| 171|0x000000008d300000, 0x000000008d300000, 0x000000008d400000|  0%| F|  |TAMS 0x000000008d300000, 0x000000008d300000| Untracked 
| 172|0x000000008d400000, 0x000000008d400000, 0x000000008d500000|  0%| F|  |TAMS 0x000000008d400000, 0x000000008d400000| Untracked 
| 173|0x000000008d500000, 0x000000008d500000, 0x000000008d600000|  0%| F|  |TAMS 0x000000008d500000, 0x000000008d500000| Untracked 
| 174|0x000000008d600000, 0x000000008d600000, 0x000000008d700000|  0%| F|  |TAMS 0x000000008d600000, 0x000000008d600000| Untracked 
| 175|0x000000008d700000, 0x000000008d700000, 0x000000008d800000|  0%| F|  |TAMS 0x000000008d700000, 0x000000008d700000| Untracked 
| 176|0x000000008d800000, 0x000000008d800000, 0x000000008d900000|  0%| F|  |TAMS 0x000000008d800000, 0x000000008d800000| Untracked 
| 177|0x000000008d900000, 0x000000008d900000, 0x000000008da00000|  0%| F|  |TAMS 0x000000008d900000, 0x000000008d900000| Untracked 
| 178|0x000000008da00000, 0x000000008da00000, 0x000000008db00000|  0%| F|  |TAMS 0x000000008da00000, 0x000000008da00000| Untracked 
| 179|0x000000008db00000, 0x000000008db00000, 0x000000008dc00000|  0%| F|  |TAMS 0x000000008db00000, 0x000000008db00000| Untracked 
| 180|0x000000008dc00000, 0x000000008dc00000, 0x000000008dd00000|  0%| F|  |TAMS 0x000000008dc00000, 0x000000008dc00000| Untracked 
| 181|0x000000008dd00000, 0x000000008dd00000, 0x000000008de00000|  0%| F|  |TAMS 0x000000008dd00000, 0x000000008dd00000| Untracked 
| 182|0x000000008de00000, 0x000000008de00000, 0x000000008df00000|  0%| F|  |TAMS 0x000000008de00000, 0x000000008de00000| Untracked 
| 183|0x000000008df00000, 0x000000008e000000, 0x000000008e000000|100%| E|  |TAMS 0x000000008df00000, 0x000000008df00000| Complete 
| 184|0x000000008e000000, 0x000000008e100000, 0x000000008e100000|100%| E|CS|TAMS 0x000000008e000000, 0x000000008e000000| Complete 
| 185|0x000000008e100000, 0x000000008e200000, 0x000000008e200000|100%| E|CS|TAMS 0x000000008e100000, 0x000000008e100000| Complete 
| 186|0x000000008e200000, 0x000000008e300000, 0x000000008e300000|100%| E|CS|TAMS 0x000000008e200000, 0x000000008e200000| Complete 
| 187|0x000000008e300000, 0x000000008e400000, 0x000000008e400000|100%| E|CS|TAMS 0x000000008e300000, 0x000000008e300000| Complete 
| 188|0x000000008e400000, 0x000000008e500000, 0x000000008e500000|100%| E|CS|TAMS 0x000000008e400000, 0x000000008e400000| Complete 
| 189|0x000000008e500000, 0x000000008e600000, 0x000000008e600000|100%| E|CS|TAMS 0x000000008e500000, 0x000000008e500000| Complete 
| 190|0x000000008e600000, 0x000000008e700000, 0x000000008e700000|100%| E|CS|TAMS 0x000000008e600000, 0x000000008e600000| Complete 
| 191|0x000000008e700000, 0x000000008e800000, 0x000000008e800000|100%| E|CS|TAMS 0x000000008e700000, 0x000000008e700000| Complete 
| 192|0x000000008e800000, 0x000000008e900000, 0x000000008e900000|100%| E|CS|TAMS 0x000000008e800000, 0x000000008e800000| Complete 
| 193|0x000000008e900000, 0x000000008ea00000, 0x000000008ea00000|100%| E|CS|TAMS 0x000000008e900000, 0x000000008e900000| Complete 
| 194|0x000000008ea00000, 0x000000008eb00000, 0x000000008eb00000|100%| E|CS|TAMS 0x000000008ea00000, 0x000000008ea00000| Complete 
| 195|0x000000008eb00000, 0x000000008ec00000, 0x000000008ec00000|100%| E|CS|TAMS 0x000000008eb00000, 0x000000008eb00000| Complete 
| 196|0x000000008ec00000, 0x000000008ed00000, 0x000000008ed00000|100%| E|CS|TAMS 0x000000008ec00000, 0x000000008ec00000| Complete 
| 197|0x000000008ed00000, 0x000000008ee00000, 0x000000008ee00000|100%| E|CS|TAMS 0x000000008ed00000, 0x000000008ed00000| Complete 
| 198|0x000000008ee00000, 0x000000008ef00000, 0x000000008ef00000|100%| E|CS|TAMS 0x000000008ee00000, 0x000000008ee00000| Complete 
| 199|0x000000008ef00000, 0x000000008f000000, 0x000000008f000000|100%| E|CS|TAMS 0x000000008ef00000, 0x000000008ef00000| Complete 
| 200|0x000000008f000000, 0x000000008f100000, 0x000000008f100000|100%| E|CS|TAMS 0x000000008f000000, 0x000000008f000000| Complete 
| 201|0x000000008f100000, 0x000000008f200000, 0x000000008f200000|100%| E|CS|TAMS 0x000000008f100000, 0x000000008f100000| Complete 
| 202|0x000000008f200000, 0x000000008f300000, 0x000000008f300000|100%| E|CS|TAMS 0x000000008f200000, 0x000000008f200000| Complete 
| 203|0x000000008f300000, 0x000000008f400000, 0x000000008f400000|100%| E|CS|TAMS 0x000000008f300000, 0x000000008f300000| Complete 
| 204|0x000000008f400000, 0x000000008f500000, 0x000000008f500000|100%| E|CS|TAMS 0x000000008f400000, 0x000000008f400000| Complete 
| 205|0x000000008f500000, 0x000000008f600000, 0x000000008f600000|100%| E|CS|TAMS 0x000000008f500000, 0x000000008f500000| Complete 
| 206|0x000000008f600000, 0x000000008f700000, 0x000000008f700000|100%| E|CS|TAMS 0x000000008f600000, 0x000000008f600000| Complete 
| 207|0x000000008f700000, 0x000000008f800000, 0x000000008f800000|100%| E|CS|TAMS 0x000000008f700000, 0x000000008f700000| Complete 
| 208|0x000000008f800000, 0x000000008f900000, 0x000000008f900000|100%| E|CS|TAMS 0x000000008f800000, 0x000000008f800000| Complete 
| 209|0x000000008f900000, 0x000000008fa00000, 0x000000008fa00000|100%| E|CS|TAMS 0x000000008f900000, 0x000000008f900000| Complete 
| 210|0x000000008fa00000, 0x000000008fb00000, 0x000000008fb00000|100%| E|CS|TAMS 0x000000008fa00000, 0x000000008fa00000| Complete 
| 211|0x000000008fb00000, 0x000000008fc00000, 0x000000008fc00000|100%| E|CS|TAMS 0x000000008fb00000, 0x000000008fb00000| Complete 
| 212|0x000000008fc00000, 0x000000008fd00000, 0x000000008fd00000|100%| E|CS|TAMS 0x000000008fc00000, 0x000000008fc00000| Complete 
|2002|0x00000000ffa00000, 0x00000000ffb00000, 0x00000000ffb00000|100%| E|CS|TAMS 0x00000000ffa00000, 0x00000000ffa00000| Complete 
|2003|0x00000000ffb00000, 0x00000000ffc00000, 0x00000000ffc00000|100%| O|  |TAMS 0x00000000ffc00000, 0x00000000ffb00000| Untracked 
|2004|0x00000000ffc00000, 0x00000000ffd00000, 0x00000000ffd00000|100%| O|  |TAMS 0x00000000ffd00000, 0x00000000ffc00000| Untracked 
|2005|0x00000000ffd00000, 0x00000000ffe00000, 0x00000000ffe00000|100%| O|  |TAMS 0x00000000ffe00000, 0x00000000ffd00000| Untracked 
|2006|0x00000000ffe00000, 0x00000000fff00000, 0x00000000fff00000|100%| O|  |TAMS 0x00000000fff00000, 0x00000000ffe00000| Untracked 
|2007|0x00000000fff00000, 0x0000000100000000, 0x0000000100000000|100%| O|  |TAMS 0x0000000100000000, 0x00000000fff00000| Untracked 

Card table byte_map: [0x000002b3d9eb0000,0x000002b3da2a0000] _byte_map_base: 0x000002b3d9a9c000

Marking Bits (Prev, Next): (CMBitMap*) 0x000002b3c288e690, (CMBitMap*) 0x000002b3c288e6d0
 Prev Bits: [0x000002b3da690000, 0x000002b3dc5f0000)
 Next Bits: [0x000002b3dc5f0000, 0x000002b3de550000)

Polling page: 0x000002b3c2000000

Metaspace:

Usage:
  Non-class:     29.05 MB used.
      Class:      3.42 MB used.
       Both:     32.47 MB used.

Virtual space:
  Non-class space:       64.00 MB reserved,      29.31 MB ( 46%) committed,  1 nodes.
      Class space:        1.00 GB reserved,       3.69 MB ( <1%) committed,  1 nodes.
             Both:        1.06 GB reserved,      33.00 MB (  3%) committed. 

Chunk freelists:
   Non-Class:  2.63 MB
       Class:  355.00 KB
        Both:  2.98 MB

MaxMetaspaceSize: unlimited
CompressedClassSpaceSize: 1.00 GB
Initial GC threshold: 21.00 MB
Current GC threshold: 39.69 MB
CDS: on
MetaspaceReclaimPolicy: balanced
 - commit_granule_bytes: 65536.
 - commit_granule_words: 8192.
 - virtual_space_node_default_size: 8388608.
 - enlarge_chunks_in_place: 1.
 - new_chunks_are_fully_committed: 0.
 - uncommit_free_chunks: 1.
 - use_allocation_guard: 0.


Internal statistics:

num_allocs_failed_limit: 3.
num_arena_births: 634.
num_arena_deaths: 0.
num_vsnodes_births: 2.
num_vsnodes_deaths: 0.
num_space_committed: 528.
num_space_uncommitted: 0.
num_chunks_returned_to_freelist: 3.
num_chunks_taken_from_freelist: 1852.
num_chunk_merges: 3.
num_chunk_splits: 1304.
num_chunks_enlarged: 974.
num_inconsistent_stats: 0.

CodeHeap 'non-profiled nmethods': size=120000Kb used=3742Kb max_used=3742Kb free=116257Kb
 bounds [0x000002b3d2260000, 0x000002b3d2610000, 0x000002b3d9790000]
CodeHeap 'profiled nmethods': size=120000Kb used=16463Kb max_used=16463Kb free=103536Kb
 bounds [0x000002b3ca790000, 0x000002b3cb7b0000, 0x000002b3d1cc0000]
CodeHeap 'non-nmethods': size=5760Kb used=1338Kb max_used=1396Kb free=4422Kb
 bounds [0x000002b3d1cc0000, 0x000002b3d1f30000, 0x000002b3d2260000]
 total_blobs=8346 nmethods=7775 adapters=481
 compilation: enabled
              stopped_count=0, restarted_count=0
 full_count=0

Compilation events (20 events):
Event: 304.848 Thread 0x000002b3e510afc0 nmethod 8762 0x000002b3cb79cb90 code [0x000002b3cb79cea0, 0x000002b3cb79e188]
Event: 304.982 Thread 0x000002b3e510afc0 8763       1       java.nio.charset.CharsetEncoder::maxBytesPerChar (5 bytes)
Event: 304.982 Thread 0x000002b3e510afc0 nmethod 8763 0x000002b3d2607410 code [0x000002b3d26075a0, 0x000002b3d2607678]
Event: 304.982 Thread 0x000002b3e510afc0 8764       3       sun.nio.cs.UTF_8$Encoder::encodeLoop (28 bytes)
Event: 304.983 Thread 0x000002b3e510afc0 nmethod 8764 0x000002b3cb79e710 code [0x000002b3cb79e900, 0x000002b3cb79ecf8]
Event: 304.983 Thread 0x000002b3e510afc0 8765       3       sun.nio.cs.UTF_8$Encoder::encodeArrayLoop (137 bytes)
Event: 304.990 Thread 0x000002b3e510afc0 nmethod 8765 0x000002b3cb79ee90 code [0x000002b3cb79f220, 0x000002b3cb7a0758]
Event: 305.058 Thread 0x000002b3e510afc0 8766   !   3       sun.nio.cs.StreamEncoder::write (82 bytes)
Event: 305.066 Thread 0x000002b3e510afc0 nmethod 8766 0x000002b3cb7a0f90 code [0x000002b3cb7a1220, 0x000002b3cb7a20d8]
Event: 305.066 Thread 0x000002b3e510afc0 8767       3       sun.nio.cs.StreamEncoder::lockedWrite (53 bytes)
Event: 305.068 Thread 0x000002b3e510afc0 nmethod 8767 0x000002b3cb7a2590 code [0x000002b3cb7a27a0, 0x000002b3cb7a2d58]
Event: 305.068 Thread 0x000002b3e510afc0 8768       3       sun.nio.cs.StreamEncoder::implWrite (15 bytes)
Event: 305.069 Thread 0x000002b3e510afc0 nmethod 8768 0x000002b3cb7a2f90 code [0x000002b3cb7a3140, 0x000002b3cb7a32b8]
Event: 306.803 Thread 0x000002b3e0f705b0 8769       4       java.nio.Buffer::hasRemaining (17 bytes)
Event: 306.804 Thread 0x000002b3e0f705b0 nmethod 8769 0x000002b3d2607710 code [0x000002b3d2607880, 0x000002b3d2607918]
Event: 307.091 Thread 0x000002b3e510afc0 8771       3       org.fusesource.jansi.io.FastBufferedOutputStream::flushBuffer (29 bytes)
Event: 307.092 Thread 0x000002b3e510afc0 nmethod 8771 0x000002b3cb7a3390 code [0x000002b3cb7a3540, 0x000002b3cb7a3768]
Event: 307.092 Thread 0x000002b3e510afc0 8770       3       java.lang.Integer::toString (55 bytes)
Event: 307.094 Thread 0x000002b3e510afc0 nmethod 8770 0x000002b3cb7a3810 code [0x000002b3cb7a39e0, 0x000002b3cb7a3d78]
Event: 312.780 Thread 0x000002b3e0f705b0 8772       4       jdk.internal.org.objectweb.asm.Type::getArgumentsAndReturnSizes (140 bytes)

GC Heap History (20 events):
Event: 226.659 GC heap before
{Heap before GC invocations=5 (full 0):
 garbage-first heap   total 61440K, used 50205K [0x0000000082800000, 0x0000000100000000)
  region size 1024K, 36 young (36864K), 4 survivors (4096K)
 Metaspace       used 23466K, committed 23808K, reserved 1114112K
  class space    used 2524K, committed 2688K, reserved 1048576K
}
Event: 226.678 GC heap after
{Heap after GC invocations=6 (full 0):
 garbage-first heap   total 67584K, used 29725K [0x0000000082800000, 0x0000000100000000)
  region size 1024K, 5 young (5120K), 5 survivors (5120K)
 Metaspace       used 23466K, committed 23808K, reserved 1114112K
  class space    used 2524K, committed 2688K, reserved 1048576K
}
Event: 226.699 GC heap before
{Heap before GC invocations=6 (full 0):
 garbage-first heap   total 67584K, used 30749K [0x0000000082800000, 0x0000000100000000)
  region size 1024K, 6 young (6144K), 5 survivors (5120K)
 Metaspace       used 23467K, committed 23808K, reserved 1114112K
  class space    used 2524K, committed 2688K, reserved 1048576K
}
Event: 226.704 GC heap after
{Heap after GC invocations=7 (full 0):
 garbage-first heap   total 67584K, used 31065K [0x0000000082800000, 0x0000000100000000)
  region size 1024K, 1 young (1024K), 1 survivors (1024K)
 Metaspace       used 23467K, committed 23808K, reserved 1114112K
  class space    used 2524K, committed 2688K, reserved 1048576K
}
Event: 227.051 GC heap before
{Heap before GC invocations=7 (full 0):
 garbage-first heap   total 67584K, used 49497K [0x0000000082800000, 0x0000000100000000)
  region size 1024K, 19 young (19456K), 1 survivors (1024K)
 Metaspace       used 24023K, committed 24384K, reserved 1114112K
  class space    used 2584K, committed 2752K, reserved 1048576K
}
Event: 227.058 GC heap after
{Heap after GC invocations=8 (full 0):
 garbage-first heap   total 67584K, used 34304K [0x0000000082800000, 0x0000000100000000)
  region size 1024K, 3 young (3072K), 3 survivors (3072K)
 Metaspace       used 24023K, committed 24384K, reserved 1114112K
  class space    used 2584K, committed 2752K, reserved 1048576K
}
Event: 227.293 GC heap before
{Heap before GC invocations=9 (full 0):
 garbage-first heap   total 67584K, used 51712K [0x0000000082800000, 0x0000000100000000)
  region size 1024K, 19 young (19456K), 3 survivors (3072K)
 Metaspace       used 24322K, committed 24640K, reserved 1114112K
  class space    used 2597K, committed 2752K, reserved 1048576K
}
Event: 227.299 GC heap after
{Heap after GC invocations=10 (full 0):
 garbage-first heap   total 67584K, used 38153K [0x0000000082800000, 0x0000000100000000)
  region size 1024K, 3 young (3072K), 3 survivors (3072K)
 Metaspace       used 24322K, committed 24640K, reserved 1114112K
  class space    used 2597K, committed 2752K, reserved 1048576K
}
Event: 227.316 GC heap before
{Heap before GC invocations=10 (full 0):
 garbage-first heap   total 67584K, used 39177K [0x0000000082800000, 0x0000000100000000)
  region size 1024K, 4 young (4096K), 3 survivors (3072K)
 Metaspace       used 24521K, committed 24896K, reserved 1114112K
  class space    used 2613K, committed 2816K, reserved 1048576K
}
Event: 227.321 GC heap after
{Heap after GC invocations=11 (full 0):
 garbage-first heap   total 128000K, used 38357K [0x0000000082800000, 0x0000000100000000)
  region size 1024K, 1 young (1024K), 1 survivors (1024K)
 Metaspace       used 24521K, committed 24896K, reserved 1114112K
  class space    used 2613K, committed 2816K, reserved 1048576K
}
Event: 227.987 GC heap before
{Heap before GC invocations=11 (full 0):
 garbage-first heap   total 128000K, used 87509K [0x0000000082800000, 0x0000000100000000)
  region size 1024K, 50 young (51200K), 1 survivors (1024K)
 Metaspace       used 26754K, committed 27200K, reserved 1114112K
  class space    used 2871K, committed 3072K, reserved 1048576K
}
Event: 227.990 GC heap after
{Heap after GC invocations=12 (full 0):
 garbage-first heap   total 128000K, used 39113K [0x0000000082800000, 0x0000000100000000)
  region size 1024K, 2 young (2048K), 2 survivors (2048K)
 Metaspace       used 26754K, committed 27200K, reserved 1114112K
  class space    used 2871K, committed 3072K, reserved 1048576K
}
Event: 228.317 GC heap before
{Heap before GC invocations=12 (full 0):
 garbage-first heap   total 128000K, used 91337K [0x0000000082800000, 0x0000000100000000)
  region size 1024K, 53 young (54272K), 2 survivors (2048K)
 Metaspace       used 27136K, committed 27520K, reserved 1114112K
  class space    used 2875K, committed 3072K, reserved 1048576K
}
Event: 228.322 GC heap after
{Heap after GC invocations=13 (full 0):
 garbage-first heap   total 128000K, used 39653K [0x0000000082800000, 0x0000000100000000)
  region size 1024K, 2 young (2048K), 2 survivors (2048K)
 Metaspace       used 27136K, committed 27520K, reserved 1114112K
  class space    used 2875K, committed 3072K, reserved 1048576K
}
Event: 229.249 GC heap before
{Heap before GC invocations=13 (full 0):
 garbage-first heap   total 128000K, used 100069K [0x0000000082800000, 0x0000000100000000)
  region size 1024K, 56 young (57344K), 2 survivors (2048K)
 Metaspace       used 29291K, committed 29824K, reserved 1114112K
  class space    used 3124K, committed 3392K, reserved 1048576K
}
Event: 229.260 GC heap after
{Heap after GC invocations=14 (full 0):
 garbage-first heap   total 128000K, used 54039K [0x0000000082800000, 0x0000000100000000)
  region size 1024K, 7 young (7168K), 7 survivors (7168K)
 Metaspace       used 29291K, committed 29824K, reserved 1114112K
  class space    used 3124K, committed 3392K, reserved 1048576K
}
Event: 230.200 GC heap before
{Heap before GC invocations=14 (full 0):
 garbage-first heap   total 128000K, used 92951K [0x0000000082800000, 0x0000000100000000)
  region size 1024K, 46 young (47104K), 7 survivors (7168K)
 Metaspace       used 30166K, committed 30784K, reserved 1114112K
  class space    used 3221K, committed 3520K, reserved 1048576K
}
Event: 230.212 GC heap after
{Heap after GC invocations=15 (full 0):
 garbage-first heap   total 128000K, used 61751K [0x0000000082800000, 0x0000000100000000)
  region size 1024K, 6 young (6144K), 6 survivors (6144K)
 Metaspace       used 30166K, committed 30784K, reserved 1114112K
  class space    used 3221K, committed 3520K, reserved 1048576K
}
Event: 230.696 GC heap before
{Heap before GC invocations=15 (full 0):
 garbage-first heap   total 128000K, used 95543K [0x0000000082800000, 0x0000000100000000)
  region size 1024K, 39 young (39936K), 6 survivors (6144K)
 Metaspace       used 31178K, committed 31744K, reserved 1114112K
  class space    used 3318K, committed 3584K, reserved 1048576K
}
Event: 230.701 GC heap after
{Heap after GC invocations=16 (full 0):
 garbage-first heap   total 224256K, used 60308K [0x0000000082800000, 0x0000000100000000)
  region size 1024K, 2 young (2048K), 2 survivors (2048K)
 Metaspace       used 31178K, committed 31744K, reserved 1114112K
  class space    used 3318K, committed 3584K, reserved 1048576K
}

Dll operation events (8 events):
Event: 0.354 Loaded shared library C:\Program Files\Java\jdk-19\bin\java.dll
Event: 0.364 Loaded shared library C:\Program Files\Java\jdk-19\bin\jsvml.dll
Event: 3.184 Loaded shared library C:\Program Files\Java\jdk-19\bin\net.dll
Event: 3.188 Loaded shared library C:\Program Files\Java\jdk-19\bin\nio.dll
Event: 3.194 Loaded shared library C:\Program Files\Java\jdk-19\bin\zip.dll
Event: 5.412 Loaded shared library C:\Program Files\Java\jdk-19\bin\jimage.dll
Event: 11.426 Loaded shared library C:\Users\User\Desktop\NETBEAN\NetBeans-15\netbeans\java\maven\lib\jansi-native\Windows\x86_64\jansi.dll
Event: 11.444 Loaded shared library C:\Program Files\Java\jdk-19\bin\verify.dll

Deoptimization events (20 events):
Event: 291.322 Thread 0x000002b3e581e7b0 Uncommon trap: trap_request=0xffffffc6 fr.pc=0x000002b3d25b8828 relative=0x0000000000000708
Event: 291.322 Thread 0x000002b3e581e7b0 Uncommon trap: reason=bimorphic_or_optimized_type_check action=maybe_recompile pc=0x000002b3d25b8828 method=java.util.stream.AbstractPipeline.copyIntoWithCancel(Ljava/util/stream/Sink;Ljava/util/Spliterator;)Z @ 19 c2
Event: 291.322 Thread 0x000002b3e581e7b0 DEOPT PACKING pc=0x000002b3d25b8828 sp=0x000000c061afe3a0
Event: 291.332 Thread 0x000002b3e581e7b0 DEOPT UNPACKING pc=0x000002b3d1d26da3 sp=0x000000c061afe2e0 mode 2
Event: 291.656 Thread 0x000002b3e581e7b0 Uncommon trap: trap_request=0xffffffc6 fr.pc=0x000002b3d25b8828 relative=0x0000000000000708
Event: 291.656 Thread 0x000002b3e581e7b0 Uncommon trap: reason=bimorphic_or_optimized_type_check action=maybe_recompile pc=0x000002b3d25b8828 method=java.util.stream.AbstractPipeline.copyIntoWithCancel(Ljava/util/stream/Sink;Ljava/util/Spliterator;)Z @ 19 c2
Event: 291.656 Thread 0x000002b3e581e7b0 DEOPT PACKING pc=0x000002b3d25b8828 sp=0x000000c061afe3a0
Event: 291.656 Thread 0x000002b3e581e7b0 DEOPT UNPACKING pc=0x000002b3d1d26da3 sp=0x000000c061afe2e0 mode 2
Event: 291.707 Thread 0x000002b3e581e7b0 Uncommon trap: trap_request=0xffffffc6 fr.pc=0x000002b3d25b8828 relative=0x0000000000000708
Event: 291.707 Thread 0x000002b3e581e7b0 Uncommon trap: reason=bimorphic_or_optimized_type_check action=maybe_recompile pc=0x000002b3d25b8828 method=java.util.stream.AbstractPipeline.copyIntoWithCancel(Ljava/util/stream/Sink;Ljava/util/Spliterator;)Z @ 19 c2
Event: 291.707 Thread 0x000002b3e581e7b0 DEOPT PACKING pc=0x000002b3d25b8828 sp=0x000000c061afe3a0
Event: 291.787 Thread 0x000002b3e581e7b0 DEOPT UNPACKING pc=0x000002b3d1d26da3 sp=0x000000c061afe2e0 mode 2
Event: 307.410 Thread 0x000002b3e5820790 Uncommon trap: trap_request=0xffffffde fr.pc=0x000002b3d229b4c4 relative=0x0000000000000da4
Event: 307.411 Thread 0x000002b3e5820790 Uncommon trap: reason=class_check action=maybe_recompile pc=0x000002b3d229b4c4 method=java.util.concurrent.ConcurrentHashMap.putVal(Ljava/lang/Object;Ljava/lang/Object;Z)Ljava/lang/Object; @ 242 c2
Event: 307.411 Thread 0x000002b3e5820790 DEOPT PACKING pc=0x000002b3d229b4c4 sp=0x000000c0619fe140
Event: 307.676 Thread 0x000002b3e5820790 DEOPT UNPACKING pc=0x000002b3d1d26da3 sp=0x000000c0619fe0b0 mode 2
Event: 307.902 Thread 0x000002b3e5820790 Uncommon trap: trap_request=0xffffff54 fr.pc=0x000002b3d249d72c relative=0x0000000000000bac
Event: 307.902 Thread 0x000002b3e5820790 Uncommon trap: reason=speculate_null_assert action=make_not_entrant pc=0x000002b3d249d72c method=java.lang.invoke.MethodType$ConcurrentWeakInternSet.add(Ljava/lang/Object;)Ljava/lang/Object; @ 47 c2
Event: 307.902 Thread 0x000002b3e5820790 DEOPT PACKING pc=0x000002b3d249d72c sp=0x000000c0619fe1f0
Event: 307.940 Thread 0x000002b3e5820790 DEOPT UNPACKING pc=0x000002b3d1d26da3 sp=0x000000c0619fe198 mode 2

Classes loaded (20 events):
Event: 231.073 Loading class java/lang/Process done
Event: 231.073 Loading class java/lang/ProcessImpl done
Event: 231.101 Loading class java/lang/ProcessImpl$2
Event: 231.101 Loading class java/lang/ProcessImpl$2 done
Event: 231.101 Loading class java/lang/Process$PipeInputStream
Event: 231.101 Loading class java/lang/Process$PipeInputStream done
Event: 231.105 Loading class jdk/internal/event/ProcessStartEvent
Event: 231.105 Loading class jdk/internal/event/Event
Event: 231.107 Loading class jdk/internal/event/Event done
Event: 231.108 Loading class jdk/internal/event/ProcessStartEvent done
Event: 232.606 Loading class java/io/SequenceInputStream
Event: 232.636 Loading class java/io/SequenceInputStream done
Event: 232.645 Loading class java/io/InterruptedIOException
Event: 232.645 Loading class java/io/InterruptedIOException done
Event: 297.106 Loading class java/lang/Throwable$WrappedPrintWriter
Event: 297.907 Loading class java/lang/Throwable$PrintStreamOrWriter
Event: 298.054 Loading class java/lang/Throwable$PrintStreamOrWriter done
Event: 298.089 Loading class java/lang/Throwable$WrappedPrintWriter done
Event: 310.454 Loading class java/io/FileFilter
Event: 310.812 Loading class java/io/FileFilter done

Classes unloaded (0 events):
No events

Classes redefined (0 events):
No events

Internal exceptions (20 events):
Event: 306.804 Thread 0x000002b3c282e0c0 Exception <a 'java/io/IOException'{0x000000008e26b750}> (0x000000008e26b750) 
thrown [s\open\src\hotspot\share\prims\jni.cpp, line 517]
Event: 306.804 Thread 0x000002b3c282e0c0 Exception <a 'java/io/IOException'{0x000000008e26bd50}> (0x000000008e26bd50) 
thrown [s\open\src\hotspot\share\prims\jni.cpp, line 517]
Event: 306.805 Thread 0x000002b3c282e0c0 Exception <a 'java/io/IOException'{0x000000008e26c318}> (0x000000008e26c318) 
thrown [s\open\src\hotspot\share\prims\jni.cpp, line 517]
Event: 306.806 Thread 0x000002b3c282e0c0 Exception <a 'java/io/IOException'{0x000000008e26c8e0}> (0x000000008e26c8e0) 
thrown [s\open\src\hotspot\share\prims\jni.cpp, line 517]
Event: 306.806 Thread 0x000002b3c282e0c0 Exception <a 'java/io/IOException'{0x000000008e26d0f8}> (0x000000008e26d0f8) 
thrown [s\open\src\hotspot\share\prims\jni.cpp, line 517]
Event: 306.806 Thread 0x000002b3c282e0c0 Exception <a 'java/io/IOException'{0x000000008e26d6f8}> (0x000000008e26d6f8) 
thrown [s\open\src\hotspot\share\prims\jni.cpp, line 517]
Event: 306.806 Thread 0x000002b3c282e0c0 Exception <a 'java/io/IOException'{0x000000008e26dcc0}> (0x000000008e26dcc0) 
thrown [s\open\src\hotspot\share\prims\jni.cpp, line 517]
Event: 306.806 Thread 0x000002b3c282e0c0 Exception <a 'java/io/IOException'{0x000000008e26e288}> (0x000000008e26e288) 
thrown [s\open\src\hotspot\share\prims\jni.cpp, line 517]
Event: 306.806 Thread 0x000002b3c282e0c0 Exception <a 'java/io/IOException'{0x000000008e26ea68}> (0x000000008e26ea68) 
thrown [s\open\src\hotspot\share\prims\jni.cpp, line 517]
Event: 306.806 Thread 0x000002b3c282e0c0 Exception <a 'java/io/IOException'{0x000000008e26f068}> (0x000000008e26f068) 
thrown [s\open\src\hotspot\share\prims\jni.cpp, line 517]
Event: 306.806 Thread 0x000002b3c282e0c0 Exception <a 'java/io/IOException'{0x000000008e26f630}> (0x000000008e26f630) 
thrown [s\open\src\hotspot\share\prims\jni.cpp, line 517]
Event: 306.806 Thread 0x000002b3c282e0c0 Exception <a 'java/io/IOException'{0x000000008e26fbf8}> (0x000000008e26fbf8) 
thrown [s\open\src\hotspot\share\prims\jni.cpp, line 517]
Event: 307.090 Thread 0x000002b3c282e0c0 Exception <a 'java/io/IOException'{0x000000008df84340}> (0x000000008df84340) 
thrown [s\open\src\hotspot\share\prims\jni.cpp, line 517]
Event: 307.090 Thread 0x000002b3c282e0c0 Exception <a 'java/io/IOException'{0x000000008df84940}> (0x000000008df84940) 
thrown [s\open\src\hotspot\share\prims\jni.cpp, line 517]
Event: 307.090 Thread 0x000002b3c282e0c0 Exception <a 'java/io/IOException'{0x000000008df84f08}> (0x000000008df84f08) 
thrown [s\open\src\hotspot\share\prims\jni.cpp, line 517]
Event: 307.090 Thread 0x000002b3c282e0c0 Exception <a 'java/io/IOException'{0x000000008df854d0}> (0x000000008df854d0) 
thrown [s\open\src\hotspot\share\prims\jni.cpp, line 517]
Event: 307.090 Thread 0x000002b3c282e0c0 Exception <a 'java/io/IOException'{0x000000008df85cb0}> (0x000000008df85cb0) 
thrown [s\open\src\hotspot\share\prims\jni.cpp, line 517]
Event: 307.090 Thread 0x000002b3c282e0c0 Exception <a 'java/io/IOException'{0x000000008df862b0}> (0x000000008df862b0) 
thrown [s\open\src\hotspot\share\prims\jni.cpp, line 517]
Event: 307.090 Thread 0x000002b3c282e0c0 Exception <a 'java/io/IOException'{0x000000008df86878}> (0x000000008df86878) 
thrown [s\open\src\hotspot\share\prims\jni.cpp, line 517]
Event: 307.090 Thread 0x000002b3c282e0c0 Exception <a 'java/io/IOException'{0x000000008df86e40}> (0x000000008df86e40) 
thrown [s\open\src\hotspot\share\prims\jni.cpp, line 517]

VM Operations (20 events):
Event: 256.780 Executing VM operation: Cleanup
Event: 256.781 Executing VM operation: Cleanup done
Event: 261.124 Executing VM operation: Cleanup
Event: 261.158 Executing VM operation: Cleanup done
Event: 269.707 Executing VM operation: Cleanup
Event: 269.806 Executing VM operation: Cleanup done
Event: 272.002 Executing VM operation: Cleanup
Event: 273.875 Executing VM operation: Cleanup done
Event: 286.163 Executing VM operation: Cleanup
Event: 286.342 Executing VM operation: Cleanup done
Event: 291.414 Executing VM operation: Cleanup
Event: 291.618 Executing VM operation: Cleanup done
Event: 292.629 Executing VM operation: Cleanup
Event: 292.655 Executing VM operation: Cleanup done
Event: 296.710 Executing VM operation: Cleanup
Event: 296.807 Executing VM operation: Cleanup done
Event: 305.867 Executing VM operation: Cleanup
Event: 305.872 Executing VM operation: Cleanup done
Event: 306.883 Executing VM operation: Cleanup
Event: 307.078 Executing VM operation: Cleanup done

Events (20 events):
Event: 229.631 Thread 0x000002b3e5114d50 flushing nmethod 0x000002b3cb3c0e90
Event: 230.706 Thread 0x000002b3e54e9ed0 Thread added: 0x000002b3e54e9ed0
Event: 230.721 Thread 0x000002b3e54e9ed0 Thread exited: 0x000002b3e54e9ed0
Event: 230.927 Thread 0x000002b3e54e9ed0 Thread added: 0x000002b3e54e9ed0
Event: 230.927 Thread 0x000002b3e54e8ee0 Thread added: 0x000002b3e54e8ee0
Event: 230.928 Thread 0x000002b3e54eb410 Thread added: 0x000002b3e54eb410
Event: 230.984 Thread 0x000002b3e54e9430 Thread added: 0x000002b3e54e9430
Event: 230.984 Thread 0x000002b3e54ea970 Thread added: 0x000002b3e54ea970
Event: 231.025 Thread 0x000002b3e5824200 Thread added: 0x000002b3e5824200
Event: 231.028 Thread 0x000002b3e5820790 Thread added: 0x000002b3e5820790
Event: 231.069 Thread 0x000002b3e581e7b0 Thread added: 0x000002b3e581e7b0
Event: 231.110 Thread 0x000002b3e5825740 Thread added: 0x000002b3e5825740
Event: 231.110 Thread 0x000002b3e581ed00 Thread added: 0x000002b3e581ed00
Event: 231.110 Thread 0x000002b3e5821230 Thread added: 0x000002b3e5821230
Event: 306.492 Thread 0x000002b3e581ed00 Thread exited: 0x000002b3e581ed00
Event: 306.614 Thread 0x000002b3e5821230 Thread exited: 0x000002b3e5821230
Event: 306.634 Thread 0x000002b3e581e7b0 Thread exited: 0x000002b3e581e7b0
Event: 306.670 Thread 0x000002b3e5825740 Thread exited: 0x000002b3e5825740
Event: 307.427 Thread 0x000002b3e5824200 Thread exited: 0x000002b3e5824200
Event: 308.007 Thread 0x000002b3e5820790 Thread exited: 0x000002b3e5820790


Dynamic libraries:
0x00007ff75d2a0000 - 0x00007ff75d2b0000 	C:\Program Files\Java\jdk-19\bin\java.exe
0x00007ffd17dc0000 - 0x00007ffd17fc9000 	C:\WINDOWS\SYSTEM32\ntdll.dll
0x00007ffd16ad0000 - 0x00007ffd16b8e000 	C:\WINDOWS\System32\KERNEL32.DLL
0x00007ffd15870000 - 0x00007ffd15bf4000 	C:\WINDOWS\System32\KERNELBASE.dll
0x00007ffd15270000 - 0x00007ffd15381000 	C:\WINDOWS\System32\ucrtbase.dll
0x00007ffcfb4c0000 - 0x00007ffcfb4d8000 	C:\Program Files\Java\jdk-19\bin\jli.dll
0x00007ffd177a0000 - 0x00007ffd1784f000 	C:\WINDOWS\System32\ADVAPI32.dll
0x00007ffd176d0000 - 0x00007ffd17773000 	C:\WINDOWS\System32\msvcrt.dll
0x00007ffd17630000 - 0x00007ffd176ce000 	C:\WINDOWS\System32\sechost.dll
0x00007ffd16910000 - 0x00007ffd16a31000 	C:\WINDOWS\System32\RPCRT4.dll
0x00007ffd15cd0000 - 0x00007ffd15e7d000 	C:\WINDOWS\System32\USER32.dll
0x00007ffd15c00000 - 0x00007ffd15c26000 	C:\WINDOWS\System32\win32u.dll
0x00007ffd16c70000 - 0x00007ffd16c9a000 	C:\WINDOWS\System32\GDI32.dll
0x00007ffd15540000 - 0x00007ffd1565f000 	C:\WINDOWS\System32\gdi32full.dll
0x00007ffd15660000 - 0x00007ffd156fd000 	C:\WINDOWS\System32\msvcp_win.dll
0x00007ffd12330000 - 0x00007ffd1234b000 	C:\Program Files\Java\jdk-19\bin\VCRUNTIME140.dll
0x00007ffcff340000 - 0x00007ffcff5e5000 	C:\WINDOWS\WinSxS\amd64_microsoft.windows.common-controls_6595b64144ccf1df_6.0.22000.120_none_9d947278b86cc467\COMCTL32.dll
0x00007ffd0f3f0000 - 0x00007ffd0f3fa000 	C:\WINDOWS\SYSTEM32\VERSION.dll
0x00007ffd15c90000 - 0x00007ffd15cc1000 	C:\WINDOWS\System32\IMM32.DLL
0x00007ffd12380000 - 0x00007ffd1238c000 	C:\Program Files\Java\jdk-19\bin\vcruntime140_1.dll
0x00007ffcea700000 - 0x00007ffcea78e000 	C:\Program Files\Java\jdk-19\bin\msvcp140.dll
0x00007ffcaf740000 - 0x00007ffcb0400000 	C:\Program Files\Java\jdk-19\bin\server\jvm.dll
0x00007ffce9940000 - 0x00007ffce9949000 	C:\WINDOWS\SYSTEM32\WSOCK32.dll
0x00007ffd15e80000 - 0x00007ffd15eef000 	C:\WINDOWS\System32\WS2_32.dll
0x00007ffd0f410000 - 0x00007ffd0f443000 	C:\WINDOWS\SYSTEM32\WINMM.dll
0x00007ffd143e0000 - 0x00007ffd143f8000 	C:\WINDOWS\SYSTEM32\kernel.appcore.dll
0x00007ffd11b30000 - 0x00007ffd11b3a000 	C:\Program Files\Java\jdk-19\bin\jimage.dll
0x00007ffd12ed0000 - 0x00007ffd130f1000 	C:\WINDOWS\SYSTEM32\DBGHELP.DLL
0x00007ffcfca70000 - 0x00007ffcfcaa1000 	C:\WINDOWS\SYSTEM32\dbgcore.DLL
0x00007ffd15450000 - 0x00007ffd154cf000 	C:\WINDOWS\System32\bcryptPrimitives.dll
0x00007ffd11ab0000 - 0x00007ffd11ad6000 	C:\Program Files\Java\jdk-19\bin\java.dll
0x00007ffce79d0000 - 0x00007ffce7aa7000 	C:\Program Files\Java\jdk-19\bin\jsvml.dll
0x00007ffd16ca0000 - 0x00007ffd17465000 	C:\WINDOWS\System32\SHELL32.dll
0x00007ffd13360000 - 0x00007ffd13bc4000 	C:\WINDOWS\SYSTEM32\windows.storage.dll
0x00007ffd16520000 - 0x00007ffd16896000 	C:\WINDOWS\System32\combase.dll
0x00007ffd131f0000 - 0x00007ffd13357000 	C:\WINDOWS\SYSTEM32\wintypes.dll
0x00007ffd174d0000 - 0x00007ffd175ba000 	C:\WINDOWS\System32\SHCORE.dll
0x00007ffd15c30000 - 0x00007ffd15c8d000 	C:\WINDOWS\System32\shlwapi.dll
0x00007ffd151a0000 - 0x00007ffd151c1000 	C:\WINDOWS\SYSTEM32\profapi.dll
0x00007ffd04080000 - 0x00007ffd04093000 	C:\Program Files\Java\jdk-19\bin\net.dll
0x00007ffd0edc0000 - 0x00007ffd0eed3000 	C:\WINDOWS\SYSTEM32\WINHTTP.dll
0x00007ffd14880000 - 0x00007ffd148e7000 	C:\WINDOWS\system32\mswsock.dll
0x00007ffcfd5f0000 - 0x00007ffcfd606000 	C:\Program Files\Java\jdk-19\bin\nio.dll
0x00007ffcfd5d0000 - 0x00007ffcfd5e8000 	C:\Program Files\Java\jdk-19\bin\zip.dll
0x0000000069ac0000 - 0x0000000069ae4000 	C:\Users\User\Desktop\NETBEAN\NetBeans-15\netbeans\java\maven\lib\jansi-native\Windows\x86_64\jansi.dll
0x00007ffd10620000 - 0x00007ffd10630000 	C:\Program Files\Java\jdk-19\bin\verify.dll
0x00007ffd14ad0000 - 0x00007ffd14ae8000 	C:\WINDOWS\SYSTEM32\CRYPTSP.dll
0x00007ffd14340000 - 0x00007ffd14375000 	C:\WINDOWS\system32\rsaenh.dll
0x00007ffd14980000 - 0x00007ffd149a9000 	C:\WINDOWS\SYSTEM32\USERENV.dll
0x00007ffd14c50000 - 0x00007ffd14c77000 	C:\WINDOWS\SYSTEM32\bcrypt.dll
0x00007ffd14af0000 - 0x00007ffd14afc000 	C:\WINDOWS\SYSTEM32\CRYPTBASE.dll
0x00007ffd13f00000 - 0x00007ffd13f2d000 	C:\WINDOWS\SYSTEM32\IPHLPAPI.DLL
0x00007ffd17790000 - 0x00007ffd17799000 	C:\WINDOWS\System32\NSI.dll
0x00007ffd0f3d0000 - 0x00007ffd0f3e9000 	C:\WINDOWS\SYSTEM32\dhcpcsvc6.DLL
0x00007ffd0fb90000 - 0x00007ffd0fbae000 	C:\WINDOWS\SYSTEM32\dhcpcsvc.DLL
0x00007ffd13f30000 - 0x00007ffd14018000 	C:\WINDOWS\SYSTEM32\DNSAPI.dll

dbghelp: loaded successfully - version: 4.0.5 - missing functions: none
symbol engine: initialized successfully - sym options: 0x614 - pdb path: .;C:\Program Files\Java\jdk-19\bin;C:\WINDOWS\SYSTEM32;C:\WINDOWS\WinSxS\amd64_microsoft.windows.common-controls_6595b64144ccf1df_6.0.22000.120_none_9d947278b86cc467;C:\Program Files\Java\jdk-19\bin\server;C:\Users\User\Desktop\NETBEAN\NetBeans-15\netbeans\java\maven\lib\jansi-native\Windows\x86_64

VM Arguments:
jvm_args: -Dclassworlds.conf=C:\Users\User\Desktop\NETBEAN\NetBeans-15\netbeans\java\maven\bin\m2.conf -Dmaven.home=C:\Users\User\Desktop\NETBEAN\NetBeans-15\netbeans\java\maven -Dlibrary.jansi.path=C:\Users\User\Desktop\NETBEAN\NetBeans-15\netbeans\java\maven\lib\jansi-native -Dmaven.multiModuleProjectDirectory=C:\Users\User\Desktop\NETBEAN\WallStreetWarriors 
java_command: org.codehaus.plexus.classworlds.launcher.Launcher -Dmaven.ext.class.path=C:\Users\User\Desktop\NETBEAN\NetBeans-15\netbeans\java\maven-nblib\netbeans-eventspy.jar install
java_class_path (initial): C:\Users\User\Desktop\NETBEAN\NetBeans-15\netbeans\java\maven\boot\plexus-classworlds-2.6.0.jar
Launcher Type: SUN_STANDARD

[Global flags]
     intx CICompilerCount                          = 4                                         {product} {ergonomic}
     uint ConcGCThreads                            = 2                                         {product} {ergonomic}
     uint G1ConcRefinementThreads                  = 8                                         {product} {ergonomic}
   size_t G1HeapRegionSize                         = 1048576                                   {product} {ergonomic}
    uintx GCDrainStackTargetSize                   = 64                                        {product} {ergonomic}
   size_t InitialHeapSize                          = 132120576                                 {product} {ergonomic}
   size_t MarkStackSize                            = 4194304                                   {product} {ergonomic}
   size_t MaxHeapSize                              = 2105540608                                {product} {ergonomic}
   size_t MaxNewSize                               = 1262485504                                {product} {ergonomic}
   size_t MinHeapDeltaBytes                        = 1048576                                   {product} {ergonomic}
   size_t MinHeapSize                              = 8388608                                   {product} {ergonomic}
    uintx NonNMethodCodeHeapSize                   = 5839372                                {pd product} {ergonomic}
    uintx NonProfiledCodeHeapSize                  = 122909434                              {pd product} {ergonomic}
    uintx ProfiledCodeHeapSize                     = 122909434                              {pd product} {ergonomic}
    uintx ReservedCodeCacheSize                    = 251658240                              {pd product} {ergonomic}
     bool SegmentedCodeCache                       = true                                      {product} {ergonomic}
   size_t SoftMaxHeapSize                          = 2105540608                             {manageable} {ergonomic}
     bool UseCompressedClassPointers               = true                           {product lp64_product} {ergonomic}
     bool UseCompressedOops                        = true                           {product lp64_product} {ergonomic}
     bool UseG1GC                                  = true                                      {product} {ergonomic}
     bool UseLargePagesIndividualAllocation        = false                                  {pd product} {ergonomic}

Logging:
Log output configuration:
 #0: stdout all=warning uptime,level,tags foldmultilines=false
 #1: stderr all=off uptime,level,tags foldmultilines=false

Environment Variables:
JAVA_HOME=C:\Program Files\Java\jdk-19
PATH=C:\Program Files\Common Files\Oracle\Java\javapath;C:\Windows\system32;C:\Windows;C:\Windows\System32\Wbem;C:\Windows\System32\WindowsPowerShell\v1.0\;C:\Windows\System32\OpenSSH\;C:\Program Files (x86)\NVIDIA Corporation\PhysX\Common;C:\Program Files\NVIDIA Corporation\NVIDIA NvDLISR;C:\WINDOWS\system32;C:\WINDOWS;C:\WINDOWS\System32\Wbem;C:\WINDOWS\System32\WindowsPowerShell\v1.0\;C:\WINDOWS\System32\OpenSSH\;C:\Program Files\Java\jdk-19\bin;C:\Program Files\Microsoft SQL Server\130\Tools\Binn\;C:\Program Files\nodejs\;C:\Program Files\Git\cmd;C:\Users\User\AppData\Local\Programs\Python\Python311\Scripts\;C:\Users\User\AppData\Local\Programs\Python\Python311\;C:\Users\User\AppData\Local\Microsoft\WindowsApps;C:\Users\User\Desktop\Useful tools\Microsoft VS Code\bin;C:\Users\User\AppData\Local\GitHubDesktop\bin;C:\Users\User\AppData\Roaming\npm;C:\Program Files\Graphviz\bin
USERNAME=User
OS=Windows_NT
PROCESSOR_IDENTIFIER=Intel64 Family 6 Model 165 Stepping 2, GenuineIntel
TMP=C:\Users\User\AppData\Local\Temp
TEMP=C:\Users\User\AppData\Local\Temp



---------------  S Y S T E M  ---------------

OS:
 Windows 11 , 64 bit Build 22000 (10.0.22000.1880)
OS uptime: 3 days 20:47 hours

CPU: total 8 (initial active 8) (4 cores per cpu, 2 threads per core) family 6 model 165 stepping 2 microcode 0xe0, cx8, cmov, fxsr, ht, mmx, 3dnowpref, sse, sse2, sse3, ssse3, sse4.1, sse4.2, popcnt, lzcnt, tsc, tscinvbit, avx, avx2, aes, erms, clmul, bmi1, bmi2, adx, fma, vzeroupper, clflush, clflushopt, rdtscp

Memory: 4k page, system-wide physical 8029M (214M free)
TotalPageFile size 32605M (AvailPageFile size 185M)
current process WorkingSet (physical memory assigned to process): 18M, peak: 267M
current process commit charge ("private bytes"): 375M, peak: 387M

vm_info: Java HotSpot(TM) 64-Bit Server VM (19+36-2238) for windows-amd64 JRE (19+36-2238), built on 2022-08-12T20:29:01Z by "mach5one" with MS VC++ 17.1 (VS2022)

END.
