#
# There is insufficient memory for the Java Runtime Environment to continue.
# Native memory allocation (malloc) failed to allocate 471872 bytes for Chunk::new
# Possible reasons:
#   The system is out of physical RAM or swap space
#   The process is running with CompressedOops enabled, and the Java Heap may be blocking the growth of the native heap
# Possible solutions:
#   Reduce memory load on the system
#   Increase physical memory or swap space
#   Check if swap backing store is full
#   Decrease Java heap size (-Xmx/-Xms)
#   Decrease number of Java threads
#   Decrease Java thread stack sizes (-Xss)
#   Set larger code cache with -XX:ReservedCodeCacheSize=
#   JVM is running with Unscaled Compressed Oops mode in which the Java heap is
#     placed in the first 4GB address space. The Java Heap base address is the
#     maximum limit for the native heap growth. Please use -XX:HeapBaseMinAddress
#     to set the Java Heap base and to place the Java Heap above 4GB virtual address.
# This output file may be truncated or incomplete.
#
#  Out of Memory Error (arena.cpp:184), pid=2476, tid=11620
#
# JRE version: Java(TM) SE Runtime Environment (19.0+36) (build 19+36-2238)
# Java VM: Java HotSpot(TM) 64-Bit Server VM (19+36-2238, mixed mode, sharing, tiered, compressed oops, compressed class ptrs, g1 gc, windows-amd64)
# No core dump will be written. Minidumps are not enabled by default on client versions of Windows
#

---------------  S U M M A R Y ------------

Command Line: -Dclassworlds.conf=C:\Users\User\Desktop\NETBEAN\NetBeans-15\netbeans\java\maven\bin\m2.conf -Dmaven.home=C:\Users\User\Desktop\NETBEAN\NetBeans-15\netbeans\java\maven -Dlibrary.jansi.path=C:\Users\User\Desktop\NETBEAN\NetBeans-15\netbeans\java\maven\lib\jansi-native -Dmaven.multiModuleProjectDirectory=C:\Users\User\Desktop\NETBEAN\WallStreetWarriors org.codehaus.plexus.classworlds.launcher.Launcher -Dmaven.ext.class.path=C:\Users\User\Desktop\NETBEAN\NetBeans-15\netbeans\java\maven-nblib\netbeans-eventspy.jar install

Host: Intel(R) Core(TM) i5-10300H CPU @ 2.50GHz, 8 cores, 7G,  Windows 11 , 64 bit Build 22000 (10.0.22000.1880)
Time: Mon Jun 12 20:46:00 2023 Malay Peninsula Standard Time elapsed time: 275.387954 seconds (0d 0h 4m 35s)

---------------  T H R E A D  ---------------

Current thread (0x00000132babf0530):  JavaThread "C2 CompilerThread0" daemon [_thread_in_native, id=11620, stack(0x0000000101200000,0x0000000101300000)]


Current CompileTask:
C2: 275388 2999       4       org.apache.maven.model.ConfigurationContainer::setLocation (156 bytes)

Stack: [0x0000000101200000,0x0000000101300000]
Native frames: (J=compiled Java code, j=interpreted, Vv=VM code, C=native code)
V  [jvm.dll+0x6ee8fa]
V  [jvm.dll+0x857a1e]
V  [jvm.dll+0x85940e]
V  [jvm.dll+0x859ac3]
V  [jvm.dll+0x28291f]
V  [jvm.dll+0xc9b5f]
V  [jvm.dll+0xc9ee5]
V  [jvm.dll+0x3bcbac]
V  [jvm.dll+0x386201]
V  [jvm.dll+0x38567a]
V  [jvm.dll+0x24c2c9]
V  [jvm.dll+0x24b671]
V  [jvm.dll+0x1d6d61]
V  [jvm.dll+0x25b0fa]
V  [jvm.dll+0x259588]
V  [jvm.dll+0x807928]
V  [jvm.dll+0x8015fa]
V  [jvm.dll+0x6ed5eb]
C  [ucrtbase.dll+0x26c0c]
C  [KERNEL32.DLL+0x155a0]
C  [ntdll.dll+0x485b]


---------------  P R O C E S S  ---------------

Threads class SMR info:
_java_thread_list=0x00000132bf0b8130, length=12, elements={
0x000001329c4ae070, 0x00000132babe70e0, 0x00000132babe8550, 0x00000132babe9d20,
0x00000132babee670, 0x00000132babeefa0, 0x00000132babef8d0, 0x00000132babf0530,
0x00000132bac022e0, 0x00000132bac135f0, 0x00000132bf0d6070, 0x00000132bf0e0a40
}

Java Threads: ( => current thread )
  0x000001329c4ae070 JavaThread "main" [_thread_in_Java, id=12300, stack(0x0000000100400000,0x0000000100500000)]
  0x00000132babe70e0 JavaThread "Reference Handler" daemon [_thread_blocked, id=27152, stack(0x0000000100c00000,0x0000000100d00000)]
  0x00000132babe8550 JavaThread "Finalizer" daemon [_thread_blocked, id=29844, stack(0x0000000100d00000,0x0000000100e00000)]
  0x00000132babe9d20 JavaThread "Signal Dispatcher" daemon [_thread_blocked, id=29236, stack(0x0000000100e00000,0x0000000100f00000)]
  0x00000132babee670 JavaThread "Attach Listener" daemon [_thread_blocked, id=21680, stack(0x0000000100f00000,0x0000000101000000)]
  0x00000132babeefa0 JavaThread "Service Thread" daemon [_thread_blocked, id=23356, stack(0x0000000101000000,0x0000000101100000)]
  0x00000132babef8d0 JavaThread "Monitor Deflation Thread" daemon [_thread_blocked, id=20656, stack(0x0000000101100000,0x0000000101200000)]
=>0x00000132babf0530 JavaThread "C2 CompilerThread0" daemon [_thread_in_native, id=11620, stack(0x0000000101200000,0x0000000101300000)]
  0x00000132bac022e0 JavaThread "C1 CompilerThread0" daemon [_thread_blocked, id=29280, stack(0x0000000101300000,0x0000000101400000)]
  0x00000132bac135f0 JavaThread "Sweeper thread" daemon [_thread_blocked, id=30172, stack(0x0000000101400000,0x0000000101500000)]
  0x00000132bf0d6070 JavaThread "Notification Thread" daemon [_thread_blocked, id=3352, stack(0x0000000101500000,0x0000000101600000)]
  0x00000132bf0e0a40 JavaThread "Common-Cleaner" daemon [_thread_blocked, id=22956, stack(0x0000000101700000,0x0000000101800000)]

Other Threads:
  0x00000132babc8e00 VMThread "VM Thread" [stack: 0x0000000100b00000,0x0000000100c00000] [id=11712]
  0x00000132bf0dc5d0 WatcherThread "VM Periodic Task Thread" [stack: 0x0000000101600000,0x0000000101700000] [id=17232]
  0x000001329c50e010 WorkerThread "GC Thread#0" [stack: 0x0000000100600000,0x0000000100700000] [id=12704]
  0x00000132bf0148e0 WorkerThread "GC Thread#1" [stack: 0x0000000101800000,0x0000000101900000] [id=31092]
  0x00000132bf015c90 WorkerThread "GC Thread#2" [stack: 0x0000000101900000,0x0000000101a00000] [id=31096]
  0x00000132bf015150 WorkerThread "GC Thread#3" [stack: 0x0000000101a00000,0x0000000101b00000] [id=18444]
  0x00000132bf014e80 WorkerThread "GC Thread#4" [stack: 0x0000000101b00000,0x0000000101c00000] [id=31436]
  0x00000132bf014bb0 WorkerThread "GC Thread#5" [stack: 0x0000000101c00000,0x0000000101d00000] [id=20468]
  0x00000132bf015420 WorkerThread "GC Thread#6" [stack: 0x0000000101d00000,0x0000000101e00000] [id=10008]
  0x00000132bf0156f0 WorkerThread "GC Thread#7" [stack: 0x0000000101e00000,0x0000000101f00000] [id=10472]
  0x000001329c51ea70 ConcurrentGCThread "G1 Main Marker" [stack: 0x0000000100700000,0x0000000100800000] [id=4912]
  0x000001329c51ff40 WorkerThread "G1 Conc#0" [stack: 0x0000000100800000,0x0000000100900000] [id=2636]
  0x000001329c57e650 ConcurrentGCThread "G1 Refine#0" [stack: 0x0000000100900000,0x0000000100a00000] [id=8248]
  0x00000132baa84330 ConcurrentGCThread "G1 Service" [stack: 0x0000000100a00000,0x0000000100b00000] [id=26652]

Threads with active compile tasks:
C2 CompilerThread0   275417 2999       4       org.apache.maven.model.ConfigurationContainer::setLocation (156 bytes)

VM state: not at safepoint (normal execution)

VM Mutex/Monitor currently owned by a thread: None

Heap address: 0x0000000082800000, size: 2008 MB, Compressed Oops mode: 32-bit

CDS archive(s) mapped at: [0x0000000800000000-0x0000000800c40000-0x0000000800c40000), size 12845056, SharedBaseAddress: 0x0000000800000000, ArchiveRelocationMode: 0.
Compressed class space mapped at: 0x0000000801000000-0x0000000841000000, reserved size: 1073741824
Narrow klass base: 0x0000000800000000, Narrow klass shift: 0, Narrow klass range: 0x100000000

GC Precious Log:
 CardTable entry size: 512
 Card Set container configuration: InlinePtr #cards 5 size 8 Array Of Cards #cards 12 size 40 Howl #buckets 4 coarsen threshold 1843 Howl Bitmap #cards 512 size 80 coarsen threshold 460 Card regions per heap region 1 cards per card region 2048
 CPUs: 8 total, 8 available
 Memory: 8029M
 Large Page Support: Disabled
 NUMA Support: Disabled
 Compressed Oops: Enabled (32-bit)
 Heap Region Size: 1M
 Heap Min Capacity: 8M
 Heap Initial Capacity: 126M
 Heap Max Capacity: 2008M
 Pre-touch: Disabled
 Parallel Workers: 8
 Concurrent Workers: 2
 Concurrent Refinement Workers: 8
 Periodic GC: Disabled

Heap:
 garbage-first heap   total 129024K, used 35504K [0x0000000082800000, 0x0000000100000000)
  region size 1024K, 33 young (33792K), 3 survivors (3072K)
 Metaspace       used 13054K, committed 13376K, reserved 1114112K
  class space    used 1451K, committed 1600K, reserved 1048576K

Heap Regions: E=young(eden), S=young(survivor), O=old, HS=humongous(starts), HC=humongous(continues), CS=collection set, F=free, OA=open archive, CA=closed archive, TAMS=top-at-mark-start (previous, next)
|   0|0x0000000082800000, 0x0000000082900000, 0x0000000082900000|100%| O|  |TAMS 0x0000000082800000, 0x0000000082800000| Untracked 
|   1|0x0000000082900000, 0x0000000082a00000, 0x0000000082a00000|100%| O|  |TAMS 0x0000000082900000, 0x0000000082900000| Untracked 
|   2|0x0000000082a00000, 0x0000000082b00000, 0x0000000082b00000|100%| O|  |TAMS 0x0000000082a00000, 0x0000000082a00000| Untracked 
|   3|0x0000000082b00000, 0x0000000082b53a00, 0x0000000082c00000| 32%| O|  |TAMS 0x0000000082b00000, 0x0000000082b00000| Untracked 
|   4|0x0000000082c00000, 0x0000000082c00000, 0x0000000082d00000|  0%| F|  |TAMS 0x0000000082c00000, 0x0000000082c00000| Untracked 
|   5|0x0000000082d00000, 0x0000000082d00000, 0x0000000082e00000|  0%| F|  |TAMS 0x0000000082d00000, 0x0000000082d00000| Untracked 
|   6|0x0000000082e00000, 0x0000000082e00000, 0x0000000082f00000|  0%| F|  |TAMS 0x0000000082e00000, 0x0000000082e00000| Untracked 
|   7|0x0000000082f00000, 0x0000000082f00000, 0x0000000083000000|  0%| F|  |TAMS 0x0000000082f00000, 0x0000000082f00000| Untracked 
|   8|0x0000000083000000, 0x0000000083000000, 0x0000000083100000|  0%| F|  |TAMS 0x0000000083000000, 0x0000000083000000| Untracked 
|   9|0x0000000083100000, 0x0000000083100000, 0x0000000083200000|  0%| F|  |TAMS 0x0000000083100000, 0x0000000083100000| Untracked 
|  10|0x0000000083200000, 0x0000000083200000, 0x0000000083300000|  0%| F|  |TAMS 0x0000000083200000, 0x0000000083200000| Untracked 
|  11|0x0000000083300000, 0x0000000083300000, 0x0000000083400000|  0%| F|  |TAMS 0x0000000083300000, 0x0000000083300000| Untracked 
|  12|0x0000000083400000, 0x0000000083400000, 0x0000000083500000|  0%| F|  |TAMS 0x0000000083400000, 0x0000000083400000| Untracked 
|  13|0x0000000083500000, 0x0000000083500000, 0x0000000083600000|  0%| F|  |TAMS 0x0000000083500000, 0x0000000083500000| Untracked 
|  14|0x0000000083600000, 0x0000000083600000, 0x0000000083700000|  0%| F|  |TAMS 0x0000000083600000, 0x0000000083600000| Untracked 
|  15|0x0000000083700000, 0x0000000083700000, 0x0000000083800000|  0%| F|  |TAMS 0x0000000083700000, 0x0000000083700000| Untracked 
|  16|0x0000000083800000, 0x0000000083800000, 0x0000000083900000|  0%| F|  |TAMS 0x0000000083800000, 0x0000000083800000| Untracked 
|  17|0x0000000083900000, 0x0000000083900000, 0x0000000083a00000|  0%| F|  |TAMS 0x0000000083900000, 0x0000000083900000| Untracked 
|  18|0x0000000083a00000, 0x0000000083a00000, 0x0000000083b00000|  0%| F|  |TAMS 0x0000000083a00000, 0x0000000083a00000| Untracked 
|  19|0x0000000083b00000, 0x0000000083b00000, 0x0000000083c00000|  0%| F|  |TAMS 0x0000000083b00000, 0x0000000083b00000| Untracked 
|  20|0x0000000083c00000, 0x0000000083c00000, 0x0000000083d00000|  0%| F|  |TAMS 0x0000000083c00000, 0x0000000083c00000| Untracked 
|  21|0x0000000083d00000, 0x0000000083d00000, 0x0000000083e00000|  0%| F|  |TAMS 0x0000000083d00000, 0x0000000083d00000| Untracked 
|  22|0x0000000083e00000, 0x0000000083e00000, 0x0000000083f00000|  0%| F|  |TAMS 0x0000000083e00000, 0x0000000083e00000| Untracked 
|  23|0x0000000083f00000, 0x0000000083f00000, 0x0000000084000000|  0%| F|  |TAMS 0x0000000083f00000, 0x0000000083f00000| Untracked 
|  24|0x0000000084000000, 0x0000000084000000, 0x0000000084100000|  0%| F|  |TAMS 0x0000000084000000, 0x0000000084000000| Untracked 
|  25|0x0000000084100000, 0x0000000084100000, 0x0000000084200000|  0%| F|  |TAMS 0x0000000084100000, 0x0000000084100000| Untracked 
|  26|0x0000000084200000, 0x0000000084200000, 0x0000000084300000|  0%| F|  |TAMS 0x0000000084200000, 0x0000000084200000| Untracked 
|  27|0x0000000084300000, 0x0000000084300000, 0x0000000084400000|  0%| F|  |TAMS 0x0000000084300000, 0x0000000084300000| Untracked 
|  28|0x0000000084400000, 0x0000000084400000, 0x0000000084500000|  0%| F|  |TAMS 0x0000000084400000, 0x0000000084400000| Untracked 
|  29|0x0000000084500000, 0x0000000084500000, 0x0000000084600000|  0%| F|  |TAMS 0x0000000084500000, 0x0000000084500000| Untracked 
|  30|0x0000000084600000, 0x0000000084600000, 0x0000000084700000|  0%| F|  |TAMS 0x0000000084600000, 0x0000000084600000| Untracked 
|  31|0x0000000084700000, 0x0000000084700000, 0x0000000084800000|  0%| F|  |TAMS 0x0000000084700000, 0x0000000084700000| Untracked 
|  32|0x0000000084800000, 0x0000000084800000, 0x0000000084900000|  0%| F|  |TAMS 0x0000000084800000, 0x0000000084800000| Untracked 
|  33|0x0000000084900000, 0x0000000084900000, 0x0000000084a00000|  0%| F|  |TAMS 0x0000000084900000, 0x0000000084900000| Untracked 
|  34|0x0000000084a00000, 0x0000000084a00000, 0x0000000084b00000|  0%| F|  |TAMS 0x0000000084a00000, 0x0000000084a00000| Untracked 
|  35|0x0000000084b00000, 0x0000000084b00000, 0x0000000084c00000|  0%| F|  |TAMS 0x0000000084b00000, 0x0000000084b00000| Untracked 
|  36|0x0000000084c00000, 0x0000000084c00000, 0x0000000084d00000|  0%| F|  |TAMS 0x0000000084c00000, 0x0000000084c00000| Untracked 
|  37|0x0000000084d00000, 0x0000000084d00000, 0x0000000084e00000|  0%| F|  |TAMS 0x0000000084d00000, 0x0000000084d00000| Untracked 
|  38|0x0000000084e00000, 0x0000000084e00000, 0x0000000084f00000|  0%| F|  |TAMS 0x0000000084e00000, 0x0000000084e00000| Untracked 
|  39|0x0000000084f00000, 0x0000000084f00000, 0x0000000085000000|  0%| F|  |TAMS 0x0000000084f00000, 0x0000000084f00000| Untracked 
|  40|0x0000000085000000, 0x0000000085000000, 0x0000000085100000|  0%| F|  |TAMS 0x0000000085000000, 0x0000000085000000| Untracked 
|  41|0x0000000085100000, 0x0000000085100000, 0x0000000085200000|  0%| F|  |TAMS 0x0000000085100000, 0x0000000085100000| Untracked 
|  42|0x0000000085200000, 0x0000000085200000, 0x0000000085300000|  0%| F|  |TAMS 0x0000000085200000, 0x0000000085200000| Untracked 
|  43|0x0000000085300000, 0x0000000085300000, 0x0000000085400000|  0%| F|  |TAMS 0x0000000085300000, 0x0000000085300000| Untracked 
|  44|0x0000000085400000, 0x0000000085400000, 0x0000000085500000|  0%| F|  |TAMS 0x0000000085400000, 0x0000000085400000| Untracked 
|  45|0x0000000085500000, 0x0000000085500000, 0x0000000085600000|  0%| F|  |TAMS 0x0000000085500000, 0x0000000085500000| Untracked 
|  46|0x0000000085600000, 0x0000000085600000, 0x0000000085700000|  0%| F|  |TAMS 0x0000000085600000, 0x0000000085600000| Untracked 
|  47|0x0000000085700000, 0x0000000085700000, 0x0000000085800000|  0%| F|  |TAMS 0x0000000085700000, 0x0000000085700000| Untracked 
|  48|0x0000000085800000, 0x0000000085800000, 0x0000000085900000|  0%| F|  |TAMS 0x0000000085800000, 0x0000000085800000| Untracked 
|  49|0x0000000085900000, 0x0000000085900000, 0x0000000085a00000|  0%| F|  |TAMS 0x0000000085900000, 0x0000000085900000| Untracked 
|  50|0x0000000085a00000, 0x0000000085a00000, 0x0000000085b00000|  0%| F|  |TAMS 0x0000000085a00000, 0x0000000085a00000| Untracked 
|  51|0x0000000085b00000, 0x0000000085b00000, 0x0000000085c00000|  0%| F|  |TAMS 0x0000000085b00000, 0x0000000085b00000| Untracked 
|  52|0x0000000085c00000, 0x0000000085c00000, 0x0000000085d00000|  0%| F|  |TAMS 0x0000000085c00000, 0x0000000085c00000| Untracked 
|  53|0x0000000085d00000, 0x0000000085d00000, 0x0000000085e00000|  0%| F|  |TAMS 0x0000000085d00000, 0x0000000085d00000| Untracked 
|  54|0x0000000085e00000, 0x0000000085e00000, 0x0000000085f00000|  0%| F|  |TAMS 0x0000000085e00000, 0x0000000085e00000| Untracked 
|  55|0x0000000085f00000, 0x0000000085f00000, 0x0000000086000000|  0%| F|  |TAMS 0x0000000085f00000, 0x0000000085f00000| Untracked 
|  56|0x0000000086000000, 0x0000000086000000, 0x0000000086100000|  0%| F|  |TAMS 0x0000000086000000, 0x0000000086000000| Untracked 
|  57|0x0000000086100000, 0x0000000086100000, 0x0000000086200000|  0%| F|  |TAMS 0x0000000086100000, 0x0000000086100000| Untracked 
|  58|0x0000000086200000, 0x0000000086200000, 0x0000000086300000|  0%| F|  |TAMS 0x0000000086200000, 0x0000000086200000| Untracked 
|  59|0x0000000086300000, 0x0000000086300000, 0x0000000086400000|  0%| F|  |TAMS 0x0000000086300000, 0x0000000086300000| Untracked 
|  60|0x0000000086400000, 0x0000000086400000, 0x0000000086500000|  0%| F|  |TAMS 0x0000000086400000, 0x0000000086400000| Untracked 
|  61|0x0000000086500000, 0x0000000086500000, 0x0000000086600000|  0%| F|  |TAMS 0x0000000086500000, 0x0000000086500000| Untracked 
|  62|0x0000000086600000, 0x0000000086600000, 0x0000000086700000|  0%| F|  |TAMS 0x0000000086600000, 0x0000000086600000| Untracked 
|  63|0x0000000086700000, 0x0000000086700000, 0x0000000086800000|  0%| F|  |TAMS 0x0000000086700000, 0x0000000086700000| Untracked 
|  64|0x0000000086800000, 0x0000000086800000, 0x0000000086900000|  0%| F|  |TAMS 0x0000000086800000, 0x0000000086800000| Untracked 
|  65|0x0000000086900000, 0x0000000086900000, 0x0000000086a00000|  0%| F|  |TAMS 0x0000000086900000, 0x0000000086900000| Untracked 
|  66|0x0000000086a00000, 0x0000000086a00000, 0x0000000086b00000|  0%| F|  |TAMS 0x0000000086a00000, 0x0000000086a00000| Untracked 
|  67|0x0000000086b00000, 0x0000000086b00000, 0x0000000086c00000|  0%| F|  |TAMS 0x0000000086b00000, 0x0000000086b00000| Untracked 
|  68|0x0000000086c00000, 0x0000000086c00000, 0x0000000086d00000|  0%| F|  |TAMS 0x0000000086c00000, 0x0000000086c00000| Untracked 
|  69|0x0000000086d00000, 0x0000000086d00000, 0x0000000086e00000|  0%| F|  |TAMS 0x0000000086d00000, 0x0000000086d00000| Untracked 
|  70|0x0000000086e00000, 0x0000000086e00000, 0x0000000086f00000|  0%| F|  |TAMS 0x0000000086e00000, 0x0000000086e00000| Untracked 
|  71|0x0000000086f00000, 0x0000000086f00000, 0x0000000087000000|  0%| F|  |TAMS 0x0000000086f00000, 0x0000000086f00000| Untracked 
|  72|0x0000000087000000, 0x0000000087000000, 0x0000000087100000|  0%| F|  |TAMS 0x0000000087000000, 0x0000000087000000| Untracked 
|  73|0x0000000087100000, 0x0000000087100000, 0x0000000087200000|  0%| F|  |TAMS 0x0000000087100000, 0x0000000087100000| Untracked 
|  74|0x0000000087200000, 0x0000000087200000, 0x0000000087300000|  0%| F|  |TAMS 0x0000000087200000, 0x0000000087200000| Untracked 
|  75|0x0000000087300000, 0x0000000087300000, 0x0000000087400000|  0%| F|  |TAMS 0x0000000087300000, 0x0000000087300000| Untracked 
|  76|0x0000000087400000, 0x0000000087400000, 0x0000000087500000|  0%| F|  |TAMS 0x0000000087400000, 0x0000000087400000| Untracked 
|  77|0x0000000087500000, 0x0000000087500000, 0x0000000087600000|  0%| F|  |TAMS 0x0000000087500000, 0x0000000087500000| Untracked 
|  78|0x0000000087600000, 0x0000000087600000, 0x0000000087700000|  0%| F|  |TAMS 0x0000000087600000, 0x0000000087600000| Untracked 
|  79|0x0000000087700000, 0x0000000087700000, 0x0000000087800000|  0%| F|  |TAMS 0x0000000087700000, 0x0000000087700000| Untracked 
|  80|0x0000000087800000, 0x0000000087800000, 0x0000000087900000|  0%| F|  |TAMS 0x0000000087800000, 0x0000000087800000| Untracked 
|  81|0x0000000087900000, 0x0000000087900000, 0x0000000087a00000|  0%| F|  |TAMS 0x0000000087900000, 0x0000000087900000| Untracked 
|  82|0x0000000087a00000, 0x0000000087a00000, 0x0000000087b00000|  0%| F|  |TAMS 0x0000000087a00000, 0x0000000087a00000| Untracked 
|  83|0x0000000087b00000, 0x0000000087b00000, 0x0000000087c00000|  0%| F|  |TAMS 0x0000000087b00000, 0x0000000087b00000| Untracked 
|  84|0x0000000087c00000, 0x0000000087c00000, 0x0000000087d00000|  0%| F|  |TAMS 0x0000000087c00000, 0x0000000087c00000| Untracked 
|  85|0x0000000087d00000, 0x0000000087d00000, 0x0000000087e00000|  0%| F|  |TAMS 0x0000000087d00000, 0x0000000087d00000| Untracked 
|  86|0x0000000087e00000, 0x0000000087e00000, 0x0000000087f00000|  0%| F|  |TAMS 0x0000000087e00000, 0x0000000087e00000| Untracked 
|  87|0x0000000087f00000, 0x0000000087f00000, 0x0000000088000000|  0%| F|  |TAMS 0x0000000087f00000, 0x0000000087f00000| Untracked 
|  88|0x0000000088000000, 0x0000000088000000, 0x0000000088100000|  0%| F|  |TAMS 0x0000000088000000, 0x0000000088000000| Untracked 
|  89|0x0000000088100000, 0x0000000088158890, 0x0000000088200000| 34%| S|CS|TAMS 0x0000000088100000, 0x0000000088100000| Complete 
|  90|0x0000000088200000, 0x0000000088300000, 0x0000000088300000|100%| S|CS|TAMS 0x0000000088200000, 0x0000000088200000| Complete 
|  91|0x0000000088300000, 0x0000000088400000, 0x0000000088400000|100%| S|CS|TAMS 0x0000000088300000, 0x0000000088300000| Complete 
|  92|0x0000000088400000, 0x0000000088400000, 0x0000000088500000|  0%| F|  |TAMS 0x0000000088400000, 0x0000000088400000| Untracked 
|  93|0x0000000088500000, 0x0000000088500000, 0x0000000088600000|  0%| F|  |TAMS 0x0000000088500000, 0x0000000088500000| Untracked 
|  94|0x0000000088600000, 0x0000000088600000, 0x0000000088700000|  0%| F|  |TAMS 0x0000000088600000, 0x0000000088600000| Untracked 
|  95|0x0000000088700000, 0x0000000088700000, 0x0000000088800000|  0%| F|  |TAMS 0x0000000088700000, 0x0000000088700000| Untracked 
|  96|0x0000000088800000, 0x0000000088884010, 0x0000000088900000| 51%| E|  |TAMS 0x0000000088800000, 0x0000000088800000| Complete 
|  97|0x0000000088900000, 0x0000000088a00000, 0x0000000088a00000|100%| E|CS|TAMS 0x0000000088900000, 0x0000000088900000| Complete 
|  98|0x0000000088a00000, 0x0000000088b00000, 0x0000000088b00000|100%| E|CS|TAMS 0x0000000088a00000, 0x0000000088a00000| Complete 
|  99|0x0000000088b00000, 0x0000000088c00000, 0x0000000088c00000|100%| E|CS|TAMS 0x0000000088b00000, 0x0000000088b00000| Complete 
| 100|0x0000000088c00000, 0x0000000088d00000, 0x0000000088d00000|100%| E|CS|TAMS 0x0000000088c00000, 0x0000000088c00000| Complete 
| 101|0x0000000088d00000, 0x0000000088e00000, 0x0000000088e00000|100%| E|CS|TAMS 0x0000000088d00000, 0x0000000088d00000| Complete 
| 102|0x0000000088e00000, 0x0000000088f00000, 0x0000000088f00000|100%| E|CS|TAMS 0x0000000088e00000, 0x0000000088e00000| Complete 
| 103|0x0000000088f00000, 0x0000000089000000, 0x0000000089000000|100%| E|CS|TAMS 0x0000000088f00000, 0x0000000088f00000| Complete 
| 104|0x0000000089000000, 0x0000000089100000, 0x0000000089100000|100%| E|CS|TAMS 0x0000000089000000, 0x0000000089000000| Complete 
| 105|0x0000000089100000, 0x0000000089200000, 0x0000000089200000|100%| E|CS|TAMS 0x0000000089100000, 0x0000000089100000| Complete 
| 106|0x0000000089200000, 0x0000000089300000, 0x0000000089300000|100%| E|CS|TAMS 0x0000000089200000, 0x0000000089200000| Complete 
| 107|0x0000000089300000, 0x0000000089400000, 0x0000000089400000|100%| E|CS|TAMS 0x0000000089300000, 0x0000000089300000| Complete 
| 108|0x0000000089400000, 0x0000000089500000, 0x0000000089500000|100%| E|CS|TAMS 0x0000000089400000, 0x0000000089400000| Complete 
| 109|0x0000000089500000, 0x0000000089600000, 0x0000000089600000|100%| E|CS|TAMS 0x0000000089500000, 0x0000000089500000| Complete 
| 110|0x0000000089600000, 0x0000000089700000, 0x0000000089700000|100%| E|CS|TAMS 0x0000000089600000, 0x0000000089600000| Complete 
| 111|0x0000000089700000, 0x0000000089800000, 0x0000000089800000|100%| E|CS|TAMS 0x0000000089700000, 0x0000000089700000| Complete 
| 112|0x0000000089800000, 0x0000000089900000, 0x0000000089900000|100%| E|CS|TAMS 0x0000000089800000, 0x0000000089800000| Complete 
| 113|0x0000000089900000, 0x0000000089a00000, 0x0000000089a00000|100%| E|CS|TAMS 0x0000000089900000, 0x0000000089900000| Complete 
| 114|0x0000000089a00000, 0x0000000089b00000, 0x0000000089b00000|100%| E|CS|TAMS 0x0000000089a00000, 0x0000000089a00000| Complete 
| 115|0x0000000089b00000, 0x0000000089c00000, 0x0000000089c00000|100%| E|CS|TAMS 0x0000000089b00000, 0x0000000089b00000| Complete 
| 116|0x0000000089c00000, 0x0000000089d00000, 0x0000000089d00000|100%| E|CS|TAMS 0x0000000089c00000, 0x0000000089c00000| Complete 
| 117|0x0000000089d00000, 0x0000000089e00000, 0x0000000089e00000|100%| E|CS|TAMS 0x0000000089d00000, 0x0000000089d00000| Complete 
| 118|0x0000000089e00000, 0x0000000089f00000, 0x0000000089f00000|100%| E|CS|TAMS 0x0000000089e00000, 0x0000000089e00000| Complete 
| 119|0x0000000089f00000, 0x000000008a000000, 0x000000008a000000|100%| E|CS|TAMS 0x0000000089f00000, 0x0000000089f00000| Complete 
| 120|0x000000008a000000, 0x000000008a100000, 0x000000008a100000|100%| E|CS|TAMS 0x000000008a000000, 0x000000008a000000| Complete 
| 121|0x000000008a100000, 0x000000008a200000, 0x000000008a200000|100%| E|CS|TAMS 0x000000008a100000, 0x000000008a100000| Complete 
| 122|0x000000008a200000, 0x000000008a300000, 0x000000008a300000|100%| E|CS|TAMS 0x000000008a200000, 0x000000008a200000| Complete 
| 123|0x000000008a300000, 0x000000008a400000, 0x000000008a400000|100%| E|CS|TAMS 0x000000008a300000, 0x000000008a300000| Complete 
| 124|0x000000008a400000, 0x000000008a500000, 0x000000008a500000|100%| E|CS|TAMS 0x000000008a400000, 0x000000008a400000| Complete 
| 125|0x000000008a500000, 0x000000008a600000, 0x000000008a600000|100%| E|CS|TAMS 0x000000008a500000, 0x000000008a500000| Complete 

Card table byte_map: [0x00000132b3b30000,0x00000132b3f20000] _byte_map_base: 0x00000132b371c000

Marking Bits (Prev, Next): (CMBitMap*) 0x000001329c50e640, (CMBitMap*) 0x000001329c50e680
 Prev Bits: [0x00000132b4310000, 0x00000132b6270000)
 Next Bits: [0x00000132b6270000, 0x00000132b81d0000)

Polling page: 0x000001329a460000

Metaspace:

Usage:
  Non-class:     11.33 MB used.
      Class:      1.42 MB used.
       Both:     12.75 MB used.

Virtual space:
  Non-class space:       64.00 MB reserved,      11.50 MB ( 18%) committed,  1 nodes.
      Class space:        1.00 GB reserved,       1.56 MB ( <1%) committed,  1 nodes.
             Both:        1.06 GB reserved,      13.06 MB (  1%) committed. 

Chunk freelists:
   Non-Class:  3.54 MB
       Class:  2.48 MB
        Both:  6.02 MB

MaxMetaspaceSize: unlimited
CompressedClassSpaceSize: 1.00 GB
Initial GC threshold: 21.00 MB
Current GC threshold: 21.00 MB
CDS: on
MetaspaceReclaimPolicy: balanced
 - commit_granule_bytes: 65536.
 - commit_granule_words: 8192.
 - virtual_space_node_default_size: 8388608.
 - enlarge_chunks_in_place: 1.
 - new_chunks_are_fully_committed: 0.
 - uncommit_free_chunks: 1.
 - use_allocation_guard: 0.


Internal statistics:

num_allocs_failed_limit: 0.
num_arena_births: 236.
num_arena_deaths: 0.
num_vsnodes_births: 2.
num_vsnodes_deaths: 0.
num_space_committed: 209.
num_space_uncommitted: 0.
num_chunks_returned_to_freelist: 0.
num_chunks_taken_from_freelist: 664.
num_chunk_merges: 0.
num_chunk_splits: 483.
num_chunks_enlarged: 371.
num_inconsistent_stats: 0.

CodeHeap 'non-profiled nmethods': size=120000Kb used=1202Kb max_used=1202Kb free=118798Kb
 bounds [0x00000132abee0000, 0x00000132ac150000, 0x00000132b3410000]
CodeHeap 'profiled nmethods': size=120000Kb used=5992Kb max_used=5992Kb free=114007Kb
 bounds [0x00000132a4410000, 0x00000132a49f0000, 0x00000132ab940000]
CodeHeap 'non-nmethods': size=5760Kb used=1265Kb max_used=1300Kb free=4494Kb
 bounds [0x00000132ab940000, 0x00000132abbb0000, 0x00000132abee0000]
 total_blobs=3452 nmethods=2977 adapters=385
 compilation: enabled
              stopped_count=0, restarted_count=0
 full_count=0

Compilation events (20 events):
Event: 274.415 Thread 0x00000132bac022e0 nmethod 2983 0x00000132ac00b510 code [0x00000132ac00b6a0, 0x00000132ac00b7b8]
Event: 274.442 Thread 0x00000132bac022e0 2986   !   3       java.io.FileInputStream::available (24 bytes)
Event: 274.475 Thread 0x00000132bac022e0 nmethod 2986 0x00000132a49e2210 code [0x00000132a49e23e0, 0x00000132a49e25d8]
Event: 274.475 Thread 0x00000132babf0530 2985       4       org.codehaus.plexus.util.xml.pull.MXParser::getAttributeCount (15 bytes)
Event: 274.476 Thread 0x00000132babf0530 nmethod 2985 0x00000132ac00bc10 code [0x00000132ac00bda0, 0x00000132ac00be38]
Event: 274.478 Thread 0x00000132bac022e0 2988       1       java.util.Collections$SingletonSet::size (2 bytes)
Event: 274.478 Thread 0x00000132bac022e0 nmethod 2988 0x00000132ac00bf10 code [0x00000132ac00c0a0, 0x00000132ac00c178]
Event: 274.508 Thread 0x00000132bac022e0 2989       1       org.eclipse.aether.resolution.ArtifactRequest::getRequestContext (5 bytes)
Event: 274.577 Thread 0x00000132bac022e0 nmethod 2989 0x00000132ac00c210 code [0x00000132ac00c3a0, 0x00000132ac00c458]
Event: 274.577 Thread 0x00000132bac022e0 2990       3       java.util.concurrent.ConcurrentHashMap::<init> (9 bytes)
Event: 274.577 Thread 0x00000132bac022e0 nmethod 2990 0x00000132a49e2710 code [0x00000132a49e28e0, 0x00000132a49e2a28]
Event: 274.614 Thread 0x00000132bac022e0 2991       1       org.eclipse.aether.repository.LocalArtifactResult::getRepository (5 bytes)
Event: 274.686 Thread 0x00000132bac022e0 nmethod 2991 0x00000132ac00c510 code [0x00000132ac00c6a0, 0x00000132ac00c758]
Event: 274.686 Thread 0x00000132bac022e0 2995       3       java.util.HashSet::<init> (29 bytes)
Event: 274.830 Thread 0x00000132bac022e0 nmethod 2995 0x00000132a49e2b10 code [0x00000132a49e2d60, 0x00000132a49e34b8]
Event: 274.840 Thread 0x00000132bac022e0 2996       3       org.apache.maven.model.inheritance.DefaultInheritanceAssembler$InheritanceModelMerger::mergePluginContainer_Plugins (430 bytes)
Event: 275.282 Thread 0x00000132bac022e0 nmethod 2996 0x00000132a49e3790 code [0x00000132a49e3ee0, 0x00000132a49e87b8]
Event: 275.282 Thread 0x00000132bac022e0 2997       3       java.util.LinkedHashMap$LinkedValues::toArray (18 bytes)
Event: 275.283 Thread 0x00000132babf0530 2999       4       org.apache.maven.model.ConfigurationContainer::setLocation (156 bytes)
Event: 275.322 Thread 0x00000132bac022e0 nmethod 2997 0x00000132a49e9e10 code [0x00000132a49e9fc0, 0x00000132a49ea1a8]

GC Heap History (4 events):
Event: 11.468 GC heap before
{Heap before GC invocations=0 (full 0):
 garbage-first heap   total 129024K, used 23552K [0x0000000082800000, 0x0000000100000000)
  region size 1024K, 23 young (23552K), 0 survivors (0K)
 Metaspace       used 5016K, committed 5184K, reserved 1114112K
  class space    used 560K, committed 640K, reserved 1048576K
}
Event: 13.374 GC heap after
{Heap after GC invocations=1 (full 0):
 garbage-first heap   total 129024K, used 3563K [0x0000000082800000, 0x0000000100000000)
  region size 1024K, 3 young (3072K), 3 survivors (3072K)
 Metaspace       used 5016K, committed 5184K, reserved 1114112K
  class space    used 560K, committed 640K, reserved 1048576K
}
Event: 22.020 GC heap before
{Heap before GC invocations=1 (full 0):
 garbage-first heap   total 129024K, used 35307K [0x0000000082800000, 0x0000000100000000)
  region size 1024K, 34 young (34816K), 3 survivors (3072K)
 Metaspace       used 10408K, committed 10688K, reserved 1114112K
  class space    used 1222K, committed 1344K, reserved 1048576K
}
Event: 22.031 GC heap after
{Heap after GC invocations=2 (full 0):
 garbage-first heap   total 129024K, used 5808K [0x0000000082800000, 0x0000000100000000)
  region size 1024K, 3 young (3072K), 3 survivors (3072K)
 Metaspace       used 10408K, committed 10688K, reserved 1114112K
  class space    used 1222K, committed 1344K, reserved 1048576K
}

Dll operation events (8 events):
Event: 0.011 Loaded shared library C:\Program Files\Java\jdk-19\bin\java.dll
Event: 0.082 Loaded shared library C:\Program Files\Java\jdk-19\bin\jsvml.dll
Event: 0.323 Loaded shared library C:\Program Files\Java\jdk-19\bin\net.dll
Event: 0.327 Loaded shared library C:\Program Files\Java\jdk-19\bin\nio.dll
Event: 0.465 Loaded shared library C:\Program Files\Java\jdk-19\bin\zip.dll
Event: 1.708 Loaded shared library C:\Program Files\Java\jdk-19\bin\jimage.dll
Event: 1.833 Loaded shared library C:\Users\User\Desktop\NETBEAN\NetBeans-15\netbeans\java\maven\lib\jansi-native\Windows\x86_64\jansi.dll
Event: 1.845 Loaded shared library C:\Program Files\Java\jdk-19\bin\verify.dll

Deoptimization events (20 events):
Event: 27.617 Thread 0x000001329c4ae070 DEOPT PACKING pc=0x00000132abf12ef4 sp=0x00000001004fe420
Event: 27.617 Thread 0x000001329c4ae070 DEOPT UNPACKING pc=0x00000132ab9a6da3 sp=0x00000001004fe350 mode 2
Event: 27.617 Thread 0x000001329c4ae070 Uncommon trap: trap_request=0xffffff45 fr.pc=0x00000132abf0c8a4 relative=0x00000000000004e4
Event: 27.617 Thread 0x000001329c4ae070 Uncommon trap: reason=unstable_if action=reinterpret pc=0x00000132abf0c8a4 method=java.lang.String.substring(II)Ljava/lang/String; @ 31 c2
Event: 27.617 Thread 0x000001329c4ae070 DEOPT PACKING pc=0x00000132abf0c8a4 sp=0x00000001004fe3b0
Event: 27.617 Thread 0x000001329c4ae070 DEOPT UNPACKING pc=0x00000132ab9a6da3 sp=0x00000001004fe380 mode 2
Event: 27.617 Thread 0x000001329c4ae070 Uncommon trap: trap_request=0xffffff45 fr.pc=0x00000132abf320a4 relative=0x0000000000000284
Event: 27.617 Thread 0x000001329c4ae070 Uncommon trap: reason=unstable_if action=reinterpret pc=0x00000132abf320a4 method=java.lang.String.decodeASCII([BI[CII)I @ 13 c2
Event: 27.617 Thread 0x000001329c4ae070 DEOPT PACKING pc=0x00000132abf320a4 sp=0x00000001004fdeb0
Event: 27.617 Thread 0x000001329c4ae070 DEOPT UNPACKING pc=0x00000132ab9a6da3 sp=0x00000001004fde38 mode 2
Event: 27.642 Thread 0x000001329c4ae070 Uncommon trap: trap_request=0xffffff45 fr.pc=0x00000132abfd7278 relative=0x0000000000000db8
Event: 27.642 Thread 0x000001329c4ae070 Uncommon trap: reason=unstable_if action=reinterpret pc=0x00000132abfd7278 method=org.codehaus.plexus.util.xml.pull.MXParser.nextImpl()I @ 972 c2
Event: 27.642 Thread 0x000001329c4ae070 DEOPT PACKING pc=0x00000132abfd7278 sp=0x00000001004fe480
Event: 27.642 Thread 0x000001329c4ae070 DEOPT UNPACKING pc=0x00000132ab9a6da3 sp=0x00000001004fe400 mode 2
Event: 28.203 Thread 0x000001329c4ae070 Uncommon trap: trap_request=0xffffff45 fr.pc=0x00000132abfd8b3c relative=0x000000000000009c
Event: 28.203 Thread 0x000001329c4ae070 Uncommon trap: reason=unstable_if action=reinterpret pc=0x00000132abfd8b3c method=org.apache.maven.model.validation.DefaultModelValidator.isValidIdCharacter(C)Z @ 51 c2
Event: 28.203 Thread 0x000001329c4ae070 DEOPT PACKING pc=0x00000132abfd8b3c sp=0x00000001004fe5b0
Event: 28.203 Thread 0x000001329c4ae070 DEOPT UNPACKING pc=0x00000132ab9a6da3 sp=0x00000001004fe548 mode 2
Event: 214.298 Thread 0x000001329c4ae070 DEOPT PACKING pc=0x00000132a490c466 sp=0x00000001004fdd50
Event: 214.302 Thread 0x000001329c4ae070 DEOPT UNPACKING pc=0x00000132ab9a7543 sp=0x00000001004fd270 mode 0

Classes loaded (20 events):
Event: 25.725 Loading class java/lang/Byte$ByteCache
Event: 25.725 Loading class java/lang/Byte$ByteCache done
Event: 25.772 Loading class sun/invoke/util/ValueConversions$1
Event: 25.773 Loading class sun/invoke/util/ValueConversions$1 done
Event: 25.773 Loading class java/lang/invoke/BoundMethodHandle$Species_LI
Event: 25.773 Loading class java/lang/invoke/BoundMethodHandle$Species_LI done
Event: 28.416 Loading class java/util/LinkedList$ListItr
Event: 28.416 Loading class java/util/LinkedList$ListItr done
Event: 183.731 Loading class java/io/InterruptedIOException
Event: 183.753 Loading class java/io/InterruptedIOException done
Event: 184.290 Loading class java/util/concurrent/locks/ReentrantReadWriteLock$NonfairSync
Event: 184.296 Loading class java/util/concurrent/locks/ReentrantReadWriteLock$Sync
Event: 184.300 Loading class java/util/concurrent/locks/ReentrantReadWriteLock$Sync done
Event: 184.300 Loading class java/util/concurrent/locks/ReentrantReadWriteLock$NonfairSync done
Event: 185.325 Loading class java/util/concurrent/locks/ReentrantReadWriteLock$Sync$ThreadLocalHoldCounter
Event: 185.325 Loading class java/util/concurrent/locks/ReentrantReadWriteLock$Sync$ThreadLocalHoldCounter done
Event: 185.326 Loading class java/util/concurrent/locks/ReentrantReadWriteLock$ReadLock
Event: 185.326 Loading class java/util/concurrent/locks/ReentrantReadWriteLock$ReadLock done
Event: 185.326 Loading class java/util/concurrent/locks/ReentrantReadWriteLock$WriteLock
Event: 185.327 Loading class java/util/concurrent/locks/ReentrantReadWriteLock$WriteLock done

Classes unloaded (0 events):
No events

Classes redefined (0 events):
No events

Internal exceptions (20 events):
Event: 186.395 Thread 0x000001329c4ae070 Exception <a 'java/io/IOException'{0x0000000088fa9870}> (0x0000000088fa9870) 
thrown [s\open\src\hotspot\share\prims\jni.cpp, line 517]
Event: 186.395 Thread 0x000001329c4ae070 Exception <a 'java/io/IOException'{0x0000000088fa9e70}> (0x0000000088fa9e70) 
thrown [s\open\src\hotspot\share\prims\jni.cpp, line 517]
Event: 186.395 Thread 0x000001329c4ae070 Exception <a 'java/io/IOException'{0x0000000088faa438}> (0x0000000088faa438) 
thrown [s\open\src\hotspot\share\prims\jni.cpp, line 517]
Event: 186.396 Thread 0x000001329c4ae070 Exception <a 'java/io/IOException'{0x0000000088faaa00}> (0x0000000088faaa00) 
thrown [s\open\src\hotspot\share\prims\jni.cpp, line 517]
Event: 186.397 Thread 0x000001329c4ae070 Exception <a 'java/io/IOException'{0x0000000088fab010}> (0x0000000088fab010) 
thrown [s\open\src\hotspot\share\prims\jni.cpp, line 517]
Event: 186.397 Thread 0x000001329c4ae070 Exception <a 'java/io/IOException'{0x0000000088fab610}> (0x0000000088fab610) 
thrown [s\open\src\hotspot\share\prims\jni.cpp, line 517]
Event: 186.398 Thread 0x000001329c4ae070 Exception <a 'java/io/IOException'{0x0000000088fabbd8}> (0x0000000088fabbd8) 
thrown [s\open\src\hotspot\share\prims\jni.cpp, line 517]
Event: 186.398 Thread 0x000001329c4ae070 Exception <a 'java/io/IOException'{0x0000000088fabef0}> (0x0000000088fabef0) 
thrown [s\open\src\hotspot\share\prims\jni.cpp, line 517]
Event: 186.399 Thread 0x000001329c4ae070 Exception <a 'java/io/IOException'{0x0000000088face80}> (0x0000000088face80) 
thrown [s\open\src\hotspot\share\prims\jni.cpp, line 517]
Event: 186.399 Thread 0x000001329c4ae070 Exception <a 'java/io/IOException'{0x0000000088fad480}> (0x0000000088fad480) 
thrown [s\open\src\hotspot\share\prims\jni.cpp, line 517]
Event: 186.399 Thread 0x000001329c4ae070 Exception <a 'java/io/IOException'{0x0000000088fada48}> (0x0000000088fada48) 
thrown [s\open\src\hotspot\share\prims\jni.cpp, line 517]
Event: 186.399 Thread 0x000001329c4ae070 Exception <a 'java/io/IOException'{0x0000000088fadd60}> (0x0000000088fadd60) 
thrown [s\open\src\hotspot\share\prims\jni.cpp, line 517]
Event: 186.400 Thread 0x000001329c4ae070 Exception <a 'java/io/IOException'{0x0000000088fae788}> (0x0000000088fae788) 
thrown [s\open\src\hotspot\share\prims\jni.cpp, line 517]
Event: 186.400 Thread 0x000001329c4ae070 Exception <a 'java/io/IOException'{0x0000000088faed88}> (0x0000000088faed88) 
thrown [s\open\src\hotspot\share\prims\jni.cpp, line 517]
Event: 186.400 Thread 0x000001329c4ae070 Exception <a 'java/io/IOException'{0x0000000088faf350}> (0x0000000088faf350) 
thrown [s\open\src\hotspot\share\prims\jni.cpp, line 517]
Event: 186.400 Thread 0x000001329c4ae070 Exception <a 'java/io/IOException'{0x0000000088faf668}> (0x0000000088faf668) 
thrown [s\open\src\hotspot\share\prims\jni.cpp, line 517]
Event: 186.400 Thread 0x000001329c4ae070 Exception <a 'java/io/IOException'{0x0000000088fb02e8}> (0x0000000088fb02e8) 
thrown [s\open\src\hotspot\share\prims\jni.cpp, line 517]
Event: 186.400 Thread 0x000001329c4ae070 Exception <a 'java/io/IOException'{0x0000000088fb08e8}> (0x0000000088fb08e8) 
thrown [s\open\src\hotspot\share\prims\jni.cpp, line 517]
Event: 186.400 Thread 0x000001329c4ae070 Exception <a 'java/io/IOException'{0x0000000088fb0eb0}> (0x0000000088fb0eb0) 
thrown [s\open\src\hotspot\share\prims\jni.cpp, line 517]
Event: 186.400 Thread 0x000001329c4ae070 Exception <a 'java/io/IOException'{0x0000000088fb11c8}> (0x0000000088fb11c8) 
thrown [s\open\src\hotspot\share\prims\jni.cpp, line 517]

VM Operations (20 events):
Event: 194.032 Executing VM operation: Cleanup
Event: 194.033 Executing VM operation: Cleanup done
Event: 198.506 Executing VM operation: Cleanup
Event: 199.119 Executing VM operation: Cleanup done
Event: 201.551 Executing VM operation: Cleanup
Event: 202.145 Executing VM operation: Cleanup done
Event: 204.169 Executing VM operation: Cleanup
Event: 204.299 Executing VM operation: Cleanup done
Event: 215.265 Executing VM operation: Cleanup
Event: 216.005 Executing VM operation: Cleanup done
Event: 217.054 Executing VM operation: Cleanup
Event: 217.589 Executing VM operation: Cleanup done
Event: 219.637 Executing VM operation: Cleanup
Event: 222.376 Executing VM operation: Cleanup done
Event: 270.150 Executing VM operation: Cleanup
Event: 270.439 Executing VM operation: Cleanup done
Event: 272.449 Executing VM operation: Cleanup
Event: 272.479 Executing VM operation: Cleanup done
Event: 274.486 Executing VM operation: Cleanup
Event: 274.550 Executing VM operation: Cleanup done

Events (12 events):
Event: 0.082 Thread 0x000001329c4ae070 Thread added: 0x000001329c4ae070
Event: 0.118 Thread 0x00000132babe70e0 Thread added: 0x00000132babe70e0
Event: 0.119 Thread 0x00000132babe8550 Thread added: 0x00000132babe8550
Event: 0.119 Thread 0x00000132babe9d20 Thread added: 0x00000132babe9d20
Event: 0.119 Thread 0x00000132babee670 Thread added: 0x00000132babee670
Event: 0.119 Thread 0x00000132babeefa0 Thread added: 0x00000132babeefa0
Event: 0.119 Thread 0x00000132babef8d0 Thread added: 0x00000132babef8d0
Event: 0.119 Thread 0x00000132babf0530 Thread added: 0x00000132babf0530
Event: 0.120 Thread 0x00000132bac022e0 Thread added: 0x00000132bac022e0
Event: 0.120 Thread 0x00000132bac135f0 Thread added: 0x00000132bac135f0
Event: 0.303 Thread 0x00000132bf0d6070 Thread added: 0x00000132bf0d6070
Event: 0.312 Thread 0x00000132bf0e0a40 Thread added: 0x00000132bf0e0a40


Dynamic libraries:
0x00007ff75d2a0000 - 0x00007ff75d2b0000 	C:\Program Files\Java\jdk-19\bin\java.exe
0x00007ffd17dc0000 - 0x00007ffd17fc9000 	C:\WINDOWS\SYSTEM32\ntdll.dll
0x00007ffd16ad0000 - 0x00007ffd16b8e000 	C:\WINDOWS\System32\KERNEL32.DLL
0x00007ffd15870000 - 0x00007ffd15bf4000 	C:\WINDOWS\System32\KERNELBASE.dll
0x00007ffd15270000 - 0x00007ffd15381000 	C:\WINDOWS\System32\ucrtbase.dll
0x00007ffcfb4c0000 - 0x00007ffcfb4d8000 	C:\Program Files\Java\jdk-19\bin\jli.dll
0x00007ffd177a0000 - 0x00007ffd1784f000 	C:\WINDOWS\System32\ADVAPI32.dll
0x00007ffd176d0000 - 0x00007ffd17773000 	C:\WINDOWS\System32\msvcrt.dll
0x00007ffd17630000 - 0x00007ffd176ce000 	C:\WINDOWS\System32\sechost.dll
0x00007ffd16910000 - 0x00007ffd16a31000 	C:\WINDOWS\System32\RPCRT4.dll
0x00007ffd15cd0000 - 0x00007ffd15e7d000 	C:\WINDOWS\System32\USER32.dll
0x00007ffd15c00000 - 0x00007ffd15c26000 	C:\WINDOWS\System32\win32u.dll
0x00007ffd16c70000 - 0x00007ffd16c9a000 	C:\WINDOWS\System32\GDI32.dll
0x00007ffd15540000 - 0x00007ffd1565f000 	C:\WINDOWS\System32\gdi32full.dll
0x00007ffd15660000 - 0x00007ffd156fd000 	C:\WINDOWS\System32\msvcp_win.dll
0x00007ffd12330000 - 0x00007ffd1234b000 	C:\Program Files\Java\jdk-19\bin\VCRUNTIME140.dll
0x00007ffcff340000 - 0x00007ffcff5e5000 	C:\WINDOWS\WinSxS\amd64_microsoft.windows.common-controls_6595b64144ccf1df_6.0.22000.120_none_9d947278b86cc467\COMCTL32.dll
0x00007ffd0f3f0000 - 0x00007ffd0f3fa000 	C:\WINDOWS\SYSTEM32\VERSION.dll
0x00007ffd15c90000 - 0x00007ffd15cc1000 	C:\WINDOWS\System32\IMM32.DLL
0x00007ffd12380000 - 0x00007ffd1238c000 	C:\Program Files\Java\jdk-19\bin\vcruntime140_1.dll
0x00007ffcea700000 - 0x00007ffcea78e000 	C:\Program Files\Java\jdk-19\bin\msvcp140.dll
0x00007ffcaf740000 - 0x00007ffcb0400000 	C:\Program Files\Java\jdk-19\bin\server\jvm.dll
0x00007ffce9940000 - 0x00007ffce9949000 	C:\WINDOWS\SYSTEM32\WSOCK32.dll
0x00007ffd15e80000 - 0x00007ffd15eef000 	C:\WINDOWS\System32\WS2_32.dll
0x00007ffd0f410000 - 0x00007ffd0f443000 	C:\WINDOWS\SYSTEM32\WINMM.dll
0x00007ffd143e0000 - 0x00007ffd143f8000 	C:\WINDOWS\SYSTEM32\kernel.appcore.dll
0x00007ffd11b30000 - 0x00007ffd11b3a000 	C:\Program Files\Java\jdk-19\bin\jimage.dll
0x00007ffd12ed0000 - 0x00007ffd130f1000 	C:\WINDOWS\SYSTEM32\DBGHELP.DLL
0x00007ffcfca70000 - 0x00007ffcfcaa1000 	C:\WINDOWS\SYSTEM32\dbgcore.DLL
0x00007ffd15450000 - 0x00007ffd154cf000 	C:\WINDOWS\System32\bcryptPrimitives.dll
0x00007ffd11ab0000 - 0x00007ffd11ad6000 	C:\Program Files\Java\jdk-19\bin\java.dll
0x00007ffce79d0000 - 0x00007ffce7aa7000 	C:\Program Files\Java\jdk-19\bin\jsvml.dll
0x00007ffd16ca0000 - 0x00007ffd17465000 	C:\WINDOWS\System32\SHELL32.dll
0x00007ffd13360000 - 0x00007ffd13bc4000 	C:\WINDOWS\SYSTEM32\windows.storage.dll
0x00007ffd16520000 - 0x00007ffd16896000 	C:\WINDOWS\System32\combase.dll
0x00007ffd131f0000 - 0x00007ffd13357000 	C:\WINDOWS\SYSTEM32\wintypes.dll
0x00007ffd174d0000 - 0x00007ffd175ba000 	C:\WINDOWS\System32\SHCORE.dll
0x00007ffd15c30000 - 0x00007ffd15c8d000 	C:\WINDOWS\System32\shlwapi.dll
0x00007ffd151a0000 - 0x00007ffd151c1000 	C:\WINDOWS\SYSTEM32\profapi.dll
0x00007ffd04080000 - 0x00007ffd04093000 	C:\Program Files\Java\jdk-19\bin\net.dll
0x00007ffd0edc0000 - 0x00007ffd0eed3000 	C:\WINDOWS\SYSTEM32\WINHTTP.dll
0x00007ffd14880000 - 0x00007ffd148e7000 	C:\WINDOWS\system32\mswsock.dll
0x00007ffcfd5f0000 - 0x00007ffcfd606000 	C:\Program Files\Java\jdk-19\bin\nio.dll
0x00007ffcfd5d0000 - 0x00007ffcfd5e8000 	C:\Program Files\Java\jdk-19\bin\zip.dll
0x0000000069ac0000 - 0x0000000069ae4000 	C:\Users\User\Desktop\NETBEAN\NetBeans-15\netbeans\java\maven\lib\jansi-native\Windows\x86_64\jansi.dll
0x00007ffd10620000 - 0x00007ffd10630000 	C:\Program Files\Java\jdk-19\bin\verify.dll

dbghelp: loaded successfully - version: 4.0.5 - missing functions: none
symbol engine: initialized successfully - sym options: 0x614 - pdb path: .;C:\Program Files\Java\jdk-19\bin;C:\WINDOWS\SYSTEM32;C:\WINDOWS\WinSxS\amd64_microsoft.windows.common-controls_6595b64144ccf1df_6.0.22000.120_none_9d947278b86cc467;C:\Program Files\Java\jdk-19\bin\server;C:\Users\User\Desktop\NETBEAN\NetBeans-15\netbeans\java\maven\lib\jansi-native\Windows\x86_64

VM Arguments:
jvm_args: -Dclassworlds.conf=C:\Users\User\Desktop\NETBEAN\NetBeans-15\netbeans\java\maven\bin\m2.conf -Dmaven.home=C:\Users\User\Desktop\NETBEAN\NetBeans-15\netbeans\java\maven -Dlibrary.jansi.path=C:\Users\User\Desktop\NETBEAN\NetBeans-15\netbeans\java\maven\lib\jansi-native -Dmaven.multiModuleProjectDirectory=C:\Users\User\Desktop\NETBEAN\WallStreetWarriors 
java_command: org.codehaus.plexus.classworlds.launcher.Launcher -Dmaven.ext.class.path=C:\Users\User\Desktop\NETBEAN\NetBeans-15\netbeans\java\maven-nblib\netbeans-eventspy.jar install
java_class_path (initial): C:\Users\User\Desktop\NETBEAN\NetBeans-15\netbeans\java\maven\boot\plexus-classworlds-2.6.0.jar
Launcher Type: SUN_STANDARD

[Global flags]
     intx CICompilerCount                          = 4                                         {product} {ergonomic}
     uint ConcGCThreads                            = 2                                         {product} {ergonomic}
     uint G1ConcRefinementThreads                  = 8                                         {product} {ergonomic}
   size_t G1HeapRegionSize                         = 1048576                                   {product} {ergonomic}
    uintx GCDrainStackTargetSize                   = 64                                        {product} {ergonomic}
   size_t InitialHeapSize                          = 132120576                                 {product} {ergonomic}
   size_t MarkStackSize                            = 4194304                                   {product} {ergonomic}
   size_t MaxHeapSize                              = 2105540608                                {product} {ergonomic}
   size_t MaxNewSize                               = 1262485504                                {product} {ergonomic}
   size_t MinHeapDeltaBytes                        = 1048576                                   {product} {ergonomic}
   size_t MinHeapSize                              = 8388608                                   {product} {ergonomic}
    uintx NonNMethodCodeHeapSize                   = 5839372                                {pd product} {ergonomic}
    uintx NonProfiledCodeHeapSize                  = 122909434                              {pd product} {ergonomic}
    uintx ProfiledCodeHeapSize                     = 122909434                              {pd product} {ergonomic}
    uintx ReservedCodeCacheSize                    = 251658240                              {pd product} {ergonomic}
     bool SegmentedCodeCache                       = true                                      {product} {ergonomic}
   size_t SoftMaxHeapSize                          = 2105540608                             {manageable} {ergonomic}
     bool UseCompressedClassPointers               = true                           {product lp64_product} {ergonomic}
     bool UseCompressedOops                        = true                           {product lp64_product} {ergonomic}
     bool UseG1GC                                  = true                                      {product} {ergonomic}
     bool UseLargePagesIndividualAllocation        = false                                  {pd product} {ergonomic}

Logging:
Log output configuration:
 #0: stdout all=warning uptime,level,tags foldmultilines=false
 #1: stderr all=off uptime,level,tags foldmultilines=false

Environment Variables:
JAVA_HOME=C:\Program Files\Java\jdk-19
PATH=C:\Program Files\Common Files\Oracle\Java\javapath;C:\Windows\system32;C:\Windows;C:\Windows\System32\Wbem;C:\Windows\System32\WindowsPowerShell\v1.0\;C:\Windows\System32\OpenSSH\;C:\Program Files (x86)\NVIDIA Corporation\PhysX\Common;C:\Program Files\NVIDIA Corporation\NVIDIA NvDLISR;C:\WINDOWS\system32;C:\WINDOWS;C:\WINDOWS\System32\Wbem;C:\WINDOWS\System32\WindowsPowerShell\v1.0\;C:\WINDOWS\System32\OpenSSH\;C:\Program Files\Java\jdk-19\bin;C:\Program Files\Microsoft SQL Server\130\Tools\Binn\;C:\Program Files\nodejs\;C:\Program Files\Git\cmd;C:\Users\User\AppData\Local\Programs\Python\Python311\Scripts\;C:\Users\User\AppData\Local\Programs\Python\Python311\;C:\Users\User\AppData\Local\Microsoft\WindowsApps;C:\Users\User\Desktop\Useful tools\Microsoft VS Code\bin;C:\Users\User\AppData\Local\GitHubDesktop\bin;C:\Users\User\AppData\Roaming\npm;C:\Program Files\Graphviz\bin
USERNAME=User
OS=Windows_NT
PROCESSOR_IDENTIFIER=Intel64 Family 6 Model 165 Stepping 2, GenuineIntel
TMP=C:\Users\User\AppData\Local\Temp
TEMP=C:\Users\User\AppData\Local\Temp



---------------  S Y S T E M  ---------------

OS:
 Windows 11 , 64 bit Build 22000 (10.0.22000.1880)
OS uptime: 3 days 20:47 hours

CPU: total 8 (initial active 8) (4 cores per cpu, 2 threads per core) family 6 model 165 stepping 2 microcode 0xe0, cx8, cmov, fxsr, ht, mmx, 3dnowpref, sse, sse2, sse3, ssse3, sse4.1, sse4.2, popcnt, lzcnt, tsc, tscinvbit, avx, avx2, aes, erms, clmul, bmi1, bmi2, adx, fma, vzeroupper, clflush, clflushopt, rdtscp

Memory: 4k page, system-wide physical 8029M (347M free)
TotalPageFile size 32605M (AvailPageFile size 477M)
current process WorkingSet (physical memory assigned to process): 29M, peak: 94M
current process commit charge ("private bytes"): 235M, peak: 238M

vm_info: Java HotSpot(TM) 64-Bit Server VM (19+36-2238) for windows-amd64 JRE (19+36-2238), built on 2022-08-12T20:29:01Z by "mach5one" with MS VC++ 17.1 (VS2022)

END.
