#
# There is insufficient memory for the Java Runtime Environment to continue.
# Native memory allocation (malloc) failed to allocate 32744 bytes for Chunk::new
# Possible reasons:
#   The system is out of physical RAM or swap space
#   The process is running with CompressedOops enabled, and the Java Heap may be blocking the growth of the native heap
# Possible solutions:
#   Reduce memory load on the system
#   Increase physical memory or swap space
#   Check if swap backing store is full
#   Decrease Java heap size (-Xmx/-Xms)
#   Decrease number of Java threads
#   Decrease Java thread stack sizes (-Xss)
#   Set larger code cache with -XX:ReservedCodeCacheSize=
#   JVM is running with Unscaled Compressed Oops mode in which the Java heap is
#     placed in the first 4GB address space. The Java Heap base address is the
#     maximum limit for the native heap growth. Please use -XX:HeapBaseMinAddress
#     to set the Java Heap base and to place the Java Heap above 4GB virtual address.
# This output file may be truncated or incomplete.
#
#  Out of Memory Error (arena.cpp:184), pid=28076, tid=29284
#
# JRE version: Java(TM) SE Runtime Environment (19.0+36) (build 19+36-2238)
# Java VM: Java HotSpot(TM) 64-Bit Server VM (19+36-2238, mixed mode, sharing, tiered, compressed oops, compressed class ptrs, g1 gc, windows-amd64)
# No core dump will be written. Minidumps are not enabled by default on client versions of Windows
#

---------------  S U M M A R Y ------------

Command Line: -Dclassworlds.conf=C:\Users\User\Desktop\NETBEAN\NetBeans-15\netbeans\java\maven\bin\m2.conf -Dmaven.home=C:\Users\User\Desktop\NETBEAN\NetBeans-15\netbeans\java\maven -Dlibrary.jansi.path=C:\Users\User\Desktop\NETBEAN\NetBeans-15\netbeans\java\maven\lib\jansi-native -Dmaven.multiModuleProjectDirectory=C:\Users\User\Desktop\NETBEAN\WallStreetWarriors org.codehaus.plexus.classworlds.launcher.Launcher -Dmaven.ext.class.path=C:\Users\User\Desktop\NETBEAN\NetBeans-15\netbeans\java\maven-nblib\netbeans-eventspy.jar install

Host: Intel(R) Core(TM) i5-10300H CPU @ 2.50GHz, 8 cores, 7G,  Windows 11 , 64 bit Build 22000 (10.0.22000.1880)
Time: Mon Jun 12 20:45:37 2023 Malay Peninsula Standard Time elapsed time: 261.401772 seconds (0d 0h 4m 21s)

---------------  T H R E A D  ---------------

Current thread (0x0000023b28142820):  JavaThread "C1 CompilerThread0" daemon [_thread_in_native, id=29284, stack(0x000000a5ec600000,0x000000a5ec700000)]


Current CompileTask:
C1: 261403 3979       3       org.apache.maven.model.management.DefaultPluginManagementInjector$ManagementModelMerger::mergePluginContainerPlugins (168 bytes)

Stack: [0x000000a5ec600000,0x000000a5ec700000]
Native frames: (J=compiled Java code, j=interpreted, Vv=VM code, C=native code)
V  [jvm.dll+0x6ee8fa]
V  [jvm.dll+0x857a1e]
V  [jvm.dll+0x85940e]
V  [jvm.dll+0x859ac3]
V  [jvm.dll+0x28291f]
V  [jvm.dll+0xc9b5f]
V  [jvm.dll+0xc9ee5]
V  [jvm.dll+0x17b270]
V  [jvm.dll+0x196a10]
V  [jvm.dll+0x191192]
V  [jvm.dll+0x18adfe]
V  [jvm.dll+0x178ab0]
V  [jvm.dll+0x1616b7]
V  [jvm.dll+0x161022]
V  [jvm.dll+0x161278]
V  [jvm.dll+0x1606d6]
V  [jvm.dll+0x1623cd]
V  [jvm.dll+0x25b0fa]
V  [jvm.dll+0x259588]
V  [jvm.dll+0x807928]
V  [jvm.dll+0x8015fa]
V  [jvm.dll+0x6ed5eb]
C  [ucrtbase.dll+0x26c0c]
C  [KERNEL32.DLL+0x155a0]
C  [ntdll.dll+0x485b]


---------------  P R O C E S S  ---------------

Threads class SMR info:
_java_thread_list=0x0000023b2d8517e0, length=12, elements={
0x0000023b07a5f460, 0x0000023b281392a0, 0x0000023b2813be80, 0x0000023b2813edd0,
0x0000023b2813f700, 0x0000023b28140030, 0x0000023b28140960, 0x0000023b281415c0,
0x0000023b28142820, 0x0000023b2819e680, 0x0000023b2c4e0c20, 0x0000023b2c4e75f0
}

Java Threads: ( => current thread )
  0x0000023b07a5f460 JavaThread "main" [_thread_in_native, id=13340, stack(0x000000a5eb800000,0x000000a5eb900000)]
  0x0000023b281392a0 JavaThread "Reference Handler" daemon [_thread_blocked, id=23452, stack(0x000000a5ebf00000,0x000000a5ec000000)]
  0x0000023b2813be80 JavaThread "Finalizer" daemon [_thread_blocked, id=4624, stack(0x000000a5ec000000,0x000000a5ec100000)]
  0x0000023b2813edd0 JavaThread "Signal Dispatcher" daemon [_thread_blocked, id=29068, stack(0x000000a5ec100000,0x000000a5ec200000)]
  0x0000023b2813f700 JavaThread "Attach Listener" daemon [_thread_blocked, id=29020, stack(0x000000a5ec200000,0x000000a5ec300000)]
  0x0000023b28140030 JavaThread "Service Thread" daemon [_thread_blocked, id=28960, stack(0x000000a5ec300000,0x000000a5ec400000)]
  0x0000023b28140960 JavaThread "Monitor Deflation Thread" daemon [_thread_blocked, id=14524, stack(0x000000a5ec400000,0x000000a5ec500000)]
  0x0000023b281415c0 JavaThread "C2 CompilerThread0" daemon [_thread_blocked, id=29652, stack(0x000000a5ec500000,0x000000a5ec600000)]
=>0x0000023b28142820 JavaThread "C1 CompilerThread0" daemon [_thread_in_native, id=29284, stack(0x000000a5ec600000,0x000000a5ec700000)]
  0x0000023b2819e680 JavaThread "Sweeper thread" daemon [_thread_blocked, id=29524, stack(0x000000a5ec700000,0x000000a5ec800000)]
  0x0000023b2c4e0c20 JavaThread "Notification Thread" daemon [_thread_blocked, id=10396, stack(0x000000a5ec800000,0x000000a5ec900000)]
  0x0000023b2c4e75f0 JavaThread "Common-Cleaner" daemon [_thread_blocked, id=26924, stack(0x000000a5eca00000,0x000000a5ecb00000)]

Other Threads:
  0x0000023b2811df10 VMThread "VM Thread" [stack: 0x000000a5ebe00000,0x000000a5ebf00000] [id=10104]
  0x0000023b2c4e7190 WatcherThread "VM Periodic Task Thread" [stack: 0x000000a5ec900000,0x000000a5eca00000] [id=20204]
  0x0000023b07abf330 WorkerThread "GC Thread#0" [stack: 0x000000a5eb900000,0x000000a5eba00000] [id=8184]
  0x0000023b2d1a7ab0 WorkerThread "GC Thread#1" [stack: 0x000000a5ecd00000,0x000000a5ece00000] [id=27000]
  0x0000023b2d1a6f70 WorkerThread "GC Thread#2" [stack: 0x000000a5ece00000,0x000000a5ecf00000] [id=9532]
  0x0000023b2d1a5e90 WorkerThread "GC Thread#3" [stack: 0x000000a5ecf00000,0x000000a5ed000000] [id=20968]
  0x0000023b2d1a7240 WorkerThread "GC Thread#4" [stack: 0x000000a5ed000000,0x000000a5ed100000] [id=16048]
  0x0000023b2d1a7510 WorkerThread "GC Thread#5" [stack: 0x000000a5ed100000,0x000000a5ed200000] [id=29232]
  0x0000023b2d1a77e0 WorkerThread "GC Thread#6" [stack: 0x000000a5ed200000,0x000000a5ed300000] [id=16964]
  0x0000023b2d1a6160 WorkerThread "GC Thread#7" [stack: 0x000000a5ed300000,0x000000a5ed400000] [id=27256]
  0x0000023b07ad0830 ConcurrentGCThread "G1 Main Marker" [stack: 0x000000a5eba00000,0x000000a5ebb00000] [id=20220]
  0x0000023b07ad2110 WorkerThread "G1 Conc#0" [stack: 0x000000a5ebb00000,0x000000a5ebc00000] [id=29252]
  0x0000023b07b2e300 ConcurrentGCThread "G1 Refine#0" [stack: 0x000000a5ebc00000,0x000000a5ebd00000] [id=23912]
  0x0000023b27fda100 ConcurrentGCThread "G1 Service" [stack: 0x000000a5ebd00000,0x000000a5ebe00000] [id=26664]

Threads with active compile tasks:
C1 CompilerThread0   261440 3979       3       org.apache.maven.model.management.DefaultPluginManagementInjector$ManagementModelMerger::mergePluginContainerPlugins (168 bytes)

VM state: not at safepoint (normal execution)

VM Mutex/Monitor currently owned by a thread: None

Heap address: 0x0000000082800000, size: 2008 MB, Compressed Oops mode: 32-bit

CDS archive(s) mapped at: [0x0000000800000000-0x0000000800c40000-0x0000000800c40000), size 12845056, SharedBaseAddress: 0x0000000800000000, ArchiveRelocationMode: 0.
Compressed class space mapped at: 0x0000000801000000-0x0000000841000000, reserved size: 1073741824
Narrow klass base: 0x0000000800000000, Narrow klass shift: 0, Narrow klass range: 0x100000000

GC Precious Log:
 CardTable entry size: 512
 Card Set container configuration: InlinePtr #cards 5 size 8 Array Of Cards #cards 12 size 40 Howl #buckets 4 coarsen threshold 1843 Howl Bitmap #cards 512 size 80 coarsen threshold 460 Card regions per heap region 1 cards per card region 2048
 CPUs: 8 total, 8 available
 Memory: 8029M
 Large Page Support: Disabled
 NUMA Support: Disabled
 Compressed Oops: Enabled (32-bit)
 Heap Region Size: 1M
 Heap Min Capacity: 8M
 Heap Initial Capacity: 126M
 Heap Max Capacity: 2008M
 Pre-touch: Disabled
 Parallel Workers: 8
 Concurrent Workers: 2
 Concurrent Refinement Workers: 8
 Periodic GC: Disabled

Heap:
 garbage-first heap   total 129024K, used 72640K [0x0000000082800000, 0x0000000100000000)
  region size 1024K, 37 young (37888K), 10 survivors (10240K)
 Metaspace       used 14917K, committed 15168K, reserved 1114112K
  class space    used 1590K, committed 1728K, reserved 1048576K

Heap Regions: E=young(eden), S=young(survivor), O=old, HS=humongous(starts), HC=humongous(continues), CS=collection set, F=free, OA=open archive, CA=closed archive, TAMS=top-at-mark-start (previous, next)
|   0|0x0000000082800000, 0x0000000082900000, 0x0000000082900000|100%| O|  |TAMS 0x0000000082800000, 0x0000000082800000| Untracked 
|   1|0x0000000082900000, 0x0000000082a00000, 0x0000000082a00000|100%| O|  |TAMS 0x0000000082900000, 0x0000000082900000| Untracked 
|   2|0x0000000082a00000, 0x0000000082b00000, 0x0000000082b00000|100%| O|  |TAMS 0x0000000082a00000, 0x0000000082a00000| Untracked 
|   3|0x0000000082b00000, 0x0000000082b55e00, 0x0000000082c00000| 33%| O|  |TAMS 0x0000000082b00000, 0x0000000082b00000| Untracked 
|   4|0x0000000082c00000, 0x0000000082d00000, 0x0000000082d00000|100%|HS|  |TAMS 0x0000000082c00000, 0x0000000082c00000| Complete 
|   5|0x0000000082d00000, 0x0000000082e00000, 0x0000000082e00000|100%|HC|  |TAMS 0x0000000082d00000, 0x0000000082d00000| Complete 
|   6|0x0000000082e00000, 0x0000000082f00000, 0x0000000082f00000|100%|HC|  |TAMS 0x0000000082e00000, 0x0000000082e00000| Complete 
|   7|0x0000000082f00000, 0x0000000083000000, 0x0000000083000000|100%|HC|  |TAMS 0x0000000082f00000, 0x0000000082f00000| Complete 
|   8|0x0000000083000000, 0x0000000083100000, 0x0000000083100000|100%|HC|  |TAMS 0x0000000083000000, 0x0000000083000000| Complete 
|   9|0x0000000083100000, 0x0000000083200000, 0x0000000083200000|100%|HC|  |TAMS 0x0000000083100000, 0x0000000083100000| Complete 
|  10|0x0000000083200000, 0x0000000083300000, 0x0000000083300000|100%|HC|  |TAMS 0x0000000083200000, 0x0000000083200000| Complete 
|  11|0x0000000083300000, 0x0000000083400000, 0x0000000083400000|100%|HC|  |TAMS 0x0000000083300000, 0x0000000083300000| Complete 
|  12|0x0000000083400000, 0x0000000083500000, 0x0000000083500000|100%|HS|  |TAMS 0x0000000083400000, 0x0000000083400000| Complete 
|  13|0x0000000083500000, 0x0000000083600000, 0x0000000083600000|100%|HC|  |TAMS 0x0000000083500000, 0x0000000083500000| Complete 
|  14|0x0000000083600000, 0x0000000083700000, 0x0000000083700000|100%|HC|  |TAMS 0x0000000083600000, 0x0000000083600000| Complete 
|  15|0x0000000083700000, 0x0000000083800000, 0x0000000083800000|100%|HC|  |TAMS 0x0000000083700000, 0x0000000083700000| Complete 
|  16|0x0000000083800000, 0x0000000083900000, 0x0000000083900000|100%|HC|  |TAMS 0x0000000083800000, 0x0000000083800000| Complete 
|  17|0x0000000083900000, 0x0000000083a00000, 0x0000000083a00000|100%|HC|  |TAMS 0x0000000083900000, 0x0000000083900000| Complete 
|  18|0x0000000083a00000, 0x0000000083b00000, 0x0000000083b00000|100%|HC|  |TAMS 0x0000000083a00000, 0x0000000083a00000| Complete 
|  19|0x0000000083b00000, 0x0000000083c00000, 0x0000000083c00000|100%|HC|  |TAMS 0x0000000083b00000, 0x0000000083b00000| Complete 
|  20|0x0000000083c00000, 0x0000000083d00000, 0x0000000083d00000|100%|HC|  |TAMS 0x0000000083c00000, 0x0000000083c00000| Complete 
|  21|0x0000000083d00000, 0x0000000083e00000, 0x0000000083e00000|100%|HC|  |TAMS 0x0000000083d00000, 0x0000000083d00000| Complete 
|  22|0x0000000083e00000, 0x0000000083f00000, 0x0000000083f00000|100%|HC|  |TAMS 0x0000000083e00000, 0x0000000083e00000| Complete 
|  23|0x0000000083f00000, 0x0000000084000000, 0x0000000084000000|100%|HC|  |TAMS 0x0000000083f00000, 0x0000000083f00000| Complete 
|  24|0x0000000084000000, 0x0000000084100000, 0x0000000084100000|100%|HS|  |TAMS 0x0000000084000000, 0x0000000084000000| Complete 
|  25|0x0000000084100000, 0x0000000084200000, 0x0000000084200000|100%|HC|  |TAMS 0x0000000084100000, 0x0000000084100000| Complete 
|  26|0x0000000084200000, 0x0000000084300000, 0x0000000084300000|100%|HC|  |TAMS 0x0000000084200000, 0x0000000084200000| Complete 
|  27|0x0000000084300000, 0x0000000084400000, 0x0000000084400000|100%|HC|  |TAMS 0x0000000084300000, 0x0000000084300000| Complete 
|  28|0x0000000084400000, 0x0000000084500000, 0x0000000084500000|100%|HC|  |TAMS 0x0000000084400000, 0x0000000084400000| Complete 
|  29|0x0000000084500000, 0x0000000084600000, 0x0000000084600000|100%|HC|  |TAMS 0x0000000084500000, 0x0000000084500000| Complete 
|  30|0x0000000084600000, 0x0000000084700000, 0x0000000084700000|100%|HC|  |TAMS 0x0000000084600000, 0x0000000084600000| Complete 
|  31|0x0000000084700000, 0x0000000084800000, 0x0000000084800000|100%|HC|  |TAMS 0x0000000084700000, 0x0000000084700000| Complete 
|  32|0x0000000084800000, 0x0000000084900000, 0x0000000084900000|100%|HC|  |TAMS 0x0000000084800000, 0x0000000084800000| Complete 
|  33|0x0000000084900000, 0x0000000084a00000, 0x0000000084a00000|100%|HC|  |TAMS 0x0000000084900000, 0x0000000084900000| Complete 
|  34|0x0000000084a00000, 0x0000000084b00000, 0x0000000084b00000|100%|HC|  |TAMS 0x0000000084a00000, 0x0000000084a00000| Complete 
|  35|0x0000000084b00000, 0x0000000084c00000, 0x0000000084c00000|100%|HC|  |TAMS 0x0000000084b00000, 0x0000000084b00000| Complete 
|  36|0x0000000084c00000, 0x0000000084c00000, 0x0000000084d00000|  0%| F|  |TAMS 0x0000000084c00000, 0x0000000084c00000| Untracked 
|  37|0x0000000084d00000, 0x0000000084d00000, 0x0000000084e00000|  0%| F|  |TAMS 0x0000000084d00000, 0x0000000084d00000| Untracked 
|  38|0x0000000084e00000, 0x0000000084e00000, 0x0000000084f00000|  0%| F|  |TAMS 0x0000000084e00000, 0x0000000084e00000| Untracked 
|  39|0x0000000084f00000, 0x0000000084f00000, 0x0000000085000000|  0%| F|  |TAMS 0x0000000084f00000, 0x0000000084f00000| Untracked 
|  40|0x0000000085000000, 0x0000000085000000, 0x0000000085100000|  0%| F|  |TAMS 0x0000000085000000, 0x0000000085000000| Untracked 
|  41|0x0000000085100000, 0x000000008519a260, 0x0000000085200000| 60%| S|CS|TAMS 0x0000000085100000, 0x0000000085100000| Complete 
|  42|0x0000000085200000, 0x0000000085300000, 0x0000000085300000|100%| S|CS|TAMS 0x0000000085200000, 0x0000000085200000| Complete 
|  43|0x0000000085300000, 0x0000000085400000, 0x0000000085400000|100%| S|CS|TAMS 0x0000000085300000, 0x0000000085300000| Complete 
|  44|0x0000000085400000, 0x0000000085500000, 0x0000000085500000|100%| S|CS|TAMS 0x0000000085400000, 0x0000000085400000| Complete 
|  45|0x0000000085500000, 0x0000000085600000, 0x0000000085600000|100%| S|CS|TAMS 0x0000000085500000, 0x0000000085500000| Complete 
|  46|0x0000000085600000, 0x0000000085700000, 0x0000000085700000|100%| S|CS|TAMS 0x0000000085600000, 0x0000000085600000| Complete 
|  47|0x0000000085700000, 0x0000000085800000, 0x0000000085800000|100%| S|CS|TAMS 0x0000000085700000, 0x0000000085700000| Complete 
|  48|0x0000000085800000, 0x0000000085900000, 0x0000000085900000|100%| S|CS|TAMS 0x0000000085800000, 0x0000000085800000| Complete 
|  49|0x0000000085900000, 0x0000000085a00000, 0x0000000085a00000|100%| S|CS|TAMS 0x0000000085900000, 0x0000000085900000| Complete 
|  50|0x0000000085a00000, 0x0000000085b00000, 0x0000000085b00000|100%| S|CS|TAMS 0x0000000085a00000, 0x0000000085a00000| Complete 
|  51|0x0000000085b00000, 0x0000000085b00000, 0x0000000085c00000|  0%| F|  |TAMS 0x0000000085b00000, 0x0000000085b00000| Untracked 
|  52|0x0000000085c00000, 0x0000000085c00000, 0x0000000085d00000|  0%| F|  |TAMS 0x0000000085c00000, 0x0000000085c00000| Untracked 
|  53|0x0000000085d00000, 0x0000000085d00000, 0x0000000085e00000|  0%| F|  |TAMS 0x0000000085d00000, 0x0000000085d00000| Untracked 
|  54|0x0000000085e00000, 0x0000000085e00000, 0x0000000085f00000|  0%| F|  |TAMS 0x0000000085e00000, 0x0000000085e00000| Untracked 
|  55|0x0000000085f00000, 0x0000000085f00000, 0x0000000086000000|  0%| F|  |TAMS 0x0000000085f00000, 0x0000000085f00000| Untracked 
|  56|0x0000000086000000, 0x0000000086000000, 0x0000000086100000|  0%| F|  |TAMS 0x0000000086000000, 0x0000000086000000| Untracked 
|  57|0x0000000086100000, 0x0000000086100000, 0x0000000086200000|  0%| F|  |TAMS 0x0000000086100000, 0x0000000086100000| Untracked 
|  58|0x0000000086200000, 0x0000000086200000, 0x0000000086300000|  0%| F|  |TAMS 0x0000000086200000, 0x0000000086200000| Untracked 
|  59|0x0000000086300000, 0x0000000086300000, 0x0000000086400000|  0%| F|  |TAMS 0x0000000086300000, 0x0000000086300000| Untracked 
|  60|0x0000000086400000, 0x0000000086400000, 0x0000000086500000|  0%| F|  |TAMS 0x0000000086400000, 0x0000000086400000| Untracked 
|  61|0x0000000086500000, 0x0000000086500000, 0x0000000086600000|  0%| F|  |TAMS 0x0000000086500000, 0x0000000086500000| Untracked 
|  62|0x0000000086600000, 0x0000000086600000, 0x0000000086700000|  0%| F|  |TAMS 0x0000000086600000, 0x0000000086600000| Untracked 
|  63|0x0000000086700000, 0x0000000086700000, 0x0000000086800000|  0%| F|  |TAMS 0x0000000086700000, 0x0000000086700000| Untracked 
|  64|0x0000000086800000, 0x0000000086800000, 0x0000000086900000|  0%| F|  |TAMS 0x0000000086800000, 0x0000000086800000| Untracked 
|  65|0x0000000086900000, 0x0000000086900000, 0x0000000086a00000|  0%| F|  |TAMS 0x0000000086900000, 0x0000000086900000| Untracked 
|  66|0x0000000086a00000, 0x0000000086a00000, 0x0000000086b00000|  0%| F|  |TAMS 0x0000000086a00000, 0x0000000086a00000| Untracked 
|  67|0x0000000086b00000, 0x0000000086b00000, 0x0000000086c00000|  0%| F|  |TAMS 0x0000000086b00000, 0x0000000086b00000| Untracked 
|  68|0x0000000086c00000, 0x0000000086c00000, 0x0000000086d00000|  0%| F|  |TAMS 0x0000000086c00000, 0x0000000086c00000| Untracked 
|  69|0x0000000086d00000, 0x0000000086d00000, 0x0000000086e00000|  0%| F|  |TAMS 0x0000000086d00000, 0x0000000086d00000| Untracked 
|  70|0x0000000086e00000, 0x0000000086e00000, 0x0000000086f00000|  0%| F|  |TAMS 0x0000000086e00000, 0x0000000086e00000| Untracked 
|  71|0x0000000086f00000, 0x0000000086f00000, 0x0000000087000000|  0%| F|  |TAMS 0x0000000086f00000, 0x0000000086f00000| Untracked 
|  72|0x0000000087000000, 0x0000000087000000, 0x0000000087100000|  0%| F|  |TAMS 0x0000000087000000, 0x0000000087000000| Untracked 
|  73|0x0000000087100000, 0x0000000087100000, 0x0000000087200000|  0%| F|  |TAMS 0x0000000087100000, 0x0000000087100000| Untracked 
|  74|0x0000000087200000, 0x0000000087200000, 0x0000000087300000|  0%| F|  |TAMS 0x0000000087200000, 0x0000000087200000| Untracked 
|  75|0x0000000087300000, 0x0000000087300000, 0x0000000087400000|  0%| F|  |TAMS 0x0000000087300000, 0x0000000087300000| Untracked 
|  76|0x0000000087400000, 0x0000000087400000, 0x0000000087500000|  0%| F|  |TAMS 0x0000000087400000, 0x0000000087400000| Untracked 
|  77|0x0000000087500000, 0x0000000087500000, 0x0000000087600000|  0%| F|  |TAMS 0x0000000087500000, 0x0000000087500000| Untracked 
|  78|0x0000000087600000, 0x0000000087600000, 0x0000000087700000|  0%| F|  |TAMS 0x0000000087600000, 0x0000000087600000| Untracked 
|  79|0x0000000087700000, 0x0000000087700000, 0x0000000087800000|  0%| F|  |TAMS 0x0000000087700000, 0x0000000087700000| Untracked 
|  80|0x0000000087800000, 0x0000000087800000, 0x0000000087900000|  0%| F|  |TAMS 0x0000000087800000, 0x0000000087800000| Untracked 
|  81|0x0000000087900000, 0x0000000087900000, 0x0000000087a00000|  0%| F|  |TAMS 0x0000000087900000, 0x0000000087900000| Untracked 
|  82|0x0000000087a00000, 0x0000000087a00000, 0x0000000087b00000|  0%| F|  |TAMS 0x0000000087a00000, 0x0000000087a00000| Untracked 
|  83|0x0000000087b00000, 0x0000000087b00000, 0x0000000087c00000|  0%| F|  |TAMS 0x0000000087b00000, 0x0000000087b00000| Untracked 
|  84|0x0000000087c00000, 0x0000000087c00000, 0x0000000087d00000|  0%| F|  |TAMS 0x0000000087c00000, 0x0000000087c00000| Untracked 
|  85|0x0000000087d00000, 0x0000000087d00000, 0x0000000087e00000|  0%| F|  |TAMS 0x0000000087d00000, 0x0000000087d00000| Untracked 
|  86|0x0000000087e00000, 0x0000000087e00000, 0x0000000087f00000|  0%| F|  |TAMS 0x0000000087e00000, 0x0000000087e00000| Untracked 
|  87|0x0000000087f00000, 0x0000000087f00000, 0x0000000088000000|  0%| F|  |TAMS 0x0000000087f00000, 0x0000000087f00000| Untracked 
|  88|0x0000000088000000, 0x0000000088000000, 0x0000000088100000|  0%| F|  |TAMS 0x0000000088000000, 0x0000000088000000| Untracked 
|  89|0x0000000088100000, 0x0000000088100000, 0x0000000088200000|  0%| F|  |TAMS 0x0000000088100000, 0x0000000088100000| Untracked 
|  90|0x0000000088200000, 0x0000000088200000, 0x0000000088300000|  0%| F|  |TAMS 0x0000000088200000, 0x0000000088200000| Untracked 
|  91|0x0000000088300000, 0x0000000088300000, 0x0000000088400000|  0%| F|  |TAMS 0x0000000088300000, 0x0000000088300000| Untracked 
|  92|0x0000000088400000, 0x0000000088400000, 0x0000000088500000|  0%| F|  |TAMS 0x0000000088400000, 0x0000000088400000| Untracked 
|  93|0x0000000088500000, 0x0000000088500000, 0x0000000088600000|  0%| F|  |TAMS 0x0000000088500000, 0x0000000088500000| Untracked 
|  94|0x0000000088600000, 0x0000000088600000, 0x0000000088700000|  0%| F|  |TAMS 0x0000000088600000, 0x0000000088600000| Untracked 
|  95|0x0000000088700000, 0x0000000088700000, 0x0000000088800000|  0%| F|  |TAMS 0x0000000088700000, 0x0000000088700000| Untracked 
|  96|0x0000000088800000, 0x0000000088800000, 0x0000000088900000|  0%| F|  |TAMS 0x0000000088800000, 0x0000000088800000| Untracked 
|  97|0x0000000088900000, 0x0000000088900000, 0x0000000088a00000|  0%| F|  |TAMS 0x0000000088900000, 0x0000000088900000| Untracked 
|  98|0x0000000088a00000, 0x0000000088a00000, 0x0000000088b00000|  0%| F|  |TAMS 0x0000000088a00000, 0x0000000088a00000| Untracked 
|  99|0x0000000088b00000, 0x0000000088c00000, 0x0000000088c00000|100%| E|  |TAMS 0x0000000088b00000, 0x0000000088b00000| Complete 
| 100|0x0000000088c00000, 0x0000000088d00000, 0x0000000088d00000|100%| E|CS|TAMS 0x0000000088c00000, 0x0000000088c00000| Complete 
| 101|0x0000000088d00000, 0x0000000088e00000, 0x0000000088e00000|100%| E|CS|TAMS 0x0000000088d00000, 0x0000000088d00000| Complete 
| 102|0x0000000088e00000, 0x0000000088f00000, 0x0000000088f00000|100%| E|CS|TAMS 0x0000000088e00000, 0x0000000088e00000| Complete 
| 103|0x0000000088f00000, 0x0000000089000000, 0x0000000089000000|100%| E|CS|TAMS 0x0000000088f00000, 0x0000000088f00000| Complete 
| 104|0x0000000089000000, 0x0000000089100000, 0x0000000089100000|100%| E|CS|TAMS 0x0000000089000000, 0x0000000089000000| Complete 
| 105|0x0000000089100000, 0x0000000089200000, 0x0000000089200000|100%| E|CS|TAMS 0x0000000089100000, 0x0000000089100000| Complete 
| 106|0x0000000089200000, 0x0000000089300000, 0x0000000089300000|100%| E|CS|TAMS 0x0000000089200000, 0x0000000089200000| Complete 
| 107|0x0000000089300000, 0x0000000089400000, 0x0000000089400000|100%| E|CS|TAMS 0x0000000089300000, 0x0000000089300000| Complete 
| 108|0x0000000089400000, 0x0000000089500000, 0x0000000089500000|100%| E|CS|TAMS 0x0000000089400000, 0x0000000089400000| Complete 
| 109|0x0000000089500000, 0x0000000089600000, 0x0000000089600000|100%| E|CS|TAMS 0x0000000089500000, 0x0000000089500000| Complete 
| 110|0x0000000089600000, 0x0000000089700000, 0x0000000089700000|100%| E|CS|TAMS 0x0000000089600000, 0x0000000089600000| Complete 
| 111|0x0000000089700000, 0x0000000089800000, 0x0000000089800000|100%| E|CS|TAMS 0x0000000089700000, 0x0000000089700000| Complete 
| 112|0x0000000089800000, 0x0000000089900000, 0x0000000089900000|100%| E|CS|TAMS 0x0000000089800000, 0x0000000089800000| Complete 
| 113|0x0000000089900000, 0x0000000089a00000, 0x0000000089a00000|100%| E|CS|TAMS 0x0000000089900000, 0x0000000089900000| Complete 
| 114|0x0000000089a00000, 0x0000000089b00000, 0x0000000089b00000|100%| E|CS|TAMS 0x0000000089a00000, 0x0000000089a00000| Complete 
| 115|0x0000000089b00000, 0x0000000089c00000, 0x0000000089c00000|100%| E|CS|TAMS 0x0000000089b00000, 0x0000000089b00000| Complete 
| 116|0x0000000089c00000, 0x0000000089d00000, 0x0000000089d00000|100%| E|CS|TAMS 0x0000000089c00000, 0x0000000089c00000| Complete 
| 117|0x0000000089d00000, 0x0000000089e00000, 0x0000000089e00000|100%| E|CS|TAMS 0x0000000089d00000, 0x0000000089d00000| Complete 
| 118|0x0000000089e00000, 0x0000000089f00000, 0x0000000089f00000|100%| E|CS|TAMS 0x0000000089e00000, 0x0000000089e00000| Complete 
| 119|0x0000000089f00000, 0x000000008a000000, 0x000000008a000000|100%| E|CS|TAMS 0x0000000089f00000, 0x0000000089f00000| Complete 
| 120|0x000000008a000000, 0x000000008a100000, 0x000000008a100000|100%| E|CS|TAMS 0x000000008a000000, 0x000000008a000000| Complete 
| 121|0x000000008a100000, 0x000000008a200000, 0x000000008a200000|100%| E|CS|TAMS 0x000000008a100000, 0x000000008a100000| Complete 
| 122|0x000000008a200000, 0x000000008a300000, 0x000000008a300000|100%| E|CS|TAMS 0x000000008a200000, 0x000000008a200000| Complete 
| 123|0x000000008a300000, 0x000000008a400000, 0x000000008a400000|100%| E|CS|TAMS 0x000000008a300000, 0x000000008a300000| Complete 
| 124|0x000000008a400000, 0x000000008a500000, 0x000000008a500000|100%| E|CS|TAMS 0x000000008a400000, 0x000000008a400000| Complete 
| 125|0x000000008a500000, 0x000000008a600000, 0x000000008a600000|100%| E|CS|TAMS 0x000000008a500000, 0x000000008a500000| Complete 

Card table byte_map: [0x0000023b20ff0000,0x0000023b213e0000] _byte_map_base: 0x0000023b20bdc000

Marking Bits (Prev, Next): (CMBitMap*) 0x0000023b07abf960, (CMBitMap*) 0x0000023b07abf9a0
 Prev Bits: [0x0000023b217d0000, 0x0000023b23730000)
 Next Bits: [0x0000023b23730000, 0x0000023b25690000)

Polling page: 0x0000023b07b30000

Metaspace:

Usage:
  Non-class:     13.02 MB used.
      Class:      1.55 MB used.
       Both:     14.57 MB used.

Virtual space:
  Non-class space:       64.00 MB reserved,      13.12 MB ( 21%) committed,  1 nodes.
      Class space:        1.00 GB reserved,       1.69 MB ( <1%) committed,  1 nodes.
             Both:        1.06 GB reserved,      14.81 MB (  1%) committed. 

Chunk freelists:
   Non-Class:  2.33 MB
       Class:  2.13 MB
        Both:  4.45 MB

MaxMetaspaceSize: unlimited
CompressedClassSpaceSize: 1.00 GB
Initial GC threshold: 21.00 MB
Current GC threshold: 21.00 MB
CDS: on
MetaspaceReclaimPolicy: balanced
 - commit_granule_bytes: 65536.
 - commit_granule_words: 8192.
 - virtual_space_node_default_size: 8388608.
 - enlarge_chunks_in_place: 1.
 - new_chunks_are_fully_committed: 0.
 - uncommit_free_chunks: 1.
 - use_allocation_guard: 0.


Internal statistics:

num_allocs_failed_limit: 0.
num_arena_births: 252.
num_arena_deaths: 0.
num_vsnodes_births: 2.
num_vsnodes_deaths: 0.
num_space_committed: 237.
num_space_uncommitted: 0.
num_chunks_returned_to_freelist: 0.
num_chunks_taken_from_freelist: 748.
num_chunk_merges: 0.
num_chunk_splits: 539.
num_chunks_enlarged: 408.
num_inconsistent_stats: 0.

CodeHeap 'non-profiled nmethods': size=120000Kb used=2140Kb max_used=2140Kb free=117859Kb
 bounds [0x0000023b18c60000, 0x0000023b18ed0000, 0x0000023b20190000]
CodeHeap 'profiled nmethods': size=120000Kb used=8178Kb max_used=8178Kb free=111821Kb
 bounds [0x0000023b11190000, 0x0000023b11990000, 0x0000023b186c0000]
CodeHeap 'non-nmethods': size=5760Kb used=1276Kb max_used=1346Kb free=4483Kb
 bounds [0x0000023b186c0000, 0x0000023b18930000, 0x0000023b18c60000]
 total_blobs=4430 nmethods=3944 adapters=396
 compilation: enabled
              stopped_count=0, restarted_count=0
 full_count=0

Compilation events (20 events):
Event: 239.865 Thread 0x0000023b281415c0 nmethod 3953 0x0000023b18e75e90 code [0x0000023b18e76020, 0x0000023b18e761f8]
Event: 240.788 Thread 0x0000023b28142820 3969       3       org.apache.maven.model.interpolation.StringVisitorModelInterpolator$ModelVisitor::visit (42 bytes)
Event: 240.818 Thread 0x0000023b28142820 nmethod 3969 0x0000023b11987f10 code [0x0000023b11988140, 0x0000023b11988a98]
Event: 241.288 Thread 0x0000023b281415c0 3970   !   4       java.io.BufferedInputStream::read (54 bytes)
Event: 241.370 Thread 0x0000023b28142820 3971       3       java.util.Formatter$FixedString::<init> (20 bytes)
Event: 241.371 Thread 0x0000023b28142820 nmethod 3971 0x0000023b11988d10 code [0x0000023b11988ec0, 0x0000023b11989078]
Event: 241.371 Thread 0x0000023b28142820 3972       3       java.util.Formatter$FixedString::print (23 bytes)
Event: 241.371 Thread 0x0000023b28142820 nmethod 3972 0x0000023b11989110 code [0x0000023b119892c0, 0x0000023b119894a8]
Event: 241.371 Thread 0x0000023b28142820 3973       3       java.lang.StringBuilder::append (8 bytes)
Event: 241.371 Thread 0x0000023b28142820 nmethod 3973 0x0000023b11989590 code [0x0000023b11989740, 0x0000023b119898e8]
Event: 241.571 Thread 0x0000023b281415c0 nmethod 3970 0x0000023b18e76310 code [0x0000023b18e764e0, 0x0000023b18e76970]
Event: 241.826 Thread 0x0000023b28142820 3974   !   3       org.apache.maven.model.IssueManagement::clone (73 bytes)
Event: 241.828 Thread 0x0000023b28142820 nmethod 3974 0x0000023b11989a10 code [0x0000023b11989cc0, 0x0000023b1198a9a8]
Event: 242.106 Thread 0x0000023b28142820 3975       1       org.apache.maven.model.ReportSet::getId (5 bytes)
Event: 242.106 Thread 0x0000023b28142820 nmethod 3975 0x0000023b18e76e10 code [0x0000023b18e76fa0, 0x0000023b18e77058]
Event: 242.769 Thread 0x0000023b28142820 3976       3       java.util.regex.Pattern$BitClass::add (97 bytes)
Event: 242.775 Thread 0x0000023b28142820 nmethod 3976 0x0000023b1198af10 code [0x0000023b1198b160, 0x0000023b1198bab8]
Event: 253.103 Thread 0x0000023b28142820 3977       3       org.apache.maven.model.inheritance.DefaultInheritanceAssembler$InheritanceModelMerger::extrapolateChildUrl (59 bytes)
Event: 253.870 Thread 0x0000023b28142820 nmethod 3977 0x0000023b1198be90 code [0x0000023b1198c0a0, 0x0000023b1198c698]
Event: 257.138 Thread 0x0000023b28142820 3979       3       org.apache.maven.model.management.DefaultPluginManagementInjector$ManagementModelMerger::mergePluginContainerPlugins (168 bytes)

GC Heap History (6 events):
Event: 1.965 GC heap before
{Heap before GC invocations=0 (full 0):
 garbage-first heap   total 129024K, used 23552K [0x0000000082800000, 0x0000000100000000)
  region size 1024K, 23 young (23552K), 0 survivors (0K)
 Metaspace       used 5015K, committed 5184K, reserved 1114112K
  class space    used 560K, committed 640K, reserved 1048576K
}
Event: 1.976 GC heap after
{Heap after GC invocations=1 (full 0):
 garbage-first heap   total 129024K, used 3575K [0x0000000082800000, 0x0000000100000000)
  region size 1024K, 3 young (3072K), 3 survivors (3072K)
 Metaspace       used 5015K, committed 5184K, reserved 1114112K
  class space    used 560K, committed 640K, reserved 1048576K
}
Event: 4.950 GC heap before
{Heap before GC invocations=1 (full 0):
 garbage-first heap   total 129024K, used 35319K [0x0000000082800000, 0x0000000100000000)
  region size 1024K, 34 young (34816K), 3 survivors (3072K)
 Metaspace       used 10352K, committed 10560K, reserved 1114112K
  class space    used 1222K, committed 1344K, reserved 1048576K
}
Event: 4.961 GC heap after
{Heap after GC invocations=2 (full 0):
 garbage-first heap   total 129024K, used 5988K [0x0000000082800000, 0x0000000100000000)
  region size 1024K, 3 young (3072K), 3 survivors (3072K)
 Metaspace       used 10352K, committed 10560K, reserved 1114112K
  class space    used 1222K, committed 1344K, reserved 1048576K
}
Event: 217.238 GC heap before
{Heap before GC invocations=2 (full 0):
 garbage-first heap   total 129024K, used 79716K [0x0000000082800000, 0x0000000100000000)
  region size 1024K, 75 young (76800K), 3 survivors (3072K)
 Metaspace       used 13450K, committed 13760K, reserved 1114112K
  class space    used 1465K, committed 1600K, reserved 1048576K
}
Event: 217.446 GC heap after
{Heap after GC invocations=3 (full 0):
 garbage-first heap   total 129024K, used 13248K [0x0000000082800000, 0x0000000100000000)
  region size 1024K, 10 young (10240K), 10 survivors (10240K)
 Metaspace       used 13450K, committed 13760K, reserved 1114112K
  class space    used 1465K, committed 1600K, reserved 1048576K
}

Dll operation events (8 events):
Event: 0.009 Loaded shared library C:\Program Files\Java\jdk-19\bin\java.dll
Event: 0.055 Loaded shared library C:\Program Files\Java\jdk-19\bin\jsvml.dll
Event: 0.255 Loaded shared library C:\Program Files\Java\jdk-19\bin\net.dll
Event: 0.260 Loaded shared library C:\Program Files\Java\jdk-19\bin\nio.dll
Event: 0.282 Loaded shared library C:\Program Files\Java\jdk-19\bin\zip.dll
Event: 0.552 Loaded shared library C:\Program Files\Java\jdk-19\bin\jimage.dll
Event: 0.577 Loaded shared library C:\Users\User\Desktop\NETBEAN\NetBeans-15\netbeans\java\maven\lib\jansi-native\Windows\x86_64\jansi.dll
Event: 0.594 Loaded shared library C:\Program Files\Java\jdk-19\bin\verify.dll

Deoptimization events (20 events):
Event: 236.731 Thread 0x0000023b07a5f460 Uncommon trap: trap_request=0xffffffde fr.pc=0x0000023b18e52cc4 relative=0x00000000000002e4
Event: 236.731 Thread 0x0000023b07a5f460 Uncommon trap: reason=class_check action=maybe_recompile pc=0x0000023b18e52cc4 method=org.eclipse.sisu.wire.EntryListAdapter$ValueIterator.next()Ljava/lang/Object; @ 4 c2
Event: 236.731 Thread 0x0000023b07a5f460 DEOPT PACKING pc=0x0000023b18e52cc4 sp=0x000000a5eb8fe3f0
Event: 236.731 Thread 0x0000023b07a5f460 DEOPT UNPACKING pc=0x0000023b18726da3 sp=0x000000a5eb8fe3c0 mode 2
Event: 239.066 Thread 0x0000023b07a5f460 Uncommon trap: trap_request=0xffffffbe fr.pc=0x0000023b18e6ec1c relative=0x00000000000002fc
Event: 239.127 Thread 0x0000023b07a5f460 Uncommon trap: reason=profile_predicate action=maybe_recompile pc=0x0000023b18e6ec1c method=java.util.HashMap.keysToArray([Ljava/lang/Object;)[Ljava/lang/Object; @ 36 c2
Event: 239.127 Thread 0x0000023b07a5f460 DEOPT PACKING pc=0x0000023b18e6ec1c sp=0x000000a5eb8fcd60
Event: 239.127 Thread 0x0000023b07a5f460 DEOPT UNPACKING pc=0x0000023b18726da3 sp=0x000000a5eb8fcd00 mode 2
Event: 239.127 Thread 0x0000023b07a5f460 Uncommon trap: trap_request=0xffffffbe fr.pc=0x0000023b18e6ec1c relative=0x00000000000002fc
Event: 239.127 Thread 0x0000023b07a5f460 Uncommon trap: reason=profile_predicate action=maybe_recompile pc=0x0000023b18e6ec1c method=java.util.HashMap.keysToArray([Ljava/lang/Object;)[Ljava/lang/Object; @ 36 c2
Event: 239.127 Thread 0x0000023b07a5f460 DEOPT PACKING pc=0x0000023b18e6ec1c sp=0x000000a5eb8fcd60
Event: 239.127 Thread 0x0000023b07a5f460 DEOPT UNPACKING pc=0x0000023b18726da3 sp=0x000000a5eb8fcd00 mode 2
Event: 239.127 Thread 0x0000023b07a5f460 Uncommon trap: trap_request=0xffffffbe fr.pc=0x0000023b18e6ec1c relative=0x00000000000002fc
Event: 239.127 Thread 0x0000023b07a5f460 Uncommon trap: reason=profile_predicate action=maybe_recompile pc=0x0000023b18e6ec1c method=java.util.HashMap.keysToArray([Ljava/lang/Object;)[Ljava/lang/Object; @ 36 c2
Event: 239.127 Thread 0x0000023b07a5f460 DEOPT PACKING pc=0x0000023b18e6ec1c sp=0x000000a5eb8fcd60
Event: 239.127 Thread 0x0000023b07a5f460 DEOPT UNPACKING pc=0x0000023b18726da3 sp=0x000000a5eb8fcd00 mode 2
Event: 239.127 Thread 0x0000023b07a5f460 Uncommon trap: trap_request=0xffffffbe fr.pc=0x0000023b18e6ec1c relative=0x00000000000002fc
Event: 239.127 Thread 0x0000023b07a5f460 Uncommon trap: reason=profile_predicate action=maybe_recompile pc=0x0000023b18e6ec1c method=java.util.HashMap.keysToArray([Ljava/lang/Object;)[Ljava/lang/Object; @ 36 c2
Event: 239.127 Thread 0x0000023b07a5f460 DEOPT PACKING pc=0x0000023b18e6ec1c sp=0x000000a5eb8fd0b0
Event: 239.127 Thread 0x0000023b07a5f460 DEOPT UNPACKING pc=0x0000023b18726da3 sp=0x000000a5eb8fd050 mode 2

Classes loaded (20 events):
Event: 235.362 Loading class java/nio/channels/SocketChannel done
Event: 235.362 Loading class sun/nio/ch/SocketChannelImpl done
Event: 235.362 Loading class sun/nio/ch/ChannelInputStream
Event: 235.363 Loading class sun/nio/ch/ChannelInputStream done
Event: 235.512 Loading class sun/nio/ch/NativeThread
Event: 235.513 Loading class sun/nio/ch/NativeThread done
Event: 235.513 Loading class sun/nio/ch/Util
Event: 235.515 Loading class sun/nio/ch/Util done
Event: 235.515 Loading class sun/nio/ch/Util$1
Event: 235.516 Loading class sun/nio/ch/Util$1 done
Event: 235.516 Loading class sun/nio/ch/Util$BufferCache
Event: 235.516 Loading class sun/nio/ch/Util$BufferCache done
Event: 235.517 Loading class java/nio/DirectByteBuffer$Deallocator
Event: 235.517 Loading class java/nio/DirectByteBuffer$Deallocator done
Event: 235.520 Loading class sun/nio/ch/IOStatus
Event: 235.520 Loading class sun/nio/ch/IOStatus done
Event: 235.927 Loading class java/nio/BufferMismatch
Event: 235.935 Loading class java/nio/BufferMismatch done
Event: 235.936 Loading class java/nio/file/attribute/PosixFileAttributes
Event: 235.973 Loading class java/nio/file/attribute/PosixFileAttributes done

Classes unloaded (0 events):
No events

Classes redefined (0 events):
No events

Internal exceptions (20 events):
Event: 236.670 Thread 0x0000023b07a5f460 Exception <a 'java/io/IOException'{0x00000000890f6d20}> (0x00000000890f6d20) 
thrown [s\open\src\hotspot\share\prims\jni.cpp, line 517]
Event: 236.671 Thread 0x0000023b07a5f460 Exception <a 'java/io/IOException'{0x00000000890f7320}> (0x00000000890f7320) 
thrown [s\open\src\hotspot\share\prims\jni.cpp, line 517]
Event: 236.671 Thread 0x0000023b07a5f460 Exception <a 'java/io/IOException'{0x00000000890f78e8}> (0x00000000890f78e8) 
thrown [s\open\src\hotspot\share\prims\jni.cpp, line 517]
Event: 236.672 Thread 0x0000023b07a5f460 Exception <a 'java/io/IOException'{0x00000000890f7eb0}> (0x00000000890f7eb0) 
thrown [s\open\src\hotspot\share\prims\jni.cpp, line 517]
Event: 236.866 Thread 0x0000023b07a5f460 Exception <a 'java/io/IOException'{0x0000000088f27620}> (0x0000000088f27620) 
thrown [s\open\src\hotspot\share\prims\jni.cpp, line 517]
Event: 236.866 Thread 0x0000023b07a5f460 Exception <a 'java/io/IOException'{0x0000000088f27c20}> (0x0000000088f27c20) 
thrown [s\open\src\hotspot\share\prims\jni.cpp, line 517]
Event: 236.866 Thread 0x0000023b07a5f460 Exception <a 'java/io/IOException'{0x0000000088f281e8}> (0x0000000088f281e8) 
thrown [s\open\src\hotspot\share\prims\jni.cpp, line 517]
Event: 236.866 Thread 0x0000023b07a5f460 Exception <a 'java/io/IOException'{0x0000000088f287b0}> (0x0000000088f287b0) 
thrown [s\open\src\hotspot\share\prims\jni.cpp, line 517]
Event: 237.044 Thread 0x0000023b07a5f460 Exception <a 'java/io/IOException'{0x0000000088f32158}> (0x0000000088f32158) 
thrown [s\open\src\hotspot\share\prims\jni.cpp, line 517]
Event: 237.044 Thread 0x0000023b07a5f460 Exception <a 'java/io/IOException'{0x0000000088f32758}> (0x0000000088f32758) 
thrown [s\open\src\hotspot\share\prims\jni.cpp, line 517]
Event: 237.044 Thread 0x0000023b07a5f460 Exception <a 'java/io/IOException'{0x0000000088f32d20}> (0x0000000088f32d20) 
thrown [s\open\src\hotspot\share\prims\jni.cpp, line 517]
Event: 237.044 Thread 0x0000023b07a5f460 Exception <a 'java/io/IOException'{0x0000000088f332e8}> (0x0000000088f332e8) 
thrown [s\open\src\hotspot\share\prims\jni.cpp, line 517]
Event: 237.044 Thread 0x0000023b07a5f460 Exception <a 'java/io/IOException'{0x0000000088f33ba8}> (0x0000000088f33ba8) 
thrown [s\open\src\hotspot\share\prims\jni.cpp, line 517]
Event: 237.044 Thread 0x0000023b07a5f460 Exception <a 'java/io/IOException'{0x0000000088f341a8}> (0x0000000088f341a8) 
thrown [s\open\src\hotspot\share\prims\jni.cpp, line 517]
Event: 237.044 Thread 0x0000023b07a5f460 Exception <a 'java/io/IOException'{0x0000000088f34770}> (0x0000000088f34770) 
thrown [s\open\src\hotspot\share\prims\jni.cpp, line 517]
Event: 237.044 Thread 0x0000023b07a5f460 Exception <a 'java/io/IOException'{0x0000000088f34d38}> (0x0000000088f34d38) 
thrown [s\open\src\hotspot\share\prims\jni.cpp, line 517]
Event: 237.045 Thread 0x0000023b07a5f460 Exception <a 'java/io/IOException'{0x0000000088f36060}> (0x0000000088f36060) 
thrown [s\open\src\hotspot\share\prims\jni.cpp, line 517]
Event: 237.045 Thread 0x0000023b07a5f460 Exception <a 'java/io/IOException'{0x0000000088f36660}> (0x0000000088f36660) 
thrown [s\open\src\hotspot\share\prims\jni.cpp, line 517]
Event: 237.045 Thread 0x0000023b07a5f460 Exception <a 'java/io/IOException'{0x0000000088f36c28}> (0x0000000088f36c28) 
thrown [s\open\src\hotspot\share\prims\jni.cpp, line 517]
Event: 237.045 Thread 0x0000023b07a5f460 Exception <a 'java/io/IOException'{0x0000000088f371f0}> (0x0000000088f371f0) 
thrown [s\open\src\hotspot\share\prims\jni.cpp, line 517]

VM Operations (20 events):
Event: 231.256 Executing VM operation: Cleanup
Event: 231.485 Executing VM operation: Cleanup done
Event: 231.487 Executing VM operation: HandshakeAllThreads
Event: 231.488 Executing VM operation: HandshakeAllThreads done
Event: 232.554 Executing VM operation: Cleanup
Event: 232.555 Executing VM operation: Cleanup done
Event: 233.568 Executing VM operation: Cleanup
Event: 233.601 Executing VM operation: Cleanup done
Event: 235.667 Executing VM operation: Cleanup
Event: 235.740 Executing VM operation: Cleanup done
Event: 236.771 Executing VM operation: Cleanup
Event: 236.846 Executing VM operation: Cleanup done
Event: 237.855 Executing VM operation: Cleanup
Event: 237.878 Executing VM operation: Cleanup done
Event: 239.004 Executing VM operation: Cleanup
Event: 239.004 Executing VM operation: Cleanup done
Event: 240.024 Executing VM operation: Cleanup
Event: 240.024 Executing VM operation: Cleanup done
Event: 241.035 Executing VM operation: Cleanup
Event: 241.099 Executing VM operation: Cleanup done

Events (18 events):
Event: 0.056 Thread 0x0000023b07a5f460 Thread added: 0x0000023b07a5f460
Event: 0.183 Thread 0x0000023b281392a0 Thread added: 0x0000023b281392a0
Event: 0.183 Thread 0x0000023b2813be80 Thread added: 0x0000023b2813be80
Event: 0.184 Thread 0x0000023b2813edd0 Thread added: 0x0000023b2813edd0
Event: 0.184 Thread 0x0000023b2813f700 Thread added: 0x0000023b2813f700
Event: 0.184 Thread 0x0000023b28140030 Thread added: 0x0000023b28140030
Event: 0.184 Thread 0x0000023b28140960 Thread added: 0x0000023b28140960
Event: 0.184 Thread 0x0000023b281415c0 Thread added: 0x0000023b281415c0
Event: 0.184 Thread 0x0000023b28142820 Thread added: 0x0000023b28142820
Event: 0.185 Thread 0x0000023b2819e680 Thread added: 0x0000023b2819e680
Event: 0.216 Thread 0x0000023b2c4e0c20 Thread added: 0x0000023b2c4e0c20
Event: 0.234 Thread 0x0000023b2c4e75f0 Thread added: 0x0000023b2c4e75f0
Event: 1.741 Thread 0x0000023b2c9fe2f0 Thread added: 0x0000023b2c9fe2f0
Event: 1.745 Thread 0x0000023b2cbc49e0 Thread added: 0x0000023b2cbc49e0
Event: 2.275 Thread 0x0000023b2cbc49e0 Thread exited: 0x0000023b2cbc49e0
Event: 2.570 Thread 0x0000023b2c9fe2f0 Thread exited: 0x0000023b2c9fe2f0
Event: 4.962 Thread 0x0000023b2d878480 Thread added: 0x0000023b2d878480
Event: 5.189 Thread 0x0000023b2d878480 Thread exited: 0x0000023b2d878480


Dynamic libraries:
0x00007ff75d2a0000 - 0x00007ff75d2b0000 	C:\Program Files\Java\jdk-19\bin\java.exe
0x00007ffd17dc0000 - 0x00007ffd17fc9000 	C:\WINDOWS\SYSTEM32\ntdll.dll
0x00007ffd16ad0000 - 0x00007ffd16b8e000 	C:\WINDOWS\System32\KERNEL32.DLL
0x00007ffd15870000 - 0x00007ffd15bf4000 	C:\WINDOWS\System32\KERNELBASE.dll
0x00007ffd15270000 - 0x00007ffd15381000 	C:\WINDOWS\System32\ucrtbase.dll
0x00007ffd12330000 - 0x00007ffd1234b000 	C:\Program Files\Java\jdk-19\bin\VCRUNTIME140.dll
0x00007ffcfb4c0000 - 0x00007ffcfb4d8000 	C:\Program Files\Java\jdk-19\bin\jli.dll
0x00007ffd177a0000 - 0x00007ffd1784f000 	C:\WINDOWS\System32\ADVAPI32.dll
0x00007ffd176d0000 - 0x00007ffd17773000 	C:\WINDOWS\System32\msvcrt.dll
0x00007ffd17630000 - 0x00007ffd176ce000 	C:\WINDOWS\System32\sechost.dll
0x00007ffd16910000 - 0x00007ffd16a31000 	C:\WINDOWS\System32\RPCRT4.dll
0x00007ffd15cd0000 - 0x00007ffd15e7d000 	C:\WINDOWS\System32\USER32.dll
0x00007ffd15c00000 - 0x00007ffd15c26000 	C:\WINDOWS\System32\win32u.dll
0x00007ffd16c70000 - 0x00007ffd16c9a000 	C:\WINDOWS\System32\GDI32.dll
0x00007ffd15540000 - 0x00007ffd1565f000 	C:\WINDOWS\System32\gdi32full.dll
0x00007ffcff340000 - 0x00007ffcff5e5000 	C:\WINDOWS\WinSxS\amd64_microsoft.windows.common-controls_6595b64144ccf1df_6.0.22000.120_none_9d947278b86cc467\COMCTL32.dll
0x00007ffd15660000 - 0x00007ffd156fd000 	C:\WINDOWS\System32\msvcp_win.dll
0x00007ffd0f3f0000 - 0x00007ffd0f3fa000 	C:\WINDOWS\SYSTEM32\VERSION.dll
0x00007ffd15c90000 - 0x00007ffd15cc1000 	C:\WINDOWS\System32\IMM32.DLL
0x00007ffd12380000 - 0x00007ffd1238c000 	C:\Program Files\Java\jdk-19\bin\vcruntime140_1.dll
0x00007ffcea700000 - 0x00007ffcea78e000 	C:\Program Files\Java\jdk-19\bin\msvcp140.dll
0x00007ffcaf740000 - 0x00007ffcb0400000 	C:\Program Files\Java\jdk-19\bin\server\jvm.dll
0x00007ffce9940000 - 0x00007ffce9949000 	C:\WINDOWS\SYSTEM32\WSOCK32.dll
0x00007ffd15e80000 - 0x00007ffd15eef000 	C:\WINDOWS\System32\WS2_32.dll
0x00007ffd0f410000 - 0x00007ffd0f443000 	C:\WINDOWS\SYSTEM32\WINMM.dll
0x00007ffd143e0000 - 0x00007ffd143f8000 	C:\WINDOWS\SYSTEM32\kernel.appcore.dll
0x00007ffd11b30000 - 0x00007ffd11b3a000 	C:\Program Files\Java\jdk-19\bin\jimage.dll
0x00007ffd12ed0000 - 0x00007ffd130f1000 	C:\WINDOWS\SYSTEM32\DBGHELP.DLL
0x00007ffcfca70000 - 0x00007ffcfcaa1000 	C:\WINDOWS\SYSTEM32\dbgcore.DLL
0x00007ffd15450000 - 0x00007ffd154cf000 	C:\WINDOWS\System32\bcryptPrimitives.dll
0x00007ffd11ab0000 - 0x00007ffd11ad6000 	C:\Program Files\Java\jdk-19\bin\java.dll
0x00007ffce79d0000 - 0x00007ffce7aa7000 	C:\Program Files\Java\jdk-19\bin\jsvml.dll
0x00007ffd16ca0000 - 0x00007ffd17465000 	C:\WINDOWS\System32\SHELL32.dll
0x00007ffd13360000 - 0x00007ffd13bc4000 	C:\WINDOWS\SYSTEM32\windows.storage.dll
0x00007ffd16520000 - 0x00007ffd16896000 	C:\WINDOWS\System32\combase.dll
0x00007ffd131f0000 - 0x00007ffd13357000 	C:\WINDOWS\SYSTEM32\wintypes.dll
0x00007ffd174d0000 - 0x00007ffd175ba000 	C:\WINDOWS\System32\SHCORE.dll
0x00007ffd15c30000 - 0x00007ffd15c8d000 	C:\WINDOWS\System32\shlwapi.dll
0x00007ffd151a0000 - 0x00007ffd151c1000 	C:\WINDOWS\SYSTEM32\profapi.dll
0x00007ffd04080000 - 0x00007ffd04093000 	C:\Program Files\Java\jdk-19\bin\net.dll
0x00007ffd0edc0000 - 0x00007ffd0eed3000 	C:\WINDOWS\SYSTEM32\WINHTTP.dll
0x00007ffd14880000 - 0x00007ffd148e7000 	C:\WINDOWS\system32\mswsock.dll
0x00007ffcfd5f0000 - 0x00007ffcfd606000 	C:\Program Files\Java\jdk-19\bin\nio.dll
0x00007ffcfd5d0000 - 0x00007ffcfd5e8000 	C:\Program Files\Java\jdk-19\bin\zip.dll
0x0000000069ac0000 - 0x0000000069ae4000 	C:\Users\User\Desktop\NETBEAN\NetBeans-15\netbeans\java\maven\lib\jansi-native\Windows\x86_64\jansi.dll
0x00007ffd10620000 - 0x00007ffd10630000 	C:\Program Files\Java\jdk-19\bin\verify.dll

dbghelp: loaded successfully - version: 4.0.5 - missing functions: none
symbol engine: initialized successfully - sym options: 0x614 - pdb path: .;C:\Program Files\Java\jdk-19\bin;C:\WINDOWS\SYSTEM32;C:\WINDOWS\WinSxS\amd64_microsoft.windows.common-controls_6595b64144ccf1df_6.0.22000.120_none_9d947278b86cc467;C:\Program Files\Java\jdk-19\bin\server;C:\Users\User\Desktop\NETBEAN\NetBeans-15\netbeans\java\maven\lib\jansi-native\Windows\x86_64

VM Arguments:
jvm_args: -Dclassworlds.conf=C:\Users\User\Desktop\NETBEAN\NetBeans-15\netbeans\java\maven\bin\m2.conf -Dmaven.home=C:\Users\User\Desktop\NETBEAN\NetBeans-15\netbeans\java\maven -Dlibrary.jansi.path=C:\Users\User\Desktop\NETBEAN\NetBeans-15\netbeans\java\maven\lib\jansi-native -Dmaven.multiModuleProjectDirectory=C:\Users\User\Desktop\NETBEAN\WallStreetWarriors 
java_command: org.codehaus.plexus.classworlds.launcher.Launcher -Dmaven.ext.class.path=C:\Users\User\Desktop\NETBEAN\NetBeans-15\netbeans\java\maven-nblib\netbeans-eventspy.jar install
java_class_path (initial): C:\Users\User\Desktop\NETBEAN\NetBeans-15\netbeans\java\maven\boot\plexus-classworlds-2.6.0.jar
Launcher Type: SUN_STANDARD

[Global flags]
     intx CICompilerCount                          = 4                                         {product} {ergonomic}
     uint ConcGCThreads                            = 2                                         {product} {ergonomic}
     uint G1ConcRefinementThreads                  = 8                                         {product} {ergonomic}
   size_t G1HeapRegionSize                         = 1048576                                   {product} {ergonomic}
    uintx GCDrainStackTargetSize                   = 64                                        {product} {ergonomic}
   size_t InitialHeapSize                          = 132120576                                 {product} {ergonomic}
   size_t MarkStackSize                            = 4194304                                   {product} {ergonomic}
   size_t MaxHeapSize                              = 2105540608                                {product} {ergonomic}
   size_t MaxNewSize                               = 1262485504                                {product} {ergonomic}
   size_t MinHeapDeltaBytes                        = 1048576                                   {product} {ergonomic}
   size_t MinHeapSize                              = 8388608                                   {product} {ergonomic}
    uintx NonNMethodCodeHeapSize                   = 5839372                                {pd product} {ergonomic}
    uintx NonProfiledCodeHeapSize                  = 122909434                              {pd product} {ergonomic}
    uintx ProfiledCodeHeapSize                     = 122909434                              {pd product} {ergonomic}
    uintx ReservedCodeCacheSize                    = 251658240                              {pd product} {ergonomic}
     bool SegmentedCodeCache                       = true                                      {product} {ergonomic}
   size_t SoftMaxHeapSize                          = 2105540608                             {manageable} {ergonomic}
     bool UseCompressedClassPointers               = true                           {product lp64_product} {ergonomic}
     bool UseCompressedOops                        = true                           {product lp64_product} {ergonomic}
     bool UseG1GC                                  = true                                      {product} {ergonomic}
     bool UseLargePagesIndividualAllocation        = false                                  {pd product} {ergonomic}

Logging:
Log output configuration:
 #0: stdout all=warning uptime,level,tags foldmultilines=false
 #1: stderr all=off uptime,level,tags foldmultilines=false

Environment Variables:
JAVA_HOME=C:\Program Files\Java\jdk-19
PATH=C:\Program Files\Common Files\Oracle\Java\javapath;C:\Windows\system32;C:\Windows;C:\Windows\System32\Wbem;C:\Windows\System32\WindowsPowerShell\v1.0\;C:\Windows\System32\OpenSSH\;C:\Program Files (x86)\NVIDIA Corporation\PhysX\Common;C:\Program Files\NVIDIA Corporation\NVIDIA NvDLISR;C:\WINDOWS\system32;C:\WINDOWS;C:\WINDOWS\System32\Wbem;C:\WINDOWS\System32\WindowsPowerShell\v1.0\;C:\WINDOWS\System32\OpenSSH\;C:\Program Files\Java\jdk-19\bin;C:\Program Files\Microsoft SQL Server\130\Tools\Binn\;C:\Program Files\nodejs\;C:\Program Files\Git\cmd;C:\Users\User\AppData\Local\Programs\Python\Python311\Scripts\;C:\Users\User\AppData\Local\Programs\Python\Python311\;C:\Users\User\AppData\Local\Microsoft\WindowsApps;C:\Users\User\Desktop\Useful tools\Microsoft VS Code\bin;C:\Users\User\AppData\Local\GitHubDesktop\bin;C:\Users\User\AppData\Roaming\npm;C:\Program Files\Graphviz\bin
USERNAME=User
OS=Windows_NT
PROCESSOR_IDENTIFIER=Intel64 Family 6 Model 165 Stepping 2, GenuineIntel
TMP=C:\Users\User\AppData\Local\Temp
TEMP=C:\Users\User\AppData\Local\Temp



---------------  S Y S T E M  ---------------

OS:
 Windows 11 , 64 bit Build 22000 (10.0.22000.1880)
OS uptime: 3 days 20:46 hours

CPU: total 8 (initial active 8) (4 cores per cpu, 2 threads per core) family 6 model 165 stepping 2 microcode 0xe0, cx8, cmov, fxsr, ht, mmx, 3dnowpref, sse, sse2, sse3, ssse3, sse4.1, sse4.2, popcnt, lzcnt, tsc, tscinvbit, avx, avx2, aes, erms, clmul, bmi1, bmi2, adx, fma, vzeroupper, clflush, clflushopt, rdtscp

Memory: 4k page, system-wide physical 8029M (57M free)
TotalPageFile size 32605M (AvailPageFile size 392M)
current process WorkingSet (physical memory assigned to process): 5M, peak: 113M
current process commit charge ("private bytes"): 239M, peak: 255M

vm_info: Java HotSpot(TM) 64-Bit Server VM (19+36-2238) for windows-amd64 JRE (19+36-2238), built on 2022-08-12T20:29:01Z by "mach5one" with MS VC++ 17.1 (VS2022)

END.
