#
# There is insufficient memory for the Java Runtime Environment to continue.
# Native memory allocation (malloc) failed to allocate 504256 bytes for Chunk::new
# Possible reasons:
#   The system is out of physical RAM or swap space
#   The process is running with CompressedOops enabled, and the Java Heap may be blocking the growth of the native heap
# Possible solutions:
#   Reduce memory load on the system
#   Increase physical memory or swap space
#   Check if swap backing store is full
#   Decrease Java heap size (-Xmx/-Xms)
#   Decrease number of Java threads
#   Decrease Java thread stack sizes (-Xss)
#   Set larger code cache with -XX:ReservedCodeCacheSize=
#   JVM is running with Unscaled Compressed Oops mode in which the Java heap is
#     placed in the first 4GB address space. The Java Heap base address is the
#     maximum limit for the native heap growth. Please use -XX:HeapBaseMinAddress
#     to set the Java Heap base and to place the Java Heap above 4GB virtual address.
# This output file may be truncated or incomplete.
#
#  Out of Memory Error (arena.cpp:184), pid=15672, tid=28616
#
# JRE version: Java(TM) SE Runtime Environment (19.0+36) (build 19+36-2238)
# Java VM: Java HotSpot(TM) 64-Bit Server VM (19+36-2238, mixed mode, sharing, tiered, compressed oops, compressed class ptrs, g1 gc, windows-amd64)
# No core dump will be written. Minidumps are not enabled by default on client versions of Windows
#

---------------  S U M M A R Y ------------

Command Line: -Dclassworlds.conf=C:\Users\User\Desktop\NETBEAN\NetBeans-15\netbeans\java\maven\bin\m2.conf -Dmaven.home=C:\Users\User\Desktop\NETBEAN\NetBeans-15\netbeans\java\maven -Dlibrary.jansi.path=C:\Users\User\Desktop\NETBEAN\NetBeans-15\netbeans\java\maven\lib\jansi-native -Dmaven.multiModuleProjectDirectory=C:\Users\User\Desktop\NETBEAN\WallStreetWarriors org.codehaus.plexus.classworlds.launcher.Launcher -Dmaven.ext.class.path=C:\Users\User\Desktop\NETBEAN\NetBeans-15\netbeans\java\maven-nblib\netbeans-eventspy.jar install

Host: Intel(R) Core(TM) i5-10300H CPU @ 2.50GHz, 8 cores, 7G,  Windows 11 , 64 bit Build 22000 (10.0.22000.1880)
Time: Mon Jun 12 20:45:22 2023 Malay Peninsula Standard Time elapsed time: 191.980772 seconds (0d 0h 3m 11s)

---------------  T H R E A D  ---------------

Current thread (0x0000020fe0608460):  JavaThread "C2 CompilerThread0" daemon [_thread_in_native, id=28616, stack(0x0000004bc3800000,0x0000004bc3900000)]


Current CompileTask:
C2: 191980 3853       4       org.codehaus.plexus.util.xml.Xpp3DomBuilder::build (413 bytes)

Stack: [0x0000004bc3800000,0x0000004bc3900000]
Native frames: (J=compiled Java code, j=interpreted, Vv=VM code, C=native code)
V  [jvm.dll+0x6ee8fa]
V  [jvm.dll+0x857a1e]
V  [jvm.dll+0x85940e]
V  [jvm.dll+0x859ac3]
V  [jvm.dll+0x28291f]
V  [jvm.dll+0xc9b5f]
V  [jvm.dll+0xc9ee5]
V  [jvm.dll+0x2f7c6f]
V  [jvm.dll+0x5f0c5b]
V  [jvm.dll+0x254d73]
V  [jvm.dll+0x24dd16]
V  [jvm.dll+0x24b563]
V  [jvm.dll+0x1d6d61]
V  [jvm.dll+0x25b0fa]
V  [jvm.dll+0x259588]
V  [jvm.dll+0x807928]
V  [jvm.dll+0x8015fa]
V  [jvm.dll+0x6ed5eb]
C  [ucrtbase.dll+0x26c0c]
C  [KERNEL32.DLL+0x155a0]
C  [ntdll.dll+0x485b]


---------------  P R O C E S S  ---------------

Threads class SMR info:
_java_thread_list=0x0000020fe48aafc0, length=12, elements={
0x0000020fc1e8e400, 0x0000020fe0600290, 0x0000020fe0600dc0, 0x0000020fe0603900,
0x0000020fe06065a0, 0x0000020fe0606ed0, 0x0000020fe0607800, 0x0000020fe0608460,
0x0000020fe060ade0, 0x0000020fe060b750, 0x0000020fe48cbeb0, 0x0000020fe48d26c0
}

Java Threads: ( => current thread )
  0x0000020fc1e8e400 JavaThread "main" [_thread_in_vm, id=30544, stack(0x0000004bc2b00000,0x0000004bc2c00000)]
  0x0000020fe0600290 JavaThread "Reference Handler" daemon [_thread_blocked, id=29600, stack(0x0000004bc3200000,0x0000004bc3300000)]
  0x0000020fe0600dc0 JavaThread "Finalizer" daemon [_thread_blocked, id=23384, stack(0x0000004bc3300000,0x0000004bc3400000)]
  0x0000020fe0603900 JavaThread "Signal Dispatcher" daemon [_thread_blocked, id=14348, stack(0x0000004bc3400000,0x0000004bc3500000)]
  0x0000020fe06065a0 JavaThread "Attach Listener" daemon [_thread_blocked, id=22684, stack(0x0000004bc3500000,0x0000004bc3600000)]
  0x0000020fe0606ed0 JavaThread "Service Thread" daemon [_thread_blocked, id=21728, stack(0x0000004bc3600000,0x0000004bc3700000)]
  0x0000020fe0607800 JavaThread "Monitor Deflation Thread" daemon [_thread_blocked, id=26968, stack(0x0000004bc3700000,0x0000004bc3800000)]
=>0x0000020fe0608460 JavaThread "C2 CompilerThread0" daemon [_thread_in_native, id=28616, stack(0x0000004bc3800000,0x0000004bc3900000)]
  0x0000020fe060ade0 JavaThread "C1 CompilerThread0" daemon [_thread_blocked, id=12464, stack(0x0000004bc3900000,0x0000004bc3a00000)]
  0x0000020fe060b750 JavaThread "Sweeper thread" daemon [_thread_blocked, id=32272, stack(0x0000004bc3a00000,0x0000004bc3b00000)]
  0x0000020fe48cbeb0 JavaThread "Notification Thread" daemon [_thread_blocked, id=26668, stack(0x0000004bc3b00000,0x0000004bc3c00000)]
  0x0000020fe48d26c0 JavaThread "Common-Cleaner" daemon [_thread_blocked, id=9932, stack(0x0000004bc3d00000,0x0000004bc3e00000)]

Other Threads:
  0x0000020fe05e3080 VMThread "VM Thread" [stack: 0x0000004bc3100000,0x0000004bc3200000] [id=29744]
  0x0000020fe48d2410 WatcherThread "VM Periodic Task Thread" [stack: 0x0000004bc3c00000,0x0000004bc3d00000] [id=2248]
  0x0000020fc1eee3a0 WorkerThread "GC Thread#0" [stack: 0x0000004bc2c00000,0x0000004bc2d00000] [id=27316]
  0x0000020fe545f020 WorkerThread "GC Thread#1" [stack: 0x0000004bc3e00000,0x0000004bc3f00000] [id=26836]
  0x0000020fe545fb60 WorkerThread "GC Thread#2" [stack: 0x0000004bc3f00000,0x0000004bc4000000] [id=8468]
  0x0000020fe545e7b0 WorkerThread "GC Thread#3" [stack: 0x0000004bc4000000,0x0000004bc4100000] [id=21956]
  0x0000020fe545f5c0 WorkerThread "GC Thread#4" [stack: 0x0000004bc4100000,0x0000004bc4200000] [id=27844]
  0x0000020fe545ed50 WorkerThread "GC Thread#5" [stack: 0x0000004bc4200000,0x0000004bc4300000] [id=22676]
  0x0000020fe545f2f0 WorkerThread "GC Thread#6" [stack: 0x0000004bc4300000,0x0000004bc4400000] [id=30148]
  0x0000020fe545f890 WorkerThread "GC Thread#7" [stack: 0x0000004bc4400000,0x0000004bc4500000] [id=28004]
  0x0000020fc1efee00 ConcurrentGCThread "G1 Main Marker" [stack: 0x0000004bc2d00000,0x0000004bc2e00000] [id=11700]
  0x0000020fc1eff830 WorkerThread "G1 Conc#0" [stack: 0x0000004bc2e00000,0x0000004bc2f00000] [id=3932]
  0x0000020fc1f5e7c0 ConcurrentGCThread "G1 Refine#0" [stack: 0x0000004bc2f00000,0x0000004bc3000000] [id=16864]
  0x0000020fe04a13a0 ConcurrentGCThread "G1 Service" [stack: 0x0000004bc3000000,0x0000004bc3100000] [id=30040]

Threads with active compile tasks:
C2 CompilerThread0   195328 3853       4       org.codehaus.plexus.util.xml.Xpp3DomBuilder::build (413 bytes)

VM state: not at safepoint (normal execution)

VM Mutex/Monitor currently owned by a thread: None

Heap address: 0x0000000082800000, size: 2008 MB, Compressed Oops mode: 32-bit

CDS archive(s) mapped at: [0x0000000800000000-0x0000000800c40000-0x0000000800c40000), size 12845056, SharedBaseAddress: 0x0000000800000000, ArchiveRelocationMode: 0.
Compressed class space mapped at: 0x0000000801000000-0x0000000841000000, reserved size: 1073741824
Narrow klass base: 0x0000000800000000, Narrow klass shift: 0, Narrow klass range: 0x100000000

GC Precious Log:
 CardTable entry size: 512
 Card Set container configuration: InlinePtr #cards 5 size 8 Array Of Cards #cards 12 size 40 Howl #buckets 4 coarsen threshold 1843 Howl Bitmap #cards 512 size 80 coarsen threshold 460 Card regions per heap region 1 cards per card region 2048
 CPUs: 8 total, 8 available
 Memory: 8029M
 Large Page Support: Disabled
 NUMA Support: Disabled
 Compressed Oops: Enabled (32-bit)
 Heap Region Size: 1M
 Heap Min Capacity: 8M
 Heap Initial Capacity: 126M
 Heap Max Capacity: 2008M
 Pre-touch: Disabled
 Parallel Workers: 8
 Concurrent Workers: 2
 Concurrent Refinement Workers: 8
 Periodic GC: Disabled

Heap:
 garbage-first heap   total 129024K, used 15418K [0x0000000082800000, 0x0000000100000000)
  region size 1024K, 4 young (4096K), 2 survivors (2048K)
 Metaspace       used 13779K, committed 14016K, reserved 1114112K
  class space    used 1480K, committed 1600K, reserved 1048576K

Heap Regions: E=young(eden), S=young(survivor), O=old, HS=humongous(starts), HC=humongous(continues), CS=collection set, F=free, OA=open archive, CA=closed archive, TAMS=top-at-mark-start (previous, next)
|   0|0x0000000082800000, 0x0000000082900000, 0x0000000082900000|100%| O|  |TAMS 0x0000000082800000, 0x0000000082800000| Untracked 
|   1|0x0000000082900000, 0x0000000082a00000, 0x0000000082a00000|100%| O|  |TAMS 0x0000000082900000, 0x0000000082900000| Untracked 
|   2|0x0000000082a00000, 0x0000000082b00000, 0x0000000082b00000|100%| O|  |TAMS 0x0000000082a00000, 0x0000000082a00000| Untracked 
|   3|0x0000000082b00000, 0x0000000082c00000, 0x0000000082c00000|100%| O|  |TAMS 0x0000000082b00000, 0x0000000082b00000| Untracked 
|   4|0x0000000082c00000, 0x0000000082d00000, 0x0000000082d00000|100%| O|  |TAMS 0x0000000082c00000, 0x0000000082c00000| Untracked 
|   5|0x0000000082d00000, 0x0000000082e00000, 0x0000000082e00000|100%| O|  |TAMS 0x0000000082d00000, 0x0000000082d00000| Untracked 
|   6|0x0000000082e00000, 0x0000000082f00000, 0x0000000082f00000|100%| O|  |TAMS 0x0000000082e00000, 0x0000000082e00000| Untracked 
|   7|0x0000000082f00000, 0x0000000083000000, 0x0000000083000000|100%| O|  |TAMS 0x0000000082f00000, 0x0000000082f00000| Untracked 
|   8|0x0000000083000000, 0x0000000083100000, 0x0000000083100000|100%| O|  |TAMS 0x0000000083000000, 0x0000000083000000| Untracked 
|   9|0x0000000083100000, 0x0000000083200000, 0x0000000083200000|100%| O|  |TAMS 0x0000000083100000, 0x0000000083100000| Untracked 
|  10|0x0000000083200000, 0x0000000083300000, 0x0000000083300000|100%| O|  |TAMS 0x0000000083200000, 0x0000000083200000| Untracked 
|  11|0x0000000083300000, 0x0000000083400000, 0x0000000083400000|100%| O|  |TAMS 0x0000000083300000, 0x0000000083300000| Untracked 
|  12|0x0000000083400000, 0x000000008340ea00, 0x0000000083500000|  5%| O|  |TAMS 0x0000000083400000, 0x0000000083400000| Untracked 
|  13|0x0000000083500000, 0x0000000083500000, 0x0000000083600000|  0%| F|  |TAMS 0x0000000083500000, 0x0000000083500000| Untracked 
|  14|0x0000000083600000, 0x0000000083600000, 0x0000000083700000|  0%| F|  |TAMS 0x0000000083600000, 0x0000000083600000| Untracked 
|  15|0x0000000083700000, 0x0000000083700000, 0x0000000083800000|  0%| F|  |TAMS 0x0000000083700000, 0x0000000083700000| Untracked 
|  16|0x0000000083800000, 0x0000000083800000, 0x0000000083900000|  0%| F|  |TAMS 0x0000000083800000, 0x0000000083800000| Untracked 
|  17|0x0000000083900000, 0x0000000083900000, 0x0000000083a00000|  0%| F|  |TAMS 0x0000000083900000, 0x0000000083900000| Untracked 
|  18|0x0000000083a00000, 0x0000000083a00000, 0x0000000083b00000|  0%| F|  |TAMS 0x0000000083a00000, 0x0000000083a00000| Untracked 
|  19|0x0000000083b00000, 0x0000000083b00000, 0x0000000083c00000|  0%| F|  |TAMS 0x0000000083b00000, 0x0000000083b00000| Untracked 
|  20|0x0000000083c00000, 0x0000000083c00000, 0x0000000083d00000|  0%| F|  |TAMS 0x0000000083c00000, 0x0000000083c00000| Untracked 
|  21|0x0000000083d00000, 0x0000000083d00000, 0x0000000083e00000|  0%| F|  |TAMS 0x0000000083d00000, 0x0000000083d00000| Untracked 
|  22|0x0000000083e00000, 0x0000000083e00000, 0x0000000083f00000|  0%| F|  |TAMS 0x0000000083e00000, 0x0000000083e00000| Untracked 
|  23|0x0000000083f00000, 0x0000000083f00000, 0x0000000084000000|  0%| F|  |TAMS 0x0000000083f00000, 0x0000000083f00000| Untracked 
|  24|0x0000000084000000, 0x0000000084000000, 0x0000000084100000|  0%| F|  |TAMS 0x0000000084000000, 0x0000000084000000| Untracked 
|  25|0x0000000084100000, 0x0000000084100000, 0x0000000084200000|  0%| F|  |TAMS 0x0000000084100000, 0x0000000084100000| Untracked 
|  26|0x0000000084200000, 0x0000000084200000, 0x0000000084300000|  0%| F|  |TAMS 0x0000000084200000, 0x0000000084200000| Untracked 
|  27|0x0000000084300000, 0x0000000084300000, 0x0000000084400000|  0%| F|  |TAMS 0x0000000084300000, 0x0000000084300000| Untracked 
|  28|0x0000000084400000, 0x0000000084400000, 0x0000000084500000|  0%| F|  |TAMS 0x0000000084400000, 0x0000000084400000| Untracked 
|  29|0x0000000084500000, 0x0000000084500000, 0x0000000084600000|  0%| F|  |TAMS 0x0000000084500000, 0x0000000084500000| Untracked 
|  30|0x0000000084600000, 0x0000000084600000, 0x0000000084700000|  0%| F|  |TAMS 0x0000000084600000, 0x0000000084600000| Untracked 
|  31|0x0000000084700000, 0x0000000084700000, 0x0000000084800000|  0%| F|  |TAMS 0x0000000084700000, 0x0000000084700000| Untracked 
|  32|0x0000000084800000, 0x0000000084800000, 0x0000000084900000|  0%| F|  |TAMS 0x0000000084800000, 0x0000000084800000| Untracked 
|  33|0x0000000084900000, 0x0000000084900000, 0x0000000084a00000|  0%| F|  |TAMS 0x0000000084900000, 0x0000000084900000| Untracked 
|  34|0x0000000084a00000, 0x0000000084a00000, 0x0000000084b00000|  0%| F|  |TAMS 0x0000000084a00000, 0x0000000084a00000| Untracked 
|  35|0x0000000084b00000, 0x0000000084b00000, 0x0000000084c00000|  0%| F|  |TAMS 0x0000000084b00000, 0x0000000084b00000| Untracked 
|  36|0x0000000084c00000, 0x0000000084c00000, 0x0000000084d00000|  0%| F|  |TAMS 0x0000000084c00000, 0x0000000084c00000| Untracked 
|  37|0x0000000084d00000, 0x0000000084d00000, 0x0000000084e00000|  0%| F|  |TAMS 0x0000000084d00000, 0x0000000084d00000| Untracked 
|  38|0x0000000084e00000, 0x0000000084e00000, 0x0000000084f00000|  0%| F|  |TAMS 0x0000000084e00000, 0x0000000084e00000| Untracked 
|  39|0x0000000084f00000, 0x0000000084f00000, 0x0000000085000000|  0%| F|  |TAMS 0x0000000084f00000, 0x0000000084f00000| Untracked 
|  40|0x0000000085000000, 0x0000000085000000, 0x0000000085100000|  0%| F|  |TAMS 0x0000000085000000, 0x0000000085000000| Untracked 
|  41|0x0000000085100000, 0x0000000085100000, 0x0000000085200000|  0%| F|  |TAMS 0x0000000085100000, 0x0000000085100000| Untracked 
|  42|0x0000000085200000, 0x0000000085200000, 0x0000000085300000|  0%| F|  |TAMS 0x0000000085200000, 0x0000000085200000| Untracked 
|  43|0x0000000085300000, 0x0000000085300000, 0x0000000085400000|  0%| F|  |TAMS 0x0000000085300000, 0x0000000085300000| Untracked 
|  44|0x0000000085400000, 0x0000000085400000, 0x0000000085500000|  0%| F|  |TAMS 0x0000000085400000, 0x0000000085400000| Untracked 
|  45|0x0000000085500000, 0x0000000085500000, 0x0000000085600000|  0%| F|  |TAMS 0x0000000085500000, 0x0000000085500000| Untracked 
|  46|0x0000000085600000, 0x0000000085600000, 0x0000000085700000|  0%| F|  |TAMS 0x0000000085600000, 0x0000000085600000| Untracked 
|  47|0x0000000085700000, 0x0000000085700000, 0x0000000085800000|  0%| F|  |TAMS 0x0000000085700000, 0x0000000085700000| Untracked 
|  48|0x0000000085800000, 0x0000000085800000, 0x0000000085900000|  0%| F|  |TAMS 0x0000000085800000, 0x0000000085800000| Untracked 
|  49|0x0000000085900000, 0x0000000085900000, 0x0000000085a00000|  0%| F|  |TAMS 0x0000000085900000, 0x0000000085900000| Untracked 
|  50|0x0000000085a00000, 0x0000000085a00000, 0x0000000085b00000|  0%| F|  |TAMS 0x0000000085a00000, 0x0000000085a00000| Untracked 
|  51|0x0000000085b00000, 0x0000000085b00000, 0x0000000085c00000|  0%| F|  |TAMS 0x0000000085b00000, 0x0000000085b00000| Untracked 
|  52|0x0000000085c00000, 0x0000000085c00000, 0x0000000085d00000|  0%| F|  |TAMS 0x0000000085c00000, 0x0000000085c00000| Untracked 
|  53|0x0000000085d00000, 0x0000000085d00000, 0x0000000085e00000|  0%| F|  |TAMS 0x0000000085d00000, 0x0000000085d00000| Untracked 
|  54|0x0000000085e00000, 0x0000000085e00000, 0x0000000085f00000|  0%| F|  |TAMS 0x0000000085e00000, 0x0000000085e00000| Untracked 
|  55|0x0000000085f00000, 0x0000000085f00000, 0x0000000086000000|  0%| F|  |TAMS 0x0000000085f00000, 0x0000000085f00000| Untracked 
|  56|0x0000000086000000, 0x0000000086000000, 0x0000000086100000|  0%| F|  |TAMS 0x0000000086000000, 0x0000000086000000| Untracked 
|  57|0x0000000086100000, 0x0000000086100000, 0x0000000086200000|  0%| F|  |TAMS 0x0000000086100000, 0x0000000086100000| Untracked 
|  58|0x0000000086200000, 0x0000000086200000, 0x0000000086300000|  0%| F|  |TAMS 0x0000000086200000, 0x0000000086200000| Untracked 
|  59|0x0000000086300000, 0x0000000086300000, 0x0000000086400000|  0%| F|  |TAMS 0x0000000086300000, 0x0000000086300000| Untracked 
|  60|0x0000000086400000, 0x0000000086400000, 0x0000000086500000|  0%| F|  |TAMS 0x0000000086400000, 0x0000000086400000| Untracked 
|  61|0x0000000086500000, 0x0000000086500000, 0x0000000086600000|  0%| F|  |TAMS 0x0000000086500000, 0x0000000086500000| Untracked 
|  62|0x0000000086600000, 0x0000000086600000, 0x0000000086700000|  0%| F|  |TAMS 0x0000000086600000, 0x0000000086600000| Untracked 
|  63|0x0000000086700000, 0x0000000086700000, 0x0000000086800000|  0%| F|  |TAMS 0x0000000086700000, 0x0000000086700000| Untracked 
|  64|0x0000000086800000, 0x0000000086800000, 0x0000000086900000|  0%| F|  |TAMS 0x0000000086800000, 0x0000000086800000| Untracked 
|  65|0x0000000086900000, 0x0000000086900000, 0x0000000086a00000|  0%| F|  |TAMS 0x0000000086900000, 0x0000000086900000| Untracked 
|  66|0x0000000086a00000, 0x0000000086a00000, 0x0000000086b00000|  0%| F|  |TAMS 0x0000000086a00000, 0x0000000086a00000| Untracked 
|  67|0x0000000086b00000, 0x0000000086b00000, 0x0000000086c00000|  0%| F|  |TAMS 0x0000000086b00000, 0x0000000086b00000| Untracked 
|  68|0x0000000086c00000, 0x0000000086c00000, 0x0000000086d00000|  0%| F|  |TAMS 0x0000000086c00000, 0x0000000086c00000| Untracked 
|  69|0x0000000086d00000, 0x0000000086d00000, 0x0000000086e00000|  0%| F|  |TAMS 0x0000000086d00000, 0x0000000086d00000| Untracked 
|  70|0x0000000086e00000, 0x0000000086e00000, 0x0000000086f00000|  0%| F|  |TAMS 0x0000000086e00000, 0x0000000086e00000| Untracked 
|  71|0x0000000086f00000, 0x0000000086f00000, 0x0000000087000000|  0%| F|  |TAMS 0x0000000086f00000, 0x0000000086f00000| Untracked 
|  72|0x0000000087000000, 0x0000000087000000, 0x0000000087100000|  0%| F|  |TAMS 0x0000000087000000, 0x0000000087000000| Untracked 
|  73|0x0000000087100000, 0x0000000087100000, 0x0000000087200000|  0%| F|  |TAMS 0x0000000087100000, 0x0000000087100000| Untracked 
|  74|0x0000000087200000, 0x0000000087200000, 0x0000000087300000|  0%| F|  |TAMS 0x0000000087200000, 0x0000000087200000| Untracked 
|  75|0x0000000087300000, 0x0000000087300000, 0x0000000087400000|  0%| F|  |TAMS 0x0000000087300000, 0x0000000087300000| Untracked 
|  76|0x0000000087400000, 0x0000000087400000, 0x0000000087500000|  0%| F|  |TAMS 0x0000000087400000, 0x0000000087400000| Untracked 
|  77|0x0000000087500000, 0x0000000087500000, 0x0000000087600000|  0%| F|  |TAMS 0x0000000087500000, 0x0000000087500000| Untracked 
|  78|0x0000000087600000, 0x0000000087600000, 0x0000000087700000|  0%| F|  |TAMS 0x0000000087600000, 0x0000000087600000| Untracked 
|  79|0x0000000087700000, 0x0000000087700000, 0x0000000087800000|  0%| F|  |TAMS 0x0000000087700000, 0x0000000087700000| Untracked 
|  80|0x0000000087800000, 0x0000000087800000, 0x0000000087900000|  0%| F|  |TAMS 0x0000000087800000, 0x0000000087800000| Untracked 
|  81|0x0000000087900000, 0x0000000087900000, 0x0000000087a00000|  0%| F|  |TAMS 0x0000000087900000, 0x0000000087900000| Untracked 
|  82|0x0000000087a00000, 0x0000000087a00000, 0x0000000087b00000|  0%| F|  |TAMS 0x0000000087a00000, 0x0000000087a00000| Untracked 
|  83|0x0000000087b00000, 0x0000000087b00000, 0x0000000087c00000|  0%| F|  |TAMS 0x0000000087b00000, 0x0000000087b00000| Untracked 
|  84|0x0000000087c00000, 0x0000000087c00000, 0x0000000087d00000|  0%| F|  |TAMS 0x0000000087c00000, 0x0000000087c00000| Untracked 
|  85|0x0000000087d00000, 0x0000000087d00000, 0x0000000087e00000|  0%| F|  |TAMS 0x0000000087d00000, 0x0000000087d00000| Untracked 
|  86|0x0000000087e00000, 0x0000000087e00000, 0x0000000087f00000|  0%| F|  |TAMS 0x0000000087e00000, 0x0000000087e00000| Untracked 
|  87|0x0000000087f00000, 0x0000000087f00000, 0x0000000088000000|  0%| F|  |TAMS 0x0000000087f00000, 0x0000000087f00000| Untracked 
|  88|0x0000000088000000, 0x0000000088000000, 0x0000000088100000|  0%| F|  |TAMS 0x0000000088000000, 0x0000000088000000| Untracked 
|  89|0x0000000088100000, 0x0000000088100000, 0x0000000088200000|  0%| F|  |TAMS 0x0000000088100000, 0x0000000088100000| Untracked 
|  90|0x0000000088200000, 0x0000000088200000, 0x0000000088300000|  0%| F|  |TAMS 0x0000000088200000, 0x0000000088200000| Untracked 
|  91|0x0000000088300000, 0x0000000088300000, 0x0000000088400000|  0%| F|  |TAMS 0x0000000088300000, 0x0000000088300000| Untracked 
|  92|0x0000000088400000, 0x0000000088400000, 0x0000000088500000|  0%| F|  |TAMS 0x0000000088400000, 0x0000000088400000| Untracked 
|  93|0x0000000088500000, 0x0000000088500000, 0x0000000088600000|  0%| F|  |TAMS 0x0000000088500000, 0x0000000088500000| Untracked 
|  94|0x0000000088600000, 0x0000000088600000, 0x0000000088700000|  0%| F|  |TAMS 0x0000000088600000, 0x0000000088600000| Untracked 
|  95|0x0000000088700000, 0x0000000088700000, 0x0000000088800000|  0%| F|  |TAMS 0x0000000088700000, 0x0000000088700000| Untracked 
|  96|0x0000000088800000, 0x0000000088800000, 0x0000000088900000|  0%| F|  |TAMS 0x0000000088800000, 0x0000000088800000| Untracked 
|  97|0x0000000088900000, 0x0000000088900000, 0x0000000088a00000|  0%| F|  |TAMS 0x0000000088900000, 0x0000000088900000| Untracked 
|  98|0x0000000088a00000, 0x0000000088a00000, 0x0000000088b00000|  0%| F|  |TAMS 0x0000000088a00000, 0x0000000088a00000| Untracked 
|  99|0x0000000088b00000, 0x0000000088b00000, 0x0000000088c00000|  0%| F|  |TAMS 0x0000000088b00000, 0x0000000088b00000| Untracked 
| 100|0x0000000088c00000, 0x0000000088c00000, 0x0000000088d00000|  0%| F|  |TAMS 0x0000000088c00000, 0x0000000088c00000| Untracked 
| 101|0x0000000088d00000, 0x0000000088d00000, 0x0000000088e00000|  0%| F|  |TAMS 0x0000000088d00000, 0x0000000088d00000| Untracked 
| 102|0x0000000088e00000, 0x0000000088e00000, 0x0000000088f00000|  0%| F|  |TAMS 0x0000000088e00000, 0x0000000088e00000| Untracked 
| 103|0x0000000088f00000, 0x0000000088f00000, 0x0000000089000000|  0%| F|  |TAMS 0x0000000088f00000, 0x0000000088f00000| Untracked 
| 104|0x0000000089000000, 0x0000000089000000, 0x0000000089100000|  0%| F|  |TAMS 0x0000000089000000, 0x0000000089000000| Untracked 
| 105|0x0000000089100000, 0x0000000089100000, 0x0000000089200000|  0%| F|  |TAMS 0x0000000089100000, 0x0000000089100000| Untracked 
| 106|0x0000000089200000, 0x0000000089200000, 0x0000000089300000|  0%| F|  |TAMS 0x0000000089200000, 0x0000000089200000| Untracked 
| 107|0x0000000089300000, 0x0000000089300000, 0x0000000089400000|  0%| F|  |TAMS 0x0000000089300000, 0x0000000089300000| Untracked 
| 108|0x0000000089400000, 0x0000000089400000, 0x0000000089500000|  0%| F|  |TAMS 0x0000000089400000, 0x0000000089400000| Untracked 
| 109|0x0000000089500000, 0x0000000089600000, 0x0000000089600000|100%| S|CS|TAMS 0x0000000089500000, 0x0000000089500000| Complete 
| 110|0x0000000089600000, 0x0000000089700000, 0x0000000089700000|100%| S|CS|TAMS 0x0000000089600000, 0x0000000089600000| Complete 
| 111|0x0000000089700000, 0x0000000089700000, 0x0000000089800000|  0%| F|  |TAMS 0x0000000089700000, 0x0000000089700000| Untracked 
| 112|0x0000000089800000, 0x0000000089800000, 0x0000000089900000|  0%| F|  |TAMS 0x0000000089800000, 0x0000000089800000| Untracked 
| 113|0x0000000089900000, 0x0000000089900000, 0x0000000089a00000|  0%| F|  |TAMS 0x0000000089900000, 0x0000000089900000| Untracked 
| 114|0x0000000089a00000, 0x0000000089a00000, 0x0000000089b00000|  0%| F|  |TAMS 0x0000000089a00000, 0x0000000089a00000| Untracked 
| 115|0x0000000089b00000, 0x0000000089b00000, 0x0000000089c00000|  0%| F|  |TAMS 0x0000000089b00000, 0x0000000089b00000| Untracked 
| 116|0x0000000089c00000, 0x0000000089c00000, 0x0000000089d00000|  0%| F|  |TAMS 0x0000000089c00000, 0x0000000089c00000| Untracked 
| 117|0x0000000089d00000, 0x0000000089d00000, 0x0000000089e00000|  0%| F|  |TAMS 0x0000000089d00000, 0x0000000089d00000| Untracked 
| 118|0x0000000089e00000, 0x0000000089e00000, 0x0000000089f00000|  0%| F|  |TAMS 0x0000000089e00000, 0x0000000089e00000| Untracked 
| 119|0x0000000089f00000, 0x0000000089f00000, 0x000000008a000000|  0%| F|  |TAMS 0x0000000089f00000, 0x0000000089f00000| Untracked 
| 120|0x000000008a000000, 0x000000008a000000, 0x000000008a100000|  0%| F|  |TAMS 0x000000008a000000, 0x000000008a000000| Untracked 
| 121|0x000000008a100000, 0x000000008a100000, 0x000000008a200000|  0%| F|  |TAMS 0x000000008a100000, 0x000000008a100000| Untracked 
| 122|0x000000008a200000, 0x000000008a200000, 0x000000008a300000|  0%| F|  |TAMS 0x000000008a200000, 0x000000008a200000| Untracked 
| 123|0x000000008a300000, 0x000000008a300000, 0x000000008a400000|  0%| F|  |TAMS 0x000000008a300000, 0x000000008a300000| Untracked 
| 124|0x000000008a400000, 0x000000008a476a40, 0x000000008a500000| 46%| E|  |TAMS 0x000000008a400000, 0x000000008a400000| Complete 
| 125|0x000000008a500000, 0x000000008a600000, 0x000000008a600000|100%| E|CS|TAMS 0x000000008a500000, 0x000000008a500000| Complete 

Card table byte_map: [0x0000020fd9510000,0x0000020fd9900000] _byte_map_base: 0x0000020fd90fc000

Marking Bits (Prev, Next): (CMBitMap*) 0x0000020fc1eee9d0, (CMBitMap*) 0x0000020fc1eeea10
 Prev Bits: [0x0000020fd9cf0000, 0x0000020fdbc50000)
 Next Bits: [0x0000020fdbc50000, 0x0000020fddbb0000)

Polling page: 0x0000020fc1660000

Metaspace:

Usage:
  Non-class:     12.01 MB used.
      Class:      1.45 MB used.
       Both:     13.46 MB used.

Virtual space:
  Non-class space:       64.00 MB reserved,      12.12 MB ( 19%) committed,  1 nodes.
      Class space:        1.00 GB reserved,       1.56 MB ( <1%) committed,  1 nodes.
             Both:        1.06 GB reserved,      13.69 MB (  1%) committed. 

Chunk freelists:
   Non-Class:  3.00 MB
       Class:  2.45 MB
        Both:  5.45 MB

MaxMetaspaceSize: unlimited
CompressedClassSpaceSize: 1.00 GB
Initial GC threshold: 21.00 MB
Current GC threshold: 21.00 MB
CDS: on
MetaspaceReclaimPolicy: balanced
 - commit_granule_bytes: 65536.
 - commit_granule_words: 8192.
 - virtual_space_node_default_size: 8388608.
 - enlarge_chunks_in_place: 1.
 - new_chunks_are_fully_committed: 0.
 - uncommit_free_chunks: 1.
 - use_allocation_guard: 0.


Internal statistics:

num_allocs_failed_limit: 0.
num_arena_births: 240.
num_arena_deaths: 0.
num_vsnodes_births: 2.
num_vsnodes_deaths: 0.
num_space_committed: 219.
num_space_uncommitted: 0.
num_chunks_returned_to_freelist: 0.
num_chunks_taken_from_freelist: 702.
num_chunk_merges: 0.
num_chunk_splits: 503.
num_chunks_enlarged: 379.
num_inconsistent_stats: 0.

CodeHeap 'non-profiled nmethods': size=120000Kb used=1855Kb max_used=1855Kb free=118144Kb
 bounds [0x0000020fd18c0000, 0x0000020fd1b30000, 0x0000020fd8df0000]
CodeHeap 'profiled nmethods': size=120000Kb used=7497Kb max_used=7497Kb free=112502Kb
 bounds [0x0000020fc9df0000, 0x0000020fca550000, 0x0000020fd1320000]
CodeHeap 'non-nmethods': size=5760Kb used=1266Kb max_used=1337Kb free=4493Kb
 bounds [0x0000020fd1320000, 0x0000020fd1590000, 0x0000020fd18c0000]
 total_blobs=4161 nmethods=3685 adapters=386
 compilation: enabled
              stopped_count=0, restarted_count=0
 full_count=0

Compilation events (20 events):
Event: 189.189 Thread 0x0000020fe060ade0 3865       3       java.lang.System$2::getEnumConstantsShared (8 bytes)
Event: 189.190 Thread 0x0000020fe060ade0 nmethod 3865 0x0000020fca52ac90 code [0x0000020fca52ae40, 0x0000020fca52b088]
Event: 191.956 Thread 0x0000020fe060ade0 3867       3       java.util.regex.Pattern::escape (1327 bytes)
Event: 191.965 Thread 0x0000020fe060ade0 nmethod 3867 0x0000020fca52b190 code [0x0000020fca52bd00, 0x0000020fca532e28]
Event: 191.965 Thread 0x0000020fe060ade0 3873       3       org.apache.maven.model.inheritance.DefaultInheritanceAssembler$InheritanceModelMerger::putAll (74 bytes)
Event: 191.966 Thread 0x0000020fe060ade0 nmethod 3873 0x0000020fca534590 code [0x0000020fca5347e0, 0x0000020fca535208]
Event: 191.966 Thread 0x0000020fe060ade0 3870       3       java.util.regex.Pattern::sequence (647 bytes)
Event: 191.969 Thread 0x0000020fe060ade0 nmethod 3870 0x0000020fca535490 code [0x0000020fca535a80, 0x0000020fca538bc8]
Event: 191.969 Thread 0x0000020fe060ade0 3869       3       java.util.regex.Pattern::atom (422 bytes)
Event: 191.970 Thread 0x0000020fe060ade0 nmethod 3869 0x0000020fca539a10 code [0x0000020fca539d80, 0x0000020fca53b4c8]
Event: 191.970 Thread 0x0000020fe060ade0 3868       3       java.util.regex.Pattern::append (43 bytes)
Event: 191.971 Thread 0x0000020fe060ade0 nmethod 3868 0x0000020fca53bb90 code [0x0000020fca53bd60, 0x0000020fca53c158]
Event: 191.971 Thread 0x0000020fe060ade0 3871       3       java.util.regex.Pattern::expr (142 bytes)
Event: 191.972 Thread 0x0000020fe060ade0 nmethod 3871 0x0000020fca53c310 code [0x0000020fca53c580, 0x0000020fca53d068]
Event: 191.972 Thread 0x0000020fe060ade0 3874       1       java.util.Collections$EmptyList::size (2 bytes)
Event: 191.972 Thread 0x0000020fe060ade0 nmethod 3874 0x0000020fd1a8e890 code [0x0000020fd1a8ea20, 0x0000020fd1a8eaf8]
Event: 191.972 Thread 0x0000020fe060ade0 3875       1       org.apache.maven.model.building.DefaultModelBuildingRequest::getPomFile (5 bytes)
Event: 191.972 Thread 0x0000020fe060ade0 nmethod 3875 0x0000020fd1a8eb90 code [0x0000020fd1a8ed20, 0x0000020fd1a8edd8]
Event: 191.972 Thread 0x0000020fe060ade0 3872       1       org.apache.maven.model.Profile::getBuild (5 bytes)
Event: 191.972 Thread 0x0000020fe060ade0 nmethod 3872 0x0000020fd1a8ee90 code [0x0000020fd1a8f020, 0x0000020fd1a8f0d8]

GC Heap History (8 events):
Event: 1.574 GC heap before
{Heap before GC invocations=0 (full 0):
 garbage-first heap   total 129024K, used 23552K [0x0000000082800000, 0x0000000100000000)
  region size 1024K, 23 young (23552K), 0 survivors (0K)
 Metaspace       used 4959K, committed 5120K, reserved 1114112K
  class space    used 560K, committed 640K, reserved 1048576K
}
Event: 1.632 GC heap after
{Heap after GC invocations=1 (full 0):
 garbage-first heap   total 129024K, used 3567K [0x0000000082800000, 0x0000000100000000)
  region size 1024K, 3 young (3072K), 3 survivors (3072K)
 Metaspace       used 4959K, committed 5120K, reserved 1114112K
  class space    used 560K, committed 640K, reserved 1048576K
}
Event: 3.554 GC heap before
{Heap before GC invocations=1 (full 0):
 garbage-first heap   total 129024K, used 35311K [0x0000000082800000, 0x0000000100000000)
  region size 1024K, 34 young (34816K), 3 survivors (3072K)
 Metaspace       used 10399K, committed 10688K, reserved 1114112K
  class space    used 1229K, committed 1344K, reserved 1048576K
}
Event: 3.563 GC heap after
{Heap after GC invocations=2 (full 0):
 garbage-first heap   total 129024K, used 5803K [0x0000000082800000, 0x0000000100000000)
  region size 1024K, 3 young (3072K), 3 survivors (3072K)
 Metaspace       used 10399K, committed 10688K, reserved 1114112K
  class space    used 1229K, committed 1344K, reserved 1048576K
}
Event: 180.963 GC heap before
{Heap before GC invocations=2 (full 0):
 garbage-first heap   total 129024K, used 79531K [0x0000000082800000, 0x0000000100000000)
  region size 1024K, 75 young (76800K), 3 survivors (3072K)
 Metaspace       used 13375K, committed 13632K, reserved 1114112K
  class space    used 1466K, committed 1600K, reserved 1048576K
}
Event: 181.823 GC heap after
{Heap after GC invocations=3 (full 0):
 garbage-first heap   total 129024K, used 13095K [0x0000000082800000, 0x0000000100000000)
  region size 1024K, 10 young (10240K), 10 survivors (10240K)
 Metaspace       used 13375K, committed 13632K, reserved 1114112K
  class space    used 1466K, committed 1600K, reserved 1048576K
}
Event: 189.829 GC heap before
{Heap before GC invocations=3 (full 0):
 garbage-first heap   total 129024K, used 28455K [0x0000000082800000, 0x0000000100000000)
  region size 1024K, 25 young (25600K), 10 survivors (10240K)
 Metaspace       used 13743K, committed 13952K, reserved 1114112K
  class space    used 1480K, committed 1600K, reserved 1048576K
}
Event: 191.951 GC heap after
{Heap after GC invocations=4 (full 0):
 garbage-first heap   total 129024K, used 14394K [0x0000000082800000, 0x0000000100000000)
  region size 1024K, 2 young (2048K), 2 survivors (2048K)
 Metaspace       used 13743K, committed 13952K, reserved 1114112K
  class space    used 1480K, committed 1600K, reserved 1048576K
}

Dll operation events (8 events):
Event: 0.038 Loaded shared library C:\Program Files\Java\jdk-19\bin\java.dll
Event: 0.140 Loaded shared library C:\Program Files\Java\jdk-19\bin\jsvml.dll
Event: 0.283 Loaded shared library C:\Program Files\Java\jdk-19\bin\net.dll
Event: 0.284 Loaded shared library C:\Program Files\Java\jdk-19\bin\nio.dll
Event: 0.287 Loaded shared library C:\Program Files\Java\jdk-19\bin\zip.dll
Event: 0.589 Loaded shared library C:\Program Files\Java\jdk-19\bin\jimage.dll
Event: 0.640 Loaded shared library C:\Users\User\Desktop\NETBEAN\NetBeans-15\netbeans\java\maven\lib\jansi-native\Windows\x86_64\jansi.dll
Event: 0.657 Loaded shared library C:\Program Files\Java\jdk-19\bin\verify.dll

Deoptimization events (20 events):
Event: 184.130 Thread 0x0000020fc1e8e400 Uncommon trap: trap_request=0xffffffbe fr.pc=0x0000020fd1a5ed24 relative=0x00000000000014c4
Event: 184.130 Thread 0x0000020fc1e8e400 Uncommon trap: reason=profile_predicate action=maybe_recompile pc=0x0000020fd1a5ed24 method=java.util.regex.Pattern$CharPropertyGreedy.match(Ljava/util/regex/Matcher;ILjava/lang/CharSequence;)Z @ 15 c2
Event: 184.130 Thread 0x0000020fc1e8e400 DEOPT PACKING pc=0x0000020fd1a5ed24 sp=0x0000004bc2bfe010
Event: 184.130 Thread 0x0000020fc1e8e400 DEOPT UNPACKING pc=0x0000020fd1386da3 sp=0x0000004bc2bfdfa0 mode 2
Event: 184.130 Thread 0x0000020fc1e8e400 Uncommon trap: trap_request=0xffffffbe fr.pc=0x0000020fd1a5ed24 relative=0x00000000000014c4
Event: 184.130 Thread 0x0000020fc1e8e400 Uncommon trap: reason=profile_predicate action=maybe_recompile pc=0x0000020fd1a5ed24 method=java.util.regex.Pattern$CharPropertyGreedy.match(Ljava/util/regex/Matcher;ILjava/lang/CharSequence;)Z @ 15 c2
Event: 184.133 Thread 0x0000020fc1e8e400 DEOPT PACKING pc=0x0000020fd1a5ed24 sp=0x0000004bc2bfe0b0
Event: 184.133 Thread 0x0000020fc1e8e400 DEOPT UNPACKING pc=0x0000020fd1386da3 sp=0x0000004bc2bfe040 mode 2
Event: 184.471 Thread 0x0000020fc1e8e400 Uncommon trap: trap_request=0xffffffbe fr.pc=0x0000020fd1a79eec relative=0x000000000000150c
Event: 184.471 Thread 0x0000020fc1e8e400 Uncommon trap: reason=profile_predicate action=maybe_recompile pc=0x0000020fd1a79eec method=java.util.regex.Pattern$CharPropertyGreedy.match(Ljava/util/regex/Matcher;ILjava/lang/CharSequence;)Z @ 103 c2
Event: 184.471 Thread 0x0000020fc1e8e400 DEOPT PACKING pc=0x0000020fd1a79eec sp=0x0000004bc2bfe040
Event: 184.471 Thread 0x0000020fc1e8e400 DEOPT UNPACKING pc=0x0000020fd1386da3 sp=0x0000004bc2bfdfd0 mode 2
Event: 184.472 Thread 0x0000020fc1e8e400 Uncommon trap: trap_request=0xffffffbe fr.pc=0x0000020fd1a79eec relative=0x000000000000150c
Event: 184.472 Thread 0x0000020fc1e8e400 Uncommon trap: reason=profile_predicate action=maybe_recompile pc=0x0000020fd1a79eec method=java.util.regex.Pattern$CharPropertyGreedy.match(Ljava/util/regex/Matcher;ILjava/lang/CharSequence;)Z @ 103 c2
Event: 184.472 Thread 0x0000020fc1e8e400 DEOPT PACKING pc=0x0000020fd1a79eec sp=0x0000004bc2bfe0b0
Event: 184.472 Thread 0x0000020fc1e8e400 DEOPT UNPACKING pc=0x0000020fd1386da3 sp=0x0000004bc2bfe040 mode 2
Event: 184.477 Thread 0x0000020fc1e8e400 DEOPT PACKING pc=0x0000020fc9e80df9 sp=0x0000004bc2bfe010
Event: 184.477 Thread 0x0000020fc1e8e400 DEOPT UNPACKING pc=0x0000020fd1387543 sp=0x0000004bc2bfd4f0 mode 0
Event: 184.488 Thread 0x0000020fc1e8e400 DEOPT PACKING pc=0x0000020fc9e810d1 sp=0x0000004bc2bfe010
Event: 184.488 Thread 0x0000020fc1e8e400 DEOPT UNPACKING pc=0x0000020fd1387543 sp=0x0000004bc2bfd500 mode 0

Classes loaded (20 events):
Event: 4.186 Loading class sun/invoke/util/ValueConversions$1
Event: 4.186 Loading class sun/invoke/util/ValueConversions$1 done
Event: 4.187 Loading class java/lang/invoke/BoundMethodHandle$Species_LI
Event: 4.187 Loading class java/lang/invoke/BoundMethodHandle$Species_LI done
Event: 4.827 Loading class java/util/LinkedList$ListItr
Event: 4.828 Loading class java/util/LinkedList$ListItr done
Event: 137.659 Loading class java/io/InterruptedIOException
Event: 137.665 Loading class java/io/InterruptedIOException done
Event: 138.203 Loading class java/util/concurrent/locks/ReentrantReadWriteLock$NonfairSync
Event: 138.203 Loading class java/util/concurrent/locks/ReentrantReadWriteLock$Sync
Event: 138.204 Loading class java/util/concurrent/locks/ReentrantReadWriteLock$Sync done
Event: 138.204 Loading class java/util/concurrent/locks/ReentrantReadWriteLock$NonfairSync done
Event: 138.230 Loading class java/util/concurrent/locks/ReentrantReadWriteLock$Sync$ThreadLocalHoldCounter
Event: 138.231 Loading class java/util/concurrent/locks/ReentrantReadWriteLock$Sync$ThreadLocalHoldCounter done
Event: 138.287 Loading class java/util/concurrent/locks/ReentrantReadWriteLock$ReadLock
Event: 138.298 Loading class java/util/concurrent/locks/ReentrantReadWriteLock$ReadLock done
Event: 138.298 Loading class java/util/concurrent/locks/ReentrantReadWriteLock$WriteLock
Event: 138.298 Loading class java/util/concurrent/locks/ReentrantReadWriteLock$WriteLock done
Event: 181.905 Loading class sun/nio/cs/ISO_8859_1$Decoder
Event: 181.909 Loading class sun/nio/cs/ISO_8859_1$Decoder done

Classes unloaded (0 events):
No events

Classes redefined (0 events):
No events

Internal exceptions (20 events):
Event: 138.396 Thread 0x0000020fc1e8e400 Exception <a 'java/io/IOException'{0x0000000088f66d88}> (0x0000000088f66d88) 
thrown [s\open\src\hotspot\share\prims\jni.cpp, line 517]
Event: 138.396 Thread 0x0000020fc1e8e400 Exception <a 'java/io/IOException'{0x0000000088f67a08}> (0x0000000088f67a08) 
thrown [s\open\src\hotspot\share\prims\jni.cpp, line 517]
Event: 138.396 Thread 0x0000020fc1e8e400 Exception <a 'java/io/IOException'{0x0000000088f68008}> (0x0000000088f68008) 
thrown [s\open\src\hotspot\share\prims\jni.cpp, line 517]
Event: 138.396 Thread 0x0000020fc1e8e400 Exception <a 'java/io/IOException'{0x0000000088f685d0}> (0x0000000088f685d0) 
thrown [s\open\src\hotspot\share\prims\jni.cpp, line 517]
Event: 138.396 Thread 0x0000020fc1e8e400 Exception <a 'java/io/IOException'{0x0000000088f688e8}> (0x0000000088f688e8) 
thrown [s\open\src\hotspot\share\prims\jni.cpp, line 517]
Event: 183.536 Thread 0x0000020fc1e8e400 Implicit null exception at 0x0000020fd194c0ef to 0x0000020fd194c2c0
Event: 183.537 Thread 0x0000020fc1e8e400 Implicit null exception at 0x0000020fd19352ef to 0x0000020fd19354b8
Event: 183.537 Thread 0x0000020fc1e8e400 Implicit null exception at 0x0000020fd192e82f to 0x0000020fd192e8a9
Event: 185.609 Thread 0x0000020fc1e8e400 Exception <a 'java/io/IOException'{0x0000000089cdc798}> (0x0000000089cdc798) 
thrown [s\open\src\hotspot\share\prims\jni.cpp, line 517]
Event: 185.610 Thread 0x0000020fc1e8e400 Exception <a 'java/io/IOException'{0x0000000089cdcd98}> (0x0000000089cdcd98) 
thrown [s\open\src\hotspot\share\prims\jni.cpp, line 517]
Event: 185.610 Thread 0x0000020fc1e8e400 Exception <a 'java/io/IOException'{0x0000000089cdd360}> (0x0000000089cdd360) 
thrown [s\open\src\hotspot\share\prims\jni.cpp, line 517]
Event: 185.610 Thread 0x0000020fc1e8e400 Exception <a 'java/io/IOException'{0x0000000089cdd928}> (0x0000000089cdd928) 
thrown [s\open\src\hotspot\share\prims\jni.cpp, line 517]
Event: 185.610 Thread 0x0000020fc1e8e400 Exception <a 'java/io/IOException'{0x0000000089cde1e8}> (0x0000000089cde1e8) 
thrown [s\open\src\hotspot\share\prims\jni.cpp, line 517]
Event: 185.611 Thread 0x0000020fc1e8e400 Exception <a 'java/io/IOException'{0x0000000089cde7e8}> (0x0000000089cde7e8) 
thrown [s\open\src\hotspot\share\prims\jni.cpp, line 517]
Event: 185.611 Thread 0x0000020fc1e8e400 Exception <a 'java/io/IOException'{0x0000000089cdedb0}> (0x0000000089cdedb0) 
thrown [s\open\src\hotspot\share\prims\jni.cpp, line 517]
Event: 185.611 Thread 0x0000020fc1e8e400 Exception <a 'java/io/IOException'{0x0000000089cdf378}> (0x0000000089cdf378) 
thrown [s\open\src\hotspot\share\prims\jni.cpp, line 517]
Event: 185.612 Thread 0x0000020fc1e8e400 Exception <a 'java/io/IOException'{0x0000000089ce11c8}> (0x0000000089ce11c8) 
thrown [s\open\src\hotspot\share\prims\jni.cpp, line 517]
Event: 185.612 Thread 0x0000020fc1e8e400 Exception <a 'java/io/IOException'{0x0000000089ce17c8}> (0x0000000089ce17c8) 
thrown [s\open\src\hotspot\share\prims\jni.cpp, line 517]
Event: 185.612 Thread 0x0000020fc1e8e400 Exception <a 'java/io/IOException'{0x0000000089ce1d90}> (0x0000000089ce1d90) 
thrown [s\open\src\hotspot\share\prims\jni.cpp, line 517]
Event: 185.612 Thread 0x0000020fc1e8e400 Exception <a 'java/io/IOException'{0x0000000089ce2358}> (0x0000000089ce2358) 
thrown [s\open\src\hotspot\share\prims\jni.cpp, line 517]

VM Operations (20 events):
Event: 180.480 Executing VM operation: HandshakeAllThreads
Event: 180.504 Executing VM operation: HandshakeAllThreads done
Event: 180.962 Executing VM operation: G1CollectForAllocation
Event: 181.871 Executing VM operation: G1CollectForAllocation done
Event: 182.880 Executing VM operation: Cleanup
Event: 182.903 Executing VM operation: Cleanup done
Event: 183.917 Executing VM operation: Cleanup
Event: 184.181 Executing VM operation: Cleanup done
Event: 185.186 Executing VM operation: Cleanup
Event: 185.220 Executing VM operation: Cleanup done
Event: 186.256 Executing VM operation: Cleanup
Event: 186.265 Executing VM operation: Cleanup done
Event: 187.281 Executing VM operation: Cleanup
Event: 187.282 Executing VM operation: Cleanup done
Event: 188.306 Executing VM operation: Cleanup
Event: 188.442 Executing VM operation: Cleanup done
Event: 189.486 Executing VM operation: Cleanup
Event: 189.513 Executing VM operation: Cleanup done
Event: 189.809 Executing VM operation: G1CollectForAllocation
Event: 191.951 Executing VM operation: G1CollectForAllocation done

Events (12 events):
Event: 0.140 Thread 0x0000020fc1e8e400 Thread added: 0x0000020fc1e8e400
Event: 0.197 Thread 0x0000020fe0600290 Thread added: 0x0000020fe0600290
Event: 0.197 Thread 0x0000020fe0600dc0 Thread added: 0x0000020fe0600dc0
Event: 0.212 Thread 0x0000020fe0603900 Thread added: 0x0000020fe0603900
Event: 0.227 Thread 0x0000020fe06065a0 Thread added: 0x0000020fe06065a0
Event: 0.227 Thread 0x0000020fe0606ed0 Thread added: 0x0000020fe0606ed0
Event: 0.228 Thread 0x0000020fe0607800 Thread added: 0x0000020fe0607800
Event: 0.228 Thread 0x0000020fe0608460 Thread added: 0x0000020fe0608460
Event: 0.228 Thread 0x0000020fe060ade0 Thread added: 0x0000020fe060ade0
Event: 0.228 Thread 0x0000020fe060b750 Thread added: 0x0000020fe060b750
Event: 0.262 Thread 0x0000020fe48cbeb0 Thread added: 0x0000020fe48cbeb0
Event: 0.266 Thread 0x0000020fe48d26c0 Thread added: 0x0000020fe48d26c0


Dynamic libraries:
0x00007ff75d2a0000 - 0x00007ff75d2b0000 	C:\Program Files\Java\jdk-19\bin\java.exe
0x00007ffd17dc0000 - 0x00007ffd17fc9000 	C:\WINDOWS\SYSTEM32\ntdll.dll
0x00007ffd16ad0000 - 0x00007ffd16b8e000 	C:\WINDOWS\System32\KERNEL32.DLL
0x00007ffd15870000 - 0x00007ffd15bf4000 	C:\WINDOWS\System32\KERNELBASE.dll
0x00007ffd15270000 - 0x00007ffd15381000 	C:\WINDOWS\System32\ucrtbase.dll
0x00007ffcfb4c0000 - 0x00007ffcfb4d8000 	C:\Program Files\Java\jdk-19\bin\jli.dll
0x00007ffd177a0000 - 0x00007ffd1784f000 	C:\WINDOWS\System32\ADVAPI32.dll
0x00007ffd176d0000 - 0x00007ffd17773000 	C:\WINDOWS\System32\msvcrt.dll
0x00007ffd17630000 - 0x00007ffd176ce000 	C:\WINDOWS\System32\sechost.dll
0x00007ffd16910000 - 0x00007ffd16a31000 	C:\WINDOWS\System32\RPCRT4.dll
0x00007ffd12330000 - 0x00007ffd1234b000 	C:\Program Files\Java\jdk-19\bin\VCRUNTIME140.dll
0x00007ffd15cd0000 - 0x00007ffd15e7d000 	C:\WINDOWS\System32\USER32.dll
0x00007ffd15c00000 - 0x00007ffd15c26000 	C:\WINDOWS\System32\win32u.dll
0x00007ffd16c70000 - 0x00007ffd16c9a000 	C:\WINDOWS\System32\GDI32.dll
0x00007ffd15540000 - 0x00007ffd1565f000 	C:\WINDOWS\System32\gdi32full.dll
0x00007ffcff340000 - 0x00007ffcff5e5000 	C:\WINDOWS\WinSxS\amd64_microsoft.windows.common-controls_6595b64144ccf1df_6.0.22000.120_none_9d947278b86cc467\COMCTL32.dll
0x00007ffd15660000 - 0x00007ffd156fd000 	C:\WINDOWS\System32\msvcp_win.dll
0x00007ffd0f3f0000 - 0x00007ffd0f3fa000 	C:\WINDOWS\SYSTEM32\VERSION.dll
0x00007ffd15c90000 - 0x00007ffd15cc1000 	C:\WINDOWS\System32\IMM32.DLL
0x00007ffd12380000 - 0x00007ffd1238c000 	C:\Program Files\Java\jdk-19\bin\vcruntime140_1.dll
0x00007ffcea700000 - 0x00007ffcea78e000 	C:\Program Files\Java\jdk-19\bin\msvcp140.dll
0x00007ffcaf740000 - 0x00007ffcb0400000 	C:\Program Files\Java\jdk-19\bin\server\jvm.dll
0x00007ffce9940000 - 0x00007ffce9949000 	C:\WINDOWS\SYSTEM32\WSOCK32.dll
0x00007ffd15e80000 - 0x00007ffd15eef000 	C:\WINDOWS\System32\WS2_32.dll
0x00007ffd0f410000 - 0x00007ffd0f443000 	C:\WINDOWS\SYSTEM32\WINMM.dll
0x00007ffd143e0000 - 0x00007ffd143f8000 	C:\WINDOWS\SYSTEM32\kernel.appcore.dll
0x00007ffd11b30000 - 0x00007ffd11b3a000 	C:\Program Files\Java\jdk-19\bin\jimage.dll
0x00007ffd12ed0000 - 0x00007ffd130f1000 	C:\WINDOWS\SYSTEM32\DBGHELP.DLL
0x00007ffcfca70000 - 0x00007ffcfcaa1000 	C:\WINDOWS\SYSTEM32\dbgcore.DLL
0x00007ffd15450000 - 0x00007ffd154cf000 	C:\WINDOWS\System32\bcryptPrimitives.dll
0x00007ffd11ab0000 - 0x00007ffd11ad6000 	C:\Program Files\Java\jdk-19\bin\java.dll
0x00007ffce79d0000 - 0x00007ffce7aa7000 	C:\Program Files\Java\jdk-19\bin\jsvml.dll
0x00007ffd16ca0000 - 0x00007ffd17465000 	C:\WINDOWS\System32\SHELL32.dll
0x00007ffd13360000 - 0x00007ffd13bc4000 	C:\WINDOWS\SYSTEM32\windows.storage.dll
0x00007ffd16520000 - 0x00007ffd16896000 	C:\WINDOWS\System32\combase.dll
0x00007ffd131f0000 - 0x00007ffd13357000 	C:\WINDOWS\SYSTEM32\wintypes.dll
0x00007ffd174d0000 - 0x00007ffd175ba000 	C:\WINDOWS\System32\SHCORE.dll
0x00007ffd15c30000 - 0x00007ffd15c8d000 	C:\WINDOWS\System32\shlwapi.dll
0x00007ffd151a0000 - 0x00007ffd151c1000 	C:\WINDOWS\SYSTEM32\profapi.dll
0x00007ffd04080000 - 0x00007ffd04093000 	C:\Program Files\Java\jdk-19\bin\net.dll
0x00007ffd0edc0000 - 0x00007ffd0eed3000 	C:\WINDOWS\SYSTEM32\WINHTTP.dll
0x00007ffd14880000 - 0x00007ffd148e7000 	C:\WINDOWS\system32\mswsock.dll
0x00007ffcfd5f0000 - 0x00007ffcfd606000 	C:\Program Files\Java\jdk-19\bin\nio.dll
0x00007ffcfd5d0000 - 0x00007ffcfd5e8000 	C:\Program Files\Java\jdk-19\bin\zip.dll
0x0000000069ac0000 - 0x0000000069ae4000 	C:\Users\User\Desktop\NETBEAN\NetBeans-15\netbeans\java\maven\lib\jansi-native\Windows\x86_64\jansi.dll
0x00007ffd10620000 - 0x00007ffd10630000 	C:\Program Files\Java\jdk-19\bin\verify.dll

dbghelp: loaded successfully - version: 4.0.5 - missing functions: none
symbol engine: initialized successfully - sym options: 0x614 - pdb path: .;C:\Program Files\Java\jdk-19\bin;C:\WINDOWS\SYSTEM32;C:\WINDOWS\WinSxS\amd64_microsoft.windows.common-controls_6595b64144ccf1df_6.0.22000.120_none_9d947278b86cc467;C:\Program Files\Java\jdk-19\bin\server;C:\Users\User\Desktop\NETBEAN\NetBeans-15\netbeans\java\maven\lib\jansi-native\Windows\x86_64

VM Arguments:
jvm_args: -Dclassworlds.conf=C:\Users\User\Desktop\NETBEAN\NetBeans-15\netbeans\java\maven\bin\m2.conf -Dmaven.home=C:\Users\User\Desktop\NETBEAN\NetBeans-15\netbeans\java\maven -Dlibrary.jansi.path=C:\Users\User\Desktop\NETBEAN\NetBeans-15\netbeans\java\maven\lib\jansi-native -Dmaven.multiModuleProjectDirectory=C:\Users\User\Desktop\NETBEAN\WallStreetWarriors 
java_command: org.codehaus.plexus.classworlds.launcher.Launcher -Dmaven.ext.class.path=C:\Users\User\Desktop\NETBEAN\NetBeans-15\netbeans\java\maven-nblib\netbeans-eventspy.jar install
java_class_path (initial): C:\Users\User\Desktop\NETBEAN\NetBeans-15\netbeans\java\maven\boot\plexus-classworlds-2.6.0.jar
Launcher Type: SUN_STANDARD

[Global flags]
     intx CICompilerCount                          = 4                                         {product} {ergonomic}
     uint ConcGCThreads                            = 2                                         {product} {ergonomic}
     uint G1ConcRefinementThreads                  = 8                                         {product} {ergonomic}
   size_t G1HeapRegionSize                         = 1048576                                   {product} {ergonomic}
    uintx GCDrainStackTargetSize                   = 64                                        {product} {ergonomic}
   size_t InitialHeapSize                          = 132120576                                 {product} {ergonomic}
   size_t MarkStackSize                            = 4194304                                   {product} {ergonomic}
   size_t MaxHeapSize                              = 2105540608                                {product} {ergonomic}
   size_t MaxNewSize                               = 1262485504                                {product} {ergonomic}
   size_t MinHeapDeltaBytes                        = 1048576                                   {product} {ergonomic}
   size_t MinHeapSize                              = 8388608                                   {product} {ergonomic}
    uintx NonNMethodCodeHeapSize                   = 5839372                                {pd product} {ergonomic}
    uintx NonProfiledCodeHeapSize                  = 122909434                              {pd product} {ergonomic}
    uintx ProfiledCodeHeapSize                     = 122909434                              {pd product} {ergonomic}
    uintx ReservedCodeCacheSize                    = 251658240                              {pd product} {ergonomic}
     bool SegmentedCodeCache                       = true                                      {product} {ergonomic}
   size_t SoftMaxHeapSize                          = 2105540608                             {manageable} {ergonomic}
     bool UseCompressedClassPointers               = true                           {product lp64_product} {ergonomic}
     bool UseCompressedOops                        = true                           {product lp64_product} {ergonomic}
     bool UseG1GC                                  = true                                      {product} {ergonomic}
     bool UseLargePagesIndividualAllocation        = false                                  {pd product} {ergonomic}

Logging:
Log output configuration:
 #0: stdout all=warning uptime,level,tags foldmultilines=false
 #1: stderr all=off uptime,level,tags foldmultilines=false

Environment Variables:
JAVA_HOME=C:\Program Files\Java\jdk-19
PATH=C:\Program Files\Common Files\Oracle\Java\javapath;C:\Windows\system32;C:\Windows;C:\Windows\System32\Wbem;C:\Windows\System32\WindowsPowerShell\v1.0\;C:\Windows\System32\OpenSSH\;C:\Program Files (x86)\NVIDIA Corporation\PhysX\Common;C:\Program Files\NVIDIA Corporation\NVIDIA NvDLISR;C:\WINDOWS\system32;C:\WINDOWS;C:\WINDOWS\System32\Wbem;C:\WINDOWS\System32\WindowsPowerShell\v1.0\;C:\WINDOWS\System32\OpenSSH\;C:\Program Files\Java\jdk-19\bin;C:\Program Files\Microsoft SQL Server\130\Tools\Binn\;C:\Program Files\nodejs\;C:\Program Files\Git\cmd;C:\Users\User\AppData\Local\Programs\Python\Python311\Scripts\;C:\Users\User\AppData\Local\Programs\Python\Python311\;C:\Users\User\AppData\Local\Microsoft\WindowsApps;C:\Users\User\Desktop\Useful tools\Microsoft VS Code\bin;C:\Users\User\AppData\Local\GitHubDesktop\bin;C:\Users\User\AppData\Roaming\npm;C:\Program Files\Graphviz\bin
USERNAME=User
OS=Windows_NT
PROCESSOR_IDENTIFIER=Intel64 Family 6 Model 165 Stepping 2, GenuineIntel
TMP=C:\Users\User\AppData\Local\Temp
TEMP=C:\Users\User\AppData\Local\Temp



---------------  S Y S T E M  ---------------

OS:
 Windows 11 , 64 bit Build 22000 (10.0.22000.1880)
OS uptime: 3 days 20:46 hours

CPU: total 8 (initial active 8) (4 cores per cpu, 2 threads per core) family 6 model 165 stepping 2 microcode 0xe0, cx8, cmov, fxsr, ht, mmx, 3dnowpref, sse, sse2, sse3, ssse3, sse4.1, sse4.2, popcnt, lzcnt, tsc, tscinvbit, avx, avx2, aes, erms, clmul, bmi1, bmi2, adx, fma, vzeroupper, clflush, clflushopt, rdtscp

Memory: 4k page, system-wide physical 8029M (50M free)
TotalPageFile size 32605M (AvailPageFile size 0M)
current process WorkingSet (physical memory assigned to process): 10M, peak: 107M
current process commit charge ("private bytes"): 246M, peak: 255M

vm_info: Java HotSpot(TM) 64-Bit Server VM (19+36-2238) for windows-amd64 JRE (19+36-2238), built on 2022-08-12T20:29:01Z by "mach5one" with MS VC++ 17.1 (VS2022)

END.
