#
# There is insufficient memory for the Java Runtime Environment to continue.
# Native memory allocation (malloc) failed to allocate 473280 bytes for Chunk::new
# Possible reasons:
#   The system is out of physical RAM or swap space
#   The process is running with CompressedOops enabled, and the Java Heap may be blocking the growth of the native heap
# Possible solutions:
#   Reduce memory load on the system
#   Increase physical memory or swap space
#   Check if swap backing store is full
#   Decrease Java heap size (-Xmx/-Xms)
#   Decrease number of Java threads
#   Decrease Java thread stack sizes (-Xss)
#   Set larger code cache with -XX:ReservedCodeCacheSize=
#   JVM is running with Unscaled Compressed Oops mode in which the Java heap is
#     placed in the first 4GB address space. The Java Heap base address is the
#     maximum limit for the native heap growth. Please use -XX:HeapBaseMinAddress
#     to set the Java Heap base and to place the Java Heap above 4GB virtual address.
# This output file may be truncated or incomplete.
#
#  Out of Memory Error (arena.cpp:184), pid=16096, tid=21208
#
# JRE version: Java(TM) SE Runtime Environment (19.0+36) (build 19+36-2238)
# Java VM: Java HotSpot(TM) 64-Bit Server VM (19+36-2238, mixed mode, sharing, tiered, compressed oops, compressed class ptrs, g1 gc, windows-amd64)
# No core dump will be written. Minidumps are not enabled by default on client versions of Windows
#

---------------  S U M M A R Y ------------

Command Line: -Dclassworlds.conf=C:\Users\User\Desktop\NETBEAN\NetBeans-15\netbeans\java\maven\bin\m2.conf -Dmaven.home=C:\Users\User\Desktop\NETBEAN\NetBeans-15\netbeans\java\maven -Dlibrary.jansi.path=C:\Users\User\Desktop\NETBEAN\NetBeans-15\netbeans\java\maven\lib\jansi-native -Dmaven.multiModuleProjectDirectory=C:\Users\User\Desktop\NETBEAN\WallStreetWarriors org.codehaus.plexus.classworlds.launcher.Launcher -Dmaven.ext.class.path=C:\Users\User\Desktop\NETBEAN\NetBeans-15\netbeans\java\maven-nblib\netbeans-eventspy.jar install

Host: Intel(R) Core(TM) i5-10300H CPU @ 2.50GHz, 8 cores, 7G,  Windows 11 , 64 bit Build 22000 (10.0.22000.1880)
Time: Mon Jun 12 20:45:29 2023 Malay Peninsula Standard Time elapsed time: 241.543224 seconds (0d 0h 4m 1s)

---------------  T H R E A D  ---------------

Current thread (0x00000183a7e1f290):  JavaThread "C2 CompilerThread0" daemon [_thread_in_native, id=21208, stack(0x000000298f200000,0x000000298f300000)]


Current CompileTask:
C2: 241545 3590       4       org.codehaus.plexus.interpolation.reflection.ReflectionValueExtractor::getClassMap (58 bytes)

Stack: [0x000000298f200000,0x000000298f300000]
Native frames: (J=compiled Java code, j=interpreted, Vv=VM code, C=native code)
V  [jvm.dll+0x6ee8fa]
V  [jvm.dll+0x857a1e]
V  [jvm.dll+0x85940e]
V  [jvm.dll+0x859ac3]
V  [jvm.dll+0x28291f]
V  [jvm.dll+0xc9b5f]
V  [jvm.dll+0xc9ee5]
V  [jvm.dll+0x3bcbac]
V  [jvm.dll+0x386201]
V  [jvm.dll+0x38567a]
V  [jvm.dll+0x24c2c9]
V  [jvm.dll+0x24b671]
V  [jvm.dll+0x1d6d61]
V  [jvm.dll+0x25b0fa]
V  [jvm.dll+0x259588]
V  [jvm.dll+0x807928]
V  [jvm.dll+0x8015fa]
V  [jvm.dll+0x6ed5eb]
C  [ucrtbase.dll+0x26c0c]
C  [KERNEL32.DLL+0x155a0]
C  [ntdll.dll+0x485b]


---------------  P R O C E S S  ---------------

Threads class SMR info:
_java_thread_list=0x00000183ac069a10, length=12, elements={
0x00000183896de040, 0x00000183a7e172e0, 0x00000183a7e17e10, 0x00000183a7e1aa90,
0x00000183a7e1d3d0, 0x00000183a7e1dd00, 0x00000183a7e1e630, 0x00000183a7e1f290,
0x00000183a7e200e0, 0x00000183a7e21390, 0x00000183ac0d9c50, 0x00000183ac0e4620
}

Java Threads: ( => current thread )
  0x00000183896de040 JavaThread "main" [_thread_in_Java, id=31848, stack(0x000000298e500000,0x000000298e600000)]
  0x00000183a7e172e0 JavaThread "Reference Handler" daemon [_thread_blocked, id=18632, stack(0x000000298ec00000,0x000000298ed00000)]
  0x00000183a7e17e10 JavaThread "Finalizer" daemon [_thread_blocked, id=7796, stack(0x000000298ed00000,0x000000298ee00000)]
  0x00000183a7e1aa90 JavaThread "Signal Dispatcher" daemon [_thread_blocked, id=25812, stack(0x000000298ee00000,0x000000298ef00000)]
  0x00000183a7e1d3d0 JavaThread "Attach Listener" daemon [_thread_blocked, id=19520, stack(0x000000298ef00000,0x000000298f000000)]
  0x00000183a7e1dd00 JavaThread "Service Thread" daemon [_thread_blocked, id=5420, stack(0x000000298f000000,0x000000298f100000)]
  0x00000183a7e1e630 JavaThread "Monitor Deflation Thread" daemon [_thread_blocked, id=28360, stack(0x000000298f100000,0x000000298f200000)]
=>0x00000183a7e1f290 JavaThread "C2 CompilerThread0" daemon [_thread_in_native, id=21208, stack(0x000000298f200000,0x000000298f300000)]
  0x00000183a7e200e0 JavaThread "C1 CompilerThread0" daemon [_thread_blocked, id=28068, stack(0x000000298f300000,0x000000298f400000)]
  0x00000183a7e21390 JavaThread "Sweeper thread" daemon [_thread_blocked, id=5228, stack(0x000000298f400000,0x000000298f500000)]
  0x00000183ac0d9c50 JavaThread "Notification Thread" daemon [_thread_blocked, id=4852, stack(0x000000298f500000,0x000000298f600000)]
  0x00000183ac0e4620 JavaThread "Common-Cleaner" daemon [_thread_blocked, id=29320, stack(0x000000298f700000,0x000000298f800000)]

Other Threads:
  0x00000183a7df97a0 VMThread "VM Thread" [stack: 0x000000298eb00000,0x000000298ec00000] [id=28620]
  0x00000183ac0e01b0 WatcherThread "VM Periodic Task Thread" [stack: 0x000000298f600000,0x000000298f700000] [id=31636]
  0x000001838973dfe0 WorkerThread "GC Thread#0" [stack: 0x000000298e600000,0x000000298e700000] [id=28512]
  0x00000183acd915e0 WorkerThread "GC Thread#1" [stack: 0x000000298f800000,0x000000298f900000] [id=20472]
  0x00000183acd92120 WorkerThread "GC Thread#2" [stack: 0x000000298f900000,0x000000298fa00000] [id=13016]
  0x00000183acd923f0 WorkerThread "GC Thread#3" [stack: 0x000000298fa00000,0x000000298fb00000] [id=32576]
  0x00000183acd918b0 WorkerThread "GC Thread#4" [stack: 0x000000298fb00000,0x000000298fc00000] [id=32580]
  0x00000183acd92990 WorkerThread "GC Thread#5" [stack: 0x000000298fc00000,0x000000298fd00000] [id=32636]
  0x00000183acd91b80 WorkerThread "GC Thread#6" [stack: 0x000000298fd00000,0x000000298fe00000] [id=32640]
  0x00000183acd93200 WorkerThread "GC Thread#7" [stack: 0x000000298fe00000,0x000000298ff00000] [id=32644]
  0x000001838974ea40 ConcurrentGCThread "G1 Main Marker" [stack: 0x000000298e700000,0x000000298e800000] [id=24692]
  0x000001838974f470 WorkerThread "G1 Conc#0" [stack: 0x000000298e800000,0x000000298e900000] [id=25912]
  0x00000183897adb80 ConcurrentGCThread "G1 Refine#0" [stack: 0x000000298e900000,0x000000298ea00000] [id=10512]
  0x00000183897ae9c0 ConcurrentGCThread "G1 Service" [stack: 0x000000298ea00000,0x000000298eb00000] [id=27684]

Threads with active compile tasks:
C2 CompilerThread0   246313 3590       4       org.codehaus.plexus.interpolation.reflection.ReflectionValueExtractor::getClassMap (58 bytes)

VM state: not at safepoint (normal execution)

VM Mutex/Monitor currently owned by a thread: None

Heap address: 0x0000000082800000, size: 2008 MB, Compressed Oops mode: 32-bit

CDS archive(s) mapped at: [0x0000000800000000-0x0000000800c40000-0x0000000800c40000), size 12845056, SharedBaseAddress: 0x0000000800000000, ArchiveRelocationMode: 0.
Compressed class space mapped at: 0x0000000801000000-0x0000000841000000, reserved size: 1073741824
Narrow klass base: 0x0000000800000000, Narrow klass shift: 0, Narrow klass range: 0x100000000

GC Precious Log:
 CardTable entry size: 512
 Card Set container configuration: InlinePtr #cards 5 size 8 Array Of Cards #cards 12 size 40 Howl #buckets 4 coarsen threshold 1843 Howl Bitmap #cards 512 size 80 coarsen threshold 460 Card regions per heap region 1 cards per card region 2048
 CPUs: 8 total, 8 available
 Memory: 8029M
 Large Page Support: Disabled
 NUMA Support: Disabled
 Compressed Oops: Enabled (32-bit)
 Heap Region Size: 1M
 Heap Min Capacity: 8M
 Heap Initial Capacity: 126M
 Heap Max Capacity: 2008M
 Pre-touch: Disabled
 Parallel Workers: 8
 Concurrent Workers: 2
 Concurrent Refinement Workers: 8
 Periodic GC: Disabled

Heap:
 garbage-first heap   total 129024K, used 13184K [0x0000000082800000, 0x0000000100000000)
  region size 1024K, 11 young (11264K), 10 survivors (10240K)
 Metaspace       used 13421K, committed 13696K, reserved 1114112K
  class space    used 1466K, committed 1600K, reserved 1048576K

Heap Regions: E=young(eden), S=young(survivor), O=old, HS=humongous(starts), HC=humongous(continues), CS=collection set, F=free, OA=open archive, CA=closed archive, TAMS=top-at-mark-start (previous, next)
|   0|0x0000000082800000, 0x0000000082900000, 0x0000000082900000|100%| O|  |TAMS 0x0000000082800000, 0x0000000082800000| Untracked 
|   1|0x0000000082900000, 0x0000000082a00000, 0x0000000082a00000|100%| O|  |TAMS 0x0000000082900000, 0x0000000082900000| Untracked 
|   2|0x0000000082a00000, 0x0000000082b00000, 0x0000000082b00000|100%| O|  |TAMS 0x0000000082a00000, 0x0000000082a00000| Untracked 
|   3|0x0000000082b00000, 0x0000000082b70800, 0x0000000082c00000| 43%| O|  |TAMS 0x0000000082b00000, 0x0000000082b00000| Untracked 
|   4|0x0000000082c00000, 0x0000000082c00000, 0x0000000082d00000|  0%| F|  |TAMS 0x0000000082c00000, 0x0000000082c00000| Untracked 
|   5|0x0000000082d00000, 0x0000000082d00000, 0x0000000082e00000|  0%| F|  |TAMS 0x0000000082d00000, 0x0000000082d00000| Untracked 
|   6|0x0000000082e00000, 0x0000000082e00000, 0x0000000082f00000|  0%| F|  |TAMS 0x0000000082e00000, 0x0000000082e00000| Untracked 
|   7|0x0000000082f00000, 0x0000000082f00000, 0x0000000083000000|  0%| F|  |TAMS 0x0000000082f00000, 0x0000000082f00000| Untracked 
|   8|0x0000000083000000, 0x0000000083000000, 0x0000000083100000|  0%| F|  |TAMS 0x0000000083000000, 0x0000000083000000| Untracked 
|   9|0x0000000083100000, 0x0000000083100000, 0x0000000083200000|  0%| F|  |TAMS 0x0000000083100000, 0x0000000083100000| Untracked 
|  10|0x0000000083200000, 0x0000000083200000, 0x0000000083300000|  0%| F|  |TAMS 0x0000000083200000, 0x0000000083200000| Untracked 
|  11|0x0000000083300000, 0x0000000083300000, 0x0000000083400000|  0%| F|  |TAMS 0x0000000083300000, 0x0000000083300000| Untracked 
|  12|0x0000000083400000, 0x0000000083400000, 0x0000000083500000|  0%| F|  |TAMS 0x0000000083400000, 0x0000000083400000| Untracked 
|  13|0x0000000083500000, 0x0000000083500000, 0x0000000083600000|  0%| F|  |TAMS 0x0000000083500000, 0x0000000083500000| Untracked 
|  14|0x0000000083600000, 0x0000000083600000, 0x0000000083700000|  0%| F|  |TAMS 0x0000000083600000, 0x0000000083600000| Untracked 
|  15|0x0000000083700000, 0x0000000083700000, 0x0000000083800000|  0%| F|  |TAMS 0x0000000083700000, 0x0000000083700000| Untracked 
|  16|0x0000000083800000, 0x0000000083800000, 0x0000000083900000|  0%| F|  |TAMS 0x0000000083800000, 0x0000000083800000| Untracked 
|  17|0x0000000083900000, 0x0000000083900000, 0x0000000083a00000|  0%| F|  |TAMS 0x0000000083900000, 0x0000000083900000| Untracked 
|  18|0x0000000083a00000, 0x0000000083a00000, 0x0000000083b00000|  0%| F|  |TAMS 0x0000000083a00000, 0x0000000083a00000| Untracked 
|  19|0x0000000083b00000, 0x0000000083b00000, 0x0000000083c00000|  0%| F|  |TAMS 0x0000000083b00000, 0x0000000083b00000| Untracked 
|  20|0x0000000083c00000, 0x0000000083c00000, 0x0000000083d00000|  0%| F|  |TAMS 0x0000000083c00000, 0x0000000083c00000| Untracked 
|  21|0x0000000083d00000, 0x0000000083d00000, 0x0000000083e00000|  0%| F|  |TAMS 0x0000000083d00000, 0x0000000083d00000| Untracked 
|  22|0x0000000083e00000, 0x0000000083e00000, 0x0000000083f00000|  0%| F|  |TAMS 0x0000000083e00000, 0x0000000083e00000| Untracked 
|  23|0x0000000083f00000, 0x0000000083f00000, 0x0000000084000000|  0%| F|  |TAMS 0x0000000083f00000, 0x0000000083f00000| Untracked 
|  24|0x0000000084000000, 0x0000000084000000, 0x0000000084100000|  0%| F|  |TAMS 0x0000000084000000, 0x0000000084000000| Untracked 
|  25|0x0000000084100000, 0x0000000084100000, 0x0000000084200000|  0%| F|  |TAMS 0x0000000084100000, 0x0000000084100000| Untracked 
|  26|0x0000000084200000, 0x0000000084200000, 0x0000000084300000|  0%| F|  |TAMS 0x0000000084200000, 0x0000000084200000| Untracked 
|  27|0x0000000084300000, 0x0000000084300000, 0x0000000084400000|  0%| F|  |TAMS 0x0000000084300000, 0x0000000084300000| Untracked 
|  28|0x0000000084400000, 0x0000000084400000, 0x0000000084500000|  0%| F|  |TAMS 0x0000000084400000, 0x0000000084400000| Untracked 
|  29|0x0000000084500000, 0x0000000084500000, 0x0000000084600000|  0%| F|  |TAMS 0x0000000084500000, 0x0000000084500000| Untracked 
|  30|0x0000000084600000, 0x0000000084600000, 0x0000000084700000|  0%| F|  |TAMS 0x0000000084600000, 0x0000000084600000| Untracked 
|  31|0x0000000084700000, 0x0000000084700000, 0x0000000084800000|  0%| F|  |TAMS 0x0000000084700000, 0x0000000084700000| Untracked 
|  32|0x0000000084800000, 0x0000000084800000, 0x0000000084900000|  0%| F|  |TAMS 0x0000000084800000, 0x0000000084800000| Untracked 
|  33|0x0000000084900000, 0x0000000084900000, 0x0000000084a00000|  0%| F|  |TAMS 0x0000000084900000, 0x0000000084900000| Untracked 
|  34|0x0000000084a00000, 0x0000000084a00000, 0x0000000084b00000|  0%| F|  |TAMS 0x0000000084a00000, 0x0000000084a00000| Untracked 
|  35|0x0000000084b00000, 0x0000000084b00000, 0x0000000084c00000|  0%| F|  |TAMS 0x0000000084b00000, 0x0000000084b00000| Untracked 
|  36|0x0000000084c00000, 0x0000000084c00000, 0x0000000084d00000|  0%| F|  |TAMS 0x0000000084c00000, 0x0000000084c00000| Untracked 
|  37|0x0000000084d00000, 0x0000000084d00000, 0x0000000084e00000|  0%| F|  |TAMS 0x0000000084d00000, 0x0000000084d00000| Untracked 
|  38|0x0000000084e00000, 0x0000000084e00000, 0x0000000084f00000|  0%| F|  |TAMS 0x0000000084e00000, 0x0000000084e00000| Untracked 
|  39|0x0000000084f00000, 0x0000000084f00000, 0x0000000085000000|  0%| F|  |TAMS 0x0000000084f00000, 0x0000000084f00000| Untracked 
|  40|0x0000000085000000, 0x0000000085000000, 0x0000000085100000|  0%| F|  |TAMS 0x0000000085000000, 0x0000000085000000| Untracked 
|  41|0x0000000085100000, 0x000000008516f870, 0x0000000085200000| 43%| S|CS|TAMS 0x0000000085100000, 0x0000000085100000| Complete 
|  42|0x0000000085200000, 0x0000000085300000, 0x0000000085300000|100%| S|CS|TAMS 0x0000000085200000, 0x0000000085200000| Complete 
|  43|0x0000000085300000, 0x0000000085400000, 0x0000000085400000|100%| S|CS|TAMS 0x0000000085300000, 0x0000000085300000| Complete 
|  44|0x0000000085400000, 0x0000000085500000, 0x0000000085500000|100%| S|CS|TAMS 0x0000000085400000, 0x0000000085400000| Complete 
|  45|0x0000000085500000, 0x0000000085600000, 0x0000000085600000|100%| S|CS|TAMS 0x0000000085500000, 0x0000000085500000| Complete 
|  46|0x0000000085600000, 0x0000000085700000, 0x0000000085700000|100%| S|CS|TAMS 0x0000000085600000, 0x0000000085600000| Complete 
|  47|0x0000000085700000, 0x0000000085800000, 0x0000000085800000|100%| S|CS|TAMS 0x0000000085700000, 0x0000000085700000| Complete 
|  48|0x0000000085800000, 0x0000000085900000, 0x0000000085900000|100%| S|CS|TAMS 0x0000000085800000, 0x0000000085800000| Complete 
|  49|0x0000000085900000, 0x0000000085a00000, 0x0000000085a00000|100%| S|CS|TAMS 0x0000000085900000, 0x0000000085900000| Complete 
|  50|0x0000000085a00000, 0x0000000085b00000, 0x0000000085b00000|100%| S|CS|TAMS 0x0000000085a00000, 0x0000000085a00000| Complete 
|  51|0x0000000085b00000, 0x0000000085b00000, 0x0000000085c00000|  0%| F|  |TAMS 0x0000000085b00000, 0x0000000085b00000| Untracked 
|  52|0x0000000085c00000, 0x0000000085c00000, 0x0000000085d00000|  0%| F|  |TAMS 0x0000000085c00000, 0x0000000085c00000| Untracked 
|  53|0x0000000085d00000, 0x0000000085d00000, 0x0000000085e00000|  0%| F|  |TAMS 0x0000000085d00000, 0x0000000085d00000| Untracked 
|  54|0x0000000085e00000, 0x0000000085e00000, 0x0000000085f00000|  0%| F|  |TAMS 0x0000000085e00000, 0x0000000085e00000| Untracked 
|  55|0x0000000085f00000, 0x0000000085f00000, 0x0000000086000000|  0%| F|  |TAMS 0x0000000085f00000, 0x0000000085f00000| Untracked 
|  56|0x0000000086000000, 0x0000000086000000, 0x0000000086100000|  0%| F|  |TAMS 0x0000000086000000, 0x0000000086000000| Untracked 
|  57|0x0000000086100000, 0x0000000086100000, 0x0000000086200000|  0%| F|  |TAMS 0x0000000086100000, 0x0000000086100000| Untracked 
|  58|0x0000000086200000, 0x0000000086200000, 0x0000000086300000|  0%| F|  |TAMS 0x0000000086200000, 0x0000000086200000| Untracked 
|  59|0x0000000086300000, 0x0000000086300000, 0x0000000086400000|  0%| F|  |TAMS 0x0000000086300000, 0x0000000086300000| Untracked 
|  60|0x0000000086400000, 0x0000000086400000, 0x0000000086500000|  0%| F|  |TAMS 0x0000000086400000, 0x0000000086400000| Untracked 
|  61|0x0000000086500000, 0x0000000086500000, 0x0000000086600000|  0%| F|  |TAMS 0x0000000086500000, 0x0000000086500000| Untracked 
|  62|0x0000000086600000, 0x0000000086600000, 0x0000000086700000|  0%| F|  |TAMS 0x0000000086600000, 0x0000000086600000| Untracked 
|  63|0x0000000086700000, 0x0000000086700000, 0x0000000086800000|  0%| F|  |TAMS 0x0000000086700000, 0x0000000086700000| Untracked 
|  64|0x0000000086800000, 0x0000000086800000, 0x0000000086900000|  0%| F|  |TAMS 0x0000000086800000, 0x0000000086800000| Untracked 
|  65|0x0000000086900000, 0x0000000086900000, 0x0000000086a00000|  0%| F|  |TAMS 0x0000000086900000, 0x0000000086900000| Untracked 
|  66|0x0000000086a00000, 0x0000000086a00000, 0x0000000086b00000|  0%| F|  |TAMS 0x0000000086a00000, 0x0000000086a00000| Untracked 
|  67|0x0000000086b00000, 0x0000000086b00000, 0x0000000086c00000|  0%| F|  |TAMS 0x0000000086b00000, 0x0000000086b00000| Untracked 
|  68|0x0000000086c00000, 0x0000000086c00000, 0x0000000086d00000|  0%| F|  |TAMS 0x0000000086c00000, 0x0000000086c00000| Untracked 
|  69|0x0000000086d00000, 0x0000000086d00000, 0x0000000086e00000|  0%| F|  |TAMS 0x0000000086d00000, 0x0000000086d00000| Untracked 
|  70|0x0000000086e00000, 0x0000000086e00000, 0x0000000086f00000|  0%| F|  |TAMS 0x0000000086e00000, 0x0000000086e00000| Untracked 
|  71|0x0000000086f00000, 0x0000000086f00000, 0x0000000087000000|  0%| F|  |TAMS 0x0000000086f00000, 0x0000000086f00000| Untracked 
|  72|0x0000000087000000, 0x0000000087000000, 0x0000000087100000|  0%| F|  |TAMS 0x0000000087000000, 0x0000000087000000| Untracked 
|  73|0x0000000087100000, 0x0000000087100000, 0x0000000087200000|  0%| F|  |TAMS 0x0000000087100000, 0x0000000087100000| Untracked 
|  74|0x0000000087200000, 0x0000000087200000, 0x0000000087300000|  0%| F|  |TAMS 0x0000000087200000, 0x0000000087200000| Untracked 
|  75|0x0000000087300000, 0x0000000087300000, 0x0000000087400000|  0%| F|  |TAMS 0x0000000087300000, 0x0000000087300000| Untracked 
|  76|0x0000000087400000, 0x0000000087400000, 0x0000000087500000|  0%| F|  |TAMS 0x0000000087400000, 0x0000000087400000| Untracked 
|  77|0x0000000087500000, 0x0000000087500000, 0x0000000087600000|  0%| F|  |TAMS 0x0000000087500000, 0x0000000087500000| Untracked 
|  78|0x0000000087600000, 0x0000000087600000, 0x0000000087700000|  0%| F|  |TAMS 0x0000000087600000, 0x0000000087600000| Untracked 
|  79|0x0000000087700000, 0x0000000087700000, 0x0000000087800000|  0%| F|  |TAMS 0x0000000087700000, 0x0000000087700000| Untracked 
|  80|0x0000000087800000, 0x0000000087800000, 0x0000000087900000|  0%| F|  |TAMS 0x0000000087800000, 0x0000000087800000| Untracked 
|  81|0x0000000087900000, 0x0000000087900000, 0x0000000087a00000|  0%| F|  |TAMS 0x0000000087900000, 0x0000000087900000| Untracked 
|  82|0x0000000087a00000, 0x0000000087a00000, 0x0000000087b00000|  0%| F|  |TAMS 0x0000000087a00000, 0x0000000087a00000| Untracked 
|  83|0x0000000087b00000, 0x0000000087b00000, 0x0000000087c00000|  0%| F|  |TAMS 0x0000000087b00000, 0x0000000087b00000| Untracked 
|  84|0x0000000087c00000, 0x0000000087c00000, 0x0000000087d00000|  0%| F|  |TAMS 0x0000000087c00000, 0x0000000087c00000| Untracked 
|  85|0x0000000087d00000, 0x0000000087d00000, 0x0000000087e00000|  0%| F|  |TAMS 0x0000000087d00000, 0x0000000087d00000| Untracked 
|  86|0x0000000087e00000, 0x0000000087e00000, 0x0000000087f00000|  0%| F|  |TAMS 0x0000000087e00000, 0x0000000087e00000| Untracked 
|  87|0x0000000087f00000, 0x0000000087f00000, 0x0000000088000000|  0%| F|  |TAMS 0x0000000087f00000, 0x0000000087f00000| Untracked 
|  88|0x0000000088000000, 0x0000000088000000, 0x0000000088100000|  0%| F|  |TAMS 0x0000000088000000, 0x0000000088000000| Untracked 
|  89|0x0000000088100000, 0x0000000088100000, 0x0000000088200000|  0%| F|  |TAMS 0x0000000088100000, 0x0000000088100000| Untracked 
|  90|0x0000000088200000, 0x0000000088200000, 0x0000000088300000|  0%| F|  |TAMS 0x0000000088200000, 0x0000000088200000| Untracked 
|  91|0x0000000088300000, 0x0000000088300000, 0x0000000088400000|  0%| F|  |TAMS 0x0000000088300000, 0x0000000088300000| Untracked 
|  92|0x0000000088400000, 0x0000000088400000, 0x0000000088500000|  0%| F|  |TAMS 0x0000000088400000, 0x0000000088400000| Untracked 
|  93|0x0000000088500000, 0x0000000088500000, 0x0000000088600000|  0%| F|  |TAMS 0x0000000088500000, 0x0000000088500000| Untracked 
|  94|0x0000000088600000, 0x0000000088600000, 0x0000000088700000|  0%| F|  |TAMS 0x0000000088600000, 0x0000000088600000| Untracked 
|  95|0x0000000088700000, 0x0000000088700000, 0x0000000088800000|  0%| F|  |TAMS 0x0000000088700000, 0x0000000088700000| Untracked 
|  96|0x0000000088800000, 0x0000000088800000, 0x0000000088900000|  0%| F|  |TAMS 0x0000000088800000, 0x0000000088800000| Untracked 
|  97|0x0000000088900000, 0x0000000088900000, 0x0000000088a00000|  0%| F|  |TAMS 0x0000000088900000, 0x0000000088900000| Untracked 
|  98|0x0000000088a00000, 0x0000000088a00000, 0x0000000088b00000|  0%| F|  |TAMS 0x0000000088a00000, 0x0000000088a00000| Untracked 
|  99|0x0000000088b00000, 0x0000000088b00000, 0x0000000088c00000|  0%| F|  |TAMS 0x0000000088b00000, 0x0000000088b00000| Untracked 
| 100|0x0000000088c00000, 0x0000000088c00000, 0x0000000088d00000|  0%| F|  |TAMS 0x0000000088c00000, 0x0000000088c00000| Untracked 
| 101|0x0000000088d00000, 0x0000000088d00000, 0x0000000088e00000|  0%| F|  |TAMS 0x0000000088d00000, 0x0000000088d00000| Untracked 
| 102|0x0000000088e00000, 0x0000000088e00000, 0x0000000088f00000|  0%| F|  |TAMS 0x0000000088e00000, 0x0000000088e00000| Untracked 
| 103|0x0000000088f00000, 0x0000000088f00000, 0x0000000089000000|  0%| F|  |TAMS 0x0000000088f00000, 0x0000000088f00000| Untracked 
| 104|0x0000000089000000, 0x0000000089000000, 0x0000000089100000|  0%| F|  |TAMS 0x0000000089000000, 0x0000000089000000| Untracked 
| 105|0x0000000089100000, 0x0000000089100000, 0x0000000089200000|  0%| F|  |TAMS 0x0000000089100000, 0x0000000089100000| Untracked 
| 106|0x0000000089200000, 0x0000000089200000, 0x0000000089300000|  0%| F|  |TAMS 0x0000000089200000, 0x0000000089200000| Untracked 
| 107|0x0000000089300000, 0x0000000089300000, 0x0000000089400000|  0%| F|  |TAMS 0x0000000089300000, 0x0000000089300000| Untracked 
| 108|0x0000000089400000, 0x0000000089400000, 0x0000000089500000|  0%| F|  |TAMS 0x0000000089400000, 0x0000000089400000| Untracked 
| 109|0x0000000089500000, 0x0000000089500000, 0x0000000089600000|  0%| F|  |TAMS 0x0000000089500000, 0x0000000089500000| Untracked 
| 110|0x0000000089600000, 0x0000000089600000, 0x0000000089700000|  0%| F|  |TAMS 0x0000000089600000, 0x0000000089600000| Untracked 
| 111|0x0000000089700000, 0x0000000089700000, 0x0000000089800000|  0%| F|  |TAMS 0x0000000089700000, 0x0000000089700000| Untracked 
| 112|0x0000000089800000, 0x0000000089800000, 0x0000000089900000|  0%| F|  |TAMS 0x0000000089800000, 0x0000000089800000| Untracked 
| 113|0x0000000089900000, 0x0000000089900000, 0x0000000089a00000|  0%| F|  |TAMS 0x0000000089900000, 0x0000000089900000| Untracked 
| 114|0x0000000089a00000, 0x0000000089a00000, 0x0000000089b00000|  0%| F|  |TAMS 0x0000000089a00000, 0x0000000089a00000| Untracked 
| 115|0x0000000089b00000, 0x0000000089b00000, 0x0000000089c00000|  0%| F|  |TAMS 0x0000000089b00000, 0x0000000089b00000| Untracked 
| 116|0x0000000089c00000, 0x0000000089c00000, 0x0000000089d00000|  0%| F|  |TAMS 0x0000000089c00000, 0x0000000089c00000| Untracked 
| 117|0x0000000089d00000, 0x0000000089d00000, 0x0000000089e00000|  0%| F|  |TAMS 0x0000000089d00000, 0x0000000089d00000| Untracked 
| 118|0x0000000089e00000, 0x0000000089e00000, 0x0000000089f00000|  0%| F|  |TAMS 0x0000000089e00000, 0x0000000089e00000| Untracked 
| 119|0x0000000089f00000, 0x0000000089f00000, 0x000000008a000000|  0%| F|  |TAMS 0x0000000089f00000, 0x0000000089f00000| Untracked 
| 120|0x000000008a000000, 0x000000008a000000, 0x000000008a100000|  0%| F|  |TAMS 0x000000008a000000, 0x000000008a000000| Untracked 
| 121|0x000000008a100000, 0x000000008a100000, 0x000000008a200000|  0%| F|  |TAMS 0x000000008a100000, 0x000000008a100000| Untracked 
| 122|0x000000008a200000, 0x000000008a200000, 0x000000008a300000|  0%| F|  |TAMS 0x000000008a200000, 0x000000008a200000| Untracked 
| 123|0x000000008a300000, 0x000000008a300000, 0x000000008a400000|  0%| F|  |TAMS 0x000000008a300000, 0x000000008a300000| Untracked 
| 124|0x000000008a400000, 0x000000008a400000, 0x000000008a500000|  0%| F|  |TAMS 0x000000008a400000, 0x000000008a400000| Untracked 
| 125|0x000000008a500000, 0x000000008a5c6d00, 0x000000008a600000| 77%| E|  |TAMS 0x000000008a500000, 0x000000008a500000| Complete 

Card table byte_map: [0x00000183a0d60000,0x00000183a1150000] _byte_map_base: 0x00000183a094c000

Marking Bits (Prev, Next): (CMBitMap*) 0x000001838973e610, (CMBitMap*) 0x000001838973e650
 Prev Bits: [0x00000183a1540000, 0x00000183a34a0000)
 Next Bits: [0x00000183a34a0000, 0x00000183a5400000)

Polling page: 0x00000183875b0000

Metaspace:

Usage:
  Non-class:     11.67 MB used.
      Class:      1.43 MB used.
       Both:     13.11 MB used.

Virtual space:
  Non-class space:       64.00 MB reserved,      11.81 MB ( 18%) committed,  1 nodes.
      Class space:        1.00 GB reserved,       1.56 MB ( <1%) committed,  1 nodes.
             Both:        1.06 GB reserved,      13.38 MB (  1%) committed. 

Chunk freelists:
   Non-Class:  3.26 MB
       Class:  2.47 MB
        Both:  5.74 MB

MaxMetaspaceSize: unlimited
CompressedClassSpaceSize: 1.00 GB
Initial GC threshold: 21.00 MB
Current GC threshold: 21.00 MB
CDS: on
MetaspaceReclaimPolicy: balanced
 - commit_granule_bytes: 65536.
 - commit_granule_words: 8192.
 - virtual_space_node_default_size: 8388608.
 - enlarge_chunks_in_place: 1.
 - new_chunks_are_fully_committed: 0.
 - uncommit_free_chunks: 1.
 - use_allocation_guard: 0.


Internal statistics:

num_allocs_failed_limit: 0.
num_arena_births: 240.
num_arena_deaths: 0.
num_vsnodes_births: 2.
num_vsnodes_deaths: 0.
num_space_committed: 214.
num_space_uncommitted: 0.
num_chunks_returned_to_freelist: 0.
num_chunks_taken_from_freelist: 687.
num_chunk_merges: 0.
num_chunk_splits: 494.
num_chunks_enlarged: 371.
num_inconsistent_stats: 0.

CodeHeap 'non-profiled nmethods': size=120000Kb used=1751Kb max_used=1751Kb free=118248Kb
 bounds [0x0000018399110000, 0x0000018399380000, 0x00000183a0640000]
CodeHeap 'profiled nmethods': size=120000Kb used=6886Kb max_used=6886Kb free=113113Kb
 bounds [0x0000018391640000, 0x0000018391d00000, 0x0000018398b70000]
CodeHeap 'non-nmethods': size=5760Kb used=1266Kb max_used=1337Kb free=4493Kb
 bounds [0x0000018398b70000, 0x0000018398de0000, 0x0000018399110000]
 total_blobs=3958 nmethods=3482 adapters=386
 compilation: enabled
              stopped_count=0, restarted_count=0
 full_count=0

Compilation events (20 events):
Event: 230.395 Thread 0x00000183a7e1f290 nmethod 3580 0x00000183992c5390 code [0x00000183992c5520, 0x00000183992c5668]
Event: 230.547 Thread 0x00000183a7e1f290 3581       4       com.google.inject.internal.InternalContext::close (38 bytes)
Event: 230.547 Thread 0x00000183a7e200e0 3582       3       java.util.Properties::getProperty (16 bytes)
Event: 230.547 Thread 0x00000183a7e200e0 nmethod 3582 0x0000018391cf3e90 code [0x0000018391cf4040, 0x0000018391cf4268]
Event: 230.549 Thread 0x00000183a7e200e0 3583       3       java.io.File::isFile (34 bytes)
Event: 232.051 Thread 0x00000183a7e200e0 nmethod 3583 0x0000018391cf4310 code [0x0000018391cf4500, 0x0000018391cf4918]
Event: 232.051 Thread 0x00000183a7e200e0 3584       3       org.eclipse.aether.util.version.GenericVersion$Tokenizer::next (231 bytes)
Event: 232.051 Thread 0x00000183a7e1f290 nmethod 3581 0x00000183992c5810 code [0x00000183992c59a0, 0x00000183992c5ab8]
Event: 232.054 Thread 0x00000183a7e200e0 nmethod 3584 0x0000018391cf4a90 code [0x0000018391cf4d20, 0x0000018391cf5c08]
Event: 232.368 Thread 0x00000183a7e200e0 3586   !   3       java.lang.ref.NativeReferenceQueue::enqueue (20 bytes)
Event: 232.368 Thread 0x00000183a7e200e0 nmethod 3586 0x0000018391cf6090 code [0x0000018391cf6240, 0x0000018391cf6468]
Event: 232.368 Thread 0x00000183a7e200e0 3587       3       java.lang.ref.NativeReferenceQueue::signal (8 bytes)
Event: 232.368 Thread 0x00000183a7e200e0 nmethod 3587 0x0000018391cf6590 code [0x0000018391cf6740, 0x0000018391cf6888]
Event: 233.876 Thread 0x00000183a7e200e0 3588       3       org.apache.maven.model.building.DefaultModelBuildingRequest::getUserProperties (23 bytes)
Event: 233.876 Thread 0x00000183a7e200e0 nmethod 3588 0x0000018391cf6990 code [0x0000018391cf6b40, 0x0000018391cf6e08]
Event: 235.100 Thread 0x00000183a7e200e0 3589       3       org.codehaus.plexus.interpolation.reflection.ClassMap::makeMethodKey (239 bytes)
Event: 235.796 Thread 0x00000183a7e200e0 nmethod 3589 0x0000018391cf6f10 code [0x0000018391cf72a0, 0x0000018391cf8d48]
Event: 235.853 Thread 0x00000183a7e1f290 3590       4       org.codehaus.plexus.interpolation.reflection.ReflectionValueExtractor::getClassMap (58 bytes)
Event: 238.157 Thread 0x00000183a7e200e0 3592       3       org.eclipse.aether.graph.Dependency::isOptional (11 bytes)
Event: 238.166 Thread 0x00000183a7e200e0 nmethod 3592 0x0000018391cf9510 code [0x0000018391cf96c0, 0x0000018391cf99f8]

GC Heap History (6 events):
Event: 2.265 GC heap before
{Heap before GC invocations=0 (full 0):
 garbage-first heap   total 129024K, used 23552K [0x0000000082800000, 0x0000000100000000)
  region size 1024K, 23 young (23552K), 0 survivors (0K)
 Metaspace       used 4979K, committed 5120K, reserved 1114112K
  class space    used 561K, committed 640K, reserved 1048576K
}
Event: 3.632 GC heap after
{Heap after GC invocations=1 (full 0):
 garbage-first heap   total 129024K, used 3720K [0x0000000082800000, 0x0000000100000000)
  region size 1024K, 3 young (3072K), 3 survivors (3072K)
 Metaspace       used 4979K, committed 5120K, reserved 1114112K
  class space    used 561K, committed 640K, reserved 1048576K
}
Event: 5.263 GC heap before
{Heap before GC invocations=1 (full 0):
 garbage-first heap   total 129024K, used 34440K [0x0000000082800000, 0x0000000100000000)
  region size 1024K, 34 young (34816K), 3 survivors (3072K)
 Metaspace       used 10402K, committed 10688K, reserved 1114112K
  class space    used 1229K, committed 1344K, reserved 1048576K
}
Event: 5.272 GC heap after
{Heap after GC invocations=2 (full 0):
 garbage-first heap   total 129024K, used 6025K [0x0000000082800000, 0x0000000100000000)
  region size 1024K, 3 young (3072K), 3 survivors (3072K)
 Metaspace       used 10402K, committed 10688K, reserved 1114112K
  class space    used 1229K, committed 1344K, reserved 1048576K
}
Event: 230.591 GC heap before
{Heap before GC invocations=2 (full 0):
 garbage-first heap   total 129024K, used 79753K [0x0000000082800000, 0x0000000100000000)
  region size 1024K, 75 young (76800K), 3 survivors (3072K)
 Metaspace       used 13417K, committed 13696K, reserved 1114112K
  class space    used 1466K, committed 1600K, reserved 1048576K
}
Event: 232.048 GC heap after
{Heap after GC invocations=3 (full 0):
 garbage-first heap   total 129024K, used 13184K [0x0000000082800000, 0x0000000100000000)
  region size 1024K, 10 young (10240K), 10 survivors (10240K)
 Metaspace       used 13417K, committed 13696K, reserved 1114112K
  class space    used 1466K, committed 1600K, reserved 1048576K
}

Dll operation events (8 events):
Event: 0.190 Loaded shared library C:\Program Files\Java\jdk-19\bin\java.dll
Event: 0.630 Loaded shared library C:\Program Files\Java\jdk-19\bin\jsvml.dll
Event: 1.189 Loaded shared library C:\Program Files\Java\jdk-19\bin\net.dll
Event: 1.193 Loaded shared library C:\Program Files\Java\jdk-19\bin\nio.dll
Event: 1.227 Loaded shared library C:\Program Files\Java\jdk-19\bin\zip.dll
Event: 1.431 Loaded shared library C:\Program Files\Java\jdk-19\bin\jimage.dll
Event: 1.470 Loaded shared library C:\Users\User\Desktop\NETBEAN\NetBeans-15\netbeans\java\maven\lib\jansi-native\Windows\x86_64\jansi.dll
Event: 1.487 Loaded shared library C:\Program Files\Java\jdk-19\bin\verify.dll

Deoptimization events (20 events):
Event: 223.789 Thread 0x00000183896de040 Uncommon trap: trap_request=0xffffff45 fr.pc=0x000001839924656c relative=0x00000000000000ac
Event: 223.789 Thread 0x00000183896de040 Uncommon trap: reason=unstable_if action=reinterpret pc=0x000001839924656c method=org.apache.maven.model.io.xpp3.MavenXpp3Reader.nextTag(Lorg/codehaus/plexus/util/xml/pull/XmlPullParser;)I @ 9 c2
Event: 223.789 Thread 0x00000183896de040 DEOPT PACKING pc=0x000001839924656c sp=0x000000298e5fcee0
Event: 223.789 Thread 0x00000183896de040 DEOPT UNPACKING pc=0x0000018398bd6da3 sp=0x000000298e5fce70 mode 2
Event: 228.308 Thread 0x00000183896de040 Uncommon trap: trap_request=0xffffffbe fr.pc=0x00000183992aea68 relative=0x00000000000010e8
Event: 228.308 Thread 0x00000183896de040 Uncommon trap: reason=profile_predicate action=maybe_recompile pc=0x00000183992aea68 method=java.util.concurrent.ConcurrentHashMap.putAll(Ljava/util/Map;)V @ 28 c2
Event: 228.308 Thread 0x00000183896de040 DEOPT PACKING pc=0x00000183992aea68 sp=0x000000298e5fce20
Event: 228.309 Thread 0x00000183896de040 DEOPT UNPACKING pc=0x0000018398bd6da3 sp=0x000000298e5fcdf0 mode 2
Event: 228.312 Thread 0x00000183896de040 Uncommon trap: trap_request=0xffffffbe fr.pc=0x00000183992aea68 relative=0x00000000000010e8
Event: 228.312 Thread 0x00000183896de040 Uncommon trap: reason=profile_predicate action=maybe_recompile pc=0x00000183992aea68 method=java.util.concurrent.ConcurrentHashMap.putAll(Ljava/util/Map;)V @ 28 c2
Event: 228.312 Thread 0x00000183896de040 DEOPT PACKING pc=0x00000183992aea68 sp=0x000000298e5fcd20
Event: 228.312 Thread 0x00000183896de040 DEOPT UNPACKING pc=0x0000018398bd6da3 sp=0x000000298e5fccf0 mode 2
Event: 228.322 Thread 0x00000183896de040 Uncommon trap: trap_request=0xffffffbe fr.pc=0x00000183992aea68 relative=0x00000000000010e8
Event: 228.322 Thread 0x00000183896de040 Uncommon trap: reason=profile_predicate action=maybe_recompile pc=0x00000183992aea68 method=java.util.concurrent.ConcurrentHashMap.putAll(Ljava/util/Map;)V @ 28 c2
Event: 228.322 Thread 0x00000183896de040 DEOPT PACKING pc=0x00000183992aea68 sp=0x000000298e5fce70
Event: 228.322 Thread 0x00000183896de040 DEOPT UNPACKING pc=0x0000018398bd6da3 sp=0x000000298e5fce40 mode 2
Event: 228.322 Thread 0x00000183896de040 Uncommon trap: trap_request=0xffffffbe fr.pc=0x00000183992aea68 relative=0x00000000000010e8
Event: 228.322 Thread 0x00000183896de040 Uncommon trap: reason=profile_predicate action=maybe_recompile pc=0x00000183992aea68 method=java.util.concurrent.ConcurrentHashMap.putAll(Ljava/util/Map;)V @ 28 c2
Event: 228.322 Thread 0x00000183896de040 DEOPT PACKING pc=0x00000183992aea68 sp=0x000000298e5fcd20
Event: 228.322 Thread 0x00000183896de040 DEOPT UNPACKING pc=0x0000018398bd6da3 sp=0x000000298e5fccf0 mode 2

Classes loaded (20 events):
Event: 5.666 Loading class java/lang/Byte$ByteCache
Event: 5.666 Loading class java/lang/Byte$ByteCache done
Event: 5.687 Loading class sun/invoke/util/ValueConversions$1
Event: 5.687 Loading class sun/invoke/util/ValueConversions$1 done
Event: 5.688 Loading class java/lang/invoke/BoundMethodHandle$Species_LI
Event: 5.688 Loading class java/lang/invoke/BoundMethodHandle$Species_LI done
Event: 6.260 Loading class java/util/LinkedList$ListItr
Event: 6.265 Loading class java/util/LinkedList$ListItr done
Event: 179.210 Loading class java/io/InterruptedIOException
Event: 179.229 Loading class java/io/InterruptedIOException done
Event: 181.071 Loading class java/util/concurrent/locks/ReentrantReadWriteLock$NonfairSync
Event: 181.071 Loading class java/util/concurrent/locks/ReentrantReadWriteLock$Sync
Event: 181.075 Loading class java/util/concurrent/locks/ReentrantReadWriteLock$Sync done
Event: 181.075 Loading class java/util/concurrent/locks/ReentrantReadWriteLock$NonfairSync done
Event: 181.099 Loading class java/util/concurrent/locks/ReentrantReadWriteLock$Sync$ThreadLocalHoldCounter
Event: 181.101 Loading class java/util/concurrent/locks/ReentrantReadWriteLock$Sync$ThreadLocalHoldCounter done
Event: 181.102 Loading class java/util/concurrent/locks/ReentrantReadWriteLock$ReadLock
Event: 181.102 Loading class java/util/concurrent/locks/ReentrantReadWriteLock$ReadLock done
Event: 181.102 Loading class java/util/concurrent/locks/ReentrantReadWriteLock$WriteLock
Event: 181.102 Loading class java/util/concurrent/locks/ReentrantReadWriteLock$WriteLock done

Classes unloaded (0 events):
No events

Classes redefined (0 events):
No events

Internal exceptions (20 events):
Event: 181.247 Thread 0x00000183896de040 Exception <a 'java/io/IOException'{0x0000000088f53d28}> (0x0000000088f53d28) 
thrown [s\open\src\hotspot\share\prims\jni.cpp, line 517]
Event: 181.247 Thread 0x00000183896de040 Exception <a 'java/io/IOException'{0x0000000088f54328}> (0x0000000088f54328) 
thrown [s\open\src\hotspot\share\prims\jni.cpp, line 517]
Event: 181.247 Thread 0x00000183896de040 Exception <a 'java/io/IOException'{0x0000000088f548f0}> (0x0000000088f548f0) 
thrown [s\open\src\hotspot\share\prims\jni.cpp, line 517]
Event: 181.247 Thread 0x00000183896de040 Exception <a 'java/io/IOException'{0x0000000088f54eb8}> (0x0000000088f54eb8) 
thrown [s\open\src\hotspot\share\prims\jni.cpp, line 517]
Event: 181.247 Thread 0x00000183896de040 Exception <a 'java/io/IOException'{0x0000000088f554c8}> (0x0000000088f554c8) 
thrown [s\open\src\hotspot\share\prims\jni.cpp, line 517]
Event: 181.247 Thread 0x00000183896de040 Exception <a 'java/io/IOException'{0x0000000088f55ac8}> (0x0000000088f55ac8) 
thrown [s\open\src\hotspot\share\prims\jni.cpp, line 517]
Event: 181.247 Thread 0x00000183896de040 Exception <a 'java/io/IOException'{0x0000000088f56090}> (0x0000000088f56090) 
thrown [s\open\src\hotspot\share\prims\jni.cpp, line 517]
Event: 181.247 Thread 0x00000183896de040 Exception <a 'java/io/IOException'{0x0000000088f563a8}> (0x0000000088f563a8) 
thrown [s\open\src\hotspot\share\prims\jni.cpp, line 517]
Event: 181.248 Thread 0x00000183896de040 Exception <a 'java/io/IOException'{0x0000000088f57338}> (0x0000000088f57338) 
thrown [s\open\src\hotspot\share\prims\jni.cpp, line 517]
Event: 181.248 Thread 0x00000183896de040 Exception <a 'java/io/IOException'{0x0000000088f57938}> (0x0000000088f57938) 
thrown [s\open\src\hotspot\share\prims\jni.cpp, line 517]
Event: 181.248 Thread 0x00000183896de040 Exception <a 'java/io/IOException'{0x0000000088f57f00}> (0x0000000088f57f00) 
thrown [s\open\src\hotspot\share\prims\jni.cpp, line 517]
Event: 181.248 Thread 0x00000183896de040 Exception <a 'java/io/IOException'{0x0000000088f58218}> (0x0000000088f58218) 
thrown [s\open\src\hotspot\share\prims\jni.cpp, line 517]
Event: 181.248 Thread 0x00000183896de040 Exception <a 'java/io/IOException'{0x0000000088f58c40}> (0x0000000088f58c40) 
thrown [s\open\src\hotspot\share\prims\jni.cpp, line 517]
Event: 181.248 Thread 0x00000183896de040 Exception <a 'java/io/IOException'{0x0000000088f59240}> (0x0000000088f59240) 
thrown [s\open\src\hotspot\share\prims\jni.cpp, line 517]
Event: 181.248 Thread 0x00000183896de040 Exception <a 'java/io/IOException'{0x0000000088f59808}> (0x0000000088f59808) 
thrown [s\open\src\hotspot\share\prims\jni.cpp, line 517]
Event: 181.248 Thread 0x00000183896de040 Exception <a 'java/io/IOException'{0x0000000088f59b20}> (0x0000000088f59b20) 
thrown [s\open\src\hotspot\share\prims\jni.cpp, line 517]
Event: 181.248 Thread 0x00000183896de040 Exception <a 'java/io/IOException'{0x0000000088f5a7a0}> (0x0000000088f5a7a0) 
thrown [s\open\src\hotspot\share\prims\jni.cpp, line 517]
Event: 181.248 Thread 0x00000183896de040 Exception <a 'java/io/IOException'{0x0000000088f5ada0}> (0x0000000088f5ada0) 
thrown [s\open\src\hotspot\share\prims\jni.cpp, line 517]
Event: 181.248 Thread 0x00000183896de040 Exception <a 'java/io/IOException'{0x0000000088f5b368}> (0x0000000088f5b368) 
thrown [s\open\src\hotspot\share\prims\jni.cpp, line 517]
Event: 181.248 Thread 0x00000183896de040 Exception <a 'java/io/IOException'{0x0000000088f5b680}> (0x0000000088f5b680) 
thrown [s\open\src\hotspot\share\prims\jni.cpp, line 517]

VM Operations (20 events):
Event: 222.341 Executing VM operation: Cleanup
Event: 222.341 Executing VM operation: Cleanup done
Event: 222.944 Executing VM operation: HandshakeAllThreads
Event: 222.947 Executing VM operation: HandshakeAllThreads done
Event: 224.019 Executing VM operation: Cleanup
Event: 224.180 Executing VM operation: Cleanup done
Event: 225.210 Executing VM operation: Cleanup
Event: 225.291 Executing VM operation: Cleanup done
Event: 226.331 Executing VM operation: Cleanup
Event: 226.363 Executing VM operation: Cleanup done
Event: 227.458 Executing VM operation: Cleanup
Event: 227.563 Executing VM operation: Cleanup done
Event: 228.581 Executing VM operation: Cleanup
Event: 228.666 Executing VM operation: Cleanup done
Event: 229.673 Executing VM operation: Cleanup
Event: 229.674 Executing VM operation: Cleanup done
Event: 230.551 Executing VM operation: G1CollectForAllocation
Event: 232.049 Executing VM operation: G1CollectForAllocation done
Event: 233.050 Executing VM operation: Cleanup
Event: 233.051 Executing VM operation: Cleanup done

Events (12 events):
Event: 0.631 Thread 0x00000183896de040 Thread added: 0x00000183896de040
Event: 0.830 Thread 0x00000183a7e172e0 Thread added: 0x00000183a7e172e0
Event: 0.831 Thread 0x00000183a7e17e10 Thread added: 0x00000183a7e17e10
Event: 0.837 Thread 0x00000183a7e1aa90 Thread added: 0x00000183a7e1aa90
Event: 0.837 Thread 0x00000183a7e1d3d0 Thread added: 0x00000183a7e1d3d0
Event: 0.837 Thread 0x00000183a7e1dd00 Thread added: 0x00000183a7e1dd00
Event: 0.837 Thread 0x00000183a7e1e630 Thread added: 0x00000183a7e1e630
Event: 0.837 Thread 0x00000183a7e1f290 Thread added: 0x00000183a7e1f290
Event: 0.881 Thread 0x00000183a7e200e0 Thread added: 0x00000183a7e200e0
Event: 1.046 Thread 0x00000183a7e21390 Thread added: 0x00000183a7e21390
Event: 1.168 Thread 0x00000183ac0d9c50 Thread added: 0x00000183ac0d9c50
Event: 1.181 Thread 0x00000183ac0e4620 Thread added: 0x00000183ac0e4620


Dynamic libraries:
0x00007ff75d2a0000 - 0x00007ff75d2b0000 	C:\Program Files\Java\jdk-19\bin\java.exe
0x00007ffd17dc0000 - 0x00007ffd17fc9000 	C:\WINDOWS\SYSTEM32\ntdll.dll
0x00007ffd16ad0000 - 0x00007ffd16b8e000 	C:\WINDOWS\System32\KERNEL32.DLL
0x00007ffd15870000 - 0x00007ffd15bf4000 	C:\WINDOWS\System32\KERNELBASE.dll
0x00007ffd15270000 - 0x00007ffd15381000 	C:\WINDOWS\System32\ucrtbase.dll
0x00007ffcfb4c0000 - 0x00007ffcfb4d8000 	C:\Program Files\Java\jdk-19\bin\jli.dll
0x00007ffd177a0000 - 0x00007ffd1784f000 	C:\WINDOWS\System32\ADVAPI32.dll
0x00007ffd176d0000 - 0x00007ffd17773000 	C:\WINDOWS\System32\msvcrt.dll
0x00007ffd17630000 - 0x00007ffd176ce000 	C:\WINDOWS\System32\sechost.dll
0x00007ffd16910000 - 0x00007ffd16a31000 	C:\WINDOWS\System32\RPCRT4.dll
0x00007ffd15cd0000 - 0x00007ffd15e7d000 	C:\WINDOWS\System32\USER32.dll
0x00007ffd15c00000 - 0x00007ffd15c26000 	C:\WINDOWS\System32\win32u.dll
0x00007ffd16c70000 - 0x00007ffd16c9a000 	C:\WINDOWS\System32\GDI32.dll
0x00007ffd15540000 - 0x00007ffd1565f000 	C:\WINDOWS\System32\gdi32full.dll
0x00007ffd15660000 - 0x00007ffd156fd000 	C:\WINDOWS\System32\msvcp_win.dll
0x00007ffd12330000 - 0x00007ffd1234b000 	C:\Program Files\Java\jdk-19\bin\VCRUNTIME140.dll
0x00007ffcff340000 - 0x00007ffcff5e5000 	C:\WINDOWS\WinSxS\amd64_microsoft.windows.common-controls_6595b64144ccf1df_6.0.22000.120_none_9d947278b86cc467\COMCTL32.dll
0x00007ffd0f3f0000 - 0x00007ffd0f3fa000 	C:\WINDOWS\SYSTEM32\VERSION.dll
0x00007ffd15c90000 - 0x00007ffd15cc1000 	C:\WINDOWS\System32\IMM32.DLL
0x00007ffd12380000 - 0x00007ffd1238c000 	C:\Program Files\Java\jdk-19\bin\vcruntime140_1.dll
0x00007ffcea700000 - 0x00007ffcea78e000 	C:\Program Files\Java\jdk-19\bin\msvcp140.dll
0x00007ffcaf740000 - 0x00007ffcb0400000 	C:\Program Files\Java\jdk-19\bin\server\jvm.dll
0x00007ffce9940000 - 0x00007ffce9949000 	C:\WINDOWS\SYSTEM32\WSOCK32.dll
0x00007ffd15e80000 - 0x00007ffd15eef000 	C:\WINDOWS\System32\WS2_32.dll
0x00007ffd0f410000 - 0x00007ffd0f443000 	C:\WINDOWS\SYSTEM32\WINMM.dll
0x00007ffd143e0000 - 0x00007ffd143f8000 	C:\WINDOWS\SYSTEM32\kernel.appcore.dll
0x00007ffd11b30000 - 0x00007ffd11b3a000 	C:\Program Files\Java\jdk-19\bin\jimage.dll
0x00007ffd12ed0000 - 0x00007ffd130f1000 	C:\WINDOWS\SYSTEM32\DBGHELP.DLL
0x00007ffcfca70000 - 0x00007ffcfcaa1000 	C:\WINDOWS\SYSTEM32\dbgcore.DLL
0x00007ffd15450000 - 0x00007ffd154cf000 	C:\WINDOWS\System32\bcryptPrimitives.dll
0x00007ffd11ab0000 - 0x00007ffd11ad6000 	C:\Program Files\Java\jdk-19\bin\java.dll
0x00007ffce79d0000 - 0x00007ffce7aa7000 	C:\Program Files\Java\jdk-19\bin\jsvml.dll
0x00007ffd16ca0000 - 0x00007ffd17465000 	C:\WINDOWS\System32\SHELL32.dll
0x00007ffd13360000 - 0x00007ffd13bc4000 	C:\WINDOWS\SYSTEM32\windows.storage.dll
0x00007ffd16520000 - 0x00007ffd16896000 	C:\WINDOWS\System32\combase.dll
0x00007ffd131f0000 - 0x00007ffd13357000 	C:\WINDOWS\SYSTEM32\wintypes.dll
0x00007ffd174d0000 - 0x00007ffd175ba000 	C:\WINDOWS\System32\SHCORE.dll
0x00007ffd15c30000 - 0x00007ffd15c8d000 	C:\WINDOWS\System32\shlwapi.dll
0x00007ffd151a0000 - 0x00007ffd151c1000 	C:\WINDOWS\SYSTEM32\profapi.dll
0x00007ffd04080000 - 0x00007ffd04093000 	C:\Program Files\Java\jdk-19\bin\net.dll
0x00007ffd0edc0000 - 0x00007ffd0eed3000 	C:\WINDOWS\SYSTEM32\WINHTTP.dll
0x00007ffd14880000 - 0x00007ffd148e7000 	C:\WINDOWS\system32\mswsock.dll
0x00007ffcfd5f0000 - 0x00007ffcfd606000 	C:\Program Files\Java\jdk-19\bin\nio.dll
0x00007ffcfd5d0000 - 0x00007ffcfd5e8000 	C:\Program Files\Java\jdk-19\bin\zip.dll
0x0000000069ac0000 - 0x0000000069ae4000 	C:\Users\User\Desktop\NETBEAN\NetBeans-15\netbeans\java\maven\lib\jansi-native\Windows\x86_64\jansi.dll
0x00007ffd10620000 - 0x00007ffd10630000 	C:\Program Files\Java\jdk-19\bin\verify.dll

dbghelp: loaded successfully - version: 4.0.5 - missing functions: none
symbol engine: initialized successfully - sym options: 0x614 - pdb path: .;C:\Program Files\Java\jdk-19\bin;C:\WINDOWS\SYSTEM32;C:\WINDOWS\WinSxS\amd64_microsoft.windows.common-controls_6595b64144ccf1df_6.0.22000.120_none_9d947278b86cc467;C:\Program Files\Java\jdk-19\bin\server;C:\Users\User\Desktop\NETBEAN\NetBeans-15\netbeans\java\maven\lib\jansi-native\Windows\x86_64

VM Arguments:
jvm_args: -Dclassworlds.conf=C:\Users\User\Desktop\NETBEAN\NetBeans-15\netbeans\java\maven\bin\m2.conf -Dmaven.home=C:\Users\User\Desktop\NETBEAN\NetBeans-15\netbeans\java\maven -Dlibrary.jansi.path=C:\Users\User\Desktop\NETBEAN\NetBeans-15\netbeans\java\maven\lib\jansi-native -Dmaven.multiModuleProjectDirectory=C:\Users\User\Desktop\NETBEAN\WallStreetWarriors 
java_command: org.codehaus.plexus.classworlds.launcher.Launcher -Dmaven.ext.class.path=C:\Users\User\Desktop\NETBEAN\NetBeans-15\netbeans\java\maven-nblib\netbeans-eventspy.jar install
java_class_path (initial): C:\Users\User\Desktop\NETBEAN\NetBeans-15\netbeans\java\maven\boot\plexus-classworlds-2.6.0.jar
Launcher Type: SUN_STANDARD

[Global flags]
     intx CICompilerCount                          = 4                                         {product} {ergonomic}
     uint ConcGCThreads                            = 2                                         {product} {ergonomic}
     uint G1ConcRefinementThreads                  = 8                                         {product} {ergonomic}
   size_t G1HeapRegionSize                         = 1048576                                   {product} {ergonomic}
    uintx GCDrainStackTargetSize                   = 64                                        {product} {ergonomic}
   size_t InitialHeapSize                          = 132120576                                 {product} {ergonomic}
   size_t MarkStackSize                            = 4194304                                   {product} {ergonomic}
   size_t MaxHeapSize                              = 2105540608                                {product} {ergonomic}
   size_t MaxNewSize                               = 1262485504                                {product} {ergonomic}
   size_t MinHeapDeltaBytes                        = 1048576                                   {product} {ergonomic}
   size_t MinHeapSize                              = 8388608                                   {product} {ergonomic}
    uintx NonNMethodCodeHeapSize                   = 5839372                                {pd product} {ergonomic}
    uintx NonProfiledCodeHeapSize                  = 122909434                              {pd product} {ergonomic}
    uintx ProfiledCodeHeapSize                     = 122909434                              {pd product} {ergonomic}
    uintx ReservedCodeCacheSize                    = 251658240                              {pd product} {ergonomic}
     bool SegmentedCodeCache                       = true                                      {product} {ergonomic}
   size_t SoftMaxHeapSize                          = 2105540608                             {manageable} {ergonomic}
     bool UseCompressedClassPointers               = true                           {product lp64_product} {ergonomic}
     bool UseCompressedOops                        = true                           {product lp64_product} {ergonomic}
     bool UseG1GC                                  = true                                      {product} {ergonomic}
     bool UseLargePagesIndividualAllocation        = false                                  {pd product} {ergonomic}

Logging:
Log output configuration:
 #0: stdout all=warning uptime,level,tags foldmultilines=false
 #1: stderr all=off uptime,level,tags foldmultilines=false

Environment Variables:
JAVA_HOME=C:\Program Files\Java\jdk-19
PATH=C:\Program Files\Common Files\Oracle\Java\javapath;C:\Windows\system32;C:\Windows;C:\Windows\System32\Wbem;C:\Windows\System32\WindowsPowerShell\v1.0\;C:\Windows\System32\OpenSSH\;C:\Program Files (x86)\NVIDIA Corporation\PhysX\Common;C:\Program Files\NVIDIA Corporation\NVIDIA NvDLISR;C:\WINDOWS\system32;C:\WINDOWS;C:\WINDOWS\System32\Wbem;C:\WINDOWS\System32\WindowsPowerShell\v1.0\;C:\WINDOWS\System32\OpenSSH\;C:\Program Files\Java\jdk-19\bin;C:\Program Files\Microsoft SQL Server\130\Tools\Binn\;C:\Program Files\nodejs\;C:\Program Files\Git\cmd;C:\Users\User\AppData\Local\Programs\Python\Python311\Scripts\;C:\Users\User\AppData\Local\Programs\Python\Python311\;C:\Users\User\AppData\Local\Microsoft\WindowsApps;C:\Users\User\Desktop\Useful tools\Microsoft VS Code\bin;C:\Users\User\AppData\Local\GitHubDesktop\bin;C:\Users\User\AppData\Roaming\npm;C:\Program Files\Graphviz\bin
USERNAME=User
OS=Windows_NT
PROCESSOR_IDENTIFIER=Intel64 Family 6 Model 165 Stepping 2, GenuineIntel
TMP=C:\Users\User\AppData\Local\Temp
TEMP=C:\Users\User\AppData\Local\Temp



---------------  S Y S T E M  ---------------

OS:
 Windows 11 , 64 bit Build 22000 (10.0.22000.1880)
OS uptime: 3 days 20:46 hours

CPU: total 8 (initial active 8) (4 cores per cpu, 2 threads per core) family 6 model 165 stepping 2 microcode 0xe0, cx8, cmov, fxsr, ht, mmx, 3dnowpref, sse, sse2, sse3, ssse3, sse4.1, sse4.2, popcnt, lzcnt, tsc, tscinvbit, avx, avx2, aes, erms, clmul, bmi1, bmi2, adx, fma, vzeroupper, clflush, clflushopt, rdtscp

Memory: 4k page, system-wide physical 8029M (112M free)
TotalPageFile size 32605M (AvailPageFile size 206M)
current process WorkingSet (physical memory assigned to process): 7M, peak: 106M
current process commit charge ("private bytes"): 236M, peak: 255M

vm_info: Java HotSpot(TM) 64-Bit Server VM (19+36-2238) for windows-amd64 JRE (19+36-2238), built on 2022-08-12T20:29:01Z by "mach5one" with MS VC++ 17.1 (VS2022)

END.
