#
# There is insufficient memory for the Java Runtime Environment to continue.
# Native memory allocation (malloc) failed to allocate 60560 bytes for Chunk::new
# Possible reasons:
#   The system is out of physical RAM or swap space
#   The process is running with CompressedOops enabled, and the Java Heap may be blocking the growth of the native heap
# Possible solutions:
#   Reduce memory load on the system
#   Increase physical memory or swap space
#   Check if swap backing store is full
#   Decrease Java heap size (-Xmx/-Xms)
#   Decrease number of Java threads
#   Decrease Java thread stack sizes (-Xss)
#   Set larger code cache with -XX:ReservedCodeCacheSize=
#   JVM is running with Unscaled Compressed Oops mode in which the Java heap is
#     placed in the first 4GB address space. The Java Heap base address is the
#     maximum limit for the native heap growth. Please use -XX:HeapBaseMinAddress
#     to set the Java Heap base and to place the Java Heap above 4GB virtual address.
# This output file may be truncated or incomplete.
#
#  Out of Memory Error (arena.cpp:184), pid=17696, tid=23980
#
# JRE version: Java(TM) SE Runtime Environment (19.0+36) (build 19+36-2238)
# Java VM: Java HotSpot(TM) 64-Bit Server VM (19+36-2238, mixed mode, sharing, tiered, compressed oops, compressed class ptrs, g1 gc, windows-amd64)
# No core dump will be written. Minidumps are not enabled by default on client versions of Windows
#

---------------  S U M M A R Y ------------

Command Line: -Dclassworlds.conf=C:\Users\User\Desktop\NETBEAN\NetBeans-15\netbeans\java\maven\bin\m2.conf -Dmaven.home=C:\Users\User\Desktop\NETBEAN\NetBeans-15\netbeans\java\maven -Dlibrary.jansi.path=C:\Users\User\Desktop\NETBEAN\NetBeans-15\netbeans\java\maven\lib\jansi-native -Dmaven.multiModuleProjectDirectory=C:\Users\User\Desktop\NETBEAN\WallStreetWarriors org.codehaus.plexus.classworlds.launcher.Launcher -Dmaven.ext.class.path=C:\Users\User\Desktop\NETBEAN\NetBeans-15\netbeans\java\maven-nblib\netbeans-eventspy.jar install

Host: Intel(R) Core(TM) i5-10300H CPU @ 2.50GHz, 8 cores, 7G,  Windows 11 , 64 bit Build 22000 (10.0.22000.1880)
Time: Mon Jun 12 20:45:37 2023 Malay Peninsula Standard Time elapsed time: 251.048445 seconds (0d 0h 4m 11s)

---------------  T H R E A D  ---------------

Current thread (0x0000024c32752640):  JavaThread "C2 CompilerThread0" daemon [_thread_in_native, id=23980, stack(0x000000f354200000,0x000000f354300000)]


Current CompileTask:
C2: 251048 3243       4       java.util.Properties::get (9 bytes)

Stack: [0x000000f354200000,0x000000f354300000]
Native frames: (J=compiled Java code, j=interpreted, Vv=VM code, C=native code)
V  [jvm.dll+0x6ee8fa]
V  [jvm.dll+0x857a1e]
V  [jvm.dll+0x85940e]
V  [jvm.dll+0x859ac3]
V  [jvm.dll+0x28291f]
V  [jvm.dll+0xc9b5f]
V  [jvm.dll+0xc9ee5]
V  [jvm.dll+0x3bcbac]
V  [jvm.dll+0x386201]
V  [jvm.dll+0x38567a]
V  [jvm.dll+0x24c2c9]
V  [jvm.dll+0x24b671]
V  [jvm.dll+0x1d6d61]
V  [jvm.dll+0x25b0fa]
V  [jvm.dll+0x259588]
V  [jvm.dll+0x807928]
V  [jvm.dll+0x8015fa]
V  [jvm.dll+0x6ed5eb]
C  [ucrtbase.dll+0x26c0c]
C  [KERNEL32.DLL+0x155a0]
C  [ntdll.dll+0x485b]


---------------  P R O C E S S  ---------------

Threads class SMR info:
_java_thread_list=0x0000024c369be500, length=12, elements={
0x0000024c1400e0c0, 0x0000024c3274a9d0, 0x0000024c3274b500, 0x0000024c3274fe50,
0x0000024c32750780, 0x0000024c327510b0, 0x0000024c327519e0, 0x0000024c32752640,
0x0000024c32752fb0, 0x0000024c327726a0, 0x0000024c369da8d0, 0x0000024c369e3ec0
}

Java Threads: ( => current thread )
  0x0000024c1400e0c0 JavaThread "main" [_thread_in_Java, id=29576, stack(0x000000f353400000,0x000000f353500000)]
  0x0000024c3274a9d0 JavaThread "Reference Handler" daemon [_thread_blocked, id=27548, stack(0x000000f353c00000,0x000000f353d00000)]
  0x0000024c3274b500 JavaThread "Finalizer" daemon [_thread_blocked, id=27996, stack(0x000000f353d00000,0x000000f353e00000)]
  0x0000024c3274fe50 JavaThread "Signal Dispatcher" daemon [_thread_blocked, id=8376, stack(0x000000f353e00000,0x000000f353f00000)]
  0x0000024c32750780 JavaThread "Attach Listener" daemon [_thread_blocked, id=16412, stack(0x000000f353f00000,0x000000f354000000)]
  0x0000024c327510b0 JavaThread "Service Thread" daemon [_thread_blocked, id=15700, stack(0x000000f354000000,0x000000f354100000)]
  0x0000024c327519e0 JavaThread "Monitor Deflation Thread" daemon [_thread_blocked, id=29452, stack(0x000000f354100000,0x000000f354200000)]
=>0x0000024c32752640 JavaThread "C2 CompilerThread0" daemon [_thread_in_native, id=23980, stack(0x000000f354200000,0x000000f354300000)]
  0x0000024c32752fb0 JavaThread "C1 CompilerThread0" daemon [_thread_blocked, id=19252, stack(0x000000f354300000,0x000000f354400000)]
  0x0000024c327726a0 JavaThread "Sweeper thread" daemon [_thread_blocked, id=12616, stack(0x000000f354400000,0x000000f354500000)]
  0x0000024c369da8d0 JavaThread "Notification Thread" daemon [_thread_blocked, id=29060, stack(0x000000f354500000,0x000000f354600000)]
  0x0000024c369e3ec0 JavaThread "Common-Cleaner" daemon [_thread_blocked, id=30232, stack(0x000000f354700000,0x000000f354800000)]

Other Threads:
  0x0000024c3272e7d0 VMThread "VM Thread" [stack: 0x000000f353b00000,0x000000f353c00000] [id=10148]
  0x0000024c369dee30 WatcherThread "VM Periodic Task Thread" [stack: 0x000000f354600000,0x000000f354700000] [id=28760]
  0x0000024c1406e060 WorkerThread "GC Thread#0" [stack: 0x000000f353600000,0x000000f353700000] [id=23260]
  0x0000024c32798050 WorkerThread "GC Thread#1" [stack: 0x000000f354800000,0x000000f354900000] [id=30832]
  0x0000024c32799130 WorkerThread "GC Thread#2" [stack: 0x000000f354900000,0x000000f354a00000] [id=30836]
  0x0000024c327988c0 WorkerThread "GC Thread#3" [stack: 0x000000f354a00000,0x000000f354b00000] [id=31060]
  0x0000024c32798e60 WorkerThread "GC Thread#4" [stack: 0x000000f354b00000,0x000000f354c00000] [id=30952]
  0x0000024c327996d0 WorkerThread "GC Thread#5" [stack: 0x000000f354c00000,0x000000f354d00000] [id=31412]
  0x0000024c327999a0 WorkerThread "GC Thread#6" [stack: 0x000000f354d00000,0x000000f354e00000] [id=31408]
  0x0000024c327985f0 WorkerThread "GC Thread#7" [stack: 0x000000f354e00000,0x000000f354f00000] [id=31416]
  0x0000024c1407eac0 ConcurrentGCThread "G1 Main Marker" [stack: 0x000000f353700000,0x000000f353800000] [id=16080]
  0x0000024c1407f4f0 WorkerThread "G1 Conc#0" [stack: 0x000000f353800000,0x000000f353900000] [id=21204]
  0x0000024c325eb110 ConcurrentGCThread "G1 Refine#0" [stack: 0x000000f353900000,0x000000f353a00000] [id=19052]
  0x0000024c325eb900 ConcurrentGCThread "G1 Service" [stack: 0x000000f353a00000,0x000000f353b00000] [id=12052]

Threads with active compile tasks:
C2 CompilerThread0   251352 3243       4       java.util.Properties::get (9 bytes)

VM state: not at safepoint (normal execution)

VM Mutex/Monitor currently owned by a thread: None

Heap address: 0x0000000082800000, size: 2008 MB, Compressed Oops mode: 32-bit

CDS archive(s) mapped at: [0x0000000800000000-0x0000000800c40000-0x0000000800c40000), size 12845056, SharedBaseAddress: 0x0000000800000000, ArchiveRelocationMode: 0.
Compressed class space mapped at: 0x0000000801000000-0x0000000841000000, reserved size: 1073741824
Narrow klass base: 0x0000000800000000, Narrow klass shift: 0, Narrow klass range: 0x100000000

GC Precious Log:
 CardTable entry size: 512
 Card Set container configuration: InlinePtr #cards 5 size 8 Array Of Cards #cards 12 size 40 Howl #buckets 4 coarsen threshold 1843 Howl Bitmap #cards 512 size 80 coarsen threshold 460 Card regions per heap region 1 cards per card region 2048
 CPUs: 8 total, 8 available
 Memory: 8029M
 Large Page Support: Disabled
 NUMA Support: Disabled
 Compressed Oops: Enabled (32-bit)
 Heap Region Size: 1M
 Heap Min Capacity: 8M
 Heap Initial Capacity: 126M
 Heap Max Capacity: 2008M
 Pre-touch: Disabled
 Parallel Workers: 8
 Concurrent Workers: 2
 Concurrent Refinement Workers: 8
 Periodic GC: Disabled

Heap:
 garbage-first heap   total 129024K, used 50896K [0x0000000082800000, 0x0000000100000000)
  region size 1024K, 48 young (49152K), 3 survivors (3072K)
 Metaspace       used 13254K, committed 13504K, reserved 1114112K
  class space    used 1464K, committed 1600K, reserved 1048576K

Heap Regions: E=young(eden), S=young(survivor), O=old, HS=humongous(starts), HC=humongous(continues), CS=collection set, F=free, OA=open archive, CA=closed archive, TAMS=top-at-mark-start (previous, next)
|   0|0x0000000082800000, 0x0000000082900000, 0x0000000082900000|100%| O|  |TAMS 0x0000000082800000, 0x0000000082800000| Untracked 
|   1|0x0000000082900000, 0x0000000082a00000, 0x0000000082a00000|100%| O|  |TAMS 0x0000000082900000, 0x0000000082900000| Untracked 
|   2|0x0000000082a00000, 0x0000000082b00000, 0x0000000082b00000|100%| O|  |TAMS 0x0000000082a00000, 0x0000000082a00000| Untracked 
|   3|0x0000000082b00000, 0x0000000082b5b600, 0x0000000082c00000| 35%| O|  |TAMS 0x0000000082b00000, 0x0000000082b00000| Untracked 
|   4|0x0000000082c00000, 0x0000000082c00000, 0x0000000082d00000|  0%| F|  |TAMS 0x0000000082c00000, 0x0000000082c00000| Untracked 
|   5|0x0000000082d00000, 0x0000000082d00000, 0x0000000082e00000|  0%| F|  |TAMS 0x0000000082d00000, 0x0000000082d00000| Untracked 
|   6|0x0000000082e00000, 0x0000000082e00000, 0x0000000082f00000|  0%| F|  |TAMS 0x0000000082e00000, 0x0000000082e00000| Untracked 
|   7|0x0000000082f00000, 0x0000000082f00000, 0x0000000083000000|  0%| F|  |TAMS 0x0000000082f00000, 0x0000000082f00000| Untracked 
|   8|0x0000000083000000, 0x0000000083000000, 0x0000000083100000|  0%| F|  |TAMS 0x0000000083000000, 0x0000000083000000| Untracked 
|   9|0x0000000083100000, 0x0000000083100000, 0x0000000083200000|  0%| F|  |TAMS 0x0000000083100000, 0x0000000083100000| Untracked 
|  10|0x0000000083200000, 0x0000000083200000, 0x0000000083300000|  0%| F|  |TAMS 0x0000000083200000, 0x0000000083200000| Untracked 
|  11|0x0000000083300000, 0x0000000083300000, 0x0000000083400000|  0%| F|  |TAMS 0x0000000083300000, 0x0000000083300000| Untracked 
|  12|0x0000000083400000, 0x0000000083400000, 0x0000000083500000|  0%| F|  |TAMS 0x0000000083400000, 0x0000000083400000| Untracked 
|  13|0x0000000083500000, 0x0000000083500000, 0x0000000083600000|  0%| F|  |TAMS 0x0000000083500000, 0x0000000083500000| Untracked 
|  14|0x0000000083600000, 0x0000000083600000, 0x0000000083700000|  0%| F|  |TAMS 0x0000000083600000, 0x0000000083600000| Untracked 
|  15|0x0000000083700000, 0x0000000083700000, 0x0000000083800000|  0%| F|  |TAMS 0x0000000083700000, 0x0000000083700000| Untracked 
|  16|0x0000000083800000, 0x0000000083800000, 0x0000000083900000|  0%| F|  |TAMS 0x0000000083800000, 0x0000000083800000| Untracked 
|  17|0x0000000083900000, 0x0000000083900000, 0x0000000083a00000|  0%| F|  |TAMS 0x0000000083900000, 0x0000000083900000| Untracked 
|  18|0x0000000083a00000, 0x0000000083a00000, 0x0000000083b00000|  0%| F|  |TAMS 0x0000000083a00000, 0x0000000083a00000| Untracked 
|  19|0x0000000083b00000, 0x0000000083b00000, 0x0000000083c00000|  0%| F|  |TAMS 0x0000000083b00000, 0x0000000083b00000| Untracked 
|  20|0x0000000083c00000, 0x0000000083c00000, 0x0000000083d00000|  0%| F|  |TAMS 0x0000000083c00000, 0x0000000083c00000| Untracked 
|  21|0x0000000083d00000, 0x0000000083d00000, 0x0000000083e00000|  0%| F|  |TAMS 0x0000000083d00000, 0x0000000083d00000| Untracked 
|  22|0x0000000083e00000, 0x0000000083e00000, 0x0000000083f00000|  0%| F|  |TAMS 0x0000000083e00000, 0x0000000083e00000| Untracked 
|  23|0x0000000083f00000, 0x0000000083f00000, 0x0000000084000000|  0%| F|  |TAMS 0x0000000083f00000, 0x0000000083f00000| Untracked 
|  24|0x0000000084000000, 0x0000000084000000, 0x0000000084100000|  0%| F|  |TAMS 0x0000000084000000, 0x0000000084000000| Untracked 
|  25|0x0000000084100000, 0x0000000084100000, 0x0000000084200000|  0%| F|  |TAMS 0x0000000084100000, 0x0000000084100000| Untracked 
|  26|0x0000000084200000, 0x0000000084200000, 0x0000000084300000|  0%| F|  |TAMS 0x0000000084200000, 0x0000000084200000| Untracked 
|  27|0x0000000084300000, 0x0000000084300000, 0x0000000084400000|  0%| F|  |TAMS 0x0000000084300000, 0x0000000084300000| Untracked 
|  28|0x0000000084400000, 0x0000000084400000, 0x0000000084500000|  0%| F|  |TAMS 0x0000000084400000, 0x0000000084400000| Untracked 
|  29|0x0000000084500000, 0x0000000084500000, 0x0000000084600000|  0%| F|  |TAMS 0x0000000084500000, 0x0000000084500000| Untracked 
|  30|0x0000000084600000, 0x0000000084600000, 0x0000000084700000|  0%| F|  |TAMS 0x0000000084600000, 0x0000000084600000| Untracked 
|  31|0x0000000084700000, 0x0000000084700000, 0x0000000084800000|  0%| F|  |TAMS 0x0000000084700000, 0x0000000084700000| Untracked 
|  32|0x0000000084800000, 0x0000000084800000, 0x0000000084900000|  0%| F|  |TAMS 0x0000000084800000, 0x0000000084800000| Untracked 
|  33|0x0000000084900000, 0x0000000084900000, 0x0000000084a00000|  0%| F|  |TAMS 0x0000000084900000, 0x0000000084900000| Untracked 
|  34|0x0000000084a00000, 0x0000000084a00000, 0x0000000084b00000|  0%| F|  |TAMS 0x0000000084a00000, 0x0000000084a00000| Untracked 
|  35|0x0000000084b00000, 0x0000000084b00000, 0x0000000084c00000|  0%| F|  |TAMS 0x0000000084b00000, 0x0000000084b00000| Untracked 
|  36|0x0000000084c00000, 0x0000000084c00000, 0x0000000084d00000|  0%| F|  |TAMS 0x0000000084c00000, 0x0000000084c00000| Untracked 
|  37|0x0000000084d00000, 0x0000000084d00000, 0x0000000084e00000|  0%| F|  |TAMS 0x0000000084d00000, 0x0000000084d00000| Untracked 
|  38|0x0000000084e00000, 0x0000000084e00000, 0x0000000084f00000|  0%| F|  |TAMS 0x0000000084e00000, 0x0000000084e00000| Untracked 
|  39|0x0000000084f00000, 0x0000000084f00000, 0x0000000085000000|  0%| F|  |TAMS 0x0000000084f00000, 0x0000000084f00000| Untracked 
|  40|0x0000000085000000, 0x0000000085000000, 0x0000000085100000|  0%| F|  |TAMS 0x0000000085000000, 0x0000000085000000| Untracked 
|  41|0x0000000085100000, 0x0000000085100000, 0x0000000085200000|  0%| F|  |TAMS 0x0000000085100000, 0x0000000085100000| Untracked 
|  42|0x0000000085200000, 0x0000000085200000, 0x0000000085300000|  0%| F|  |TAMS 0x0000000085200000, 0x0000000085200000| Untracked 
|  43|0x0000000085300000, 0x0000000085300000, 0x0000000085400000|  0%| F|  |TAMS 0x0000000085300000, 0x0000000085300000| Untracked 
|  44|0x0000000085400000, 0x0000000085400000, 0x0000000085500000|  0%| F|  |TAMS 0x0000000085400000, 0x0000000085400000| Untracked 
|  45|0x0000000085500000, 0x0000000085500000, 0x0000000085600000|  0%| F|  |TAMS 0x0000000085500000, 0x0000000085500000| Untracked 
|  46|0x0000000085600000, 0x0000000085600000, 0x0000000085700000|  0%| F|  |TAMS 0x0000000085600000, 0x0000000085600000| Untracked 
|  47|0x0000000085700000, 0x0000000085700000, 0x0000000085800000|  0%| F|  |TAMS 0x0000000085700000, 0x0000000085700000| Untracked 
|  48|0x0000000085800000, 0x0000000085800000, 0x0000000085900000|  0%| F|  |TAMS 0x0000000085800000, 0x0000000085800000| Untracked 
|  49|0x0000000085900000, 0x0000000085900000, 0x0000000085a00000|  0%| F|  |TAMS 0x0000000085900000, 0x0000000085900000| Untracked 
|  50|0x0000000085a00000, 0x0000000085a00000, 0x0000000085b00000|  0%| F|  |TAMS 0x0000000085a00000, 0x0000000085a00000| Untracked 
|  51|0x0000000085b00000, 0x0000000085b00000, 0x0000000085c00000|  0%| F|  |TAMS 0x0000000085b00000, 0x0000000085b00000| Untracked 
|  52|0x0000000085c00000, 0x0000000085c00000, 0x0000000085d00000|  0%| F|  |TAMS 0x0000000085c00000, 0x0000000085c00000| Untracked 
|  53|0x0000000085d00000, 0x0000000085d00000, 0x0000000085e00000|  0%| F|  |TAMS 0x0000000085d00000, 0x0000000085d00000| Untracked 
|  54|0x0000000085e00000, 0x0000000085e00000, 0x0000000085f00000|  0%| F|  |TAMS 0x0000000085e00000, 0x0000000085e00000| Untracked 
|  55|0x0000000085f00000, 0x0000000085f00000, 0x0000000086000000|  0%| F|  |TAMS 0x0000000085f00000, 0x0000000085f00000| Untracked 
|  56|0x0000000086000000, 0x0000000086000000, 0x0000000086100000|  0%| F|  |TAMS 0x0000000086000000, 0x0000000086000000| Untracked 
|  57|0x0000000086100000, 0x0000000086100000, 0x0000000086200000|  0%| F|  |TAMS 0x0000000086100000, 0x0000000086100000| Untracked 
|  58|0x0000000086200000, 0x0000000086200000, 0x0000000086300000|  0%| F|  |TAMS 0x0000000086200000, 0x0000000086200000| Untracked 
|  59|0x0000000086300000, 0x0000000086300000, 0x0000000086400000|  0%| F|  |TAMS 0x0000000086300000, 0x0000000086300000| Untracked 
|  60|0x0000000086400000, 0x0000000086400000, 0x0000000086500000|  0%| F|  |TAMS 0x0000000086400000, 0x0000000086400000| Untracked 
|  61|0x0000000086500000, 0x0000000086500000, 0x0000000086600000|  0%| F|  |TAMS 0x0000000086500000, 0x0000000086500000| Untracked 
|  62|0x0000000086600000, 0x0000000086600000, 0x0000000086700000|  0%| F|  |TAMS 0x0000000086600000, 0x0000000086600000| Untracked 
|  63|0x0000000086700000, 0x0000000086700000, 0x0000000086800000|  0%| F|  |TAMS 0x0000000086700000, 0x0000000086700000| Untracked 
|  64|0x0000000086800000, 0x0000000086800000, 0x0000000086900000|  0%| F|  |TAMS 0x0000000086800000, 0x0000000086800000| Untracked 
|  65|0x0000000086900000, 0x0000000086900000, 0x0000000086a00000|  0%| F|  |TAMS 0x0000000086900000, 0x0000000086900000| Untracked 
|  66|0x0000000086a00000, 0x0000000086a00000, 0x0000000086b00000|  0%| F|  |TAMS 0x0000000086a00000, 0x0000000086a00000| Untracked 
|  67|0x0000000086b00000, 0x0000000086b00000, 0x0000000086c00000|  0%| F|  |TAMS 0x0000000086b00000, 0x0000000086b00000| Untracked 
|  68|0x0000000086c00000, 0x0000000086c00000, 0x0000000086d00000|  0%| F|  |TAMS 0x0000000086c00000, 0x0000000086c00000| Untracked 
|  69|0x0000000086d00000, 0x0000000086d00000, 0x0000000086e00000|  0%| F|  |TAMS 0x0000000086d00000, 0x0000000086d00000| Untracked 
|  70|0x0000000086e00000, 0x0000000086e00000, 0x0000000086f00000|  0%| F|  |TAMS 0x0000000086e00000, 0x0000000086e00000| Untracked 
|  71|0x0000000086f00000, 0x0000000086f00000, 0x0000000087000000|  0%| F|  |TAMS 0x0000000086f00000, 0x0000000086f00000| Untracked 
|  72|0x0000000087000000, 0x0000000087000000, 0x0000000087100000|  0%| F|  |TAMS 0x0000000087000000, 0x0000000087000000| Untracked 
|  73|0x0000000087100000, 0x0000000087100000, 0x0000000087200000|  0%| F|  |TAMS 0x0000000087100000, 0x0000000087100000| Untracked 
|  74|0x0000000087200000, 0x0000000087200000, 0x0000000087300000|  0%| F|  |TAMS 0x0000000087200000, 0x0000000087200000| Untracked 
|  75|0x0000000087300000, 0x0000000087300000, 0x0000000087400000|  0%| F|  |TAMS 0x0000000087300000, 0x0000000087300000| Untracked 
|  76|0x0000000087400000, 0x0000000087400000, 0x0000000087500000|  0%| F|  |TAMS 0x0000000087400000, 0x0000000087400000| Untracked 
|  77|0x0000000087500000, 0x0000000087500000, 0x0000000087600000|  0%| F|  |TAMS 0x0000000087500000, 0x0000000087500000| Untracked 
|  78|0x0000000087600000, 0x0000000087700000, 0x0000000087700000|100%| E|  |TAMS 0x0000000087600000, 0x0000000087600000| Complete 
|  79|0x0000000087700000, 0x0000000087800000, 0x0000000087800000|100%| E|CS|TAMS 0x0000000087700000, 0x0000000087700000| Complete 
|  80|0x0000000087800000, 0x0000000087900000, 0x0000000087900000|100%| E|CS|TAMS 0x0000000087800000, 0x0000000087800000| Complete 
|  81|0x0000000087900000, 0x0000000087a00000, 0x0000000087a00000|100%| E|CS|TAMS 0x0000000087900000, 0x0000000087900000| Complete 
|  82|0x0000000087a00000, 0x0000000087b00000, 0x0000000087b00000|100%| E|CS|TAMS 0x0000000087a00000, 0x0000000087a00000| Complete 
|  83|0x0000000087b00000, 0x0000000087c00000, 0x0000000087c00000|100%| E|CS|TAMS 0x0000000087b00000, 0x0000000087b00000| Complete 
|  84|0x0000000087c00000, 0x0000000087d00000, 0x0000000087d00000|100%| E|CS|TAMS 0x0000000087c00000, 0x0000000087c00000| Complete 
|  85|0x0000000087d00000, 0x0000000087e00000, 0x0000000087e00000|100%| E|CS|TAMS 0x0000000087d00000, 0x0000000087d00000| Complete 
|  86|0x0000000087e00000, 0x0000000087f00000, 0x0000000087f00000|100%| E|CS|TAMS 0x0000000087e00000, 0x0000000087e00000| Complete 
|  87|0x0000000087f00000, 0x0000000088000000, 0x0000000088000000|100%| E|CS|TAMS 0x0000000087f00000, 0x0000000087f00000| Complete 
|  88|0x0000000088000000, 0x0000000088100000, 0x0000000088100000|100%| E|CS|TAMS 0x0000000088000000, 0x0000000088000000| Complete 
|  89|0x0000000088100000, 0x0000000088158ad0, 0x0000000088200000| 34%| S|CS|TAMS 0x0000000088100000, 0x0000000088100000| Complete 
|  90|0x0000000088200000, 0x0000000088300000, 0x0000000088300000|100%| S|CS|TAMS 0x0000000088200000, 0x0000000088200000| Complete 
|  91|0x0000000088300000, 0x0000000088400000, 0x0000000088400000|100%| S|CS|TAMS 0x0000000088300000, 0x0000000088300000| Complete 
|  92|0x0000000088400000, 0x0000000088500000, 0x0000000088500000|100%| E|CS|TAMS 0x0000000088400000, 0x0000000088400000| Complete 
|  93|0x0000000088500000, 0x0000000088600000, 0x0000000088600000|100%| E|CS|TAMS 0x0000000088500000, 0x0000000088500000| Complete 
|  94|0x0000000088600000, 0x0000000088700000, 0x0000000088700000|100%| E|CS|TAMS 0x0000000088600000, 0x0000000088600000| Complete 
|  95|0x0000000088700000, 0x0000000088800000, 0x0000000088800000|100%| E|CS|TAMS 0x0000000088700000, 0x0000000088700000| Complete 
|  96|0x0000000088800000, 0x0000000088900000, 0x0000000088900000|100%| E|CS|TAMS 0x0000000088800000, 0x0000000088800000| Complete 
|  97|0x0000000088900000, 0x0000000088a00000, 0x0000000088a00000|100%| E|CS|TAMS 0x0000000088900000, 0x0000000088900000| Complete 
|  98|0x0000000088a00000, 0x0000000088b00000, 0x0000000088b00000|100%| E|CS|TAMS 0x0000000088a00000, 0x0000000088a00000| Complete 
|  99|0x0000000088b00000, 0x0000000088c00000, 0x0000000088c00000|100%| E|CS|TAMS 0x0000000088b00000, 0x0000000088b00000| Complete 
| 100|0x0000000088c00000, 0x0000000088d00000, 0x0000000088d00000|100%| E|CS|TAMS 0x0000000088c00000, 0x0000000088c00000| Complete 
| 101|0x0000000088d00000, 0x0000000088e00000, 0x0000000088e00000|100%| E|CS|TAMS 0x0000000088d00000, 0x0000000088d00000| Complete 
| 102|0x0000000088e00000, 0x0000000088f00000, 0x0000000088f00000|100%| E|CS|TAMS 0x0000000088e00000, 0x0000000088e00000| Complete 
| 103|0x0000000088f00000, 0x0000000089000000, 0x0000000089000000|100%| E|CS|TAMS 0x0000000088f00000, 0x0000000088f00000| Complete 
| 104|0x0000000089000000, 0x0000000089100000, 0x0000000089100000|100%| E|CS|TAMS 0x0000000089000000, 0x0000000089000000| Complete 
| 105|0x0000000089100000, 0x0000000089200000, 0x0000000089200000|100%| E|CS|TAMS 0x0000000089100000, 0x0000000089100000| Complete 
| 106|0x0000000089200000, 0x0000000089300000, 0x0000000089300000|100%| E|CS|TAMS 0x0000000089200000, 0x0000000089200000| Complete 
| 107|0x0000000089300000, 0x0000000089400000, 0x0000000089400000|100%| E|CS|TAMS 0x0000000089300000, 0x0000000089300000| Complete 
| 108|0x0000000089400000, 0x0000000089500000, 0x0000000089500000|100%| E|CS|TAMS 0x0000000089400000, 0x0000000089400000| Complete 
| 109|0x0000000089500000, 0x0000000089600000, 0x0000000089600000|100%| E|CS|TAMS 0x0000000089500000, 0x0000000089500000| Complete 
| 110|0x0000000089600000, 0x0000000089700000, 0x0000000089700000|100%| E|CS|TAMS 0x0000000089600000, 0x0000000089600000| Complete 
| 111|0x0000000089700000, 0x0000000089800000, 0x0000000089800000|100%| E|CS|TAMS 0x0000000089700000, 0x0000000089700000| Complete 
| 112|0x0000000089800000, 0x0000000089900000, 0x0000000089900000|100%| E|CS|TAMS 0x0000000089800000, 0x0000000089800000| Complete 
| 113|0x0000000089900000, 0x0000000089a00000, 0x0000000089a00000|100%| E|CS|TAMS 0x0000000089900000, 0x0000000089900000| Complete 
| 114|0x0000000089a00000, 0x0000000089b00000, 0x0000000089b00000|100%| E|CS|TAMS 0x0000000089a00000, 0x0000000089a00000| Complete 
| 115|0x0000000089b00000, 0x0000000089c00000, 0x0000000089c00000|100%| E|CS|TAMS 0x0000000089b00000, 0x0000000089b00000| Complete 
| 116|0x0000000089c00000, 0x0000000089d00000, 0x0000000089d00000|100%| E|CS|TAMS 0x0000000089c00000, 0x0000000089c00000| Complete 
| 117|0x0000000089d00000, 0x0000000089e00000, 0x0000000089e00000|100%| E|CS|TAMS 0x0000000089d00000, 0x0000000089d00000| Complete 
| 118|0x0000000089e00000, 0x0000000089f00000, 0x0000000089f00000|100%| E|CS|TAMS 0x0000000089e00000, 0x0000000089e00000| Complete 
| 119|0x0000000089f00000, 0x000000008a000000, 0x000000008a000000|100%| E|CS|TAMS 0x0000000089f00000, 0x0000000089f00000| Complete 
| 120|0x000000008a000000, 0x000000008a100000, 0x000000008a100000|100%| E|CS|TAMS 0x000000008a000000, 0x000000008a000000| Complete 
| 121|0x000000008a100000, 0x000000008a200000, 0x000000008a200000|100%| E|CS|TAMS 0x000000008a100000, 0x000000008a100000| Complete 
| 122|0x000000008a200000, 0x000000008a300000, 0x000000008a300000|100%| E|CS|TAMS 0x000000008a200000, 0x000000008a200000| Complete 
| 123|0x000000008a300000, 0x000000008a400000, 0x000000008a400000|100%| E|CS|TAMS 0x000000008a300000, 0x000000008a300000| Complete 
| 124|0x000000008a400000, 0x000000008a500000, 0x000000008a500000|100%| E|CS|TAMS 0x000000008a400000, 0x000000008a400000| Complete 
| 125|0x000000008a500000, 0x000000008a600000, 0x000000008a600000|100%| E|CS|TAMS 0x000000008a500000, 0x000000008a500000| Complete 

Card table byte_map: [0x0000024c2b690000,0x0000024c2ba80000] _byte_map_base: 0x0000024c2b27c000

Marking Bits (Prev, Next): (CMBitMap*) 0x0000024c1406e690, (CMBitMap*) 0x0000024c1406e6d0
 Prev Bits: [0x0000024c2be70000, 0x0000024c2ddd0000)
 Next Bits: [0x0000024c2ddd0000, 0x0000024c2fd30000)

Polling page: 0x0000024c137e0000

Metaspace:

Usage:
  Non-class:     11.51 MB used.
      Class:      1.43 MB used.
       Both:     12.94 MB used.

Virtual space:
  Non-class space:       64.00 MB reserved,      11.62 MB ( 18%) committed,  1 nodes.
      Class space:        1.00 GB reserved,       1.56 MB ( <1%) committed,  1 nodes.
             Both:        1.06 GB reserved,      13.19 MB (  1%) committed. 

Chunk freelists:
   Non-Class:  3.39 MB
       Class:  2.47 MB
        Both:  5.87 MB

MaxMetaspaceSize: unlimited
CompressedClassSpaceSize: 1.00 GB
Initial GC threshold: 21.00 MB
Current GC threshold: 21.00 MB
CDS: on
MetaspaceReclaimPolicy: balanced
 - commit_granule_bytes: 65536.
 - commit_granule_words: 8192.
 - virtual_space_node_default_size: 8388608.
 - enlarge_chunks_in_place: 1.
 - new_chunks_are_fully_committed: 0.
 - uncommit_free_chunks: 1.
 - use_allocation_guard: 0.


Internal statistics:

num_allocs_failed_limit: 0.
num_arena_births: 236.
num_arena_deaths: 0.
num_vsnodes_births: 2.
num_vsnodes_deaths: 0.
num_space_committed: 211.
num_space_uncommitted: 0.
num_chunks_returned_to_freelist: 0.
num_chunks_taken_from_freelist: 672.
num_chunk_merges: 0.
num_chunk_splits: 485.
num_chunks_enlarged: 365.
num_inconsistent_stats: 0.

CodeHeap 'non-profiled nmethods': size=120000Kb used=1456Kb max_used=1456Kb free=118543Kb
 bounds [0x0000024c23a40000, 0x0000024c23cb0000, 0x0000024c2af70000]
CodeHeap 'profiled nmethods': size=120000Kb used=6364Kb max_used=6364Kb free=113635Kb
 bounds [0x0000024c1bf70000, 0x0000024c1c5b0000, 0x0000024c234a0000]
CodeHeap 'non-nmethods': size=5760Kb used=1267Kb max_used=1309Kb free=4492Kb
 bounds [0x0000024c234a0000, 0x0000024c23710000, 0x0000024c23a40000]
 total_blobs=3692 nmethods=3216 adapters=386
 compilation: enabled
              stopped_count=0, restarted_count=0
 full_count=0

Compilation events (20 events):
Event: 236.211 Thread 0x0000024c32752640 nmethod 3232 0x0000024c23ba9f90 code [0x0000024c23baa120, 0x0000024c23baa778]
Event: 239.208 Thread 0x0000024c32752fb0 3234       3       java.util.regex.Pattern::nextEscaped (19 bytes)
Event: 239.211 Thread 0x0000024c32752fb0 nmethod 3234 0x0000024c1c598310 code [0x0000024c1c5984a0, 0x0000024c1c5985d8]
Event: 239.212 Thread 0x0000024c32752fb0 3237       3       java.util.regex.Pattern::skip (23 bytes)
Event: 239.213 Thread 0x0000024c32752fb0 nmethod 3237 0x0000024c1c598690 code [0x0000024c1c598820, 0x0000024c1c598958]
Event: 239.214 Thread 0x0000024c32752fb0 3236       1       org.apache.maven.model.profile.DefaultProfileActivationContext::getSystemProperties (5 bytes)
Event: 239.222 Thread 0x0000024c32752fb0 nmethod 3236 0x0000024c23baa910 code [0x0000024c23baaaa0, 0x0000024c23baab58]
Event: 239.222 Thread 0x0000024c32752fb0 3239       3       java.util.regex.Pattern::escape (1327 bytes)
Event: 239.260 Thread 0x0000024c32752fb0 nmethod 3239 0x0000024c1c598a10 code [0x0000024c1c599580, 0x0000024c1c5a06a8]
Event: 239.260 Thread 0x0000024c32752fb0 3238       3       java.util.regex.Pattern::range (294 bytes)
Event: 239.264 Thread 0x0000024c32752fb0 nmethod 3238 0x0000024c1c5a1e10 code [0x0000024c1c5a2240, 0x0000024c1c5a3a28]
Event: 239.266 Thread 0x0000024c32752fb0 3235       1       org.apache.maven.model.Activation::isActiveByDefault (5 bytes)
Event: 239.271 Thread 0x0000024c32752fb0 nmethod 3235 0x0000024c23baac10 code [0x0000024c23baada0, 0x0000024c23baae78]
Event: 239.385 Thread 0x0000024c32752640 3240       4       org.codehaus.plexus.interpolation.reflection.ReflectionValueExtractor$Tokenizer::nextPropertyName (86 bytes)
Event: 239.428 Thread 0x0000024c32752fb0 3241       1       org.apache.maven.model.Model::getPomFile (5 bytes)
Event: 239.435 Thread 0x0000024c32752fb0 nmethod 3241 0x0000024c23baaf10 code [0x0000024c23bab0a0, 0x0000024c23bab178]
Event: 240.320 Thread 0x0000024c32752640 nmethod 3240 0x0000024c23bab210 code [0x0000024c23bab3e0, 0x0000024c23babbb8]
Event: 242.726 Thread 0x0000024c32752fb0 3242       3       java.io.Reader::<init> (15 bytes)
Event: 242.912 Thread 0x0000024c32752fb0 nmethod 3242 0x0000024c1c5a4290 code [0x0000024c1c5a4440, 0x0000024c1c5a4638]
Event: 247.354 Thread 0x0000024c32752640 3243       4       java.util.Properties::get (9 bytes)

GC Heap History (4 events):
Event: 11.946 GC heap before
{Heap before GC invocations=0 (full 0):
 garbage-first heap   total 129024K, used 23552K [0x0000000082800000, 0x0000000100000000)
  region size 1024K, 23 young (23552K), 0 survivors (0K)
 Metaspace       used 5021K, committed 5184K, reserved 1114112K
  class space    used 560K, committed 640K, reserved 1048576K
}
Event: 12.665 GC heap after
{Heap after GC invocations=1 (full 0):
 garbage-first heap   total 129024K, used 3571K [0x0000000082800000, 0x0000000100000000)
  region size 1024K, 3 young (3072K), 3 survivors (3072K)
 Metaspace       used 5021K, committed 5184K, reserved 1114112K
  class space    used 560K, committed 640K, reserved 1048576K
}
Event: 20.157 GC heap before
{Heap before GC invocations=1 (full 0):
 garbage-first heap   total 129024K, used 35315K [0x0000000082800000, 0x0000000100000000)
  region size 1024K, 34 young (34816K), 3 survivors (3072K)
 Metaspace       used 10387K, committed 10624K, reserved 1114112K
  class space    used 1222K, committed 1344K, reserved 1048576K
}
Event: 20.170 GC heap after
{Heap after GC invocations=2 (full 0):
 garbage-first heap   total 129024K, used 5840K [0x0000000082800000, 0x0000000100000000)
  region size 1024K, 3 young (3072K), 3 survivors (3072K)
 Metaspace       used 10387K, committed 10624K, reserved 1114112K
  class space    used 1222K, committed 1344K, reserved 1048576K
}

Dll operation events (8 events):
Event: 0.010 Loaded shared library C:\Program Files\Java\jdk-19\bin\java.dll
Event: 0.031 Loaded shared library C:\Program Files\Java\jdk-19\bin\jsvml.dll
Event: 0.270 Loaded shared library C:\Program Files\Java\jdk-19\bin\net.dll
Event: 0.279 Loaded shared library C:\Program Files\Java\jdk-19\bin\nio.dll
Event: 0.284 Loaded shared library C:\Program Files\Java\jdk-19\bin\zip.dll
Event: 1.146 Loaded shared library C:\Program Files\Java\jdk-19\bin\jimage.dll
Event: 1.212 Loaded shared library C:\Users\User\Desktop\NETBEAN\NetBeans-15\netbeans\java\maven\lib\jansi-native\Windows\x86_64\jansi.dll
Event: 1.334 Loaded shared library C:\Program Files\Java\jdk-19\bin\verify.dll

Deoptimization events (20 events):
Event: 211.204 Thread 0x0000024c1400e0c0 Uncommon trap: trap_request=0xffffffbe fr.pc=0x0000024c23b94540 relative=0x0000000000000cc0
Event: 211.204 Thread 0x0000024c1400e0c0 Uncommon trap: reason=profile_predicate action=maybe_recompile pc=0x0000024c23b94540 method=java.util.regex.Pattern$CharPropertyGreedy.match(Ljava/util/regex/Matcher;ILjava/lang/CharSequence;)Z @ 103 c2
Event: 211.204 Thread 0x0000024c1400e0c0 DEOPT PACKING pc=0x0000024c23b94540 sp=0x000000f3534fc570
Event: 211.204 Thread 0x0000024c1400e0c0 DEOPT UNPACKING pc=0x0000024c23506da3 sp=0x000000f3534fc510 mode 2
Event: 211.206 Thread 0x0000024c1400e0c0 Uncommon trap: trap_request=0xffffffbe fr.pc=0x0000024c23b94540 relative=0x0000000000000cc0
Event: 211.206 Thread 0x0000024c1400e0c0 Uncommon trap: reason=profile_predicate action=maybe_recompile pc=0x0000024c23b94540 method=java.util.regex.Pattern$CharPropertyGreedy.match(Ljava/util/regex/Matcher;ILjava/lang/CharSequence;)Z @ 103 c2
Event: 211.206 Thread 0x0000024c1400e0c0 DEOPT PACKING pc=0x0000024c23b94540 sp=0x000000f3534fc640
Event: 211.206 Thread 0x0000024c1400e0c0 DEOPT UNPACKING pc=0x0000024c23506da3 sp=0x000000f3534fc5e0 mode 2
Event: 211.206 Thread 0x0000024c1400e0c0 Uncommon trap: trap_request=0xffffffbe fr.pc=0x0000024c23b94540 relative=0x0000000000000cc0
Event: 211.206 Thread 0x0000024c1400e0c0 Uncommon trap: reason=profile_predicate action=maybe_recompile pc=0x0000024c23b94540 method=java.util.regex.Pattern$CharPropertyGreedy.match(Ljava/util/regex/Matcher;ILjava/lang/CharSequence;)Z @ 103 c2
Event: 211.206 Thread 0x0000024c1400e0c0 DEOPT PACKING pc=0x0000024c23b94540 sp=0x000000f3534fc250
Event: 211.206 Thread 0x0000024c1400e0c0 DEOPT UNPACKING pc=0x0000024c23506da3 sp=0x000000f3534fc1f0 mode 2
Event: 211.206 Thread 0x0000024c1400e0c0 Uncommon trap: trap_request=0xffffffbe fr.pc=0x0000024c23b94540 relative=0x0000000000000cc0
Event: 211.206 Thread 0x0000024c1400e0c0 Uncommon trap: reason=profile_predicate action=maybe_recompile pc=0x0000024c23b94540 method=java.util.regex.Pattern$CharPropertyGreedy.match(Ljava/util/regex/Matcher;ILjava/lang/CharSequence;)Z @ 103 c2
Event: 211.206 Thread 0x0000024c1400e0c0 DEOPT PACKING pc=0x0000024c23b94540 sp=0x000000f3534fc250
Event: 211.206 Thread 0x0000024c1400e0c0 DEOPT UNPACKING pc=0x0000024c23506da3 sp=0x000000f3534fc1f0 mode 2
Event: 214.704 Thread 0x0000024c1400e0c0 Uncommon trap: trap_request=0xffffff45 fr.pc=0x0000024c23b9dfc4 relative=0x0000000000000264
Event: 214.704 Thread 0x0000024c1400e0c0 Uncommon trap: reason=unstable_if action=reinterpret pc=0x0000024c23b9dfc4 method=org.apache.maven.model.ConfigurationContainer.getLocation(Ljava/lang/Object;)Lorg/apache/maven/model/InputLocation; @ 18 c2
Event: 214.704 Thread 0x0000024c1400e0c0 DEOPT PACKING pc=0x0000024c23b9dfc4 sp=0x000000f3534fc040
Event: 214.704 Thread 0x0000024c1400e0c0 DEOPT UNPACKING pc=0x0000024c23506da3 sp=0x000000f3534fbfe0 mode 2

Classes loaded (20 events):
Event: 23.629 Loading class java/lang/Byte$ByteCache
Event: 23.629 Loading class java/lang/Byte$ByteCache done
Event: 23.652 Loading class sun/invoke/util/ValueConversions$1
Event: 23.652 Loading class sun/invoke/util/ValueConversions$1 done
Event: 23.653 Loading class java/lang/invoke/BoundMethodHandle$Species_LI
Event: 23.653 Loading class java/lang/invoke/BoundMethodHandle$Species_LI done
Event: 26.710 Loading class java/util/LinkedList$ListItr
Event: 26.710 Loading class java/util/LinkedList$ListItr done
Event: 181.778 Loading class java/io/InterruptedIOException
Event: 181.779 Loading class java/io/InterruptedIOException done
Event: 181.988 Loading class java/util/concurrent/locks/ReentrantReadWriteLock$NonfairSync
Event: 181.994 Loading class java/util/concurrent/locks/ReentrantReadWriteLock$Sync
Event: 181.995 Loading class java/util/concurrent/locks/ReentrantReadWriteLock$Sync done
Event: 181.995 Loading class java/util/concurrent/locks/ReentrantReadWriteLock$NonfairSync done
Event: 182.176 Loading class java/util/concurrent/locks/ReentrantReadWriteLock$Sync$ThreadLocalHoldCounter
Event: 182.177 Loading class java/util/concurrent/locks/ReentrantReadWriteLock$Sync$ThreadLocalHoldCounter done
Event: 182.180 Loading class java/util/concurrent/locks/ReentrantReadWriteLock$ReadLock
Event: 182.180 Loading class java/util/concurrent/locks/ReentrantReadWriteLock$ReadLock done
Event: 182.180 Loading class java/util/concurrent/locks/ReentrantReadWriteLock$WriteLock
Event: 182.180 Loading class java/util/concurrent/locks/ReentrantReadWriteLock$WriteLock done

Classes unloaded (0 events):
No events

Classes redefined (0 events):
No events

Internal exceptions (20 events):
Event: 182.212 Thread 0x0000024c1400e0c0 Exception <a 'java/io/IOException'{0x0000000088faef00}> (0x0000000088faef00) 
thrown [s\open\src\hotspot\share\prims\jni.cpp, line 517]
Event: 182.212 Thread 0x0000024c1400e0c0 Exception <a 'java/io/IOException'{0x0000000088faf500}> (0x0000000088faf500) 
thrown [s\open\src\hotspot\share\prims\jni.cpp, line 517]
Event: 182.212 Thread 0x0000024c1400e0c0 Exception <a 'java/io/IOException'{0x0000000088fafac8}> (0x0000000088fafac8) 
thrown [s\open\src\hotspot\share\prims\jni.cpp, line 517]
Event: 182.212 Thread 0x0000024c1400e0c0 Exception <a 'java/io/IOException'{0x0000000088fb0090}> (0x0000000088fb0090) 
thrown [s\open\src\hotspot\share\prims\jni.cpp, line 517]
Event: 182.212 Thread 0x0000024c1400e0c0 Exception <a 'java/io/IOException'{0x0000000088fb06a0}> (0x0000000088fb06a0) 
thrown [s\open\src\hotspot\share\prims\jni.cpp, line 517]
Event: 182.212 Thread 0x0000024c1400e0c0 Exception <a 'java/io/IOException'{0x0000000088fb0ca0}> (0x0000000088fb0ca0) 
thrown [s\open\src\hotspot\share\prims\jni.cpp, line 517]
Event: 182.212 Thread 0x0000024c1400e0c0 Exception <a 'java/io/IOException'{0x0000000088fb1268}> (0x0000000088fb1268) 
thrown [s\open\src\hotspot\share\prims\jni.cpp, line 517]
Event: 182.212 Thread 0x0000024c1400e0c0 Exception <a 'java/io/IOException'{0x0000000088fb1580}> (0x0000000088fb1580) 
thrown [s\open\src\hotspot\share\prims\jni.cpp, line 517]
Event: 182.212 Thread 0x0000024c1400e0c0 Exception <a 'java/io/IOException'{0x0000000088fb2510}> (0x0000000088fb2510) 
thrown [s\open\src\hotspot\share\prims\jni.cpp, line 517]
Event: 182.212 Thread 0x0000024c1400e0c0 Exception <a 'java/io/IOException'{0x0000000088fb2b10}> (0x0000000088fb2b10) 
thrown [s\open\src\hotspot\share\prims\jni.cpp, line 517]
Event: 182.212 Thread 0x0000024c1400e0c0 Exception <a 'java/io/IOException'{0x0000000088fb30d8}> (0x0000000088fb30d8) 
thrown [s\open\src\hotspot\share\prims\jni.cpp, line 517]
Event: 182.212 Thread 0x0000024c1400e0c0 Exception <a 'java/io/IOException'{0x0000000088fb33f0}> (0x0000000088fb33f0) 
thrown [s\open\src\hotspot\share\prims\jni.cpp, line 517]
Event: 182.213 Thread 0x0000024c1400e0c0 Exception <a 'java/io/IOException'{0x0000000088fb3e18}> (0x0000000088fb3e18) 
thrown [s\open\src\hotspot\share\prims\jni.cpp, line 517]
Event: 182.213 Thread 0x0000024c1400e0c0 Exception <a 'java/io/IOException'{0x0000000088fb4418}> (0x0000000088fb4418) 
thrown [s\open\src\hotspot\share\prims\jni.cpp, line 517]
Event: 182.213 Thread 0x0000024c1400e0c0 Exception <a 'java/io/IOException'{0x0000000088fb49e0}> (0x0000000088fb49e0) 
thrown [s\open\src\hotspot\share\prims\jni.cpp, line 517]
Event: 182.213 Thread 0x0000024c1400e0c0 Exception <a 'java/io/IOException'{0x0000000088fb4cf8}> (0x0000000088fb4cf8) 
thrown [s\open\src\hotspot\share\prims\jni.cpp, line 517]
Event: 182.213 Thread 0x0000024c1400e0c0 Exception <a 'java/io/IOException'{0x0000000088fb5978}> (0x0000000088fb5978) 
thrown [s\open\src\hotspot\share\prims\jni.cpp, line 517]
Event: 182.213 Thread 0x0000024c1400e0c0 Exception <a 'java/io/IOException'{0x0000000088fb5f78}> (0x0000000088fb5f78) 
thrown [s\open\src\hotspot\share\prims\jni.cpp, line 517]
Event: 182.213 Thread 0x0000024c1400e0c0 Exception <a 'java/io/IOException'{0x0000000088fb6540}> (0x0000000088fb6540) 
thrown [s\open\src\hotspot\share\prims\jni.cpp, line 517]
Event: 182.213 Thread 0x0000024c1400e0c0 Exception <a 'java/io/IOException'{0x0000000088fb6858}> (0x0000000088fb6858) 
thrown [s\open\src\hotspot\share\prims\jni.cpp, line 517]

VM Operations (20 events):
Event: 203.278 Executing VM operation: Cleanup
Event: 203.417 Executing VM operation: Cleanup done
Event: 204.418 Executing VM operation: Cleanup
Event: 204.463 Executing VM operation: Cleanup done
Event: 205.469 Executing VM operation: Cleanup
Event: 205.590 Executing VM operation: Cleanup done
Event: 207.920 Executing VM operation: Cleanup
Event: 208.061 Executing VM operation: Cleanup done
Event: 210.077 Executing VM operation: Cleanup
Event: 210.409 Executing VM operation: Cleanup done
Event: 211.417 Executing VM operation: Cleanup
Event: 211.423 Executing VM operation: Cleanup done
Event: 212.545 Executing VM operation: Cleanup
Event: 213.264 Executing VM operation: Cleanup done
Event: 214.275 Executing VM operation: Cleanup
Event: 214.292 Executing VM operation: Cleanup done
Event: 215.300 Executing VM operation: Cleanup
Event: 215.432 Executing VM operation: Cleanup done
Event: 216.441 Executing VM operation: Cleanup
Event: 216.647 Executing VM operation: Cleanup done

Events (12 events):
Event: 0.032 Thread 0x0000024c1400e0c0 Thread added: 0x0000024c1400e0c0
Event: 0.209 Thread 0x0000024c3274a9d0 Thread added: 0x0000024c3274a9d0
Event: 0.209 Thread 0x0000024c3274b500 Thread added: 0x0000024c3274b500
Event: 0.209 Thread 0x0000024c3274fe50 Thread added: 0x0000024c3274fe50
Event: 0.209 Thread 0x0000024c32750780 Thread added: 0x0000024c32750780
Event: 0.209 Thread 0x0000024c327510b0 Thread added: 0x0000024c327510b0
Event: 0.209 Thread 0x0000024c327519e0 Thread added: 0x0000024c327519e0
Event: 0.210 Thread 0x0000024c32752640 Thread added: 0x0000024c32752640
Event: 0.210 Thread 0x0000024c32752fb0 Thread added: 0x0000024c32752fb0
Event: 0.210 Thread 0x0000024c327726a0 Thread added: 0x0000024c327726a0
Event: 0.259 Thread 0x0000024c369da8d0 Thread added: 0x0000024c369da8d0
Event: 0.265 Thread 0x0000024c369e3ec0 Thread added: 0x0000024c369e3ec0


Dynamic libraries:
0x00007ff75d2a0000 - 0x00007ff75d2b0000 	C:\Program Files\Java\jdk-19\bin\java.exe
0x00007ffd17dc0000 - 0x00007ffd17fc9000 	C:\WINDOWS\SYSTEM32\ntdll.dll
0x00007ffd16ad0000 - 0x00007ffd16b8e000 	C:\WINDOWS\System32\KERNEL32.DLL
0x00007ffd15870000 - 0x00007ffd15bf4000 	C:\WINDOWS\System32\KERNELBASE.dll
0x00007ffd15270000 - 0x00007ffd15381000 	C:\WINDOWS\System32\ucrtbase.dll
0x00007ffcfb4c0000 - 0x00007ffcfb4d8000 	C:\Program Files\Java\jdk-19\bin\jli.dll
0x00007ffd177a0000 - 0x00007ffd1784f000 	C:\WINDOWS\System32\ADVAPI32.dll
0x00007ffd176d0000 - 0x00007ffd17773000 	C:\WINDOWS\System32\msvcrt.dll
0x00007ffd17630000 - 0x00007ffd176ce000 	C:\WINDOWS\System32\sechost.dll
0x00007ffd16910000 - 0x00007ffd16a31000 	C:\WINDOWS\System32\RPCRT4.dll
0x00007ffd15cd0000 - 0x00007ffd15e7d000 	C:\WINDOWS\System32\USER32.dll
0x00007ffd15c00000 - 0x00007ffd15c26000 	C:\WINDOWS\System32\win32u.dll
0x00007ffd16c70000 - 0x00007ffd16c9a000 	C:\WINDOWS\System32\GDI32.dll
0x00007ffd15540000 - 0x00007ffd1565f000 	C:\WINDOWS\System32\gdi32full.dll
0x00007ffd15660000 - 0x00007ffd156fd000 	C:\WINDOWS\System32\msvcp_win.dll
0x00007ffd12330000 - 0x00007ffd1234b000 	C:\Program Files\Java\jdk-19\bin\VCRUNTIME140.dll
0x00007ffcff340000 - 0x00007ffcff5e5000 	C:\WINDOWS\WinSxS\amd64_microsoft.windows.common-controls_6595b64144ccf1df_6.0.22000.120_none_9d947278b86cc467\COMCTL32.dll
0x00007ffd0f3f0000 - 0x00007ffd0f3fa000 	C:\WINDOWS\SYSTEM32\VERSION.dll
0x00007ffd15c90000 - 0x00007ffd15cc1000 	C:\WINDOWS\System32\IMM32.DLL
0x00007ffd12380000 - 0x00007ffd1238c000 	C:\Program Files\Java\jdk-19\bin\vcruntime140_1.dll
0x00007ffcea700000 - 0x00007ffcea78e000 	C:\Program Files\Java\jdk-19\bin\msvcp140.dll
0x00007ffcaf740000 - 0x00007ffcb0400000 	C:\Program Files\Java\jdk-19\bin\server\jvm.dll
0x00007ffce9940000 - 0x00007ffce9949000 	C:\WINDOWS\SYSTEM32\WSOCK32.dll
0x00007ffd15e80000 - 0x00007ffd15eef000 	C:\WINDOWS\System32\WS2_32.dll
0x00007ffd0f410000 - 0x00007ffd0f443000 	C:\WINDOWS\SYSTEM32\WINMM.dll
0x00007ffd143e0000 - 0x00007ffd143f8000 	C:\WINDOWS\SYSTEM32\kernel.appcore.dll
0x00007ffd11b30000 - 0x00007ffd11b3a000 	C:\Program Files\Java\jdk-19\bin\jimage.dll
0x00007ffd12ed0000 - 0x00007ffd130f1000 	C:\WINDOWS\SYSTEM32\DBGHELP.DLL
0x00007ffcfca70000 - 0x00007ffcfcaa1000 	C:\WINDOWS\SYSTEM32\dbgcore.DLL
0x00007ffd15450000 - 0x00007ffd154cf000 	C:\WINDOWS\System32\bcryptPrimitives.dll
0x00007ffd11ab0000 - 0x00007ffd11ad6000 	C:\Program Files\Java\jdk-19\bin\java.dll
0x00007ffce79d0000 - 0x00007ffce7aa7000 	C:\Program Files\Java\jdk-19\bin\jsvml.dll
0x00007ffd16ca0000 - 0x00007ffd17465000 	C:\WINDOWS\System32\SHELL32.dll
0x00007ffd13360000 - 0x00007ffd13bc4000 	C:\WINDOWS\SYSTEM32\windows.storage.dll
0x00007ffd16520000 - 0x00007ffd16896000 	C:\WINDOWS\System32\combase.dll
0x00007ffd131f0000 - 0x00007ffd13357000 	C:\WINDOWS\SYSTEM32\wintypes.dll
0x00007ffd174d0000 - 0x00007ffd175ba000 	C:\WINDOWS\System32\SHCORE.dll
0x00007ffd15c30000 - 0x00007ffd15c8d000 	C:\WINDOWS\System32\shlwapi.dll
0x00007ffd151a0000 - 0x00007ffd151c1000 	C:\WINDOWS\SYSTEM32\profapi.dll
0x00007ffd04080000 - 0x00007ffd04093000 	C:\Program Files\Java\jdk-19\bin\net.dll
0x00007ffd0edc0000 - 0x00007ffd0eed3000 	C:\WINDOWS\SYSTEM32\WINHTTP.dll
0x00007ffd14880000 - 0x00007ffd148e7000 	C:\WINDOWS\system32\mswsock.dll
0x00007ffcfd5f0000 - 0x00007ffcfd606000 	C:\Program Files\Java\jdk-19\bin\nio.dll
0x00007ffcfd5d0000 - 0x00007ffcfd5e8000 	C:\Program Files\Java\jdk-19\bin\zip.dll
0x0000000069ac0000 - 0x0000000069ae4000 	C:\Users\User\Desktop\NETBEAN\NetBeans-15\netbeans\java\maven\lib\jansi-native\Windows\x86_64\jansi.dll
0x00007ffd10620000 - 0x00007ffd10630000 	C:\Program Files\Java\jdk-19\bin\verify.dll

dbghelp: loaded successfully - version: 4.0.5 - missing functions: none
symbol engine: initialized successfully - sym options: 0x614 - pdb path: .;C:\Program Files\Java\jdk-19\bin;C:\WINDOWS\SYSTEM32;C:\WINDOWS\WinSxS\amd64_microsoft.windows.common-controls_6595b64144ccf1df_6.0.22000.120_none_9d947278b86cc467;C:\Program Files\Java\jdk-19\bin\server;C:\Users\User\Desktop\NETBEAN\NetBeans-15\netbeans\java\maven\lib\jansi-native\Windows\x86_64

VM Arguments:
jvm_args: -Dclassworlds.conf=C:\Users\User\Desktop\NETBEAN\NetBeans-15\netbeans\java\maven\bin\m2.conf -Dmaven.home=C:\Users\User\Desktop\NETBEAN\NetBeans-15\netbeans\java\maven -Dlibrary.jansi.path=C:\Users\User\Desktop\NETBEAN\NetBeans-15\netbeans\java\maven\lib\jansi-native -Dmaven.multiModuleProjectDirectory=C:\Users\User\Desktop\NETBEAN\WallStreetWarriors 
java_command: org.codehaus.plexus.classworlds.launcher.Launcher -Dmaven.ext.class.path=C:\Users\User\Desktop\NETBEAN\NetBeans-15\netbeans\java\maven-nblib\netbeans-eventspy.jar install
java_class_path (initial): C:\Users\User\Desktop\NETBEAN\NetBeans-15\netbeans\java\maven\boot\plexus-classworlds-2.6.0.jar
Launcher Type: SUN_STANDARD

[Global flags]
     intx CICompilerCount                          = 4                                         {product} {ergonomic}
     uint ConcGCThreads                            = 2                                         {product} {ergonomic}
     uint G1ConcRefinementThreads                  = 8                                         {product} {ergonomic}
   size_t G1HeapRegionSize                         = 1048576                                   {product} {ergonomic}
    uintx GCDrainStackTargetSize                   = 64                                        {product} {ergonomic}
   size_t InitialHeapSize                          = 132120576                                 {product} {ergonomic}
   size_t MarkStackSize                            = 4194304                                   {product} {ergonomic}
   size_t MaxHeapSize                              = 2105540608                                {product} {ergonomic}
   size_t MaxNewSize                               = 1262485504                                {product} {ergonomic}
   size_t MinHeapDeltaBytes                        = 1048576                                   {product} {ergonomic}
   size_t MinHeapSize                              = 8388608                                   {product} {ergonomic}
    uintx NonNMethodCodeHeapSize                   = 5839372                                {pd product} {ergonomic}
    uintx NonProfiledCodeHeapSize                  = 122909434                              {pd product} {ergonomic}
    uintx ProfiledCodeHeapSize                     = 122909434                              {pd product} {ergonomic}
    uintx ReservedCodeCacheSize                    = 251658240                              {pd product} {ergonomic}
     bool SegmentedCodeCache                       = true                                      {product} {ergonomic}
   size_t SoftMaxHeapSize                          = 2105540608                             {manageable} {ergonomic}
     bool UseCompressedClassPointers               = true                           {product lp64_product} {ergonomic}
     bool UseCompressedOops                        = true                           {product lp64_product} {ergonomic}
     bool UseG1GC                                  = true                                      {product} {ergonomic}
     bool UseLargePagesIndividualAllocation        = false                                  {pd product} {ergonomic}

Logging:
Log output configuration:
 #0: stdout all=warning uptime,level,tags foldmultilines=false
 #1: stderr all=off uptime,level,tags foldmultilines=false

Environment Variables:
JAVA_HOME=C:\Program Files\Java\jdk-19
PATH=C:\Program Files\Common Files\Oracle\Java\javapath;C:\Windows\system32;C:\Windows;C:\Windows\System32\Wbem;C:\Windows\System32\WindowsPowerShell\v1.0\;C:\Windows\System32\OpenSSH\;C:\Program Files (x86)\NVIDIA Corporation\PhysX\Common;C:\Program Files\NVIDIA Corporation\NVIDIA NvDLISR;C:\WINDOWS\system32;C:\WINDOWS;C:\WINDOWS\System32\Wbem;C:\WINDOWS\System32\WindowsPowerShell\v1.0\;C:\WINDOWS\System32\OpenSSH\;C:\Program Files\Java\jdk-19\bin;C:\Program Files\Microsoft SQL Server\130\Tools\Binn\;C:\Program Files\nodejs\;C:\Program Files\Git\cmd;C:\Users\User\AppData\Local\Programs\Python\Python311\Scripts\;C:\Users\User\AppData\Local\Programs\Python\Python311\;C:\Users\User\AppData\Local\Microsoft\WindowsApps;C:\Users\User\Desktop\Useful tools\Microsoft VS Code\bin;C:\Users\User\AppData\Local\GitHubDesktop\bin;C:\Users\User\AppData\Roaming\npm;C:\Program Files\Graphviz\bin
USERNAME=User
OS=Windows_NT
PROCESSOR_IDENTIFIER=Intel64 Family 6 Model 165 Stepping 2, GenuineIntel
TMP=C:\Users\User\AppData\Local\Temp
TEMP=C:\Users\User\AppData\Local\Temp



---------------  S Y S T E M  ---------------

OS:
 Windows 11 , 64 bit Build 22000 (10.0.22000.1880)
OS uptime: 3 days 20:46 hours

CPU: total 8 (initial active 8) (4 cores per cpu, 2 threads per core) family 6 model 165 stepping 2 microcode 0xe0, cx8, cmov, fxsr, ht, mmx, 3dnowpref, sse, sse2, sse3, ssse3, sse4.1, sse4.2, popcnt, lzcnt, tsc, tscinvbit, avx, avx2, aes, erms, clmul, bmi1, bmi2, adx, fma, vzeroupper, clflush, clflushopt, rdtscp

Memory: 4k page, system-wide physical 8029M (49M free)
TotalPageFile size 32605M (AvailPageFile size 387M)
current process WorkingSet (physical memory assigned to process): 13M, peak: 92M
current process commit charge ("private bytes"): 233M, peak: 241M

vm_info: Java HotSpot(TM) 64-Bit Server VM (19+36-2238) for windows-amd64 JRE (19+36-2238), built on 2022-08-12T20:29:01Z by "mach5one" with MS VC++ 17.1 (VS2022)

END.
