#
# There is insufficient memory for the Java Runtime Environment to continue.
# Native memory allocation (malloc) failed to allocate 343040 bytes for Chunk::new
# Possible reasons:
#   The system is out of physical RAM or swap space
#   The process is running with CompressedOops enabled, and the Java Heap may be blocking the growth of the native heap
# Possible solutions:
#   Reduce memory load on the system
#   Increase physical memory or swap space
#   Check if swap backing store is full
#   Decrease Java heap size (-Xmx/-Xms)
#   Decrease number of Java threads
#   Decrease Java thread stack sizes (-Xss)
#   Set larger code cache with -XX:ReservedCodeCacheSize=
#   JVM is running with Unscaled Compressed Oops mode in which the Java heap is
#     placed in the first 4GB address space. The Java Heap base address is the
#     maximum limit for the native heap growth. Please use -XX:HeapBaseMinAddress
#     to set the Java Heap base and to place the Java Heap above 4GB virtual address.
# This output file may be truncated or incomplete.
#
#  Out of Memory Error (arena.cpp:184), pid=31672, tid=32884
#
# JRE version: Java(TM) SE Runtime Environment (19.0+36) (build 19+36-2238)
# Java VM: Java HotSpot(TM) 64-Bit Server VM (19+36-2238, mixed mode, sharing, tiered, compressed oops, compressed class ptrs, g1 gc, windows-amd64)
# No core dump will be written. Minidumps are not enabled by default on client versions of Windows
#

---------------  S U M M A R Y ------------

Command Line: -Dclassworlds.conf=C:\Users\User\Desktop\NETBEAN\NetBeans-15\netbeans\java\maven\bin\m2.conf -Dmaven.home=C:\Users\User\Desktop\NETBEAN\NetBeans-15\netbeans\java\maven -Dlibrary.jansi.path=C:\Users\User\Desktop\NETBEAN\NetBeans-15\netbeans\java\maven\lib\jansi-native -Dmaven.multiModuleProjectDirectory=C:\Users\User\Desktop\NETBEAN\WallStreetWarriors org.codehaus.plexus.classworlds.launcher.Launcher -Dmaven.ext.class.path=C:\Users\User\Desktop\NETBEAN\NetBeans-15\netbeans\java\maven-nblib\netbeans-eventspy.jar install

Host: Intel(R) Core(TM) i5-10300H CPU @ 2.50GHz, 8 cores, 7G,  Windows 11 , 64 bit Build 22000 (10.0.22000.1880)
Time: Mon Jun 12 20:45:59 2023 Malay Peninsula Standard Time elapsed time: 252.513099 seconds (0d 0h 4m 12s)

---------------  T H R E A D  ---------------

Current thread (0x0000027854caf170):  JavaThread "C2 CompilerThread0" daemon [_thread_in_native, id=32884, stack(0x0000008651c00000,0x0000008651d00000)]


Current CompileTask:
C2: 252513 3984       4       org.apache.maven.model.merge.MavenModelMerger::mergePlugin_Executions (235 bytes)

Stack: [0x0000008651c00000,0x0000008651d00000]
Native frames: (J=compiled Java code, j=interpreted, Vv=VM code, C=native code)
V  [jvm.dll+0x6ee8fa]
V  [jvm.dll+0x857a1e]
V  [jvm.dll+0x85940e]
V  [jvm.dll+0x859ac3]
V  [jvm.dll+0x28291f]
V  [jvm.dll+0xc9b5f]
V  [jvm.dll+0xc9ee5]
V  [jvm.dll+0x3bcbac]
V  [jvm.dll+0x386201]
V  [jvm.dll+0x38567a]
V  [jvm.dll+0x24c2c9]
V  [jvm.dll+0x24b671]
V  [jvm.dll+0x1d6d61]
V  [jvm.dll+0x25b0fa]
V  [jvm.dll+0x259588]
V  [jvm.dll+0x807928]
V  [jvm.dll+0x8015fa]
V  [jvm.dll+0x6ed5eb]
C  [ucrtbase.dll+0x26c0c]
C  [KERNEL32.DLL+0x155a0]
C  [ntdll.dll+0x485b]


---------------  P R O C E S S  ---------------

Threads class SMR info:
_java_thread_list=0x00000278590496b0, length=12, elements={
0x000002783656e0c0, 0x0000027854ca7360, 0x0000027854ca7e90, 0x0000027854caa970,
0x0000027854cab2a0, 0x0000027854cadbe0, 0x0000027854cae510, 0x0000027854caf170,
0x0000027854caffc0, 0x0000027854cb0930, 0x0000027859068720, 0x00000278590722a0
}

Java Threads: ( => current thread )
  0x000002783656e0c0 JavaThread "main" [_thread_in_native, id=31564, stack(0x0000008650f00000,0x0000008651000000)]
  0x0000027854ca7360 JavaThread "Reference Handler" daemon [_thread_blocked, id=8120, stack(0x0000008651600000,0x0000008651700000)]
  0x0000027854ca7e90 JavaThread "Finalizer" daemon [_thread_blocked, id=13688, stack(0x0000008651700000,0x0000008651800000)]
  0x0000027854caa970 JavaThread "Signal Dispatcher" daemon [_thread_blocked, id=6400, stack(0x0000008651800000,0x0000008651900000)]
  0x0000027854cab2a0 JavaThread "Attach Listener" daemon [_thread_blocked, id=11644, stack(0x0000008651900000,0x0000008651a00000)]
  0x0000027854cadbe0 JavaThread "Service Thread" daemon [_thread_blocked, id=22904, stack(0x0000008651a00000,0x0000008651b00000)]
  0x0000027854cae510 JavaThread "Monitor Deflation Thread" daemon [_thread_blocked, id=22500, stack(0x0000008651b00000,0x0000008651c00000)]
=>0x0000027854caf170 JavaThread "C2 CompilerThread0" daemon [_thread_in_native, id=32884, stack(0x0000008651c00000,0x0000008651d00000)]
  0x0000027854caffc0 JavaThread "C1 CompilerThread0" daemon [_thread_blocked, id=8644, stack(0x0000008651d00000,0x0000008651e00000)]
  0x0000027854cb0930 JavaThread "Sweeper thread" daemon [_thread_blocked, id=32720, stack(0x0000008651e00000,0x0000008651f00000)]
  0x0000027859068720 JavaThread "Notification Thread" daemon [_thread_blocked, id=29768, stack(0x0000008651f00000,0x0000008652000000)]
  0x00000278590722a0 JavaThread "Common-Cleaner" daemon [_thread_blocked, id=25580, stack(0x0000008652100000,0x0000008652200000)]

Other Threads:
  0x0000027854c88ee0 VMThread "VM Thread" [stack: 0x0000008651500000,0x0000008651600000] [id=32320]
  0x0000027859070c90 WatcherThread "VM Periodic Task Thread" [stack: 0x0000008652000000,0x0000008652100000] [id=26656]
  0x00000278365ce060 WorkerThread "GC Thread#0" [stack: 0x0000008651000000,0x0000008651100000] [id=32216]
  0x0000027859a66a30 WorkerThread "GC Thread#1" [stack: 0x0000008652200000,0x0000008652300000] [id=24964]
  0x0000027859a66d00 WorkerThread "GC Thread#2" [stack: 0x0000008652300000,0x0000008652400000] [id=11516]
  0x0000027859c28b10 WorkerThread "GC Thread#3" [stack: 0x0000008652400000,0x0000008652500000] [id=31764]
  0x0000027859c28e30 WorkerThread "GC Thread#4" [stack: 0x0000008652500000,0x0000008652600000] [id=31644]
  0x0000027859c2a4b0 WorkerThread "GC Thread#5" [stack: 0x0000008652600000,0x0000008652700000] [id=30992]
  0x0000027859c29100 WorkerThread "GC Thread#6" [stack: 0x0000008652700000,0x0000008652800000] [id=14468]
  0x0000027859c29f10 WorkerThread "GC Thread#7" [stack: 0x0000008652800000,0x0000008652900000] [id=20844]
  0x00000278365deac0 ConcurrentGCThread "G1 Main Marker" [stack: 0x0000008651100000,0x0000008651200000] [id=32148]
  0x00000278365df4f0 WorkerThread "G1 Conc#0" [stack: 0x0000008651200000,0x0000008651300000] [id=32180]
  0x000002783663e6a0 ConcurrentGCThread "G1 Refine#0" [stack: 0x0000008651300000,0x0000008651400000] [id=32228]
  0x0000027854b44630 ConcurrentGCThread "G1 Service" [stack: 0x0000008651400000,0x0000008651500000] [id=32232]

Threads with active compile tasks:
C2 CompilerThread0   252715 3984       4       org.apache.maven.model.merge.MavenModelMerger::mergePlugin_Executions (235 bytes)

VM state: not at safepoint (normal execution)

VM Mutex/Monitor currently owned by a thread: None

Heap address: 0x0000000082800000, size: 2008 MB, Compressed Oops mode: 32-bit

CDS archive(s) mapped at: [0x0000000800000000-0x0000000800c40000-0x0000000800c40000), size 12845056, SharedBaseAddress: 0x0000000800000000, ArchiveRelocationMode: 0.
Compressed class space mapped at: 0x0000000801000000-0x0000000841000000, reserved size: 1073741824
Narrow klass base: 0x0000000800000000, Narrow klass shift: 0, Narrow klass range: 0x100000000

GC Precious Log:
 CardTable entry size: 512
 Card Set container configuration: InlinePtr #cards 5 size 8 Array Of Cards #cards 12 size 40 Howl #buckets 4 coarsen threshold 1843 Howl Bitmap #cards 512 size 80 coarsen threshold 460 Card regions per heap region 1 cards per card region 2048
 CPUs: 8 total, 8 available
 Memory: 8029M
 Large Page Support: Disabled
 NUMA Support: Disabled
 Compressed Oops: Enabled (32-bit)
 Heap Region Size: 1M
 Heap Min Capacity: 8M
 Heap Initial Capacity: 126M
 Heap Max Capacity: 2008M
 Pre-touch: Disabled
 Parallel Workers: 8
 Concurrent Workers: 2
 Concurrent Refinement Workers: 8
 Periodic GC: Disabled

Heap:
 garbage-first heap   total 129024K, used 56183K [0x0000000082800000, 0x0000000100000000)
  region size 1024K, 11 young (11264K), 1 survivors (1024K)
 Metaspace       used 14933K, committed 15232K, reserved 1114112K
  class space    used 1591K, committed 1728K, reserved 1048576K

Heap Regions: E=young(eden), S=young(survivor), O=old, HS=humongous(starts), HC=humongous(continues), CS=collection set, F=free, OA=open archive, CA=closed archive, TAMS=top-at-mark-start (previous, next)
|   0|0x0000000082800000, 0x0000000082900000, 0x0000000082900000|100%| O|  |TAMS 0x0000000082800000, 0x0000000082800000| Untracked 
|   1|0x0000000082900000, 0x0000000082a00000, 0x0000000082a00000|100%| O|  |TAMS 0x0000000082900000, 0x0000000082900000| Untracked 
|   2|0x0000000082a00000, 0x0000000082b00000, 0x0000000082b00000|100%| O|  |TAMS 0x0000000082a00000, 0x0000000082a00000| Untracked 
|   3|0x0000000082b00000, 0x0000000082c00000, 0x0000000082c00000|100%| O|  |TAMS 0x0000000082b00000, 0x0000000082b00000| Untracked 
|   4|0x0000000082c00000, 0x0000000082d00000, 0x0000000082d00000|100%| O|  |TAMS 0x0000000082c00000, 0x0000000082c00000| Untracked 
|   5|0x0000000082d00000, 0x0000000082e00000, 0x0000000082e00000|100%| O|  |TAMS 0x0000000082d00000, 0x0000000082d00000| Untracked 
|   6|0x0000000082e00000, 0x0000000082f00000, 0x0000000082f00000|100%| O|  |TAMS 0x0000000082e00000, 0x0000000082e00000| Untracked 
|   7|0x0000000082f00000, 0x0000000083000000, 0x0000000083000000|100%| O|  |TAMS 0x0000000082f00000, 0x0000000082f00000| Untracked 
|   8|0x0000000083000000, 0x0000000083100000, 0x0000000083100000|100%| O|  |TAMS 0x0000000083000000, 0x0000000083000000| Untracked 
|   9|0x0000000083100000, 0x0000000083200000, 0x0000000083200000|100%| O|  |TAMS 0x0000000083100000, 0x0000000083100000| Untracked 
|  10|0x0000000083200000, 0x0000000083300000, 0x0000000083300000|100%| O|  |TAMS 0x0000000083200000, 0x0000000083200000| Untracked 
|  11|0x0000000083300000, 0x0000000083400000, 0x0000000083400000|100%| O|  |TAMS 0x0000000083300000, 0x0000000083300000| Untracked 
|  12|0x0000000083400000, 0x00000000834ddc00, 0x0000000083500000| 86%| O|  |TAMS 0x0000000083400000, 0x0000000083400000| Untracked 
|  13|0x0000000083500000, 0x0000000083600000, 0x0000000083600000|100%|HS|  |TAMS 0x0000000083500000, 0x0000000083500000| Complete 
|  14|0x0000000083600000, 0x0000000083700000, 0x0000000083700000|100%|HC|  |TAMS 0x0000000083600000, 0x0000000083600000| Complete 
|  15|0x0000000083700000, 0x0000000083800000, 0x0000000083800000|100%|HC|  |TAMS 0x0000000083700000, 0x0000000083700000| Complete 
|  16|0x0000000083800000, 0x0000000083900000, 0x0000000083900000|100%|HC|  |TAMS 0x0000000083800000, 0x0000000083800000| Complete 
|  17|0x0000000083900000, 0x0000000083a00000, 0x0000000083a00000|100%|HC|  |TAMS 0x0000000083900000, 0x0000000083900000| Complete 
|  18|0x0000000083a00000, 0x0000000083b00000, 0x0000000083b00000|100%|HC|  |TAMS 0x0000000083a00000, 0x0000000083a00000| Complete 
|  19|0x0000000083b00000, 0x0000000083c00000, 0x0000000083c00000|100%|HC|  |TAMS 0x0000000083b00000, 0x0000000083b00000| Complete 
|  20|0x0000000083c00000, 0x0000000083d00000, 0x0000000083d00000|100%|HC|  |TAMS 0x0000000083c00000, 0x0000000083c00000| Complete 
|  21|0x0000000083d00000, 0x0000000083e00000, 0x0000000083e00000|100%|HS|  |TAMS 0x0000000083d00000, 0x0000000083d00000| Complete 
|  22|0x0000000083e00000, 0x0000000083f00000, 0x0000000083f00000|100%|HC|  |TAMS 0x0000000083e00000, 0x0000000083e00000| Complete 
|  23|0x0000000083f00000, 0x0000000084000000, 0x0000000084000000|100%|HC|  |TAMS 0x0000000083f00000, 0x0000000083f00000| Complete 
|  24|0x0000000084000000, 0x0000000084100000, 0x0000000084100000|100%|HC|  |TAMS 0x0000000084000000, 0x0000000084000000| Complete 
|  25|0x0000000084100000, 0x0000000084200000, 0x0000000084200000|100%|HC|  |TAMS 0x0000000084100000, 0x0000000084100000| Complete 
|  26|0x0000000084200000, 0x0000000084300000, 0x0000000084300000|100%|HC|  |TAMS 0x0000000084200000, 0x0000000084200000| Complete 
|  27|0x0000000084300000, 0x0000000084400000, 0x0000000084400000|100%|HC|  |TAMS 0x0000000084300000, 0x0000000084300000| Complete 
|  28|0x0000000084400000, 0x0000000084500000, 0x0000000084500000|100%|HC|  |TAMS 0x0000000084400000, 0x0000000084400000| Complete 
|  29|0x0000000084500000, 0x0000000084600000, 0x0000000084600000|100%|HC|  |TAMS 0x0000000084500000, 0x0000000084500000| Complete 
|  30|0x0000000084600000, 0x0000000084700000, 0x0000000084700000|100%|HC|  |TAMS 0x0000000084600000, 0x0000000084600000| Complete 
|  31|0x0000000084700000, 0x0000000084800000, 0x0000000084800000|100%|HC|  |TAMS 0x0000000084700000, 0x0000000084700000| Complete 
|  32|0x0000000084800000, 0x0000000084900000, 0x0000000084900000|100%|HC|  |TAMS 0x0000000084800000, 0x0000000084800000| Complete 
|  33|0x0000000084900000, 0x0000000084a00000, 0x0000000084a00000|100%|HS|  |TAMS 0x0000000084900000, 0x0000000084900000| Complete 
|  34|0x0000000084a00000, 0x0000000084b00000, 0x0000000084b00000|100%|HC|  |TAMS 0x0000000084a00000, 0x0000000084a00000| Complete 
|  35|0x0000000084b00000, 0x0000000084c00000, 0x0000000084c00000|100%|HC|  |TAMS 0x0000000084b00000, 0x0000000084b00000| Complete 
|  36|0x0000000084c00000, 0x0000000084d00000, 0x0000000084d00000|100%|HC|  |TAMS 0x0000000084c00000, 0x0000000084c00000| Complete 
|  37|0x0000000084d00000, 0x0000000084e00000, 0x0000000084e00000|100%|HC|  |TAMS 0x0000000084d00000, 0x0000000084d00000| Complete 
|  38|0x0000000084e00000, 0x0000000084f00000, 0x0000000084f00000|100%|HC|  |TAMS 0x0000000084e00000, 0x0000000084e00000| Complete 
|  39|0x0000000084f00000, 0x0000000085000000, 0x0000000085000000|100%|HC|  |TAMS 0x0000000084f00000, 0x0000000084f00000| Complete 
|  40|0x0000000085000000, 0x0000000085100000, 0x0000000085100000|100%|HC|  |TAMS 0x0000000085000000, 0x0000000085000000| Complete 
|  41|0x0000000085100000, 0x0000000085200000, 0x0000000085200000|100%|HC|  |TAMS 0x0000000085100000, 0x0000000085100000| Complete 
|  42|0x0000000085200000, 0x0000000085300000, 0x0000000085300000|100%|HC|  |TAMS 0x0000000085200000, 0x0000000085200000| Complete 
|  43|0x0000000085300000, 0x0000000085400000, 0x0000000085400000|100%|HC|  |TAMS 0x0000000085300000, 0x0000000085300000| Complete 
|  44|0x0000000085400000, 0x0000000085500000, 0x0000000085500000|100%|HC|  |TAMS 0x0000000085400000, 0x0000000085400000| Complete 
|  45|0x0000000085500000, 0x0000000085500000, 0x0000000085600000|  0%| F|  |TAMS 0x0000000085500000, 0x0000000085500000| Untracked 
|  46|0x0000000085600000, 0x0000000085600000, 0x0000000085700000|  0%| F|  |TAMS 0x0000000085600000, 0x0000000085600000| Untracked 
|  47|0x0000000085700000, 0x0000000085700000, 0x0000000085800000|  0%| F|  |TAMS 0x0000000085700000, 0x0000000085700000| Untracked 
|  48|0x0000000085800000, 0x0000000085800000, 0x0000000085900000|  0%| F|  |TAMS 0x0000000085800000, 0x0000000085800000| Untracked 
|  49|0x0000000085900000, 0x0000000085900000, 0x0000000085a00000|  0%| F|  |TAMS 0x0000000085900000, 0x0000000085900000| Untracked 
|  50|0x0000000085a00000, 0x0000000085a00000, 0x0000000085b00000|  0%| F|  |TAMS 0x0000000085a00000, 0x0000000085a00000| Untracked 
|  51|0x0000000085b00000, 0x0000000085b00000, 0x0000000085c00000|  0%| F|  |TAMS 0x0000000085b00000, 0x0000000085b00000| Untracked 
|  52|0x0000000085c00000, 0x0000000085c00000, 0x0000000085d00000|  0%| F|  |TAMS 0x0000000085c00000, 0x0000000085c00000| Untracked 
|  53|0x0000000085d00000, 0x0000000085d00000, 0x0000000085e00000|  0%| F|  |TAMS 0x0000000085d00000, 0x0000000085d00000| Untracked 
|  54|0x0000000085e00000, 0x0000000085e00000, 0x0000000085f00000|  0%| F|  |TAMS 0x0000000085e00000, 0x0000000085e00000| Untracked 
|  55|0x0000000085f00000, 0x0000000085f00000, 0x0000000086000000|  0%| F|  |TAMS 0x0000000085f00000, 0x0000000085f00000| Untracked 
|  56|0x0000000086000000, 0x0000000086000000, 0x0000000086100000|  0%| F|  |TAMS 0x0000000086000000, 0x0000000086000000| Untracked 
|  57|0x0000000086100000, 0x0000000086100000, 0x0000000086200000|  0%| F|  |TAMS 0x0000000086100000, 0x0000000086100000| Untracked 
|  58|0x0000000086200000, 0x0000000086200000, 0x0000000086300000|  0%| F|  |TAMS 0x0000000086200000, 0x0000000086200000| Untracked 
|  59|0x0000000086300000, 0x0000000086300000, 0x0000000086400000|  0%| F|  |TAMS 0x0000000086300000, 0x0000000086300000| Untracked 
|  60|0x0000000086400000, 0x0000000086400000, 0x0000000086500000|  0%| F|  |TAMS 0x0000000086400000, 0x0000000086400000| Untracked 
|  61|0x0000000086500000, 0x0000000086500000, 0x0000000086600000|  0%| F|  |TAMS 0x0000000086500000, 0x0000000086500000| Untracked 
|  62|0x0000000086600000, 0x0000000086600000, 0x0000000086700000|  0%| F|  |TAMS 0x0000000086600000, 0x0000000086600000| Untracked 
|  63|0x0000000086700000, 0x0000000086700000, 0x0000000086800000|  0%| F|  |TAMS 0x0000000086700000, 0x0000000086700000| Untracked 
|  64|0x0000000086800000, 0x0000000086800000, 0x0000000086900000|  0%| F|  |TAMS 0x0000000086800000, 0x0000000086800000| Untracked 
|  65|0x0000000086900000, 0x0000000086900000, 0x0000000086a00000|  0%| F|  |TAMS 0x0000000086900000, 0x0000000086900000| Untracked 
|  66|0x0000000086a00000, 0x0000000086a00000, 0x0000000086b00000|  0%| F|  |TAMS 0x0000000086a00000, 0x0000000086a00000| Untracked 
|  67|0x0000000086b00000, 0x0000000086b00000, 0x0000000086c00000|  0%| F|  |TAMS 0x0000000086b00000, 0x0000000086b00000| Untracked 
|  68|0x0000000086c00000, 0x0000000086c00000, 0x0000000086d00000|  0%| F|  |TAMS 0x0000000086c00000, 0x0000000086c00000| Untracked 
|  69|0x0000000086d00000, 0x0000000086d00000, 0x0000000086e00000|  0%| F|  |TAMS 0x0000000086d00000, 0x0000000086d00000| Untracked 
|  70|0x0000000086e00000, 0x0000000086e00000, 0x0000000086f00000|  0%| F|  |TAMS 0x0000000086e00000, 0x0000000086e00000| Untracked 
|  71|0x0000000086f00000, 0x0000000086f00000, 0x0000000087000000|  0%| F|  |TAMS 0x0000000086f00000, 0x0000000086f00000| Untracked 
|  72|0x0000000087000000, 0x0000000087000000, 0x0000000087100000|  0%| F|  |TAMS 0x0000000087000000, 0x0000000087000000| Untracked 
|  73|0x0000000087100000, 0x0000000087100000, 0x0000000087200000|  0%| F|  |TAMS 0x0000000087100000, 0x0000000087100000| Untracked 
|  74|0x0000000087200000, 0x0000000087200000, 0x0000000087300000|  0%| F|  |TAMS 0x0000000087200000, 0x0000000087200000| Untracked 
|  75|0x0000000087300000, 0x0000000087300000, 0x0000000087400000|  0%| F|  |TAMS 0x0000000087300000, 0x0000000087300000| Untracked 
|  76|0x0000000087400000, 0x0000000087400000, 0x0000000087500000|  0%| F|  |TAMS 0x0000000087400000, 0x0000000087400000| Untracked 
|  77|0x0000000087500000, 0x0000000087500000, 0x0000000087600000|  0%| F|  |TAMS 0x0000000087500000, 0x0000000087500000| Untracked 
|  78|0x0000000087600000, 0x0000000087600000, 0x0000000087700000|  0%| F|  |TAMS 0x0000000087600000, 0x0000000087600000| Untracked 
|  79|0x0000000087700000, 0x0000000087700000, 0x0000000087800000|  0%| F|  |TAMS 0x0000000087700000, 0x0000000087700000| Untracked 
|  80|0x0000000087800000, 0x0000000087800000, 0x0000000087900000|  0%| F|  |TAMS 0x0000000087800000, 0x0000000087800000| Untracked 
|  81|0x0000000087900000, 0x0000000087900000, 0x0000000087a00000|  0%| F|  |TAMS 0x0000000087900000, 0x0000000087900000| Untracked 
|  82|0x0000000087a00000, 0x0000000087a00000, 0x0000000087b00000|  0%| F|  |TAMS 0x0000000087a00000, 0x0000000087a00000| Untracked 
|  83|0x0000000087b00000, 0x0000000087b00000, 0x0000000087c00000|  0%| F|  |TAMS 0x0000000087b00000, 0x0000000087b00000| Untracked 
|  84|0x0000000087c00000, 0x0000000087c00000, 0x0000000087d00000|  0%| F|  |TAMS 0x0000000087c00000, 0x0000000087c00000| Untracked 
|  85|0x0000000087d00000, 0x0000000087d00000, 0x0000000087e00000|  0%| F|  |TAMS 0x0000000087d00000, 0x0000000087d00000| Untracked 
|  86|0x0000000087e00000, 0x0000000087e00000, 0x0000000087f00000|  0%| F|  |TAMS 0x0000000087e00000, 0x0000000087e00000| Untracked 
|  87|0x0000000087f00000, 0x0000000087f00000, 0x0000000088000000|  0%| F|  |TAMS 0x0000000087f00000, 0x0000000087f00000| Untracked 
|  88|0x0000000088000000, 0x0000000088000000, 0x0000000088100000|  0%| F|  |TAMS 0x0000000088000000, 0x0000000088000000| Untracked 
|  89|0x0000000088100000, 0x0000000088100000, 0x0000000088200000|  0%| F|  |TAMS 0x0000000088100000, 0x0000000088100000| Untracked 
|  90|0x0000000088200000, 0x0000000088200000, 0x0000000088300000|  0%| F|  |TAMS 0x0000000088200000, 0x0000000088200000| Untracked 
|  91|0x0000000088300000, 0x0000000088300000, 0x0000000088400000|  0%| F|  |TAMS 0x0000000088300000, 0x0000000088300000| Untracked 
|  92|0x0000000088400000, 0x0000000088400000, 0x0000000088500000|  0%| F|  |TAMS 0x0000000088400000, 0x0000000088400000| Untracked 
|  93|0x0000000088500000, 0x0000000088500000, 0x0000000088600000|  0%| F|  |TAMS 0x0000000088500000, 0x0000000088500000| Untracked 
|  94|0x0000000088600000, 0x0000000088600000, 0x0000000088700000|  0%| F|  |TAMS 0x0000000088600000, 0x0000000088600000| Untracked 
|  95|0x0000000088700000, 0x0000000088700000, 0x0000000088800000|  0%| F|  |TAMS 0x0000000088700000, 0x0000000088700000| Untracked 
|  96|0x0000000088800000, 0x0000000088800000, 0x0000000088900000|  0%| F|  |TAMS 0x0000000088800000, 0x0000000088800000| Untracked 
|  97|0x0000000088900000, 0x0000000088900000, 0x0000000088a00000|  0%| F|  |TAMS 0x0000000088900000, 0x0000000088900000| Untracked 
|  98|0x0000000088a00000, 0x0000000088a00000, 0x0000000088b00000|  0%| F|  |TAMS 0x0000000088a00000, 0x0000000088a00000| Untracked 
|  99|0x0000000088b00000, 0x0000000088b00000, 0x0000000088c00000|  0%| F|  |TAMS 0x0000000088b00000, 0x0000000088b00000| Untracked 
| 100|0x0000000088c00000, 0x0000000088c00000, 0x0000000088d00000|  0%| F|  |TAMS 0x0000000088c00000, 0x0000000088c00000| Untracked 
| 101|0x0000000088d00000, 0x0000000088d00000, 0x0000000088e00000|  0%| F|  |TAMS 0x0000000088d00000, 0x0000000088d00000| Untracked 
| 102|0x0000000088e00000, 0x0000000088e00000, 0x0000000088f00000|  0%| F|  |TAMS 0x0000000088e00000, 0x0000000088e00000| Untracked 
| 103|0x0000000088f00000, 0x0000000088f00000, 0x0000000089000000|  0%| F|  |TAMS 0x0000000088f00000, 0x0000000088f00000| Untracked 
| 104|0x0000000089000000, 0x0000000089000000, 0x0000000089100000|  0%| F|  |TAMS 0x0000000089000000, 0x0000000089000000| Untracked 
| 105|0x0000000089100000, 0x0000000089100000, 0x0000000089200000|  0%| F|  |TAMS 0x0000000089100000, 0x0000000089100000| Untracked 
| 106|0x0000000089200000, 0x0000000089200000, 0x0000000089300000|  0%| F|  |TAMS 0x0000000089200000, 0x0000000089200000| Untracked 
| 107|0x0000000089300000, 0x0000000089300000, 0x0000000089400000|  0%| F|  |TAMS 0x0000000089300000, 0x0000000089300000| Untracked 
| 108|0x0000000089400000, 0x0000000089400000, 0x0000000089500000|  0%| F|  |TAMS 0x0000000089400000, 0x0000000089400000| Untracked 
| 109|0x0000000089500000, 0x0000000089600000, 0x0000000089600000|100%| S|CS|TAMS 0x0000000089500000, 0x0000000089500000| Complete 
| 110|0x0000000089600000, 0x0000000089600000, 0x0000000089700000|  0%| F|  |TAMS 0x0000000089600000, 0x0000000089600000| Untracked 
| 111|0x0000000089700000, 0x0000000089700000, 0x0000000089800000|  0%| F|  |TAMS 0x0000000089700000, 0x0000000089700000| Untracked 
| 112|0x0000000089800000, 0x0000000089800000, 0x0000000089900000|  0%| F|  |TAMS 0x0000000089800000, 0x0000000089800000| Untracked 
| 113|0x0000000089900000, 0x0000000089900000, 0x0000000089a00000|  0%| F|  |TAMS 0x0000000089900000, 0x0000000089900000| Untracked 
| 114|0x0000000089a00000, 0x0000000089a00000, 0x0000000089b00000|  0%| F|  |TAMS 0x0000000089a00000, 0x0000000089a00000| Untracked 
| 115|0x0000000089b00000, 0x0000000089b00000, 0x0000000089c00000|  0%| F|  |TAMS 0x0000000089b00000, 0x0000000089b00000| Untracked 
| 116|0x0000000089c00000, 0x0000000089d00000, 0x0000000089d00000|100%| E|  |TAMS 0x0000000089c00000, 0x0000000089c00000| Complete 
| 117|0x0000000089d00000, 0x0000000089e00000, 0x0000000089e00000|100%| E|CS|TAMS 0x0000000089d00000, 0x0000000089d00000| Complete 
| 118|0x0000000089e00000, 0x0000000089f00000, 0x0000000089f00000|100%| E|CS|TAMS 0x0000000089e00000, 0x0000000089e00000| Complete 
| 119|0x0000000089f00000, 0x000000008a000000, 0x000000008a000000|100%| E|CS|TAMS 0x0000000089f00000, 0x0000000089f00000| Complete 
| 120|0x000000008a000000, 0x000000008a100000, 0x000000008a100000|100%| E|CS|TAMS 0x000000008a000000, 0x000000008a000000| Complete 
| 121|0x000000008a100000, 0x000000008a200000, 0x000000008a200000|100%| E|CS|TAMS 0x000000008a100000, 0x000000008a100000| Complete 
| 122|0x000000008a200000, 0x000000008a300000, 0x000000008a300000|100%| E|CS|TAMS 0x000000008a200000, 0x000000008a200000| Complete 
| 123|0x000000008a300000, 0x000000008a400000, 0x000000008a400000|100%| E|CS|TAMS 0x000000008a300000, 0x000000008a300000| Complete 
| 124|0x000000008a400000, 0x000000008a500000, 0x000000008a500000|100%| E|CS|TAMS 0x000000008a400000, 0x000000008a400000| Complete 
| 125|0x000000008a500000, 0x000000008a600000, 0x000000008a600000|100%| E|CS|TAMS 0x000000008a500000, 0x000000008a500000| Complete 

Card table byte_map: [0x000002784dbf0000,0x000002784dfe0000] _byte_map_base: 0x000002784d7dc000

Marking Bits (Prev, Next): (CMBitMap*) 0x00000278365ce690, (CMBitMap*) 0x00000278365ce6d0
 Prev Bits: [0x000002784e3d0000, 0x0000027850330000)
 Next Bits: [0x0000027850330000, 0x0000027852290000)

Polling page: 0x00000278344c0000

Metaspace:

Usage:
  Non-class:     13.03 MB used.
      Class:      1.55 MB used.
       Both:     14.58 MB used.

Virtual space:
  Non-class space:       64.00 MB reserved,      13.19 MB ( 21%) committed,  1 nodes.
      Class space:        1.00 GB reserved,       1.69 MB ( <1%) committed,  1 nodes.
             Both:        1.06 GB reserved,      14.88 MB (  1%) committed. 

Chunk freelists:
   Non-Class:  2.31 MB
       Class:  2.13 MB
        Both:  4.44 MB

MaxMetaspaceSize: unlimited
CompressedClassSpaceSize: 1.00 GB
Initial GC threshold: 21.00 MB
Current GC threshold: 21.00 MB
CDS: on
MetaspaceReclaimPolicy: balanced
 - commit_granule_bytes: 65536.
 - commit_granule_words: 8192.
 - virtual_space_node_default_size: 8388608.
 - enlarge_chunks_in_place: 1.
 - new_chunks_are_fully_committed: 0.
 - uncommit_free_chunks: 1.
 - use_allocation_guard: 0.


Internal statistics:

num_allocs_failed_limit: 0.
num_arena_births: 252.
num_arena_deaths: 0.
num_vsnodes_births: 2.
num_vsnodes_deaths: 0.
num_space_committed: 238.
num_space_uncommitted: 0.
num_chunks_returned_to_freelist: 0.
num_chunks_taken_from_freelist: 750.
num_chunk_merges: 0.
num_chunk_splits: 536.
num_chunks_enlarged: 415.
num_inconsistent_stats: 0.

CodeHeap 'non-profiled nmethods': size=120000Kb used=2129Kb max_used=2129Kb free=117870Kb
 bounds [0x0000027845fa0000, 0x0000027846210000, 0x000002784d4d0000]
CodeHeap 'profiled nmethods': size=120000Kb used=8249Kb max_used=8249Kb free=111750Kb
 bounds [0x000002783e4d0000, 0x000002783ece0000, 0x0000027845a00000]
CodeHeap 'non-nmethods': size=5760Kb used=1274Kb max_used=1337Kb free=4485Kb
 bounds [0x0000027845a00000, 0x0000027845c70000, 0x0000027845fa0000]
 total_blobs=4464 nmethods=3978 adapters=396
 compilation: enabled
              stopped_count=0, restarted_count=0
 full_count=0

Compilation events (20 events):
Event: 249.370 Thread 0x0000027854caffc0 nmethod 3975 0x000002783eccd210 code [0x000002783eccd4e0, 0x000002783ecce5d8]
Event: 249.370 Thread 0x0000027854caffc0 3976       3       org.apache.maven.model.merge.MavenModelMerger::mergeModelBase_Modules (224 bytes)
Event: 249.373 Thread 0x0000027854caffc0 nmethod 3976 0x000002783ecce990 code [0x000002783eccee80, 0x000002783ecd1e38]
Event: 249.373 Thread 0x0000027854caffc0 3977       3       org.apache.maven.model.merge.MavenModelMerger::mergeModelBase_Repositories (210 bytes)
Event: 249.375 Thread 0x0000027854caffc0 nmethod 3977 0x000002783ecd2e90 code [0x000002783ecd3260, 0x000002783ecd54f8]
Event: 249.375 Thread 0x0000027854caffc0 3978       3       org.apache.maven.model.merge.MavenModelMerger::mergeModelBase_PluginRepositories (210 bytes)
Event: 249.376 Thread 0x0000027854caffc0 nmethod 3978 0x000002783ecd5f10 code [0x000002783ecd62e0, 0x000002783ecd8578]
Event: 249.376 Thread 0x0000027854caffc0 3979       3       org.apache.maven.model.InputLocation::merge (121 bytes)
Event: 249.381 Thread 0x0000027854caffc0 nmethod 3979 0x000002783ecd8f90 code [0x000002783ecd91c0, 0x000002783ecd9bf8]
Event: 251.642 Thread 0x0000027854caffc0 3980       3       java.lang.AbstractStringBuilder::substring (44 bytes)
Event: 251.642 Thread 0x0000027854caffc0 nmethod 3980 0x000002783ecd9f10 code [0x000002783ecda100, 0x000002783ecda508]
Event: 251.700 Thread 0x0000027854caffc0 3981       3       org.apache.maven.model.merge.ModelMerger::mergeModelBase_Dependencies (26 bytes)
Event: 251.701 Thread 0x0000027854caf170 3984       4       org.apache.maven.model.merge.MavenModelMerger::mergePlugin_Executions (235 bytes)
Event: 251.742 Thread 0x0000027854caffc0 nmethod 3981 0x000002783ecda690 code [0x000002783ecda8e0, 0x000002783ecdb4a8]
Event: 251.742 Thread 0x0000027854caffc0 3982       3       org.apache.maven.model.merge.ModelMerger::mergeModelBase_Reporting (49 bytes)
Event: 251.770 Thread 0x0000027854caffc0 nmethod 3982 0x000002783ecdb810 code [0x000002783ecdb9e0, 0x000002783ecdbf88]
Event: 251.770 Thread 0x0000027854caffc0 3983       3       org.apache.maven.model.merge.ModelMerger::mergeModelBase_DependencyManagement (49 bytes)
Event: 251.771 Thread 0x0000027854caffc0 nmethod 3983 0x000002783ecdc110 code [0x000002783ecdc2e0, 0x000002783ecdc888]
Event: 251.771 Thread 0x0000027854caffc0 3985       1       org.apache.maven.model.MailingList::getName (5 bytes)
Event: 251.807 Thread 0x0000027854caffc0 nmethod 3985 0x00000278461b3f10 code [0x00000278461b40a0, 0x00000278461b4158]

GC Heap History (10 events):
Event: 9.335 GC heap before
{Heap before GC invocations=0 (full 0):
 garbage-first heap   total 129024K, used 22528K [0x0000000082800000, 0x0000000100000000)
  region size 1024K, 23 young (23552K), 0 survivors (0K)
 Metaspace       used 4973K, committed 5120K, reserved 1114112K
  class space    used 563K, committed 640K, reserved 1048576K
}
Event: 9.898 GC heap after
{Heap after GC invocations=1 (full 0):
 garbage-first heap   total 129024K, used 3480K [0x0000000082800000, 0x0000000100000000)
  region size 1024K, 3 young (3072K), 3 survivors (3072K)
 Metaspace       used 4973K, committed 5120K, reserved 1114112K
  class space    used 563K, committed 640K, reserved 1048576K
}
Event: 11.865 GC heap before
{Heap before GC invocations=1 (full 0):
 garbage-first heap   total 129024K, used 34200K [0x0000000082800000, 0x0000000100000000)
  region size 1024K, 33 young (33792K), 3 survivors (3072K)
 Metaspace       used 10331K, committed 10496K, reserved 1114112K
  class space    used 1210K, committed 1280K, reserved 1048576K
}
Event: 11.874 GC heap after
{Heap after GC invocations=2 (full 0):
 garbage-first heap   total 129024K, used 6005K [0x0000000082800000, 0x0000000100000000)
  region size 1024K, 3 young (3072K), 3 survivors (3072K)
 Metaspace       used 10331K, committed 10496K, reserved 1114112K
  class space    used 1210K, committed 1280K, reserved 1048576K
}
Event: 182.327 GC heap before
{Heap before GC invocations=2 (full 0):
 garbage-first heap   total 129024K, used 79733K [0x0000000082800000, 0x0000000100000000)
  region size 1024K, 75 young (76800K), 3 survivors (3072K)
 Metaspace       used 13514K, committed 13760K, reserved 1114112K
  class space    used 1466K, committed 1600K, reserved 1048576K
}
Event: 183.703 GC heap after
{Heap after GC invocations=3 (full 0):
 garbage-first heap   total 129024K, used 13445K [0x0000000082800000, 0x0000000100000000)
  region size 1024K, 10 young (10240K), 10 survivors (10240K)
 Metaspace       used 13514K, committed 13760K, reserved 1114112K
  class space    used 1466K, committed 1600K, reserved 1048576K
}
Event: 183.948 GC heap before
{Heap before GC invocations=3 (full 0):
 garbage-first heap   total 129024K, used 14469K [0x0000000082800000, 0x0000000100000000)
  region size 1024K, 11 young (11264K), 10 survivors (10240K)
 Metaspace       used 13519K, committed 13760K, reserved 1114112K
  class space    used 1466K, committed 1600K, reserved 1048576K
}
Event: 184.110 GC heap after
{Heap after GC invocations=4 (full 0):
 garbage-first heap   total 129024K, used 14711K [0x0000000082800000, 0x0000000100000000)
  region size 1024K, 2 young (2048K), 2 survivors (2048K)
 Metaspace       used 13519K, committed 13760K, reserved 1114112K
  class space    used 1466K, committed 1600K, reserved 1048576K
}
Event: 192.822 GC heap before
{Heap before GC invocations=4 (full 0):
 garbage-first heap   total 129024K, used 29047K [0x0000000082800000, 0x0000000100000000)
  region size 1024K, 16 young (16384K), 2 survivors (2048K)
 Metaspace       used 13828K, committed 14080K, reserved 1114112K
  class space    used 1480K, committed 1600K, reserved 1048576K
}
Event: 193.215 GC heap after
{Heap after GC invocations=5 (full 0):
 garbage-first heap   total 129024K, used 14199K [0x0000000082800000, 0x0000000100000000)
  region size 1024K, 1 young (1024K), 1 survivors (1024K)
 Metaspace       used 13828K, committed 14080K, reserved 1114112K
  class space    used 1480K, committed 1600K, reserved 1048576K
}

Dll operation events (8 events):
Event: 0.101 Loaded shared library C:\Program Files\Java\jdk-19\bin\java.dll
Event: 0.313 Loaded shared library C:\Program Files\Java\jdk-19\bin\jsvml.dll
Event: 1.462 Loaded shared library C:\Program Files\Java\jdk-19\bin\net.dll
Event: 1.465 Loaded shared library C:\Program Files\Java\jdk-19\bin\nio.dll
Event: 1.482 Loaded shared library C:\Program Files\Java\jdk-19\bin\zip.dll
Event: 4.566 Loaded shared library C:\Program Files\Java\jdk-19\bin\jimage.dll
Event: 4.589 Loaded shared library C:\Users\User\Desktop\NETBEAN\NetBeans-15\netbeans\java\maven\lib\jansi-native\Windows\x86_64\jansi.dll
Event: 4.606 Loaded shared library C:\Program Files\Java\jdk-19\bin\verify.dll

Deoptimization events (20 events):
Event: 218.980 Thread 0x000002783656e0c0 DEOPT PACKING pc=0x000002783e58084c sp=0x0000008650ff8c90
Event: 218.980 Thread 0x000002783656e0c0 DEOPT UNPACKING pc=0x0000027845a67543 sp=0x0000008650ff8128 mode 0
Event: 228.806 Thread 0x000002783656e0c0 DEOPT PACKING pc=0x000002783e93431c sp=0x0000008650ffe090
Event: 228.807 Thread 0x000002783656e0c0 DEOPT UNPACKING pc=0x0000027845a67543 sp=0x0000008650ffd4e8 mode 0
Event: 231.974 Thread 0x000002783656e0c0 Uncommon trap: trap_request=0xffffffde fr.pc=0x000002784619c244 relative=0x00000000000002e4
Event: 231.974 Thread 0x000002783656e0c0 Uncommon trap: reason=class_check action=maybe_recompile pc=0x000002784619c244 method=org.eclipse.sisu.wire.EntryListAdapter$ValueIterator.next()Ljava/lang/Object; @ 4 c2
Event: 231.974 Thread 0x000002783656e0c0 DEOPT PACKING pc=0x000002784619c244 sp=0x0000008650ffe440
Event: 231.978 Thread 0x000002783656e0c0 DEOPT UNPACKING pc=0x0000027845a66da3 sp=0x0000008650ffe410 mode 2
Event: 236.473 Thread 0x000002783656e0c0 Uncommon trap: trap_request=0xffffffc6 fr.pc=0x0000027845ff0428 relative=0x0000000000000368
Event: 236.473 Thread 0x000002783656e0c0 Uncommon trap: reason=bimorphic_or_optimized_type_check action=maybe_recompile pc=0x0000027845ff0428 method=java.nio.Buffer.<init>(IIIILjava/lang/foreign/MemorySegment;)V @ 39 c2
Event: 236.473 Thread 0x000002783656e0c0 DEOPT PACKING pc=0x0000027845ff0428 sp=0x0000008650ffd410
Event: 236.473 Thread 0x000002783656e0c0 DEOPT UNPACKING pc=0x0000027845a66da3 sp=0x0000008650ffd3b8 mode 2
Event: 238.810 Thread 0x000002783656e0c0 Uncommon trap: trap_request=0xffffffde fr.pc=0x000002784619c244 relative=0x00000000000002e4
Event: 238.810 Thread 0x000002783656e0c0 Uncommon trap: reason=class_check action=maybe_recompile pc=0x000002784619c244 method=org.eclipse.sisu.wire.EntryListAdapter$ValueIterator.next()Ljava/lang/Object; @ 4 c2
Event: 238.810 Thread 0x000002783656e0c0 DEOPT PACKING pc=0x000002784619c244 sp=0x0000008650ffe440
Event: 238.810 Thread 0x000002783656e0c0 DEOPT UNPACKING pc=0x0000027845a66da3 sp=0x0000008650ffe410 mode 2
Event: 243.693 Thread 0x000002783656e0c0 Uncommon trap: trap_request=0xffffff45 fr.pc=0x000002784619ce84 relative=0x00000000000002c4
Event: 243.693 Thread 0x000002783656e0c0 Uncommon trap: reason=unstable_if action=reinterpret pc=0x000002784619ce84 method=java.util.regex.Matcher.search(I)Z @ 30 c2
Event: 243.693 Thread 0x000002783656e0c0 DEOPT PACKING pc=0x000002784619ce84 sp=0x0000008650ffd800
Event: 243.694 Thread 0x000002783656e0c0 DEOPT UNPACKING pc=0x0000027845a66da3 sp=0x0000008650ffd7a0 mode 2

Classes loaded (20 events):
Event: 234.930 Loading class java/nio/channels/SocketChannel done
Event: 234.930 Loading class sun/nio/ch/SocketChannelImpl done
Event: 234.930 Loading class sun/nio/ch/ChannelInputStream
Event: 234.931 Loading class sun/nio/ch/ChannelInputStream done
Event: 236.336 Loading class sun/nio/ch/NativeThread
Event: 236.336 Loading class sun/nio/ch/NativeThread done
Event: 236.337 Loading class sun/nio/ch/Util
Event: 236.337 Loading class sun/nio/ch/Util done
Event: 236.337 Loading class sun/nio/ch/Util$1
Event: 236.337 Loading class sun/nio/ch/Util$1 done
Event: 236.436 Loading class sun/nio/ch/Util$BufferCache
Event: 236.473 Loading class sun/nio/ch/Util$BufferCache done
Event: 236.473 Loading class java/nio/DirectByteBuffer$Deallocator
Event: 236.473 Loading class java/nio/DirectByteBuffer$Deallocator done
Event: 236.578 Loading class sun/nio/ch/IOStatus
Event: 236.578 Loading class sun/nio/ch/IOStatus done
Event: 236.697 Loading class java/nio/BufferMismatch
Event: 236.704 Loading class java/nio/BufferMismatch done
Event: 236.709 Loading class java/nio/file/attribute/PosixFileAttributes
Event: 236.710 Loading class java/nio/file/attribute/PosixFileAttributes done

Classes unloaded (0 events):
No events

Classes redefined (0 events):
No events

Internal exceptions (20 events):
Event: 238.482 Thread 0x000002783656e0c0 Exception <a 'java/io/IOException'{0x0000000089eb3348}> (0x0000000089eb3348) 
thrown [s\open\src\hotspot\share\prims\jni.cpp, line 517]
Event: 238.483 Thread 0x000002783656e0c0 Exception <a 'java/io/IOException'{0x0000000089eb3948}> (0x0000000089eb3948) 
thrown [s\open\src\hotspot\share\prims\jni.cpp, line 517]
Event: 238.483 Thread 0x000002783656e0c0 Exception <a 'java/io/IOException'{0x0000000089eb3f10}> (0x0000000089eb3f10) 
thrown [s\open\src\hotspot\share\prims\jni.cpp, line 517]
Event: 238.483 Thread 0x000002783656e0c0 Exception <a 'java/io/IOException'{0x0000000089eb44d8}> (0x0000000089eb44d8) 
thrown [s\open\src\hotspot\share\prims\jni.cpp, line 517]
Event: 238.939 Thread 0x000002783656e0c0 Exception <a 'java/io/IOException'{0x0000000089ee37c0}> (0x0000000089ee37c0) 
thrown [s\open\src\hotspot\share\prims\jni.cpp, line 517]
Event: 238.940 Thread 0x000002783656e0c0 Exception <a 'java/io/IOException'{0x0000000089ee3dc0}> (0x0000000089ee3dc0) 
thrown [s\open\src\hotspot\share\prims\jni.cpp, line 517]
Event: 238.940 Thread 0x000002783656e0c0 Exception <a 'java/io/IOException'{0x0000000089ee4388}> (0x0000000089ee4388) 
thrown [s\open\src\hotspot\share\prims\jni.cpp, line 517]
Event: 238.940 Thread 0x000002783656e0c0 Exception <a 'java/io/IOException'{0x0000000089ee4950}> (0x0000000089ee4950) 
thrown [s\open\src\hotspot\share\prims\jni.cpp, line 517]
Event: 239.315 Thread 0x000002783656e0c0 Exception <a 'java/io/IOException'{0x0000000089eee6a8}> (0x0000000089eee6a8) 
thrown [s\open\src\hotspot\share\prims\jni.cpp, line 517]
Event: 239.315 Thread 0x000002783656e0c0 Exception <a 'java/io/IOException'{0x0000000089eeeca8}> (0x0000000089eeeca8) 
thrown [s\open\src\hotspot\share\prims\jni.cpp, line 517]
Event: 239.315 Thread 0x000002783656e0c0 Exception <a 'java/io/IOException'{0x0000000089eef270}> (0x0000000089eef270) 
thrown [s\open\src\hotspot\share\prims\jni.cpp, line 517]
Event: 239.315 Thread 0x000002783656e0c0 Exception <a 'java/io/IOException'{0x0000000089eef838}> (0x0000000089eef838) 
thrown [s\open\src\hotspot\share\prims\jni.cpp, line 517]
Event: 239.316 Thread 0x000002783656e0c0 Exception <a 'java/io/IOException'{0x0000000089ef00f8}> (0x0000000089ef00f8) 
thrown [s\open\src\hotspot\share\prims\jni.cpp, line 517]
Event: 239.316 Thread 0x000002783656e0c0 Exception <a 'java/io/IOException'{0x0000000089ef06f8}> (0x0000000089ef06f8) 
thrown [s\open\src\hotspot\share\prims\jni.cpp, line 517]
Event: 239.325 Thread 0x000002783656e0c0 Exception <a 'java/io/IOException'{0x0000000089ef0cc0}> (0x0000000089ef0cc0) 
thrown [s\open\src\hotspot\share\prims\jni.cpp, line 517]
Event: 239.325 Thread 0x000002783656e0c0 Exception <a 'java/io/IOException'{0x0000000089ef1288}> (0x0000000089ef1288) 
thrown [s\open\src\hotspot\share\prims\jni.cpp, line 517]
Event: 239.325 Thread 0x000002783656e0c0 Exception <a 'java/io/IOException'{0x0000000089ef25b0}> (0x0000000089ef25b0) 
thrown [s\open\src\hotspot\share\prims\jni.cpp, line 517]
Event: 239.325 Thread 0x000002783656e0c0 Exception <a 'java/io/IOException'{0x0000000089ef2bb0}> (0x0000000089ef2bb0) 
thrown [s\open\src\hotspot\share\prims\jni.cpp, line 517]
Event: 239.325 Thread 0x000002783656e0c0 Exception <a 'java/io/IOException'{0x0000000089ef3178}> (0x0000000089ef3178) 
thrown [s\open\src\hotspot\share\prims\jni.cpp, line 517]
Event: 239.325 Thread 0x000002783656e0c0 Exception <a 'java/io/IOException'{0x0000000089ef3740}> (0x0000000089ef3740) 
thrown [s\open\src\hotspot\share\prims\jni.cpp, line 517]

VM Operations (20 events):
Event: 209.216 Executing VM operation: Cleanup
Event: 217.392 Executing VM operation: Cleanup done
Event: 217.597 Executing VM operation: HandshakeAllThreads
Event: 218.488 Executing VM operation: HandshakeAllThreads done
Event: 227.612 Executing VM operation: Cleanup
Event: 227.700 Executing VM operation: Cleanup done
Event: 228.735 Executing VM operation: HandshakeAllThreads
Event: 228.741 Executing VM operation: HandshakeAllThreads done
Event: 229.749 Executing VM operation: Cleanup
Event: 229.815 Executing VM operation: Cleanup done
Event: 231.826 Executing VM operation: Cleanup
Event: 231.903 Executing VM operation: Cleanup done
Event: 234.948 Executing VM operation: Cleanup
Event: 235.187 Executing VM operation: Cleanup done
Event: 237.214 Executing VM operation: Cleanup
Event: 237.307 Executing VM operation: Cleanup done
Event: 240.325 Executing VM operation: Cleanup
Event: 240.346 Executing VM operation: Cleanup done
Event: 250.424 Executing VM operation: Cleanup
Event: 250.424 Executing VM operation: Cleanup done

Events (12 events):
Event: 0.314 Thread 0x000002783656e0c0 Thread added: 0x000002783656e0c0
Event: 1.286 Thread 0x0000027854ca7360 Thread added: 0x0000027854ca7360
Event: 1.286 Thread 0x0000027854ca7e90 Thread added: 0x0000027854ca7e90
Event: 1.287 Thread 0x0000027854caa970 Thread added: 0x0000027854caa970
Event: 1.287 Thread 0x0000027854cab2a0 Thread added: 0x0000027854cab2a0
Event: 1.287 Thread 0x0000027854cadbe0 Thread added: 0x0000027854cadbe0
Event: 1.287 Thread 0x0000027854cae510 Thread added: 0x0000027854cae510
Event: 1.287 Thread 0x0000027854caf170 Thread added: 0x0000027854caf170
Event: 1.288 Thread 0x0000027854caffc0 Thread added: 0x0000027854caffc0
Event: 1.289 Thread 0x0000027854cb0930 Thread added: 0x0000027854cb0930
Event: 1.401 Thread 0x0000027859068720 Thread added: 0x0000027859068720
Event: 1.406 Thread 0x00000278590722a0 Thread added: 0x00000278590722a0


Dynamic libraries:
0x00007ff75d2a0000 - 0x00007ff75d2b0000 	C:\Program Files\Java\jdk-19\bin\java.exe
0x00007ffd17dc0000 - 0x00007ffd17fc9000 	C:\WINDOWS\SYSTEM32\ntdll.dll
0x00007ffd16ad0000 - 0x00007ffd16b8e000 	C:\WINDOWS\System32\KERNEL32.DLL
0x00007ffd15870000 - 0x00007ffd15bf4000 	C:\WINDOWS\System32\KERNELBASE.dll
0x00007ffd15270000 - 0x00007ffd15381000 	C:\WINDOWS\System32\ucrtbase.dll
0x00007ffcfb4c0000 - 0x00007ffcfb4d8000 	C:\Program Files\Java\jdk-19\bin\jli.dll
0x00007ffd177a0000 - 0x00007ffd1784f000 	C:\WINDOWS\System32\ADVAPI32.dll
0x00007ffd176d0000 - 0x00007ffd17773000 	C:\WINDOWS\System32\msvcrt.dll
0x00007ffd17630000 - 0x00007ffd176ce000 	C:\WINDOWS\System32\sechost.dll
0x00007ffd16910000 - 0x00007ffd16a31000 	C:\WINDOWS\System32\RPCRT4.dll
0x00007ffd15cd0000 - 0x00007ffd15e7d000 	C:\WINDOWS\System32\USER32.dll
0x00007ffd15c00000 - 0x00007ffd15c26000 	C:\WINDOWS\System32\win32u.dll
0x00007ffd16c70000 - 0x00007ffd16c9a000 	C:\WINDOWS\System32\GDI32.dll
0x00007ffd15540000 - 0x00007ffd1565f000 	C:\WINDOWS\System32\gdi32full.dll
0x00007ffd15660000 - 0x00007ffd156fd000 	C:\WINDOWS\System32\msvcp_win.dll
0x00007ffd12330000 - 0x00007ffd1234b000 	C:\Program Files\Java\jdk-19\bin\VCRUNTIME140.dll
0x00007ffcff340000 - 0x00007ffcff5e5000 	C:\WINDOWS\WinSxS\amd64_microsoft.windows.common-controls_6595b64144ccf1df_6.0.22000.120_none_9d947278b86cc467\COMCTL32.dll
0x00007ffd0f3f0000 - 0x00007ffd0f3fa000 	C:\WINDOWS\SYSTEM32\VERSION.dll
0x00007ffd15c90000 - 0x00007ffd15cc1000 	C:\WINDOWS\System32\IMM32.DLL
0x00007ffd12380000 - 0x00007ffd1238c000 	C:\Program Files\Java\jdk-19\bin\vcruntime140_1.dll
0x00007ffcea700000 - 0x00007ffcea78e000 	C:\Program Files\Java\jdk-19\bin\msvcp140.dll
0x00007ffcaf740000 - 0x00007ffcb0400000 	C:\Program Files\Java\jdk-19\bin\server\jvm.dll
0x00007ffce9940000 - 0x00007ffce9949000 	C:\WINDOWS\SYSTEM32\WSOCK32.dll
0x00007ffd15e80000 - 0x00007ffd15eef000 	C:\WINDOWS\System32\WS2_32.dll
0x00007ffd0f410000 - 0x00007ffd0f443000 	C:\WINDOWS\SYSTEM32\WINMM.dll
0x00007ffd143e0000 - 0x00007ffd143f8000 	C:\WINDOWS\SYSTEM32\kernel.appcore.dll
0x00007ffd11b30000 - 0x00007ffd11b3a000 	C:\Program Files\Java\jdk-19\bin\jimage.dll
0x00007ffd12ed0000 - 0x00007ffd130f1000 	C:\WINDOWS\SYSTEM32\DBGHELP.DLL
0x00007ffcfca70000 - 0x00007ffcfcaa1000 	C:\WINDOWS\SYSTEM32\dbgcore.DLL
0x00007ffd15450000 - 0x00007ffd154cf000 	C:\WINDOWS\System32\bcryptPrimitives.dll
0x00007ffd11ab0000 - 0x00007ffd11ad6000 	C:\Program Files\Java\jdk-19\bin\java.dll
0x00007ffce79d0000 - 0x00007ffce7aa7000 	C:\Program Files\Java\jdk-19\bin\jsvml.dll
0x00007ffd16ca0000 - 0x00007ffd17465000 	C:\WINDOWS\System32\SHELL32.dll
0x00007ffd13360000 - 0x00007ffd13bc4000 	C:\WINDOWS\SYSTEM32\windows.storage.dll
0x00007ffd16520000 - 0x00007ffd16896000 	C:\WINDOWS\System32\combase.dll
0x00007ffd131f0000 - 0x00007ffd13357000 	C:\WINDOWS\SYSTEM32\wintypes.dll
0x00007ffd174d0000 - 0x00007ffd175ba000 	C:\WINDOWS\System32\SHCORE.dll
0x00007ffd15c30000 - 0x00007ffd15c8d000 	C:\WINDOWS\System32\shlwapi.dll
0x00007ffd151a0000 - 0x00007ffd151c1000 	C:\WINDOWS\SYSTEM32\profapi.dll
0x00007ffd04080000 - 0x00007ffd04093000 	C:\Program Files\Java\jdk-19\bin\net.dll
0x00007ffd0edc0000 - 0x00007ffd0eed3000 	C:\WINDOWS\SYSTEM32\WINHTTP.dll
0x00007ffd14880000 - 0x00007ffd148e7000 	C:\WINDOWS\system32\mswsock.dll
0x00007ffcfd5f0000 - 0x00007ffcfd606000 	C:\Program Files\Java\jdk-19\bin\nio.dll
0x00007ffcfd5d0000 - 0x00007ffcfd5e8000 	C:\Program Files\Java\jdk-19\bin\zip.dll
0x0000000069ac0000 - 0x0000000069ae4000 	C:\Users\User\Desktop\NETBEAN\NetBeans-15\netbeans\java\maven\lib\jansi-native\Windows\x86_64\jansi.dll
0x00007ffd10620000 - 0x00007ffd10630000 	C:\Program Files\Java\jdk-19\bin\verify.dll

dbghelp: loaded successfully - version: 4.0.5 - missing functions: none
symbol engine: initialized successfully - sym options: 0x614 - pdb path: .;C:\Program Files\Java\jdk-19\bin;C:\WINDOWS\SYSTEM32;C:\WINDOWS\WinSxS\amd64_microsoft.windows.common-controls_6595b64144ccf1df_6.0.22000.120_none_9d947278b86cc467;C:\Program Files\Java\jdk-19\bin\server;C:\Users\User\Desktop\NETBEAN\NetBeans-15\netbeans\java\maven\lib\jansi-native\Windows\x86_64

VM Arguments:
jvm_args: -Dclassworlds.conf=C:\Users\User\Desktop\NETBEAN\NetBeans-15\netbeans\java\maven\bin\m2.conf -Dmaven.home=C:\Users\User\Desktop\NETBEAN\NetBeans-15\netbeans\java\maven -Dlibrary.jansi.path=C:\Users\User\Desktop\NETBEAN\NetBeans-15\netbeans\java\maven\lib\jansi-native -Dmaven.multiModuleProjectDirectory=C:\Users\User\Desktop\NETBEAN\WallStreetWarriors 
java_command: org.codehaus.plexus.classworlds.launcher.Launcher -Dmaven.ext.class.path=C:\Users\User\Desktop\NETBEAN\NetBeans-15\netbeans\java\maven-nblib\netbeans-eventspy.jar install
java_class_path (initial): C:\Users\User\Desktop\NETBEAN\NetBeans-15\netbeans\java\maven\boot\plexus-classworlds-2.6.0.jar
Launcher Type: SUN_STANDARD

[Global flags]
     intx CICompilerCount                          = 4                                         {product} {ergonomic}
     uint ConcGCThreads                            = 2                                         {product} {ergonomic}
     uint G1ConcRefinementThreads                  = 8                                         {product} {ergonomic}
   size_t G1HeapRegionSize                         = 1048576                                   {product} {ergonomic}
    uintx GCDrainStackTargetSize                   = 64                                        {product} {ergonomic}
   size_t InitialHeapSize                          = 132120576                                 {product} {ergonomic}
   size_t MarkStackSize                            = 4194304                                   {product} {ergonomic}
   size_t MaxHeapSize                              = 2105540608                                {product} {ergonomic}
   size_t MaxNewSize                               = 1262485504                                {product} {ergonomic}
   size_t MinHeapDeltaBytes                        = 1048576                                   {product} {ergonomic}
   size_t MinHeapSize                              = 8388608                                   {product} {ergonomic}
    uintx NonNMethodCodeHeapSize                   = 5839372                                {pd product} {ergonomic}
    uintx NonProfiledCodeHeapSize                  = 122909434                              {pd product} {ergonomic}
    uintx ProfiledCodeHeapSize                     = 122909434                              {pd product} {ergonomic}
    uintx ReservedCodeCacheSize                    = 251658240                              {pd product} {ergonomic}
     bool SegmentedCodeCache                       = true                                      {product} {ergonomic}
   size_t SoftMaxHeapSize                          = 2105540608                             {manageable} {ergonomic}
     bool UseCompressedClassPointers               = true                           {product lp64_product} {ergonomic}
     bool UseCompressedOops                        = true                           {product lp64_product} {ergonomic}
     bool UseG1GC                                  = true                                      {product} {ergonomic}
     bool UseLargePagesIndividualAllocation        = false                                  {pd product} {ergonomic}

Logging:
Log output configuration:
 #0: stdout all=warning uptime,level,tags foldmultilines=false
 #1: stderr all=off uptime,level,tags foldmultilines=false

Environment Variables:
JAVA_HOME=C:\Program Files\Java\jdk-19
PATH=C:\Program Files\Common Files\Oracle\Java\javapath;C:\Windows\system32;C:\Windows;C:\Windows\System32\Wbem;C:\Windows\System32\WindowsPowerShell\v1.0\;C:\Windows\System32\OpenSSH\;C:\Program Files (x86)\NVIDIA Corporation\PhysX\Common;C:\Program Files\NVIDIA Corporation\NVIDIA NvDLISR;C:\WINDOWS\system32;C:\WINDOWS;C:\WINDOWS\System32\Wbem;C:\WINDOWS\System32\WindowsPowerShell\v1.0\;C:\WINDOWS\System32\OpenSSH\;C:\Program Files\Java\jdk-19\bin;C:\Program Files\Microsoft SQL Server\130\Tools\Binn\;C:\Program Files\nodejs\;C:\Program Files\Git\cmd;C:\Users\User\AppData\Local\Programs\Python\Python311\Scripts\;C:\Users\User\AppData\Local\Programs\Python\Python311\;C:\Users\User\AppData\Local\Microsoft\WindowsApps;C:\Users\User\Desktop\Useful tools\Microsoft VS Code\bin;C:\Users\User\AppData\Local\GitHubDesktop\bin;C:\Users\User\AppData\Roaming\npm;C:\Program Files\Graphviz\bin
USERNAME=User
OS=Windows_NT
PROCESSOR_IDENTIFIER=Intel64 Family 6 Model 165 Stepping 2, GenuineIntel
TMP=C:\Users\User\AppData\Local\Temp
TEMP=C:\Users\User\AppData\Local\Temp



---------------  S Y S T E M  ---------------

OS:
 Windows 11 , 64 bit Build 22000 (10.0.22000.1880)
OS uptime: 3 days 20:47 hours

CPU: total 8 (initial active 8) (4 cores per cpu, 2 threads per core) family 6 model 165 stepping 2 microcode 0xe0, cx8, cmov, fxsr, ht, mmx, 3dnowpref, sse, sse2, sse3, ssse3, sse4.1, sse4.2, popcnt, lzcnt, tsc, tscinvbit, avx, avx2, aes, erms, clmul, bmi1, bmi2, adx, fma, vzeroupper, clflush, clflushopt, rdtscp

Memory: 4k page, system-wide physical 8029M (317M free)
TotalPageFile size 32605M (AvailPageFile size 3M)
current process WorkingSet (physical memory assigned to process): 35M, peak: 97M
current process commit charge ("private bytes"): 241M, peak: 255M

vm_info: Java HotSpot(TM) 64-Bit Server VM (19+36-2238) for windows-amd64 JRE (19+36-2238), built on 2022-08-12T20:29:01Z by "mach5one" with MS VC++ 17.1 (VS2022)

END.
