#
# There is insufficient memory for the Java Runtime Environment to continue.
# Native memory allocation (malloc) failed to allocate 103856 bytes for Chunk::new
# Possible reasons:
#   The system is out of physical RAM or swap space
#   The process is running with CompressedOops enabled, and the Java Heap may be blocking the growth of the native heap
# Possible solutions:
#   Reduce memory load on the system
#   Increase physical memory or swap space
#   Check if swap backing store is full
#   Decrease Java heap size (-Xmx/-Xms)
#   Decrease number of Java threads
#   Decrease Java thread stack sizes (-Xss)
#   Set larger code cache with -XX:ReservedCodeCacheSize=
#   JVM is running with Unscaled Compressed Oops mode in which the Java heap is
#     placed in the first 4GB address space. The Java Heap base address is the
#     maximum limit for the native heap growth. Please use -XX:HeapBaseMinAddress
#     to set the Java Heap base and to place the Java Heap above 4GB virtual address.
# This output file may be truncated or incomplete.
#
#  Out of Memory Error (arena.cpp:184), pid=20496, tid=32764
#
# JRE version: Java(TM) SE Runtime Environment (19.0+36) (build 19+36-2238)
# Java VM: Java HotSpot(TM) 64-Bit Server VM (19+36-2238, mixed mode, sharing, tiered, compressed oops, compressed class ptrs, g1 gc, windows-amd64)
# No core dump will be written. Minidumps are not enabled by default on client versions of Windows
#

---------------  S U M M A R Y ------------

Command Line: -Dclassworlds.conf=C:\Users\User\Desktop\NETBEAN\NetBeans-15\netbeans\java\maven\bin\m2.conf -Dmaven.home=C:\Users\User\Desktop\NETBEAN\NetBeans-15\netbeans\java\maven -Dlibrary.jansi.path=C:\Users\User\Desktop\NETBEAN\NetBeans-15\netbeans\java\maven\lib\jansi-native -Dmaven.multiModuleProjectDirectory=C:\Users\User\Desktop\NETBEAN\WallStreetWarriors org.codehaus.plexus.classworlds.launcher.Launcher -Dmaven.ext.class.path=C:\Users\User\Desktop\NETBEAN\NetBeans-15\netbeans\java\maven-nblib\netbeans-eventspy.jar install

Host: Intel(R) Core(TM) i5-10300H CPU @ 2.50GHz, 8 cores, 7G,  Windows 11 , 64 bit Build 22000 (10.0.22000.1880)
Time: Mon Jun 12 20:45:33 2023 Malay Peninsula Standard Time elapsed time: 225.252846 seconds (0d 0h 3m 45s)

---------------  T H R E A D  ---------------

Current thread (0x0000015fe57af930):  JavaThread "C2 CompilerThread0" daemon [_thread_in_native, id=32764, stack(0x00000014ba700000,0x00000014ba800000)]


Current CompileTask:
C2: 225272 3182   !   4       org.apache.maven.model.Dependency::clone (137 bytes)

Stack: [0x00000014ba700000,0x00000014ba800000]
Native frames: (J=compiled Java code, j=interpreted, Vv=VM code, C=native code)
V  [jvm.dll+0x6ee8fa]
V  [jvm.dll+0x857a1e]
V  [jvm.dll+0x85940e]
V  [jvm.dll+0x859ac3]
V  [jvm.dll+0x28291f]
V  [jvm.dll+0xc9b5f]
V  [jvm.dll+0xc9ee5]
V  [jvm.dll+0x3bcbac]
V  [jvm.dll+0x386201]
V  [jvm.dll+0x38567a]
V  [jvm.dll+0x24c2c9]
V  [jvm.dll+0x24b671]
V  [jvm.dll+0x1d6d61]
V  [jvm.dll+0x25b0fa]
V  [jvm.dll+0x259588]
V  [jvm.dll+0x807928]
V  [jvm.dll+0x8015fa]
V  [jvm.dll+0x6ed5eb]
C  [ucrtbase.dll+0x26c0c]
C  [KERNEL32.DLL+0x155a0]
C  [ntdll.dll+0x485b]


---------------  P R O C E S S  ---------------

Threads class SMR info:
_java_thread_list=0x0000015fea5296a0, length=12, elements={
0x0000015fc706e0c0, 0x0000015fe57a7380, 0x0000015fe57a7eb0, 0x0000015fe57ab130,
0x0000015fe57aba60, 0x0000015fe57ae3a0, 0x0000015fe57aecd0, 0x0000015fe57af930,
0x0000015fe5808f50, 0x0000015fe580e250, 0x0000015fe9ce0bc0, 0x0000015fe9ce3570
}

Java Threads: ( => current thread )
  0x0000015fc706e0c0 JavaThread "main" [_thread_in_native, id=28828, stack(0x00000014b9900000,0x00000014b9a00000)]
  0x0000015fe57a7380 JavaThread "Reference Handler" daemon [_thread_blocked, id=32696, stack(0x00000014ba100000,0x00000014ba200000)]
  0x0000015fe57a7eb0 JavaThread "Finalizer" daemon [_thread_blocked, id=32700, stack(0x00000014ba200000,0x00000014ba300000)]
  0x0000015fe57ab130 JavaThread "Signal Dispatcher" daemon [_thread_blocked, id=32704, stack(0x00000014ba300000,0x00000014ba400000)]
  0x0000015fe57aba60 JavaThread "Attach Listener" daemon [_thread_blocked, id=32708, stack(0x00000014ba400000,0x00000014ba500000)]
  0x0000015fe57ae3a0 JavaThread "Service Thread" daemon [_thread_blocked, id=32712, stack(0x00000014ba500000,0x00000014ba600000)]
  0x0000015fe57aecd0 JavaThread "Monitor Deflation Thread" daemon [_thread_blocked, id=32716, stack(0x00000014ba600000,0x00000014ba700000)]
=>0x0000015fe57af930 JavaThread "C2 CompilerThread0" daemon [_thread_in_native, id=32764, stack(0x00000014ba700000,0x00000014ba800000)]
  0x0000015fe5808f50 JavaThread "C1 CompilerThread0" daemon [_thread_in_native, id=32752, stack(0x00000014ba800000,0x00000014ba900000)]
  0x0000015fe580e250 JavaThread "Sweeper thread" daemon [_thread_blocked, id=26952, stack(0x00000014ba900000,0x00000014baa00000)]
  0x0000015fe9ce0bc0 JavaThread "Notification Thread" daemon [_thread_blocked, id=33784, stack(0x00000014baa00000,0x00000014bab00000)]
  0x0000015fe9ce3570 JavaThread "Common-Cleaner" daemon [_thread_blocked, id=6980, stack(0x00000014bac00000,0x00000014bad00000)]

Other Threads:
  0x0000015fe5789840 VMThread "VM Thread" [stack: 0x00000014ba000000,0x00000014ba100000] [id=31508]
  0x0000015fe9ce3110 WatcherThread "VM Periodic Task Thread" [stack: 0x00000014bab00000,0x00000014bac00000] [id=33788]
  0x0000015fc70ce060 WorkerThread "GC Thread#0" [stack: 0x00000014b9b00000,0x00000014b9c00000] [id=31532]
  0x0000015fea6b7c00 WorkerThread "GC Thread#1" [stack: 0x00000014bad00000,0x00000014bae00000] [id=1212]
  0x0000015fea6b81a0 WorkerThread "GC Thread#2" [stack: 0x00000014bae00000,0x00000014baf00000] [id=30012]
  0x0000015fea6b6df0 WorkerThread "GC Thread#3" [stack: 0x00000014baf00000,0x00000014bb000000] [id=20860]
  0x0000015fea6b8470 WorkerThread "GC Thread#4" [stack: 0x00000014bb000000,0x00000014bb100000] [id=28572]
  0x0000015fea6b7930 WorkerThread "GC Thread#5" [stack: 0x00000014bb100000,0x00000014bb200000] [id=28440]
  0x0000015fea6b7390 WorkerThread "GC Thread#6" [stack: 0x00000014bb200000,0x00000014bb300000] [id=15284]
  0x0000015fea6b6b20 WorkerThread "GC Thread#7" [stack: 0x00000014bb300000,0x00000014bb400000] [id=13904]
  0x0000015fc70deac0 ConcurrentGCThread "G1 Main Marker" [stack: 0x00000014b9c00000,0x00000014b9d00000] [id=31440]
  0x0000015fc70df7f0 WorkerThread "G1 Conc#0" [stack: 0x00000014b9d00000,0x00000014b9e00000] [id=31244]
  0x0000015fc713df00 ConcurrentGCThread "G1 Refine#0" [stack: 0x00000014b9e00000,0x00000014b9f00000] [id=33132]
  0x0000015fc713ea40 ConcurrentGCThread "G1 Service" [stack: 0x00000014b9f00000,0x00000014ba000000] [id=31712]

Threads with active compile tasks:
C2 CompilerThread0   229774 3182   !   4       org.apache.maven.model.Dependency::clone (137 bytes)
C1 CompilerThread0   229776 3184       3       org.apache.maven.repository.internal.ArtifactDescriptorReaderDelegate::convert (205 bytes)

VM state: not at safepoint (normal execution)

VM Mutex/Monitor currently owned by a thread: None

Heap address: 0x0000000082800000, size: 2008 MB, Compressed Oops mode: 32-bit

CDS archive(s) mapped at: [0x0000000800000000-0x0000000800c40000-0x0000000800c40000), size 12845056, SharedBaseAddress: 0x0000000800000000, ArchiveRelocationMode: 0.
Compressed class space mapped at: 0x0000000801000000-0x0000000841000000, reserved size: 1073741824
Narrow klass base: 0x0000000800000000, Narrow klass shift: 0, Narrow klass range: 0x100000000

GC Precious Log:
 CardTable entry size: 512
 Card Set container configuration: InlinePtr #cards 5 size 8 Array Of Cards #cards 12 size 40 Howl #buckets 4 coarsen threshold 1843 Howl Bitmap #cards 512 size 80 coarsen threshold 460 Card regions per heap region 1 cards per card region 2048
 CPUs: 8 total, 8 available
 Memory: 8029M
 Large Page Support: Disabled
 NUMA Support: Disabled
 Compressed Oops: Enabled (32-bit)
 Heap Region Size: 1M
 Heap Min Capacity: 8M
 Heap Initial Capacity: 126M
 Heap Max Capacity: 2008M
 Pre-touch: Disabled
 Parallel Workers: 8
 Concurrent Workers: 2
 Concurrent Refinement Workers: 8
 Periodic GC: Disabled

Heap:
 garbage-first heap   total 129024K, used 46937K [0x0000000082800000, 0x0000000100000000)
  region size 1024K, 44 young (45056K), 3 survivors (3072K)
 Metaspace       used 13235K, committed 13504K, reserved 1114112K
  class space    used 1463K, committed 1600K, reserved 1048576K

Heap Regions: E=young(eden), S=young(survivor), O=old, HS=humongous(starts), HC=humongous(continues), CS=collection set, F=free, OA=open archive, CA=closed archive, TAMS=top-at-mark-start (previous, next)
|   0|0x0000000082800000, 0x0000000082900000, 0x0000000082900000|100%| O|  |TAMS 0x0000000082800000, 0x0000000082800000| Untracked 
|   1|0x0000000082900000, 0x0000000082a00000, 0x0000000082a00000|100%| O|  |TAMS 0x0000000082900000, 0x0000000082900000| Untracked 
|   2|0x0000000082a00000, 0x0000000082b00000, 0x0000000082b00000|100%| O|  |TAMS 0x0000000082a00000, 0x0000000082a00000| Untracked 
|   3|0x0000000082b00000, 0x0000000082b5a000, 0x0000000082c00000| 35%| O|  |TAMS 0x0000000082b00000, 0x0000000082b00000| Untracked 
|   4|0x0000000082c00000, 0x0000000082c00000, 0x0000000082d00000|  0%| F|  |TAMS 0x0000000082c00000, 0x0000000082c00000| Untracked 
|   5|0x0000000082d00000, 0x0000000082d00000, 0x0000000082e00000|  0%| F|  |TAMS 0x0000000082d00000, 0x0000000082d00000| Untracked 
|   6|0x0000000082e00000, 0x0000000082e00000, 0x0000000082f00000|  0%| F|  |TAMS 0x0000000082e00000, 0x0000000082e00000| Untracked 
|   7|0x0000000082f00000, 0x0000000082f00000, 0x0000000083000000|  0%| F|  |TAMS 0x0000000082f00000, 0x0000000082f00000| Untracked 
|   8|0x0000000083000000, 0x0000000083000000, 0x0000000083100000|  0%| F|  |TAMS 0x0000000083000000, 0x0000000083000000| Untracked 
|   9|0x0000000083100000, 0x0000000083100000, 0x0000000083200000|  0%| F|  |TAMS 0x0000000083100000, 0x0000000083100000| Untracked 
|  10|0x0000000083200000, 0x0000000083200000, 0x0000000083300000|  0%| F|  |TAMS 0x0000000083200000, 0x0000000083200000| Untracked 
|  11|0x0000000083300000, 0x0000000083300000, 0x0000000083400000|  0%| F|  |TAMS 0x0000000083300000, 0x0000000083300000| Untracked 
|  12|0x0000000083400000, 0x0000000083400000, 0x0000000083500000|  0%| F|  |TAMS 0x0000000083400000, 0x0000000083400000| Untracked 
|  13|0x0000000083500000, 0x0000000083500000, 0x0000000083600000|  0%| F|  |TAMS 0x0000000083500000, 0x0000000083500000| Untracked 
|  14|0x0000000083600000, 0x0000000083600000, 0x0000000083700000|  0%| F|  |TAMS 0x0000000083600000, 0x0000000083600000| Untracked 
|  15|0x0000000083700000, 0x0000000083700000, 0x0000000083800000|  0%| F|  |TAMS 0x0000000083700000, 0x0000000083700000| Untracked 
|  16|0x0000000083800000, 0x0000000083800000, 0x0000000083900000|  0%| F|  |TAMS 0x0000000083800000, 0x0000000083800000| Untracked 
|  17|0x0000000083900000, 0x0000000083900000, 0x0000000083a00000|  0%| F|  |TAMS 0x0000000083900000, 0x0000000083900000| Untracked 
|  18|0x0000000083a00000, 0x0000000083a00000, 0x0000000083b00000|  0%| F|  |TAMS 0x0000000083a00000, 0x0000000083a00000| Untracked 
|  19|0x0000000083b00000, 0x0000000083b00000, 0x0000000083c00000|  0%| F|  |TAMS 0x0000000083b00000, 0x0000000083b00000| Untracked 
|  20|0x0000000083c00000, 0x0000000083c00000, 0x0000000083d00000|  0%| F|  |TAMS 0x0000000083c00000, 0x0000000083c00000| Untracked 
|  21|0x0000000083d00000, 0x0000000083d00000, 0x0000000083e00000|  0%| F|  |TAMS 0x0000000083d00000, 0x0000000083d00000| Untracked 
|  22|0x0000000083e00000, 0x0000000083e00000, 0x0000000083f00000|  0%| F|  |TAMS 0x0000000083e00000, 0x0000000083e00000| Untracked 
|  23|0x0000000083f00000, 0x0000000083f00000, 0x0000000084000000|  0%| F|  |TAMS 0x0000000083f00000, 0x0000000083f00000| Untracked 
|  24|0x0000000084000000, 0x0000000084000000, 0x0000000084100000|  0%| F|  |TAMS 0x0000000084000000, 0x0000000084000000| Untracked 
|  25|0x0000000084100000, 0x0000000084100000, 0x0000000084200000|  0%| F|  |TAMS 0x0000000084100000, 0x0000000084100000| Untracked 
|  26|0x0000000084200000, 0x0000000084200000, 0x0000000084300000|  0%| F|  |TAMS 0x0000000084200000, 0x0000000084200000| Untracked 
|  27|0x0000000084300000, 0x0000000084300000, 0x0000000084400000|  0%| F|  |TAMS 0x0000000084300000, 0x0000000084300000| Untracked 
|  28|0x0000000084400000, 0x0000000084400000, 0x0000000084500000|  0%| F|  |TAMS 0x0000000084400000, 0x0000000084400000| Untracked 
|  29|0x0000000084500000, 0x0000000084500000, 0x0000000084600000|  0%| F|  |TAMS 0x0000000084500000, 0x0000000084500000| Untracked 
|  30|0x0000000084600000, 0x0000000084600000, 0x0000000084700000|  0%| F|  |TAMS 0x0000000084600000, 0x0000000084600000| Untracked 
|  31|0x0000000084700000, 0x0000000084700000, 0x0000000084800000|  0%| F|  |TAMS 0x0000000084700000, 0x0000000084700000| Untracked 
|  32|0x0000000084800000, 0x0000000084800000, 0x0000000084900000|  0%| F|  |TAMS 0x0000000084800000, 0x0000000084800000| Untracked 
|  33|0x0000000084900000, 0x0000000084900000, 0x0000000084a00000|  0%| F|  |TAMS 0x0000000084900000, 0x0000000084900000| Untracked 
|  34|0x0000000084a00000, 0x0000000084a00000, 0x0000000084b00000|  0%| F|  |TAMS 0x0000000084a00000, 0x0000000084a00000| Untracked 
|  35|0x0000000084b00000, 0x0000000084b00000, 0x0000000084c00000|  0%| F|  |TAMS 0x0000000084b00000, 0x0000000084b00000| Untracked 
|  36|0x0000000084c00000, 0x0000000084c00000, 0x0000000084d00000|  0%| F|  |TAMS 0x0000000084c00000, 0x0000000084c00000| Untracked 
|  37|0x0000000084d00000, 0x0000000084d00000, 0x0000000084e00000|  0%| F|  |TAMS 0x0000000084d00000, 0x0000000084d00000| Untracked 
|  38|0x0000000084e00000, 0x0000000084e00000, 0x0000000084f00000|  0%| F|  |TAMS 0x0000000084e00000, 0x0000000084e00000| Untracked 
|  39|0x0000000084f00000, 0x0000000084f00000, 0x0000000085000000|  0%| F|  |TAMS 0x0000000084f00000, 0x0000000084f00000| Untracked 
|  40|0x0000000085000000, 0x0000000085000000, 0x0000000085100000|  0%| F|  |TAMS 0x0000000085000000, 0x0000000085000000| Untracked 
|  41|0x0000000085100000, 0x0000000085100000, 0x0000000085200000|  0%| F|  |TAMS 0x0000000085100000, 0x0000000085100000| Untracked 
|  42|0x0000000085200000, 0x0000000085200000, 0x0000000085300000|  0%| F|  |TAMS 0x0000000085200000, 0x0000000085200000| Untracked 
|  43|0x0000000085300000, 0x0000000085300000, 0x0000000085400000|  0%| F|  |TAMS 0x0000000085300000, 0x0000000085300000| Untracked 
|  44|0x0000000085400000, 0x0000000085400000, 0x0000000085500000|  0%| F|  |TAMS 0x0000000085400000, 0x0000000085400000| Untracked 
|  45|0x0000000085500000, 0x0000000085500000, 0x0000000085600000|  0%| F|  |TAMS 0x0000000085500000, 0x0000000085500000| Untracked 
|  46|0x0000000085600000, 0x0000000085600000, 0x0000000085700000|  0%| F|  |TAMS 0x0000000085600000, 0x0000000085600000| Untracked 
|  47|0x0000000085700000, 0x0000000085700000, 0x0000000085800000|  0%| F|  |TAMS 0x0000000085700000, 0x0000000085700000| Untracked 
|  48|0x0000000085800000, 0x0000000085800000, 0x0000000085900000|  0%| F|  |TAMS 0x0000000085800000, 0x0000000085800000| Untracked 
|  49|0x0000000085900000, 0x0000000085900000, 0x0000000085a00000|  0%| F|  |TAMS 0x0000000085900000, 0x0000000085900000| Untracked 
|  50|0x0000000085a00000, 0x0000000085a00000, 0x0000000085b00000|  0%| F|  |TAMS 0x0000000085a00000, 0x0000000085a00000| Untracked 
|  51|0x0000000085b00000, 0x0000000085b00000, 0x0000000085c00000|  0%| F|  |TAMS 0x0000000085b00000, 0x0000000085b00000| Untracked 
|  52|0x0000000085c00000, 0x0000000085c00000, 0x0000000085d00000|  0%| F|  |TAMS 0x0000000085c00000, 0x0000000085c00000| Untracked 
|  53|0x0000000085d00000, 0x0000000085d00000, 0x0000000085e00000|  0%| F|  |TAMS 0x0000000085d00000, 0x0000000085d00000| Untracked 
|  54|0x0000000085e00000, 0x0000000085e00000, 0x0000000085f00000|  0%| F|  |TAMS 0x0000000085e00000, 0x0000000085e00000| Untracked 
|  55|0x0000000085f00000, 0x0000000085f00000, 0x0000000086000000|  0%| F|  |TAMS 0x0000000085f00000, 0x0000000085f00000| Untracked 
|  56|0x0000000086000000, 0x0000000086000000, 0x0000000086100000|  0%| F|  |TAMS 0x0000000086000000, 0x0000000086000000| Untracked 
|  57|0x0000000086100000, 0x0000000086100000, 0x0000000086200000|  0%| F|  |TAMS 0x0000000086100000, 0x0000000086100000| Untracked 
|  58|0x0000000086200000, 0x0000000086200000, 0x0000000086300000|  0%| F|  |TAMS 0x0000000086200000, 0x0000000086200000| Untracked 
|  59|0x0000000086300000, 0x0000000086300000, 0x0000000086400000|  0%| F|  |TAMS 0x0000000086300000, 0x0000000086300000| Untracked 
|  60|0x0000000086400000, 0x0000000086400000, 0x0000000086500000|  0%| F|  |TAMS 0x0000000086400000, 0x0000000086400000| Untracked 
|  61|0x0000000086500000, 0x0000000086500000, 0x0000000086600000|  0%| F|  |TAMS 0x0000000086500000, 0x0000000086500000| Untracked 
|  62|0x0000000086600000, 0x0000000086600000, 0x0000000086700000|  0%| F|  |TAMS 0x0000000086600000, 0x0000000086600000| Untracked 
|  63|0x0000000086700000, 0x0000000086700000, 0x0000000086800000|  0%| F|  |TAMS 0x0000000086700000, 0x0000000086700000| Untracked 
|  64|0x0000000086800000, 0x0000000086800000, 0x0000000086900000|  0%| F|  |TAMS 0x0000000086800000, 0x0000000086800000| Untracked 
|  65|0x0000000086900000, 0x0000000086900000, 0x0000000086a00000|  0%| F|  |TAMS 0x0000000086900000, 0x0000000086900000| Untracked 
|  66|0x0000000086a00000, 0x0000000086a00000, 0x0000000086b00000|  0%| F|  |TAMS 0x0000000086a00000, 0x0000000086a00000| Untracked 
|  67|0x0000000086b00000, 0x0000000086b00000, 0x0000000086c00000|  0%| F|  |TAMS 0x0000000086b00000, 0x0000000086b00000| Untracked 
|  68|0x0000000086c00000, 0x0000000086c00000, 0x0000000086d00000|  0%| F|  |TAMS 0x0000000086c00000, 0x0000000086c00000| Untracked 
|  69|0x0000000086d00000, 0x0000000086d00000, 0x0000000086e00000|  0%| F|  |TAMS 0x0000000086d00000, 0x0000000086d00000| Untracked 
|  70|0x0000000086e00000, 0x0000000086e00000, 0x0000000086f00000|  0%| F|  |TAMS 0x0000000086e00000, 0x0000000086e00000| Untracked 
|  71|0x0000000086f00000, 0x0000000086f00000, 0x0000000087000000|  0%| F|  |TAMS 0x0000000086f00000, 0x0000000086f00000| Untracked 
|  72|0x0000000087000000, 0x0000000087000000, 0x0000000087100000|  0%| F|  |TAMS 0x0000000087000000, 0x0000000087000000| Untracked 
|  73|0x0000000087100000, 0x0000000087100000, 0x0000000087200000|  0%| F|  |TAMS 0x0000000087100000, 0x0000000087100000| Untracked 
|  74|0x0000000087200000, 0x0000000087200000, 0x0000000087300000|  0%| F|  |TAMS 0x0000000087200000, 0x0000000087200000| Untracked 
|  75|0x0000000087300000, 0x0000000087300000, 0x0000000087400000|  0%| F|  |TAMS 0x0000000087300000, 0x0000000087300000| Untracked 
|  76|0x0000000087400000, 0x0000000087400000, 0x0000000087500000|  0%| F|  |TAMS 0x0000000087400000, 0x0000000087400000| Untracked 
|  77|0x0000000087500000, 0x0000000087500000, 0x0000000087600000|  0%| F|  |TAMS 0x0000000087500000, 0x0000000087500000| Untracked 
|  78|0x0000000087600000, 0x0000000087600000, 0x0000000087700000|  0%| F|  |TAMS 0x0000000087600000, 0x0000000087600000| Untracked 
|  79|0x0000000087700000, 0x0000000087700000, 0x0000000087800000|  0%| F|  |TAMS 0x0000000087700000, 0x0000000087700000| Untracked 
|  80|0x0000000087800000, 0x0000000087800000, 0x0000000087900000|  0%| F|  |TAMS 0x0000000087800000, 0x0000000087800000| Untracked 
|  81|0x0000000087900000, 0x0000000087900000, 0x0000000087a00000|  0%| F|  |TAMS 0x0000000087900000, 0x0000000087900000| Untracked 
|  82|0x0000000087a00000, 0x0000000087b00000, 0x0000000087b00000|100%| E|  |TAMS 0x0000000087a00000, 0x0000000087a00000| Complete 
|  83|0x0000000087b00000, 0x0000000087c00000, 0x0000000087c00000|100%| E|CS|TAMS 0x0000000087b00000, 0x0000000087b00000| Complete 
|  84|0x0000000087c00000, 0x0000000087d00000, 0x0000000087d00000|100%| E|CS|TAMS 0x0000000087c00000, 0x0000000087c00000| Complete 
|  85|0x0000000087d00000, 0x0000000087e00000, 0x0000000087e00000|100%| E|CS|TAMS 0x0000000087d00000, 0x0000000087d00000| Complete 
|  86|0x0000000087e00000, 0x0000000087f00000, 0x0000000087f00000|100%| E|CS|TAMS 0x0000000087e00000, 0x0000000087e00000| Complete 
|  87|0x0000000087f00000, 0x0000000088000000, 0x0000000088000000|100%| E|CS|TAMS 0x0000000087f00000, 0x0000000087f00000| Complete 
|  88|0x0000000088000000, 0x0000000088100000, 0x0000000088100000|100%| E|CS|TAMS 0x0000000088000000, 0x0000000088000000| Complete 
|  89|0x0000000088100000, 0x000000008817c788, 0x0000000088200000| 48%| S|CS|TAMS 0x0000000088100000, 0x0000000088100000| Complete 
|  90|0x0000000088200000, 0x0000000088300000, 0x0000000088300000|100%| S|CS|TAMS 0x0000000088200000, 0x0000000088200000| Complete 
|  91|0x0000000088300000, 0x0000000088400000, 0x0000000088400000|100%| S|CS|TAMS 0x0000000088300000, 0x0000000088300000| Complete 
|  92|0x0000000088400000, 0x0000000088500000, 0x0000000088500000|100%| E|CS|TAMS 0x0000000088400000, 0x0000000088400000| Complete 
|  93|0x0000000088500000, 0x0000000088600000, 0x0000000088600000|100%| E|CS|TAMS 0x0000000088500000, 0x0000000088500000| Complete 
|  94|0x0000000088600000, 0x0000000088700000, 0x0000000088700000|100%| E|CS|TAMS 0x0000000088600000, 0x0000000088600000| Complete 
|  95|0x0000000088700000, 0x0000000088800000, 0x0000000088800000|100%| E|CS|TAMS 0x0000000088700000, 0x0000000088700000| Complete 
|  96|0x0000000088800000, 0x0000000088900000, 0x0000000088900000|100%| E|CS|TAMS 0x0000000088800000, 0x0000000088800000| Complete 
|  97|0x0000000088900000, 0x0000000088a00000, 0x0000000088a00000|100%| E|CS|TAMS 0x0000000088900000, 0x0000000088900000| Complete 
|  98|0x0000000088a00000, 0x0000000088b00000, 0x0000000088b00000|100%| E|CS|TAMS 0x0000000088a00000, 0x0000000088a00000| Complete 
|  99|0x0000000088b00000, 0x0000000088c00000, 0x0000000088c00000|100%| E|CS|TAMS 0x0000000088b00000, 0x0000000088b00000| Complete 
| 100|0x0000000088c00000, 0x0000000088d00000, 0x0000000088d00000|100%| E|CS|TAMS 0x0000000088c00000, 0x0000000088c00000| Complete 
| 101|0x0000000088d00000, 0x0000000088e00000, 0x0000000088e00000|100%| E|CS|TAMS 0x0000000088d00000, 0x0000000088d00000| Complete 
| 102|0x0000000088e00000, 0x0000000088f00000, 0x0000000088f00000|100%| E|CS|TAMS 0x0000000088e00000, 0x0000000088e00000| Complete 
| 103|0x0000000088f00000, 0x0000000089000000, 0x0000000089000000|100%| E|CS|TAMS 0x0000000088f00000, 0x0000000088f00000| Complete 
| 104|0x0000000089000000, 0x0000000089100000, 0x0000000089100000|100%| E|CS|TAMS 0x0000000089000000, 0x0000000089000000| Complete 
| 105|0x0000000089100000, 0x0000000089200000, 0x0000000089200000|100%| E|CS|TAMS 0x0000000089100000, 0x0000000089100000| Complete 
| 106|0x0000000089200000, 0x0000000089300000, 0x0000000089300000|100%| E|CS|TAMS 0x0000000089200000, 0x0000000089200000| Complete 
| 107|0x0000000089300000, 0x0000000089400000, 0x0000000089400000|100%| E|CS|TAMS 0x0000000089300000, 0x0000000089300000| Complete 
| 108|0x0000000089400000, 0x0000000089500000, 0x0000000089500000|100%| E|CS|TAMS 0x0000000089400000, 0x0000000089400000| Complete 
| 109|0x0000000089500000, 0x0000000089600000, 0x0000000089600000|100%| E|CS|TAMS 0x0000000089500000, 0x0000000089500000| Complete 
| 110|0x0000000089600000, 0x0000000089700000, 0x0000000089700000|100%| E|CS|TAMS 0x0000000089600000, 0x0000000089600000| Complete 
| 111|0x0000000089700000, 0x0000000089800000, 0x0000000089800000|100%| E|CS|TAMS 0x0000000089700000, 0x0000000089700000| Complete 
| 112|0x0000000089800000, 0x0000000089900000, 0x0000000089900000|100%| E|CS|TAMS 0x0000000089800000, 0x0000000089800000| Complete 
| 113|0x0000000089900000, 0x0000000089a00000, 0x0000000089a00000|100%| E|CS|TAMS 0x0000000089900000, 0x0000000089900000| Complete 
| 114|0x0000000089a00000, 0x0000000089b00000, 0x0000000089b00000|100%| E|CS|TAMS 0x0000000089a00000, 0x0000000089a00000| Complete 
| 115|0x0000000089b00000, 0x0000000089c00000, 0x0000000089c00000|100%| E|CS|TAMS 0x0000000089b00000, 0x0000000089b00000| Complete 
| 116|0x0000000089c00000, 0x0000000089d00000, 0x0000000089d00000|100%| E|CS|TAMS 0x0000000089c00000, 0x0000000089c00000| Complete 
| 117|0x0000000089d00000, 0x0000000089e00000, 0x0000000089e00000|100%| E|CS|TAMS 0x0000000089d00000, 0x0000000089d00000| Complete 
| 118|0x0000000089e00000, 0x0000000089f00000, 0x0000000089f00000|100%| E|CS|TAMS 0x0000000089e00000, 0x0000000089e00000| Complete 
| 119|0x0000000089f00000, 0x000000008a000000, 0x000000008a000000|100%| E|CS|TAMS 0x0000000089f00000, 0x0000000089f00000| Complete 
| 120|0x000000008a000000, 0x000000008a100000, 0x000000008a100000|100%| E|CS|TAMS 0x000000008a000000, 0x000000008a000000| Complete 
| 121|0x000000008a100000, 0x000000008a200000, 0x000000008a200000|100%| E|CS|TAMS 0x000000008a100000, 0x000000008a100000| Complete 
| 122|0x000000008a200000, 0x000000008a300000, 0x000000008a300000|100%| E|CS|TAMS 0x000000008a200000, 0x000000008a200000| Complete 
| 123|0x000000008a300000, 0x000000008a400000, 0x000000008a400000|100%| E|CS|TAMS 0x000000008a300000, 0x000000008a300000| Complete 
| 124|0x000000008a400000, 0x000000008a500000, 0x000000008a500000|100%| E|CS|TAMS 0x000000008a400000, 0x000000008a400000| Complete 
| 125|0x000000008a500000, 0x000000008a600000, 0x000000008a600000|100%| E|CS|TAMS 0x000000008a500000, 0x000000008a500000| Complete 

Card table byte_map: [0x0000015fde6f0000,0x0000015fdeae0000] _byte_map_base: 0x0000015fde2dc000

Marking Bits (Prev, Next): (CMBitMap*) 0x0000015fc70ce690, (CMBitMap*) 0x0000015fc70ce6d0
 Prev Bits: [0x0000015fdeed0000, 0x0000015fe0e30000)
 Next Bits: [0x0000015fe0e30000, 0x0000015fe2d90000)

Polling page: 0x0000015fc5060000

Metaspace:

Usage:
  Non-class:     11.50 MB used.
      Class:      1.43 MB used.
       Both:     12.92 MB used.

Virtual space:
  Non-class space:       64.00 MB reserved,      11.62 MB ( 18%) committed,  1 nodes.
      Class space:        1.00 GB reserved,       1.56 MB ( <1%) committed,  1 nodes.
             Both:        1.06 GB reserved,      13.19 MB (  1%) committed. 

Chunk freelists:
   Non-Class:  3.38 MB
       Class:  2.47 MB
        Both:  5.85 MB

MaxMetaspaceSize: unlimited
CompressedClassSpaceSize: 1.00 GB
Initial GC threshold: 21.00 MB
Current GC threshold: 21.00 MB
CDS: on
MetaspaceReclaimPolicy: balanced
 - commit_granule_bytes: 65536.
 - commit_granule_words: 8192.
 - virtual_space_node_default_size: 8388608.
 - enlarge_chunks_in_place: 1.
 - new_chunks_are_fully_committed: 0.
 - uncommit_free_chunks: 1.
 - use_allocation_guard: 0.


Internal statistics:

num_allocs_failed_limit: 0.
num_arena_births: 236.
num_arena_deaths: 0.
num_vsnodes_births: 2.
num_vsnodes_deaths: 0.
num_space_committed: 211.
num_space_uncommitted: 0.
num_chunks_returned_to_freelist: 0.
num_chunks_taken_from_freelist: 664.
num_chunk_merges: 0.
num_chunk_splits: 490.
num_chunks_enlarged: 379.
num_inconsistent_stats: 0.

CodeHeap 'non-profiled nmethods': size=120000Kb used=1401Kb max_used=1401Kb free=118598Kb
 bounds [0x0000015fd6aa0000, 0x0000015fd6d10000, 0x0000015fddfd0000]
CodeHeap 'profiled nmethods': size=120000Kb used=6305Kb max_used=6305Kb free=113694Kb
 bounds [0x0000015fcefd0000, 0x0000015fcf600000, 0x0000015fd6500000]
CodeHeap 'non-nmethods': size=5760Kb used=1265Kb max_used=1306Kb free=4494Kb
 bounds [0x0000015fd6500000, 0x0000015fd6770000, 0x0000015fd6aa0000]
 total_blobs=3653 nmethods=3177 adapters=386
 compilation: enabled
              stopped_count=0, restarted_count=0
 full_count=0

Compilation events (20 events):
Event: 203.161 Thread 0x0000015fe5808f50 3172       3       org.apache.maven.model.ConfigurationContainer::getLocation (147 bytes)
Event: 203.164 Thread 0x0000015fe5808f50 nmethod 3172 0x0000015fcf5ea210 code [0x0000015fcf5ea480, 0x0000015fcf5eb0d8]
Event: 204.178 Thread 0x0000015fe5808f50 3173       3       org.apache.maven.model.io.xpp3.MavenXpp3Reader::parseDependency (468 bytes)
Event: 204.481 Thread 0x0000015fe5808f50 nmethod 3173 0x0000015fcf5eb310 code [0x0000015fcf5eb9e0, 0x0000015fcf5eeed8]
Event: 205.246 Thread 0x0000015fe57af930 3174       4       java.util.Arrays::copyOf (40 bytes)
Event: 205.295 Thread 0x0000015fe5808f50 3175       1       org.apache.maven.model.Model::getModelVersion (5 bytes)
Event: 205.299 Thread 0x0000015fe57af930 nmethod 3174 0x0000015fd6bfd090 code [0x0000015fd6bfd220, 0x0000015fd6bfd758]
Event: 205.342 Thread 0x0000015fe5808f50 nmethod 3175 0x0000015fd6bfd990 code [0x0000015fd6bfdb20, 0x0000015fd6bfdbd8]
Event: 205.350 Thread 0x0000015fe57af930 3176       4       java.util.regex.Pattern$BmpCharProperty::match (55 bytes)
Event: 205.354 Thread 0x0000015fe57af930 nmethod 3176 0x0000015fd6bfdc90 code [0x0000015fd6bfde40, 0x0000015fd6bfe1e8]
Event: 214.841 Thread 0x0000015fe5808f50 3177       3       java.io.BufferedInputStream::fill (203 bytes)
Event: 215.293 Thread 0x0000015fe5808f50 nmethod 3177 0x0000015fcf5f0210 code [0x0000015fcf5f0480, 0x0000015fcf5f10e8]
Event: 217.903 Thread 0x0000015fe5808f50 3179   !   3       org.apache.maven.model.Model::clone (502 bytes)
Event: 218.015 Thread 0x0000015fe5808f50 nmethod 3179 0x0000015fcf5f1490 code [0x0000015fcf5f1b00, 0x0000015fcf5f5678]
Event: 218.015 Thread 0x0000015fe5808f50 3180       3       org.apache.maven.model.Model::cloneHook (9 bytes)
Event: 218.015 Thread 0x0000015fe5808f50 nmethod 3180 0x0000015fcf5f7210 code [0x0000015fcf5f73c0, 0x0000015fcf5f7538]
Event: 218.015 Thread 0x0000015fe5808f50 3181   !   3       org.apache.maven.model.FileSet::clone (51 bytes)
Event: 218.018 Thread 0x0000015fe5808f50 nmethod 3181 0x0000015fcf5f7610 code [0x0000015fcf5f7880, 0x0000015fcf5f8278]
Event: 223.459 Thread 0x0000015fe57af930 3182   !   4       org.apache.maven.model.Dependency::clone (137 bytes)
Event: 224.123 Thread 0x0000015fe5808f50 3184       3       org.apache.maven.repository.internal.ArtifactDescriptorReaderDelegate::convert (205 bytes)

GC Heap History (4 events):
Event: 13.680 GC heap before
{Heap before GC invocations=0 (full 0):
 garbage-first heap   total 129024K, used 23552K [0x0000000082800000, 0x0000000100000000)
  region size 1024K, 23 young (23552K), 0 survivors (0K)
 Metaspace       used 5014K, committed 5184K, reserved 1114112K
  class space    used 560K, committed 640K, reserved 1048576K
}
Event: 13.711 GC heap after
{Heap after GC invocations=1 (full 0):
 garbage-first heap   total 129024K, used 3571K [0x0000000082800000, 0x0000000100000000)
  region size 1024K, 3 young (3072K), 3 survivors (3072K)
 Metaspace       used 5014K, committed 5184K, reserved 1114112K
  class space    used 560K, committed 640K, reserved 1048576K
}
Event: 15.723 GC heap before
{Heap before GC invocations=1 (full 0):
 garbage-first heap   total 129024K, used 35315K [0x0000000082800000, 0x0000000100000000)
  region size 1024K, 34 young (34816K), 3 survivors (3072K)
 Metaspace       used 10412K, committed 10688K, reserved 1114112K
  class space    used 1222K, committed 1344K, reserved 1048576K
}
Event: 15.732 GC heap after
{Heap after GC invocations=2 (full 0):
 garbage-first heap   total 129024K, used 5977K [0x0000000082800000, 0x0000000100000000)
  region size 1024K, 3 young (3072K), 3 survivors (3072K)
 Metaspace       used 10412K, committed 10688K, reserved 1114112K
  class space    used 1222K, committed 1344K, reserved 1048576K
}

Dll operation events (8 events):
Event: 0.043 Loaded shared library C:\Program Files\Java\jdk-19\bin\java.dll
Event: 1.934 Loaded shared library C:\Program Files\Java\jdk-19\bin\jsvml.dll
Event: 5.423 Loaded shared library C:\Program Files\Java\jdk-19\bin\net.dll
Event: 5.443 Loaded shared library C:\Program Files\Java\jdk-19\bin\nio.dll
Event: 5.486 Loaded shared library C:\Program Files\Java\jdk-19\bin\zip.dll
Event: 10.748 Loaded shared library C:\Program Files\Java\jdk-19\bin\jimage.dll
Event: 10.781 Loaded shared library C:\Users\User\Desktop\NETBEAN\NetBeans-15\netbeans\java\maven\lib\jansi-native\Windows\x86_64\jansi.dll
Event: 11.307 Loaded shared library C:\Program Files\Java\jdk-19\bin\verify.dll

Deoptimization events (20 events):
Event: 182.840 Thread 0x0000015fc706e0c0 Uncommon trap: trap_request=0xffffffbe fr.pc=0x0000015fd6bf0a98 relative=0x0000000000000e18
Event: 182.840 Thread 0x0000015fc706e0c0 Uncommon trap: reason=profile_predicate action=maybe_recompile pc=0x0000015fd6bf0a98 method=java.util.regex.Pattern$CharPropertyGreedy.match(Ljava/util/regex/Matcher;ILjava/lang/CharSequence;)Z @ 103 c2
Event: 182.840 Thread 0x0000015fc706e0c0 DEOPT PACKING pc=0x0000015fd6bf0a98 sp=0x00000014b99fc8a0
Event: 182.840 Thread 0x0000015fc706e0c0 DEOPT UNPACKING pc=0x0000015fd6566da3 sp=0x00000014b99fc840 mode 2
Event: 182.840 Thread 0x0000015fc706e0c0 Uncommon trap: trap_request=0xffffffbe fr.pc=0x0000015fd6bf0a98 relative=0x0000000000000e18
Event: 182.840 Thread 0x0000015fc706e0c0 Uncommon trap: reason=profile_predicate action=maybe_recompile pc=0x0000015fd6bf0a98 method=java.util.regex.Pattern$CharPropertyGreedy.match(Ljava/util/regex/Matcher;ILjava/lang/CharSequence;)Z @ 103 c2
Event: 182.840 Thread 0x0000015fc706e0c0 DEOPT PACKING pc=0x0000015fd6bf0a98 sp=0x00000014b99fc4b0
Event: 182.840 Thread 0x0000015fc706e0c0 DEOPT UNPACKING pc=0x0000015fd6566da3 sp=0x00000014b99fc450 mode 2
Event: 182.840 Thread 0x0000015fc706e0c0 Uncommon trap: trap_request=0xffffffbe fr.pc=0x0000015fd6bf0a98 relative=0x0000000000000e18
Event: 182.840 Thread 0x0000015fc706e0c0 Uncommon trap: reason=profile_predicate action=maybe_recompile pc=0x0000015fd6bf0a98 method=java.util.regex.Pattern$CharPropertyGreedy.match(Ljava/util/regex/Matcher;ILjava/lang/CharSequence;)Z @ 103 c2
Event: 182.840 Thread 0x0000015fc706e0c0 DEOPT PACKING pc=0x0000015fd6bf0a98 sp=0x00000014b99fc4b0
Event: 182.840 Thread 0x0000015fc706e0c0 DEOPT UNPACKING pc=0x0000015fd6566da3 sp=0x00000014b99fc450 mode 2
Event: 182.840 Thread 0x0000015fc706e0c0 Uncommon trap: trap_request=0xffffffbe fr.pc=0x0000015fd6bf0a98 relative=0x0000000000000e18
Event: 182.840 Thread 0x0000015fc706e0c0 Uncommon trap: reason=profile_predicate action=maybe_recompile pc=0x0000015fd6bf0a98 method=java.util.regex.Pattern$CharPropertyGreedy.match(Ljava/util/regex/Matcher;ILjava/lang/CharSequence;)Z @ 103 c2
Event: 182.840 Thread 0x0000015fc706e0c0 DEOPT PACKING pc=0x0000015fd6bf0a98 sp=0x00000014b99fc270
Event: 182.840 Thread 0x0000015fc706e0c0 DEOPT UNPACKING pc=0x0000015fd6566da3 sp=0x00000014b99fc230 mode 2
Event: 197.302 Thread 0x0000015fc706e0c0 Uncommon trap: trap_request=0xffffff45 fr.pc=0x0000015fd6bfc248 relative=0x0000000000000268
Event: 197.302 Thread 0x0000015fc706e0c0 Uncommon trap: reason=unstable_if action=reinterpret pc=0x0000015fd6bfc248 method=org.apache.maven.model.ConfigurationContainer.getLocation(Ljava/lang/Object;)Lorg/apache/maven/model/InputLocation; @ 18 c2
Event: 197.302 Thread 0x0000015fc706e0c0 DEOPT PACKING pc=0x0000015fd6bfc248 sp=0x00000014b99fc2a0
Event: 197.303 Thread 0x0000015fc706e0c0 DEOPT UNPACKING pc=0x0000015fd6566da3 sp=0x00000014b99fc240 mode 2

Classes loaded (20 events):
Event: 16.173 Loading class java/lang/Byte$ByteCache
Event: 16.173 Loading class java/lang/Byte$ByteCache done
Event: 16.215 Loading class sun/invoke/util/ValueConversions$1
Event: 16.215 Loading class sun/invoke/util/ValueConversions$1 done
Event: 16.217 Loading class java/lang/invoke/BoundMethodHandle$Species_LI
Event: 16.217 Loading class java/lang/invoke/BoundMethodHandle$Species_LI done
Event: 16.525 Loading class java/util/LinkedList$ListItr
Event: 16.525 Loading class java/util/LinkedList$ListItr done
Event: 160.499 Loading class java/io/InterruptedIOException
Event: 160.539 Loading class java/io/InterruptedIOException done
Event: 161.417 Loading class java/util/concurrent/locks/ReentrantReadWriteLock$NonfairSync
Event: 161.417 Loading class java/util/concurrent/locks/ReentrantReadWriteLock$Sync
Event: 161.418 Loading class java/util/concurrent/locks/ReentrantReadWriteLock$Sync done
Event: 161.418 Loading class java/util/concurrent/locks/ReentrantReadWriteLock$NonfairSync done
Event: 161.430 Loading class java/util/concurrent/locks/ReentrantReadWriteLock$Sync$ThreadLocalHoldCounter
Event: 161.430 Loading class java/util/concurrent/locks/ReentrantReadWriteLock$Sync$ThreadLocalHoldCounter done
Event: 161.430 Loading class java/util/concurrent/locks/ReentrantReadWriteLock$ReadLock
Event: 161.430 Loading class java/util/concurrent/locks/ReentrantReadWriteLock$ReadLock done
Event: 161.430 Loading class java/util/concurrent/locks/ReentrantReadWriteLock$WriteLock
Event: 161.430 Loading class java/util/concurrent/locks/ReentrantReadWriteLock$WriteLock done

Classes unloaded (0 events):
No events

Classes redefined (0 events):
No events

Internal exceptions (20 events):
Event: 162.146 Thread 0x0000015fc706e0c0 Exception <a 'java/io/IOException'{0x0000000088fa96d0}> (0x0000000088fa96d0) 
thrown [s\open\src\hotspot\share\prims\jni.cpp, line 517]
Event: 162.146 Thread 0x0000015fc706e0c0 Exception <a 'java/io/IOException'{0x0000000088fa9cd0}> (0x0000000088fa9cd0) 
thrown [s\open\src\hotspot\share\prims\jni.cpp, line 517]
Event: 162.146 Thread 0x0000015fc706e0c0 Exception <a 'java/io/IOException'{0x0000000088faa298}> (0x0000000088faa298) 
thrown [s\open\src\hotspot\share\prims\jni.cpp, line 517]
Event: 162.146 Thread 0x0000015fc706e0c0 Exception <a 'java/io/IOException'{0x0000000088faa860}> (0x0000000088faa860) 
thrown [s\open\src\hotspot\share\prims\jni.cpp, line 517]
Event: 162.146 Thread 0x0000015fc706e0c0 Exception <a 'java/io/IOException'{0x0000000088faae70}> (0x0000000088faae70) 
thrown [s\open\src\hotspot\share\prims\jni.cpp, line 517]
Event: 162.150 Thread 0x0000015fc706e0c0 Exception <a 'java/io/IOException'{0x0000000088fab470}> (0x0000000088fab470) 
thrown [s\open\src\hotspot\share\prims\jni.cpp, line 517]
Event: 162.150 Thread 0x0000015fc706e0c0 Exception <a 'java/io/IOException'{0x0000000088faba38}> (0x0000000088faba38) 
thrown [s\open\src\hotspot\share\prims\jni.cpp, line 517]
Event: 162.150 Thread 0x0000015fc706e0c0 Exception <a 'java/io/IOException'{0x0000000088fabd50}> (0x0000000088fabd50) 
thrown [s\open\src\hotspot\share\prims\jni.cpp, line 517]
Event: 162.151 Thread 0x0000015fc706e0c0 Exception <a 'java/io/IOException'{0x0000000088facce0}> (0x0000000088facce0) 
thrown [s\open\src\hotspot\share\prims\jni.cpp, line 517]
Event: 162.151 Thread 0x0000015fc706e0c0 Exception <a 'java/io/IOException'{0x0000000088fad2e0}> (0x0000000088fad2e0) 
thrown [s\open\src\hotspot\share\prims\jni.cpp, line 517]
Event: 162.151 Thread 0x0000015fc706e0c0 Exception <a 'java/io/IOException'{0x0000000088fad8a8}> (0x0000000088fad8a8) 
thrown [s\open\src\hotspot\share\prims\jni.cpp, line 517]
Event: 162.151 Thread 0x0000015fc706e0c0 Exception <a 'java/io/IOException'{0x0000000088fadbc0}> (0x0000000088fadbc0) 
thrown [s\open\src\hotspot\share\prims\jni.cpp, line 517]
Event: 162.151 Thread 0x0000015fc706e0c0 Exception <a 'java/io/IOException'{0x0000000088fae5e8}> (0x0000000088fae5e8) 
thrown [s\open\src\hotspot\share\prims\jni.cpp, line 517]
Event: 162.151 Thread 0x0000015fc706e0c0 Exception <a 'java/io/IOException'{0x0000000088faebe8}> (0x0000000088faebe8) 
thrown [s\open\src\hotspot\share\prims\jni.cpp, line 517]
Event: 162.151 Thread 0x0000015fc706e0c0 Exception <a 'java/io/IOException'{0x0000000088faf1b0}> (0x0000000088faf1b0) 
thrown [s\open\src\hotspot\share\prims\jni.cpp, line 517]
Event: 162.151 Thread 0x0000015fc706e0c0 Exception <a 'java/io/IOException'{0x0000000088faf4c8}> (0x0000000088faf4c8) 
thrown [s\open\src\hotspot\share\prims\jni.cpp, line 517]
Event: 162.151 Thread 0x0000015fc706e0c0 Exception <a 'java/io/IOException'{0x0000000088fb0148}> (0x0000000088fb0148) 
thrown [s\open\src\hotspot\share\prims\jni.cpp, line 517]
Event: 162.151 Thread 0x0000015fc706e0c0 Exception <a 'java/io/IOException'{0x0000000088fb0748}> (0x0000000088fb0748) 
thrown [s\open\src\hotspot\share\prims\jni.cpp, line 517]
Event: 162.151 Thread 0x0000015fc706e0c0 Exception <a 'java/io/IOException'{0x0000000088fb0d10}> (0x0000000088fb0d10) 
thrown [s\open\src\hotspot\share\prims\jni.cpp, line 517]
Event: 162.151 Thread 0x0000015fc706e0c0 Exception <a 'java/io/IOException'{0x0000000088fb1028}> (0x0000000088fb1028) 
thrown [s\open\src\hotspot\share\prims\jni.cpp, line 517]

VM Operations (20 events):
Event: 178.374 Executing VM operation: Cleanup
Event: 179.989 Executing VM operation: Cleanup done
Event: 181.018 Executing VM operation: Cleanup
Event: 181.050 Executing VM operation: Cleanup done
Event: 182.066 Executing VM operation: Cleanup
Event: 182.066 Executing VM operation: Cleanup done
Event: 183.066 Executing VM operation: Cleanup
Event: 183.083 Executing VM operation: Cleanup done
Event: 184.088 Executing VM operation: Cleanup
Event: 184.088 Executing VM operation: Cleanup done
Event: 185.090 Executing VM operation: Cleanup
Event: 185.104 Executing VM operation: Cleanup done
Event: 195.972 Executing VM operation: Cleanup
Event: 196.704 Executing VM operation: Cleanup done
Event: 197.713 Executing VM operation: Cleanup
Event: 199.952 Executing VM operation: Cleanup done
Event: 210.301 Executing VM operation: Cleanup
Event: 210.662 Executing VM operation: Cleanup done
Event: 216.012 Executing VM operation: Cleanup
Event: 216.310 Executing VM operation: Cleanup done

Events (14 events):
Event: 1.934 Thread 0x0000015fc706e0c0 Thread added: 0x0000015fc706e0c0
Event: 3.409 Thread 0x0000015fe57a7380 Thread added: 0x0000015fe57a7380
Event: 3.409 Thread 0x0000015fe57a7eb0 Thread added: 0x0000015fe57a7eb0
Event: 3.414 Thread 0x0000015fe57ab130 Thread added: 0x0000015fe57ab130
Event: 3.414 Thread 0x0000015fe57aba60 Thread added: 0x0000015fe57aba60
Event: 3.414 Thread 0x0000015fe57ae3a0 Thread added: 0x0000015fe57ae3a0
Event: 3.414 Thread 0x0000015fe57aecd0 Thread added: 0x0000015fe57aecd0
Event: 3.414 Thread 0x0000015fe57af930 Thread added: 0x0000015fe57af930
Event: 3.732 Thread 0x0000015fe5808f50 Thread added: 0x0000015fe5808f50
Event: 4.179 Thread 0x0000015fe580e250 Thread added: 0x0000015fe580e250
Event: 5.357 Thread 0x0000015fe9ce0bc0 Thread added: 0x0000015fe9ce0bc0
Event: 5.377 Thread 0x0000015fe9ce3570 Thread added: 0x0000015fe9ce3570
Event: 162.151 Thread 0x0000015fea401b50 Thread added: 0x0000015fea401b50
Event: 162.919 Thread 0x0000015fea401b50 Thread exited: 0x0000015fea401b50


Dynamic libraries:
0x00007ff75d2a0000 - 0x00007ff75d2b0000 	C:\Program Files\Java\jdk-19\bin\java.exe
0x00007ffd17dc0000 - 0x00007ffd17fc9000 	C:\WINDOWS\SYSTEM32\ntdll.dll
0x00007ffd16ad0000 - 0x00007ffd16b8e000 	C:\WINDOWS\System32\KERNEL32.DLL
0x00007ffd15870000 - 0x00007ffd15bf4000 	C:\WINDOWS\System32\KERNELBASE.dll
0x00007ffd15270000 - 0x00007ffd15381000 	C:\WINDOWS\System32\ucrtbase.dll
0x00007ffcfb4c0000 - 0x00007ffcfb4d8000 	C:\Program Files\Java\jdk-19\bin\jli.dll
0x00007ffd177a0000 - 0x00007ffd1784f000 	C:\WINDOWS\System32\ADVAPI32.dll
0x00007ffd176d0000 - 0x00007ffd17773000 	C:\WINDOWS\System32\msvcrt.dll
0x00007ffd17630000 - 0x00007ffd176ce000 	C:\WINDOWS\System32\sechost.dll
0x00007ffd16910000 - 0x00007ffd16a31000 	C:\WINDOWS\System32\RPCRT4.dll
0x00007ffd15cd0000 - 0x00007ffd15e7d000 	C:\WINDOWS\System32\USER32.dll
0x00007ffd15c00000 - 0x00007ffd15c26000 	C:\WINDOWS\System32\win32u.dll
0x00007ffd16c70000 - 0x00007ffd16c9a000 	C:\WINDOWS\System32\GDI32.dll
0x00007ffd15540000 - 0x00007ffd1565f000 	C:\WINDOWS\System32\gdi32full.dll
0x00007ffd15660000 - 0x00007ffd156fd000 	C:\WINDOWS\System32\msvcp_win.dll
0x00007ffd12330000 - 0x00007ffd1234b000 	C:\Program Files\Java\jdk-19\bin\VCRUNTIME140.dll
0x00007ffcff340000 - 0x00007ffcff5e5000 	C:\WINDOWS\WinSxS\amd64_microsoft.windows.common-controls_6595b64144ccf1df_6.0.22000.120_none_9d947278b86cc467\COMCTL32.dll
0x00007ffd0f3f0000 - 0x00007ffd0f3fa000 	C:\WINDOWS\SYSTEM32\VERSION.dll
0x00007ffd15c90000 - 0x00007ffd15cc1000 	C:\WINDOWS\System32\IMM32.DLL
0x00007ffd12380000 - 0x00007ffd1238c000 	C:\Program Files\Java\jdk-19\bin\vcruntime140_1.dll
0x00007ffcea700000 - 0x00007ffcea78e000 	C:\Program Files\Java\jdk-19\bin\msvcp140.dll
0x00007ffcaf740000 - 0x00007ffcb0400000 	C:\Program Files\Java\jdk-19\bin\server\jvm.dll
0x00007ffce9940000 - 0x00007ffce9949000 	C:\WINDOWS\SYSTEM32\WSOCK32.dll
0x00007ffd15e80000 - 0x00007ffd15eef000 	C:\WINDOWS\System32\WS2_32.dll
0x00007ffd0f410000 - 0x00007ffd0f443000 	C:\WINDOWS\SYSTEM32\WINMM.dll
0x00007ffd143e0000 - 0x00007ffd143f8000 	C:\WINDOWS\SYSTEM32\kernel.appcore.dll
0x00007ffd11b30000 - 0x00007ffd11b3a000 	C:\Program Files\Java\jdk-19\bin\jimage.dll
0x00007ffd12ed0000 - 0x00007ffd130f1000 	C:\WINDOWS\SYSTEM32\DBGHELP.DLL
0x00007ffcfca70000 - 0x00007ffcfcaa1000 	C:\WINDOWS\SYSTEM32\dbgcore.DLL
0x00007ffd15450000 - 0x00007ffd154cf000 	C:\WINDOWS\System32\bcryptPrimitives.dll
0x00007ffd11ab0000 - 0x00007ffd11ad6000 	C:\Program Files\Java\jdk-19\bin\java.dll
0x00007ffce79d0000 - 0x00007ffce7aa7000 	C:\Program Files\Java\jdk-19\bin\jsvml.dll
0x00007ffd16ca0000 - 0x00007ffd17465000 	C:\WINDOWS\System32\SHELL32.dll
0x00007ffd13360000 - 0x00007ffd13bc4000 	C:\WINDOWS\SYSTEM32\windows.storage.dll
0x00007ffd16520000 - 0x00007ffd16896000 	C:\WINDOWS\System32\combase.dll
0x00007ffd131f0000 - 0x00007ffd13357000 	C:\WINDOWS\SYSTEM32\wintypes.dll
0x00007ffd174d0000 - 0x00007ffd175ba000 	C:\WINDOWS\System32\SHCORE.dll
0x00007ffd15c30000 - 0x00007ffd15c8d000 	C:\WINDOWS\System32\shlwapi.dll
0x00007ffd151a0000 - 0x00007ffd151c1000 	C:\WINDOWS\SYSTEM32\profapi.dll
0x00007ffd04080000 - 0x00007ffd04093000 	C:\Program Files\Java\jdk-19\bin\net.dll
0x00007ffd0edc0000 - 0x00007ffd0eed3000 	C:\WINDOWS\SYSTEM32\WINHTTP.dll
0x00007ffd14880000 - 0x00007ffd148e7000 	C:\WINDOWS\system32\mswsock.dll
0x00007ffcfd5f0000 - 0x00007ffcfd606000 	C:\Program Files\Java\jdk-19\bin\nio.dll
0x00007ffcfd5d0000 - 0x00007ffcfd5e8000 	C:\Program Files\Java\jdk-19\bin\zip.dll
0x0000000069ac0000 - 0x0000000069ae4000 	C:\Users\User\Desktop\NETBEAN\NetBeans-15\netbeans\java\maven\lib\jansi-native\Windows\x86_64\jansi.dll
0x00007ffd10620000 - 0x00007ffd10630000 	C:\Program Files\Java\jdk-19\bin\verify.dll

dbghelp: loaded successfully - version: 4.0.5 - missing functions: none
symbol engine: initialized successfully - sym options: 0x614 - pdb path: .;C:\Program Files\Java\jdk-19\bin;C:\WINDOWS\SYSTEM32;C:\WINDOWS\WinSxS\amd64_microsoft.windows.common-controls_6595b64144ccf1df_6.0.22000.120_none_9d947278b86cc467;C:\Program Files\Java\jdk-19\bin\server;C:\Users\User\Desktop\NETBEAN\NetBeans-15\netbeans\java\maven\lib\jansi-native\Windows\x86_64

VM Arguments:
jvm_args: -Dclassworlds.conf=C:\Users\User\Desktop\NETBEAN\NetBeans-15\netbeans\java\maven\bin\m2.conf -Dmaven.home=C:\Users\User\Desktop\NETBEAN\NetBeans-15\netbeans\java\maven -Dlibrary.jansi.path=C:\Users\User\Desktop\NETBEAN\NetBeans-15\netbeans\java\maven\lib\jansi-native -Dmaven.multiModuleProjectDirectory=C:\Users\User\Desktop\NETBEAN\WallStreetWarriors 
java_command: org.codehaus.plexus.classworlds.launcher.Launcher -Dmaven.ext.class.path=C:\Users\User\Desktop\NETBEAN\NetBeans-15\netbeans\java\maven-nblib\netbeans-eventspy.jar install
java_class_path (initial): C:\Users\User\Desktop\NETBEAN\NetBeans-15\netbeans\java\maven\boot\plexus-classworlds-2.6.0.jar
Launcher Type: SUN_STANDARD

[Global flags]
     intx CICompilerCount                          = 4                                         {product} {ergonomic}
     uint ConcGCThreads                            = 2                                         {product} {ergonomic}
     uint G1ConcRefinementThreads                  = 8                                         {product} {ergonomic}
   size_t G1HeapRegionSize                         = 1048576                                   {product} {ergonomic}
    uintx GCDrainStackTargetSize                   = 64                                        {product} {ergonomic}
   size_t InitialHeapSize                          = 132120576                                 {product} {ergonomic}
   size_t MarkStackSize                            = 4194304                                   {product} {ergonomic}
   size_t MaxHeapSize                              = 2105540608                                {product} {ergonomic}
   size_t MaxNewSize                               = 1262485504                                {product} {ergonomic}
   size_t MinHeapDeltaBytes                        = 1048576                                   {product} {ergonomic}
   size_t MinHeapSize                              = 8388608                                   {product} {ergonomic}
    uintx NonNMethodCodeHeapSize                   = 5839372                                {pd product} {ergonomic}
    uintx NonProfiledCodeHeapSize                  = 122909434                              {pd product} {ergonomic}
    uintx ProfiledCodeHeapSize                     = 122909434                              {pd product} {ergonomic}
    uintx ReservedCodeCacheSize                    = 251658240                              {pd product} {ergonomic}
     bool SegmentedCodeCache                       = true                                      {product} {ergonomic}
   size_t SoftMaxHeapSize                          = 2105540608                             {manageable} {ergonomic}
     bool UseCompressedClassPointers               = true                           {product lp64_product} {ergonomic}
     bool UseCompressedOops                        = true                           {product lp64_product} {ergonomic}
     bool UseG1GC                                  = true                                      {product} {ergonomic}
     bool UseLargePagesIndividualAllocation        = false                                  {pd product} {ergonomic}

Logging:
Log output configuration:
 #0: stdout all=warning uptime,level,tags foldmultilines=false
 #1: stderr all=off uptime,level,tags foldmultilines=false

Environment Variables:
JAVA_HOME=C:\Program Files\Java\jdk-19
PATH=C:\Program Files\Common Files\Oracle\Java\javapath;C:\Windows\system32;C:\Windows;C:\Windows\System32\Wbem;C:\Windows\System32\WindowsPowerShell\v1.0\;C:\Windows\System32\OpenSSH\;C:\Program Files (x86)\NVIDIA Corporation\PhysX\Common;C:\Program Files\NVIDIA Corporation\NVIDIA NvDLISR;C:\WINDOWS\system32;C:\WINDOWS;C:\WINDOWS\System32\Wbem;C:\WINDOWS\System32\WindowsPowerShell\v1.0\;C:\WINDOWS\System32\OpenSSH\;C:\Program Files\Java\jdk-19\bin;C:\Program Files\Microsoft SQL Server\130\Tools\Binn\;C:\Program Files\nodejs\;C:\Program Files\Git\cmd;C:\Users\User\AppData\Local\Programs\Python\Python311\Scripts\;C:\Users\User\AppData\Local\Programs\Python\Python311\;C:\Users\User\AppData\Local\Microsoft\WindowsApps;C:\Users\User\Desktop\Useful tools\Microsoft VS Code\bin;C:\Users\User\AppData\Local\GitHubDesktop\bin;C:\Users\User\AppData\Roaming\npm;C:\Program Files\Graphviz\bin
USERNAME=User
OS=Windows_NT
PROCESSOR_IDENTIFIER=Intel64 Family 6 Model 165 Stepping 2, GenuineIntel
TMP=C:\Users\User\AppData\Local\Temp
TEMP=C:\Users\User\AppData\Local\Temp



---------------  S Y S T E M  ---------------

OS:
 Windows 11 , 64 bit Build 22000 (10.0.22000.1880)
OS uptime: 3 days 20:46 hours

CPU: total 8 (initial active 8) (4 cores per cpu, 2 threads per core) family 6 model 165 stepping 2 microcode 0xe0, cx8, cmov, fxsr, ht, mmx, 3dnowpref, sse, sse2, sse3, ssse3, sse4.1, sse4.2, popcnt, lzcnt, tsc, tscinvbit, avx, avx2, aes, erms, clmul, bmi1, bmi2, adx, fma, vzeroupper, clflush, clflushopt, rdtscp

Memory: 4k page, system-wide physical 8029M (54M free)
TotalPageFile size 32605M (AvailPageFile size 387M)
current process WorkingSet (physical memory assigned to process): 14M, peak: 102M
current process commit charge ("private bytes"): 233M, peak: 241M

vm_info: Java HotSpot(TM) 64-Bit Server VM (19+36-2238) for windows-amd64 JRE (19+36-2238), built on 2022-08-12T20:29:01Z by "mach5one" with MS VC++ 17.1 (VS2022)

END.
