#
# There is insufficient memory for the Java Runtime Environment to continue.
# Native memory allocation (malloc) failed to allocate 70416 bytes for Chunk::new
# Possible reasons:
#   The system is out of physical RAM or swap space
#   The process is running with CompressedOops enabled, and the Java Heap may be blocking the growth of the native heap
# Possible solutions:
#   Reduce memory load on the system
#   Increase physical memory or swap space
#   Check if swap backing store is full
#   Decrease Java heap size (-Xmx/-Xms)
#   Decrease number of Java threads
#   Decrease Java thread stack sizes (-Xss)
#   Set larger code cache with -XX:ReservedCodeCacheSize=
#   JVM is running with Unscaled Compressed Oops mode in which the Java heap is
#     placed in the first 4GB address space. The Java Heap base address is the
#     maximum limit for the native heap growth. Please use -XX:HeapBaseMinAddress
#     to set the Java Heap base and to place the Java Heap above 4GB virtual address.
# This output file may be truncated or incomplete.
#
#  Out of Memory Error (arena.cpp:184), pid=33272, tid=1588
#
# JRE version: Java(TM) SE Runtime Environment (19.0+36) (build 19+36-2238)
# Java VM: Java HotSpot(TM) 64-Bit Server VM (19+36-2238, mixed mode, sharing, tiered, compressed oops, compressed class ptrs, g1 gc, windows-amd64)
# No core dump will be written. Minidumps are not enabled by default on client versions of Windows
#

---------------  S U M M A R Y ------------

Command Line: -Dclassworlds.conf=C:\Users\User\Desktop\NETBEAN\NetBeans-15\netbeans\java\maven\bin\m2.conf -Dmaven.home=C:\Users\User\Desktop\NETBEAN\NetBeans-15\netbeans\java\maven -Dlibrary.jansi.path=C:\Users\User\Desktop\NETBEAN\NetBeans-15\netbeans\java\maven\lib\jansi-native -Dmaven.multiModuleProjectDirectory=C:\Users\User\Desktop\NETBEAN\WallStreetWarriors org.codehaus.plexus.classworlds.launcher.Launcher -Dmaven.ext.class.path=C:\Users\User\Desktop\NETBEAN\NetBeans-15\netbeans\java\maven-nblib\netbeans-eventspy.jar install

Host: Intel(R) Core(TM) i5-10300H CPU @ 2.50GHz, 8 cores, 7G,  Windows 11 , 64 bit Build 22000 (10.0.22000.1880)
Time: Mon Jun 12 20:45:21 2023 Malay Peninsula Standard Time elapsed time: 277.919428 seconds (0d 0h 4m 37s)

---------------  T H R E A D  ---------------

Current thread (0x0000024add2300f0):  JavaThread "C2 CompilerThread0" daemon [_thread_in_native, id=1588, stack(0x0000004fe0600000,0x0000004fe0700000)]


Current CompileTask:
C2: 277920 8647       4       java.lang.AbstractStringBuilder::appendChars (130 bytes)

Stack: [0x0000004fe0600000,0x0000004fe0700000]
Native frames: (J=compiled Java code, j=interpreted, Vv=VM code, C=native code)
V  [jvm.dll+0x6ee8fa]
V  [jvm.dll+0x857a1e]
V  [jvm.dll+0x85940e]
V  [jvm.dll+0x859ac3]
V  [jvm.dll+0x28291f]
V  [jvm.dll+0xc9b5f]
V  [jvm.dll+0xc9ee5]
V  [jvm.dll+0x2f7c6f]
V  [jvm.dll+0x5f0c5b]
V  [jvm.dll+0x2551fc]
V  [jvm.dll+0x24e097]
V  [jvm.dll+0x24b563]
V  [jvm.dll+0x1d6d61]
V  [jvm.dll+0x25b0fa]
V  [jvm.dll+0x259588]
V  [jvm.dll+0x807928]
V  [jvm.dll+0x8015fa]
V  [jvm.dll+0x6ed5eb]
C  [ucrtbase.dll+0x26c0c]
C  [KERNEL32.DLL+0x155a0]
C  [ntdll.dll+0x485b]


---------------  P R O C E S S  ---------------

Threads class SMR info:
_java_thread_list=0x0000024ae224ba50, length=23, elements={
0x0000024abeaee0c0, 0x0000024add227720, 0x0000024add228250, 0x0000024add22b4e0,
0x0000024add22de20, 0x0000024add22eb60, 0x0000024add22f490, 0x0000024add2300f0,
0x0000024add231e30, 0x0000024add232940, 0x0000024add28dd60, 0x0000024add28e550,
0x0000024ae1ff8bd0, 0x0000024ae1d44d80, 0x0000024ae34989e0, 0x0000024ae20864a0,
0x0000024ae2086f40, 0x0000024ae2085f50, 0x0000024ae2087490, 0x0000024ae20869f0,
0x0000024ae19f54f0, 0x0000024ae19f64e0, 0x0000024ae19f5f90
}

Java Threads: ( => current thread )
  0x0000024abeaee0c0 JavaThread "main" [_thread_in_native, id=33368, stack(0x0000004fdf700000,0x0000004fdf800000)]
  0x0000024add227720 JavaThread "Reference Handler" daemon [_thread_blocked, id=29116, stack(0x0000004fe0000000,0x0000004fe0100000)]
  0x0000024add228250 JavaThread "Finalizer" daemon [_thread_blocked, id=25896, stack(0x0000004fe0100000,0x0000004fe0200000)]
  0x0000024add22b4e0 JavaThread "Signal Dispatcher" daemon [_thread_blocked, id=11184, stack(0x0000004fe0200000,0x0000004fe0300000)]
  0x0000024add22de20 JavaThread "Attach Listener" daemon [_thread_blocked, id=33580, stack(0x0000004fe0300000,0x0000004fe0400000)]
  0x0000024add22eb60 JavaThread "Service Thread" daemon [_thread_blocked, id=26764, stack(0x0000004fe0400000,0x0000004fe0500000)]
  0x0000024add22f490 JavaThread "Monitor Deflation Thread" daemon [_thread_blocked, id=27592, stack(0x0000004fe0500000,0x0000004fe0600000)]
=>0x0000024add2300f0 JavaThread "C2 CompilerThread0" daemon [_thread_in_native, id=1588, stack(0x0000004fe0600000,0x0000004fe0700000)]
  0x0000024add231e30 JavaThread "C1 CompilerThread0" daemon [_thread_blocked, id=5940, stack(0x0000004fe0700000,0x0000004fe0800000)]
  0x0000024add232940 JavaThread "Sweeper thread" daemon [_thread_blocked, id=24896, stack(0x0000004fe0800000,0x0000004fe0900000)]
  0x0000024add28dd60 JavaThread "Notification Thread" daemon [_thread_blocked, id=11120, stack(0x0000004fe0900000,0x0000004fe0a00000)]
  0x0000024add28e550 JavaThread "Common-Cleaner" daemon [_thread_blocked, id=18364, stack(0x0000004fe0b00000,0x0000004fe0c00000)]
  0x0000024ae1ff8bd0 JavaThread "resolver-1" daemon [_thread_blocked, id=29404, stack(0x0000004fdff00000,0x0000004fe0000000)]
  0x0000024ae1d44d80 JavaThread "resolver-2" daemon [_thread_blocked, id=26824, stack(0x0000004fe0c00000,0x0000004fe0d00000)]
  0x0000024ae34989e0 JavaThread "resolver-3" daemon [_thread_blocked, id=19272, stack(0x0000004fe1400000,0x0000004fe1500000)]
  0x0000024ae20864a0 JavaThread "resolver-4" daemon [_thread_blocked, id=26776, stack(0x0000004fe1500000,0x0000004fe1600000)]
  0x0000024ae2086f40 JavaThread "resolver-5" daemon [_thread_blocked, id=19988, stack(0x0000004fe1600000,0x0000004fe1700000)]
  0x0000024ae2085f50 JavaThread "timeout-check-timer" daemon [_thread_blocked, id=2884, stack(0x0000004fe1700000,0x0000004fe1800000)]
  0x0000024ae2087490 JavaThread "ping-timer-10s" daemon [_thread_blocked, id=17360, stack(0x0000004fe1800000,0x0000004fe1900000)]
  0x0000024ae20869f0 JavaThread "ThreadedStreamConsumer" daemon [_thread_in_Java, id=1216, stack(0x0000004fe1900000,0x0000004fe1a00000)]
  0x0000024ae19f54f0 JavaThread "Thread-2" [_thread_blocked, id=6388, stack(0x0000004fe1a00000,0x0000004fe1b00000)]
  0x0000024ae19f64e0 JavaThread "Thread-3" [_thread_in_native, id=23600, stack(0x0000004fe1b00000,0x0000004fe1c00000)]
  0x0000024ae19f5f90 JavaThread "Thread-4" [_thread_in_native, id=21284, stack(0x0000004fe1c00000,0x0000004fe1d00000)]

Other Threads:
  0x0000024add209840 VMThread "VM Thread" [stack: 0x0000004fdfe00000,0x0000004fdff00000] [id=22972]
  0x0000024add28e2a0 WatcherThread "VM Periodic Task Thread" [stack: 0x0000004fe0a00000,0x0000004fe0b00000] [id=25320]
  0x0000024abeb4e060 WorkerThread "GC Thread#0" [stack: 0x0000004fdf900000,0x0000004fdfa00000] [id=33724]
  0x0000024ae19497a0 WorkerThread "GC Thread#1" [stack: 0x0000004fe0d00000,0x0000004fe0e00000] [id=33664]
  0x0000024ae17b87b0 WorkerThread "GC Thread#2" [stack: 0x0000004fe0e00000,0x0000004fe0f00000] [id=33668]
  0x0000024ae17b76d0 WorkerThread "GC Thread#3" [stack: 0x0000004fe0f00000,0x0000004fe1000000] [id=20100]
  0x0000024ae17b79a0 WorkerThread "GC Thread#4" [stack: 0x0000004fe1000000,0x0000004fe1100000] [id=23560]
  0x0000024ae17b7c70 WorkerThread "GC Thread#5" [stack: 0x0000004fe1100000,0x0000004fe1200000] [id=24628]
  0x0000024ae17b7f40 WorkerThread "GC Thread#6" [stack: 0x0000004fe1200000,0x0000004fe1300000] [id=18876]
  0x0000024ae17b84e0 WorkerThread "GC Thread#7" [stack: 0x0000004fe1300000,0x0000004fe1400000] [id=17240]
  0x0000024abeb5eac0 ConcurrentGCThread "G1 Main Marker" [stack: 0x0000004fdfa00000,0x0000004fdfb00000] [id=33728]
  0x0000024abeb5f4f0 WorkerThread "G1 Conc#0" [stack: 0x0000004fdfb00000,0x0000004fdfc00000] [id=33732]
  0x0000024ae2ebc910 WorkerThread "G1 Conc#1" [stack: 0x0000004fdf600000,0x0000004fdf700000] [id=17068]
  0x0000024abebbdf00 ConcurrentGCThread "G1 Refine#0" [stack: 0x0000004fdfc00000,0x0000004fdfd00000] [id=33744]
  0x0000024abebbea40 ConcurrentGCThread "G1 Service" [stack: 0x0000004fdfd00000,0x0000004fdfe00000] [id=33748]

Threads with active compile tasks:
C2 CompilerThread0   278805 8647       4       java.lang.AbstractStringBuilder::appendChars (130 bytes)

VM state: not at safepoint (normal execution)

VM Mutex/Monitor currently owned by a thread: None

Heap address: 0x0000000082800000, size: 2008 MB, Compressed Oops mode: 32-bit

CDS archive(s) mapped at: [0x0000000800000000-0x0000000800c40000-0x0000000800c40000), size 12845056, SharedBaseAddress: 0x0000000800000000, ArchiveRelocationMode: 0.
Compressed class space mapped at: 0x0000000801000000-0x0000000841000000, reserved size: 1073741824
Narrow klass base: 0x0000000800000000, Narrow klass shift: 0, Narrow klass range: 0x100000000

GC Precious Log:
 CardTable entry size: 512
 Card Set container configuration: InlinePtr #cards 5 size 8 Array Of Cards #cards 12 size 40 Howl #buckets 4 coarsen threshold 1843 Howl Bitmap #cards 512 size 80 coarsen threshold 460 Card regions per heap region 1 cards per card region 2048
 CPUs: 8 total, 8 available
 Memory: 8029M
 Large Page Support: Disabled
 NUMA Support: Disabled
 Compressed Oops: Enabled (32-bit)
 Heap Region Size: 1M
 Heap Min Capacity: 8M
 Heap Initial Capacity: 126M
 Heap Max Capacity: 2008M
 Pre-touch: Disabled
 Parallel Workers: 8
 Concurrent Workers: 2
 Concurrent Refinement Workers: 8
 Periodic GC: Disabled

Heap:
 garbage-first heap   total 161792K, used 67920K [0x0000000082800000, 0x0000000100000000)
  region size 1024K, 12 young (12288K), 3 survivors (3072K)
 Metaspace       used 33133K, committed 33728K, reserved 1114112K
  class space    used 3486K, committed 3776K, reserved 1048576K

Heap Regions: E=young(eden), S=young(survivor), O=old, HS=humongous(starts), HC=humongous(continues), CS=collection set, F=free, OA=open archive, CA=closed archive, TAMS=top-at-mark-start (previous, next)
|   0|0x0000000082800000, 0x0000000082900000, 0x0000000082900000|100%| O|  |TAMS 0x0000000082900000, 0x0000000082800000| Untracked 
|   1|0x0000000082900000, 0x0000000082a00000, 0x0000000082a00000|100%| O|  |TAMS 0x0000000082a00000, 0x0000000082900000| Untracked 
|   2|0x0000000082a00000, 0x0000000082b00000, 0x0000000082b00000|100%| O|  |TAMS 0x0000000082b00000, 0x0000000082a00000| Untracked 
|   3|0x0000000082b00000, 0x0000000082c00000, 0x0000000082c00000|100%| O|  |TAMS 0x0000000082b70200, 0x0000000082b00000| Untracked 
|   4|0x0000000082c00000, 0x0000000082d00000, 0x0000000082d00000|100%| O|  |TAMS 0x0000000082c00000, 0x0000000082c00000| Untracked 
|   5|0x0000000082d00000, 0x0000000082e00000, 0x0000000082e00000|100%|HS|  |TAMS 0x0000000082d00000, 0x0000000082d00000| Complete 
|   6|0x0000000082e00000, 0x0000000082f00000, 0x0000000082f00000|100%| O|  |TAMS 0x0000000082e00000, 0x0000000082e00000| Untracked 
|   7|0x0000000082f00000, 0x0000000083000000, 0x0000000083000000|100%| O|  |TAMS 0x0000000082f00000, 0x0000000082f00000| Untracked 
|   8|0x0000000083000000, 0x0000000083100000, 0x0000000083100000|100%| O|  |TAMS 0x0000000083000000, 0x0000000083000000| Untracked 
|   9|0x0000000083100000, 0x0000000083200000, 0x0000000083200000|100%| O|  |TAMS 0x0000000083100000, 0x0000000083100000| Untracked 
|  10|0x0000000083200000, 0x0000000083300000, 0x0000000083300000|100%| O|  |TAMS 0x0000000083200000, 0x0000000083200000| Untracked 
|  11|0x0000000083300000, 0x0000000083400000, 0x0000000083400000|100%| O|  |TAMS 0x0000000083300000, 0x0000000083300000| Untracked 
|  12|0x0000000083400000, 0x0000000083500000, 0x0000000083500000|100%| O|  |TAMS 0x0000000083400000, 0x0000000083400000| Untracked 
|  13|0x0000000083500000, 0x0000000083600000, 0x0000000083600000|100%| O|  |TAMS 0x0000000083500000, 0x0000000083500000| Untracked 
|  14|0x0000000083600000, 0x0000000083700000, 0x0000000083700000|100%| O|  |TAMS 0x0000000083600000, 0x0000000083600000| Untracked 
|  15|0x0000000083700000, 0x0000000083800000, 0x0000000083800000|100%| O|  |TAMS 0x0000000083700000, 0x0000000083700000| Untracked 
|  16|0x0000000083800000, 0x0000000083900000, 0x0000000083900000|100%| O|  |TAMS 0x0000000083800000, 0x0000000083800000| Untracked 
|  17|0x0000000083900000, 0x0000000083a00000, 0x0000000083a00000|100%| O|  |TAMS 0x0000000083900000, 0x0000000083900000| Untracked 
|  18|0x0000000083a00000, 0x0000000083b00000, 0x0000000083b00000|100%| O|  |TAMS 0x0000000083a00000, 0x0000000083a00000| Untracked 
|  19|0x0000000083b00000, 0x0000000083c00000, 0x0000000083c00000|100%| O|  |TAMS 0x0000000083b00000, 0x0000000083b00000| Untracked 
|  20|0x0000000083c00000, 0x0000000083d00000, 0x0000000083d00000|100%|HS|  |TAMS 0x0000000083c00000, 0x0000000083c00000| Complete 
|  21|0x0000000083d00000, 0x0000000083e00000, 0x0000000083e00000|100%|HC|  |TAMS 0x0000000083d00000, 0x0000000083d00000| Complete 
|  22|0x0000000083e00000, 0x0000000083f00000, 0x0000000083f00000|100%| O|  |TAMS 0x0000000083e00000, 0x0000000083e00000| Untracked 
|  23|0x0000000083f00000, 0x0000000083f00000, 0x0000000084000000|  0%| F|  |TAMS 0x0000000083f00000, 0x0000000083f00000| Untracked 
|  24|0x0000000084000000, 0x0000000084100000, 0x0000000084100000|100%|HS|  |TAMS 0x0000000084000000, 0x0000000084000000| Complete 
|  25|0x0000000084100000, 0x0000000084200000, 0x0000000084200000|100%| O|  |TAMS 0x0000000084100000, 0x0000000084100000| Untracked 
|  26|0x0000000084200000, 0x0000000084300000, 0x0000000084300000|100%| O|  |TAMS 0x0000000084200000, 0x0000000084200000| Untracked 
|  27|0x0000000084300000, 0x0000000084400000, 0x0000000084400000|100%| O|  |TAMS 0x0000000084300000, 0x0000000084300000| Untracked 
|  28|0x0000000084400000, 0x0000000084500000, 0x0000000084500000|100%| O|  |TAMS 0x0000000084400000, 0x0000000084400000| Untracked 
|  29|0x0000000084500000, 0x0000000084600000, 0x0000000084600000|100%| O|  |TAMS 0x0000000084500000, 0x0000000084500000| Untracked 
|  30|0x0000000084600000, 0x0000000084700000, 0x0000000084700000|100%| O|  |TAMS 0x0000000084600000, 0x0000000084600000| Untracked 
|  31|0x0000000084700000, 0x0000000084800000, 0x0000000084800000|100%| O|  |TAMS 0x0000000084700000, 0x0000000084700000| Untracked 
|  32|0x0000000084800000, 0x0000000084900000, 0x0000000084900000|100%| O|  |TAMS 0x0000000084800000, 0x0000000084800000| Untracked 
|  33|0x0000000084900000, 0x0000000084a00000, 0x0000000084a00000|100%| O|  |TAMS 0x0000000084900000, 0x0000000084900000| Untracked 
|  34|0x0000000084a00000, 0x0000000084b00000, 0x0000000084b00000|100%| O|  |TAMS 0x0000000084a00000, 0x0000000084a00000| Untracked 
|  35|0x0000000084b00000, 0x0000000084c00000, 0x0000000084c00000|100%| O|  |TAMS 0x0000000084b00000, 0x0000000084b00000| Untracked 
|  36|0x0000000084c00000, 0x0000000084d00000, 0x0000000084d00000|100%| O|  |TAMS 0x0000000084c00000, 0x0000000084c00000| Untracked 
|  37|0x0000000084d00000, 0x0000000084e00000, 0x0000000084e00000|100%| O|  |TAMS 0x0000000084d00000, 0x0000000084d00000| Untracked 
|  38|0x0000000084e00000, 0x0000000084f00000, 0x0000000084f00000|100%| O|  |TAMS 0x0000000084e00000, 0x0000000084e00000| Untracked 
|  39|0x0000000084f00000, 0x0000000085000000, 0x0000000085000000|100%| O|  |TAMS 0x0000000084f00000, 0x0000000084f00000| Untracked 
|  40|0x0000000085000000, 0x0000000085100000, 0x0000000085100000|100%| O|  |TAMS 0x0000000085000000, 0x0000000085000000| Untracked 
|  41|0x0000000085100000, 0x0000000085200000, 0x0000000085200000|100%| O|  |TAMS 0x0000000085100000, 0x0000000085100000| Untracked 
|  42|0x0000000085200000, 0x0000000085300000, 0x0000000085300000|100%| O|  |TAMS 0x0000000085200000, 0x0000000085200000| Untracked 
|  43|0x0000000085300000, 0x0000000085400000, 0x0000000085400000|100%| O|  |TAMS 0x0000000085300000, 0x0000000085300000| Untracked 
|  44|0x0000000085400000, 0x0000000085500000, 0x0000000085500000|100%| O|  |TAMS 0x0000000085400000, 0x0000000085400000| Untracked 
|  45|0x0000000085500000, 0x0000000085600000, 0x0000000085600000|100%| O|  |TAMS 0x0000000085500000, 0x0000000085500000| Untracked 
|  46|0x0000000085600000, 0x000000008567c400, 0x0000000085700000| 48%| O|  |TAMS 0x0000000085600000, 0x0000000085600000| Untracked 
|  47|0x0000000085700000, 0x0000000085700000, 0x0000000085800000|  0%| F|  |TAMS 0x0000000085700000, 0x0000000085700000| Untracked 
|  48|0x0000000085800000, 0x0000000085800000, 0x0000000085900000|  0%| F|  |TAMS 0x0000000085800000, 0x0000000085800000| Untracked 
|  49|0x0000000085900000, 0x0000000085900000, 0x0000000085a00000|  0%| F|  |TAMS 0x0000000085900000, 0x0000000085900000| Untracked 
|  50|0x0000000085a00000, 0x0000000085a00000, 0x0000000085b00000|  0%| F|  |TAMS 0x0000000085a00000, 0x0000000085a00000| Untracked 
|  51|0x0000000085b00000, 0x0000000085c00000, 0x0000000085c00000|100%| O|  |TAMS 0x0000000085b00000, 0x0000000085b00000| Untracked 
|  52|0x0000000085c00000, 0x0000000085d00000, 0x0000000085d00000|100%| O|  |TAMS 0x0000000085c00000, 0x0000000085c00000| Untracked 
|  53|0x0000000085d00000, 0x0000000085e00000, 0x0000000085e00000|100%| O|  |TAMS 0x0000000085d00000, 0x0000000085d00000| Untracked 
|  54|0x0000000085e00000, 0x0000000085f00000, 0x0000000085f00000|100%| O|  |TAMS 0x0000000085e00000, 0x0000000085e00000| Untracked 
|  55|0x0000000085f00000, 0x0000000085f00000, 0x0000000086000000|  0%| F|  |TAMS 0x0000000085f00000, 0x0000000085f00000| Untracked 
|  56|0x0000000086000000, 0x0000000086000000, 0x0000000086100000|  0%| F|  |TAMS 0x0000000086000000, 0x0000000086000000| Untracked 
|  57|0x0000000086100000, 0x0000000086100000, 0x0000000086200000|  0%| F|  |TAMS 0x0000000086100000, 0x0000000086100000| Untracked 
|  58|0x0000000086200000, 0x0000000086200000, 0x0000000086300000|  0%| F|  |TAMS 0x0000000086200000, 0x0000000086200000| Untracked 
|  59|0x0000000086300000, 0x0000000086300000, 0x0000000086400000|  0%| F|  |TAMS 0x0000000086300000, 0x0000000086300000| Untracked 
|  60|0x0000000086400000, 0x0000000086400000, 0x0000000086500000|  0%| F|  |TAMS 0x0000000086400000, 0x0000000086400000| Untracked 
|  61|0x0000000086500000, 0x0000000086500000, 0x0000000086600000|  0%| F|  |TAMS 0x0000000086500000, 0x0000000086500000| Untracked 
|  62|0x0000000086600000, 0x0000000086600000, 0x0000000086700000|  0%| F|  |TAMS 0x0000000086600000, 0x0000000086600000| Untracked 
|  63|0x0000000086700000, 0x0000000086700000, 0x0000000086800000|  0%| F|  |TAMS 0x0000000086700000, 0x0000000086700000| Untracked 
|  64|0x0000000086800000, 0x0000000086800000, 0x0000000086900000|  0%| F|  |TAMS 0x0000000086800000, 0x0000000086800000| Untracked 
|  65|0x0000000086900000, 0x0000000086900000, 0x0000000086a00000|  0%| F|  |TAMS 0x0000000086900000, 0x0000000086900000| Untracked 
|  66|0x0000000086a00000, 0x0000000086a00000, 0x0000000086b00000|  0%| F|  |TAMS 0x0000000086a00000, 0x0000000086a00000| Untracked 
|  67|0x0000000086b00000, 0x0000000086b00000, 0x0000000086c00000|  0%| F|  |TAMS 0x0000000086b00000, 0x0000000086b00000| Untracked 
|  68|0x0000000086c00000, 0x0000000086c00000, 0x0000000086d00000|  0%| F|  |TAMS 0x0000000086c00000, 0x0000000086c00000| Untracked 
|  69|0x0000000086d00000, 0x0000000086d00000, 0x0000000086e00000|  0%| F|  |TAMS 0x0000000086d00000, 0x0000000086d00000| Untracked 
|  70|0x0000000086e00000, 0x0000000086e00000, 0x0000000086f00000|  0%| F|  |TAMS 0x0000000086e00000, 0x0000000086e00000| Untracked 
|  71|0x0000000086f00000, 0x0000000086f00000, 0x0000000087000000|  0%| F|  |TAMS 0x0000000086f00000, 0x0000000086f00000| Untracked 
|  72|0x0000000087000000, 0x0000000087000000, 0x0000000087100000|  0%| F|  |TAMS 0x0000000087000000, 0x0000000087000000| Untracked 
|  73|0x0000000087100000, 0x0000000087100000, 0x0000000087200000|  0%| F|  |TAMS 0x0000000087100000, 0x0000000087100000| Untracked 
|  74|0x0000000087200000, 0x0000000087200000, 0x0000000087300000|  0%| F|  |TAMS 0x0000000087200000, 0x0000000087200000| Untracked 
|  75|0x0000000087300000, 0x0000000087300000, 0x0000000087400000|  0%| F|  |TAMS 0x0000000087300000, 0x0000000087300000| Untracked 
|  76|0x0000000087400000, 0x0000000087400000, 0x0000000087500000|  0%| F|  |TAMS 0x0000000087400000, 0x0000000087400000| Untracked 
|  77|0x0000000087500000, 0x0000000087500000, 0x0000000087600000|  0%| F|  |TAMS 0x0000000087500000, 0x0000000087500000| Untracked 
|  78|0x0000000087600000, 0x0000000087600000, 0x0000000087700000|  0%| F|  |TAMS 0x0000000087600000, 0x0000000087600000| Untracked 
|  79|0x0000000087700000, 0x0000000087700000, 0x0000000087800000|  0%| F|  |TAMS 0x0000000087700000, 0x0000000087700000| Untracked 
|  80|0x0000000087800000, 0x0000000087800000, 0x0000000087900000|  0%| F|  |TAMS 0x0000000087800000, 0x0000000087800000| Untracked 
|  81|0x0000000087900000, 0x0000000087900000, 0x0000000087a00000|  0%| F|  |TAMS 0x0000000087900000, 0x0000000087900000| Untracked 
|  82|0x0000000087a00000, 0x0000000087a00000, 0x0000000087b00000|  0%| F|  |TAMS 0x0000000087a00000, 0x0000000087a00000| Untracked 
|  83|0x0000000087b00000, 0x0000000087b00000, 0x0000000087c00000|  0%| F|  |TAMS 0x0000000087b00000, 0x0000000087b00000| Untracked 
|  84|0x0000000087c00000, 0x0000000087c00000, 0x0000000087d00000|  0%| F|  |TAMS 0x0000000087c00000, 0x0000000087c00000| Untracked 
|  85|0x0000000087d00000, 0x0000000087d00000, 0x0000000087e00000|  0%| F|  |TAMS 0x0000000087d00000, 0x0000000087d00000| Untracked 
|  86|0x0000000087e00000, 0x0000000087e00000, 0x0000000087f00000|  0%| F|  |TAMS 0x0000000087e00000, 0x0000000087e00000| Untracked 
|  87|0x0000000087f00000, 0x0000000087f00000, 0x0000000088000000|  0%| F|  |TAMS 0x0000000087f00000, 0x0000000087f00000| Untracked 
|  88|0x0000000088000000, 0x0000000088000000, 0x0000000088100000|  0%| F|  |TAMS 0x0000000088000000, 0x0000000088000000| Untracked 
|  89|0x0000000088100000, 0x0000000088100000, 0x0000000088200000|  0%| F|  |TAMS 0x0000000088100000, 0x0000000088100000| Untracked 
|  90|0x0000000088200000, 0x0000000088200000, 0x0000000088300000|  0%| F|  |TAMS 0x0000000088200000, 0x0000000088200000| Untracked 
|  91|0x0000000088300000, 0x0000000088300000, 0x0000000088400000|  0%| F|  |TAMS 0x0000000088300000, 0x0000000088300000| Untracked 
|  92|0x0000000088400000, 0x0000000088400000, 0x0000000088500000|  0%| F|  |TAMS 0x0000000088400000, 0x0000000088400000| Untracked 
|  93|0x0000000088500000, 0x0000000088500000, 0x0000000088600000|  0%| F|  |TAMS 0x0000000088500000, 0x0000000088500000| Untracked 
|  94|0x0000000088600000, 0x0000000088600000, 0x0000000088700000|  0%| F|  |TAMS 0x0000000088600000, 0x0000000088600000| Untracked 
|  95|0x0000000088700000, 0x0000000088700000, 0x0000000088800000|  0%| F|  |TAMS 0x0000000088700000, 0x0000000088700000| Untracked 
|  96|0x0000000088800000, 0x00000000888d7cc0, 0x0000000088900000| 84%| S|CS|TAMS 0x0000000088800000, 0x0000000088800000| Complete 
|  97|0x0000000088900000, 0x0000000088a00000, 0x0000000088a00000|100%| S|CS|TAMS 0x0000000088900000, 0x0000000088900000| Complete 
|  98|0x0000000088a00000, 0x0000000088b00000, 0x0000000088b00000|100%| S|CS|TAMS 0x0000000088a00000, 0x0000000088a00000| Complete 
|  99|0x0000000088b00000, 0x0000000088b00000, 0x0000000088c00000|  0%| F|  |TAMS 0x0000000088b00000, 0x0000000088b00000| Untracked 
| 100|0x0000000088c00000, 0x0000000088c00000, 0x0000000088d00000|  0%| F|  |TAMS 0x0000000088c00000, 0x0000000088c00000| Untracked 
| 101|0x0000000088d00000, 0x0000000088d00000, 0x0000000088e00000|  0%| F|  |TAMS 0x0000000088d00000, 0x0000000088d00000| Untracked 
| 102|0x0000000088e00000, 0x0000000088e00000, 0x0000000088f00000|  0%| F|  |TAMS 0x0000000088e00000, 0x0000000088e00000| Untracked 
| 103|0x0000000088f00000, 0x0000000088f00000, 0x0000000089000000|  0%| F|  |TAMS 0x0000000088f00000, 0x0000000088f00000| Untracked 
| 104|0x0000000089000000, 0x0000000089000000, 0x0000000089100000|  0%| F|  |TAMS 0x0000000089000000, 0x0000000089000000| Untracked 
| 105|0x0000000089100000, 0x0000000089100000, 0x0000000089200000|  0%| F|  |TAMS 0x0000000089100000, 0x0000000089100000| Untracked 
| 106|0x0000000089200000, 0x0000000089200000, 0x0000000089300000|  0%| F|  |TAMS 0x0000000089200000, 0x0000000089200000| Untracked 
| 107|0x0000000089300000, 0x0000000089300000, 0x0000000089400000|  0%| F|  |TAMS 0x0000000089300000, 0x0000000089300000| Untracked 
| 108|0x0000000089400000, 0x0000000089400000, 0x0000000089500000|  0%| F|  |TAMS 0x0000000089400000, 0x0000000089400000| Untracked 
| 109|0x0000000089500000, 0x0000000089500000, 0x0000000089600000|  0%| F|  |TAMS 0x0000000089500000, 0x0000000089500000| Untracked 
| 110|0x0000000089600000, 0x0000000089600000, 0x0000000089700000|  0%| F|  |TAMS 0x0000000089600000, 0x0000000089600000| Untracked 
| 111|0x0000000089700000, 0x0000000089700000, 0x0000000089800000|  0%| F|  |TAMS 0x0000000089700000, 0x0000000089700000| Untracked 
| 112|0x0000000089800000, 0x0000000089800000, 0x0000000089900000|  0%| F|  |TAMS 0x0000000089800000, 0x0000000089800000| Untracked 
| 113|0x0000000089900000, 0x0000000089900000, 0x0000000089a00000|  0%| F|  |TAMS 0x0000000089900000, 0x0000000089900000| Untracked 
| 114|0x0000000089a00000, 0x0000000089a00000, 0x0000000089b00000|  0%| F|  |TAMS 0x0000000089a00000, 0x0000000089a00000| Untracked 
| 115|0x0000000089b00000, 0x0000000089b00000, 0x0000000089c00000|  0%| F|  |TAMS 0x0000000089b00000, 0x0000000089b00000| Untracked 
| 116|0x0000000089c00000, 0x0000000089c00000, 0x0000000089d00000|  0%| F|  |TAMS 0x0000000089c00000, 0x0000000089c00000| Untracked 
| 117|0x0000000089d00000, 0x0000000089d00000, 0x0000000089e00000|  0%| F|  |TAMS 0x0000000089d00000, 0x0000000089d00000| Untracked 
| 118|0x0000000089e00000, 0x0000000089e00000, 0x0000000089f00000|  0%| F|  |TAMS 0x0000000089e00000, 0x0000000089e00000| Untracked 
| 119|0x0000000089f00000, 0x0000000089f00000, 0x000000008a000000|  0%| F|  |TAMS 0x0000000089f00000, 0x0000000089f00000| Untracked 
| 120|0x000000008a000000, 0x000000008a000000, 0x000000008a100000|  0%| F|  |TAMS 0x000000008a000000, 0x000000008a000000| Untracked 
| 121|0x000000008a100000, 0x000000008a100000, 0x000000008a200000|  0%| F|  |TAMS 0x000000008a100000, 0x000000008a100000| Untracked 
| 122|0x000000008a200000, 0x000000008a200000, 0x000000008a300000|  0%| F|  |TAMS 0x000000008a200000, 0x000000008a200000| Untracked 
| 123|0x000000008a300000, 0x000000008a300000, 0x000000008a400000|  0%| F|  |TAMS 0x000000008a300000, 0x000000008a300000| Untracked 
| 124|0x000000008a400000, 0x000000008a400000, 0x000000008a500000|  0%| F|  |TAMS 0x000000008a400000, 0x000000008a400000| Untracked 
| 125|0x000000008a500000, 0x000000008a500000, 0x000000008a600000|  0%| F|  |TAMS 0x000000008a500000, 0x000000008a500000| Untracked 
| 126|0x000000008a600000, 0x000000008a600000, 0x000000008a700000|  0%| F|  |TAMS 0x000000008a600000, 0x000000008a600000| Untracked 
| 127|0x000000008a700000, 0x000000008a700000, 0x000000008a800000|  0%| F|  |TAMS 0x000000008a700000, 0x000000008a700000| Untracked 
| 128|0x000000008a800000, 0x000000008a800000, 0x000000008a900000|  0%| F|  |TAMS 0x000000008a800000, 0x000000008a800000| Untracked 
| 129|0x000000008a900000, 0x000000008a900000, 0x000000008aa00000|  0%| F|  |TAMS 0x000000008a900000, 0x000000008a900000| Untracked 
| 130|0x000000008aa00000, 0x000000008aa00000, 0x000000008ab00000|  0%| F|  |TAMS 0x000000008aa00000, 0x000000008aa00000| Untracked 
| 131|0x000000008ab00000, 0x000000008ab00000, 0x000000008ac00000|  0%| F|  |TAMS 0x000000008ab00000, 0x000000008ab00000| Untracked 
| 132|0x000000008ac00000, 0x000000008ac00000, 0x000000008ad00000|  0%| F|  |TAMS 0x000000008ac00000, 0x000000008ac00000| Untracked 
| 133|0x000000008ad00000, 0x000000008ad00000, 0x000000008ae00000|  0%| F|  |TAMS 0x000000008ad00000, 0x000000008ad00000| Untracked 
| 134|0x000000008ae00000, 0x000000008ae00000, 0x000000008af00000|  0%| F|  |TAMS 0x000000008ae00000, 0x000000008ae00000| Untracked 
| 135|0x000000008af00000, 0x000000008af00000, 0x000000008b000000|  0%| F|  |TAMS 0x000000008af00000, 0x000000008af00000| Untracked 
| 136|0x000000008b000000, 0x000000008b000000, 0x000000008b100000|  0%| F|  |TAMS 0x000000008b000000, 0x000000008b000000| Untracked 
| 137|0x000000008b100000, 0x000000008b100000, 0x000000008b200000|  0%| F|  |TAMS 0x000000008b100000, 0x000000008b100000| Untracked 
| 138|0x000000008b200000, 0x000000008b200000, 0x000000008b300000|  0%| F|  |TAMS 0x000000008b200000, 0x000000008b200000| Untracked 
| 139|0x000000008b300000, 0x000000008b300000, 0x000000008b400000|  0%| F|  |TAMS 0x000000008b300000, 0x000000008b300000| Untracked 
| 140|0x000000008b400000, 0x000000008b400000, 0x000000008b500000|  0%| F|  |TAMS 0x000000008b400000, 0x000000008b400000| Untracked 
| 141|0x000000008b500000, 0x000000008b500000, 0x000000008b600000|  0%| F|  |TAMS 0x000000008b500000, 0x000000008b500000| Untracked 
| 142|0x000000008b600000, 0x000000008b600000, 0x000000008b700000|  0%| F|  |TAMS 0x000000008b600000, 0x000000008b600000| Untracked 
| 143|0x000000008b700000, 0x000000008b800000, 0x000000008b800000|100%| E|  |TAMS 0x000000008b700000, 0x000000008b700000| Complete 
| 144|0x000000008b800000, 0x000000008b900000, 0x000000008b900000|100%| E|CS|TAMS 0x000000008b800000, 0x000000008b800000| Complete 
| 145|0x000000008b900000, 0x000000008ba00000, 0x000000008ba00000|100%| E|CS|TAMS 0x000000008b900000, 0x000000008b900000| Complete 
| 146|0x000000008ba00000, 0x000000008bb00000, 0x000000008bb00000|100%| E|CS|TAMS 0x000000008ba00000, 0x000000008ba00000| Complete 
| 147|0x000000008bb00000, 0x000000008bc00000, 0x000000008bc00000|100%| E|CS|TAMS 0x000000008bb00000, 0x000000008bb00000| Complete 
| 148|0x000000008bc00000, 0x000000008bd00000, 0x000000008bd00000|100%| E|CS|TAMS 0x000000008bc00000, 0x000000008bc00000| Complete 
| 149|0x000000008bd00000, 0x000000008be00000, 0x000000008be00000|100%| E|CS|TAMS 0x000000008bd00000, 0x000000008bd00000| Complete 
| 150|0x000000008be00000, 0x000000008bf00000, 0x000000008bf00000|100%| E|CS|TAMS 0x000000008be00000, 0x000000008be00000| Complete 
| 151|0x000000008bf00000, 0x000000008c000000, 0x000000008c000000|100%| E|CS|TAMS 0x000000008bf00000, 0x000000008bf00000| Complete 
|2002|0x00000000ffa00000, 0x00000000ffb00000, 0x00000000ffb00000|100%| O|  |TAMS 0x00000000ffa00000, 0x00000000ffa00000| Untracked 
|2003|0x00000000ffb00000, 0x00000000ffc00000, 0x00000000ffc00000|100%| O|  |TAMS 0x00000000ffb00000, 0x00000000ffb00000| Untracked 
|2004|0x00000000ffc00000, 0x00000000ffd00000, 0x00000000ffd00000|100%| O|  |TAMS 0x00000000ffc00000, 0x00000000ffc00000| Untracked 
|2005|0x00000000ffd00000, 0x00000000ffe00000, 0x00000000ffe00000|100%| O|  |TAMS 0x00000000ffd00000, 0x00000000ffd00000| Untracked 
|2006|0x00000000ffe00000, 0x00000000fff00000, 0x00000000fff00000|100%| O|  |TAMS 0x00000000ffe00000, 0x00000000ffe00000| Untracked 
|2007|0x00000000fff00000, 0x0000000100000000, 0x0000000100000000|100%| O|  |TAMS 0x00000000fff00000, 0x00000000fff00000| Untracked 

Card table byte_map: [0x0000024ad6170000,0x0000024ad6560000] _byte_map_base: 0x0000024ad5d5c000

Marking Bits (Prev, Next): (CMBitMap*) 0x0000024abeb4e6d0, (CMBitMap*) 0x0000024abeb4e690
 Prev Bits: [0x0000024ad88b0000, 0x0000024ada810000)
 Next Bits: [0x0000024ad6950000, 0x0000024ad88b0000)

Polling page: 0x0000024abe2c0000

Metaspace:

Usage:
  Non-class:     28.95 MB used.
      Class:      3.41 MB used.
       Both:     32.36 MB used.

Virtual space:
  Non-class space:       64.00 MB reserved,      29.25 MB ( 46%) committed,  1 nodes.
      Class space:        1.00 GB reserved,       3.69 MB ( <1%) committed,  1 nodes.
             Both:        1.06 GB reserved,      32.94 MB (  3%) committed. 

Chunk freelists:
   Non-Class:  2.17 MB
       Class:  368.00 KB
        Both:  2.53 MB

MaxMetaspaceSize: unlimited
CompressedClassSpaceSize: 1.00 GB
Initial GC threshold: 21.00 MB
Current GC threshold: 35.44 MB
CDS: on
MetaspaceReclaimPolicy: balanced
 - commit_granule_bytes: 65536.
 - commit_granule_words: 8192.
 - virtual_space_node_default_size: 8388608.
 - enlarge_chunks_in_place: 1.
 - new_chunks_are_fully_committed: 0.
 - uncommit_free_chunks: 1.
 - use_allocation_guard: 0.


Internal statistics:

num_allocs_failed_limit: 3.
num_arena_births: 616.
num_arena_deaths: 0.
num_vsnodes_births: 2.
num_vsnodes_deaths: 0.
num_space_committed: 527.
num_space_uncommitted: 0.
num_chunks_returned_to_freelist: 3.
num_chunks_taken_from_freelist: 1837.
num_chunk_merges: 3.
num_chunk_splits: 1285.
num_chunks_enlarged: 955.
num_inconsistent_stats: 0.

CodeHeap 'non-profiled nmethods': size=120000Kb used=3610Kb max_used=3610Kb free=116389Kb
 bounds [0x0000024ace520000, 0x0000024ace8b0000, 0x0000024ad5a50000]
CodeHeap 'profiled nmethods': size=120000Kb used=16160Kb max_used=16160Kb free=103839Kb
 bounds [0x0000024ac6a50000, 0x0000024ac7a20000, 0x0000024acdf80000]
CodeHeap 'non-nmethods': size=5760Kb used=1339Kb max_used=1399Kb free=4421Kb
 bounds [0x0000024acdf80000, 0x0000024ace1f0000, 0x0000024ace520000]
 total_blobs=8223 nmethods=7652 adapters=481
 compilation: enabled
              stopped_count=0, restarted_count=0
 full_count=0

Compilation events (20 events):
Event: 261.942 Thread 0x0000024add231e30 8636       3       java.util.concurrent.Executors$RunnableAdapter::call (14 bytes)
Event: 261.964 Thread 0x0000024add231e30 nmethod 8636 0x0000024ac7a13210 code [0x0000024ac7a133c0, 0x0000024ac7a135a8]
Event: 261.964 Thread 0x0000024add231e30 8637       3       java.util.concurrent.ConcurrentLinkedQueue::iterator (9 bytes)
Event: 261.965 Thread 0x0000024add231e30 nmethod 8637 0x0000024ac7a13690 code [0x0000024ac7a13840, 0x0000024ac7a139e8]
Event: 262.001 Thread 0x0000024add2300f0 nmethod 8639 0x0000024ace8a6510 code [0x0000024ace8a6680, 0x0000024ace8a6718]
Event: 272.223 Thread 0x0000024add231e30 8640       3       java.util.concurrent.ThreadPoolExecutor::afterExecute (1 bytes)
Event: 272.309 Thread 0x0000024add231e30 nmethod 8640 0x0000024ac7a13a90 code [0x0000024ac7a13c20, 0x0000024ac7a13d38]
Event: 272.348 Thread 0x0000024add231e30 8641       3       java.util.concurrent.locks.AbstractQueuedSynchronizer$Node::setStatusRelaxed (12 bytes)
Event: 272.350 Thread 0x0000024add231e30 nmethod 8641 0x0000024ac7a13e10 code [0x0000024ac7a13fa0, 0x0000024ac7a140b8]
Event: 272.957 Thread 0x0000024add231e30 8642       1       org.apache.maven.surefire.shade.org.apache.maven.shared.utils.cli.AbstractStreamHandler::isDisabled (5 bytes)
Event: 272.957 Thread 0x0000024add231e30 nmethod 8642 0x0000024ace8a6810 code [0x0000024ace8a69a0, 0x0000024ace8a6a78]
Event: 273.155 Thread 0x0000024add231e30 8643       3       java.util.concurrent.ScheduledThreadPoolExecutor$ScheduledFutureTask::setNextRunTime (38 bytes)
Event: 273.203 Thread 0x0000024add231e30 nmethod 8643 0x0000024ac7a14190 code [0x0000024ac7a14340, 0x0000024ac7a14568]
Event: 273.203 Thread 0x0000024add231e30 8644       3       java.util.concurrent.ScheduledThreadPoolExecutor::reExecutePeriodic (49 bytes)
Event: 273.261 Thread 0x0000024add231e30 nmethod 8644 0x0000024ac7a14690 code [0x0000024ac7a148c0, 0x0000024ac7a14f48]
Event: 273.724 Thread 0x0000024add231e30 8645       3       org.apache.maven.plugin.surefire.booterclient.ForkStarter$8::run (54 bytes)
Event: 273.757 Thread 0x0000024add231e30 nmethod 8645 0x0000024ac7a15190 code [0x0000024ac7a15380, 0x0000024ac7a15938]
Event: 274.874 Thread 0x0000024add231e30 8646       3       java.util.concurrent.locks.AbstractQueuedSynchronizer$ConditionObject::awaitNanos (200 bytes)
Event: 274.884 Thread 0x0000024add231e30 nmethod 8646 0x0000024ac7a15b90 code [0x0000024ac7a15e60, 0x0000024ac7a16e58]
Event: 276.118 Thread 0x0000024add2300f0 8647       4       java.lang.AbstractStringBuilder::appendChars (130 bytes)

GC Heap History (20 events):
Event: 212.878 GC heap before
{Heap before GC invocations=2 (full 0):
 garbage-first heap   total 129024K, used 79633K [0x0000000082800000, 0x0000000100000000)
  region size 1024K, 75 young (76800K), 3 survivors (3072K)
 Metaspace       used 13631K, committed 13888K, reserved 1114112K
  class space    used 1465K, committed 1600K, reserved 1048576K
}
Event: 213.043 GC heap after
{Heap after GC invocations=3 (full 0):
 garbage-first heap   total 129024K, used 13498K [0x0000000082800000, 0x0000000100000000)
  region size 1024K, 10 young (10240K), 10 survivors (10240K)
 Metaspace       used 13631K, committed 13888K, reserved 1114112K
  class space    used 1465K, committed 1600K, reserved 1048576K
}
Event: 217.520 GC heap before
{Heap before GC invocations=3 (full 0):
 garbage-first heap   total 129024K, used 91322K [0x0000000082800000, 0x0000000100000000)
  region size 1024K, 54 young (55296K), 10 survivors (10240K)
 Metaspace       used 21248K, committed 21504K, reserved 1114112K
  class space    used 2308K, committed 2432K, reserved 1048576K
}
Event: 217.538 GC heap after
{Heap after GC invocations=4 (full 0):
 garbage-first heap   total 129024K, used 16530K [0x0000000082800000, 0x0000000100000000)
  region size 1024K, 4 young (4096K), 4 survivors (4096K)
 Metaspace       used 21248K, committed 21504K, reserved 1114112K
  class space    used 2308K, committed 2432K, reserved 1048576K
}
Event: 218.226 GC heap before
{Heap before GC invocations=5 (full 0):
 garbage-first heap   total 61440K, used 51346K [0x0000000082800000, 0x0000000100000000)
  region size 1024K, 36 young (36864K), 4 survivors (4096K)
 Metaspace       used 23456K, committed 23808K, reserved 1114112K
  class space    used 2520K, committed 2688K, reserved 1048576K
}
Event: 218.244 GC heap after
{Heap after GC invocations=6 (full 0):
 garbage-first heap   total 67584K, used 29842K [0x0000000082800000, 0x0000000100000000)
  region size 1024K, 5 young (5120K), 5 survivors (5120K)
 Metaspace       used 23456K, committed 23808K, reserved 1114112K
  class space    used 2520K, committed 2688K, reserved 1048576K
}
Event: 218.264 GC heap before
{Heap before GC invocations=6 (full 0):
 garbage-first heap   total 67584K, used 30866K [0x0000000082800000, 0x0000000100000000)
  region size 1024K, 6 young (6144K), 5 survivors (5120K)
 Metaspace       used 23457K, committed 23808K, reserved 1114112K
  class space    used 2520K, committed 2688K, reserved 1048576K
}
Event: 218.269 GC heap after
{Heap after GC invocations=7 (full 0):
 garbage-first heap   total 67584K, used 30500K [0x0000000082800000, 0x0000000100000000)
  region size 1024K, 1 young (1024K), 1 survivors (1024K)
 Metaspace       used 23457K, committed 23808K, reserved 1114112K
  class space    used 2520K, committed 2688K, reserved 1048576K
}
Event: 218.676 GC heap before
{Heap before GC invocations=7 (full 0):
 garbage-first heap   total 67584K, used 49956K [0x0000000082800000, 0x0000000100000000)
  region size 1024K, 20 young (20480K), 1 survivors (1024K)
 Metaspace       used 24053K, committed 24448K, reserved 1114112K
  class space    used 2580K, committed 2752K, reserved 1048576K
}
Event: 218.683 GC heap after
{Heap after GC invocations=8 (full 0):
 garbage-first heap   total 134144K, used 33792K [0x0000000082800000, 0x0000000100000000)
  region size 1024K, 3 young (3072K), 3 survivors (3072K)
 Metaspace       used 24053K, committed 24448K, reserved 1114112K
  class space    used 2580K, committed 2752K, reserved 1048576K
}
Event: 219.492 GC heap before
{Heap before GC invocations=8 (full 0):
 garbage-first heap   total 134144K, used 89088K [0x0000000082800000, 0x0000000100000000)
  region size 1024K, 57 young (58368K), 3 survivors (3072K)
 Metaspace       used 26633K, committed 27008K, reserved 1114112K
  class space    used 2849K, committed 3008K, reserved 1048576K
}
Event: 219.501 GC heap after
{Heap after GC invocations=9 (full 0):
 garbage-first heap   total 134144K, used 38404K [0x0000000082800000, 0x0000000100000000)
  region size 1024K, 7 young (7168K), 7 survivors (7168K)
 Metaspace       used 26633K, committed 27008K, reserved 1114112K
  class space    used 2849K, committed 3008K, reserved 1048576K
}
Event: 219.828 GC heap before
{Heap before GC invocations=9 (full 0):
 garbage-first heap   total 134144K, used 92676K [0x0000000082800000, 0x0000000100000000)
  region size 1024K, 60 young (61440K), 7 survivors (7168K)
 Metaspace       used 27076K, committed 27520K, reserved 1114112K
  class space    used 2868K, committed 3072K, reserved 1048576K
}
Event: 219.838 GC heap after
{Heap after GC invocations=10 (full 0):
 garbage-first heap   total 134144K, used 39301K [0x0000000082800000, 0x0000000100000000)
  region size 1024K, 5 young (5120K), 5 survivors (5120K)
 Metaspace       used 27076K, committed 27520K, reserved 1114112K
  class space    used 2868K, committed 3072K, reserved 1048576K
}
Event: 220.762 GC heap before
{Heap before GC invocations=10 (full 0):
 garbage-first heap   total 134144K, used 101765K [0x0000000082800000, 0x0000000100000000)
  region size 1024K, 61 young (62464K), 5 survivors (5120K)
 Metaspace       used 29271K, committed 29760K, reserved 1114112K
  class space    used 3119K, committed 3392K, reserved 1048576K
}
Event: 220.775 GC heap after
{Heap after GC invocations=11 (full 0):
 garbage-first heap   total 134144K, used 51057K [0x0000000082800000, 0x0000000100000000)
  region size 1024K, 8 young (8192K), 8 survivors (8192K)
 Metaspace       used 29271K, committed 29760K, reserved 1114112K
  class space    used 3119K, committed 3392K, reserved 1048576K
}
Event: 221.768 GC heap before
{Heap before GC invocations=11 (full 0):
 garbage-first heap   total 134144K, used 96113K [0x0000000082800000, 0x0000000100000000)
  region size 1024K, 53 young (54272K), 8 survivors (8192K)
 Metaspace       used 30121K, committed 30656K, reserved 1114112K
  class space    used 3213K, committed 3456K, reserved 1048576K
}
Event: 221.782 GC heap after
{Heap after GC invocations=12 (full 0):
 garbage-first heap   total 161792K, used 60719K [0x0000000082800000, 0x0000000100000000)
  region size 1024K, 7 young (7168K), 7 survivors (7168K)
 Metaspace       used 30121K, committed 30656K, reserved 1114112K
  class space    used 3213K, committed 3456K, reserved 1048576K
}
Event: 222.540 GC heap before
{Heap before GC invocations=12 (full 0):
 garbage-first heap   total 161792K, used 113967K [0x0000000082800000, 0x0000000100000000)
  region size 1024K, 60 young (61440K), 7 survivors (7168K)
 Metaspace       used 32126K, committed 32640K, reserved 1114112K
  class space    used 3396K, committed 3648K, reserved 1048576K
}
Event: 222.544 GC heap after
{Heap after GC invocations=13 (full 0):
 garbage-first heap   total 161792K, used 59728K [0x0000000082800000, 0x0000000100000000)
  region size 1024K, 3 young (3072K), 3 survivors (3072K)
 Metaspace       used 32126K, committed 32640K, reserved 1114112K
  class space    used 3396K, committed 3648K, reserved 1048576K
}

Dll operation events (8 events):
Event: 6.112 Loaded shared library C:\Program Files\Java\jdk-19\bin\java.dll
Event: 9.049 Loaded shared library C:\Program Files\Java\jdk-19\bin\jsvml.dll
Event: 15.721 Loaded shared library C:\Program Files\Java\jdk-19\bin\net.dll
Event: 15.841 Loaded shared library C:\Program Files\Java\jdk-19\bin\nio.dll
Event: 15.844 Loaded shared library C:\Program Files\Java\jdk-19\bin\zip.dll
Event: 18.013 Loaded shared library C:\Program Files\Java\jdk-19\bin\jimage.dll
Event: 20.416 Loaded shared library C:\Users\User\Desktop\NETBEAN\NetBeans-15\netbeans\java\maven\lib\jansi-native\Windows\x86_64\jansi.dll
Event: 20.471 Loaded shared library C:\Program Files\Java\jdk-19\bin\verify.dll

Deoptimization events (20 events):
Event: 222.493 Thread 0x0000024ae1d44d80 Uncommon trap: reason=bimorphic_or_optimized_type_check action=maybe_recompile pc=0x0000024ace76eee0 method=java.util.concurrent.locks.AbstractQueuedSynchronizer.release(I)Z @ 2 c2
Event: 222.493 Thread 0x0000024ae1d44d80 DEOPT PACKING pc=0x0000024ace76eee0 sp=0x0000004fe0cff3c0
Event: 222.493 Thread 0x0000024ae34989e0 Uncommon trap: trap_request=0xffffffc6 fr.pc=0x0000024ace76eee0 relative=0x0000000000000220
Event: 222.493 Thread 0x0000024ae34989e0 Uncommon trap: reason=bimorphic_or_optimized_type_check action=maybe_recompile pc=0x0000024ace76eee0 method=java.util.concurrent.locks.AbstractQueuedSynchronizer.release(I)Z @ 2 c2
Event: 222.493 Thread 0x0000024ae1d44d80 DEOPT UNPACKING pc=0x0000024acdfe6da3 sp=0x0000004fe0cff388 mode 2
Event: 222.493 Thread 0x0000024ae34989e0 DEOPT PACKING pc=0x0000024ace76eee0 sp=0x0000004fe14ff5b0
Event: 222.493 Thread 0x0000024ae1ff8bd0 Uncommon trap: trap_request=0xffffffc6 fr.pc=0x0000024ace76eee0 relative=0x0000000000000220
Event: 222.493 Thread 0x0000024ae1ff8bd0 Uncommon trap: reason=bimorphic_or_optimized_type_check action=maybe_recompile pc=0x0000024ace76eee0 method=java.util.concurrent.locks.AbstractQueuedSynchronizer.release(I)Z @ 2 c2
Event: 222.493 Thread 0x0000024ae34989e0 DEOPT UNPACKING pc=0x0000024acdfe6da3 sp=0x0000004fe14ff578 mode 2
Event: 222.493 Thread 0x0000024ae1ff8bd0 DEOPT PACKING pc=0x0000024ace76eee0 sp=0x0000004fdffff110
Event: 222.493 Thread 0x0000024ae1ff8bd0 DEOPT UNPACKING pc=0x0000024acdfe6da3 sp=0x0000004fdffff0d8 mode 2
Event: 222.611 Thread 0x0000024abeaee0c0 Uncommon trap: trap_request=0xffffff3d fr.pc=0x0000024ace672260 relative=0x00000000000000a0
Event: 222.611 Thread 0x0000024abeaee0c0 Uncommon trap: reason=unstable_fused_if action=reinterpret pc=0x0000024ace672260 method=java.lang.StrictMath.floorOrCeil(DDDD)D @ 8 c2
Event: 222.611 Thread 0x0000024abeaee0c0 DEOPT PACKING pc=0x0000024ace672260 sp=0x0000004fdf7fd1b0
Event: 222.611 Thread 0x0000024abeaee0c0 DEOPT UNPACKING pc=0x0000024acdfe6da3 sp=0x0000004fdf7fd070 mode 2
Event: 276.120 Thread 0x0000024ae19f64e0 DEOPT PACKING pc=0x0000024ac7045e63 sp=0x0000004fe1bff4d0
Event: 276.121 Thread 0x0000024ae19f64e0 DEOPT UNPACKING pc=0x0000024acdfe7543 sp=0x0000004fe1bfe980 mode 0
Event: 276.122 Thread 0x0000024ae19f64e0 DEOPT PACKING pc=0x0000024ac7045e63 sp=0x0000004fe1bff4d0
Event: 277.047 Thread 0x0000024ae19f64e0 DEOPT UNPACKING pc=0x0000024acdfe7543 sp=0x0000004fe1bfe980 mode 0
Event: 277.122 Thread 0x0000024ae19f64e0 Uncommon trap: trap_request=0xffffff45 fr.pc=0x0000024ace89d55c relative=0x0000000000001a7c

Classes loaded (20 events):
Event: 222.637 Loading class java/lang/IllegalThreadStateException
Event: 222.637 Loading class java/lang/IllegalThreadStateException done
Event: 222.638 Loading class java/lang/ProcessBuilder
Event: 222.639 Loading class java/lang/ProcessBuilder done
Event: 222.639 Loading class java/lang/ProcessImpl
Event: 222.639 Loading class java/lang/Process
Event: 222.639 Loading class java/lang/Process done
Event: 222.639 Loading class java/lang/ProcessImpl done
Event: 222.667 Loading class java/lang/ProcessImpl$2
Event: 222.667 Loading class java/lang/ProcessImpl$2 done
Event: 222.668 Loading class java/lang/Process$PipeInputStream
Event: 222.668 Loading class java/lang/Process$PipeInputStream done
Event: 222.670 Loading class jdk/internal/event/ProcessStartEvent
Event: 222.671 Loading class jdk/internal/event/Event
Event: 222.673 Loading class jdk/internal/event/Event done
Event: 222.675 Loading class jdk/internal/event/ProcessStartEvent done
Event: 224.199 Loading class java/io/SequenceInputStream
Event: 224.202 Loading class java/io/SequenceInputStream done
Event: 224.208 Loading class java/io/InterruptedIOException
Event: 224.208 Loading class java/io/InterruptedIOException done

Classes unloaded (0 events):
No events

Classes redefined (0 events):
No events

Internal exceptions (20 events):
Event: 230.536 Thread 0x0000024ae20869f0 Exception <a 'java/io/IOException'{0x000000008b7ae1f8}> (0x000000008b7ae1f8) 
thrown [s\open\src\hotspot\share\prims\jni.cpp, line 517]
Event: 230.536 Thread 0x0000024ae20869f0 Exception <a 'java/io/IOException'{0x000000008b7ae510}> (0x000000008b7ae510) 
thrown [s\open\src\hotspot\share\prims\jni.cpp, line 517]
Event: 230.537 Thread 0x0000024ae20869f0 Exception <a 'java/io/IOException'{0x000000008b7aeb50}> (0x000000008b7aeb50) 
thrown [s\open\src\hotspot\share\prims\jni.cpp, line 517]
Event: 230.537 Thread 0x0000024ae20869f0 Exception <a 'java/io/IOException'{0x000000008b7aee68}> (0x000000008b7aee68) 
thrown [s\open\src\hotspot\share\prims\jni.cpp, line 517]
Event: 230.537 Thread 0x0000024ae20869f0 Exception <a 'java/io/IOException'{0x000000008b7af398}> (0x000000008b7af398) 
thrown [s\open\src\hotspot\share\prims\jni.cpp, line 517]
Event: 230.537 Thread 0x0000024ae20869f0 Exception <a 'java/io/IOException'{0x000000008b7af6b0}> (0x000000008b7af6b0) 
thrown [s\open\src\hotspot\share\prims\jni.cpp, line 517]
Event: 230.846 Thread 0x0000024ae20869f0 Exception <a 'java/io/IOException'{0x000000008b7b0208}> (0x000000008b7b0208) 
thrown [s\open\src\hotspot\share\prims\jni.cpp, line 517]
Event: 230.846 Thread 0x0000024ae20869f0 Exception <a 'java/io/IOException'{0x000000008b7b0520}> (0x000000008b7b0520) 
thrown [s\open\src\hotspot\share\prims\jni.cpp, line 517]
Event: 230.847 Thread 0x0000024ae20869f0 Exception <a 'java/io/IOException'{0x000000008b7b0e80}> (0x000000008b7b0e80) 
thrown [s\open\src\hotspot\share\prims\jni.cpp, line 517]
Event: 230.847 Thread 0x0000024ae20869f0 Exception <a 'java/io/IOException'{0x000000008b7b1198}> (0x000000008b7b1198) 
thrown [s\open\src\hotspot\share\prims\jni.cpp, line 517]
Event: 243.456 Thread 0x0000024ae20869f0 Exception <a 'java/io/IOException'{0x000000008b7b1ac8}> (0x000000008b7b1ac8) 
thrown [s\open\src\hotspot\share\prims\jni.cpp, line 517]
Event: 243.456 Thread 0x0000024ae20869f0 Exception <a 'java/io/IOException'{0x000000008b7b1de0}> (0x000000008b7b1de0) 
thrown [s\open\src\hotspot\share\prims\jni.cpp, line 517]
Event: 245.268 Thread 0x0000024ae20869f0 Exception <a 'java/io/IOException'{0x000000008b7b27b0}> (0x000000008b7b27b0) 
thrown [s\open\src\hotspot\share\prims\jni.cpp, line 517]
Event: 245.268 Thread 0x0000024ae20869f0 Exception <a 'java/io/IOException'{0x000000008b7b2ac8}> (0x000000008b7b2ac8) 
thrown [s\open\src\hotspot\share\prims\jni.cpp, line 517]
Event: 256.252 Thread 0x0000024ae20869f0 Exception <a 'java/io/IOException'{0x000000008b7b33f0}> (0x000000008b7b33f0) 
thrown [s\open\src\hotspot\share\prims\jni.cpp, line 517]
Event: 256.252 Thread 0x0000024ae20869f0 Exception <a 'java/io/IOException'{0x000000008b7b3708}> (0x000000008b7b3708) 
thrown [s\open\src\hotspot\share\prims\jni.cpp, line 517]
Event: 256.749 Thread 0x0000024ae20869f0 Exception <a 'java/io/IOException'{0x000000008b7b4000}> (0x000000008b7b4000) 
thrown [s\open\src\hotspot\share\prims\jni.cpp, line 517]
Event: 256.749 Thread 0x0000024ae20869f0 Exception <a 'java/io/IOException'{0x000000008b7b4318}> (0x000000008b7b4318) 
thrown [s\open\src\hotspot\share\prims\jni.cpp, line 517]
Event: 265.174 Thread 0x0000024ae20869f0 Exception <a 'java/io/IOException'{0x000000008b7b4b88}> (0x000000008b7b4b88) 
thrown [s\open\src\hotspot\share\prims\jni.cpp, line 517]
Event: 265.174 Thread 0x0000024ae20869f0 Exception <a 'java/io/IOException'{0x000000008b7b4ea0}> (0x000000008b7b4ea0) 
thrown [s\open\src\hotspot\share\prims\jni.cpp, line 517]

VM Operations (20 events):
Event: 222.540 Executing VM operation: G1CollectForAllocation
Event: 222.544 Executing VM operation: G1CollectForAllocation done
Event: 222.596 Executing VM operation: HandshakeAllThreads
Event: 222.596 Executing VM operation: HandshakeAllThreads done
Event: 222.669 Executing VM operation: HandshakeAllThreads
Event: 222.669 Executing VM operation: HandshakeAllThreads done
Event: 223.673 Executing VM operation: Cleanup
Event: 223.673 Executing VM operation: Cleanup done
Event: 224.687 Executing VM operation: Cleanup
Event: 224.687 Executing VM operation: Cleanup done
Event: 247.213 Executing VM operation: Cleanup
Event: 247.425 Executing VM operation: Cleanup done
Event: 249.429 Executing VM operation: Cleanup
Event: 249.470 Executing VM operation: Cleanup done
Event: 252.691 Executing VM operation: Cleanup
Event: 252.755 Executing VM operation: Cleanup done
Event: 262.310 Executing VM operation: Cleanup
Event: 262.488 Executing VM operation: Cleanup done
Event: 263.633 Executing VM operation: Cleanup
Event: 263.634 Executing VM operation: Cleanup done

Events (20 events):
Event: 219.337 Thread 0x0000024add232940 flushing nmethod 0x0000024ac7671490
Event: 219.337 Thread 0x0000024add232940 flushing nmethod 0x0000024ac7671910
Event: 219.337 Thread 0x0000024add232940 flushing nmethod 0x0000024ac7671f10
Event: 221.886 Thread 0x0000024add232940 flushing nmethod 0x0000024ac6abf190
Event: 221.886 Thread 0x0000024add232940 flushing nmethod 0x0000024ac6b7e890
Event: 221.891 Thread 0x0000024add232940 flushing nmethod 0x0000024ac7371690
Event: 221.891 Thread 0x0000024add232940 flushing nmethod 0x0000024ac7407590
Event: 222.269 Thread 0x0000024ae1d44d80 Thread added: 0x0000024ae1d44d80
Event: 222.287 Thread 0x0000024ae1d44d80 Thread exited: 0x0000024ae1d44d80
Event: 222.493 Thread 0x0000024ae1ff8bd0 Thread added: 0x0000024ae1ff8bd0
Event: 222.493 Thread 0x0000024ae1d44d80 Thread added: 0x0000024ae1d44d80
Event: 222.493 Thread 0x0000024ae34989e0 Thread added: 0x0000024ae34989e0
Event: 222.553 Thread 0x0000024ae20864a0 Thread added: 0x0000024ae20864a0
Event: 222.553 Thread 0x0000024ae2086f40 Thread added: 0x0000024ae2086f40
Event: 222.592 Thread 0x0000024ae2085f50 Thread added: 0x0000024ae2085f50
Event: 222.595 Thread 0x0000024ae2087490 Thread added: 0x0000024ae2087490
Event: 222.634 Thread 0x0000024ae20869f0 Thread added: 0x0000024ae20869f0
Event: 222.681 Thread 0x0000024ae19f54f0 Thread added: 0x0000024ae19f54f0
Event: 222.681 Thread 0x0000024ae19f64e0 Thread added: 0x0000024ae19f64e0
Event: 222.681 Thread 0x0000024ae19f5f90 Thread added: 0x0000024ae19f5f90


Dynamic libraries:
0x00007ff75d2a0000 - 0x00007ff75d2b0000 	C:\Program Files\Java\jdk-19\bin\java.exe
0x00007ffd17dc0000 - 0x00007ffd17fc9000 	C:\WINDOWS\SYSTEM32\ntdll.dll
0x00007ffd16ad0000 - 0x00007ffd16b8e000 	C:\WINDOWS\System32\KERNEL32.DLL
0x00007ffd15870000 - 0x00007ffd15bf4000 	C:\WINDOWS\System32\KERNELBASE.dll
0x00007ffd15270000 - 0x00007ffd15381000 	C:\WINDOWS\System32\ucrtbase.dll
0x00007ffcfb4c0000 - 0x00007ffcfb4d8000 	C:\Program Files\Java\jdk-19\bin\jli.dll
0x00007ffd177a0000 - 0x00007ffd1784f000 	C:\WINDOWS\System32\ADVAPI32.dll
0x00007ffd176d0000 - 0x00007ffd17773000 	C:\WINDOWS\System32\msvcrt.dll
0x00007ffd17630000 - 0x00007ffd176ce000 	C:\WINDOWS\System32\sechost.dll
0x00007ffd16910000 - 0x00007ffd16a31000 	C:\WINDOWS\System32\RPCRT4.dll
0x00007ffd15cd0000 - 0x00007ffd15e7d000 	C:\WINDOWS\System32\USER32.dll
0x00007ffd15c00000 - 0x00007ffd15c26000 	C:\WINDOWS\System32\win32u.dll
0x00007ffd16c70000 - 0x00007ffd16c9a000 	C:\WINDOWS\System32\GDI32.dll
0x00007ffd15540000 - 0x00007ffd1565f000 	C:\WINDOWS\System32\gdi32full.dll
0x00007ffd15660000 - 0x00007ffd156fd000 	C:\WINDOWS\System32\msvcp_win.dll
0x00007ffd12330000 - 0x00007ffd1234b000 	C:\Program Files\Java\jdk-19\bin\VCRUNTIME140.dll
0x00007ffcff340000 - 0x00007ffcff5e5000 	C:\WINDOWS\WinSxS\amd64_microsoft.windows.common-controls_6595b64144ccf1df_6.0.22000.120_none_9d947278b86cc467\COMCTL32.dll
0x00007ffd0f3f0000 - 0x00007ffd0f3fa000 	C:\WINDOWS\SYSTEM32\VERSION.dll
0x00007ffd15c90000 - 0x00007ffd15cc1000 	C:\WINDOWS\System32\IMM32.DLL
0x00007ffd12380000 - 0x00007ffd1238c000 	C:\Program Files\Java\jdk-19\bin\vcruntime140_1.dll
0x00007ffcea700000 - 0x00007ffcea78e000 	C:\Program Files\Java\jdk-19\bin\msvcp140.dll
0x00007ffcaf740000 - 0x00007ffcb0400000 	C:\Program Files\Java\jdk-19\bin\server\jvm.dll
0x00007ffce9940000 - 0x00007ffce9949000 	C:\WINDOWS\SYSTEM32\WSOCK32.dll
0x00007ffd15e80000 - 0x00007ffd15eef000 	C:\WINDOWS\System32\WS2_32.dll
0x00007ffd0f410000 - 0x00007ffd0f443000 	C:\WINDOWS\SYSTEM32\WINMM.dll
0x00007ffd143e0000 - 0x00007ffd143f8000 	C:\WINDOWS\SYSTEM32\kernel.appcore.dll
0x00007ffd11b30000 - 0x00007ffd11b3a000 	C:\Program Files\Java\jdk-19\bin\jimage.dll
0x00007ffd12ed0000 - 0x00007ffd130f1000 	C:\WINDOWS\SYSTEM32\DBGHELP.DLL
0x00007ffcfca70000 - 0x00007ffcfcaa1000 	C:\WINDOWS\SYSTEM32\dbgcore.DLL
0x00007ffd15450000 - 0x00007ffd154cf000 	C:\WINDOWS\System32\bcryptPrimitives.dll
0x00007ffd11ab0000 - 0x00007ffd11ad6000 	C:\Program Files\Java\jdk-19\bin\java.dll
0x00007ffce79d0000 - 0x00007ffce7aa7000 	C:\Program Files\Java\jdk-19\bin\jsvml.dll
0x00007ffd16ca0000 - 0x00007ffd17465000 	C:\WINDOWS\System32\SHELL32.dll
0x00007ffd13360000 - 0x00007ffd13bc4000 	C:\WINDOWS\SYSTEM32\windows.storage.dll
0x00007ffd16520000 - 0x00007ffd16896000 	C:\WINDOWS\System32\combase.dll
0x00007ffd131f0000 - 0x00007ffd13357000 	C:\WINDOWS\SYSTEM32\wintypes.dll
0x00007ffd174d0000 - 0x00007ffd175ba000 	C:\WINDOWS\System32\SHCORE.dll
0x00007ffd15c30000 - 0x00007ffd15c8d000 	C:\WINDOWS\System32\shlwapi.dll
0x00007ffd151a0000 - 0x00007ffd151c1000 	C:\WINDOWS\SYSTEM32\profapi.dll
0x00007ffd04080000 - 0x00007ffd04093000 	C:\Program Files\Java\jdk-19\bin\net.dll
0x00007ffd0edc0000 - 0x00007ffd0eed3000 	C:\WINDOWS\SYSTEM32\WINHTTP.dll
0x00007ffd14880000 - 0x00007ffd148e7000 	C:\WINDOWS\system32\mswsock.dll
0x00007ffcfd5f0000 - 0x00007ffcfd606000 	C:\Program Files\Java\jdk-19\bin\nio.dll
0x00007ffcfd5d0000 - 0x00007ffcfd5e8000 	C:\Program Files\Java\jdk-19\bin\zip.dll
0x0000000069ac0000 - 0x0000000069ae4000 	C:\Users\User\Desktop\NETBEAN\NetBeans-15\netbeans\java\maven\lib\jansi-native\Windows\x86_64\jansi.dll
0x00007ffd10620000 - 0x00007ffd10630000 	C:\Program Files\Java\jdk-19\bin\verify.dll
0x00007ffd14ad0000 - 0x00007ffd14ae8000 	C:\WINDOWS\SYSTEM32\CRYPTSP.dll
0x00007ffd14340000 - 0x00007ffd14375000 	C:\WINDOWS\system32\rsaenh.dll
0x00007ffd14980000 - 0x00007ffd149a9000 	C:\WINDOWS\SYSTEM32\USERENV.dll
0x00007ffd14c50000 - 0x00007ffd14c77000 	C:\WINDOWS\SYSTEM32\bcrypt.dll
0x00007ffd14af0000 - 0x00007ffd14afc000 	C:\WINDOWS\SYSTEM32\CRYPTBASE.dll
0x00007ffd13f00000 - 0x00007ffd13f2d000 	C:\WINDOWS\SYSTEM32\IPHLPAPI.DLL
0x00007ffd17790000 - 0x00007ffd17799000 	C:\WINDOWS\System32\NSI.dll
0x00007ffd0f3d0000 - 0x00007ffd0f3e9000 	C:\WINDOWS\SYSTEM32\dhcpcsvc6.DLL
0x00007ffd0fb90000 - 0x00007ffd0fbae000 	C:\WINDOWS\SYSTEM32\dhcpcsvc.DLL
0x00007ffd13f30000 - 0x00007ffd14018000 	C:\WINDOWS\SYSTEM32\DNSAPI.dll

dbghelp: loaded successfully - version: 4.0.5 - missing functions: none
symbol engine: initialized successfully - sym options: 0x614 - pdb path: .;C:\Program Files\Java\jdk-19\bin;C:\WINDOWS\SYSTEM32;C:\WINDOWS\WinSxS\amd64_microsoft.windows.common-controls_6595b64144ccf1df_6.0.22000.120_none_9d947278b86cc467;C:\Program Files\Java\jdk-19\bin\server;C:\Users\User\Desktop\NETBEAN\NetBeans-15\netbeans\java\maven\lib\jansi-native\Windows\x86_64

VM Arguments:
jvm_args: -Dclassworlds.conf=C:\Users\User\Desktop\NETBEAN\NetBeans-15\netbeans\java\maven\bin\m2.conf -Dmaven.home=C:\Users\User\Desktop\NETBEAN\NetBeans-15\netbeans\java\maven -Dlibrary.jansi.path=C:\Users\User\Desktop\NETBEAN\NetBeans-15\netbeans\java\maven\lib\jansi-native -Dmaven.multiModuleProjectDirectory=C:\Users\User\Desktop\NETBEAN\WallStreetWarriors 
java_command: org.codehaus.plexus.classworlds.launcher.Launcher -Dmaven.ext.class.path=C:\Users\User\Desktop\NETBEAN\NetBeans-15\netbeans\java\maven-nblib\netbeans-eventspy.jar install
java_class_path (initial): C:\Users\User\Desktop\NETBEAN\NetBeans-15\netbeans\java\maven\boot\plexus-classworlds-2.6.0.jar
Launcher Type: SUN_STANDARD

[Global flags]
     intx CICompilerCount                          = 4                                         {product} {ergonomic}
     uint ConcGCThreads                            = 2                                         {product} {ergonomic}
     uint G1ConcRefinementThreads                  = 8                                         {product} {ergonomic}
   size_t G1HeapRegionSize                         = 1048576                                   {product} {ergonomic}
    uintx GCDrainStackTargetSize                   = 64                                        {product} {ergonomic}
   size_t InitialHeapSize                          = 132120576                                 {product} {ergonomic}
   size_t MarkStackSize                            = 4194304                                   {product} {ergonomic}
   size_t MaxHeapSize                              = 2105540608                                {product} {ergonomic}
   size_t MaxNewSize                               = 1262485504                                {product} {ergonomic}
   size_t MinHeapDeltaBytes                        = 1048576                                   {product} {ergonomic}
   size_t MinHeapSize                              = 8388608                                   {product} {ergonomic}
    uintx NonNMethodCodeHeapSize                   = 5839372                                {pd product} {ergonomic}
    uintx NonProfiledCodeHeapSize                  = 122909434                              {pd product} {ergonomic}
    uintx ProfiledCodeHeapSize                     = 122909434                              {pd product} {ergonomic}
    uintx ReservedCodeCacheSize                    = 251658240                              {pd product} {ergonomic}
     bool SegmentedCodeCache                       = true                                      {product} {ergonomic}
   size_t SoftMaxHeapSize                          = 2105540608                             {manageable} {ergonomic}
     bool UseCompressedClassPointers               = true                           {product lp64_product} {ergonomic}
     bool UseCompressedOops                        = true                           {product lp64_product} {ergonomic}
     bool UseG1GC                                  = true                                      {product} {ergonomic}
     bool UseLargePagesIndividualAllocation        = false                                  {pd product} {ergonomic}

Logging:
Log output configuration:
 #0: stdout all=warning uptime,level,tags foldmultilines=false
 #1: stderr all=off uptime,level,tags foldmultilines=false

Environment Variables:
JAVA_HOME=C:\Program Files\Java\jdk-19
PATH=C:\Program Files\Common Files\Oracle\Java\javapath;C:\Windows\system32;C:\Windows;C:\Windows\System32\Wbem;C:\Windows\System32\WindowsPowerShell\v1.0\;C:\Windows\System32\OpenSSH\;C:\Program Files (x86)\NVIDIA Corporation\PhysX\Common;C:\Program Files\NVIDIA Corporation\NVIDIA NvDLISR;C:\WINDOWS\system32;C:\WINDOWS;C:\WINDOWS\System32\Wbem;C:\WINDOWS\System32\WindowsPowerShell\v1.0\;C:\WINDOWS\System32\OpenSSH\;C:\Program Files\Java\jdk-19\bin;C:\Program Files\Microsoft SQL Server\130\Tools\Binn\;C:\Program Files\nodejs\;C:\Program Files\Git\cmd;C:\Users\User\AppData\Local\Programs\Python\Python311\Scripts\;C:\Users\User\AppData\Local\Programs\Python\Python311\;C:\Users\User\AppData\Local\Microsoft\WindowsApps;C:\Users\User\Desktop\Useful tools\Microsoft VS Code\bin;C:\Users\User\AppData\Local\GitHubDesktop\bin;C:\Users\User\AppData\Roaming\npm;C:\Program Files\Graphviz\bin
USERNAME=User
OS=Windows_NT
PROCESSOR_IDENTIFIER=Intel64 Family 6 Model 165 Stepping 2, GenuineIntel
TMP=C:\Users\User\AppData\Local\Temp
TEMP=C:\Users\User\AppData\Local\Temp



---------------  S Y S T E M  ---------------

OS:
 Windows 11 , 64 bit Build 22000 (10.0.22000.1880)
OS uptime: 3 days 20:46 hours

CPU: total 8 (initial active 8) (4 cores per cpu, 2 threads per core) family 6 model 165 stepping 2 microcode 0xe0, cx8, cmov, fxsr, ht, mmx, 3dnowpref, sse, sse2, sse3, ssse3, sse4.1, sse4.2, popcnt, lzcnt, tsc, tscinvbit, avx, avx2, aes, erms, clmul, bmi1, bmi2, adx, fma, vzeroupper, clflush, clflushopt, rdtscp

Memory: 4k page, system-wide physical 8029M (37M free)
TotalPageFile size 32605M (AvailPageFile size 7M)
current process WorkingSet (physical memory assigned to process): 7M, peak: 289M
current process commit charge ("private bytes"): 311M, peak: 339M

vm_info: Java HotSpot(TM) 64-Bit Server VM (19+36-2238) for windows-amd64 JRE (19+36-2238), built on 2022-08-12T20:29:01Z by "mach5one" with MS VC++ 17.1 (VS2022)

END.
