#
# There is insufficient memory for the Java Runtime Environment to continue.
# Native memory allocation (malloc) failed to allocate 32744 bytes for Chunk::new
# Possible reasons:
#   The system is out of physical RAM or swap space
#   The process is running with CompressedOops enabled, and the Java Heap may be blocking the growth of the native heap
# Possible solutions:
#   Reduce memory load on the system
#   Increase physical memory or swap space
#   Check if swap backing store is full
#   Decrease Java heap size (-Xmx/-Xms)
#   Decrease number of Java threads
#   Decrease Java thread stack sizes (-Xss)
#   Set larger code cache with -XX:ReservedCodeCacheSize=
#   JVM is running with Unscaled Compressed Oops mode in which the Java heap is
#     placed in the first 4GB address space. The Java Heap base address is the
#     maximum limit for the native heap growth. Please use -XX:HeapBaseMinAddress
#     to set the Java Heap base and to place the Java Heap above 4GB virtual address.
# This output file may be truncated or incomplete.
#
#  Out of Memory Error (arena.cpp:184), pid=14552, tid=11804
#
# JRE version: Java(TM) SE Runtime Environment (19.0+36) (build 19+36-2238)
# Java VM: Java HotSpot(TM) 64-Bit Server VM (19+36-2238, mixed mode, sharing, tiered, compressed oops, compressed class ptrs, g1 gc, windows-amd64)
# No core dump will be written. Minidumps are not enabled by default on client versions of Windows
#

---------------  S U M M A R Y ------------

Command Line: -Dclassworlds.conf=C:\Users\User\Desktop\NETBEAN\NetBeans-15\netbeans\java\maven\bin\m2.conf -Dmaven.home=C:\Users\User\Desktop\NETBEAN\NetBeans-15\netbeans\java\maven -Dlibrary.jansi.path=C:\Users\User\Desktop\NETBEAN\NetBeans-15\netbeans\java\maven\lib\jansi-native -Dmaven.multiModuleProjectDirectory=C:\Users\User\Desktop\NETBEAN\WallStreetWarriors org.codehaus.plexus.classworlds.launcher.Launcher -Dmaven.ext.class.path=C:\Users\User\Desktop\NETBEAN\NetBeans-15\netbeans\java\maven-nblib\netbeans-eventspy.jar install

Host: Intel(R) Core(TM) i5-10300H CPU @ 2.50GHz, 8 cores, 7G,  Windows 11 , 64 bit Build 22000 (10.0.22000.1880)
Time: Mon Jun 12 20:45:37 2023 Malay Peninsula Standard Time elapsed time: 249.181128 seconds (0d 0h 4m 9s)

---------------  T H R E A D  ---------------

Current thread (0x0000014b36be15c0):  JavaThread "C2 CompilerThread0" daemon [_thread_in_native, id=11804, stack(0x0000000393300000,0x0000000393400000)]


Current CompileTask:
C2: 249182 3748       4       org.eclipse.sisu.inject.LazyBeanEntry::getValue (10 bytes)

Stack: [0x0000000393300000,0x0000000393400000]
Native frames: (J=compiled Java code, j=interpreted, Vv=VM code, C=native code)
V  [jvm.dll+0x6ee8fa]
V  [jvm.dll+0x857a1e]
V  [jvm.dll+0x85940e]
V  [jvm.dll+0x859ac3]
V  [jvm.dll+0x28291f]
V  [jvm.dll+0xc9b5f]
V  [jvm.dll+0xc9ee5]
V  [jvm.dll+0x5f0c15]
V  [jvm.dll+0x254d73]
V  [jvm.dll+0x24dbf0]
V  [jvm.dll+0x24b563]
V  [jvm.dll+0x1d6d61]
V  [jvm.dll+0x25b0fa]
V  [jvm.dll+0x259588]
V  [jvm.dll+0x807928]
V  [jvm.dll+0x8015fa]
V  [jvm.dll+0x6ed5eb]
C  [ucrtbase.dll+0x26c0c]
C  [KERNEL32.DLL+0x155a0]
C  [ntdll.dll+0x485b]


---------------  P R O C E S S  ---------------

Threads class SMR info:
_java_thread_list=0x0000014b36c23b60, length=12, elements={
0x0000014b1845e4a0, 0x0000014b36bd98b0, 0x0000014b36bda480, 0x0000014b36bdcdc0,
0x0000014b36bdd6f0, 0x0000014b36be0030, 0x0000014b36be0960, 0x0000014b36be15c0,
0x0000014b36be2410, 0x0000014b36be2d80, 0x0000014b36c3dfe0, 0x0000014b3b00f0e0
}

Java Threads: ( => current thread )
  0x0000014b1845e4a0 JavaThread "main" [_thread_in_native, id=28200, stack(0x0000000392600000,0x0000000392700000)]
  0x0000014b36bd98b0 JavaThread "Reference Handler" daemon [_thread_blocked, id=20584, stack(0x0000000392d00000,0x0000000392e00000)]
  0x0000014b36bda480 JavaThread "Finalizer" daemon [_thread_blocked, id=17948, stack(0x0000000392e00000,0x0000000392f00000)]
  0x0000014b36bdcdc0 JavaThread "Signal Dispatcher" daemon [_thread_blocked, id=5368, stack(0x0000000392f00000,0x0000000393000000)]
  0x0000014b36bdd6f0 JavaThread "Attach Listener" daemon [_thread_blocked, id=20200, stack(0x0000000393000000,0x0000000393100000)]
  0x0000014b36be0030 JavaThread "Service Thread" daemon [_thread_blocked, id=26576, stack(0x0000000393100000,0x0000000393200000)]
  0x0000014b36be0960 JavaThread "Monitor Deflation Thread" daemon [_thread_blocked, id=3208, stack(0x0000000393200000,0x0000000393300000)]
=>0x0000014b36be15c0 JavaThread "C2 CompilerThread0" daemon [_thread_in_native, id=11804, stack(0x0000000393300000,0x0000000393400000)]
  0x0000014b36be2410 JavaThread "C1 CompilerThread0" daemon [_thread_blocked, id=15268, stack(0x0000000393400000,0x0000000393500000)]
  0x0000014b36be2d80 JavaThread "Sweeper thread" daemon [_thread_blocked, id=12776, stack(0x0000000393500000,0x0000000393600000)]
  0x0000014b36c3dfe0 JavaThread "Notification Thread" daemon [_thread_blocked, id=15984, stack(0x0000000393600000,0x0000000393700000)]
  0x0000014b3b00f0e0 JavaThread "Common-Cleaner" daemon [_thread_blocked, id=27396, stack(0x0000000393800000,0x0000000393900000)]

Other Threads:
  0x0000014b36bbbc60 VMThread "VM Thread" [stack: 0x0000000392c00000,0x0000000392d00000] [id=8492]
  0x0000014b36c3e920 WatcherThread "VM Periodic Task Thread" [stack: 0x0000000393700000,0x0000000393800000] [id=11704]
  0x0000014b184be440 WorkerThread "GC Thread#0" [stack: 0x0000000392700000,0x0000000392800000] [id=31952]
  0x0000014b3b1a69b0 WorkerThread "GC Thread#1" [stack: 0x0000000393900000,0x0000000393a00000] [id=28352]
  0x0000014b3b56a910 WorkerThread "GC Thread#2" [stack: 0x0000000393a00000,0x0000000393b00000] [id=10352]
  0x0000014b3bb85f10 WorkerThread "GC Thread#3" [stack: 0x0000000393b00000,0x0000000393c00000] [id=12708]
  0x0000014b3bb86780 WorkerThread "GC Thread#4" [stack: 0x0000000393c00000,0x0000000393d00000] [id=29628]
  0x0000014b3bb864b0 WorkerThread "GC Thread#5" [stack: 0x0000000393d00000,0x0000000393e00000] [id=3860]
  0x0000014b3bb85970 WorkerThread "GC Thread#6" [stack: 0x0000000393e00000,0x0000000393f00000] [id=9300]
  0x0000014b3bb861e0 WorkerThread "GC Thread#7" [stack: 0x0000000393f00000,0x0000000394000000] [id=17864]
  0x0000014b184ceea0 ConcurrentGCThread "G1 Main Marker" [stack: 0x0000000392800000,0x0000000392900000] [id=31956]
  0x0000014b184cf8d0 WorkerThread "G1 Conc#0" [stack: 0x0000000392900000,0x0000000392a00000] [id=32048]
  0x0000014b1852dcb0 ConcurrentGCThread "G1 Refine#0" [stack: 0x0000000392a00000,0x0000000392b00000] [id=32056]
  0x0000014b1852e7f0 ConcurrentGCThread "G1 Service" [stack: 0x0000000392b00000,0x0000000392c00000] [id=17600]

Threads with active compile tasks:
C2 CompilerThread0   249564 3748       4       org.eclipse.sisu.inject.LazyBeanEntry::getValue (10 bytes)

VM state: not at safepoint (normal execution)

VM Mutex/Monitor currently owned by a thread: None

Heap address: 0x0000000082800000, size: 2008 MB, Compressed Oops mode: 32-bit

CDS archive(s) mapped at: [0x0000000800000000-0x0000000800c40000-0x0000000800c40000), size 12845056, SharedBaseAddress: 0x0000000800000000, ArchiveRelocationMode: 0.
Compressed class space mapped at: 0x0000000801000000-0x0000000841000000, reserved size: 1073741824
Narrow klass base: 0x0000000800000000, Narrow klass shift: 0, Narrow klass range: 0x100000000

GC Precious Log:
 CardTable entry size: 512
 Card Set container configuration: InlinePtr #cards 5 size 8 Array Of Cards #cards 12 size 40 Howl #buckets 4 coarsen threshold 1843 Howl Bitmap #cards 512 size 80 coarsen threshold 460 Card regions per heap region 1 cards per card region 2048
 CPUs: 8 total, 8 available
 Memory: 8029M
 Large Page Support: Disabled
 NUMA Support: Disabled
 Compressed Oops: Enabled (32-bit)
 Heap Region Size: 1M
 Heap Min Capacity: 8M
 Heap Initial Capacity: 126M
 Heap Max Capacity: 2008M
 Pre-touch: Disabled
 Parallel Workers: 8
 Concurrent Workers: 2
 Concurrent Refinement Workers: 8
 Periodic GC: Disabled

Heap:
 garbage-first heap   total 129024K, used 27655K [0x0000000082800000, 0x0000000100000000)
  region size 1024K, 25 young (25600K), 10 survivors (10240K)
 Metaspace       used 13708K, committed 13952K, reserved 1114112K
  class space    used 1479K, committed 1600K, reserved 1048576K

Heap Regions: E=young(eden), S=young(survivor), O=old, HS=humongous(starts), HC=humongous(continues), CS=collection set, F=free, OA=open archive, CA=closed archive, TAMS=top-at-mark-start (previous, next)
|   0|0x0000000082800000, 0x0000000082900000, 0x0000000082900000|100%| O|  |TAMS 0x0000000082800000, 0x0000000082800000| Untracked 
|   1|0x0000000082900000, 0x0000000082a00000, 0x0000000082a00000|100%| O|  |TAMS 0x0000000082900000, 0x0000000082900000| Untracked 
|   2|0x0000000082a00000, 0x0000000082b00000, 0x0000000082b00000|100%| O|  |TAMS 0x0000000082a00000, 0x0000000082a00000| Untracked 
|   3|0x0000000082b00000, 0x0000000082b6b600, 0x0000000082c00000| 41%| O|  |TAMS 0x0000000082b00000, 0x0000000082b00000| Untracked 
|   4|0x0000000082c00000, 0x0000000082c00000, 0x0000000082d00000|  0%| F|  |TAMS 0x0000000082c00000, 0x0000000082c00000| Untracked 
|   5|0x0000000082d00000, 0x0000000082d00000, 0x0000000082e00000|  0%| F|  |TAMS 0x0000000082d00000, 0x0000000082d00000| Untracked 
|   6|0x0000000082e00000, 0x0000000082e00000, 0x0000000082f00000|  0%| F|  |TAMS 0x0000000082e00000, 0x0000000082e00000| Untracked 
|   7|0x0000000082f00000, 0x0000000082f00000, 0x0000000083000000|  0%| F|  |TAMS 0x0000000082f00000, 0x0000000082f00000| Untracked 
|   8|0x0000000083000000, 0x0000000083000000, 0x0000000083100000|  0%| F|  |TAMS 0x0000000083000000, 0x0000000083000000| Untracked 
|   9|0x0000000083100000, 0x0000000083100000, 0x0000000083200000|  0%| F|  |TAMS 0x0000000083100000, 0x0000000083100000| Untracked 
|  10|0x0000000083200000, 0x0000000083200000, 0x0000000083300000|  0%| F|  |TAMS 0x0000000083200000, 0x0000000083200000| Untracked 
|  11|0x0000000083300000, 0x0000000083300000, 0x0000000083400000|  0%| F|  |TAMS 0x0000000083300000, 0x0000000083300000| Untracked 
|  12|0x0000000083400000, 0x0000000083400000, 0x0000000083500000|  0%| F|  |TAMS 0x0000000083400000, 0x0000000083400000| Untracked 
|  13|0x0000000083500000, 0x0000000083500000, 0x0000000083600000|  0%| F|  |TAMS 0x0000000083500000, 0x0000000083500000| Untracked 
|  14|0x0000000083600000, 0x0000000083600000, 0x0000000083700000|  0%| F|  |TAMS 0x0000000083600000, 0x0000000083600000| Untracked 
|  15|0x0000000083700000, 0x0000000083700000, 0x0000000083800000|  0%| F|  |TAMS 0x0000000083700000, 0x0000000083700000| Untracked 
|  16|0x0000000083800000, 0x0000000083800000, 0x0000000083900000|  0%| F|  |TAMS 0x0000000083800000, 0x0000000083800000| Untracked 
|  17|0x0000000083900000, 0x0000000083900000, 0x0000000083a00000|  0%| F|  |TAMS 0x0000000083900000, 0x0000000083900000| Untracked 
|  18|0x0000000083a00000, 0x0000000083a00000, 0x0000000083b00000|  0%| F|  |TAMS 0x0000000083a00000, 0x0000000083a00000| Untracked 
|  19|0x0000000083b00000, 0x0000000083b00000, 0x0000000083c00000|  0%| F|  |TAMS 0x0000000083b00000, 0x0000000083b00000| Untracked 
|  20|0x0000000083c00000, 0x0000000083c00000, 0x0000000083d00000|  0%| F|  |TAMS 0x0000000083c00000, 0x0000000083c00000| Untracked 
|  21|0x0000000083d00000, 0x0000000083d00000, 0x0000000083e00000|  0%| F|  |TAMS 0x0000000083d00000, 0x0000000083d00000| Untracked 
|  22|0x0000000083e00000, 0x0000000083e00000, 0x0000000083f00000|  0%| F|  |TAMS 0x0000000083e00000, 0x0000000083e00000| Untracked 
|  23|0x0000000083f00000, 0x0000000083f00000, 0x0000000084000000|  0%| F|  |TAMS 0x0000000083f00000, 0x0000000083f00000| Untracked 
|  24|0x0000000084000000, 0x0000000084000000, 0x0000000084100000|  0%| F|  |TAMS 0x0000000084000000, 0x0000000084000000| Untracked 
|  25|0x0000000084100000, 0x0000000084100000, 0x0000000084200000|  0%| F|  |TAMS 0x0000000084100000, 0x0000000084100000| Untracked 
|  26|0x0000000084200000, 0x0000000084200000, 0x0000000084300000|  0%| F|  |TAMS 0x0000000084200000, 0x0000000084200000| Untracked 
|  27|0x0000000084300000, 0x0000000084300000, 0x0000000084400000|  0%| F|  |TAMS 0x0000000084300000, 0x0000000084300000| Untracked 
|  28|0x0000000084400000, 0x0000000084400000, 0x0000000084500000|  0%| F|  |TAMS 0x0000000084400000, 0x0000000084400000| Untracked 
|  29|0x0000000084500000, 0x0000000084500000, 0x0000000084600000|  0%| F|  |TAMS 0x0000000084500000, 0x0000000084500000| Untracked 
|  30|0x0000000084600000, 0x0000000084600000, 0x0000000084700000|  0%| F|  |TAMS 0x0000000084600000, 0x0000000084600000| Untracked 
|  31|0x0000000084700000, 0x0000000084700000, 0x0000000084800000|  0%| F|  |TAMS 0x0000000084700000, 0x0000000084700000| Untracked 
|  32|0x0000000084800000, 0x0000000084800000, 0x0000000084900000|  0%| F|  |TAMS 0x0000000084800000, 0x0000000084800000| Untracked 
|  33|0x0000000084900000, 0x0000000084900000, 0x0000000084a00000|  0%| F|  |TAMS 0x0000000084900000, 0x0000000084900000| Untracked 
|  34|0x0000000084a00000, 0x0000000084a00000, 0x0000000084b00000|  0%| F|  |TAMS 0x0000000084a00000, 0x0000000084a00000| Untracked 
|  35|0x0000000084b00000, 0x0000000084b00000, 0x0000000084c00000|  0%| F|  |TAMS 0x0000000084b00000, 0x0000000084b00000| Untracked 
|  36|0x0000000084c00000, 0x0000000084c00000, 0x0000000084d00000|  0%| F|  |TAMS 0x0000000084c00000, 0x0000000084c00000| Untracked 
|  37|0x0000000084d00000, 0x0000000084d00000, 0x0000000084e00000|  0%| F|  |TAMS 0x0000000084d00000, 0x0000000084d00000| Untracked 
|  38|0x0000000084e00000, 0x0000000084e00000, 0x0000000084f00000|  0%| F|  |TAMS 0x0000000084e00000, 0x0000000084e00000| Untracked 
|  39|0x0000000084f00000, 0x0000000084f00000, 0x0000000085000000|  0%| F|  |TAMS 0x0000000084f00000, 0x0000000084f00000| Untracked 
|  40|0x0000000085000000, 0x0000000085000000, 0x0000000085100000|  0%| F|  |TAMS 0x0000000085000000, 0x0000000085000000| Untracked 
|  41|0x0000000085100000, 0x0000000085196660, 0x0000000085200000| 58%| S|CS|TAMS 0x0000000085100000, 0x0000000085100000| Complete 
|  42|0x0000000085200000, 0x0000000085300000, 0x0000000085300000|100%| S|CS|TAMS 0x0000000085200000, 0x0000000085200000| Complete 
|  43|0x0000000085300000, 0x0000000085400000, 0x0000000085400000|100%| S|CS|TAMS 0x0000000085300000, 0x0000000085300000| Complete 
|  44|0x0000000085400000, 0x0000000085500000, 0x0000000085500000|100%| S|CS|TAMS 0x0000000085400000, 0x0000000085400000| Complete 
|  45|0x0000000085500000, 0x0000000085600000, 0x0000000085600000|100%| S|CS|TAMS 0x0000000085500000, 0x0000000085500000| Complete 
|  46|0x0000000085600000, 0x0000000085700000, 0x0000000085700000|100%| S|CS|TAMS 0x0000000085600000, 0x0000000085600000| Complete 
|  47|0x0000000085700000, 0x0000000085800000, 0x0000000085800000|100%| S|CS|TAMS 0x0000000085700000, 0x0000000085700000| Complete 
|  48|0x0000000085800000, 0x0000000085900000, 0x0000000085900000|100%| S|CS|TAMS 0x0000000085800000, 0x0000000085800000| Complete 
|  49|0x0000000085900000, 0x0000000085a00000, 0x0000000085a00000|100%| S|CS|TAMS 0x0000000085900000, 0x0000000085900000| Complete 
|  50|0x0000000085a00000, 0x0000000085b00000, 0x0000000085b00000|100%| S|CS|TAMS 0x0000000085a00000, 0x0000000085a00000| Complete 
|  51|0x0000000085b00000, 0x0000000085b00000, 0x0000000085c00000|  0%| F|  |TAMS 0x0000000085b00000, 0x0000000085b00000| Untracked 
|  52|0x0000000085c00000, 0x0000000085c00000, 0x0000000085d00000|  0%| F|  |TAMS 0x0000000085c00000, 0x0000000085c00000| Untracked 
|  53|0x0000000085d00000, 0x0000000085d00000, 0x0000000085e00000|  0%| F|  |TAMS 0x0000000085d00000, 0x0000000085d00000| Untracked 
|  54|0x0000000085e00000, 0x0000000085e00000, 0x0000000085f00000|  0%| F|  |TAMS 0x0000000085e00000, 0x0000000085e00000| Untracked 
|  55|0x0000000085f00000, 0x0000000085f00000, 0x0000000086000000|  0%| F|  |TAMS 0x0000000085f00000, 0x0000000085f00000| Untracked 
|  56|0x0000000086000000, 0x0000000086000000, 0x0000000086100000|  0%| F|  |TAMS 0x0000000086000000, 0x0000000086000000| Untracked 
|  57|0x0000000086100000, 0x0000000086100000, 0x0000000086200000|  0%| F|  |TAMS 0x0000000086100000, 0x0000000086100000| Untracked 
|  58|0x0000000086200000, 0x0000000086200000, 0x0000000086300000|  0%| F|  |TAMS 0x0000000086200000, 0x0000000086200000| Untracked 
|  59|0x0000000086300000, 0x0000000086300000, 0x0000000086400000|  0%| F|  |TAMS 0x0000000086300000, 0x0000000086300000| Untracked 
|  60|0x0000000086400000, 0x0000000086400000, 0x0000000086500000|  0%| F|  |TAMS 0x0000000086400000, 0x0000000086400000| Untracked 
|  61|0x0000000086500000, 0x0000000086500000, 0x0000000086600000|  0%| F|  |TAMS 0x0000000086500000, 0x0000000086500000| Untracked 
|  62|0x0000000086600000, 0x0000000086600000, 0x0000000086700000|  0%| F|  |TAMS 0x0000000086600000, 0x0000000086600000| Untracked 
|  63|0x0000000086700000, 0x0000000086700000, 0x0000000086800000|  0%| F|  |TAMS 0x0000000086700000, 0x0000000086700000| Untracked 
|  64|0x0000000086800000, 0x0000000086800000, 0x0000000086900000|  0%| F|  |TAMS 0x0000000086800000, 0x0000000086800000| Untracked 
|  65|0x0000000086900000, 0x0000000086900000, 0x0000000086a00000|  0%| F|  |TAMS 0x0000000086900000, 0x0000000086900000| Untracked 
|  66|0x0000000086a00000, 0x0000000086a00000, 0x0000000086b00000|  0%| F|  |TAMS 0x0000000086a00000, 0x0000000086a00000| Untracked 
|  67|0x0000000086b00000, 0x0000000086b00000, 0x0000000086c00000|  0%| F|  |TAMS 0x0000000086b00000, 0x0000000086b00000| Untracked 
|  68|0x0000000086c00000, 0x0000000086c00000, 0x0000000086d00000|  0%| F|  |TAMS 0x0000000086c00000, 0x0000000086c00000| Untracked 
|  69|0x0000000086d00000, 0x0000000086d00000, 0x0000000086e00000|  0%| F|  |TAMS 0x0000000086d00000, 0x0000000086d00000| Untracked 
|  70|0x0000000086e00000, 0x0000000086e00000, 0x0000000086f00000|  0%| F|  |TAMS 0x0000000086e00000, 0x0000000086e00000| Untracked 
|  71|0x0000000086f00000, 0x0000000086f00000, 0x0000000087000000|  0%| F|  |TAMS 0x0000000086f00000, 0x0000000086f00000| Untracked 
|  72|0x0000000087000000, 0x0000000087000000, 0x0000000087100000|  0%| F|  |TAMS 0x0000000087000000, 0x0000000087000000| Untracked 
|  73|0x0000000087100000, 0x0000000087100000, 0x0000000087200000|  0%| F|  |TAMS 0x0000000087100000, 0x0000000087100000| Untracked 
|  74|0x0000000087200000, 0x0000000087200000, 0x0000000087300000|  0%| F|  |TAMS 0x0000000087200000, 0x0000000087200000| Untracked 
|  75|0x0000000087300000, 0x0000000087300000, 0x0000000087400000|  0%| F|  |TAMS 0x0000000087300000, 0x0000000087300000| Untracked 
|  76|0x0000000087400000, 0x0000000087400000, 0x0000000087500000|  0%| F|  |TAMS 0x0000000087400000, 0x0000000087400000| Untracked 
|  77|0x0000000087500000, 0x0000000087500000, 0x0000000087600000|  0%| F|  |TAMS 0x0000000087500000, 0x0000000087500000| Untracked 
|  78|0x0000000087600000, 0x0000000087600000, 0x0000000087700000|  0%| F|  |TAMS 0x0000000087600000, 0x0000000087600000| Untracked 
|  79|0x0000000087700000, 0x0000000087700000, 0x0000000087800000|  0%| F|  |TAMS 0x0000000087700000, 0x0000000087700000| Untracked 
|  80|0x0000000087800000, 0x0000000087800000, 0x0000000087900000|  0%| F|  |TAMS 0x0000000087800000, 0x0000000087800000| Untracked 
|  81|0x0000000087900000, 0x0000000087900000, 0x0000000087a00000|  0%| F|  |TAMS 0x0000000087900000, 0x0000000087900000| Untracked 
|  82|0x0000000087a00000, 0x0000000087a00000, 0x0000000087b00000|  0%| F|  |TAMS 0x0000000087a00000, 0x0000000087a00000| Untracked 
|  83|0x0000000087b00000, 0x0000000087b00000, 0x0000000087c00000|  0%| F|  |TAMS 0x0000000087b00000, 0x0000000087b00000| Untracked 
|  84|0x0000000087c00000, 0x0000000087c00000, 0x0000000087d00000|  0%| F|  |TAMS 0x0000000087c00000, 0x0000000087c00000| Untracked 
|  85|0x0000000087d00000, 0x0000000087d00000, 0x0000000087e00000|  0%| F|  |TAMS 0x0000000087d00000, 0x0000000087d00000| Untracked 
|  86|0x0000000087e00000, 0x0000000087e00000, 0x0000000087f00000|  0%| F|  |TAMS 0x0000000087e00000, 0x0000000087e00000| Untracked 
|  87|0x0000000087f00000, 0x0000000087f00000, 0x0000000088000000|  0%| F|  |TAMS 0x0000000087f00000, 0x0000000087f00000| Untracked 
|  88|0x0000000088000000, 0x0000000088000000, 0x0000000088100000|  0%| F|  |TAMS 0x0000000088000000, 0x0000000088000000| Untracked 
|  89|0x0000000088100000, 0x0000000088100000, 0x0000000088200000|  0%| F|  |TAMS 0x0000000088100000, 0x0000000088100000| Untracked 
|  90|0x0000000088200000, 0x0000000088200000, 0x0000000088300000|  0%| F|  |TAMS 0x0000000088200000, 0x0000000088200000| Untracked 
|  91|0x0000000088300000, 0x0000000088300000, 0x0000000088400000|  0%| F|  |TAMS 0x0000000088300000, 0x0000000088300000| Untracked 
|  92|0x0000000088400000, 0x0000000088400000, 0x0000000088500000|  0%| F|  |TAMS 0x0000000088400000, 0x0000000088400000| Untracked 
|  93|0x0000000088500000, 0x0000000088500000, 0x0000000088600000|  0%| F|  |TAMS 0x0000000088500000, 0x0000000088500000| Untracked 
|  94|0x0000000088600000, 0x0000000088600000, 0x0000000088700000|  0%| F|  |TAMS 0x0000000088600000, 0x0000000088600000| Untracked 
|  95|0x0000000088700000, 0x0000000088700000, 0x0000000088800000|  0%| F|  |TAMS 0x0000000088700000, 0x0000000088700000| Untracked 
|  96|0x0000000088800000, 0x0000000088800000, 0x0000000088900000|  0%| F|  |TAMS 0x0000000088800000, 0x0000000088800000| Untracked 
|  97|0x0000000088900000, 0x0000000088900000, 0x0000000088a00000|  0%| F|  |TAMS 0x0000000088900000, 0x0000000088900000| Untracked 
|  98|0x0000000088a00000, 0x0000000088a00000, 0x0000000088b00000|  0%| F|  |TAMS 0x0000000088a00000, 0x0000000088a00000| Untracked 
|  99|0x0000000088b00000, 0x0000000088b00000, 0x0000000088c00000|  0%| F|  |TAMS 0x0000000088b00000, 0x0000000088b00000| Untracked 
| 100|0x0000000088c00000, 0x0000000088c00000, 0x0000000088d00000|  0%| F|  |TAMS 0x0000000088c00000, 0x0000000088c00000| Untracked 
| 101|0x0000000088d00000, 0x0000000088d00000, 0x0000000088e00000|  0%| F|  |TAMS 0x0000000088d00000, 0x0000000088d00000| Untracked 
| 102|0x0000000088e00000, 0x0000000088e00000, 0x0000000088f00000|  0%| F|  |TAMS 0x0000000088e00000, 0x0000000088e00000| Untracked 
| 103|0x0000000088f00000, 0x0000000088f00000, 0x0000000089000000|  0%| F|  |TAMS 0x0000000088f00000, 0x0000000088f00000| Untracked 
| 104|0x0000000089000000, 0x0000000089000000, 0x0000000089100000|  0%| F|  |TAMS 0x0000000089000000, 0x0000000089000000| Untracked 
| 105|0x0000000089100000, 0x0000000089100000, 0x0000000089200000|  0%| F|  |TAMS 0x0000000089100000, 0x0000000089100000| Untracked 
| 106|0x0000000089200000, 0x0000000089200000, 0x0000000089300000|  0%| F|  |TAMS 0x0000000089200000, 0x0000000089200000| Untracked 
| 107|0x0000000089300000, 0x0000000089300000, 0x0000000089400000|  0%| F|  |TAMS 0x0000000089300000, 0x0000000089300000| Untracked 
| 108|0x0000000089400000, 0x0000000089400000, 0x0000000089500000|  0%| F|  |TAMS 0x0000000089400000, 0x0000000089400000| Untracked 
| 109|0x0000000089500000, 0x0000000089500000, 0x0000000089600000|  0%| F|  |TAMS 0x0000000089500000, 0x0000000089500000| Untracked 
| 110|0x0000000089600000, 0x0000000089600000, 0x0000000089700000|  0%| F|  |TAMS 0x0000000089600000, 0x0000000089600000| Untracked 
| 111|0x0000000089700000, 0x0000000089800000, 0x0000000089800000|100%| E|  |TAMS 0x0000000089700000, 0x0000000089700000| Complete 
| 112|0x0000000089800000, 0x0000000089900000, 0x0000000089900000|100%| E|CS|TAMS 0x0000000089800000, 0x0000000089800000| Complete 
| 113|0x0000000089900000, 0x0000000089a00000, 0x0000000089a00000|100%| E|CS|TAMS 0x0000000089900000, 0x0000000089900000| Complete 
| 114|0x0000000089a00000, 0x0000000089b00000, 0x0000000089b00000|100%| E|CS|TAMS 0x0000000089a00000, 0x0000000089a00000| Complete 
| 115|0x0000000089b00000, 0x0000000089c00000, 0x0000000089c00000|100%| E|CS|TAMS 0x0000000089b00000, 0x0000000089b00000| Complete 
| 116|0x0000000089c00000, 0x0000000089d00000, 0x0000000089d00000|100%| E|CS|TAMS 0x0000000089c00000, 0x0000000089c00000| Complete 
| 117|0x0000000089d00000, 0x0000000089e00000, 0x0000000089e00000|100%| E|CS|TAMS 0x0000000089d00000, 0x0000000089d00000| Complete 
| 118|0x0000000089e00000, 0x0000000089f00000, 0x0000000089f00000|100%| E|CS|TAMS 0x0000000089e00000, 0x0000000089e00000| Complete 
| 119|0x0000000089f00000, 0x000000008a000000, 0x000000008a000000|100%| E|CS|TAMS 0x0000000089f00000, 0x0000000089f00000| Complete 
| 120|0x000000008a000000, 0x000000008a100000, 0x000000008a100000|100%| E|CS|TAMS 0x000000008a000000, 0x000000008a000000| Complete 
| 121|0x000000008a100000, 0x000000008a200000, 0x000000008a200000|100%| E|CS|TAMS 0x000000008a100000, 0x000000008a100000| Complete 
| 122|0x000000008a200000, 0x000000008a300000, 0x000000008a300000|100%| E|CS|TAMS 0x000000008a200000, 0x000000008a200000| Complete 
| 123|0x000000008a300000, 0x000000008a400000, 0x000000008a400000|100%| E|CS|TAMS 0x000000008a300000, 0x000000008a300000| Complete 
| 124|0x000000008a400000, 0x000000008a500000, 0x000000008a500000|100%| E|CS|TAMS 0x000000008a400000, 0x000000008a400000| Complete 
| 125|0x000000008a500000, 0x000000008a600000, 0x000000008a600000|100%| E|CS|TAMS 0x000000008a500000, 0x000000008a500000| Complete 

Card table byte_map: [0x0000014b2faf0000,0x0000014b2fee0000] _byte_map_base: 0x0000014b2f6dc000

Marking Bits (Prev, Next): (CMBitMap*) 0x0000014b184bea70, (CMBitMap*) 0x0000014b184beab0
 Prev Bits: [0x0000014b302d0000, 0x0000014b32230000)
 Next Bits: [0x0000014b32230000, 0x0000014b34190000)

Polling page: 0x0000014b163e0000

Metaspace:

Usage:
  Non-class:     11.94 MB used.
      Class:      1.44 MB used.
       Both:     13.39 MB used.

Virtual space:
  Non-class space:       64.00 MB reserved,      12.06 MB ( 19%) committed,  1 nodes.
      Class space:        1.00 GB reserved,       1.56 MB ( <1%) committed,  1 nodes.
             Both:        1.06 GB reserved,      13.62 MB (  1%) committed. 

Chunk freelists:
   Non-Class:  3.02 MB
       Class:  2.45 MB
        Both:  5.47 MB

MaxMetaspaceSize: unlimited
CompressedClassSpaceSize: 1.00 GB
Initial GC threshold: 21.00 MB
Current GC threshold: 21.00 MB
CDS: on
MetaspaceReclaimPolicy: balanced
 - commit_granule_bytes: 65536.
 - commit_granule_words: 8192.
 - virtual_space_node_default_size: 8388608.
 - enlarge_chunks_in_place: 1.
 - new_chunks_are_fully_committed: 0.
 - uncommit_free_chunks: 1.
 - use_allocation_guard: 0.


Internal statistics:

num_allocs_failed_limit: 0.
num_arena_births: 240.
num_arena_deaths: 0.
num_vsnodes_births: 2.
num_vsnodes_deaths: 0.
num_space_committed: 218.
num_space_uncommitted: 0.
num_chunks_returned_to_freelist: 0.
num_chunks_taken_from_freelist: 690.
num_chunk_merges: 0.
num_chunk_splits: 504.
num_chunks_enlarged: 391.
num_inconsistent_stats: 0.

CodeHeap 'non-profiled nmethods': size=120000Kb used=1837Kb max_used=1837Kb free=118162Kb
 bounds [0x0000014b27e90000, 0x0000014b28100000, 0x0000014b2f3c0000]
CodeHeap 'profiled nmethods': size=120000Kb used=7236Kb max_used=7236Kb free=112764Kb
 bounds [0x0000014b203c0000, 0x0000014b20ae0000, 0x0000014b278f0000]
CodeHeap 'non-nmethods': size=5760Kb used=1264Kb max_used=1332Kb free=4496Kb
 bounds [0x0000014b278f0000, 0x0000014b27b60000, 0x0000014b27e90000]
 total_blobs=4125 nmethods=3648 adapters=386
 compilation: enabled
              stopped_count=0, restarted_count=0
 full_count=0

Compilation events (20 events):
Event: 231.507 Thread 0x0000014b36be2410 3737       3       org.eclipse.aether.util.graph.selector.ExclusionDependencySelector::selectDependency (50 bytes)
Event: 231.512 Thread 0x0000014b36be15c0 nmethod 3734 0x0000014b28058f10 code [0x0000014b28059100, 0x0000014b28059818]
Event: 231.512 Thread 0x0000014b36be15c0 3735       4       org.apache.maven.model.merge.ModelMerger::merge (74 bytes)
Event: 231.548 Thread 0x0000014b36be15c0 nmethod 3735 0x0000014b28059d90 code [0x0000014b28059f80, 0x0000014b2805a678]
Event: 231.568 Thread 0x0000014b36be15c0 3741   !   4       org.codehaus.plexus.interpolation.StringSearchInterpolator::interpolate (53 bytes)
Event: 231.587 Thread 0x0000014b36be2410 nmethod 3737 0x0000014b20acb610 code [0x0000014b20acb7e0, 0x0000014b20acbaa8]
Event: 231.587 Thread 0x0000014b36be2410 3739       3       org.apache.maven.model.PatternSet::getIncludes (23 bytes)
Event: 231.671 Thread 0x0000014b36be2410 nmethod 3739 0x0000014b20acbc10 code [0x0000014b20acbde0, 0x0000014b20acc1d8]
Event: 231.713 Thread 0x0000014b36be15c0 nmethod 3741 0x0000014b2805ab90 code [0x0000014b2805ad40, 0x0000014b2805aff8]
Event: 232.440 Thread 0x0000014b36be2410 3742       3       java.lang.String::<init> (13 bytes)
Event: 232.710 Thread 0x0000014b36be2410 nmethod 3742 0x0000014b20acc310 code [0x0000014b20acc520, 0x0000014b20accb88]
Event: 233.314 Thread 0x0000014b36be2410 3744       3       org.codehaus.plexus.util.xml.pull.MXParser::parseXmlDecl (268 bytes)
Event: 233.879 Thread 0x0000014b36be2410 nmethod 3744 0x0000014b20acce90 code [0x0000014b20acd320, 0x0000014b20acf0f8]
Event: 233.879 Thread 0x0000014b36be2410 3745       3       org.codehaus.plexus.interpolation.StringSearchInterpolator::<init> (55 bytes)
Event: 233.881 Thread 0x0000014b36be2410 nmethod 3745 0x0000014b20acfa90 code [0x0000014b20acfcc0, 0x0000014b20ad0638]
Event: 235.076 Thread 0x0000014b36be2410 3747       3       java.util.Properties::keys (11 bytes)
Event: 237.402 Thread 0x0000014b36be2410 nmethod 3747 0x0000014b20ad0890 code [0x0000014b20ad0a60, 0x0000014b20ad0e18]
Event: 240.024 Thread 0x0000014b36be15c0 3748       4       org.eclipse.sisu.inject.LazyBeanEntry::getValue (10 bytes)
Event: 240.431 Thread 0x0000014b36be2410 3749       1       org.apache.maven.model.profile.DefaultProfileActivationContext::getUserProperties (5 bytes)
Event: 240.563 Thread 0x0000014b36be2410 nmethod 3749 0x0000014b2805b210 code [0x0000014b2805b3a0, 0x0000014b2805b458]

GC Heap History (6 events):
Event: 1.804 GC heap before
{Heap before GC invocations=0 (full 0):
 garbage-first heap   total 129024K, used 22528K [0x0000000082800000, 0x0000000100000000)
  region size 1024K, 23 young (23552K), 0 survivors (0K)
 Metaspace       used 4974K, committed 5120K, reserved 1114112K
  class space    used 563K, committed 640K, reserved 1048576K
}
Event: 1.811 GC heap after
{Heap after GC invocations=1 (full 0):
 garbage-first heap   total 129024K, used 3499K [0x0000000082800000, 0x0000000100000000)
  region size 1024K, 3 young (3072K), 3 survivors (3072K)
 Metaspace       used 4974K, committed 5120K, reserved 1114112K
  class space    used 563K, committed 640K, reserved 1048576K
}
Event: 3.093 GC heap before
{Heap before GC invocations=1 (full 0):
 garbage-first heap   total 129024K, used 34219K [0x0000000082800000, 0x0000000100000000)
  region size 1024K, 33 young (33792K), 3 survivors (3072K)
 Metaspace       used 10272K, committed 10432K, reserved 1114112K
  class space    used 1209K, committed 1280K, reserved 1048576K
}
Event: 3.102 GC heap after
{Heap after GC invocations=2 (full 0):
 garbage-first heap   total 129024K, used 6063K [0x0000000082800000, 0x0000000100000000)
  region size 1024K, 3 young (3072K), 3 survivors (3072K)
 Metaspace       used 10272K, committed 10432K, reserved 1114112K
  class space    used 1209K, committed 1280K, reserved 1048576K
}
Event: 213.346 GC heap before
{Heap before GC invocations=2 (full 0):
 garbage-first heap   total 129024K, used 79791K [0x0000000082800000, 0x0000000100000000)
  region size 1024K, 75 young (76800K), 3 survivors (3072K)
 Metaspace       used 13326K, committed 13568K, reserved 1114112K
  class space    used 1465K, committed 1600K, reserved 1048576K
}
Event: 213.883 GC heap after
{Heap after GC invocations=3 (full 0):
 garbage-first heap   total 129024K, used 13319K [0x0000000082800000, 0x0000000100000000)
  region size 1024K, 10 young (10240K), 10 survivors (10240K)
 Metaspace       used 13326K, committed 13568K, reserved 1114112K
  class space    used 1465K, committed 1600K, reserved 1048576K
}

Dll operation events (8 events):
Event: 0.155 Loaded shared library C:\Program Files\Java\jdk-19\bin\java.dll
Event: 0.465 Loaded shared library C:\Program Files\Java\jdk-19\bin\jsvml.dll
Event: 0.864 Loaded shared library C:\Program Files\Java\jdk-19\bin\net.dll
Event: 0.872 Loaded shared library C:\Program Files\Java\jdk-19\bin\nio.dll
Event: 0.880 Loaded shared library C:\Program Files\Java\jdk-19\bin\zip.dll
Event: 1.070 Loaded shared library C:\Program Files\Java\jdk-19\bin\jimage.dll
Event: 1.086 Loaded shared library C:\Users\User\Desktop\NETBEAN\NetBeans-15\netbeans\java\maven\lib\jansi-native\Windows\x86_64\jansi.dll
Event: 1.098 Loaded shared library C:\Program Files\Java\jdk-19\bin\verify.dll

Deoptimization events (20 events):
Event: 220.469 Thread 0x0000014b1845e4a0 DEOPT PACKING pc=0x0000014b27f5b15c sp=0x00000003926fdf20
Event: 220.469 Thread 0x0000014b1845e4a0 DEOPT UNPACKING pc=0x0000014b27956da3 sp=0x00000003926fddb8 mode 2
Event: 220.469 Thread 0x0000014b1845e4a0 Uncommon trap: trap_request=0xffffff45 fr.pc=0x0000014b27efded4 relative=0x0000000000000234
Event: 220.469 Thread 0x0000014b1845e4a0 Uncommon trap: reason=unstable_if action=reinterpret pc=0x0000014b27efded4 method=java.util.HashMap.hash(Ljava/lang/Object;)I @ 1 c2
Event: 220.469 Thread 0x0000014b1845e4a0 DEOPT PACKING pc=0x0000014b27efded4 sp=0x00000003926fdeb0
Event: 220.469 Thread 0x0000014b1845e4a0 DEOPT UNPACKING pc=0x0000014b27956da3 sp=0x00000003926fddb8 mode 2
Event: 220.469 Thread 0x0000014b1845e4a0 Uncommon trap: trap_request=0xffffff45 fr.pc=0x0000014b27ef9ab8 relative=0x0000000000000098
Event: 220.469 Thread 0x0000014b1845e4a0 Uncommon trap: reason=unstable_if action=reinterpret pc=0x0000014b27ef9ab8 method=java.util.HashMap.hash(Ljava/lang/Object;)I @ 1 c2
Event: 220.469 Thread 0x0000014b1845e4a0 DEOPT PACKING pc=0x0000014b27ef9ab8 sp=0x00000003926fde20
Event: 220.469 Thread 0x0000014b1845e4a0 DEOPT UNPACKING pc=0x0000014b27956da3 sp=0x00000003926fddb8 mode 2
Event: 222.031 Thread 0x0000014b1845e4a0 Uncommon trap: trap_request=0xffffffbe fr.pc=0x0000014b28033868 relative=0x0000000000001388
Event: 222.031 Thread 0x0000014b1845e4a0 Uncommon trap: reason=profile_predicate action=maybe_recompile pc=0x0000014b28033868 method=java.util.regex.Pattern$CharPropertyGreedy.match(Ljava/util/regex/Matcher;ILjava/lang/CharSequence;)Z @ 103 c2
Event: 222.031 Thread 0x0000014b1845e4a0 DEOPT PACKING pc=0x0000014b28033868 sp=0x00000003926fdd40
Event: 222.032 Thread 0x0000014b1845e4a0 DEOPT UNPACKING pc=0x0000014b27956da3 sp=0x00000003926fdcc0 mode 2
Event: 222.033 Thread 0x0000014b1845e4a0 Uncommon trap: trap_request=0xffffffbe fr.pc=0x0000014b28033868 relative=0x0000000000001388
Event: 222.033 Thread 0x0000014b1845e4a0 Uncommon trap: reason=profile_predicate action=maybe_recompile pc=0x0000014b28033868 method=java.util.regex.Pattern$CharPropertyGreedy.match(Ljava/util/regex/Matcher;ILjava/lang/CharSequence;)Z @ 103 c2
Event: 222.033 Thread 0x0000014b1845e4a0 DEOPT PACKING pc=0x0000014b28033868 sp=0x00000003926fdde0
Event: 222.033 Thread 0x0000014b1845e4a0 DEOPT UNPACKING pc=0x0000014b27956da3 sp=0x00000003926fdd60 mode 2
Event: 222.036 Thread 0x0000014b1845e4a0 DEOPT PACKING pc=0x0000014b20707f79 sp=0x00000003926fdd20
Event: 222.036 Thread 0x0000014b1845e4a0 DEOPT UNPACKING pc=0x0000014b27957543 sp=0x00000003926fd200 mode 0

Classes loaded (20 events):
Event: 3.712 Loading class sun/invoke/util/ValueConversions$1
Event: 3.712 Loading class sun/invoke/util/ValueConversions$1 done
Event: 3.712 Loading class java/lang/invoke/BoundMethodHandle$Species_LI
Event: 3.712 Loading class java/lang/invoke/BoundMethodHandle$Species_LI done
Event: 4.031 Loading class java/util/LinkedList$ListItr
Event: 4.038 Loading class java/util/LinkedList$ListItr done
Event: 180.179 Loading class java/io/InterruptedIOException
Event: 180.214 Loading class java/io/InterruptedIOException done
Event: 180.902 Loading class java/util/concurrent/locks/ReentrantReadWriteLock$NonfairSync
Event: 180.902 Loading class java/util/concurrent/locks/ReentrantReadWriteLock$Sync
Event: 180.903 Loading class java/util/concurrent/locks/ReentrantReadWriteLock$Sync done
Event: 180.904 Loading class java/util/concurrent/locks/ReentrantReadWriteLock$NonfairSync done
Event: 180.920 Loading class java/util/concurrent/locks/ReentrantReadWriteLock$Sync$ThreadLocalHoldCounter
Event: 180.920 Loading class java/util/concurrent/locks/ReentrantReadWriteLock$Sync$ThreadLocalHoldCounter done
Event: 180.921 Loading class java/util/concurrent/locks/ReentrantReadWriteLock$ReadLock
Event: 180.922 Loading class java/util/concurrent/locks/ReentrantReadWriteLock$ReadLock done
Event: 180.922 Loading class java/util/concurrent/locks/ReentrantReadWriteLock$WriteLock
Event: 180.923 Loading class java/util/concurrent/locks/ReentrantReadWriteLock$WriteLock done
Event: 216.093 Loading class sun/nio/cs/ISO_8859_1$Decoder
Event: 216.096 Loading class sun/nio/cs/ISO_8859_1$Decoder done

Classes unloaded (0 events):
No events

Classes redefined (0 events):
No events

Internal exceptions (20 events):
Event: 181.115 Thread 0x0000014b1845e4a0 Exception <a 'java/io/IOException'{0x0000000088e4beb8}> (0x0000000088e4beb8) 
thrown [s\open\src\hotspot\share\prims\jni.cpp, line 517]
Event: 181.115 Thread 0x0000014b1845e4a0 Exception <a 'java/io/IOException'{0x0000000088e4cb38}> (0x0000000088e4cb38) 
thrown [s\open\src\hotspot\share\prims\jni.cpp, line 517]
Event: 181.115 Thread 0x0000014b1845e4a0 Exception <a 'java/io/IOException'{0x0000000088e4d138}> (0x0000000088e4d138) 
thrown [s\open\src\hotspot\share\prims\jni.cpp, line 517]
Event: 181.115 Thread 0x0000014b1845e4a0 Exception <a 'java/io/IOException'{0x0000000088e4d700}> (0x0000000088e4d700) 
thrown [s\open\src\hotspot\share\prims\jni.cpp, line 517]
Event: 181.115 Thread 0x0000014b1845e4a0 Exception <a 'java/io/IOException'{0x0000000088e4da18}> (0x0000000088e4da18) 
thrown [s\open\src\hotspot\share\prims\jni.cpp, line 517]
Event: 220.467 Thread 0x0000014b1845e4a0 Implicit null exception at 0x0000014b27f5af6f to 0x0000014b27f5b140
Event: 220.469 Thread 0x0000014b1845e4a0 Implicit null exception at 0x0000014b27efdcef to 0x0000014b27efdeb8
Event: 220.469 Thread 0x0000014b1845e4a0 Implicit null exception at 0x0000014b27ef9a2f to 0x0000014b27ef9aa9
Event: 225.854 Thread 0x0000014b1845e4a0 Exception <a 'java/io/IOException'{0x0000000089a6e210}> (0x0000000089a6e210) 
thrown [s\open\src\hotspot\share\prims\jni.cpp, line 517]
Event: 225.854 Thread 0x0000014b1845e4a0 Exception <a 'java/io/IOException'{0x0000000089a6e810}> (0x0000000089a6e810) 
thrown [s\open\src\hotspot\share\prims\jni.cpp, line 517]
Event: 225.855 Thread 0x0000014b1845e4a0 Exception <a 'java/io/IOException'{0x0000000089a6edd8}> (0x0000000089a6edd8) 
thrown [s\open\src\hotspot\share\prims\jni.cpp, line 517]
Event: 225.855 Thread 0x0000014b1845e4a0 Exception <a 'java/io/IOException'{0x0000000089a6f3a0}> (0x0000000089a6f3a0) 
thrown [s\open\src\hotspot\share\prims\jni.cpp, line 517]
Event: 225.855 Thread 0x0000014b1845e4a0 Exception <a 'java/io/IOException'{0x0000000089a6fc60}> (0x0000000089a6fc60) 
thrown [s\open\src\hotspot\share\prims\jni.cpp, line 517]
Event: 225.855 Thread 0x0000014b1845e4a0 Exception <a 'java/io/IOException'{0x0000000089a70260}> (0x0000000089a70260) 
thrown [s\open\src\hotspot\share\prims\jni.cpp, line 517]
Event: 225.855 Thread 0x0000014b1845e4a0 Exception <a 'java/io/IOException'{0x0000000089a70828}> (0x0000000089a70828) 
thrown [s\open\src\hotspot\share\prims\jni.cpp, line 517]
Event: 225.855 Thread 0x0000014b1845e4a0 Exception <a 'java/io/IOException'{0x0000000089a70df0}> (0x0000000089a70df0) 
thrown [s\open\src\hotspot\share\prims\jni.cpp, line 517]
Event: 225.894 Thread 0x0000014b1845e4a0 Exception <a 'java/io/IOException'{0x0000000089a72c40}> (0x0000000089a72c40) 
thrown [s\open\src\hotspot\share\prims\jni.cpp, line 517]
Event: 225.894 Thread 0x0000014b1845e4a0 Exception <a 'java/io/IOException'{0x0000000089a73240}> (0x0000000089a73240) 
thrown [s\open\src\hotspot\share\prims\jni.cpp, line 517]
Event: 225.894 Thread 0x0000014b1845e4a0 Exception <a 'java/io/IOException'{0x0000000089a73808}> (0x0000000089a73808) 
thrown [s\open\src\hotspot\share\prims\jni.cpp, line 517]
Event: 225.894 Thread 0x0000014b1845e4a0 Exception <a 'java/io/IOException'{0x0000000089a73dd0}> (0x0000000089a73dd0) 
thrown [s\open\src\hotspot\share\prims\jni.cpp, line 517]

VM Operations (20 events):
Event: 222.751 Executing VM operation: Cleanup
Event: 222.751 Executing VM operation: Cleanup done
Event: 224.794 Executing VM operation: Cleanup
Event: 224.841 Executing VM operation: Cleanup done
Event: 225.867 Executing VM operation: Cleanup
Event: 225.899 Executing VM operation: Cleanup done
Event: 226.921 Executing VM operation: Cleanup
Event: 227.028 Executing VM operation: Cleanup done
Event: 228.066 Executing VM operation: Cleanup
Event: 228.131 Executing VM operation: Cleanup done
Event: 229.150 Executing VM operation: Cleanup
Event: 229.151 Executing VM operation: Cleanup done
Event: 230.161 Executing VM operation: Cleanup
Event: 230.195 Executing VM operation: Cleanup done
Event: 231.213 Executing VM operation: Cleanup
Event: 231.213 Executing VM operation: Cleanup done
Event: 232.295 Executing VM operation: Cleanup
Event: 232.369 Executing VM operation: Cleanup done
Event: 240.443 Executing VM operation: Cleanup
Event: 240.580 Executing VM operation: Cleanup done

Events (12 events):
Event: 0.465 Thread 0x0000014b1845e4a0 Thread added: 0x0000014b1845e4a0
Event: 0.533 Thread 0x0000014b36bd98b0 Thread added: 0x0000014b36bd98b0
Event: 0.533 Thread 0x0000014b36bda480 Thread added: 0x0000014b36bda480
Event: 0.533 Thread 0x0000014b36bdcdc0 Thread added: 0x0000014b36bdcdc0
Event: 0.534 Thread 0x0000014b36bdd6f0 Thread added: 0x0000014b36bdd6f0
Event: 0.534 Thread 0x0000014b36be0030 Thread added: 0x0000014b36be0030
Event: 0.534 Thread 0x0000014b36be0960 Thread added: 0x0000014b36be0960
Event: 0.534 Thread 0x0000014b36be15c0 Thread added: 0x0000014b36be15c0
Event: 0.538 Thread 0x0000014b36be2410 Thread added: 0x0000014b36be2410
Event: 0.538 Thread 0x0000014b36be2d80 Thread added: 0x0000014b36be2d80
Event: 0.565 Thread 0x0000014b36c3dfe0 Thread added: 0x0000014b36c3dfe0
Event: 0.568 Thread 0x0000014b3b00f0e0 Thread added: 0x0000014b3b00f0e0


Dynamic libraries:
0x00007ff75d2a0000 - 0x00007ff75d2b0000 	C:\Program Files\Java\jdk-19\bin\java.exe
0x00007ffd17dc0000 - 0x00007ffd17fc9000 	C:\WINDOWS\SYSTEM32\ntdll.dll
0x00007ffd16ad0000 - 0x00007ffd16b8e000 	C:\WINDOWS\System32\KERNEL32.DLL
0x00007ffd15870000 - 0x00007ffd15bf4000 	C:\WINDOWS\System32\KERNELBASE.dll
0x00007ffd15270000 - 0x00007ffd15381000 	C:\WINDOWS\System32\ucrtbase.dll
0x00007ffcfb4c0000 - 0x00007ffcfb4d8000 	C:\Program Files\Java\jdk-19\bin\jli.dll
0x00007ffd12330000 - 0x00007ffd1234b000 	C:\Program Files\Java\jdk-19\bin\VCRUNTIME140.dll
0x00007ffd177a0000 - 0x00007ffd1784f000 	C:\WINDOWS\System32\ADVAPI32.dll
0x00007ffd176d0000 - 0x00007ffd17773000 	C:\WINDOWS\System32\msvcrt.dll
0x00007ffd17630000 - 0x00007ffd176ce000 	C:\WINDOWS\System32\sechost.dll
0x00007ffd16910000 - 0x00007ffd16a31000 	C:\WINDOWS\System32\RPCRT4.dll
0x00007ffd15cd0000 - 0x00007ffd15e7d000 	C:\WINDOWS\System32\USER32.dll
0x00007ffd15c00000 - 0x00007ffd15c26000 	C:\WINDOWS\System32\win32u.dll
0x00007ffd16c70000 - 0x00007ffd16c9a000 	C:\WINDOWS\System32\GDI32.dll
0x00007ffd15540000 - 0x00007ffd1565f000 	C:\WINDOWS\System32\gdi32full.dll
0x00007ffd15660000 - 0x00007ffd156fd000 	C:\WINDOWS\System32\msvcp_win.dll
0x00007ffcff340000 - 0x00007ffcff5e5000 	C:\WINDOWS\WinSxS\amd64_microsoft.windows.common-controls_6595b64144ccf1df_6.0.22000.120_none_9d947278b86cc467\COMCTL32.dll
0x00007ffd0f3f0000 - 0x00007ffd0f3fa000 	C:\WINDOWS\SYSTEM32\VERSION.dll
0x00007ffd15c90000 - 0x00007ffd15cc1000 	C:\WINDOWS\System32\IMM32.DLL
0x00007ffd12380000 - 0x00007ffd1238c000 	C:\Program Files\Java\jdk-19\bin\vcruntime140_1.dll
0x00007ffcea700000 - 0x00007ffcea78e000 	C:\Program Files\Java\jdk-19\bin\msvcp140.dll
0x00007ffcaf740000 - 0x00007ffcb0400000 	C:\Program Files\Java\jdk-19\bin\server\jvm.dll
0x00007ffce9940000 - 0x00007ffce9949000 	C:\WINDOWS\SYSTEM32\WSOCK32.dll
0x00007ffd15e80000 - 0x00007ffd15eef000 	C:\WINDOWS\System32\WS2_32.dll
0x00007ffd0f410000 - 0x00007ffd0f443000 	C:\WINDOWS\SYSTEM32\WINMM.dll
0x00007ffd143e0000 - 0x00007ffd143f8000 	C:\WINDOWS\SYSTEM32\kernel.appcore.dll
0x00007ffd11b30000 - 0x00007ffd11b3a000 	C:\Program Files\Java\jdk-19\bin\jimage.dll
0x00007ffd12ed0000 - 0x00007ffd130f1000 	C:\WINDOWS\SYSTEM32\DBGHELP.DLL
0x00007ffcfca70000 - 0x00007ffcfcaa1000 	C:\WINDOWS\SYSTEM32\dbgcore.DLL
0x00007ffd15450000 - 0x00007ffd154cf000 	C:\WINDOWS\System32\bcryptPrimitives.dll
0x00007ffd11ab0000 - 0x00007ffd11ad6000 	C:\Program Files\Java\jdk-19\bin\java.dll
0x00007ffce79d0000 - 0x00007ffce7aa7000 	C:\Program Files\Java\jdk-19\bin\jsvml.dll
0x00007ffd16ca0000 - 0x00007ffd17465000 	C:\WINDOWS\System32\SHELL32.dll
0x00007ffd13360000 - 0x00007ffd13bc4000 	C:\WINDOWS\SYSTEM32\windows.storage.dll
0x00007ffd16520000 - 0x00007ffd16896000 	C:\WINDOWS\System32\combase.dll
0x00007ffd131f0000 - 0x00007ffd13357000 	C:\WINDOWS\SYSTEM32\wintypes.dll
0x00007ffd174d0000 - 0x00007ffd175ba000 	C:\WINDOWS\System32\SHCORE.dll
0x00007ffd15c30000 - 0x00007ffd15c8d000 	C:\WINDOWS\System32\shlwapi.dll
0x00007ffd151a0000 - 0x00007ffd151c1000 	C:\WINDOWS\SYSTEM32\profapi.dll
0x00007ffd04080000 - 0x00007ffd04093000 	C:\Program Files\Java\jdk-19\bin\net.dll
0x00007ffd0edc0000 - 0x00007ffd0eed3000 	C:\WINDOWS\SYSTEM32\WINHTTP.dll
0x00007ffd14880000 - 0x00007ffd148e7000 	C:\WINDOWS\system32\mswsock.dll
0x00007ffcfd5f0000 - 0x00007ffcfd606000 	C:\Program Files\Java\jdk-19\bin\nio.dll
0x00007ffcfd5d0000 - 0x00007ffcfd5e8000 	C:\Program Files\Java\jdk-19\bin\zip.dll
0x0000000069ac0000 - 0x0000000069ae4000 	C:\Users\User\Desktop\NETBEAN\NetBeans-15\netbeans\java\maven\lib\jansi-native\Windows\x86_64\jansi.dll
0x00007ffd10620000 - 0x00007ffd10630000 	C:\Program Files\Java\jdk-19\bin\verify.dll

dbghelp: loaded successfully - version: 4.0.5 - missing functions: none
symbol engine: initialized successfully - sym options: 0x614 - pdb path: .;C:\Program Files\Java\jdk-19\bin;C:\WINDOWS\SYSTEM32;C:\WINDOWS\WinSxS\amd64_microsoft.windows.common-controls_6595b64144ccf1df_6.0.22000.120_none_9d947278b86cc467;C:\Program Files\Java\jdk-19\bin\server;C:\Users\User\Desktop\NETBEAN\NetBeans-15\netbeans\java\maven\lib\jansi-native\Windows\x86_64

VM Arguments:
jvm_args: -Dclassworlds.conf=C:\Users\User\Desktop\NETBEAN\NetBeans-15\netbeans\java\maven\bin\m2.conf -Dmaven.home=C:\Users\User\Desktop\NETBEAN\NetBeans-15\netbeans\java\maven -Dlibrary.jansi.path=C:\Users\User\Desktop\NETBEAN\NetBeans-15\netbeans\java\maven\lib\jansi-native -Dmaven.multiModuleProjectDirectory=C:\Users\User\Desktop\NETBEAN\WallStreetWarriors 
java_command: org.codehaus.plexus.classworlds.launcher.Launcher -Dmaven.ext.class.path=C:\Users\User\Desktop\NETBEAN\NetBeans-15\netbeans\java\maven-nblib\netbeans-eventspy.jar install
java_class_path (initial): C:\Users\User\Desktop\NETBEAN\NetBeans-15\netbeans\java\maven\boot\plexus-classworlds-2.6.0.jar
Launcher Type: SUN_STANDARD

[Global flags]
     intx CICompilerCount                          = 4                                         {product} {ergonomic}
     uint ConcGCThreads                            = 2                                         {product} {ergonomic}
     uint G1ConcRefinementThreads                  = 8                                         {product} {ergonomic}
   size_t G1HeapRegionSize                         = 1048576                                   {product} {ergonomic}
    uintx GCDrainStackTargetSize                   = 64                                        {product} {ergonomic}
   size_t InitialHeapSize                          = 132120576                                 {product} {ergonomic}
   size_t MarkStackSize                            = 4194304                                   {product} {ergonomic}
   size_t MaxHeapSize                              = 2105540608                                {product} {ergonomic}
   size_t MaxNewSize                               = 1262485504                                {product} {ergonomic}
   size_t MinHeapDeltaBytes                        = 1048576                                   {product} {ergonomic}
   size_t MinHeapSize                              = 8388608                                   {product} {ergonomic}
    uintx NonNMethodCodeHeapSize                   = 5839372                                {pd product} {ergonomic}
    uintx NonProfiledCodeHeapSize                  = 122909434                              {pd product} {ergonomic}
    uintx ProfiledCodeHeapSize                     = 122909434                              {pd product} {ergonomic}
    uintx ReservedCodeCacheSize                    = 251658240                              {pd product} {ergonomic}
     bool SegmentedCodeCache                       = true                                      {product} {ergonomic}
   size_t SoftMaxHeapSize                          = 2105540608                             {manageable} {ergonomic}
     bool UseCompressedClassPointers               = true                           {product lp64_product} {ergonomic}
     bool UseCompressedOops                        = true                           {product lp64_product} {ergonomic}
     bool UseG1GC                                  = true                                      {product} {ergonomic}
     bool UseLargePagesIndividualAllocation        = false                                  {pd product} {ergonomic}

Logging:
Log output configuration:
 #0: stdout all=warning uptime,level,tags foldmultilines=false
 #1: stderr all=off uptime,level,tags foldmultilines=false

Environment Variables:
JAVA_HOME=C:\Program Files\Java\jdk-19
PATH=C:\Program Files\Common Files\Oracle\Java\javapath;C:\Windows\system32;C:\Windows;C:\Windows\System32\Wbem;C:\Windows\System32\WindowsPowerShell\v1.0\;C:\Windows\System32\OpenSSH\;C:\Program Files (x86)\NVIDIA Corporation\PhysX\Common;C:\Program Files\NVIDIA Corporation\NVIDIA NvDLISR;C:\WINDOWS\system32;C:\WINDOWS;C:\WINDOWS\System32\Wbem;C:\WINDOWS\System32\WindowsPowerShell\v1.0\;C:\WINDOWS\System32\OpenSSH\;C:\Program Files\Java\jdk-19\bin;C:\Program Files\Microsoft SQL Server\130\Tools\Binn\;C:\Program Files\nodejs\;C:\Program Files\Git\cmd;C:\Users\User\AppData\Local\Programs\Python\Python311\Scripts\;C:\Users\User\AppData\Local\Programs\Python\Python311\;C:\Users\User\AppData\Local\Microsoft\WindowsApps;C:\Users\User\Desktop\Useful tools\Microsoft VS Code\bin;C:\Users\User\AppData\Local\GitHubDesktop\bin;C:\Users\User\AppData\Roaming\npm;C:\Program Files\Graphviz\bin
USERNAME=User
OS=Windows_NT
PROCESSOR_IDENTIFIER=Intel64 Family 6 Model 165 Stepping 2, GenuineIntel
TMP=C:\Users\User\AppData\Local\Temp
TEMP=C:\Users\User\AppData\Local\Temp



---------------  S Y S T E M  ---------------

OS:
 Windows 11 , 64 bit Build 22000 (10.0.22000.1880)
OS uptime: 3 days 20:46 hours

CPU: total 8 (initial active 8) (4 cores per cpu, 2 threads per core) family 6 model 165 stepping 2 microcode 0xe0, cx8, cmov, fxsr, ht, mmx, 3dnowpref, sse, sse2, sse3, ssse3, sse4.1, sse4.2, popcnt, lzcnt, tsc, tscinvbit, avx, avx2, aes, erms, clmul, bmi1, bmi2, adx, fma, vzeroupper, clflush, clflushopt, rdtscp

Memory: 4k page, system-wide physical 8029M (50M free)
TotalPageFile size 32605M (AvailPageFile size 387M)
current process WorkingSet (physical memory assigned to process): 4M, peak: 105M
current process commit charge ("private bytes"): 235M, peak: 255M

vm_info: Java HotSpot(TM) 64-Bit Server VM (19+36-2238) for windows-amd64 JRE (19+36-2238), built on 2022-08-12T20:29:01Z by "mach5one" with MS VC++ 17.1 (VS2022)

END.
