#
# There is insufficient memory for the Java Runtime Environment to continue.
# Native memory allocation (malloc) failed to allocate 868752 bytes for Chunk::new
# Possible reasons:
#   The system is out of physical RAM or swap space
#   The process is running with CompressedOops enabled, and the Java Heap may be blocking the growth of the native heap
# Possible solutions:
#   Reduce memory load on the system
#   Increase physical memory or swap space
#   Check if swap backing store is full
#   Decrease Java heap size (-Xmx/-Xms)
#   Decrease number of Java threads
#   Set larger code cache with -XX:ReservedCodeCacheSize=
#   JVM is running with Unscaled Compressed Oops mode in which the Java heap is
#     placed in the first 4GB address space. The Java Heap base address is the
#     maximum limit for the native heap growth. Please use -XX:HeapBaseMinAddress
#     to set the Java Heap base and to place the Java Heap above 4GB virtual address.
# This output file may be truncated or incomplete.
#
#  Out of Memory Error (arena.cpp:184), pid=17496, tid=29412
#
# JRE version: Java(TM) SE Runtime Environment (19.0+36) (build 19+36-2238)
# Java VM: Java HotSpot(TM) 64-Bit Server VM (19+36-2238, mixed mode, sharing, tiered, compressed oops, compressed class ptrs, g1 gc, windows-amd64)
# No core dump will be written. Minidumps are not enabled by default on client versions of Windows
#

---------------  S U M M A R Y ------------

Command Line: -Dclassworlds.conf=C:\Users\User\Desktop\NETBEAN\NetBeans-15\netbeans\java\maven\bin\m2.conf -Dmaven.home=C:\Users\User\Desktop\NETBEAN\NetBeans-15\netbeans\java\maven -Dlibrary.jansi.path=C:\Users\User\Desktop\NETBEAN\NetBeans-15\netbeans\java\maven\lib\jansi-native -Dmaven.multiModuleProjectDirectory=C:\Users\User\Desktop\NETBEAN\WallStreetWarriors org.codehaus.plexus.classworlds.launcher.Launcher -Dmaven.ext.class.path=C:\Users\User\Desktop\NETBEAN\NetBeans-15\netbeans\java\maven-nblib\netbeans-eventspy.jar install

Host: Intel(R) Core(TM) i5-10300H CPU @ 2.50GHz, 8 cores, 7G,  Windows 11 , 64 bit Build 22000 (10.0.22000.1880)
Time: Mon Jun 12 20:45:25 2023 Malay Peninsula Standard Time elapsed time: 244.440984 seconds (0d 0h 4m 4s)

---------------  T H R E A D  ---------------

Current thread (0x0000018c72ee9a10):  JavaThread "C2 CompilerThread0" daemon [_thread_in_native, id=29412, stack(0x0000001bcdc00000,0x0000001bcdd00000)]


Current CompileTask:
C2: 244441 3579 %     4       org.codehaus.plexus.util.xml.Xpp3DomBuilder::build @ 28 (413 bytes)

Stack: [0x0000001bcdc00000,0x0000001bcdd00000]
Native frames: (J=compiled Java code, j=interpreted, Vv=VM code, C=native code)
V  [jvm.dll+0x6ee8fa]
V  [jvm.dll+0x857a1e]
V  [jvm.dll+0x85940e]
V  [jvm.dll+0x859ac3]
V  [jvm.dll+0x28291f]
V  [jvm.dll+0xc9b5f]
V  [jvm.dll+0xc9ee5]
V  [jvm.dll+0x3bcbac]
V  [jvm.dll+0x1ee31a]
V  [jvm.dll+0x24c41b]
V  [jvm.dll+0x24b671]
V  [jvm.dll+0x1d6d61]
V  [jvm.dll+0x25b0fa]
V  [jvm.dll+0x259588]
V  [jvm.dll+0x807928]
V  [jvm.dll+0x8015fa]
V  [jvm.dll+0x6ed5eb]
C  [ucrtbase.dll+0x26c0c]
C  [KERNEL32.DLL+0x155a0]
C  [ntdll.dll+0x485b]


---------------  P R O C E S S  ---------------

Threads class SMR info:
_java_thread_list=0x0000018c771be1c0, length=12, elements={
0x0000018c527dff50, 0x0000018c72ee5c80, 0x0000018c72ee6750, 0x0000018c72ee7220,
0x0000018c72ee7b50, 0x0000018c72ee8480, 0x0000018c72ee8db0, 0x0000018c72ee9a10,
0x0000018c72eee7c0, 0x0000018c72ef2580, 0x0000018c771de670, 0x0000018c771e1020
}

Java Threads: ( => current thread )
  0x0000018c527dff50 JavaThread "main" [_thread_in_Java, id=26688, stack(0x0000001bccf00000,0x0000001bcd000000)]
  0x0000018c72ee5c80 JavaThread "Reference Handler" daemon [_thread_blocked, id=24812, stack(0x0000001bcd600000,0x0000001bcd700000)]
  0x0000018c72ee6750 JavaThread "Finalizer" daemon [_thread_blocked, id=8576, stack(0x0000001bcd700000,0x0000001bcd800000)]
  0x0000018c72ee7220 JavaThread "Signal Dispatcher" daemon [_thread_blocked, id=26944, stack(0x0000001bcd800000,0x0000001bcd900000)]
  0x0000018c72ee7b50 JavaThread "Attach Listener" daemon [_thread_blocked, id=28536, stack(0x0000001bcd900000,0x0000001bcda00000)]
  0x0000018c72ee8480 JavaThread "Service Thread" daemon [_thread_blocked, id=26008, stack(0x0000001bcda00000,0x0000001bcdb00000)]
  0x0000018c72ee8db0 JavaThread "Monitor Deflation Thread" daemon [_thread_blocked, id=10592, stack(0x0000001bcdb00000,0x0000001bcdc00000)]
=>0x0000018c72ee9a10 JavaThread "C2 CompilerThread0" daemon [_thread_in_native, id=29412, stack(0x0000001bcdc00000,0x0000001bcdd00000)]
  0x0000018c72eee7c0 JavaThread "C1 CompilerThread0" daemon [_thread_blocked, id=11292, stack(0x0000001bcdd00000,0x0000001bcde00000)]
  0x0000018c72ef2580 JavaThread "Sweeper thread" daemon [_thread_blocked, id=7176, stack(0x0000001bcde00000,0x0000001bcdf00000)]
  0x0000018c771de670 JavaThread "Notification Thread" daemon [_thread_blocked, id=2380, stack(0x0000001bcdf00000,0x0000001bce000000)]
  0x0000018c771e1020 JavaThread "Common-Cleaner" daemon [_thread_blocked, id=21360, stack(0x0000001bce100000,0x0000001bce200000)]

Other Threads:
  0x0000018c72eca540 VMThread "VM Thread" [stack: 0x0000001bcd500000,0x0000001bcd600000] [id=30552]
  0x0000018c771e0bc0 WatcherThread "VM Periodic Task Thread" [stack: 0x0000001bce000000,0x0000001bce100000] [id=27432]
  0x0000018c5283fbf0 WorkerThread "GC Thread#0" [stack: 0x0000001bcd000000,0x0000001bcd100000] [id=28932]
  0x0000018c77b467e0 WorkerThread "GC Thread#1" [stack: 0x0000001bce200000,0x0000001bce300000] [id=20960]
  0x0000018c77b46ab0 WorkerThread "GC Thread#2" [stack: 0x0000001bce300000,0x0000001bce400000] [id=19588]
  0x0000018c77b46d80 WorkerThread "GC Thread#3" [stack: 0x0000001bce400000,0x0000001bce500000] [id=4952]
  0x0000018c77b47050 WorkerThread "GC Thread#4" [stack: 0x0000001bce500000,0x0000001bce600000] [id=16236]
  0x0000018c77b46510 WorkerThread "GC Thread#5" [stack: 0x0000001bce600000,0x0000001bce700000] [id=11316]
  0x0000018c77b45700 WorkerThread "GC Thread#6" [stack: 0x0000001bce700000,0x0000001bce800000] [id=7164]
  0x0000018c77b45430 WorkerThread "GC Thread#7" [stack: 0x0000001bce800000,0x0000001bce900000] [id=16768]
  0x0000018c52850550 ConcurrentGCThread "G1 Main Marker" [stack: 0x0000001bcd100000,0x0000001bcd200000] [id=8256]
  0x0000018c52850e80 WorkerThread "G1 Conc#0" [stack: 0x0000001bcd200000,0x0000001bcd300000] [id=29872]
  0x0000018c72d860e0 ConcurrentGCThread "G1 Refine#0" [stack: 0x0000001bcd300000,0x0000001bcd400000] [id=15312]
  0x0000018c72d86b20 ConcurrentGCThread "G1 Service" [stack: 0x0000001bcd400000,0x0000001bcd500000] [id=6496]

Threads with active compile tasks:
C2 CompilerThread0   244733 3579 %     4       org.codehaus.plexus.util.xml.Xpp3DomBuilder::build @ 28 (413 bytes)

VM state: not at safepoint (normal execution)

VM Mutex/Monitor currently owned by a thread: None

Heap address: 0x0000000082800000, size: 2008 MB, Compressed Oops mode: 32-bit

CDS archive(s) mapped at: [0x0000000800000000-0x0000000800c40000-0x0000000800c40000), size 12845056, SharedBaseAddress: 0x0000000800000000, ArchiveRelocationMode: 0.
Compressed class space mapped at: 0x0000000801000000-0x0000000841000000, reserved size: 1073741824
Narrow klass base: 0x0000000800000000, Narrow klass shift: 0, Narrow klass range: 0x100000000

GC Precious Log:
 CardTable entry size: 512
 Card Set container configuration: InlinePtr #cards 5 size 8 Array Of Cards #cards 12 size 40 Howl #buckets 4 coarsen threshold 1843 Howl Bitmap #cards 512 size 80 coarsen threshold 460 Card regions per heap region 1 cards per card region 2048
 CPUs: 8 total, 8 available
 Memory: 8029M
 Large Page Support: Disabled
 NUMA Support: Disabled
 Compressed Oops: Enabled (32-bit)
 Heap Region Size: 1M
 Heap Min Capacity: 8M
 Heap Initial Capacity: 126M
 Heap Max Capacity: 2008M
 Pre-touch: Disabled
 Parallel Workers: 8
 Concurrent Workers: 2
 Concurrent Refinement Workers: 8
 Periodic GC: Disabled

Heap:
 garbage-first heap   total 129024K, used 20381K [0x0000000082800000, 0x0000000100000000)
  region size 1024K, 18 young (18432K), 10 survivors (10240K)
 Metaspace       used 13538K, committed 13824K, reserved 1114112K
  class space    used 1466K, committed 1600K, reserved 1048576K

Heap Regions: E=young(eden), S=young(survivor), O=old, HS=humongous(starts), HC=humongous(continues), CS=collection set, F=free, OA=open archive, CA=closed archive, TAMS=top-at-mark-start (previous, next)
|   0|0x0000000082800000, 0x0000000082900000, 0x0000000082900000|100%| O|  |TAMS 0x0000000082800000, 0x0000000082800000| Untracked 
|   1|0x0000000082900000, 0x0000000082a00000, 0x0000000082a00000|100%| O|  |TAMS 0x0000000082900000, 0x0000000082900000| Untracked 
|   2|0x0000000082a00000, 0x0000000082b00000, 0x0000000082b00000|100%| O|  |TAMS 0x0000000082a00000, 0x0000000082a00000| Untracked 
|   3|0x0000000082b00000, 0x0000000082b77e00, 0x0000000082c00000| 46%| O|  |TAMS 0x0000000082b00000, 0x0000000082b00000| Untracked 
|   4|0x0000000082c00000, 0x0000000082c00000, 0x0000000082d00000|  0%| F|  |TAMS 0x0000000082c00000, 0x0000000082c00000| Untracked 
|   5|0x0000000082d00000, 0x0000000082d00000, 0x0000000082e00000|  0%| F|  |TAMS 0x0000000082d00000, 0x0000000082d00000| Untracked 
|   6|0x0000000082e00000, 0x0000000082e00000, 0x0000000082f00000|  0%| F|  |TAMS 0x0000000082e00000, 0x0000000082e00000| Untracked 
|   7|0x0000000082f00000, 0x0000000082f00000, 0x0000000083000000|  0%| F|  |TAMS 0x0000000082f00000, 0x0000000082f00000| Untracked 
|   8|0x0000000083000000, 0x0000000083000000, 0x0000000083100000|  0%| F|  |TAMS 0x0000000083000000, 0x0000000083000000| Untracked 
|   9|0x0000000083100000, 0x0000000083100000, 0x0000000083200000|  0%| F|  |TAMS 0x0000000083100000, 0x0000000083100000| Untracked 
|  10|0x0000000083200000, 0x0000000083200000, 0x0000000083300000|  0%| F|  |TAMS 0x0000000083200000, 0x0000000083200000| Untracked 
|  11|0x0000000083300000, 0x0000000083300000, 0x0000000083400000|  0%| F|  |TAMS 0x0000000083300000, 0x0000000083300000| Untracked 
|  12|0x0000000083400000, 0x0000000083400000, 0x0000000083500000|  0%| F|  |TAMS 0x0000000083400000, 0x0000000083400000| Untracked 
|  13|0x0000000083500000, 0x0000000083500000, 0x0000000083600000|  0%| F|  |TAMS 0x0000000083500000, 0x0000000083500000| Untracked 
|  14|0x0000000083600000, 0x0000000083600000, 0x0000000083700000|  0%| F|  |TAMS 0x0000000083600000, 0x0000000083600000| Untracked 
|  15|0x0000000083700000, 0x0000000083700000, 0x0000000083800000|  0%| F|  |TAMS 0x0000000083700000, 0x0000000083700000| Untracked 
|  16|0x0000000083800000, 0x0000000083800000, 0x0000000083900000|  0%| F|  |TAMS 0x0000000083800000, 0x0000000083800000| Untracked 
|  17|0x0000000083900000, 0x0000000083900000, 0x0000000083a00000|  0%| F|  |TAMS 0x0000000083900000, 0x0000000083900000| Untracked 
|  18|0x0000000083a00000, 0x0000000083a00000, 0x0000000083b00000|  0%| F|  |TAMS 0x0000000083a00000, 0x0000000083a00000| Untracked 
|  19|0x0000000083b00000, 0x0000000083b00000, 0x0000000083c00000|  0%| F|  |TAMS 0x0000000083b00000, 0x0000000083b00000| Untracked 
|  20|0x0000000083c00000, 0x0000000083c00000, 0x0000000083d00000|  0%| F|  |TAMS 0x0000000083c00000, 0x0000000083c00000| Untracked 
|  21|0x0000000083d00000, 0x0000000083d00000, 0x0000000083e00000|  0%| F|  |TAMS 0x0000000083d00000, 0x0000000083d00000| Untracked 
|  22|0x0000000083e00000, 0x0000000083e00000, 0x0000000083f00000|  0%| F|  |TAMS 0x0000000083e00000, 0x0000000083e00000| Untracked 
|  23|0x0000000083f00000, 0x0000000083f00000, 0x0000000084000000|  0%| F|  |TAMS 0x0000000083f00000, 0x0000000083f00000| Untracked 
|  24|0x0000000084000000, 0x0000000084000000, 0x0000000084100000|  0%| F|  |TAMS 0x0000000084000000, 0x0000000084000000| Untracked 
|  25|0x0000000084100000, 0x0000000084100000, 0x0000000084200000|  0%| F|  |TAMS 0x0000000084100000, 0x0000000084100000| Untracked 
|  26|0x0000000084200000, 0x0000000084200000, 0x0000000084300000|  0%| F|  |TAMS 0x0000000084200000, 0x0000000084200000| Untracked 
|  27|0x0000000084300000, 0x0000000084300000, 0x0000000084400000|  0%| F|  |TAMS 0x0000000084300000, 0x0000000084300000| Untracked 
|  28|0x0000000084400000, 0x0000000084400000, 0x0000000084500000|  0%| F|  |TAMS 0x0000000084400000, 0x0000000084400000| Untracked 
|  29|0x0000000084500000, 0x0000000084500000, 0x0000000084600000|  0%| F|  |TAMS 0x0000000084500000, 0x0000000084500000| Untracked 
|  30|0x0000000084600000, 0x0000000084600000, 0x0000000084700000|  0%| F|  |TAMS 0x0000000084600000, 0x0000000084600000| Untracked 
|  31|0x0000000084700000, 0x0000000084700000, 0x0000000084800000|  0%| F|  |TAMS 0x0000000084700000, 0x0000000084700000| Untracked 
|  32|0x0000000084800000, 0x0000000084800000, 0x0000000084900000|  0%| F|  |TAMS 0x0000000084800000, 0x0000000084800000| Untracked 
|  33|0x0000000084900000, 0x0000000084900000, 0x0000000084a00000|  0%| F|  |TAMS 0x0000000084900000, 0x0000000084900000| Untracked 
|  34|0x0000000084a00000, 0x0000000084a00000, 0x0000000084b00000|  0%| F|  |TAMS 0x0000000084a00000, 0x0000000084a00000| Untracked 
|  35|0x0000000084b00000, 0x0000000084b00000, 0x0000000084c00000|  0%| F|  |TAMS 0x0000000084b00000, 0x0000000084b00000| Untracked 
|  36|0x0000000084c00000, 0x0000000084c00000, 0x0000000084d00000|  0%| F|  |TAMS 0x0000000084c00000, 0x0000000084c00000| Untracked 
|  37|0x0000000084d00000, 0x0000000084d00000, 0x0000000084e00000|  0%| F|  |TAMS 0x0000000084d00000, 0x0000000084d00000| Untracked 
|  38|0x0000000084e00000, 0x0000000084e00000, 0x0000000084f00000|  0%| F|  |TAMS 0x0000000084e00000, 0x0000000084e00000| Untracked 
|  39|0x0000000084f00000, 0x0000000084f00000, 0x0000000085000000|  0%| F|  |TAMS 0x0000000084f00000, 0x0000000084f00000| Untracked 
|  40|0x0000000085000000, 0x0000000085000000, 0x0000000085100000|  0%| F|  |TAMS 0x0000000085000000, 0x0000000085000000| Untracked 
|  41|0x0000000085100000, 0x000000008516f750, 0x0000000085200000| 43%| S|CS|TAMS 0x0000000085100000, 0x0000000085100000| Complete 
|  42|0x0000000085200000, 0x0000000085300000, 0x0000000085300000|100%| S|CS|TAMS 0x0000000085200000, 0x0000000085200000| Complete 
|  43|0x0000000085300000, 0x0000000085400000, 0x0000000085400000|100%| S|CS|TAMS 0x0000000085300000, 0x0000000085300000| Complete 
|  44|0x0000000085400000, 0x0000000085500000, 0x0000000085500000|100%| S|CS|TAMS 0x0000000085400000, 0x0000000085400000| Complete 
|  45|0x0000000085500000, 0x0000000085600000, 0x0000000085600000|100%| S|CS|TAMS 0x0000000085500000, 0x0000000085500000| Complete 
|  46|0x0000000085600000, 0x0000000085700000, 0x0000000085700000|100%| S|CS|TAMS 0x0000000085600000, 0x0000000085600000| Complete 
|  47|0x0000000085700000, 0x0000000085800000, 0x0000000085800000|100%| S|CS|TAMS 0x0000000085700000, 0x0000000085700000| Complete 
|  48|0x0000000085800000, 0x0000000085900000, 0x0000000085900000|100%| S|CS|TAMS 0x0000000085800000, 0x0000000085800000| Complete 
|  49|0x0000000085900000, 0x0000000085a00000, 0x0000000085a00000|100%| S|CS|TAMS 0x0000000085900000, 0x0000000085900000| Complete 
|  50|0x0000000085a00000, 0x0000000085b00000, 0x0000000085b00000|100%| S|CS|TAMS 0x0000000085a00000, 0x0000000085a00000| Complete 
|  51|0x0000000085b00000, 0x0000000085b00000, 0x0000000085c00000|  0%| F|  |TAMS 0x0000000085b00000, 0x0000000085b00000| Untracked 
|  52|0x0000000085c00000, 0x0000000085c00000, 0x0000000085d00000|  0%| F|  |TAMS 0x0000000085c00000, 0x0000000085c00000| Untracked 
|  53|0x0000000085d00000, 0x0000000085d00000, 0x0000000085e00000|  0%| F|  |TAMS 0x0000000085d00000, 0x0000000085d00000| Untracked 
|  54|0x0000000085e00000, 0x0000000085e00000, 0x0000000085f00000|  0%| F|  |TAMS 0x0000000085e00000, 0x0000000085e00000| Untracked 
|  55|0x0000000085f00000, 0x0000000085f00000, 0x0000000086000000|  0%| F|  |TAMS 0x0000000085f00000, 0x0000000085f00000| Untracked 
|  56|0x0000000086000000, 0x0000000086000000, 0x0000000086100000|  0%| F|  |TAMS 0x0000000086000000, 0x0000000086000000| Untracked 
|  57|0x0000000086100000, 0x0000000086100000, 0x0000000086200000|  0%| F|  |TAMS 0x0000000086100000, 0x0000000086100000| Untracked 
|  58|0x0000000086200000, 0x0000000086200000, 0x0000000086300000|  0%| F|  |TAMS 0x0000000086200000, 0x0000000086200000| Untracked 
|  59|0x0000000086300000, 0x0000000086300000, 0x0000000086400000|  0%| F|  |TAMS 0x0000000086300000, 0x0000000086300000| Untracked 
|  60|0x0000000086400000, 0x0000000086400000, 0x0000000086500000|  0%| F|  |TAMS 0x0000000086400000, 0x0000000086400000| Untracked 
|  61|0x0000000086500000, 0x0000000086500000, 0x0000000086600000|  0%| F|  |TAMS 0x0000000086500000, 0x0000000086500000| Untracked 
|  62|0x0000000086600000, 0x0000000086600000, 0x0000000086700000|  0%| F|  |TAMS 0x0000000086600000, 0x0000000086600000| Untracked 
|  63|0x0000000086700000, 0x0000000086700000, 0x0000000086800000|  0%| F|  |TAMS 0x0000000086700000, 0x0000000086700000| Untracked 
|  64|0x0000000086800000, 0x0000000086800000, 0x0000000086900000|  0%| F|  |TAMS 0x0000000086800000, 0x0000000086800000| Untracked 
|  65|0x0000000086900000, 0x0000000086900000, 0x0000000086a00000|  0%| F|  |TAMS 0x0000000086900000, 0x0000000086900000| Untracked 
|  66|0x0000000086a00000, 0x0000000086a00000, 0x0000000086b00000|  0%| F|  |TAMS 0x0000000086a00000, 0x0000000086a00000| Untracked 
|  67|0x0000000086b00000, 0x0000000086b00000, 0x0000000086c00000|  0%| F|  |TAMS 0x0000000086b00000, 0x0000000086b00000| Untracked 
|  68|0x0000000086c00000, 0x0000000086c00000, 0x0000000086d00000|  0%| F|  |TAMS 0x0000000086c00000, 0x0000000086c00000| Untracked 
|  69|0x0000000086d00000, 0x0000000086d00000, 0x0000000086e00000|  0%| F|  |TAMS 0x0000000086d00000, 0x0000000086d00000| Untracked 
|  70|0x0000000086e00000, 0x0000000086e00000, 0x0000000086f00000|  0%| F|  |TAMS 0x0000000086e00000, 0x0000000086e00000| Untracked 
|  71|0x0000000086f00000, 0x0000000086f00000, 0x0000000087000000|  0%| F|  |TAMS 0x0000000086f00000, 0x0000000086f00000| Untracked 
|  72|0x0000000087000000, 0x0000000087000000, 0x0000000087100000|  0%| F|  |TAMS 0x0000000087000000, 0x0000000087000000| Untracked 
|  73|0x0000000087100000, 0x0000000087100000, 0x0000000087200000|  0%| F|  |TAMS 0x0000000087100000, 0x0000000087100000| Untracked 
|  74|0x0000000087200000, 0x0000000087200000, 0x0000000087300000|  0%| F|  |TAMS 0x0000000087200000, 0x0000000087200000| Untracked 
|  75|0x0000000087300000, 0x0000000087300000, 0x0000000087400000|  0%| F|  |TAMS 0x0000000087300000, 0x0000000087300000| Untracked 
|  76|0x0000000087400000, 0x0000000087400000, 0x0000000087500000|  0%| F|  |TAMS 0x0000000087400000, 0x0000000087400000| Untracked 
|  77|0x0000000087500000, 0x0000000087500000, 0x0000000087600000|  0%| F|  |TAMS 0x0000000087500000, 0x0000000087500000| Untracked 
|  78|0x0000000087600000, 0x0000000087600000, 0x0000000087700000|  0%| F|  |TAMS 0x0000000087600000, 0x0000000087600000| Untracked 
|  79|0x0000000087700000, 0x0000000087700000, 0x0000000087800000|  0%| F|  |TAMS 0x0000000087700000, 0x0000000087700000| Untracked 
|  80|0x0000000087800000, 0x0000000087800000, 0x0000000087900000|  0%| F|  |TAMS 0x0000000087800000, 0x0000000087800000| Untracked 
|  81|0x0000000087900000, 0x0000000087900000, 0x0000000087a00000|  0%| F|  |TAMS 0x0000000087900000, 0x0000000087900000| Untracked 
|  82|0x0000000087a00000, 0x0000000087a00000, 0x0000000087b00000|  0%| F|  |TAMS 0x0000000087a00000, 0x0000000087a00000| Untracked 
|  83|0x0000000087b00000, 0x0000000087b00000, 0x0000000087c00000|  0%| F|  |TAMS 0x0000000087b00000, 0x0000000087b00000| Untracked 
|  84|0x0000000087c00000, 0x0000000087c00000, 0x0000000087d00000|  0%| F|  |TAMS 0x0000000087c00000, 0x0000000087c00000| Untracked 
|  85|0x0000000087d00000, 0x0000000087d00000, 0x0000000087e00000|  0%| F|  |TAMS 0x0000000087d00000, 0x0000000087d00000| Untracked 
|  86|0x0000000087e00000, 0x0000000087e00000, 0x0000000087f00000|  0%| F|  |TAMS 0x0000000087e00000, 0x0000000087e00000| Untracked 
|  87|0x0000000087f00000, 0x0000000087f00000, 0x0000000088000000|  0%| F|  |TAMS 0x0000000087f00000, 0x0000000087f00000| Untracked 
|  88|0x0000000088000000, 0x0000000088000000, 0x0000000088100000|  0%| F|  |TAMS 0x0000000088000000, 0x0000000088000000| Untracked 
|  89|0x0000000088100000, 0x0000000088100000, 0x0000000088200000|  0%| F|  |TAMS 0x0000000088100000, 0x0000000088100000| Untracked 
|  90|0x0000000088200000, 0x0000000088200000, 0x0000000088300000|  0%| F|  |TAMS 0x0000000088200000, 0x0000000088200000| Untracked 
|  91|0x0000000088300000, 0x0000000088300000, 0x0000000088400000|  0%| F|  |TAMS 0x0000000088300000, 0x0000000088300000| Untracked 
|  92|0x0000000088400000, 0x0000000088400000, 0x0000000088500000|  0%| F|  |TAMS 0x0000000088400000, 0x0000000088400000| Untracked 
|  93|0x0000000088500000, 0x0000000088500000, 0x0000000088600000|  0%| F|  |TAMS 0x0000000088500000, 0x0000000088500000| Untracked 
|  94|0x0000000088600000, 0x0000000088600000, 0x0000000088700000|  0%| F|  |TAMS 0x0000000088600000, 0x0000000088600000| Untracked 
|  95|0x0000000088700000, 0x0000000088700000, 0x0000000088800000|  0%| F|  |TAMS 0x0000000088700000, 0x0000000088700000| Untracked 
|  96|0x0000000088800000, 0x0000000088800000, 0x0000000088900000|  0%| F|  |TAMS 0x0000000088800000, 0x0000000088800000| Untracked 
|  97|0x0000000088900000, 0x0000000088900000, 0x0000000088a00000|  0%| F|  |TAMS 0x0000000088900000, 0x0000000088900000| Untracked 
|  98|0x0000000088a00000, 0x0000000088a00000, 0x0000000088b00000|  0%| F|  |TAMS 0x0000000088a00000, 0x0000000088a00000| Untracked 
|  99|0x0000000088b00000, 0x0000000088b00000, 0x0000000088c00000|  0%| F|  |TAMS 0x0000000088b00000, 0x0000000088b00000| Untracked 
| 100|0x0000000088c00000, 0x0000000088c00000, 0x0000000088d00000|  0%| F|  |TAMS 0x0000000088c00000, 0x0000000088c00000| Untracked 
| 101|0x0000000088d00000, 0x0000000088d00000, 0x0000000088e00000|  0%| F|  |TAMS 0x0000000088d00000, 0x0000000088d00000| Untracked 
| 102|0x0000000088e00000, 0x0000000088e00000, 0x0000000088f00000|  0%| F|  |TAMS 0x0000000088e00000, 0x0000000088e00000| Untracked 
| 103|0x0000000088f00000, 0x0000000088f00000, 0x0000000089000000|  0%| F|  |TAMS 0x0000000088f00000, 0x0000000088f00000| Untracked 
| 104|0x0000000089000000, 0x0000000089000000, 0x0000000089100000|  0%| F|  |TAMS 0x0000000089000000, 0x0000000089000000| Untracked 
| 105|0x0000000089100000, 0x0000000089100000, 0x0000000089200000|  0%| F|  |TAMS 0x0000000089100000, 0x0000000089100000| Untracked 
| 106|0x0000000089200000, 0x0000000089200000, 0x0000000089300000|  0%| F|  |TAMS 0x0000000089200000, 0x0000000089200000| Untracked 
| 107|0x0000000089300000, 0x0000000089300000, 0x0000000089400000|  0%| F|  |TAMS 0x0000000089300000, 0x0000000089300000| Untracked 
| 108|0x0000000089400000, 0x0000000089400000, 0x0000000089500000|  0%| F|  |TAMS 0x0000000089400000, 0x0000000089400000| Untracked 
| 109|0x0000000089500000, 0x0000000089500000, 0x0000000089600000|  0%| F|  |TAMS 0x0000000089500000, 0x0000000089500000| Untracked 
| 110|0x0000000089600000, 0x0000000089600000, 0x0000000089700000|  0%| F|  |TAMS 0x0000000089600000, 0x0000000089600000| Untracked 
| 111|0x0000000089700000, 0x0000000089700000, 0x0000000089800000|  0%| F|  |TAMS 0x0000000089700000, 0x0000000089700000| Untracked 
| 112|0x0000000089800000, 0x0000000089800000, 0x0000000089900000|  0%| F|  |TAMS 0x0000000089800000, 0x0000000089800000| Untracked 
| 113|0x0000000089900000, 0x0000000089900000, 0x0000000089a00000|  0%| F|  |TAMS 0x0000000089900000, 0x0000000089900000| Untracked 
| 114|0x0000000089a00000, 0x0000000089a00000, 0x0000000089b00000|  0%| F|  |TAMS 0x0000000089a00000, 0x0000000089a00000| Untracked 
| 115|0x0000000089b00000, 0x0000000089b00000, 0x0000000089c00000|  0%| F|  |TAMS 0x0000000089b00000, 0x0000000089b00000| Untracked 
| 116|0x0000000089c00000, 0x0000000089c00000, 0x0000000089d00000|  0%| F|  |TAMS 0x0000000089c00000, 0x0000000089c00000| Untracked 
| 117|0x0000000089d00000, 0x0000000089d00000, 0x0000000089e00000|  0%| F|  |TAMS 0x0000000089d00000, 0x0000000089d00000| Untracked 
| 118|0x0000000089e00000, 0x0000000089e80800, 0x0000000089f00000| 50%| E|  |TAMS 0x0000000089e00000, 0x0000000089e00000| Complete 
| 119|0x0000000089f00000, 0x000000008a000000, 0x000000008a000000|100%| E|CS|TAMS 0x0000000089f00000, 0x0000000089f00000| Complete 
| 120|0x000000008a000000, 0x000000008a100000, 0x000000008a100000|100%| E|CS|TAMS 0x000000008a000000, 0x000000008a000000| Complete 
| 121|0x000000008a100000, 0x000000008a200000, 0x000000008a200000|100%| E|CS|TAMS 0x000000008a100000, 0x000000008a100000| Complete 
| 122|0x000000008a200000, 0x000000008a300000, 0x000000008a300000|100%| E|CS|TAMS 0x000000008a200000, 0x000000008a200000| Complete 
| 123|0x000000008a300000, 0x000000008a400000, 0x000000008a400000|100%| E|CS|TAMS 0x000000008a300000, 0x000000008a300000| Complete 
| 124|0x000000008a400000, 0x000000008a500000, 0x000000008a500000|100%| E|CS|TAMS 0x000000008a400000, 0x000000008a400000| Complete 
| 125|0x000000008a500000, 0x000000008a600000, 0x000000008a600000|100%| E|CS|TAMS 0x000000008a500000, 0x000000008a500000| Complete 

Card table byte_map: [0x0000018c6bd90000,0x0000018c6c180000] _byte_map_base: 0x0000018c6b97c000

Marking Bits (Prev, Next): (CMBitMap*) 0x0000018c52840120, (CMBitMap*) 0x0000018c52840160
 Prev Bits: [0x0000018c6c570000, 0x0000018c6e4d0000)
 Next Bits: [0x0000018c6e4d0000, 0x0000018c70430000)

Polling page: 0x0000018c528b0000

Metaspace:

Usage:
  Non-class:     11.79 MB used.
      Class:      1.43 MB used.
       Both:     13.22 MB used.

Virtual space:
  Non-class space:       64.00 MB reserved,      11.94 MB ( 19%) committed,  1 nodes.
      Class space:        1.00 GB reserved,       1.56 MB ( <1%) committed,  1 nodes.
             Both:        1.06 GB reserved,      13.50 MB (  1%) committed. 

Chunk freelists:
   Non-Class:  3.17 MB
       Class:  2.47 MB
        Both:  5.65 MB

MaxMetaspaceSize: unlimited
CompressedClassSpaceSize: 1.00 GB
Initial GC threshold: 21.00 MB
Current GC threshold: 21.00 MB
CDS: on
MetaspaceReclaimPolicy: balanced
 - commit_granule_bytes: 65536.
 - commit_granule_words: 8192.
 - virtual_space_node_default_size: 8388608.
 - enlarge_chunks_in_place: 1.
 - new_chunks_are_fully_committed: 0.
 - uncommit_free_chunks: 1.
 - use_allocation_guard: 0.


Internal statistics:

num_allocs_failed_limit: 0.
num_arena_births: 240.
num_arena_deaths: 0.
num_vsnodes_births: 2.
num_vsnodes_deaths: 0.
num_space_committed: 216.
num_space_uncommitted: 0.
num_chunks_returned_to_freelist: 0.
num_chunks_taken_from_freelist: 694.
num_chunk_merges: 0.
num_chunk_splits: 494.
num_chunks_enlarged: 372.
num_inconsistent_stats: 0.

CodeHeap 'non-profiled nmethods': size=120000Kb used=1791Kb max_used=1791Kb free=118208Kb
 bounds [0x0000018c63a00000, 0x0000018c63c70000, 0x0000018c6af30000]
CodeHeap 'profiled nmethods': size=120000Kb used=7129Kb max_used=7129Kb free=112870Kb
 bounds [0x0000018c5bf30000, 0x0000018c5c630000, 0x0000018c63460000]
CodeHeap 'non-nmethods': size=5760Kb used=1268Kb max_used=1339Kb free=4491Kb
 bounds [0x0000018c63460000, 0x0000018c636d0000, 0x0000018c63a00000]
 total_blobs=3980 nmethods=3504 adapters=386
 compilation: enabled
              stopped_count=0, restarted_count=0
 full_count=0

Compilation events (20 events):
Event: 237.927 Thread 0x0000018c72eee7c0 nmethod 3574 0x0000018c5c614990 code [0x0000018c5c614b80, 0x0000018c5c615228]
Event: 237.942 Thread 0x0000018c72ee9a10 3575       4       org.apache.maven.model.Plugin::getDependencies (23 bytes)
Event: 237.946 Thread 0x0000018c72ee9a10 nmethod 3575 0x0000018c63bbe710 code [0x0000018c63bbe8a0, 0x0000018c63bbea78]
Event: 239.518 Thread 0x0000018c72eee7c0 3576       3       java.io.Reader::<init> (52 bytes)
Event: 239.549 Thread 0x0000018c72eee7c0 nmethod 3576 0x0000018c5c615410 code [0x0000018c5c615640, 0x0000018c5c615f98]
Event: 239.974 Thread 0x0000018c72eee7c0 3577       3       org.apache.maven.model.Build::<init> (5 bytes)
Event: 239.974 Thread 0x0000018c72ee9a10 3578   !   4       java.nio.charset.CharsetDecoder::decode (275 bytes)
Event: 240.017 Thread 0x0000018c72eee7c0 nmethod 3577 0x0000018c5c616210 code [0x0000018c5c6163c0, 0x0000018c5c616638]
Event: 240.108 Thread 0x0000018c72ee9a10 nmethod 3578 0x0000018c63bbeb10 code [0x0000018c63bbed00, 0x0000018c63bbf070]
Event: 240.340 Thread 0x0000018c72ee9a10 3579 %     4       org.codehaus.plexus.util.xml.Xpp3DomBuilder::build @ 28 (413 bytes)
Event: 240.347 Thread 0x0000018c72eee7c0 3580   !   3       org.apache.maven.model.License::clone (73 bytes)
Event: 240.538 Thread 0x0000018c72eee7c0 nmethod 3580 0x0000018c5c616790 code [0x0000018c5c616a40, 0x0000018c5c617748]
Event: 240.591 Thread 0x0000018c72eee7c0 3582       3       java.io.BufferedInputStream::close (44 bytes)
Event: 240.592 Thread 0x0000018c72eee7c0 nmethod 3582 0x0000018c5c617c90 code [0x0000018c5c617e60, 0x0000018c5c618288]
Event: 240.674 Thread 0x0000018c72eee7c0 3583       3       org.apache.maven.model.interpolation.StringVisitorModelInterpolator$ModelVisitor::visit (156 bytes)
Event: 240.767 Thread 0x0000018c72eee7c0 nmethod 3583 0x0000018c5c618390 code [0x0000018c5c6187e0, 0x0000018c5c61aff8]
Event: 240.945 Thread 0x0000018c72eee7c0 3584       3       org.apache.maven.model.interpolation.StringVisitorModelInterpolator$ModelVisitor::visit (210 bytes)
Event: 240.958 Thread 0x0000018c72eee7c0 nmethod 3584 0x0000018c5c61b910 code [0x0000018c5c61bd20, 0x0000018c5c61e3e8]
Event: 241.031 Thread 0x0000018c72eee7c0 3585       1       org.eclipse.aether.DefaultRepositorySystemSession::isIgnoreArtifactDescriptorRepositories (5 bytes)
Event: 241.032 Thread 0x0000018c72eee7c0 nmethod 3585 0x0000018c63bbf590 code [0x0000018c63bbf720, 0x0000018c63bbf7f8]

GC Heap History (6 events):
Event: 2.286 GC heap before
{Heap before GC invocations=0 (full 0):
 garbage-first heap   total 129024K, used 22528K [0x0000000082800000, 0x0000000100000000)
  region size 1024K, 23 young (23552K), 0 survivors (0K)
 Metaspace       used 5017K, committed 5184K, reserved 1114112K
  class space    used 560K, committed 640K, reserved 1048576K
}
Event: 2.362 GC heap after
{Heap after GC invocations=1 (full 0):
 garbage-first heap   total 129024K, used 3740K [0x0000000082800000, 0x0000000100000000)
  region size 1024K, 3 young (3072K), 3 survivors (3072K)
 Metaspace       used 5017K, committed 5184K, reserved 1114112K
  class space    used 560K, committed 640K, reserved 1048576K
}
Event: 4.387 GC heap before
{Heap before GC invocations=1 (full 0):
 garbage-first heap   total 129024K, used 35484K [0x0000000082800000, 0x0000000100000000)
  region size 1024K, 34 young (34816K), 3 survivors (3072K)
 Metaspace       used 10394K, committed 10688K, reserved 1114112K
  class space    used 1222K, committed 1344K, reserved 1048576K
}
Event: 4.396 GC heap after
{Heap after GC invocations=2 (full 0):
 garbage-first heap   total 129024K, used 6055K [0x0000000082800000, 0x0000000100000000)
  region size 1024K, 3 young (3072K), 3 survivors (3072K)
 Metaspace       used 10394K, committed 10688K, reserved 1114112K
  class space    used 1222K, committed 1344K, reserved 1048576K
}
Event: 233.912 GC heap before
{Heap before GC invocations=2 (full 0):
 garbage-first heap   total 129024K, used 79783K [0x0000000082800000, 0x0000000100000000)
  region size 1024K, 75 young (76800K), 3 survivors (3072K)
 Metaspace       used 13440K, committed 13760K, reserved 1114112K
  class space    used 1465K, committed 1600K, reserved 1048576K
}
Event: 234.216 GC heap after
{Heap after GC invocations=3 (full 0):
 garbage-first heap   total 129024K, used 13213K [0x0000000082800000, 0x0000000100000000)
  region size 1024K, 10 young (10240K), 10 survivors (10240K)
 Metaspace       used 13440K, committed 13760K, reserved 1114112K
  class space    used 1465K, committed 1600K, reserved 1048576K
}

Dll operation events (8 events):
Event: 0.007 Loaded shared library C:\Program Files\Java\jdk-19\bin\java.dll
Event: 0.034 Loaded shared library C:\Program Files\Java\jdk-19\bin\jsvml.dll
Event: 0.159 Loaded shared library C:\Program Files\Java\jdk-19\bin\net.dll
Event: 0.172 Loaded shared library C:\Program Files\Java\jdk-19\bin\nio.dll
Event: 0.177 Loaded shared library C:\Program Files\Java\jdk-19\bin\zip.dll
Event: 0.470 Loaded shared library C:\Program Files\Java\jdk-19\bin\jimage.dll
Event: 0.554 Loaded shared library C:\Users\User\Desktop\NETBEAN\NetBeans-15\netbeans\java\maven\lib\jansi-native\Windows\x86_64\jansi.dll
Event: 0.567 Loaded shared library C:\Program Files\Java\jdk-19\bin\verify.dll

Deoptimization events (20 events):
Event: 231.453 Thread 0x0000018c527dff50 Uncommon trap: trap_request=0xffffffbe fr.pc=0x0000018c63b92be8 relative=0x00000000000010e8
Event: 231.453 Thread 0x0000018c527dff50 Uncommon trap: reason=profile_predicate action=maybe_recompile pc=0x0000018c63b92be8 method=java.util.concurrent.ConcurrentHashMap.putAll(Ljava/util/Map;)V @ 28 c2
Event: 231.453 Thread 0x0000018c527dff50 DEOPT PACKING pc=0x0000018c63b92be8 sp=0x0000001bccffcc30
Event: 231.454 Thread 0x0000018c527dff50 DEOPT UNPACKING pc=0x0000018c634c6da3 sp=0x0000001bccffcc00 mode 2
Event: 231.454 Thread 0x0000018c527dff50 Uncommon trap: trap_request=0xffffffbe fr.pc=0x0000018c63b92be8 relative=0x00000000000010e8
Event: 231.454 Thread 0x0000018c527dff50 Uncommon trap: reason=profile_predicate action=maybe_recompile pc=0x0000018c63b92be8 method=java.util.concurrent.ConcurrentHashMap.putAll(Ljava/util/Map;)V @ 28 c2
Event: 231.454 Thread 0x0000018c527dff50 DEOPT PACKING pc=0x0000018c63b92be8 sp=0x0000001bccffcc50
Event: 231.454 Thread 0x0000018c527dff50 DEOPT UNPACKING pc=0x0000018c634c6da3 sp=0x0000001bccffcc20 mode 2
Event: 234.883 Thread 0x0000018c527dff50 Uncommon trap: trap_request=0xffffff76 fr.pc=0x0000018c63b10160 relative=0x0000000000001d60
Event: 234.883 Thread 0x0000018c527dff50 Uncommon trap: reason=predicate action=maybe_recompile pc=0x0000018c63b10160 method=java.nio.charset.CharsetDecoder.decode(Ljava/nio/ByteBuffer;Ljava/nio/CharBuffer;Z)Ljava/nio/charset/CoderResult; @ 54 c2
Event: 234.884 Thread 0x0000018c527dff50 DEOPT PACKING pc=0x0000018c63b10160 sp=0x0000001bccffcae0
Event: 234.884 Thread 0x0000018c527dff50 DEOPT UNPACKING pc=0x0000018c634c6da3 sp=0x0000001bccffc9b0 mode 2
Event: 234.884 Thread 0x0000018c527dff50 Uncommon trap: trap_request=0xffffff76 fr.pc=0x0000018c63a534fc relative=0x00000000000002bc
Event: 234.884 Thread 0x0000018c527dff50 Uncommon trap: reason=predicate action=maybe_recompile pc=0x0000018c63a534fc method=java.nio.charset.CharsetDecoder.decode(Ljava/nio/ByteBuffer;Ljava/nio/CharBuffer;Z)Ljava/nio/charset/CoderResult; @ 54 c2
Event: 234.884 Thread 0x0000018c527dff50 DEOPT PACKING pc=0x0000018c63a534fc sp=0x0000001bccffc9e0
Event: 234.884 Thread 0x0000018c527dff50 DEOPT UNPACKING pc=0x0000018c634c6da3 sp=0x0000001bccffc9a0 mode 2
Event: 240.676 Thread 0x0000018c527dff50 Uncommon trap: trap_request=0xfffffff4 fr.pc=0x0000018c63baf768 relative=0x0000000000003c08
Event: 240.677 Thread 0x0000018c527dff50 Uncommon trap: reason=null_check action=make_not_entrant pc=0x0000018c63baf768 method=org.codehaus.plexus.interpolation.reflection.ReflectionValueExtractor.getClassMap(Ljava/lang/Class;)Lorg/codehaus/plexus/interpolation/reflection/ClassMap; @ 21 c2
Event: 240.677 Thread 0x0000018c527dff50 DEOPT PACKING pc=0x0000018c63baf768 sp=0x0000001bccffcd50
Event: 240.803 Thread 0x0000018c527dff50 DEOPT UNPACKING pc=0x0000018c634c6da3 sp=0x0000001bccffcce8 mode 2

Classes loaded (20 events):
Event: 4.821 Loading class sun/invoke/util/ValueConversions$1
Event: 4.821 Loading class sun/invoke/util/ValueConversions$1 done
Event: 4.822 Loading class java/lang/invoke/BoundMethodHandle$Species_LI
Event: 4.822 Loading class java/lang/invoke/BoundMethodHandle$Species_LI done
Event: 5.178 Loading class java/util/LinkedList$ListItr
Event: 5.178 Loading class java/util/LinkedList$ListItr done
Event: 187.073 Loading class java/io/InterruptedIOException
Event: 187.145 Loading class java/io/InterruptedIOException done
Event: 188.108 Loading class java/util/concurrent/locks/ReentrantReadWriteLock$NonfairSync
Event: 188.108 Loading class java/util/concurrent/locks/ReentrantReadWriteLock$Sync
Event: 188.108 Loading class java/util/concurrent/locks/ReentrantReadWriteLock$Sync done
Event: 188.108 Loading class java/util/concurrent/locks/ReentrantReadWriteLock$NonfairSync done
Event: 188.120 Loading class java/util/concurrent/locks/ReentrantReadWriteLock$Sync$ThreadLocalHoldCounter
Event: 188.120 Loading class java/util/concurrent/locks/ReentrantReadWriteLock$Sync$ThreadLocalHoldCounter done
Event: 188.121 Loading class java/util/concurrent/locks/ReentrantReadWriteLock$ReadLock
Event: 188.122 Loading class java/util/concurrent/locks/ReentrantReadWriteLock$ReadLock done
Event: 188.122 Loading class java/util/concurrent/locks/ReentrantReadWriteLock$WriteLock
Event: 188.122 Loading class java/util/concurrent/locks/ReentrantReadWriteLock$WriteLock done
Event: 234.879 Loading class sun/nio/cs/ISO_8859_1$Decoder
Event: 234.882 Loading class sun/nio/cs/ISO_8859_1$Decoder done

Classes unloaded (0 events):
No events

Classes redefined (0 events):
No events

Internal exceptions (20 events):
Event: 188.276 Thread 0x0000018c527dff50 Exception <a 'java/io/IOException'{0x0000000088fa3f78}> (0x0000000088fa3f78) 
thrown [s\open\src\hotspot\share\prims\jni.cpp, line 517]
Event: 188.276 Thread 0x0000018c527dff50 Exception <a 'java/io/IOException'{0x0000000088fa4540}> (0x0000000088fa4540) 
thrown [s\open\src\hotspot\share\prims\jni.cpp, line 517]
Event: 188.276 Thread 0x0000018c527dff50 Exception <a 'java/io/IOException'{0x0000000088fa4b08}> (0x0000000088fa4b08) 
thrown [s\open\src\hotspot\share\prims\jni.cpp, line 517]
Event: 188.276 Thread 0x0000018c527dff50 Exception <a 'java/io/IOException'{0x0000000088fa5118}> (0x0000000088fa5118) 
thrown [s\open\src\hotspot\share\prims\jni.cpp, line 517]
Event: 188.277 Thread 0x0000018c527dff50 Exception <a 'java/io/IOException'{0x0000000088fa5718}> (0x0000000088fa5718) 
thrown [s\open\src\hotspot\share\prims\jni.cpp, line 517]
Event: 188.277 Thread 0x0000018c527dff50 Exception <a 'java/io/IOException'{0x0000000088fa5ce0}> (0x0000000088fa5ce0) 
thrown [s\open\src\hotspot\share\prims\jni.cpp, line 517]
Event: 188.277 Thread 0x0000018c527dff50 Exception <a 'java/io/IOException'{0x0000000088fa5ff8}> (0x0000000088fa5ff8) 
thrown [s\open\src\hotspot\share\prims\jni.cpp, line 517]
Event: 188.277 Thread 0x0000018c527dff50 Exception <a 'java/io/IOException'{0x0000000088fa6f88}> (0x0000000088fa6f88) 
thrown [s\open\src\hotspot\share\prims\jni.cpp, line 517]
Event: 188.277 Thread 0x0000018c527dff50 Exception <a 'java/io/IOException'{0x0000000088fa7588}> (0x0000000088fa7588) 
thrown [s\open\src\hotspot\share\prims\jni.cpp, line 517]
Event: 188.277 Thread 0x0000018c527dff50 Exception <a 'java/io/IOException'{0x0000000088fa7b50}> (0x0000000088fa7b50) 
thrown [s\open\src\hotspot\share\prims\jni.cpp, line 517]
Event: 188.277 Thread 0x0000018c527dff50 Exception <a 'java/io/IOException'{0x0000000088fa7e68}> (0x0000000088fa7e68) 
thrown [s\open\src\hotspot\share\prims\jni.cpp, line 517]
Event: 188.278 Thread 0x0000018c527dff50 Exception <a 'java/io/IOException'{0x0000000088fa8890}> (0x0000000088fa8890) 
thrown [s\open\src\hotspot\share\prims\jni.cpp, line 517]
Event: 188.278 Thread 0x0000018c527dff50 Exception <a 'java/io/IOException'{0x0000000088fa8e90}> (0x0000000088fa8e90) 
thrown [s\open\src\hotspot\share\prims\jni.cpp, line 517]
Event: 188.278 Thread 0x0000018c527dff50 Exception <a 'java/io/IOException'{0x0000000088fa9458}> (0x0000000088fa9458) 
thrown [s\open\src\hotspot\share\prims\jni.cpp, line 517]
Event: 188.278 Thread 0x0000018c527dff50 Exception <a 'java/io/IOException'{0x0000000088fa9770}> (0x0000000088fa9770) 
thrown [s\open\src\hotspot\share\prims\jni.cpp, line 517]
Event: 188.278 Thread 0x0000018c527dff50 Exception <a 'java/io/IOException'{0x0000000088faa3f0}> (0x0000000088faa3f0) 
thrown [s\open\src\hotspot\share\prims\jni.cpp, line 517]
Event: 188.278 Thread 0x0000018c527dff50 Exception <a 'java/io/IOException'{0x0000000088faa9f0}> (0x0000000088faa9f0) 
thrown [s\open\src\hotspot\share\prims\jni.cpp, line 517]
Event: 188.278 Thread 0x0000018c527dff50 Exception <a 'java/io/IOException'{0x0000000088faafb8}> (0x0000000088faafb8) 
thrown [s\open\src\hotspot\share\prims\jni.cpp, line 517]
Event: 188.278 Thread 0x0000018c527dff50 Exception <a 'java/io/IOException'{0x0000000088fab2d0}> (0x0000000088fab2d0) 
thrown [s\open\src\hotspot\share\prims\jni.cpp, line 517]
Event: 240.676 Thread 0x0000018c527dff50 Implicit null exception at 0x0000018c63babd00 to 0x0000018c63baf750

VM Operations (20 events):
Event: 226.297 Executing VM operation: Cleanup
Event: 226.449 Executing VM operation: Cleanup done
Event: 226.878 Executing VM operation: HandshakeAllThreads
Event: 227.220 Executing VM operation: HandshakeAllThreads done
Event: 228.283 Executing VM operation: Cleanup
Event: 228.827 Executing VM operation: Cleanup done
Event: 229.846 Executing VM operation: Cleanup
Event: 229.879 Executing VM operation: Cleanup done
Event: 230.889 Executing VM operation: Cleanup
Event: 230.905 Executing VM operation: Cleanup done
Event: 231.953 Executing VM operation: Cleanup
Event: 231.999 Executing VM operation: Cleanup done
Event: 233.007 Executing VM operation: Cleanup
Event: 233.061 Executing VM operation: Cleanup done
Event: 233.781 Executing VM operation: G1CollectForAllocation
Event: 234.235 Executing VM operation: G1CollectForAllocation done
Event: 235.259 Executing VM operation: Cleanup
Event: 235.280 Executing VM operation: Cleanup done
Event: 236.286 Executing VM operation: Cleanup
Event: 236.388 Executing VM operation: Cleanup done

Events (12 events):
Event: 0.034 Thread 0x0000018c527dff50 Thread added: 0x0000018c527dff50
Event: 0.060 Thread 0x0000018c72ee5c80 Thread added: 0x0000018c72ee5c80
Event: 0.061 Thread 0x0000018c72ee6750 Thread added: 0x0000018c72ee6750
Event: 0.061 Thread 0x0000018c72ee7220 Thread added: 0x0000018c72ee7220
Event: 0.062 Thread 0x0000018c72ee7b50 Thread added: 0x0000018c72ee7b50
Event: 0.062 Thread 0x0000018c72ee8480 Thread added: 0x0000018c72ee8480
Event: 0.062 Thread 0x0000018c72ee8db0 Thread added: 0x0000018c72ee8db0
Event: 0.062 Thread 0x0000018c72ee9a10 Thread added: 0x0000018c72ee9a10
Event: 0.062 Thread 0x0000018c72eee7c0 Thread added: 0x0000018c72eee7c0
Event: 0.062 Thread 0x0000018c72ef2580 Thread added: 0x0000018c72ef2580
Event: 0.081 Thread 0x0000018c771de670 Thread added: 0x0000018c771de670
Event: 0.085 Thread 0x0000018c771e1020 Thread added: 0x0000018c771e1020


Dynamic libraries:
0x00007ff75d2a0000 - 0x00007ff75d2b0000 	C:\Program Files\Java\jdk-19\bin\java.exe
0x00007ffd17dc0000 - 0x00007ffd17fc9000 	C:\WINDOWS\SYSTEM32\ntdll.dll
0x00007ffd16ad0000 - 0x00007ffd16b8e000 	C:\WINDOWS\System32\KERNEL32.DLL
0x00007ffd15870000 - 0x00007ffd15bf4000 	C:\WINDOWS\System32\KERNELBASE.dll
0x00007ffd15270000 - 0x00007ffd15381000 	C:\WINDOWS\System32\ucrtbase.dll
0x00007ffcfb4c0000 - 0x00007ffcfb4d8000 	C:\Program Files\Java\jdk-19\bin\jli.dll
0x00007ffd177a0000 - 0x00007ffd1784f000 	C:\WINDOWS\System32\ADVAPI32.dll
0x00007ffd176d0000 - 0x00007ffd17773000 	C:\WINDOWS\System32\msvcrt.dll
0x00007ffd17630000 - 0x00007ffd176ce000 	C:\WINDOWS\System32\sechost.dll
0x00007ffd16910000 - 0x00007ffd16a31000 	C:\WINDOWS\System32\RPCRT4.dll
0x00007ffd15cd0000 - 0x00007ffd15e7d000 	C:\WINDOWS\System32\USER32.dll
0x00007ffd15c00000 - 0x00007ffd15c26000 	C:\WINDOWS\System32\win32u.dll
0x00007ffd16c70000 - 0x00007ffd16c9a000 	C:\WINDOWS\System32\GDI32.dll
0x00007ffd15540000 - 0x00007ffd1565f000 	C:\WINDOWS\System32\gdi32full.dll
0x00007ffd15660000 - 0x00007ffd156fd000 	C:\WINDOWS\System32\msvcp_win.dll
0x00007ffd12330000 - 0x00007ffd1234b000 	C:\Program Files\Java\jdk-19\bin\VCRUNTIME140.dll
0x00007ffcff340000 - 0x00007ffcff5e5000 	C:\WINDOWS\WinSxS\amd64_microsoft.windows.common-controls_6595b64144ccf1df_6.0.22000.120_none_9d947278b86cc467\COMCTL32.dll
0x00007ffd0f3f0000 - 0x00007ffd0f3fa000 	C:\WINDOWS\SYSTEM32\VERSION.dll
0x00007ffd15c90000 - 0x00007ffd15cc1000 	C:\WINDOWS\System32\IMM32.DLL
0x00007ffd12380000 - 0x00007ffd1238c000 	C:\Program Files\Java\jdk-19\bin\vcruntime140_1.dll
0x00007ffcea700000 - 0x00007ffcea78e000 	C:\Program Files\Java\jdk-19\bin\msvcp140.dll
0x00007ffcaf740000 - 0x00007ffcb0400000 	C:\Program Files\Java\jdk-19\bin\server\jvm.dll
0x00007ffce9940000 - 0x00007ffce9949000 	C:\WINDOWS\SYSTEM32\WSOCK32.dll
0x00007ffd15e80000 - 0x00007ffd15eef000 	C:\WINDOWS\System32\WS2_32.dll
0x00007ffd0f410000 - 0x00007ffd0f443000 	C:\WINDOWS\SYSTEM32\WINMM.dll
0x00007ffd143e0000 - 0x00007ffd143f8000 	C:\WINDOWS\SYSTEM32\kernel.appcore.dll
0x00007ffd11b30000 - 0x00007ffd11b3a000 	C:\Program Files\Java\jdk-19\bin\jimage.dll
0x00007ffd12ed0000 - 0x00007ffd130f1000 	C:\WINDOWS\SYSTEM32\DBGHELP.DLL
0x00007ffcfca70000 - 0x00007ffcfcaa1000 	C:\WINDOWS\SYSTEM32\dbgcore.DLL
0x00007ffd15450000 - 0x00007ffd154cf000 	C:\WINDOWS\System32\bcryptPrimitives.dll
0x00007ffd11ab0000 - 0x00007ffd11ad6000 	C:\Program Files\Java\jdk-19\bin\java.dll
0x00007ffce79d0000 - 0x00007ffce7aa7000 	C:\Program Files\Java\jdk-19\bin\jsvml.dll
0x00007ffd16ca0000 - 0x00007ffd17465000 	C:\WINDOWS\System32\SHELL32.dll
0x00007ffd13360000 - 0x00007ffd13bc4000 	C:\WINDOWS\SYSTEM32\windows.storage.dll
0x00007ffd16520000 - 0x00007ffd16896000 	C:\WINDOWS\System32\combase.dll
0x00007ffd131f0000 - 0x00007ffd13357000 	C:\WINDOWS\SYSTEM32\wintypes.dll
0x00007ffd174d0000 - 0x00007ffd175ba000 	C:\WINDOWS\System32\SHCORE.dll
0x00007ffd15c30000 - 0x00007ffd15c8d000 	C:\WINDOWS\System32\shlwapi.dll
0x00007ffd151a0000 - 0x00007ffd151c1000 	C:\WINDOWS\SYSTEM32\profapi.dll
0x00007ffd04080000 - 0x00007ffd04093000 	C:\Program Files\Java\jdk-19\bin\net.dll
0x00007ffd0edc0000 - 0x00007ffd0eed3000 	C:\WINDOWS\SYSTEM32\WINHTTP.dll
0x00007ffd14880000 - 0x00007ffd148e7000 	C:\WINDOWS\system32\mswsock.dll
0x00007ffcfd5f0000 - 0x00007ffcfd606000 	C:\Program Files\Java\jdk-19\bin\nio.dll
0x00007ffcfd5d0000 - 0x00007ffcfd5e8000 	C:\Program Files\Java\jdk-19\bin\zip.dll
0x0000000069ac0000 - 0x0000000069ae4000 	C:\Users\User\Desktop\NETBEAN\NetBeans-15\netbeans\java\maven\lib\jansi-native\Windows\x86_64\jansi.dll
0x00007ffd10620000 - 0x00007ffd10630000 	C:\Program Files\Java\jdk-19\bin\verify.dll

dbghelp: loaded successfully - version: 4.0.5 - missing functions: none
symbol engine: initialized successfully - sym options: 0x614 - pdb path: .;C:\Program Files\Java\jdk-19\bin;C:\WINDOWS\SYSTEM32;C:\WINDOWS\WinSxS\amd64_microsoft.windows.common-controls_6595b64144ccf1df_6.0.22000.120_none_9d947278b86cc467;C:\Program Files\Java\jdk-19\bin\server;C:\Users\User\Desktop\NETBEAN\NetBeans-15\netbeans\java\maven\lib\jansi-native\Windows\x86_64

VM Arguments:
jvm_args: -Dclassworlds.conf=C:\Users\User\Desktop\NETBEAN\NetBeans-15\netbeans\java\maven\bin\m2.conf -Dmaven.home=C:\Users\User\Desktop\NETBEAN\NetBeans-15\netbeans\java\maven -Dlibrary.jansi.path=C:\Users\User\Desktop\NETBEAN\NetBeans-15\netbeans\java\maven\lib\jansi-native -Dmaven.multiModuleProjectDirectory=C:\Users\User\Desktop\NETBEAN\WallStreetWarriors 
java_command: org.codehaus.plexus.classworlds.launcher.Launcher -Dmaven.ext.class.path=C:\Users\User\Desktop\NETBEAN\NetBeans-15\netbeans\java\maven-nblib\netbeans-eventspy.jar install
java_class_path (initial): C:\Users\User\Desktop\NETBEAN\NetBeans-15\netbeans\java\maven\boot\plexus-classworlds-2.6.0.jar
Launcher Type: SUN_STANDARD

[Global flags]
     intx CICompilerCount                          = 4                                         {product} {ergonomic}
     uint ConcGCThreads                            = 2                                         {product} {ergonomic}
     uint G1ConcRefinementThreads                  = 8                                         {product} {ergonomic}
   size_t G1HeapRegionSize                         = 1048576                                   {product} {ergonomic}
    uintx GCDrainStackTargetSize                   = 64                                        {product} {ergonomic}
   size_t InitialHeapSize                          = 132120576                                 {product} {ergonomic}
   size_t MarkStackSize                            = 4194304                                   {product} {ergonomic}
   size_t MaxHeapSize                              = 2105540608                                {product} {ergonomic}
   size_t MaxNewSize                               = 1262485504                                {product} {ergonomic}
   size_t MinHeapDeltaBytes                        = 1048576                                   {product} {ergonomic}
   size_t MinHeapSize                              = 8388608                                   {product} {ergonomic}
    uintx NonNMethodCodeHeapSize                   = 5839372                                {pd product} {ergonomic}
    uintx NonProfiledCodeHeapSize                  = 122909434                              {pd product} {ergonomic}
    uintx ProfiledCodeHeapSize                     = 122909434                              {pd product} {ergonomic}
    uintx ReservedCodeCacheSize                    = 251658240                              {pd product} {ergonomic}
     bool SegmentedCodeCache                       = true                                      {product} {ergonomic}
   size_t SoftMaxHeapSize                          = 2105540608                             {manageable} {ergonomic}
     bool UseCompressedClassPointers               = true                           {product lp64_product} {ergonomic}
     bool UseCompressedOops                        = true                           {product lp64_product} {ergonomic}
     bool UseG1GC                                  = true                                      {product} {ergonomic}
     bool UseLargePagesIndividualAllocation        = false                                  {pd product} {ergonomic}

Logging:
Log output configuration:
 #0: stdout all=warning uptime,level,tags foldmultilines=false
 #1: stderr all=off uptime,level,tags foldmultilines=false

Environment Variables:
JAVA_HOME=C:\Program Files\Java\jdk-19
PATH=C:\Program Files\Common Files\Oracle\Java\javapath;C:\Windows\system32;C:\Windows;C:\Windows\System32\Wbem;C:\Windows\System32\WindowsPowerShell\v1.0\;C:\Windows\System32\OpenSSH\;C:\Program Files (x86)\NVIDIA Corporation\PhysX\Common;C:\Program Files\NVIDIA Corporation\NVIDIA NvDLISR;C:\WINDOWS\system32;C:\WINDOWS;C:\WINDOWS\System32\Wbem;C:\WINDOWS\System32\WindowsPowerShell\v1.0\;C:\WINDOWS\System32\OpenSSH\;C:\Program Files\Java\jdk-19\bin;C:\Program Files\Microsoft SQL Server\130\Tools\Binn\;C:\Program Files\nodejs\;C:\Program Files\Git\cmd;C:\Users\User\AppData\Local\Programs\Python\Python311\Scripts\;C:\Users\User\AppData\Local\Programs\Python\Python311\;C:\Users\User\AppData\Local\Microsoft\WindowsApps;C:\Users\User\Desktop\Useful tools\Microsoft VS Code\bin;C:\Users\User\AppData\Local\GitHubDesktop\bin;C:\Users\User\AppData\Roaming\npm;C:\Program Files\Graphviz\bin
USERNAME=User
OS=Windows_NT
PROCESSOR_IDENTIFIER=Intel64 Family 6 Model 165 Stepping 2, GenuineIntel
TMP=C:\Users\User\AppData\Local\Temp
TEMP=C:\Users\User\AppData\Local\Temp



---------------  S Y S T E M  ---------------

OS:
 Windows 11 , 64 bit Build 22000 (10.0.22000.1880)
OS uptime: 3 days 20:46 hours

CPU: total 8 (initial active 8) (4 cores per cpu, 2 threads per core) family 6 model 165 stepping 2 microcode 0xe0, cx8, cmov, fxsr, ht, mmx, 3dnowpref, sse, sse2, sse3, ssse3, sse4.1, sse4.2, popcnt, lzcnt, tsc, tscinvbit, avx, avx2, aes, erms, clmul, bmi1, bmi2, adx, fma, vzeroupper, clflush, clflushopt, rdtscp

Memory: 4k page, system-wide physical 8029M (35M free)
TotalPageFile size 32605M (AvailPageFile size 0M)
current process WorkingSet (physical memory assigned to process): 13M, peak: 105M
current process commit charge ("private bytes"): 246M, peak: 255M

vm_info: Java HotSpot(TM) 64-Bit Server VM (19+36-2238) for windows-amd64 JRE (19+36-2238), built on 2022-08-12T20:29:01Z by "mach5one" with MS VC++ 17.1 (VS2022)

END.
